[2024-08-08T20:18:51.932+0400] {processor.py:157} INFO - Started process (PID=6838) to work on /home/eduardo/airflow_venv/lib/python3.10/site-packages/airflow/example_dags/plugins/event_listener.py
[2024-08-08T20:18:51.933+0400] {processor.py:829} INFO - Processing file /home/eduardo/airflow_venv/lib/python3.10/site-packages/airflow/example_dags/plugins/event_listener.py for tasks to queue
[2024-08-08T20:18:51.934+0400] {logging_mixin.py:151} INFO - [2024-08-08T20:18:51.933+0400] {dagbag.py:539} INFO - Filling up the DagBag from /home/eduardo/airflow_venv/lib/python3.10/site-packages/airflow/example_dags/plugins/event_listener.py
[2024-08-08T20:18:51.935+0400] {processor.py:841} WARNING - No viable dags retrieved from /home/eduardo/airflow_venv/lib/python3.10/site-packages/airflow/example_dags/plugins/event_listener.py
[2024-08-08T20:18:51.944+0400] {processor.py:179} INFO - Processing /home/eduardo/airflow_venv/lib/python3.10/site-packages/airflow/example_dags/plugins/event_listener.py took 0.014 seconds
[2024-08-08T20:19:39.942+0400] {processor.py:157} INFO - Started process (PID=6884) to work on /home/eduardo/airflow_venv/lib/python3.10/site-packages/airflow/example_dags/plugins/event_listener.py
[2024-08-08T20:19:39.944+0400] {processor.py:829} INFO - Processing file /home/eduardo/airflow_venv/lib/python3.10/site-packages/airflow/example_dags/plugins/event_listener.py for tasks to queue
[2024-08-08T20:19:39.945+0400] {logging_mixin.py:151} INFO - [2024-08-08T20:19:39.944+0400] {dagbag.py:539} INFO - Filling up the DagBag from /home/eduardo/airflow_venv/lib/python3.10/site-packages/airflow/example_dags/plugins/event_listener.py
[2024-08-08T20:19:39.946+0400] {processor.py:841} WARNING - No viable dags retrieved from /home/eduardo/airflow_venv/lib/python3.10/site-packages/airflow/example_dags/plugins/event_listener.py
[2024-08-08T20:19:39.955+0400] {processor.py:179} INFO - Processing /home/eduardo/airflow_venv/lib/python3.10/site-packages/airflow/example_dags/plugins/event_listener.py took 0.014 seconds
[2024-08-08T20:20:21.127+0400] {processor.py:157} INFO - Started process (PID=6932) to work on /home/eduardo/airflow_venv/lib/python3.10/site-packages/airflow/example_dags/plugins/event_listener.py
[2024-08-08T20:20:21.129+0400] {processor.py:829} INFO - Processing file /home/eduardo/airflow_venv/lib/python3.10/site-packages/airflow/example_dags/plugins/event_listener.py for tasks to queue
[2024-08-08T20:20:21.129+0400] {logging_mixin.py:151} INFO - [2024-08-08T20:20:21.129+0400] {dagbag.py:539} INFO - Filling up the DagBag from /home/eduardo/airflow_venv/lib/python3.10/site-packages/airflow/example_dags/plugins/event_listener.py
[2024-08-08T20:20:21.131+0400] {processor.py:841} WARNING - No viable dags retrieved from /home/eduardo/airflow_venv/lib/python3.10/site-packages/airflow/example_dags/plugins/event_listener.py
[2024-08-08T20:20:21.139+0400] {processor.py:179} INFO - Processing /home/eduardo/airflow_venv/lib/python3.10/site-packages/airflow/example_dags/plugins/event_listener.py took 0.014 seconds
[2024-08-08T20:21:06.334+0400] {processor.py:157} INFO - Started process (PID=6978) to work on /home/eduardo/airflow_venv/lib/python3.10/site-packages/airflow/example_dags/plugins/event_listener.py
[2024-08-08T20:21:06.335+0400] {processor.py:829} INFO - Processing file /home/eduardo/airflow_venv/lib/python3.10/site-packages/airflow/example_dags/plugins/event_listener.py for tasks to queue
[2024-08-08T20:21:06.336+0400] {logging_mixin.py:151} INFO - [2024-08-08T20:21:06.336+0400] {dagbag.py:539} INFO - Filling up the DagBag from /home/eduardo/airflow_venv/lib/python3.10/site-packages/airflow/example_dags/plugins/event_listener.py
[2024-08-08T20:21:06.338+0400] {processor.py:841} WARNING - No viable dags retrieved from /home/eduardo/airflow_venv/lib/python3.10/site-packages/airflow/example_dags/plugins/event_listener.py
[2024-08-08T20:21:06.345+0400] {processor.py:179} INFO - Processing /home/eduardo/airflow_venv/lib/python3.10/site-packages/airflow/example_dags/plugins/event_listener.py took 0.013 seconds
[2024-08-08T20:21:57.833+0400] {processor.py:157} INFO - Started process (PID=7032) to work on /home/eduardo/airflow_venv/lib/python3.10/site-packages/airflow/example_dags/plugins/event_listener.py
[2024-08-08T20:21:57.834+0400] {processor.py:829} INFO - Processing file /home/eduardo/airflow_venv/lib/python3.10/site-packages/airflow/example_dags/plugins/event_listener.py for tasks to queue
[2024-08-08T20:21:57.835+0400] {logging_mixin.py:151} INFO - [2024-08-08T20:21:57.835+0400] {dagbag.py:539} INFO - Filling up the DagBag from /home/eduardo/airflow_venv/lib/python3.10/site-packages/airflow/example_dags/plugins/event_listener.py
[2024-08-08T20:21:57.837+0400] {processor.py:841} WARNING - No viable dags retrieved from /home/eduardo/airflow_venv/lib/python3.10/site-packages/airflow/example_dags/plugins/event_listener.py
[2024-08-08T20:21:57.843+0400] {processor.py:179} INFO - Processing /home/eduardo/airflow_venv/lib/python3.10/site-packages/airflow/example_dags/plugins/event_listener.py took 0.012 seconds
[2024-08-08T20:22:43.976+0400] {processor.py:157} INFO - Started process (PID=7081) to work on /home/eduardo/airflow_venv/lib/python3.10/site-packages/airflow/example_dags/plugins/event_listener.py
[2024-08-08T20:22:43.977+0400] {processor.py:829} INFO - Processing file /home/eduardo/airflow_venv/lib/python3.10/site-packages/airflow/example_dags/plugins/event_listener.py for tasks to queue
[2024-08-08T20:22:43.977+0400] {logging_mixin.py:151} INFO - [2024-08-08T20:22:43.977+0400] {dagbag.py:539} INFO - Filling up the DagBag from /home/eduardo/airflow_venv/lib/python3.10/site-packages/airflow/example_dags/plugins/event_listener.py
[2024-08-08T20:22:43.979+0400] {processor.py:841} WARNING - No viable dags retrieved from /home/eduardo/airflow_venv/lib/python3.10/site-packages/airflow/example_dags/plugins/event_listener.py
[2024-08-08T20:22:43.985+0400] {processor.py:179} INFO - Processing /home/eduardo/airflow_venv/lib/python3.10/site-packages/airflow/example_dags/plugins/event_listener.py took 0.012 seconds
[2024-08-08T20:23:29.691+0400] {processor.py:157} INFO - Started process (PID=7149) to work on /home/eduardo/airflow_venv/lib/python3.10/site-packages/airflow/example_dags/plugins/event_listener.py
[2024-08-08T20:23:29.693+0400] {processor.py:829} INFO - Processing file /home/eduardo/airflow_venv/lib/python3.10/site-packages/airflow/example_dags/plugins/event_listener.py for tasks to queue
[2024-08-08T20:23:29.694+0400] {logging_mixin.py:151} INFO - [2024-08-08T20:23:29.694+0400] {dagbag.py:539} INFO - Filling up the DagBag from /home/eduardo/airflow_venv/lib/python3.10/site-packages/airflow/example_dags/plugins/event_listener.py
[2024-08-08T20:23:29.695+0400] {processor.py:841} WARNING - No viable dags retrieved from /home/eduardo/airflow_venv/lib/python3.10/site-packages/airflow/example_dags/plugins/event_listener.py
[2024-08-08T20:23:29.704+0400] {processor.py:179} INFO - Processing /home/eduardo/airflow_venv/lib/python3.10/site-packages/airflow/example_dags/plugins/event_listener.py took 0.015 seconds
[2024-08-08T20:24:14.913+0400] {processor.py:157} INFO - Started process (PID=7195) to work on /home/eduardo/airflow_venv/lib/python3.10/site-packages/airflow/example_dags/plugins/event_listener.py
[2024-08-08T20:24:14.914+0400] {processor.py:829} INFO - Processing file /home/eduardo/airflow_venv/lib/python3.10/site-packages/airflow/example_dags/plugins/event_listener.py for tasks to queue
[2024-08-08T20:24:14.915+0400] {logging_mixin.py:151} INFO - [2024-08-08T20:24:14.915+0400] {dagbag.py:539} INFO - Filling up the DagBag from /home/eduardo/airflow_venv/lib/python3.10/site-packages/airflow/example_dags/plugins/event_listener.py
[2024-08-08T20:24:14.917+0400] {processor.py:841} WARNING - No viable dags retrieved from /home/eduardo/airflow_venv/lib/python3.10/site-packages/airflow/example_dags/plugins/event_listener.py
[2024-08-08T20:24:14.924+0400] {processor.py:179} INFO - Processing /home/eduardo/airflow_venv/lib/python3.10/site-packages/airflow/example_dags/plugins/event_listener.py took 0.014 seconds
[2024-08-08T20:25:00.861+0400] {processor.py:157} INFO - Started process (PID=7251) to work on /home/eduardo/airflow_venv/lib/python3.10/site-packages/airflow/example_dags/plugins/event_listener.py
[2024-08-08T20:25:00.862+0400] {processor.py:829} INFO - Processing file /home/eduardo/airflow_venv/lib/python3.10/site-packages/airflow/example_dags/plugins/event_listener.py for tasks to queue
[2024-08-08T20:25:00.863+0400] {logging_mixin.py:151} INFO - [2024-08-08T20:25:00.862+0400] {dagbag.py:539} INFO - Filling up the DagBag from /home/eduardo/airflow_venv/lib/python3.10/site-packages/airflow/example_dags/plugins/event_listener.py
[2024-08-08T20:25:00.864+0400] {processor.py:841} WARNING - No viable dags retrieved from /home/eduardo/airflow_venv/lib/python3.10/site-packages/airflow/example_dags/plugins/event_listener.py
[2024-08-08T20:25:00.873+0400] {processor.py:179} INFO - Processing /home/eduardo/airflow_venv/lib/python3.10/site-packages/airflow/example_dags/plugins/event_listener.py took 0.015 seconds
[2024-08-08T20:25:47.553+0400] {processor.py:157} INFO - Started process (PID=7299) to work on /home/eduardo/airflow_venv/lib/python3.10/site-packages/airflow/example_dags/plugins/event_listener.py
[2024-08-08T20:25:47.554+0400] {processor.py:829} INFO - Processing file /home/eduardo/airflow_venv/lib/python3.10/site-packages/airflow/example_dags/plugins/event_listener.py for tasks to queue
[2024-08-08T20:25:47.555+0400] {logging_mixin.py:151} INFO - [2024-08-08T20:25:47.554+0400] {dagbag.py:539} INFO - Filling up the DagBag from /home/eduardo/airflow_venv/lib/python3.10/site-packages/airflow/example_dags/plugins/event_listener.py
[2024-08-08T20:25:47.556+0400] {processor.py:841} WARNING - No viable dags retrieved from /home/eduardo/airflow_venv/lib/python3.10/site-packages/airflow/example_dags/plugins/event_listener.py
[2024-08-08T20:25:47.564+0400] {processor.py:179} INFO - Processing /home/eduardo/airflow_venv/lib/python3.10/site-packages/airflow/example_dags/plugins/event_listener.py took 0.013 seconds
[2024-08-08T22:10:04.705+0400] {processor.py:157} INFO - Started process (PID=9806) to work on /home/eduardo/airflow_venv/lib/python3.10/site-packages/airflow/example_dags/plugins/event_listener.py
[2024-08-08T22:10:04.708+0400] {processor.py:829} INFO - Processing file /home/eduardo/airflow_venv/lib/python3.10/site-packages/airflow/example_dags/plugins/event_listener.py for tasks to queue
[2024-08-08T22:10:04.709+0400] {logging_mixin.py:151} INFO - [2024-08-08T22:10:04.709+0400] {dagbag.py:539} INFO - Filling up the DagBag from /home/eduardo/airflow_venv/lib/python3.10/site-packages/airflow/example_dags/plugins/event_listener.py
[2024-08-08T22:10:04.712+0400] {processor.py:841} WARNING - No viable dags retrieved from /home/eduardo/airflow_venv/lib/python3.10/site-packages/airflow/example_dags/plugins/event_listener.py
[2024-08-08T22:10:04.721+0400] {processor.py:179} INFO - Processing /home/eduardo/airflow_venv/lib/python3.10/site-packages/airflow/example_dags/plugins/event_listener.py took 0.018 seconds
[2024-08-08T22:10:55.549+0400] {processor.py:157} INFO - Started process (PID=10284) to work on /home/eduardo/airflow_venv/lib/python3.10/site-packages/airflow/example_dags/plugins/event_listener.py
[2024-08-08T22:10:55.552+0400] {processor.py:829} INFO - Processing file /home/eduardo/airflow_venv/lib/python3.10/site-packages/airflow/example_dags/plugins/event_listener.py for tasks to queue
[2024-08-08T22:10:55.554+0400] {logging_mixin.py:151} INFO - [2024-08-08T22:10:55.553+0400] {dagbag.py:539} INFO - Filling up the DagBag from /home/eduardo/airflow_venv/lib/python3.10/site-packages/airflow/example_dags/plugins/event_listener.py
[2024-08-08T22:10:55.557+0400] {processor.py:841} WARNING - No viable dags retrieved from /home/eduardo/airflow_venv/lib/python3.10/site-packages/airflow/example_dags/plugins/event_listener.py
[2024-08-08T22:10:55.571+0400] {processor.py:179} INFO - Processing /home/eduardo/airflow_venv/lib/python3.10/site-packages/airflow/example_dags/plugins/event_listener.py took 0.028 seconds
[2024-08-08T22:11:42.905+0400] {processor.py:157} INFO - Started process (PID=10803) to work on /home/eduardo/airflow_venv/lib/python3.10/site-packages/airflow/example_dags/plugins/event_listener.py
[2024-08-08T22:11:42.908+0400] {processor.py:829} INFO - Processing file /home/eduardo/airflow_venv/lib/python3.10/site-packages/airflow/example_dags/plugins/event_listener.py for tasks to queue
[2024-08-08T22:11:42.909+0400] {logging_mixin.py:151} INFO - [2024-08-08T22:11:42.908+0400] {dagbag.py:539} INFO - Filling up the DagBag from /home/eduardo/airflow_venv/lib/python3.10/site-packages/airflow/example_dags/plugins/event_listener.py
[2024-08-08T22:11:42.910+0400] {processor.py:841} WARNING - No viable dags retrieved from /home/eduardo/airflow_venv/lib/python3.10/site-packages/airflow/example_dags/plugins/event_listener.py
[2024-08-08T22:11:42.920+0400] {processor.py:179} INFO - Processing /home/eduardo/airflow_venv/lib/python3.10/site-packages/airflow/example_dags/plugins/event_listener.py took 0.017 seconds
[2024-08-08T22:12:31.452+0400] {processor.py:157} INFO - Started process (PID=11184) to work on /home/eduardo/airflow_venv/lib/python3.10/site-packages/airflow/example_dags/plugins/event_listener.py
[2024-08-08T22:12:31.455+0400] {processor.py:829} INFO - Processing file /home/eduardo/airflow_venv/lib/python3.10/site-packages/airflow/example_dags/plugins/event_listener.py for tasks to queue
[2024-08-08T22:12:31.456+0400] {logging_mixin.py:151} INFO - [2024-08-08T22:12:31.456+0400] {dagbag.py:539} INFO - Filling up the DagBag from /home/eduardo/airflow_venv/lib/python3.10/site-packages/airflow/example_dags/plugins/event_listener.py
[2024-08-08T22:12:31.458+0400] {processor.py:841} WARNING - No viable dags retrieved from /home/eduardo/airflow_venv/lib/python3.10/site-packages/airflow/example_dags/plugins/event_listener.py
[2024-08-08T22:12:31.467+0400] {processor.py:179} INFO - Processing /home/eduardo/airflow_venv/lib/python3.10/site-packages/airflow/example_dags/plugins/event_listener.py took 0.017 seconds
[2024-08-08T22:13:20.170+0400] {processor.py:157} INFO - Started process (PID=11559) to work on /home/eduardo/airflow_venv/lib/python3.10/site-packages/airflow/example_dags/plugins/event_listener.py
[2024-08-08T22:13:20.173+0400] {processor.py:829} INFO - Processing file /home/eduardo/airflow_venv/lib/python3.10/site-packages/airflow/example_dags/plugins/event_listener.py for tasks to queue
[2024-08-08T22:13:20.174+0400] {logging_mixin.py:151} INFO - [2024-08-08T22:13:20.174+0400] {dagbag.py:539} INFO - Filling up the DagBag from /home/eduardo/airflow_venv/lib/python3.10/site-packages/airflow/example_dags/plugins/event_listener.py
[2024-08-08T22:13:20.177+0400] {processor.py:841} WARNING - No viable dags retrieved from /home/eduardo/airflow_venv/lib/python3.10/site-packages/airflow/example_dags/plugins/event_listener.py
[2024-08-08T22:13:20.190+0400] {processor.py:179} INFO - Processing /home/eduardo/airflow_venv/lib/python3.10/site-packages/airflow/example_dags/plugins/event_listener.py took 0.024 seconds
[2024-08-08T22:14:04.823+0400] {processor.py:157} INFO - Started process (PID=12070) to work on /home/eduardo/airflow_venv/lib/python3.10/site-packages/airflow/example_dags/plugins/event_listener.py
[2024-08-08T22:14:04.826+0400] {processor.py:829} INFO - Processing file /home/eduardo/airflow_venv/lib/python3.10/site-packages/airflow/example_dags/plugins/event_listener.py for tasks to queue
[2024-08-08T22:14:04.829+0400] {logging_mixin.py:151} INFO - [2024-08-08T22:14:04.827+0400] {dagbag.py:539} INFO - Filling up the DagBag from /home/eduardo/airflow_venv/lib/python3.10/site-packages/airflow/example_dags/plugins/event_listener.py
[2024-08-08T22:14:04.832+0400] {processor.py:841} WARNING - No viable dags retrieved from /home/eduardo/airflow_venv/lib/python3.10/site-packages/airflow/example_dags/plugins/event_listener.py
[2024-08-08T22:14:04.842+0400] {processor.py:179} INFO - Processing /home/eduardo/airflow_venv/lib/python3.10/site-packages/airflow/example_dags/plugins/event_listener.py took 0.021 seconds
[2024-08-08T22:14:58.145+0400] {processor.py:157} INFO - Started process (PID=12606) to work on /home/eduardo/airflow_venv/lib/python3.10/site-packages/airflow/example_dags/plugins/event_listener.py
[2024-08-08T22:14:58.148+0400] {processor.py:829} INFO - Processing file /home/eduardo/airflow_venv/lib/python3.10/site-packages/airflow/example_dags/plugins/event_listener.py for tasks to queue
[2024-08-08T22:14:58.149+0400] {logging_mixin.py:151} INFO - [2024-08-08T22:14:58.148+0400] {dagbag.py:539} INFO - Filling up the DagBag from /home/eduardo/airflow_venv/lib/python3.10/site-packages/airflow/example_dags/plugins/event_listener.py
[2024-08-08T22:14:58.152+0400] {processor.py:841} WARNING - No viable dags retrieved from /home/eduardo/airflow_venv/lib/python3.10/site-packages/airflow/example_dags/plugins/event_listener.py
[2024-08-08T22:14:58.161+0400] {processor.py:179} INFO - Processing /home/eduardo/airflow_venv/lib/python3.10/site-packages/airflow/example_dags/plugins/event_listener.py took 0.022 seconds
[2024-08-08T22:15:49.938+0400] {processor.py:157} INFO - Started process (PID=13097) to work on /home/eduardo/airflow_venv/lib/python3.10/site-packages/airflow/example_dags/plugins/event_listener.py
[2024-08-08T22:15:49.940+0400] {processor.py:829} INFO - Processing file /home/eduardo/airflow_venv/lib/python3.10/site-packages/airflow/example_dags/plugins/event_listener.py for tasks to queue
[2024-08-08T22:15:49.941+0400] {logging_mixin.py:151} INFO - [2024-08-08T22:15:49.941+0400] {dagbag.py:539} INFO - Filling up the DagBag from /home/eduardo/airflow_venv/lib/python3.10/site-packages/airflow/example_dags/plugins/event_listener.py
[2024-08-08T22:15:49.943+0400] {processor.py:841} WARNING - No viable dags retrieved from /home/eduardo/airflow_venv/lib/python3.10/site-packages/airflow/example_dags/plugins/event_listener.py
[2024-08-08T22:15:49.952+0400] {processor.py:179} INFO - Processing /home/eduardo/airflow_venv/lib/python3.10/site-packages/airflow/example_dags/plugins/event_listener.py took 0.018 seconds
[2024-08-08T22:16:39.176+0400] {processor.py:157} INFO - Started process (PID=13476) to work on /home/eduardo/airflow_venv/lib/python3.10/site-packages/airflow/example_dags/plugins/event_listener.py
[2024-08-08T22:16:39.178+0400] {processor.py:829} INFO - Processing file /home/eduardo/airflow_venv/lib/python3.10/site-packages/airflow/example_dags/plugins/event_listener.py for tasks to queue
[2024-08-08T22:16:39.179+0400] {logging_mixin.py:151} INFO - [2024-08-08T22:16:39.179+0400] {dagbag.py:539} INFO - Filling up the DagBag from /home/eduardo/airflow_venv/lib/python3.10/site-packages/airflow/example_dags/plugins/event_listener.py
[2024-08-08T22:16:39.182+0400] {processor.py:841} WARNING - No viable dags retrieved from /home/eduardo/airflow_venv/lib/python3.10/site-packages/airflow/example_dags/plugins/event_listener.py
[2024-08-08T22:16:39.193+0400] {processor.py:179} INFO - Processing /home/eduardo/airflow_venv/lib/python3.10/site-packages/airflow/example_dags/plugins/event_listener.py took 0.021 seconds
[2024-08-08T22:17:33.758+0400] {processor.py:157} INFO - Started process (PID=14103) to work on /home/eduardo/airflow_venv/lib/python3.10/site-packages/airflow/example_dags/plugins/event_listener.py
[2024-08-08T22:17:33.760+0400] {processor.py:829} INFO - Processing file /home/eduardo/airflow_venv/lib/python3.10/site-packages/airflow/example_dags/plugins/event_listener.py for tasks to queue
[2024-08-08T22:17:33.762+0400] {logging_mixin.py:151} INFO - [2024-08-08T22:17:33.761+0400] {dagbag.py:539} INFO - Filling up the DagBag from /home/eduardo/airflow_venv/lib/python3.10/site-packages/airflow/example_dags/plugins/event_listener.py
[2024-08-08T22:17:33.765+0400] {processor.py:841} WARNING - No viable dags retrieved from /home/eduardo/airflow_venv/lib/python3.10/site-packages/airflow/example_dags/plugins/event_listener.py
[2024-08-08T22:17:33.781+0400] {processor.py:179} INFO - Processing /home/eduardo/airflow_venv/lib/python3.10/site-packages/airflow/example_dags/plugins/event_listener.py took 0.028 seconds
[2024-08-08T22:18:24.829+0400] {processor.py:157} INFO - Started process (PID=14504) to work on /home/eduardo/airflow_venv/lib/python3.10/site-packages/airflow/example_dags/plugins/event_listener.py
[2024-08-08T22:18:24.831+0400] {processor.py:829} INFO - Processing file /home/eduardo/airflow_venv/lib/python3.10/site-packages/airflow/example_dags/plugins/event_listener.py for tasks to queue
[2024-08-08T22:18:24.832+0400] {logging_mixin.py:151} INFO - [2024-08-08T22:18:24.832+0400] {dagbag.py:539} INFO - Filling up the DagBag from /home/eduardo/airflow_venv/lib/python3.10/site-packages/airflow/example_dags/plugins/event_listener.py
[2024-08-08T22:18:24.834+0400] {processor.py:841} WARNING - No viable dags retrieved from /home/eduardo/airflow_venv/lib/python3.10/site-packages/airflow/example_dags/plugins/event_listener.py
[2024-08-08T22:18:24.842+0400] {processor.py:179} INFO - Processing /home/eduardo/airflow_venv/lib/python3.10/site-packages/airflow/example_dags/plugins/event_listener.py took 0.016 seconds
[2024-08-08T22:19:21.078+0400] {processor.py:157} INFO - Started process (PID=14941) to work on /home/eduardo/airflow_venv/lib/python3.10/site-packages/airflow/example_dags/plugins/event_listener.py
[2024-08-08T22:19:21.082+0400] {processor.py:829} INFO - Processing file /home/eduardo/airflow_venv/lib/python3.10/site-packages/airflow/example_dags/plugins/event_listener.py for tasks to queue
[2024-08-08T22:19:21.083+0400] {logging_mixin.py:151} INFO - [2024-08-08T22:19:21.082+0400] {dagbag.py:539} INFO - Filling up the DagBag from /home/eduardo/airflow_venv/lib/python3.10/site-packages/airflow/example_dags/plugins/event_listener.py
[2024-08-08T22:19:21.086+0400] {processor.py:841} WARNING - No viable dags retrieved from /home/eduardo/airflow_venv/lib/python3.10/site-packages/airflow/example_dags/plugins/event_listener.py
[2024-08-08T22:19:21.103+0400] {processor.py:179} INFO - Processing /home/eduardo/airflow_venv/lib/python3.10/site-packages/airflow/example_dags/plugins/event_listener.py took 0.031 seconds
[2024-08-08T22:20:08.008+0400] {processor.py:157} INFO - Started process (PID=15329) to work on /home/eduardo/airflow_venv/lib/python3.10/site-packages/airflow/example_dags/plugins/event_listener.py
[2024-08-08T22:20:08.012+0400] {processor.py:829} INFO - Processing file /home/eduardo/airflow_venv/lib/python3.10/site-packages/airflow/example_dags/plugins/event_listener.py for tasks to queue
[2024-08-08T22:20:08.013+0400] {logging_mixin.py:151} INFO - [2024-08-08T22:20:08.012+0400] {dagbag.py:539} INFO - Filling up the DagBag from /home/eduardo/airflow_venv/lib/python3.10/site-packages/airflow/example_dags/plugins/event_listener.py
[2024-08-08T22:20:08.015+0400] {processor.py:841} WARNING - No viable dags retrieved from /home/eduardo/airflow_venv/lib/python3.10/site-packages/airflow/example_dags/plugins/event_listener.py
[2024-08-08T22:20:08.026+0400] {processor.py:179} INFO - Processing /home/eduardo/airflow_venv/lib/python3.10/site-packages/airflow/example_dags/plugins/event_listener.py took 0.022 seconds
[2024-08-08T22:20:58.745+0400] {processor.py:157} INFO - Started process (PID=15773) to work on /home/eduardo/airflow_venv/lib/python3.10/site-packages/airflow/example_dags/plugins/event_listener.py
[2024-08-08T22:20:58.748+0400] {processor.py:829} INFO - Processing file /home/eduardo/airflow_venv/lib/python3.10/site-packages/airflow/example_dags/plugins/event_listener.py for tasks to queue
[2024-08-08T22:20:58.749+0400] {logging_mixin.py:151} INFO - [2024-08-08T22:20:58.748+0400] {dagbag.py:539} INFO - Filling up the DagBag from /home/eduardo/airflow_venv/lib/python3.10/site-packages/airflow/example_dags/plugins/event_listener.py
[2024-08-08T22:20:58.751+0400] {processor.py:841} WARNING - No viable dags retrieved from /home/eduardo/airflow_venv/lib/python3.10/site-packages/airflow/example_dags/plugins/event_listener.py
[2024-08-08T22:20:58.763+0400] {processor.py:179} INFO - Processing /home/eduardo/airflow_venv/lib/python3.10/site-packages/airflow/example_dags/plugins/event_listener.py took 0.022 seconds
[2024-08-08T22:21:52.931+0400] {processor.py:157} INFO - Started process (PID=16271) to work on /home/eduardo/airflow_venv/lib/python3.10/site-packages/airflow/example_dags/plugins/event_listener.py
[2024-08-08T22:21:52.934+0400] {processor.py:829} INFO - Processing file /home/eduardo/airflow_venv/lib/python3.10/site-packages/airflow/example_dags/plugins/event_listener.py for tasks to queue
[2024-08-08T22:21:52.935+0400] {logging_mixin.py:151} INFO - [2024-08-08T22:21:52.935+0400] {dagbag.py:539} INFO - Filling up the DagBag from /home/eduardo/airflow_venv/lib/python3.10/site-packages/airflow/example_dags/plugins/event_listener.py
[2024-08-08T22:21:52.938+0400] {processor.py:841} WARNING - No viable dags retrieved from /home/eduardo/airflow_venv/lib/python3.10/site-packages/airflow/example_dags/plugins/event_listener.py
[2024-08-08T22:21:52.949+0400] {processor.py:179} INFO - Processing /home/eduardo/airflow_venv/lib/python3.10/site-packages/airflow/example_dags/plugins/event_listener.py took 0.020 seconds
[2024-08-08T22:22:43.159+0400] {processor.py:157} INFO - Started process (PID=16662) to work on /home/eduardo/airflow_venv/lib/python3.10/site-packages/airflow/example_dags/plugins/event_listener.py
[2024-08-08T22:22:43.162+0400] {processor.py:829} INFO - Processing file /home/eduardo/airflow_venv/lib/python3.10/site-packages/airflow/example_dags/plugins/event_listener.py for tasks to queue
[2024-08-08T22:22:43.164+0400] {logging_mixin.py:151} INFO - [2024-08-08T22:22:43.163+0400] {dagbag.py:539} INFO - Filling up the DagBag from /home/eduardo/airflow_venv/lib/python3.10/site-packages/airflow/example_dags/plugins/event_listener.py
[2024-08-08T22:22:43.169+0400] {processor.py:841} WARNING - No viable dags retrieved from /home/eduardo/airflow_venv/lib/python3.10/site-packages/airflow/example_dags/plugins/event_listener.py
[2024-08-08T22:22:43.181+0400] {processor.py:179} INFO - Processing /home/eduardo/airflow_venv/lib/python3.10/site-packages/airflow/example_dags/plugins/event_listener.py took 0.026 seconds
[2024-08-08T22:23:34.918+0400] {processor.py:157} INFO - Started process (PID=17188) to work on /home/eduardo/airflow_venv/lib/python3.10/site-packages/airflow/example_dags/plugins/event_listener.py
[2024-08-08T22:23:34.921+0400] {processor.py:829} INFO - Processing file /home/eduardo/airflow_venv/lib/python3.10/site-packages/airflow/example_dags/plugins/event_listener.py for tasks to queue
[2024-08-08T22:23:34.922+0400] {logging_mixin.py:151} INFO - [2024-08-08T22:23:34.922+0400] {dagbag.py:539} INFO - Filling up the DagBag from /home/eduardo/airflow_venv/lib/python3.10/site-packages/airflow/example_dags/plugins/event_listener.py
[2024-08-08T22:23:34.925+0400] {processor.py:841} WARNING - No viable dags retrieved from /home/eduardo/airflow_venv/lib/python3.10/site-packages/airflow/example_dags/plugins/event_listener.py
[2024-08-08T22:23:34.935+0400] {processor.py:179} INFO - Processing /home/eduardo/airflow_venv/lib/python3.10/site-packages/airflow/example_dags/plugins/event_listener.py took 0.021 seconds
