[2024-08-08T20:18:53.088+0400] {processor.py:157} INFO - Started process (PID=6839) to work on /home/eduardo/airflow_venv/lib/python3.10/site-packages/airflow/example_dags/plugins/listener_plugin.py
[2024-08-08T20:18:53.088+0400] {processor.py:829} INFO - Processing file /home/eduardo/airflow_venv/lib/python3.10/site-packages/airflow/example_dags/plugins/listener_plugin.py for tasks to queue
[2024-08-08T20:18:53.089+0400] {logging_mixin.py:151} INFO - [2024-08-08T20:18:53.089+0400] {dagbag.py:539} INFO - Filling up the DagBag from /home/eduardo/airflow_venv/lib/python3.10/site-packages/airflow/example_dags/plugins/listener_plugin.py
[2024-08-08T20:18:53.092+0400] {processor.py:841} WARNING - No viable dags retrieved from /home/eduardo/airflow_venv/lib/python3.10/site-packages/airflow/example_dags/plugins/listener_plugin.py
[2024-08-08T20:18:53.103+0400] {processor.py:179} INFO - Processing /home/eduardo/airflow_venv/lib/python3.10/site-packages/airflow/example_dags/plugins/listener_plugin.py took 0.019 seconds
[2024-08-08T20:19:41.072+0400] {processor.py:157} INFO - Started process (PID=6887) to work on /home/eduardo/airflow_venv/lib/python3.10/site-packages/airflow/example_dags/plugins/listener_plugin.py
[2024-08-08T20:19:41.072+0400] {processor.py:829} INFO - Processing file /home/eduardo/airflow_venv/lib/python3.10/site-packages/airflow/example_dags/plugins/listener_plugin.py for tasks to queue
[2024-08-08T20:19:41.073+0400] {logging_mixin.py:151} INFO - [2024-08-08T20:19:41.073+0400] {dagbag.py:539} INFO - Filling up the DagBag from /home/eduardo/airflow_venv/lib/python3.10/site-packages/airflow/example_dags/plugins/listener_plugin.py
[2024-08-08T20:19:41.075+0400] {processor.py:841} WARNING - No viable dags retrieved from /home/eduardo/airflow_venv/lib/python3.10/site-packages/airflow/example_dags/plugins/listener_plugin.py
[2024-08-08T20:19:41.081+0400] {processor.py:179} INFO - Processing /home/eduardo/airflow_venv/lib/python3.10/site-packages/airflow/example_dags/plugins/listener_plugin.py took 0.011 seconds
[2024-08-08T20:20:22.257+0400] {processor.py:157} INFO - Started process (PID=6933) to work on /home/eduardo/airflow_venv/lib/python3.10/site-packages/airflow/example_dags/plugins/listener_plugin.py
[2024-08-08T20:20:22.258+0400] {processor.py:829} INFO - Processing file /home/eduardo/airflow_venv/lib/python3.10/site-packages/airflow/example_dags/plugins/listener_plugin.py for tasks to queue
[2024-08-08T20:20:22.259+0400] {logging_mixin.py:151} INFO - [2024-08-08T20:20:22.259+0400] {dagbag.py:539} INFO - Filling up the DagBag from /home/eduardo/airflow_venv/lib/python3.10/site-packages/airflow/example_dags/plugins/listener_plugin.py
[2024-08-08T20:20:22.261+0400] {processor.py:841} WARNING - No viable dags retrieved from /home/eduardo/airflow_venv/lib/python3.10/site-packages/airflow/example_dags/plugins/listener_plugin.py
[2024-08-08T20:20:22.268+0400] {processor.py:179} INFO - Processing /home/eduardo/airflow_venv/lib/python3.10/site-packages/airflow/example_dags/plugins/listener_plugin.py took 0.013 seconds
[2024-08-08T20:21:14.899+0400] {processor.py:157} INFO - Started process (PID=6987) to work on /home/eduardo/airflow_venv/lib/python3.10/site-packages/airflow/example_dags/plugins/listener_plugin.py
[2024-08-08T20:21:14.901+0400] {processor.py:829} INFO - Processing file /home/eduardo/airflow_venv/lib/python3.10/site-packages/airflow/example_dags/plugins/listener_plugin.py for tasks to queue
[2024-08-08T20:21:14.901+0400] {logging_mixin.py:151} INFO - [2024-08-08T20:21:14.901+0400] {dagbag.py:539} INFO - Filling up the DagBag from /home/eduardo/airflow_venv/lib/python3.10/site-packages/airflow/example_dags/plugins/listener_plugin.py
[2024-08-08T20:21:14.903+0400] {processor.py:841} WARNING - No viable dags retrieved from /home/eduardo/airflow_venv/lib/python3.10/site-packages/airflow/example_dags/plugins/listener_plugin.py
[2024-08-08T20:21:14.911+0400] {processor.py:179} INFO - Processing /home/eduardo/airflow_venv/lib/python3.10/site-packages/airflow/example_dags/plugins/listener_plugin.py took 0.015 seconds
[2024-08-08T20:21:58.594+0400] {processor.py:157} INFO - Started process (PID=7033) to work on /home/eduardo/airflow_venv/lib/python3.10/site-packages/airflow/example_dags/plugins/listener_plugin.py
[2024-08-08T20:21:58.596+0400] {processor.py:829} INFO - Processing file /home/eduardo/airflow_venv/lib/python3.10/site-packages/airflow/example_dags/plugins/listener_plugin.py for tasks to queue
[2024-08-08T20:21:58.597+0400] {logging_mixin.py:151} INFO - [2024-08-08T20:21:58.596+0400] {dagbag.py:539} INFO - Filling up the DagBag from /home/eduardo/airflow_venv/lib/python3.10/site-packages/airflow/example_dags/plugins/listener_plugin.py
[2024-08-08T20:21:58.598+0400] {processor.py:841} WARNING - No viable dags retrieved from /home/eduardo/airflow_venv/lib/python3.10/site-packages/airflow/example_dags/plugins/listener_plugin.py
[2024-08-08T20:21:58.605+0400] {processor.py:179} INFO - Processing /home/eduardo/airflow_venv/lib/python3.10/site-packages/airflow/example_dags/plugins/listener_plugin.py took 0.013 seconds
[2024-08-08T20:22:45.127+0400] {processor.py:157} INFO - Started process (PID=7082) to work on /home/eduardo/airflow_venv/lib/python3.10/site-packages/airflow/example_dags/plugins/listener_plugin.py
[2024-08-08T20:22:45.129+0400] {processor.py:829} INFO - Processing file /home/eduardo/airflow_venv/lib/python3.10/site-packages/airflow/example_dags/plugins/listener_plugin.py for tasks to queue
[2024-08-08T20:22:45.129+0400] {logging_mixin.py:151} INFO - [2024-08-08T20:22:45.129+0400] {dagbag.py:539} INFO - Filling up the DagBag from /home/eduardo/airflow_venv/lib/python3.10/site-packages/airflow/example_dags/plugins/listener_plugin.py
[2024-08-08T20:22:45.131+0400] {processor.py:841} WARNING - No viable dags retrieved from /home/eduardo/airflow_venv/lib/python3.10/site-packages/airflow/example_dags/plugins/listener_plugin.py
[2024-08-08T20:22:45.137+0400] {processor.py:179} INFO - Processing /home/eduardo/airflow_venv/lib/python3.10/site-packages/airflow/example_dags/plugins/listener_plugin.py took 0.012 seconds
[2024-08-08T20:23:30.298+0400] {processor.py:157} INFO - Started process (PID=7150) to work on /home/eduardo/airflow_venv/lib/python3.10/site-packages/airflow/example_dags/plugins/listener_plugin.py
[2024-08-08T20:23:30.299+0400] {processor.py:829} INFO - Processing file /home/eduardo/airflow_venv/lib/python3.10/site-packages/airflow/example_dags/plugins/listener_plugin.py for tasks to queue
[2024-08-08T20:23:30.300+0400] {logging_mixin.py:151} INFO - [2024-08-08T20:23:30.300+0400] {dagbag.py:539} INFO - Filling up the DagBag from /home/eduardo/airflow_venv/lib/python3.10/site-packages/airflow/example_dags/plugins/listener_plugin.py
[2024-08-08T20:23:30.301+0400] {processor.py:841} WARNING - No viable dags retrieved from /home/eduardo/airflow_venv/lib/python3.10/site-packages/airflow/example_dags/plugins/listener_plugin.py
[2024-08-08T20:23:30.308+0400] {processor.py:179} INFO - Processing /home/eduardo/airflow_venv/lib/python3.10/site-packages/airflow/example_dags/plugins/listener_plugin.py took 0.012 seconds
[2024-08-08T20:24:15.372+0400] {processor.py:157} INFO - Started process (PID=7196) to work on /home/eduardo/airflow_venv/lib/python3.10/site-packages/airflow/example_dags/plugins/listener_plugin.py
[2024-08-08T20:24:15.373+0400] {processor.py:829} INFO - Processing file /home/eduardo/airflow_venv/lib/python3.10/site-packages/airflow/example_dags/plugins/listener_plugin.py for tasks to queue
[2024-08-08T20:24:15.374+0400] {logging_mixin.py:151} INFO - [2024-08-08T20:24:15.373+0400] {dagbag.py:539} INFO - Filling up the DagBag from /home/eduardo/airflow_venv/lib/python3.10/site-packages/airflow/example_dags/plugins/listener_plugin.py
[2024-08-08T20:24:15.375+0400] {processor.py:841} WARNING - No viable dags retrieved from /home/eduardo/airflow_venv/lib/python3.10/site-packages/airflow/example_dags/plugins/listener_plugin.py
[2024-08-08T20:24:15.384+0400] {processor.py:179} INFO - Processing /home/eduardo/airflow_venv/lib/python3.10/site-packages/airflow/example_dags/plugins/listener_plugin.py took 0.015 seconds
[2024-08-08T20:25:01.994+0400] {processor.py:157} INFO - Started process (PID=7252) to work on /home/eduardo/airflow_venv/lib/python3.10/site-packages/airflow/example_dags/plugins/listener_plugin.py
[2024-08-08T20:25:01.995+0400] {processor.py:829} INFO - Processing file /home/eduardo/airflow_venv/lib/python3.10/site-packages/airflow/example_dags/plugins/listener_plugin.py for tasks to queue
[2024-08-08T20:25:01.996+0400] {logging_mixin.py:151} INFO - [2024-08-08T20:25:01.996+0400] {dagbag.py:539} INFO - Filling up the DagBag from /home/eduardo/airflow_venv/lib/python3.10/site-packages/airflow/example_dags/plugins/listener_plugin.py
[2024-08-08T20:25:01.998+0400] {processor.py:841} WARNING - No viable dags retrieved from /home/eduardo/airflow_venv/lib/python3.10/site-packages/airflow/example_dags/plugins/listener_plugin.py
[2024-08-08T20:25:02.005+0400] {processor.py:179} INFO - Processing /home/eduardo/airflow_venv/lib/python3.10/site-packages/airflow/example_dags/plugins/listener_plugin.py took 0.014 seconds
[2024-08-08T20:25:48.681+0400] {processor.py:157} INFO - Started process (PID=7300) to work on /home/eduardo/airflow_venv/lib/python3.10/site-packages/airflow/example_dags/plugins/listener_plugin.py
[2024-08-08T20:25:48.683+0400] {processor.py:829} INFO - Processing file /home/eduardo/airflow_venv/lib/python3.10/site-packages/airflow/example_dags/plugins/listener_plugin.py for tasks to queue
[2024-08-08T20:25:48.684+0400] {logging_mixin.py:151} INFO - [2024-08-08T20:25:48.684+0400] {dagbag.py:539} INFO - Filling up the DagBag from /home/eduardo/airflow_venv/lib/python3.10/site-packages/airflow/example_dags/plugins/listener_plugin.py
[2024-08-08T20:25:48.686+0400] {processor.py:841} WARNING - No viable dags retrieved from /home/eduardo/airflow_venv/lib/python3.10/site-packages/airflow/example_dags/plugins/listener_plugin.py
[2024-08-08T20:25:48.693+0400] {processor.py:179} INFO - Processing /home/eduardo/airflow_venv/lib/python3.10/site-packages/airflow/example_dags/plugins/listener_plugin.py took 0.014 seconds
[2024-08-08T22:10:05.173+0400] {processor.py:157} INFO - Started process (PID=9809) to work on /home/eduardo/airflow_venv/lib/python3.10/site-packages/airflow/example_dags/plugins/listener_plugin.py
[2024-08-08T22:10:05.176+0400] {processor.py:829} INFO - Processing file /home/eduardo/airflow_venv/lib/python3.10/site-packages/airflow/example_dags/plugins/listener_plugin.py for tasks to queue
[2024-08-08T22:10:05.177+0400] {logging_mixin.py:151} INFO - [2024-08-08T22:10:05.177+0400] {dagbag.py:539} INFO - Filling up the DagBag from /home/eduardo/airflow_venv/lib/python3.10/site-packages/airflow/example_dags/plugins/listener_plugin.py
[2024-08-08T22:10:05.180+0400] {processor.py:841} WARNING - No viable dags retrieved from /home/eduardo/airflow_venv/lib/python3.10/site-packages/airflow/example_dags/plugins/listener_plugin.py
[2024-08-08T22:10:05.191+0400] {processor.py:179} INFO - Processing /home/eduardo/airflow_venv/lib/python3.10/site-packages/airflow/example_dags/plugins/listener_plugin.py took 0.021 seconds
[2024-08-08T22:10:56.688+0400] {processor.py:157} INFO - Started process (PID=10296) to work on /home/eduardo/airflow_venv/lib/python3.10/site-packages/airflow/example_dags/plugins/listener_plugin.py
[2024-08-08T22:10:56.691+0400] {processor.py:829} INFO - Processing file /home/eduardo/airflow_venv/lib/python3.10/site-packages/airflow/example_dags/plugins/listener_plugin.py for tasks to queue
[2024-08-08T22:10:56.692+0400] {logging_mixin.py:151} INFO - [2024-08-08T22:10:56.692+0400] {dagbag.py:539} INFO - Filling up the DagBag from /home/eduardo/airflow_venv/lib/python3.10/site-packages/airflow/example_dags/plugins/listener_plugin.py
[2024-08-08T22:10:56.696+0400] {processor.py:841} WARNING - No viable dags retrieved from /home/eduardo/airflow_venv/lib/python3.10/site-packages/airflow/example_dags/plugins/listener_plugin.py
[2024-08-08T22:10:56.712+0400] {processor.py:179} INFO - Processing /home/eduardo/airflow_venv/lib/python3.10/site-packages/airflow/example_dags/plugins/listener_plugin.py took 0.028 seconds
[2024-08-08T22:11:43.998+0400] {processor.py:157} INFO - Started process (PID=10814) to work on /home/eduardo/airflow_venv/lib/python3.10/site-packages/airflow/example_dags/plugins/listener_plugin.py
[2024-08-08T22:11:44.001+0400] {processor.py:829} INFO - Processing file /home/eduardo/airflow_venv/lib/python3.10/site-packages/airflow/example_dags/plugins/listener_plugin.py for tasks to queue
[2024-08-08T22:11:44.002+0400] {logging_mixin.py:151} INFO - [2024-08-08T22:11:44.002+0400] {dagbag.py:539} INFO - Filling up the DagBag from /home/eduardo/airflow_venv/lib/python3.10/site-packages/airflow/example_dags/plugins/listener_plugin.py
[2024-08-08T22:11:44.005+0400] {processor.py:841} WARNING - No viable dags retrieved from /home/eduardo/airflow_venv/lib/python3.10/site-packages/airflow/example_dags/plugins/listener_plugin.py
[2024-08-08T22:11:44.020+0400] {processor.py:179} INFO - Processing /home/eduardo/airflow_venv/lib/python3.10/site-packages/airflow/example_dags/plugins/listener_plugin.py took 0.028 seconds
[2024-08-08T22:12:32.607+0400] {processor.py:157} INFO - Started process (PID=11190) to work on /home/eduardo/airflow_venv/lib/python3.10/site-packages/airflow/example_dags/plugins/listener_plugin.py
[2024-08-08T22:12:32.611+0400] {processor.py:829} INFO - Processing file /home/eduardo/airflow_venv/lib/python3.10/site-packages/airflow/example_dags/plugins/listener_plugin.py for tasks to queue
[2024-08-08T22:12:32.612+0400] {logging_mixin.py:151} INFO - [2024-08-08T22:12:32.611+0400] {dagbag.py:539} INFO - Filling up the DagBag from /home/eduardo/airflow_venv/lib/python3.10/site-packages/airflow/example_dags/plugins/listener_plugin.py
[2024-08-08T22:12:32.614+0400] {processor.py:841} WARNING - No viable dags retrieved from /home/eduardo/airflow_venv/lib/python3.10/site-packages/airflow/example_dags/plugins/listener_plugin.py
[2024-08-08T22:12:32.623+0400] {processor.py:179} INFO - Processing /home/eduardo/airflow_venv/lib/python3.10/site-packages/airflow/example_dags/plugins/listener_plugin.py took 0.021 seconds
[2024-08-08T22:13:21.315+0400] {processor.py:157} INFO - Started process (PID=11564) to work on /home/eduardo/airflow_venv/lib/python3.10/site-packages/airflow/example_dags/plugins/listener_plugin.py
[2024-08-08T22:13:21.318+0400] {processor.py:829} INFO - Processing file /home/eduardo/airflow_venv/lib/python3.10/site-packages/airflow/example_dags/plugins/listener_plugin.py for tasks to queue
[2024-08-08T22:13:21.319+0400] {logging_mixin.py:151} INFO - [2024-08-08T22:13:21.319+0400] {dagbag.py:539} INFO - Filling up the DagBag from /home/eduardo/airflow_venv/lib/python3.10/site-packages/airflow/example_dags/plugins/listener_plugin.py
[2024-08-08T22:13:21.322+0400] {processor.py:841} WARNING - No viable dags retrieved from /home/eduardo/airflow_venv/lib/python3.10/site-packages/airflow/example_dags/plugins/listener_plugin.py
[2024-08-08T22:13:21.331+0400] {processor.py:179} INFO - Processing /home/eduardo/airflow_venv/lib/python3.10/site-packages/airflow/example_dags/plugins/listener_plugin.py took 0.019 seconds
[2024-08-08T22:14:05.990+0400] {processor.py:157} INFO - Started process (PID=12081) to work on /home/eduardo/airflow_venv/lib/python3.10/site-packages/airflow/example_dags/plugins/listener_plugin.py
[2024-08-08T22:14:05.993+0400] {processor.py:829} INFO - Processing file /home/eduardo/airflow_venv/lib/python3.10/site-packages/airflow/example_dags/plugins/listener_plugin.py for tasks to queue
[2024-08-08T22:14:05.994+0400] {logging_mixin.py:151} INFO - [2024-08-08T22:14:05.994+0400] {dagbag.py:539} INFO - Filling up the DagBag from /home/eduardo/airflow_venv/lib/python3.10/site-packages/airflow/example_dags/plugins/listener_plugin.py
[2024-08-08T22:14:05.997+0400] {processor.py:841} WARNING - No viable dags retrieved from /home/eduardo/airflow_venv/lib/python3.10/site-packages/airflow/example_dags/plugins/listener_plugin.py
[2024-08-08T22:14:06.006+0400] {processor.py:179} INFO - Processing /home/eduardo/airflow_venv/lib/python3.10/site-packages/airflow/example_dags/plugins/listener_plugin.py took 0.018 seconds
[2024-08-08T22:14:59.282+0400] {processor.py:157} INFO - Started process (PID=12612) to work on /home/eduardo/airflow_venv/lib/python3.10/site-packages/airflow/example_dags/plugins/listener_plugin.py
[2024-08-08T22:14:59.285+0400] {processor.py:829} INFO - Processing file /home/eduardo/airflow_venv/lib/python3.10/site-packages/airflow/example_dags/plugins/listener_plugin.py for tasks to queue
[2024-08-08T22:14:59.286+0400] {logging_mixin.py:151} INFO - [2024-08-08T22:14:59.285+0400] {dagbag.py:539} INFO - Filling up the DagBag from /home/eduardo/airflow_venv/lib/python3.10/site-packages/airflow/example_dags/plugins/listener_plugin.py
[2024-08-08T22:14:59.288+0400] {processor.py:841} WARNING - No viable dags retrieved from /home/eduardo/airflow_venv/lib/python3.10/site-packages/airflow/example_dags/plugins/listener_plugin.py
[2024-08-08T22:14:59.297+0400] {processor.py:179} INFO - Processing /home/eduardo/airflow_venv/lib/python3.10/site-packages/airflow/example_dags/plugins/listener_plugin.py took 0.018 seconds
[2024-08-08T22:15:51.092+0400] {processor.py:157} INFO - Started process (PID=13103) to work on /home/eduardo/airflow_venv/lib/python3.10/site-packages/airflow/example_dags/plugins/listener_plugin.py
[2024-08-08T22:15:51.095+0400] {processor.py:829} INFO - Processing file /home/eduardo/airflow_venv/lib/python3.10/site-packages/airflow/example_dags/plugins/listener_plugin.py for tasks to queue
[2024-08-08T22:15:51.095+0400] {logging_mixin.py:151} INFO - [2024-08-08T22:15:51.095+0400] {dagbag.py:539} INFO - Filling up the DagBag from /home/eduardo/airflow_venv/lib/python3.10/site-packages/airflow/example_dags/plugins/listener_plugin.py
[2024-08-08T22:15:51.098+0400] {processor.py:841} WARNING - No viable dags retrieved from /home/eduardo/airflow_venv/lib/python3.10/site-packages/airflow/example_dags/plugins/listener_plugin.py
[2024-08-08T22:15:51.107+0400] {processor.py:179} INFO - Processing /home/eduardo/airflow_venv/lib/python3.10/site-packages/airflow/example_dags/plugins/listener_plugin.py took 0.021 seconds
[2024-08-08T22:16:40.344+0400] {processor.py:157} INFO - Started process (PID=13488) to work on /home/eduardo/airflow_venv/lib/python3.10/site-packages/airflow/example_dags/plugins/listener_plugin.py
[2024-08-08T22:16:40.346+0400] {processor.py:829} INFO - Processing file /home/eduardo/airflow_venv/lib/python3.10/site-packages/airflow/example_dags/plugins/listener_plugin.py for tasks to queue
[2024-08-08T22:16:40.347+0400] {logging_mixin.py:151} INFO - [2024-08-08T22:16:40.347+0400] {dagbag.py:539} INFO - Filling up the DagBag from /home/eduardo/airflow_venv/lib/python3.10/site-packages/airflow/example_dags/plugins/listener_plugin.py
[2024-08-08T22:16:40.350+0400] {processor.py:841} WARNING - No viable dags retrieved from /home/eduardo/airflow_venv/lib/python3.10/site-packages/airflow/example_dags/plugins/listener_plugin.py
[2024-08-08T22:16:40.363+0400] {processor.py:179} INFO - Processing /home/eduardo/airflow_venv/lib/python3.10/site-packages/airflow/example_dags/plugins/listener_plugin.py took 0.022 seconds
[2024-08-08T22:17:34.899+0400] {processor.py:157} INFO - Started process (PID=14114) to work on /home/eduardo/airflow_venv/lib/python3.10/site-packages/airflow/example_dags/plugins/listener_plugin.py
[2024-08-08T22:17:34.901+0400] {processor.py:829} INFO - Processing file /home/eduardo/airflow_venv/lib/python3.10/site-packages/airflow/example_dags/plugins/listener_plugin.py for tasks to queue
[2024-08-08T22:17:34.902+0400] {logging_mixin.py:151} INFO - [2024-08-08T22:17:34.902+0400] {dagbag.py:539} INFO - Filling up the DagBag from /home/eduardo/airflow_venv/lib/python3.10/site-packages/airflow/example_dags/plugins/listener_plugin.py
[2024-08-08T22:17:34.906+0400] {processor.py:841} WARNING - No viable dags retrieved from /home/eduardo/airflow_venv/lib/python3.10/site-packages/airflow/example_dags/plugins/listener_plugin.py
[2024-08-08T22:17:34.916+0400] {processor.py:179} INFO - Processing /home/eduardo/airflow_venv/lib/python3.10/site-packages/airflow/example_dags/plugins/listener_plugin.py took 0.021 seconds
[2024-08-08T22:18:25.997+0400] {processor.py:157} INFO - Started process (PID=14510) to work on /home/eduardo/airflow_venv/lib/python3.10/site-packages/airflow/example_dags/plugins/listener_plugin.py
[2024-08-08T22:18:26.001+0400] {processor.py:829} INFO - Processing file /home/eduardo/airflow_venv/lib/python3.10/site-packages/airflow/example_dags/plugins/listener_plugin.py for tasks to queue
[2024-08-08T22:18:26.002+0400] {logging_mixin.py:151} INFO - [2024-08-08T22:18:26.002+0400] {dagbag.py:539} INFO - Filling up the DagBag from /home/eduardo/airflow_venv/lib/python3.10/site-packages/airflow/example_dags/plugins/listener_plugin.py
[2024-08-08T22:18:26.005+0400] {processor.py:841} WARNING - No viable dags retrieved from /home/eduardo/airflow_venv/lib/python3.10/site-packages/airflow/example_dags/plugins/listener_plugin.py
[2024-08-08T22:18:26.013+0400] {processor.py:179} INFO - Processing /home/eduardo/airflow_venv/lib/python3.10/site-packages/airflow/example_dags/plugins/listener_plugin.py took 0.018 seconds
[2024-08-08T22:19:21.402+0400] {processor.py:157} INFO - Started process (PID=14943) to work on /home/eduardo/airflow_venv/lib/python3.10/site-packages/airflow/example_dags/plugins/listener_plugin.py
[2024-08-08T22:19:21.405+0400] {processor.py:829} INFO - Processing file /home/eduardo/airflow_venv/lib/python3.10/site-packages/airflow/example_dags/plugins/listener_plugin.py for tasks to queue
[2024-08-08T22:19:21.406+0400] {logging_mixin.py:151} INFO - [2024-08-08T22:19:21.406+0400] {dagbag.py:539} INFO - Filling up the DagBag from /home/eduardo/airflow_venv/lib/python3.10/site-packages/airflow/example_dags/plugins/listener_plugin.py
[2024-08-08T22:19:21.410+0400] {processor.py:841} WARNING - No viable dags retrieved from /home/eduardo/airflow_venv/lib/python3.10/site-packages/airflow/example_dags/plugins/listener_plugin.py
[2024-08-08T22:19:21.420+0400] {processor.py:179} INFO - Processing /home/eduardo/airflow_venv/lib/python3.10/site-packages/airflow/example_dags/plugins/listener_plugin.py took 0.021 seconds
[2024-08-08T22:20:08.475+0400] {processor.py:157} INFO - Started process (PID=15332) to work on /home/eduardo/airflow_venv/lib/python3.10/site-packages/airflow/example_dags/plugins/listener_plugin.py
[2024-08-08T22:20:08.477+0400] {processor.py:829} INFO - Processing file /home/eduardo/airflow_venv/lib/python3.10/site-packages/airflow/example_dags/plugins/listener_plugin.py for tasks to queue
[2024-08-08T22:20:08.478+0400] {logging_mixin.py:151} INFO - [2024-08-08T22:20:08.477+0400] {dagbag.py:539} INFO - Filling up the DagBag from /home/eduardo/airflow_venv/lib/python3.10/site-packages/airflow/example_dags/plugins/listener_plugin.py
[2024-08-08T22:20:08.481+0400] {processor.py:841} WARNING - No viable dags retrieved from /home/eduardo/airflow_venv/lib/python3.10/site-packages/airflow/example_dags/plugins/listener_plugin.py
[2024-08-08T22:20:08.491+0400] {processor.py:179} INFO - Processing /home/eduardo/airflow_venv/lib/python3.10/site-packages/airflow/example_dags/plugins/listener_plugin.py took 0.020 seconds
[2024-08-08T22:20:59.898+0400] {processor.py:157} INFO - Started process (PID=15787) to work on /home/eduardo/airflow_venv/lib/python3.10/site-packages/airflow/example_dags/plugins/listener_plugin.py
[2024-08-08T22:20:59.901+0400] {processor.py:829} INFO - Processing file /home/eduardo/airflow_venv/lib/python3.10/site-packages/airflow/example_dags/plugins/listener_plugin.py for tasks to queue
[2024-08-08T22:20:59.902+0400] {logging_mixin.py:151} INFO - [2024-08-08T22:20:59.901+0400] {dagbag.py:539} INFO - Filling up the DagBag from /home/eduardo/airflow_venv/lib/python3.10/site-packages/airflow/example_dags/plugins/listener_plugin.py
[2024-08-08T22:20:59.905+0400] {processor.py:841} WARNING - No viable dags retrieved from /home/eduardo/airflow_venv/lib/python3.10/site-packages/airflow/example_dags/plugins/listener_plugin.py
[2024-08-08T22:20:59.918+0400] {processor.py:179} INFO - Processing /home/eduardo/airflow_venv/lib/python3.10/site-packages/airflow/example_dags/plugins/listener_plugin.py took 0.024 seconds
[2024-08-08T22:21:53.397+0400] {processor.py:157} INFO - Started process (PID=16274) to work on /home/eduardo/airflow_venv/lib/python3.10/site-packages/airflow/example_dags/plugins/listener_plugin.py
[2024-08-08T22:21:53.400+0400] {processor.py:829} INFO - Processing file /home/eduardo/airflow_venv/lib/python3.10/site-packages/airflow/example_dags/plugins/listener_plugin.py for tasks to queue
[2024-08-08T22:21:53.401+0400] {logging_mixin.py:151} INFO - [2024-08-08T22:21:53.401+0400] {dagbag.py:539} INFO - Filling up the DagBag from /home/eduardo/airflow_venv/lib/python3.10/site-packages/airflow/example_dags/plugins/listener_plugin.py
[2024-08-08T22:21:53.404+0400] {processor.py:841} WARNING - No viable dags retrieved from /home/eduardo/airflow_venv/lib/python3.10/site-packages/airflow/example_dags/plugins/listener_plugin.py
[2024-08-08T22:21:53.412+0400] {processor.py:179} INFO - Processing /home/eduardo/airflow_venv/lib/python3.10/site-packages/airflow/example_dags/plugins/listener_plugin.py took 0.017 seconds
[2024-08-08T22:22:43.737+0400] {processor.py:157} INFO - Started process (PID=16665) to work on /home/eduardo/airflow_venv/lib/python3.10/site-packages/airflow/example_dags/plugins/listener_plugin.py
[2024-08-08T22:22:43.740+0400] {processor.py:829} INFO - Processing file /home/eduardo/airflow_venv/lib/python3.10/site-packages/airflow/example_dags/plugins/listener_plugin.py for tasks to queue
[2024-08-08T22:22:43.741+0400] {logging_mixin.py:151} INFO - [2024-08-08T22:22:43.740+0400] {dagbag.py:539} INFO - Filling up the DagBag from /home/eduardo/airflow_venv/lib/python3.10/site-packages/airflow/example_dags/plugins/listener_plugin.py
[2024-08-08T22:22:43.743+0400] {processor.py:841} WARNING - No viable dags retrieved from /home/eduardo/airflow_venv/lib/python3.10/site-packages/airflow/example_dags/plugins/listener_plugin.py
[2024-08-08T22:22:43.755+0400] {processor.py:179} INFO - Processing /home/eduardo/airflow_venv/lib/python3.10/site-packages/airflow/example_dags/plugins/listener_plugin.py took 0.020 seconds
[2024-08-08T22:23:35.667+0400] {processor.py:157} INFO - Started process (PID=17210) to work on /home/eduardo/airflow_venv/lib/python3.10/site-packages/airflow/example_dags/plugins/listener_plugin.py
[2024-08-08T22:23:35.670+0400] {processor.py:829} INFO - Processing file /home/eduardo/airflow_venv/lib/python3.10/site-packages/airflow/example_dags/plugins/listener_plugin.py for tasks to queue
[2024-08-08T22:23:35.670+0400] {logging_mixin.py:151} INFO - [2024-08-08T22:23:35.670+0400] {dagbag.py:539} INFO - Filling up the DagBag from /home/eduardo/airflow_venv/lib/python3.10/site-packages/airflow/example_dags/plugins/listener_plugin.py
[2024-08-08T22:23:35.673+0400] {processor.py:841} WARNING - No viable dags retrieved from /home/eduardo/airflow_venv/lib/python3.10/site-packages/airflow/example_dags/plugins/listener_plugin.py
[2024-08-08T22:23:35.686+0400] {processor.py:179} INFO - Processing /home/eduardo/airflow_venv/lib/python3.10/site-packages/airflow/example_dags/plugins/listener_plugin.py took 0.024 seconds
