[2024-08-08T20:18:51.619+0400] {processor.py:157} INFO - Started process (PID=6837) to work on /home/eduardo/airflow_venv/lib/python3.10/site-packages/airflow/example_dags/plugins/workday.py
[2024-08-08T20:18:51.620+0400] {processor.py:829} INFO - Processing file /home/eduardo/airflow_venv/lib/python3.10/site-packages/airflow/example_dags/plugins/workday.py for tasks to queue
[2024-08-08T20:18:51.620+0400] {logging_mixin.py:151} INFO - [2024-08-08T20:18:51.620+0400] {dagbag.py:539} INFO - Filling up the DagBag from /home/eduardo/airflow_venv/lib/python3.10/site-packages/airflow/example_dags/plugins/workday.py
[2024-08-08T20:18:51.623+0400] {logging_mixin.py:151} INFO - [2024-08-08T20:18:51.623+0400] {workday.py:36} WARNING - Could not import pandas. Holidays will not be considered.
[2024-08-08T20:18:51.623+0400] {processor.py:841} WARNING - No viable dags retrieved from /home/eduardo/airflow_venv/lib/python3.10/site-packages/airflow/example_dags/plugins/workday.py
[2024-08-08T20:18:51.631+0400] {processor.py:179} INFO - Processing /home/eduardo/airflow_venv/lib/python3.10/site-packages/airflow/example_dags/plugins/workday.py took 0.014 seconds
[2024-08-08T20:19:38.794+0400] {processor.py:157} INFO - Started process (PID=6883) to work on /home/eduardo/airflow_venv/lib/python3.10/site-packages/airflow/example_dags/plugins/workday.py
[2024-08-08T20:19:38.796+0400] {processor.py:829} INFO - Processing file /home/eduardo/airflow_venv/lib/python3.10/site-packages/airflow/example_dags/plugins/workday.py for tasks to queue
[2024-08-08T20:19:38.797+0400] {logging_mixin.py:151} INFO - [2024-08-08T20:19:38.797+0400] {dagbag.py:539} INFO - Filling up the DagBag from /home/eduardo/airflow_venv/lib/python3.10/site-packages/airflow/example_dags/plugins/workday.py
[2024-08-08T20:19:38.799+0400] {logging_mixin.py:151} INFO - [2024-08-08T20:19:38.799+0400] {workday.py:36} WARNING - Could not import pandas. Holidays will not be considered.
[2024-08-08T20:19:38.799+0400] {processor.py:841} WARNING - No viable dags retrieved from /home/eduardo/airflow_venv/lib/python3.10/site-packages/airflow/example_dags/plugins/workday.py
[2024-08-08T20:19:38.806+0400] {processor.py:179} INFO - Processing /home/eduardo/airflow_venv/lib/python3.10/site-packages/airflow/example_dags/plugins/workday.py took 0.014 seconds
[2024-08-08T20:20:19.980+0400] {processor.py:157} INFO - Started process (PID=6931) to work on /home/eduardo/airflow_venv/lib/python3.10/site-packages/airflow/example_dags/plugins/workday.py
[2024-08-08T20:20:19.981+0400] {processor.py:829} INFO - Processing file /home/eduardo/airflow_venv/lib/python3.10/site-packages/airflow/example_dags/plugins/workday.py for tasks to queue
[2024-08-08T20:20:19.981+0400] {logging_mixin.py:151} INFO - [2024-08-08T20:20:19.981+0400] {dagbag.py:539} INFO - Filling up the DagBag from /home/eduardo/airflow_venv/lib/python3.10/site-packages/airflow/example_dags/plugins/workday.py
[2024-08-08T20:20:19.983+0400] {logging_mixin.py:151} INFO - [2024-08-08T20:20:19.983+0400] {workday.py:36} WARNING - Could not import pandas. Holidays will not be considered.
[2024-08-08T20:20:19.983+0400] {processor.py:841} WARNING - No viable dags retrieved from /home/eduardo/airflow_venv/lib/python3.10/site-packages/airflow/example_dags/plugins/workday.py
[2024-08-08T20:20:19.991+0400] {processor.py:179} INFO - Processing /home/eduardo/airflow_venv/lib/python3.10/site-packages/airflow/example_dags/plugins/workday.py took 0.013 seconds
[2024-08-08T20:21:05.997+0400] {processor.py:157} INFO - Started process (PID=6977) to work on /home/eduardo/airflow_venv/lib/python3.10/site-packages/airflow/example_dags/plugins/workday.py
[2024-08-08T20:21:05.999+0400] {processor.py:829} INFO - Processing file /home/eduardo/airflow_venv/lib/python3.10/site-packages/airflow/example_dags/plugins/workday.py for tasks to queue
[2024-08-08T20:21:05.999+0400] {logging_mixin.py:151} INFO - [2024-08-08T20:21:05.999+0400] {dagbag.py:539} INFO - Filling up the DagBag from /home/eduardo/airflow_venv/lib/python3.10/site-packages/airflow/example_dags/plugins/workday.py
[2024-08-08T20:21:06.001+0400] {logging_mixin.py:151} INFO - [2024-08-08T20:21:06.001+0400] {workday.py:36} WARNING - Could not import pandas. Holidays will not be considered.
[2024-08-08T20:21:06.002+0400] {processor.py:841} WARNING - No viable dags retrieved from /home/eduardo/airflow_venv/lib/python3.10/site-packages/airflow/example_dags/plugins/workday.py
[2024-08-08T20:21:06.009+0400] {processor.py:179} INFO - Processing /home/eduardo/airflow_venv/lib/python3.10/site-packages/airflow/example_dags/plugins/workday.py took 0.014 seconds
[2024-08-08T20:21:57.218+0400] {processor.py:157} INFO - Started process (PID=7031) to work on /home/eduardo/airflow_venv/lib/python3.10/site-packages/airflow/example_dags/plugins/workday.py
[2024-08-08T20:21:57.219+0400] {processor.py:829} INFO - Processing file /home/eduardo/airflow_venv/lib/python3.10/site-packages/airflow/example_dags/plugins/workday.py for tasks to queue
[2024-08-08T20:21:57.219+0400] {logging_mixin.py:151} INFO - [2024-08-08T20:21:57.219+0400] {dagbag.py:539} INFO - Filling up the DagBag from /home/eduardo/airflow_venv/lib/python3.10/site-packages/airflow/example_dags/plugins/workday.py
[2024-08-08T20:21:57.221+0400] {logging_mixin.py:151} INFO - [2024-08-08T20:21:57.221+0400] {workday.py:36} WARNING - Could not import pandas. Holidays will not be considered.
[2024-08-08T20:21:57.222+0400] {processor.py:841} WARNING - No viable dags retrieved from /home/eduardo/airflow_venv/lib/python3.10/site-packages/airflow/example_dags/plugins/workday.py
[2024-08-08T20:21:57.232+0400] {processor.py:179} INFO - Processing /home/eduardo/airflow_venv/lib/python3.10/site-packages/airflow/example_dags/plugins/workday.py took 0.016 seconds
[2024-08-08T20:22:43.634+0400] {processor.py:157} INFO - Started process (PID=7080) to work on /home/eduardo/airflow_venv/lib/python3.10/site-packages/airflow/example_dags/plugins/workday.py
[2024-08-08T20:22:43.635+0400] {processor.py:829} INFO - Processing file /home/eduardo/airflow_venv/lib/python3.10/site-packages/airflow/example_dags/plugins/workday.py for tasks to queue
[2024-08-08T20:22:43.636+0400] {logging_mixin.py:151} INFO - [2024-08-08T20:22:43.636+0400] {dagbag.py:539} INFO - Filling up the DagBag from /home/eduardo/airflow_venv/lib/python3.10/site-packages/airflow/example_dags/plugins/workday.py
[2024-08-08T20:22:43.638+0400] {logging_mixin.py:151} INFO - [2024-08-08T20:22:43.638+0400] {workday.py:36} WARNING - Could not import pandas. Holidays will not be considered.
[2024-08-08T20:22:43.638+0400] {processor.py:841} WARNING - No viable dags retrieved from /home/eduardo/airflow_venv/lib/python3.10/site-packages/airflow/example_dags/plugins/workday.py
[2024-08-08T20:22:43.644+0400] {processor.py:179} INFO - Processing /home/eduardo/airflow_venv/lib/python3.10/site-packages/airflow/example_dags/plugins/workday.py took 0.012 seconds
[2024-08-08T20:23:28.562+0400] {processor.py:157} INFO - Started process (PID=7148) to work on /home/eduardo/airflow_venv/lib/python3.10/site-packages/airflow/example_dags/plugins/workday.py
[2024-08-08T20:23:28.563+0400] {processor.py:829} INFO - Processing file /home/eduardo/airflow_venv/lib/python3.10/site-packages/airflow/example_dags/plugins/workday.py for tasks to queue
[2024-08-08T20:23:28.564+0400] {logging_mixin.py:151} INFO - [2024-08-08T20:23:28.563+0400] {dagbag.py:539} INFO - Filling up the DagBag from /home/eduardo/airflow_venv/lib/python3.10/site-packages/airflow/example_dags/plugins/workday.py
[2024-08-08T20:23:28.566+0400] {logging_mixin.py:151} INFO - [2024-08-08T20:23:28.566+0400] {workday.py:36} WARNING - Could not import pandas. Holidays will not be considered.
[2024-08-08T20:23:28.566+0400] {processor.py:841} WARNING - No viable dags retrieved from /home/eduardo/airflow_venv/lib/python3.10/site-packages/airflow/example_dags/plugins/workday.py
[2024-08-08T20:23:28.574+0400] {processor.py:179} INFO - Processing /home/eduardo/airflow_venv/lib/python3.10/site-packages/airflow/example_dags/plugins/workday.py took 0.014 seconds
[2024-08-08T20:24:13.785+0400] {processor.py:157} INFO - Started process (PID=7194) to work on /home/eduardo/airflow_venv/lib/python3.10/site-packages/airflow/example_dags/plugins/workday.py
[2024-08-08T20:24:13.786+0400] {processor.py:829} INFO - Processing file /home/eduardo/airflow_venv/lib/python3.10/site-packages/airflow/example_dags/plugins/workday.py for tasks to queue
[2024-08-08T20:24:13.786+0400] {logging_mixin.py:151} INFO - [2024-08-08T20:24:13.786+0400] {dagbag.py:539} INFO - Filling up the DagBag from /home/eduardo/airflow_venv/lib/python3.10/site-packages/airflow/example_dags/plugins/workday.py
[2024-08-08T20:24:13.788+0400] {logging_mixin.py:151} INFO - [2024-08-08T20:24:13.788+0400] {workday.py:36} WARNING - Could not import pandas. Holidays will not be considered.
[2024-08-08T20:24:13.789+0400] {processor.py:841} WARNING - No viable dags retrieved from /home/eduardo/airflow_venv/lib/python3.10/site-packages/airflow/example_dags/plugins/workday.py
[2024-08-08T20:24:13.797+0400] {processor.py:179} INFO - Processing /home/eduardo/airflow_venv/lib/python3.10/site-packages/airflow/example_dags/plugins/workday.py took 0.014 seconds
[2024-08-08T20:25:00.255+0400] {processor.py:157} INFO - Started process (PID=7250) to work on /home/eduardo/airflow_venv/lib/python3.10/site-packages/airflow/example_dags/plugins/workday.py
[2024-08-08T20:25:00.257+0400] {processor.py:829} INFO - Processing file /home/eduardo/airflow_venv/lib/python3.10/site-packages/airflow/example_dags/plugins/workday.py for tasks to queue
[2024-08-08T20:25:00.258+0400] {logging_mixin.py:151} INFO - [2024-08-08T20:25:00.258+0400] {dagbag.py:539} INFO - Filling up the DagBag from /home/eduardo/airflow_venv/lib/python3.10/site-packages/airflow/example_dags/plugins/workday.py
[2024-08-08T20:25:00.261+0400] {logging_mixin.py:151} INFO - [2024-08-08T20:25:00.261+0400] {workday.py:36} WARNING - Could not import pandas. Holidays will not be considered.
[2024-08-08T20:25:00.261+0400] {processor.py:841} WARNING - No viable dags retrieved from /home/eduardo/airflow_venv/lib/python3.10/site-packages/airflow/example_dags/plugins/workday.py
[2024-08-08T20:25:00.269+0400] {processor.py:179} INFO - Processing /home/eduardo/airflow_venv/lib/python3.10/site-packages/airflow/example_dags/plugins/workday.py took 0.016 seconds
[2024-08-08T20:25:46.423+0400] {processor.py:157} INFO - Started process (PID=7298) to work on /home/eduardo/airflow_venv/lib/python3.10/site-packages/airflow/example_dags/plugins/workday.py
[2024-08-08T20:25:46.424+0400] {processor.py:829} INFO - Processing file /home/eduardo/airflow_venv/lib/python3.10/site-packages/airflow/example_dags/plugins/workday.py for tasks to queue
[2024-08-08T20:25:46.424+0400] {logging_mixin.py:151} INFO - [2024-08-08T20:25:46.424+0400] {dagbag.py:539} INFO - Filling up the DagBag from /home/eduardo/airflow_venv/lib/python3.10/site-packages/airflow/example_dags/plugins/workday.py
[2024-08-08T20:25:46.426+0400] {logging_mixin.py:151} INFO - [2024-08-08T20:25:46.426+0400] {workday.py:36} WARNING - Could not import pandas. Holidays will not be considered.
[2024-08-08T20:25:46.426+0400] {processor.py:841} WARNING - No viable dags retrieved from /home/eduardo/airflow_venv/lib/python3.10/site-packages/airflow/example_dags/plugins/workday.py
[2024-08-08T20:25:46.433+0400] {processor.py:179} INFO - Processing /home/eduardo/airflow_venv/lib/python3.10/site-packages/airflow/example_dags/plugins/workday.py took 0.012 seconds
[2024-08-08T22:10:03.561+0400] {processor.py:157} INFO - Started process (PID=9789) to work on /home/eduardo/airflow_venv/lib/python3.10/site-packages/airflow/example_dags/plugins/workday.py
[2024-08-08T22:10:03.563+0400] {processor.py:829} INFO - Processing file /home/eduardo/airflow_venv/lib/python3.10/site-packages/airflow/example_dags/plugins/workday.py for tasks to queue
[2024-08-08T22:10:03.564+0400] {logging_mixin.py:151} INFO - [2024-08-08T22:10:03.563+0400] {dagbag.py:539} INFO - Filling up the DagBag from /home/eduardo/airflow_venv/lib/python3.10/site-packages/airflow/example_dags/plugins/workday.py
[2024-08-08T22:10:03.567+0400] {logging_mixin.py:151} INFO - [2024-08-08T22:10:03.567+0400] {workday.py:36} WARNING - Could not import pandas. Holidays will not be considered.
[2024-08-08T22:10:03.567+0400] {processor.py:841} WARNING - No viable dags retrieved from /home/eduardo/airflow_venv/lib/python3.10/site-packages/airflow/example_dags/plugins/workday.py
[2024-08-08T22:10:03.576+0400] {processor.py:179} INFO - Processing /home/eduardo/airflow_venv/lib/python3.10/site-packages/airflow/example_dags/plugins/workday.py took 0.019 seconds
[2024-08-08T22:10:49.931+0400] {processor.py:157} INFO - Started process (PID=10226) to work on /home/eduardo/airflow_venv/lib/python3.10/site-packages/airflow/example_dags/plugins/workday.py
[2024-08-08T22:10:49.934+0400] {processor.py:829} INFO - Processing file /home/eduardo/airflow_venv/lib/python3.10/site-packages/airflow/example_dags/plugins/workday.py for tasks to queue
[2024-08-08T22:10:49.935+0400] {logging_mixin.py:151} INFO - [2024-08-08T22:10:49.934+0400] {dagbag.py:539} INFO - Filling up the DagBag from /home/eduardo/airflow_venv/lib/python3.10/site-packages/airflow/example_dags/plugins/workday.py
[2024-08-08T22:10:49.937+0400] {logging_mixin.py:151} INFO - [2024-08-08T22:10:49.937+0400] {workday.py:36} WARNING - Could not import pandas. Holidays will not be considered.
[2024-08-08T22:10:49.937+0400] {processor.py:841} WARNING - No viable dags retrieved from /home/eduardo/airflow_venv/lib/python3.10/site-packages/airflow/example_dags/plugins/workday.py
[2024-08-08T22:10:49.961+0400] {processor.py:179} INFO - Processing /home/eduardo/airflow_venv/lib/python3.10/site-packages/airflow/example_dags/plugins/workday.py took 0.032 seconds
[2024-08-08T22:11:41.753+0400] {processor.py:157} INFO - Started process (PID=10797) to work on /home/eduardo/airflow_venv/lib/python3.10/site-packages/airflow/example_dags/plugins/workday.py
[2024-08-08T22:11:41.756+0400] {processor.py:829} INFO - Processing file /home/eduardo/airflow_venv/lib/python3.10/site-packages/airflow/example_dags/plugins/workday.py for tasks to queue
[2024-08-08T22:11:41.757+0400] {logging_mixin.py:151} INFO - [2024-08-08T22:11:41.757+0400] {dagbag.py:539} INFO - Filling up the DagBag from /home/eduardo/airflow_venv/lib/python3.10/site-packages/airflow/example_dags/plugins/workday.py
[2024-08-08T22:11:41.760+0400] {logging_mixin.py:151} INFO - [2024-08-08T22:11:41.759+0400] {workday.py:36} WARNING - Could not import pandas. Holidays will not be considered.
[2024-08-08T22:11:41.760+0400] {processor.py:841} WARNING - No viable dags retrieved from /home/eduardo/airflow_venv/lib/python3.10/site-packages/airflow/example_dags/plugins/workday.py
[2024-08-08T22:11:41.770+0400] {processor.py:179} INFO - Processing /home/eduardo/airflow_venv/lib/python3.10/site-packages/airflow/example_dags/plugins/workday.py took 0.019 seconds
[2024-08-08T22:12:30.939+0400] {processor.py:157} INFO - Started process (PID=11175) to work on /home/eduardo/airflow_venv/lib/python3.10/site-packages/airflow/example_dags/plugins/workday.py
[2024-08-08T22:12:30.942+0400] {processor.py:829} INFO - Processing file /home/eduardo/airflow_venv/lib/python3.10/site-packages/airflow/example_dags/plugins/workday.py for tasks to queue
[2024-08-08T22:12:30.943+0400] {logging_mixin.py:151} INFO - [2024-08-08T22:12:30.942+0400] {dagbag.py:539} INFO - Filling up the DagBag from /home/eduardo/airflow_venv/lib/python3.10/site-packages/airflow/example_dags/plugins/workday.py
[2024-08-08T22:12:30.945+0400] {logging_mixin.py:151} INFO - [2024-08-08T22:12:30.945+0400] {workday.py:36} WARNING - Could not import pandas. Holidays will not be considered.
[2024-08-08T22:12:30.945+0400] {processor.py:841} WARNING - No viable dags retrieved from /home/eduardo/airflow_venv/lib/python3.10/site-packages/airflow/example_dags/plugins/workday.py
[2024-08-08T22:12:30.954+0400] {processor.py:179} INFO - Processing /home/eduardo/airflow_venv/lib/python3.10/site-packages/airflow/example_dags/plugins/workday.py took 0.017 seconds
[2024-08-08T22:13:19.026+0400] {processor.py:157} INFO - Started process (PID=11547) to work on /home/eduardo/airflow_venv/lib/python3.10/site-packages/airflow/example_dags/plugins/workday.py
[2024-08-08T22:13:19.028+0400] {processor.py:829} INFO - Processing file /home/eduardo/airflow_venv/lib/python3.10/site-packages/airflow/example_dags/plugins/workday.py for tasks to queue
[2024-08-08T22:13:19.029+0400] {logging_mixin.py:151} INFO - [2024-08-08T22:13:19.029+0400] {dagbag.py:539} INFO - Filling up the DagBag from /home/eduardo/airflow_venv/lib/python3.10/site-packages/airflow/example_dags/plugins/workday.py
[2024-08-08T22:13:19.032+0400] {logging_mixin.py:151} INFO - [2024-08-08T22:13:19.032+0400] {workday.py:36} WARNING - Could not import pandas. Holidays will not be considered.
[2024-08-08T22:13:19.032+0400] {processor.py:841} WARNING - No viable dags retrieved from /home/eduardo/airflow_venv/lib/python3.10/site-packages/airflow/example_dags/plugins/workday.py
[2024-08-08T22:13:19.044+0400] {processor.py:179} INFO - Processing /home/eduardo/airflow_venv/lib/python3.10/site-packages/airflow/example_dags/plugins/workday.py took 0.021 seconds
[2024-08-08T22:14:04.303+0400] {processor.py:157} INFO - Started process (PID=12067) to work on /home/eduardo/airflow_venv/lib/python3.10/site-packages/airflow/example_dags/plugins/workday.py
[2024-08-08T22:14:04.306+0400] {processor.py:829} INFO - Processing file /home/eduardo/airflow_venv/lib/python3.10/site-packages/airflow/example_dags/plugins/workday.py for tasks to queue
[2024-08-08T22:14:04.307+0400] {logging_mixin.py:151} INFO - [2024-08-08T22:14:04.307+0400] {dagbag.py:539} INFO - Filling up the DagBag from /home/eduardo/airflow_venv/lib/python3.10/site-packages/airflow/example_dags/plugins/workday.py
[2024-08-08T22:14:04.309+0400] {logging_mixin.py:151} INFO - [2024-08-08T22:14:04.309+0400] {workday.py:36} WARNING - Could not import pandas. Holidays will not be considered.
[2024-08-08T22:14:04.310+0400] {processor.py:841} WARNING - No viable dags retrieved from /home/eduardo/airflow_venv/lib/python3.10/site-packages/airflow/example_dags/plugins/workday.py
[2024-08-08T22:14:04.319+0400] {processor.py:179} INFO - Processing /home/eduardo/airflow_venv/lib/python3.10/site-packages/airflow/example_dags/plugins/workday.py took 0.018 seconds
[2024-08-08T22:14:56.962+0400] {processor.py:157} INFO - Started process (PID=12595) to work on /home/eduardo/airflow_venv/lib/python3.10/site-packages/airflow/example_dags/plugins/workday.py
[2024-08-08T22:14:56.965+0400] {processor.py:829} INFO - Processing file /home/eduardo/airflow_venv/lib/python3.10/site-packages/airflow/example_dags/plugins/workday.py for tasks to queue
[2024-08-08T22:14:56.966+0400] {logging_mixin.py:151} INFO - [2024-08-08T22:14:56.966+0400] {dagbag.py:539} INFO - Filling up the DagBag from /home/eduardo/airflow_venv/lib/python3.10/site-packages/airflow/example_dags/plugins/workday.py
[2024-08-08T22:14:56.969+0400] {logging_mixin.py:151} INFO - [2024-08-08T22:14:56.969+0400] {workday.py:36} WARNING - Could not import pandas. Holidays will not be considered.
[2024-08-08T22:14:56.969+0400] {processor.py:841} WARNING - No viable dags retrieved from /home/eduardo/airflow_venv/lib/python3.10/site-packages/airflow/example_dags/plugins/workday.py
[2024-08-08T22:14:56.979+0400] {processor.py:179} INFO - Processing /home/eduardo/airflow_venv/lib/python3.10/site-packages/airflow/example_dags/plugins/workday.py took 0.019 seconds
[2024-08-08T22:15:48.772+0400] {processor.py:157} INFO - Started process (PID=13086) to work on /home/eduardo/airflow_venv/lib/python3.10/site-packages/airflow/example_dags/plugins/workday.py
[2024-08-08T22:15:48.775+0400] {processor.py:829} INFO - Processing file /home/eduardo/airflow_venv/lib/python3.10/site-packages/airflow/example_dags/plugins/workday.py for tasks to queue
[2024-08-08T22:15:48.776+0400] {logging_mixin.py:151} INFO - [2024-08-08T22:15:48.776+0400] {dagbag.py:539} INFO - Filling up the DagBag from /home/eduardo/airflow_venv/lib/python3.10/site-packages/airflow/example_dags/plugins/workday.py
[2024-08-08T22:15:48.779+0400] {logging_mixin.py:151} INFO - [2024-08-08T22:15:48.779+0400] {workday.py:36} WARNING - Could not import pandas. Holidays will not be considered.
[2024-08-08T22:15:48.779+0400] {processor.py:841} WARNING - No viable dags retrieved from /home/eduardo/airflow_venv/lib/python3.10/site-packages/airflow/example_dags/plugins/workday.py
[2024-08-08T22:15:48.789+0400] {processor.py:179} INFO - Processing /home/eduardo/airflow_venv/lib/python3.10/site-packages/airflow/example_dags/plugins/workday.py took 0.020 seconds
[2024-08-08T22:16:38.021+0400] {processor.py:157} INFO - Started process (PID=13471) to work on /home/eduardo/airflow_venv/lib/python3.10/site-packages/airflow/example_dags/plugins/workday.py
[2024-08-08T22:16:38.024+0400] {processor.py:829} INFO - Processing file /home/eduardo/airflow_venv/lib/python3.10/site-packages/airflow/example_dags/plugins/workday.py for tasks to queue
[2024-08-08T22:16:38.025+0400] {logging_mixin.py:151} INFO - [2024-08-08T22:16:38.024+0400] {dagbag.py:539} INFO - Filling up the DagBag from /home/eduardo/airflow_venv/lib/python3.10/site-packages/airflow/example_dags/plugins/workday.py
[2024-08-08T22:16:38.027+0400] {logging_mixin.py:151} INFO - [2024-08-08T22:16:38.027+0400] {workday.py:36} WARNING - Could not import pandas. Holidays will not be considered.
[2024-08-08T22:16:38.028+0400] {processor.py:841} WARNING - No viable dags retrieved from /home/eduardo/airflow_venv/lib/python3.10/site-packages/airflow/example_dags/plugins/workday.py
[2024-08-08T22:16:38.037+0400] {processor.py:179} INFO - Processing /home/eduardo/airflow_venv/lib/python3.10/site-packages/airflow/example_dags/plugins/workday.py took 0.020 seconds
[2024-08-08T22:17:32.583+0400] {processor.py:157} INFO - Started process (PID=14097) to work on /home/eduardo/airflow_venv/lib/python3.10/site-packages/airflow/example_dags/plugins/workday.py
[2024-08-08T22:17:32.587+0400] {processor.py:829} INFO - Processing file /home/eduardo/airflow_venv/lib/python3.10/site-packages/airflow/example_dags/plugins/workday.py for tasks to queue
[2024-08-08T22:17:32.588+0400] {logging_mixin.py:151} INFO - [2024-08-08T22:17:32.587+0400] {dagbag.py:539} INFO - Filling up the DagBag from /home/eduardo/airflow_venv/lib/python3.10/site-packages/airflow/example_dags/plugins/workday.py
[2024-08-08T22:17:32.590+0400] {logging_mixin.py:151} INFO - [2024-08-08T22:17:32.590+0400] {workday.py:36} WARNING - Could not import pandas. Holidays will not be considered.
[2024-08-08T22:17:32.590+0400] {processor.py:841} WARNING - No viable dags retrieved from /home/eduardo/airflow_venv/lib/python3.10/site-packages/airflow/example_dags/plugins/workday.py
[2024-08-08T22:17:32.599+0400] {processor.py:179} INFO - Processing /home/eduardo/airflow_venv/lib/python3.10/site-packages/airflow/example_dags/plugins/workday.py took 0.021 seconds
[2024-08-08T22:18:24.361+0400] {processor.py:157} INFO - Started process (PID=14499) to work on /home/eduardo/airflow_venv/lib/python3.10/site-packages/airflow/example_dags/plugins/workday.py
[2024-08-08T22:18:24.364+0400] {processor.py:829} INFO - Processing file /home/eduardo/airflow_venv/lib/python3.10/site-packages/airflow/example_dags/plugins/workday.py for tasks to queue
[2024-08-08T22:18:24.364+0400] {logging_mixin.py:151} INFO - [2024-08-08T22:18:24.364+0400] {dagbag.py:539} INFO - Filling up the DagBag from /home/eduardo/airflow_venv/lib/python3.10/site-packages/airflow/example_dags/plugins/workday.py
[2024-08-08T22:18:24.367+0400] {logging_mixin.py:151} INFO - [2024-08-08T22:18:24.367+0400] {workday.py:36} WARNING - Could not import pandas. Holidays will not be considered.
[2024-08-08T22:18:24.368+0400] {processor.py:841} WARNING - No viable dags retrieved from /home/eduardo/airflow_venv/lib/python3.10/site-packages/airflow/example_dags/plugins/workday.py
[2024-08-08T22:18:24.378+0400] {processor.py:179} INFO - Processing /home/eduardo/airflow_venv/lib/python3.10/site-packages/airflow/example_dags/plugins/workday.py took 0.022 seconds
[2024-08-08T22:19:19.928+0400] {processor.py:157} INFO - Started process (PID=14929) to work on /home/eduardo/airflow_venv/lib/python3.10/site-packages/airflow/example_dags/plugins/workday.py
[2024-08-08T22:19:19.931+0400] {processor.py:829} INFO - Processing file /home/eduardo/airflow_venv/lib/python3.10/site-packages/airflow/example_dags/plugins/workday.py for tasks to queue
[2024-08-08T22:19:19.932+0400] {logging_mixin.py:151} INFO - [2024-08-08T22:19:19.931+0400] {dagbag.py:539} INFO - Filling up the DagBag from /home/eduardo/airflow_venv/lib/python3.10/site-packages/airflow/example_dags/plugins/workday.py
[2024-08-08T22:19:19.935+0400] {logging_mixin.py:151} INFO - [2024-08-08T22:19:19.934+0400] {workday.py:36} WARNING - Could not import pandas. Holidays will not be considered.
[2024-08-08T22:19:19.935+0400] {processor.py:841} WARNING - No viable dags retrieved from /home/eduardo/airflow_venv/lib/python3.10/site-packages/airflow/example_dags/plugins/workday.py
[2024-08-08T22:19:19.947+0400] {processor.py:179} INFO - Processing /home/eduardo/airflow_venv/lib/python3.10/site-packages/airflow/example_dags/plugins/workday.py took 0.022 seconds
[2024-08-08T22:20:06.862+0400] {processor.py:157} INFO - Started process (PID=15324) to work on /home/eduardo/airflow_venv/lib/python3.10/site-packages/airflow/example_dags/plugins/workday.py
[2024-08-08T22:20:06.865+0400] {processor.py:829} INFO - Processing file /home/eduardo/airflow_venv/lib/python3.10/site-packages/airflow/example_dags/plugins/workday.py for tasks to queue
[2024-08-08T22:20:06.866+0400] {logging_mixin.py:151} INFO - [2024-08-08T22:20:06.866+0400] {dagbag.py:539} INFO - Filling up the DagBag from /home/eduardo/airflow_venv/lib/python3.10/site-packages/airflow/example_dags/plugins/workday.py
[2024-08-08T22:20:06.871+0400] {logging_mixin.py:151} INFO - [2024-08-08T22:20:06.871+0400] {workday.py:36} WARNING - Could not import pandas. Holidays will not be considered.
[2024-08-08T22:20:06.872+0400] {processor.py:841} WARNING - No viable dags retrieved from /home/eduardo/airflow_venv/lib/python3.10/site-packages/airflow/example_dags/plugins/workday.py
[2024-08-08T22:20:06.886+0400] {processor.py:179} INFO - Processing /home/eduardo/airflow_venv/lib/python3.10/site-packages/airflow/example_dags/plugins/workday.py took 0.028 seconds
[2024-08-08T22:20:57.595+0400] {processor.py:157} INFO - Started process (PID=15758) to work on /home/eduardo/airflow_venv/lib/python3.10/site-packages/airflow/example_dags/plugins/workday.py
[2024-08-08T22:20:57.597+0400] {processor.py:829} INFO - Processing file /home/eduardo/airflow_venv/lib/python3.10/site-packages/airflow/example_dags/plugins/workday.py for tasks to queue
[2024-08-08T22:20:57.598+0400] {logging_mixin.py:151} INFO - [2024-08-08T22:20:57.598+0400] {dagbag.py:539} INFO - Filling up the DagBag from /home/eduardo/airflow_venv/lib/python3.10/site-packages/airflow/example_dags/plugins/workday.py
[2024-08-08T22:20:57.600+0400] {logging_mixin.py:151} INFO - [2024-08-08T22:20:57.600+0400] {workday.py:36} WARNING - Could not import pandas. Holidays will not be considered.
[2024-08-08T22:20:57.601+0400] {processor.py:841} WARNING - No viable dags retrieved from /home/eduardo/airflow_venv/lib/python3.10/site-packages/airflow/example_dags/plugins/workday.py
[2024-08-08T22:20:57.609+0400] {processor.py:179} INFO - Processing /home/eduardo/airflow_venv/lib/python3.10/site-packages/airflow/example_dags/plugins/workday.py took 0.017 seconds
[2024-08-08T22:21:51.746+0400] {processor.py:157} INFO - Started process (PID=16259) to work on /home/eduardo/airflow_venv/lib/python3.10/site-packages/airflow/example_dags/plugins/workday.py
[2024-08-08T22:21:51.749+0400] {processor.py:829} INFO - Processing file /home/eduardo/airflow_venv/lib/python3.10/site-packages/airflow/example_dags/plugins/workday.py for tasks to queue
[2024-08-08T22:21:51.750+0400] {logging_mixin.py:151} INFO - [2024-08-08T22:21:51.749+0400] {dagbag.py:539} INFO - Filling up the DagBag from /home/eduardo/airflow_venv/lib/python3.10/site-packages/airflow/example_dags/plugins/workday.py
[2024-08-08T22:21:51.752+0400] {logging_mixin.py:151} INFO - [2024-08-08T22:21:51.752+0400] {workday.py:36} WARNING - Could not import pandas. Holidays will not be considered.
[2024-08-08T22:21:51.752+0400] {processor.py:841} WARNING - No viable dags retrieved from /home/eduardo/airflow_venv/lib/python3.10/site-packages/airflow/example_dags/plugins/workday.py
[2024-08-08T22:21:51.760+0400] {processor.py:179} INFO - Processing /home/eduardo/airflow_venv/lib/python3.10/site-packages/airflow/example_dags/plugins/workday.py took 0.016 seconds
[2024-08-08T22:22:42.016+0400] {processor.py:157} INFO - Started process (PID=16650) to work on /home/eduardo/airflow_venv/lib/python3.10/site-packages/airflow/example_dags/plugins/workday.py
[2024-08-08T22:22:42.019+0400] {processor.py:829} INFO - Processing file /home/eduardo/airflow_venv/lib/python3.10/site-packages/airflow/example_dags/plugins/workday.py for tasks to queue
[2024-08-08T22:22:42.020+0400] {logging_mixin.py:151} INFO - [2024-08-08T22:22:42.020+0400] {dagbag.py:539} INFO - Filling up the DagBag from /home/eduardo/airflow_venv/lib/python3.10/site-packages/airflow/example_dags/plugins/workday.py
[2024-08-08T22:22:42.022+0400] {logging_mixin.py:151} INFO - [2024-08-08T22:22:42.022+0400] {workday.py:36} WARNING - Could not import pandas. Holidays will not be considered.
[2024-08-08T22:22:42.023+0400] {processor.py:841} WARNING - No viable dags retrieved from /home/eduardo/airflow_venv/lib/python3.10/site-packages/airflow/example_dags/plugins/workday.py
[2024-08-08T22:22:42.036+0400] {processor.py:179} INFO - Processing /home/eduardo/airflow_venv/lib/python3.10/site-packages/airflow/example_dags/plugins/workday.py took 0.025 seconds
[2024-08-08T22:23:33.768+0400] {processor.py:157} INFO - Started process (PID=17160) to work on /home/eduardo/airflow_venv/lib/python3.10/site-packages/airflow/example_dags/plugins/workday.py
[2024-08-08T22:23:33.770+0400] {processor.py:829} INFO - Processing file /home/eduardo/airflow_venv/lib/python3.10/site-packages/airflow/example_dags/plugins/workday.py for tasks to queue
[2024-08-08T22:23:33.773+0400] {logging_mixin.py:151} INFO - [2024-08-08T22:23:33.772+0400] {dagbag.py:539} INFO - Filling up the DagBag from /home/eduardo/airflow_venv/lib/python3.10/site-packages/airflow/example_dags/plugins/workday.py
[2024-08-08T22:23:33.776+0400] {logging_mixin.py:151} INFO - [2024-08-08T22:23:33.776+0400] {workday.py:36} WARNING - Could not import pandas. Holidays will not be considered.
[2024-08-08T22:23:33.777+0400] {processor.py:841} WARNING - No viable dags retrieved from /home/eduardo/airflow_venv/lib/python3.10/site-packages/airflow/example_dags/plugins/workday.py
[2024-08-08T22:23:33.788+0400] {processor.py:179} INFO - Processing /home/eduardo/airflow_venv/lib/python3.10/site-packages/airflow/example_dags/plugins/workday.py took 0.024 seconds
