[2024-08-08T20:18:26.685+0400] {processor.py:157} INFO - Started process (PID=6806) to work on /home/eduardo/airflow_venv/lib/python3.10/site-packages/airflow/example_dags/example_trigger_target_dag.py
[2024-08-08T20:18:26.685+0400] {processor.py:829} INFO - Processing file /home/eduardo/airflow_venv/lib/python3.10/site-packages/airflow/example_dags/example_trigger_target_dag.py for tasks to queue
[2024-08-08T20:18:26.686+0400] {logging_mixin.py:151} INFO - [2024-08-08T20:18:26.686+0400] {dagbag.py:539} INFO - Filling up the DagBag from /home/eduardo/airflow_venv/lib/python3.10/site-packages/airflow/example_dags/example_trigger_target_dag.py
[2024-08-08T20:18:26.692+0400] {processor.py:839} INFO - DAG(s) dict_keys(['example_trigger_target_dag']) retrieved from /home/eduardo/airflow_venv/lib/python3.10/site-packages/airflow/example_dags/example_trigger_target_dag.py
[2024-08-08T20:18:26.781+0400] {logging_mixin.py:151} INFO - [2024-08-08T20:18:26.781+0400] {manager.py:499} INFO - Created Permission View: %s
[2024-08-08T20:18:26.803+0400] {logging_mixin.py:151} INFO - [2024-08-08T20:18:26.803+0400] {manager.py:499} INFO - Created Permission View: %s
[2024-08-08T20:18:26.821+0400] {logging_mixin.py:151} INFO - [2024-08-08T20:18:26.821+0400] {manager.py:499} INFO - Created Permission View: %s
[2024-08-08T20:18:26.822+0400] {logging_mixin.py:151} INFO - [2024-08-08T20:18:26.821+0400] {security.py:708} INFO - Not syncing DAG-level permissions for DAG 'DAG:example_trigger_target_dag' as access control is unset.
[2024-08-08T20:18:26.822+0400] {logging_mixin.py:151} INFO - [2024-08-08T20:18:26.822+0400] {dag.py:2915} INFO - Sync 1 DAGs
[2024-08-08T20:18:26.830+0400] {logging_mixin.py:151} INFO - [2024-08-08T20:18:26.829+0400] {dag.py:2937} INFO - Creating ORM DAG for example_trigger_target_dag
[2024-08-08T20:18:26.831+0400] {logging_mixin.py:151} INFO - [2024-08-08T20:18:26.831+0400] {dag.py:3696} INFO - Setting next_dagrun for example_trigger_target_dag to None, run_after=None
[2024-08-08T20:18:26.862+0400] {processor.py:179} INFO - Processing /home/eduardo/airflow_venv/lib/python3.10/site-packages/airflow/example_dags/example_trigger_target_dag.py took 0.180 seconds
[2024-08-08T20:19:16.577+0400] {processor.py:157} INFO - Started process (PID=6861) to work on /home/eduardo/airflow_venv/lib/python3.10/site-packages/airflow/example_dags/example_trigger_target_dag.py
[2024-08-08T20:19:16.578+0400] {processor.py:829} INFO - Processing file /home/eduardo/airflow_venv/lib/python3.10/site-packages/airflow/example_dags/example_trigger_target_dag.py for tasks to queue
[2024-08-08T20:19:16.579+0400] {logging_mixin.py:151} INFO - [2024-08-08T20:19:16.579+0400] {dagbag.py:539} INFO - Filling up the DagBag from /home/eduardo/airflow_venv/lib/python3.10/site-packages/airflow/example_dags/example_trigger_target_dag.py
[2024-08-08T20:19:16.583+0400] {processor.py:839} INFO - DAG(s) dict_keys(['example_trigger_target_dag']) retrieved from /home/eduardo/airflow_venv/lib/python3.10/site-packages/airflow/example_dags/example_trigger_target_dag.py
[2024-08-08T20:19:16.594+0400] {logging_mixin.py:151} INFO - [2024-08-08T20:19:16.594+0400] {dag.py:2915} INFO - Sync 1 DAGs
[2024-08-08T20:19:16.601+0400] {logging_mixin.py:151} INFO - [2024-08-08T20:19:16.601+0400] {dag.py:3696} INFO - Setting next_dagrun for example_trigger_target_dag to None, run_after=None
[2024-08-08T20:19:16.630+0400] {processor.py:179} INFO - Processing /home/eduardo/airflow_venv/lib/python3.10/site-packages/airflow/example_dags/example_trigger_target_dag.py took 0.055 seconds
[2024-08-08T20:20:01.971+0400] {processor.py:157} INFO - Started process (PID=6909) to work on /home/eduardo/airflow_venv/lib/python3.10/site-packages/airflow/example_dags/example_trigger_target_dag.py
[2024-08-08T20:20:01.972+0400] {processor.py:829} INFO - Processing file /home/eduardo/airflow_venv/lib/python3.10/site-packages/airflow/example_dags/example_trigger_target_dag.py for tasks to queue
[2024-08-08T20:20:01.973+0400] {logging_mixin.py:151} INFO - [2024-08-08T20:20:01.973+0400] {dagbag.py:539} INFO - Filling up the DagBag from /home/eduardo/airflow_venv/lib/python3.10/site-packages/airflow/example_dags/example_trigger_target_dag.py
[2024-08-08T20:20:01.978+0400] {processor.py:839} INFO - DAG(s) dict_keys(['example_trigger_target_dag']) retrieved from /home/eduardo/airflow_venv/lib/python3.10/site-packages/airflow/example_dags/example_trigger_target_dag.py
[2024-08-08T20:20:01.990+0400] {logging_mixin.py:151} INFO - [2024-08-08T20:20:01.990+0400] {dag.py:2915} INFO - Sync 1 DAGs
[2024-08-08T20:20:01.998+0400] {logging_mixin.py:151} INFO - [2024-08-08T20:20:01.997+0400] {dag.py:3696} INFO - Setting next_dagrun for example_trigger_target_dag to None, run_after=None
[2024-08-08T20:20:02.024+0400] {processor.py:179} INFO - Processing /home/eduardo/airflow_venv/lib/python3.10/site-packages/airflow/example_dags/example_trigger_target_dag.py took 0.055 seconds
[2024-08-08T20:20:40.564+0400] {processor.py:157} INFO - Started process (PID=6951) to work on /home/eduardo/airflow_venv/lib/python3.10/site-packages/airflow/example_dags/example_trigger_target_dag.py
[2024-08-08T20:20:40.565+0400] {processor.py:829} INFO - Processing file /home/eduardo/airflow_venv/lib/python3.10/site-packages/airflow/example_dags/example_trigger_target_dag.py for tasks to queue
[2024-08-08T20:20:40.566+0400] {logging_mixin.py:151} INFO - [2024-08-08T20:20:40.566+0400] {dagbag.py:539} INFO - Filling up the DagBag from /home/eduardo/airflow_venv/lib/python3.10/site-packages/airflow/example_dags/example_trigger_target_dag.py
[2024-08-08T20:20:40.571+0400] {processor.py:839} INFO - DAG(s) dict_keys(['example_trigger_target_dag']) retrieved from /home/eduardo/airflow_venv/lib/python3.10/site-packages/airflow/example_dags/example_trigger_target_dag.py
[2024-08-08T20:20:40.584+0400] {logging_mixin.py:151} INFO - [2024-08-08T20:20:40.584+0400] {dag.py:2915} INFO - Sync 1 DAGs
[2024-08-08T20:20:40.594+0400] {logging_mixin.py:151} INFO - [2024-08-08T20:20:40.593+0400] {dag.py:3696} INFO - Setting next_dagrun for example_trigger_target_dag to None, run_after=None
[2024-08-08T20:20:40.621+0400] {processor.py:179} INFO - Processing /home/eduardo/airflow_venv/lib/python3.10/site-packages/airflow/example_dags/example_trigger_target_dag.py took 0.059 seconds
[2024-08-08T20:21:22.898+0400] {processor.py:157} INFO - Started process (PID=6996) to work on /home/eduardo/airflow_venv/lib/python3.10/site-packages/airflow/example_dags/example_trigger_target_dag.py
[2024-08-08T20:21:22.900+0400] {processor.py:829} INFO - Processing file /home/eduardo/airflow_venv/lib/python3.10/site-packages/airflow/example_dags/example_trigger_target_dag.py for tasks to queue
[2024-08-08T20:21:22.900+0400] {logging_mixin.py:151} INFO - [2024-08-08T20:21:22.900+0400] {dagbag.py:539} INFO - Filling up the DagBag from /home/eduardo/airflow_venv/lib/python3.10/site-packages/airflow/example_dags/example_trigger_target_dag.py
[2024-08-08T20:21:22.905+0400] {processor.py:839} INFO - DAG(s) dict_keys(['example_trigger_target_dag']) retrieved from /home/eduardo/airflow_venv/lib/python3.10/site-packages/airflow/example_dags/example_trigger_target_dag.py
[2024-08-08T20:21:22.919+0400] {logging_mixin.py:151} INFO - [2024-08-08T20:21:22.918+0400] {dag.py:2915} INFO - Sync 1 DAGs
[2024-08-08T20:21:22.928+0400] {logging_mixin.py:151} INFO - [2024-08-08T20:21:22.927+0400] {dag.py:3696} INFO - Setting next_dagrun for example_trigger_target_dag to None, run_after=None
[2024-08-08T20:21:22.957+0400] {processor.py:179} INFO - Processing /home/eduardo/airflow_venv/lib/python3.10/site-packages/airflow/example_dags/example_trigger_target_dag.py took 0.061 seconds
[2024-08-08T20:22:04.134+0400] {processor.py:157} INFO - Started process (PID=7039) to work on /home/eduardo/airflow_venv/lib/python3.10/site-packages/airflow/example_dags/example_trigger_target_dag.py
[2024-08-08T20:22:04.135+0400] {processor.py:829} INFO - Processing file /home/eduardo/airflow_venv/lib/python3.10/site-packages/airflow/example_dags/example_trigger_target_dag.py for tasks to queue
[2024-08-08T20:22:04.135+0400] {logging_mixin.py:151} INFO - [2024-08-08T20:22:04.135+0400] {dagbag.py:539} INFO - Filling up the DagBag from /home/eduardo/airflow_venv/lib/python3.10/site-packages/airflow/example_dags/example_trigger_target_dag.py
[2024-08-08T20:22:04.141+0400] {processor.py:839} INFO - DAG(s) dict_keys(['example_trigger_target_dag']) retrieved from /home/eduardo/airflow_venv/lib/python3.10/site-packages/airflow/example_dags/example_trigger_target_dag.py
[2024-08-08T20:22:04.152+0400] {logging_mixin.py:151} INFO - [2024-08-08T20:22:04.152+0400] {dag.py:2915} INFO - Sync 1 DAGs
[2024-08-08T20:22:04.159+0400] {logging_mixin.py:151} INFO - [2024-08-08T20:22:04.159+0400] {dag.py:3696} INFO - Setting next_dagrun for example_trigger_target_dag to None, run_after=None
[2024-08-08T20:22:04.189+0400] {processor.py:179} INFO - Processing /home/eduardo/airflow_venv/lib/python3.10/site-packages/airflow/example_dags/example_trigger_target_dag.py took 0.057 seconds
[2024-08-08T20:22:49.127+0400] {processor.py:157} INFO - Started process (PID=7086) to work on /home/eduardo/airflow_venv/lib/python3.10/site-packages/airflow/example_dags/example_trigger_target_dag.py
[2024-08-08T20:22:49.128+0400] {processor.py:829} INFO - Processing file /home/eduardo/airflow_venv/lib/python3.10/site-packages/airflow/example_dags/example_trigger_target_dag.py for tasks to queue
[2024-08-08T20:22:49.130+0400] {logging_mixin.py:151} INFO - [2024-08-08T20:22:49.129+0400] {dagbag.py:539} INFO - Filling up the DagBag from /home/eduardo/airflow_venv/lib/python3.10/site-packages/airflow/example_dags/example_trigger_target_dag.py
[2024-08-08T20:22:49.136+0400] {processor.py:839} INFO - DAG(s) dict_keys(['example_trigger_target_dag']) retrieved from /home/eduardo/airflow_venv/lib/python3.10/site-packages/airflow/example_dags/example_trigger_target_dag.py
[2024-08-08T20:22:49.146+0400] {logging_mixin.py:151} INFO - [2024-08-08T20:22:49.146+0400] {dag.py:2915} INFO - Sync 1 DAGs
[2024-08-08T20:22:49.153+0400] {logging_mixin.py:151} INFO - [2024-08-08T20:22:49.153+0400] {dag.py:3696} INFO - Setting next_dagrun for example_trigger_target_dag to None, run_after=None
[2024-08-08T20:22:49.181+0400] {processor.py:179} INFO - Processing /home/eduardo/airflow_venv/lib/python3.10/site-packages/airflow/example_dags/example_trigger_target_dag.py took 0.057 seconds
[2024-08-08T20:23:32.891+0400] {processor.py:157} INFO - Started process (PID=7153) to work on /home/eduardo/airflow_venv/lib/python3.10/site-packages/airflow/example_dags/example_trigger_target_dag.py
[2024-08-08T20:23:32.893+0400] {processor.py:829} INFO - Processing file /home/eduardo/airflow_venv/lib/python3.10/site-packages/airflow/example_dags/example_trigger_target_dag.py for tasks to queue
[2024-08-08T20:23:32.894+0400] {logging_mixin.py:151} INFO - [2024-08-08T20:23:32.893+0400] {dagbag.py:539} INFO - Filling up the DagBag from /home/eduardo/airflow_venv/lib/python3.10/site-packages/airflow/example_dags/example_trigger_target_dag.py
[2024-08-08T20:23:32.899+0400] {processor.py:839} INFO - DAG(s) dict_keys(['example_trigger_target_dag']) retrieved from /home/eduardo/airflow_venv/lib/python3.10/site-packages/airflow/example_dags/example_trigger_target_dag.py
[2024-08-08T20:23:32.909+0400] {logging_mixin.py:151} INFO - [2024-08-08T20:23:32.909+0400] {dag.py:2915} INFO - Sync 1 DAGs
[2024-08-08T20:23:32.916+0400] {logging_mixin.py:151} INFO - [2024-08-08T20:23:32.916+0400] {dag.py:3696} INFO - Setting next_dagrun for example_trigger_target_dag to None, run_after=None
[2024-08-08T20:23:32.942+0400] {processor.py:179} INFO - Processing /home/eduardo/airflow_venv/lib/python3.10/site-packages/airflow/example_dags/example_trigger_target_dag.py took 0.058 seconds
[2024-08-08T20:24:11.500+0400] {processor.py:157} INFO - Started process (PID=7192) to work on /home/eduardo/airflow_venv/lib/python3.10/site-packages/airflow/example_dags/example_trigger_target_dag.py
[2024-08-08T20:24:11.512+0400] {processor.py:829} INFO - Processing file /home/eduardo/airflow_venv/lib/python3.10/site-packages/airflow/example_dags/example_trigger_target_dag.py for tasks to queue
[2024-08-08T20:24:11.513+0400] {logging_mixin.py:151} INFO - [2024-08-08T20:24:11.513+0400] {dagbag.py:539} INFO - Filling up the DagBag from /home/eduardo/airflow_venv/lib/python3.10/site-packages/airflow/example_dags/example_trigger_target_dag.py
[2024-08-08T20:24:11.517+0400] {processor.py:839} INFO - DAG(s) dict_keys(['example_trigger_target_dag']) retrieved from /home/eduardo/airflow_venv/lib/python3.10/site-packages/airflow/example_dags/example_trigger_target_dag.py
[2024-08-08T20:24:11.528+0400] {logging_mixin.py:151} INFO - [2024-08-08T20:24:11.528+0400] {dag.py:2915} INFO - Sync 1 DAGs
[2024-08-08T20:24:11.534+0400] {logging_mixin.py:151} INFO - [2024-08-08T20:24:11.534+0400] {dag.py:3696} INFO - Setting next_dagrun for example_trigger_target_dag to None, run_after=None
[2024-08-08T20:24:11.560+0400] {processor.py:179} INFO - Processing /home/eduardo/airflow_venv/lib/python3.10/site-packages/airflow/example_dags/example_trigger_target_dag.py took 0.062 seconds
[2024-08-08T20:24:57.963+0400] {processor.py:157} INFO - Started process (PID=7248) to work on /home/eduardo/airflow_venv/lib/python3.10/site-packages/airflow/example_dags/example_trigger_target_dag.py
[2024-08-08T20:24:57.964+0400] {processor.py:829} INFO - Processing file /home/eduardo/airflow_venv/lib/python3.10/site-packages/airflow/example_dags/example_trigger_target_dag.py for tasks to queue
[2024-08-08T20:24:57.965+0400] {logging_mixin.py:151} INFO - [2024-08-08T20:24:57.965+0400] {dagbag.py:539} INFO - Filling up the DagBag from /home/eduardo/airflow_venv/lib/python3.10/site-packages/airflow/example_dags/example_trigger_target_dag.py
[2024-08-08T20:24:57.970+0400] {processor.py:839} INFO - DAG(s) dict_keys(['example_trigger_target_dag']) retrieved from /home/eduardo/airflow_venv/lib/python3.10/site-packages/airflow/example_dags/example_trigger_target_dag.py
[2024-08-08T20:24:57.982+0400] {logging_mixin.py:151} INFO - [2024-08-08T20:24:57.982+0400] {dag.py:2915} INFO - Sync 1 DAGs
[2024-08-08T20:24:57.989+0400] {logging_mixin.py:151} INFO - [2024-08-08T20:24:57.989+0400] {dag.py:3696} INFO - Setting next_dagrun for example_trigger_target_dag to None, run_after=None
[2024-08-08T20:24:58.013+0400] {processor.py:179} INFO - Processing /home/eduardo/airflow_venv/lib/python3.10/site-packages/airflow/example_dags/example_trigger_target_dag.py took 0.053 seconds
[2024-08-08T20:25:43.537+0400] {processor.py:157} INFO - Started process (PID=7295) to work on /home/eduardo/airflow_venv/lib/python3.10/site-packages/airflow/example_dags/example_trigger_target_dag.py
[2024-08-08T20:25:43.538+0400] {processor.py:829} INFO - Processing file /home/eduardo/airflow_venv/lib/python3.10/site-packages/airflow/example_dags/example_trigger_target_dag.py for tasks to queue
[2024-08-08T20:25:43.539+0400] {logging_mixin.py:151} INFO - [2024-08-08T20:25:43.538+0400] {dagbag.py:539} INFO - Filling up the DagBag from /home/eduardo/airflow_venv/lib/python3.10/site-packages/airflow/example_dags/example_trigger_target_dag.py
[2024-08-08T20:25:43.543+0400] {processor.py:839} INFO - DAG(s) dict_keys(['example_trigger_target_dag']) retrieved from /home/eduardo/airflow_venv/lib/python3.10/site-packages/airflow/example_dags/example_trigger_target_dag.py
[2024-08-08T20:25:43.555+0400] {logging_mixin.py:151} INFO - [2024-08-08T20:25:43.555+0400] {dag.py:2915} INFO - Sync 1 DAGs
[2024-08-08T20:25:43.565+0400] {logging_mixin.py:151} INFO - [2024-08-08T20:25:43.564+0400] {dag.py:3696} INFO - Setting next_dagrun for example_trigger_target_dag to None, run_after=None
[2024-08-08T20:25:43.591+0400] {processor.py:179} INFO - Processing /home/eduardo/airflow_venv/lib/python3.10/site-packages/airflow/example_dags/example_trigger_target_dag.py took 0.057 seconds
[2024-08-08T22:09:40.282+0400] {processor.py:157} INFO - Started process (PID=9476) to work on /home/eduardo/airflow_venv/lib/python3.10/site-packages/airflow/example_dags/example_trigger_target_dag.py
[2024-08-08T22:09:40.285+0400] {processor.py:829} INFO - Processing file /home/eduardo/airflow_venv/lib/python3.10/site-packages/airflow/example_dags/example_trigger_target_dag.py for tasks to queue
[2024-08-08T22:09:40.285+0400] {logging_mixin.py:151} INFO - [2024-08-08T22:09:40.285+0400] {dagbag.py:539} INFO - Filling up the DagBag from /home/eduardo/airflow_venv/lib/python3.10/site-packages/airflow/example_dags/example_trigger_target_dag.py
[2024-08-08T22:09:40.293+0400] {processor.py:839} INFO - DAG(s) dict_keys(['example_trigger_target_dag']) retrieved from /home/eduardo/airflow_venv/lib/python3.10/site-packages/airflow/example_dags/example_trigger_target_dag.py
[2024-08-08T22:09:40.317+0400] {logging_mixin.py:151} INFO - [2024-08-08T22:09:40.317+0400] {dag.py:2915} INFO - Sync 1 DAGs
[2024-08-08T22:09:40.333+0400] {logging_mixin.py:151} INFO - [2024-08-08T22:09:40.333+0400] {dag.py:3696} INFO - Setting next_dagrun for example_trigger_target_dag to None, run_after=None
[2024-08-08T22:09:40.377+0400] {processor.py:179} INFO - Processing /home/eduardo/airflow_venv/lib/python3.10/site-packages/airflow/example_dags/example_trigger_target_dag.py took 0.098 seconds
[2024-08-08T22:10:28.061+0400] {processor.py:157} INFO - Started process (PID=10053) to work on /home/eduardo/airflow_venv/lib/python3.10/site-packages/airflow/example_dags/example_trigger_target_dag.py
[2024-08-08T22:10:28.064+0400] {processor.py:829} INFO - Processing file /home/eduardo/airflow_venv/lib/python3.10/site-packages/airflow/example_dags/example_trigger_target_dag.py for tasks to queue
[2024-08-08T22:10:28.066+0400] {logging_mixin.py:151} INFO - [2024-08-08T22:10:28.065+0400] {dagbag.py:539} INFO - Filling up the DagBag from /home/eduardo/airflow_venv/lib/python3.10/site-packages/airflow/example_dags/example_trigger_target_dag.py
[2024-08-08T22:10:28.078+0400] {processor.py:839} INFO - DAG(s) dict_keys(['example_trigger_target_dag']) retrieved from /home/eduardo/airflow_venv/lib/python3.10/site-packages/airflow/example_dags/example_trigger_target_dag.py
[2024-08-08T22:10:28.098+0400] {logging_mixin.py:151} INFO - [2024-08-08T22:10:28.098+0400] {dag.py:2915} INFO - Sync 1 DAGs
[2024-08-08T22:10:28.108+0400] {logging_mixin.py:151} INFO - [2024-08-08T22:10:28.107+0400] {dag.py:3696} INFO - Setting next_dagrun for example_trigger_target_dag to None, run_after=None
[2024-08-08T22:10:28.141+0400] {processor.py:179} INFO - Processing /home/eduardo/airflow_venv/lib/python3.10/site-packages/airflow/example_dags/example_trigger_target_dag.py took 0.086 seconds
[2024-08-08T22:11:16.354+0400] {processor.py:157} INFO - Started process (PID=10567) to work on /home/eduardo/airflow_venv/lib/python3.10/site-packages/airflow/example_dags/example_trigger_target_dag.py
[2024-08-08T22:11:16.356+0400] {processor.py:829} INFO - Processing file /home/eduardo/airflow_venv/lib/python3.10/site-packages/airflow/example_dags/example_trigger_target_dag.py for tasks to queue
[2024-08-08T22:11:16.357+0400] {logging_mixin.py:151} INFO - [2024-08-08T22:11:16.357+0400] {dagbag.py:539} INFO - Filling up the DagBag from /home/eduardo/airflow_venv/lib/python3.10/site-packages/airflow/example_dags/example_trigger_target_dag.py
[2024-08-08T22:11:16.365+0400] {processor.py:839} INFO - DAG(s) dict_keys(['example_trigger_target_dag']) retrieved from /home/eduardo/airflow_venv/lib/python3.10/site-packages/airflow/example_dags/example_trigger_target_dag.py
[2024-08-08T22:11:16.386+0400] {logging_mixin.py:151} INFO - [2024-08-08T22:11:16.386+0400] {dag.py:2915} INFO - Sync 1 DAGs
[2024-08-08T22:11:16.398+0400] {logging_mixin.py:151} INFO - [2024-08-08T22:11:16.398+0400] {dag.py:3696} INFO - Setting next_dagrun for example_trigger_target_dag to None, run_after=None
[2024-08-08T22:11:16.431+0400] {processor.py:179} INFO - Processing /home/eduardo/airflow_venv/lib/python3.10/site-packages/airflow/example_dags/example_trigger_target_dag.py took 0.080 seconds
[2024-08-08T22:11:53.035+0400] {processor.py:157} INFO - Started process (PID=10882) to work on /home/eduardo/airflow_venv/lib/python3.10/site-packages/airflow/example_dags/example_trigger_target_dag.py
[2024-08-08T22:11:53.038+0400] {processor.py:829} INFO - Processing file /home/eduardo/airflow_venv/lib/python3.10/site-packages/airflow/example_dags/example_trigger_target_dag.py for tasks to queue
[2024-08-08T22:11:53.039+0400] {logging_mixin.py:151} INFO - [2024-08-08T22:11:53.038+0400] {dagbag.py:539} INFO - Filling up the DagBag from /home/eduardo/airflow_venv/lib/python3.10/site-packages/airflow/example_dags/example_trigger_target_dag.py
[2024-08-08T22:11:53.045+0400] {processor.py:839} INFO - DAG(s) dict_keys(['example_trigger_target_dag']) retrieved from /home/eduardo/airflow_venv/lib/python3.10/site-packages/airflow/example_dags/example_trigger_target_dag.py
[2024-08-08T22:11:53.061+0400] {logging_mixin.py:151} INFO - [2024-08-08T22:11:53.061+0400] {dag.py:2915} INFO - Sync 1 DAGs
[2024-08-08T22:11:53.070+0400] {logging_mixin.py:151} INFO - [2024-08-08T22:11:53.070+0400] {dag.py:3696} INFO - Setting next_dagrun for example_trigger_target_dag to None, run_after=None
[2024-08-08T22:11:53.100+0400] {processor.py:179} INFO - Processing /home/eduardo/airflow_venv/lib/python3.10/site-packages/airflow/example_dags/example_trigger_target_dag.py took 0.068 seconds
[2024-08-08T22:12:42.752+0400] {processor.py:157} INFO - Started process (PID=11269) to work on /home/eduardo/airflow_venv/lib/python3.10/site-packages/airflow/example_dags/example_trigger_target_dag.py
[2024-08-08T22:12:42.755+0400] {processor.py:829} INFO - Processing file /home/eduardo/airflow_venv/lib/python3.10/site-packages/airflow/example_dags/example_trigger_target_dag.py for tasks to queue
[2024-08-08T22:12:42.756+0400] {logging_mixin.py:151} INFO - [2024-08-08T22:12:42.755+0400] {dagbag.py:539} INFO - Filling up the DagBag from /home/eduardo/airflow_venv/lib/python3.10/site-packages/airflow/example_dags/example_trigger_target_dag.py
[2024-08-08T22:12:42.762+0400] {processor.py:839} INFO - DAG(s) dict_keys(['example_trigger_target_dag']) retrieved from /home/eduardo/airflow_venv/lib/python3.10/site-packages/airflow/example_dags/example_trigger_target_dag.py
[2024-08-08T22:12:42.787+0400] {logging_mixin.py:151} INFO - [2024-08-08T22:12:42.787+0400] {dag.py:2915} INFO - Sync 1 DAGs
[2024-08-08T22:12:42.798+0400] {logging_mixin.py:151} INFO - [2024-08-08T22:12:42.798+0400] {dag.py:3696} INFO - Setting next_dagrun for example_trigger_target_dag to None, run_after=None
[2024-08-08T22:12:42.832+0400] {processor.py:179} INFO - Processing /home/eduardo/airflow_venv/lib/python3.10/site-packages/airflow/example_dags/example_trigger_target_dag.py took 0.083 seconds
[2024-08-08T22:13:30.784+0400] {processor.py:157} INFO - Started process (PID=11678) to work on /home/eduardo/airflow_venv/lib/python3.10/site-packages/airflow/example_dags/example_trigger_target_dag.py
[2024-08-08T22:13:30.787+0400] {processor.py:829} INFO - Processing file /home/eduardo/airflow_venv/lib/python3.10/site-packages/airflow/example_dags/example_trigger_target_dag.py for tasks to queue
[2024-08-08T22:13:30.789+0400] {logging_mixin.py:151} INFO - [2024-08-08T22:13:30.788+0400] {dagbag.py:539} INFO - Filling up the DagBag from /home/eduardo/airflow_venv/lib/python3.10/site-packages/airflow/example_dags/example_trigger_target_dag.py
[2024-08-08T22:13:30.797+0400] {processor.py:839} INFO - DAG(s) dict_keys(['example_trigger_target_dag']) retrieved from /home/eduardo/airflow_venv/lib/python3.10/site-packages/airflow/example_dags/example_trigger_target_dag.py
[2024-08-08T22:13:30.812+0400] {logging_mixin.py:151} INFO - [2024-08-08T22:13:30.812+0400] {dag.py:2915} INFO - Sync 1 DAGs
[2024-08-08T22:13:30.821+0400] {logging_mixin.py:151} INFO - [2024-08-08T22:13:30.821+0400] {dag.py:3696} INFO - Setting next_dagrun for example_trigger_target_dag to None, run_after=None
[2024-08-08T22:13:30.852+0400] {processor.py:179} INFO - Processing /home/eduardo/airflow_venv/lib/python3.10/site-packages/airflow/example_dags/example_trigger_target_dag.py took 0.073 seconds
[2024-08-08T22:14:16.655+0400] {processor.py:157} INFO - Started process (PID=12244) to work on /home/eduardo/airflow_venv/lib/python3.10/site-packages/airflow/example_dags/example_trigger_target_dag.py
[2024-08-08T22:14:16.658+0400] {processor.py:829} INFO - Processing file /home/eduardo/airflow_venv/lib/python3.10/site-packages/airflow/example_dags/example_trigger_target_dag.py for tasks to queue
[2024-08-08T22:14:16.658+0400] {logging_mixin.py:151} INFO - [2024-08-08T22:14:16.658+0400] {dagbag.py:539} INFO - Filling up the DagBag from /home/eduardo/airflow_venv/lib/python3.10/site-packages/airflow/example_dags/example_trigger_target_dag.py
[2024-08-08T22:14:16.664+0400] {processor.py:839} INFO - DAG(s) dict_keys(['example_trigger_target_dag']) retrieved from /home/eduardo/airflow_venv/lib/python3.10/site-packages/airflow/example_dags/example_trigger_target_dag.py
[2024-08-08T22:14:16.672+0400] {logging_mixin.py:151} INFO - [2024-08-08T22:14:16.672+0400] {dag.py:2915} INFO - Sync 1 DAGs
[2024-08-08T22:14:16.686+0400] {logging_mixin.py:151} INFO - [2024-08-08T22:14:16.685+0400] {dag.py:3696} INFO - Setting next_dagrun for example_trigger_target_dag to None, run_after=None
[2024-08-08T22:14:16.716+0400] {processor.py:179} INFO - Processing /home/eduardo/airflow_venv/lib/python3.10/site-packages/airflow/example_dags/example_trigger_target_dag.py took 0.064 seconds
[2024-08-08T22:15:07.440+0400] {processor.py:157} INFO - Started process (PID=12676) to work on /home/eduardo/airflow_venv/lib/python3.10/site-packages/airflow/example_dags/example_trigger_target_dag.py
[2024-08-08T22:15:07.443+0400] {processor.py:829} INFO - Processing file /home/eduardo/airflow_venv/lib/python3.10/site-packages/airflow/example_dags/example_trigger_target_dag.py for tasks to queue
[2024-08-08T22:15:07.444+0400] {logging_mixin.py:151} INFO - [2024-08-08T22:15:07.443+0400] {dagbag.py:539} INFO - Filling up the DagBag from /home/eduardo/airflow_venv/lib/python3.10/site-packages/airflow/example_dags/example_trigger_target_dag.py
[2024-08-08T22:15:07.450+0400] {processor.py:839} INFO - DAG(s) dict_keys(['example_trigger_target_dag']) retrieved from /home/eduardo/airflow_venv/lib/python3.10/site-packages/airflow/example_dags/example_trigger_target_dag.py
[2024-08-08T22:15:07.467+0400] {logging_mixin.py:151} INFO - [2024-08-08T22:15:07.467+0400] {dag.py:2915} INFO - Sync 1 DAGs
[2024-08-08T22:15:07.483+0400] {logging_mixin.py:151} INFO - [2024-08-08T22:15:07.482+0400] {dag.py:3696} INFO - Setting next_dagrun for example_trigger_target_dag to None, run_after=None
[2024-08-08T22:15:07.525+0400] {processor.py:179} INFO - Processing /home/eduardo/airflow_venv/lib/python3.10/site-packages/airflow/example_dags/example_trigger_target_dag.py took 0.090 seconds
[2024-08-08T22:15:59.118+0400] {processor.py:157} INFO - Started process (PID=13167) to work on /home/eduardo/airflow_venv/lib/python3.10/site-packages/airflow/example_dags/example_trigger_target_dag.py
[2024-08-08T22:15:59.122+0400] {processor.py:829} INFO - Processing file /home/eduardo/airflow_venv/lib/python3.10/site-packages/airflow/example_dags/example_trigger_target_dag.py for tasks to queue
[2024-08-08T22:15:59.123+0400] {logging_mixin.py:151} INFO - [2024-08-08T22:15:59.123+0400] {dagbag.py:539} INFO - Filling up the DagBag from /home/eduardo/airflow_venv/lib/python3.10/site-packages/airflow/example_dags/example_trigger_target_dag.py
[2024-08-08T22:15:59.130+0400] {processor.py:839} INFO - DAG(s) dict_keys(['example_trigger_target_dag']) retrieved from /home/eduardo/airflow_venv/lib/python3.10/site-packages/airflow/example_dags/example_trigger_target_dag.py
[2024-08-08T22:15:59.143+0400] {logging_mixin.py:151} INFO - [2024-08-08T22:15:59.143+0400] {dag.py:2915} INFO - Sync 1 DAGs
[2024-08-08T22:15:59.158+0400] {logging_mixin.py:151} INFO - [2024-08-08T22:15:59.157+0400] {dag.py:3696} INFO - Setting next_dagrun for example_trigger_target_dag to None, run_after=None
[2024-08-08T22:15:59.198+0400] {processor.py:179} INFO - Processing /home/eduardo/airflow_venv/lib/python3.10/site-packages/airflow/example_dags/example_trigger_target_dag.py took 0.084 seconds
[2024-08-08T22:16:47.047+0400] {processor.py:157} INFO - Started process (PID=13617) to work on /home/eduardo/airflow_venv/lib/python3.10/site-packages/airflow/example_dags/example_trigger_target_dag.py
[2024-08-08T22:16:47.051+0400] {processor.py:829} INFO - Processing file /home/eduardo/airflow_venv/lib/python3.10/site-packages/airflow/example_dags/example_trigger_target_dag.py for tasks to queue
[2024-08-08T22:16:47.053+0400] {logging_mixin.py:151} INFO - [2024-08-08T22:16:47.052+0400] {dagbag.py:539} INFO - Filling up the DagBag from /home/eduardo/airflow_venv/lib/python3.10/site-packages/airflow/example_dags/example_trigger_target_dag.py
[2024-08-08T22:16:47.064+0400] {processor.py:839} INFO - DAG(s) dict_keys(['example_trigger_target_dag']) retrieved from /home/eduardo/airflow_venv/lib/python3.10/site-packages/airflow/example_dags/example_trigger_target_dag.py
[2024-08-08T22:16:47.080+0400] {logging_mixin.py:151} INFO - [2024-08-08T22:16:47.080+0400] {dag.py:2915} INFO - Sync 1 DAGs
[2024-08-08T22:16:47.090+0400] {logging_mixin.py:151} INFO - [2024-08-08T22:16:47.089+0400] {dag.py:3696} INFO - Setting next_dagrun for example_trigger_target_dag to None, run_after=None
[2024-08-08T22:16:47.118+0400] {processor.py:179} INFO - Processing /home/eduardo/airflow_venv/lib/python3.10/site-packages/airflow/example_dags/example_trigger_target_dag.py took 0.076 seconds
[2024-08-08T22:17:23.294+0400] {processor.py:157} INFO - Started process (PID=14022) to work on /home/eduardo/airflow_venv/lib/python3.10/site-packages/airflow/example_dags/example_trigger_target_dag.py
[2024-08-08T22:17:23.297+0400] {processor.py:829} INFO - Processing file /home/eduardo/airflow_venv/lib/python3.10/site-packages/airflow/example_dags/example_trigger_target_dag.py for tasks to queue
[2024-08-08T22:17:23.298+0400] {logging_mixin.py:151} INFO - [2024-08-08T22:17:23.298+0400] {dagbag.py:539} INFO - Filling up the DagBag from /home/eduardo/airflow_venv/lib/python3.10/site-packages/airflow/example_dags/example_trigger_target_dag.py
[2024-08-08T22:17:23.308+0400] {processor.py:839} INFO - DAG(s) dict_keys(['example_trigger_target_dag']) retrieved from /home/eduardo/airflow_venv/lib/python3.10/site-packages/airflow/example_dags/example_trigger_target_dag.py
[2024-08-08T22:17:23.327+0400] {logging_mixin.py:151} INFO - [2024-08-08T22:17:23.327+0400] {dag.py:2915} INFO - Sync 1 DAGs
[2024-08-08T22:17:23.340+0400] {logging_mixin.py:151} INFO - [2024-08-08T22:17:23.340+0400] {dag.py:3696} INFO - Setting next_dagrun for example_trigger_target_dag to None, run_after=None
[2024-08-08T22:17:23.380+0400] {processor.py:179} INFO - Processing /home/eduardo/airflow_venv/lib/python3.10/site-packages/airflow/example_dags/example_trigger_target_dag.py took 0.088 seconds
[2024-08-08T22:17:58.810+0400] {processor.py:157} INFO - Started process (PID=14297) to work on /home/eduardo/airflow_venv/lib/python3.10/site-packages/airflow/example_dags/example_trigger_target_dag.py
[2024-08-08T22:17:58.812+0400] {processor.py:829} INFO - Processing file /home/eduardo/airflow_venv/lib/python3.10/site-packages/airflow/example_dags/example_trigger_target_dag.py for tasks to queue
[2024-08-08T22:17:58.813+0400] {logging_mixin.py:151} INFO - [2024-08-08T22:17:58.813+0400] {dagbag.py:539} INFO - Filling up the DagBag from /home/eduardo/airflow_venv/lib/python3.10/site-packages/airflow/example_dags/example_trigger_target_dag.py
[2024-08-08T22:17:58.818+0400] {processor.py:839} INFO - DAG(s) dict_keys(['example_trigger_target_dag']) retrieved from /home/eduardo/airflow_venv/lib/python3.10/site-packages/airflow/example_dags/example_trigger_target_dag.py
[2024-08-08T22:17:58.831+0400] {logging_mixin.py:151} INFO - [2024-08-08T22:17:58.831+0400] {dag.py:2915} INFO - Sync 1 DAGs
[2024-08-08T22:17:58.839+0400] {logging_mixin.py:151} INFO - [2024-08-08T22:17:58.839+0400] {dag.py:3696} INFO - Setting next_dagrun for example_trigger_target_dag to None, run_after=None
[2024-08-08T22:17:58.863+0400] {processor.py:179} INFO - Processing /home/eduardo/airflow_venv/lib/python3.10/site-packages/airflow/example_dags/example_trigger_target_dag.py took 0.055 seconds
[2024-08-08T22:18:34.015+0400] {processor.py:157} INFO - Started process (PID=14573) to work on /home/eduardo/airflow_venv/lib/python3.10/site-packages/airflow/example_dags/example_trigger_target_dag.py
[2024-08-08T22:18:34.018+0400] {processor.py:829} INFO - Processing file /home/eduardo/airflow_venv/lib/python3.10/site-packages/airflow/example_dags/example_trigger_target_dag.py for tasks to queue
[2024-08-08T22:18:34.019+0400] {logging_mixin.py:151} INFO - [2024-08-08T22:18:34.019+0400] {dagbag.py:539} INFO - Filling up the DagBag from /home/eduardo/airflow_venv/lib/python3.10/site-packages/airflow/example_dags/example_trigger_target_dag.py
[2024-08-08T22:18:34.025+0400] {processor.py:839} INFO - DAG(s) dict_keys(['example_trigger_target_dag']) retrieved from /home/eduardo/airflow_venv/lib/python3.10/site-packages/airflow/example_dags/example_trigger_target_dag.py
[2024-08-08T22:18:34.037+0400] {logging_mixin.py:151} INFO - [2024-08-08T22:18:34.037+0400] {dag.py:2915} INFO - Sync 1 DAGs
[2024-08-08T22:18:34.045+0400] {logging_mixin.py:151} INFO - [2024-08-08T22:18:34.045+0400] {dag.py:3696} INFO - Setting next_dagrun for example_trigger_target_dag to None, run_after=None
[2024-08-08T22:18:34.078+0400] {processor.py:179} INFO - Processing /home/eduardo/airflow_venv/lib/python3.10/site-packages/airflow/example_dags/example_trigger_target_dag.py took 0.067 seconds
[2024-08-08T22:19:11.196+0400] {processor.py:157} INFO - Started process (PID=14863) to work on /home/eduardo/airflow_venv/lib/python3.10/site-packages/airflow/example_dags/example_trigger_target_dag.py
[2024-08-08T22:19:11.199+0400] {processor.py:829} INFO - Processing file /home/eduardo/airflow_venv/lib/python3.10/site-packages/airflow/example_dags/example_trigger_target_dag.py for tasks to queue
[2024-08-08T22:19:11.200+0400] {logging_mixin.py:151} INFO - [2024-08-08T22:19:11.199+0400] {dagbag.py:539} INFO - Filling up the DagBag from /home/eduardo/airflow_venv/lib/python3.10/site-packages/airflow/example_dags/example_trigger_target_dag.py
[2024-08-08T22:19:11.209+0400] {processor.py:839} INFO - DAG(s) dict_keys(['example_trigger_target_dag']) retrieved from /home/eduardo/airflow_venv/lib/python3.10/site-packages/airflow/example_dags/example_trigger_target_dag.py
[2024-08-08T22:19:11.229+0400] {logging_mixin.py:151} INFO - [2024-08-08T22:19:11.229+0400] {dag.py:2915} INFO - Sync 1 DAGs
[2024-08-08T22:19:11.239+0400] {logging_mixin.py:151} INFO - [2024-08-08T22:19:11.239+0400] {dag.py:3696} INFO - Setting next_dagrun for example_trigger_target_dag to None, run_after=None
[2024-08-08T22:19:11.280+0400] {processor.py:179} INFO - Processing /home/eduardo/airflow_venv/lib/python3.10/site-packages/airflow/example_dags/example_trigger_target_dag.py took 0.088 seconds
[2024-08-08T22:19:58.044+0400] {processor.py:157} INFO - Started process (PID=15251) to work on /home/eduardo/airflow_venv/lib/python3.10/site-packages/airflow/example_dags/example_trigger_target_dag.py
[2024-08-08T22:19:58.048+0400] {processor.py:829} INFO - Processing file /home/eduardo/airflow_venv/lib/python3.10/site-packages/airflow/example_dags/example_trigger_target_dag.py for tasks to queue
[2024-08-08T22:19:58.049+0400] {logging_mixin.py:151} INFO - [2024-08-08T22:19:58.049+0400] {dagbag.py:539} INFO - Filling up the DagBag from /home/eduardo/airflow_venv/lib/python3.10/site-packages/airflow/example_dags/example_trigger_target_dag.py
[2024-08-08T22:19:58.057+0400] {processor.py:839} INFO - DAG(s) dict_keys(['example_trigger_target_dag']) retrieved from /home/eduardo/airflow_venv/lib/python3.10/site-packages/airflow/example_dags/example_trigger_target_dag.py
[2024-08-08T22:19:58.075+0400] {logging_mixin.py:151} INFO - [2024-08-08T22:19:58.075+0400] {dag.py:2915} INFO - Sync 1 DAGs
[2024-08-08T22:19:58.090+0400] {logging_mixin.py:151} INFO - [2024-08-08T22:19:58.089+0400] {dag.py:3696} INFO - Setting next_dagrun for example_trigger_target_dag to None, run_after=None
[2024-08-08T22:19:58.169+0400] {processor.py:179} INFO - Processing /home/eduardo/airflow_venv/lib/python3.10/site-packages/airflow/example_dags/example_trigger_target_dag.py took 0.130 seconds
[2024-08-08T22:20:33.109+0400] {processor.py:157} INFO - Started process (PID=15525) to work on /home/eduardo/airflow_venv/lib/python3.10/site-packages/airflow/example_dags/example_trigger_target_dag.py
[2024-08-08T22:20:33.112+0400] {processor.py:829} INFO - Processing file /home/eduardo/airflow_venv/lib/python3.10/site-packages/airflow/example_dags/example_trigger_target_dag.py for tasks to queue
[2024-08-08T22:20:33.113+0400] {logging_mixin.py:151} INFO - [2024-08-08T22:20:33.112+0400] {dagbag.py:539} INFO - Filling up the DagBag from /home/eduardo/airflow_venv/lib/python3.10/site-packages/airflow/example_dags/example_trigger_target_dag.py
[2024-08-08T22:20:33.121+0400] {processor.py:839} INFO - DAG(s) dict_keys(['example_trigger_target_dag']) retrieved from /home/eduardo/airflow_venv/lib/python3.10/site-packages/airflow/example_dags/example_trigger_target_dag.py
[2024-08-08T22:20:33.135+0400] {logging_mixin.py:151} INFO - [2024-08-08T22:20:33.135+0400] {dag.py:2915} INFO - Sync 1 DAGs
[2024-08-08T22:20:33.144+0400] {logging_mixin.py:151} INFO - [2024-08-08T22:20:33.144+0400] {dag.py:3696} INFO - Setting next_dagrun for example_trigger_target_dag to None, run_after=None
[2024-08-08T22:20:33.175+0400] {processor.py:179} INFO - Processing /home/eduardo/airflow_venv/lib/python3.10/site-packages/airflow/example_dags/example_trigger_target_dag.py took 0.069 seconds
[2024-08-08T22:21:25.291+0400] {processor.py:157} INFO - Started process (PID=16039) to work on /home/eduardo/airflow_venv/lib/python3.10/site-packages/airflow/example_dags/example_trigger_target_dag.py
[2024-08-08T22:21:25.294+0400] {processor.py:829} INFO - Processing file /home/eduardo/airflow_venv/lib/python3.10/site-packages/airflow/example_dags/example_trigger_target_dag.py for tasks to queue
[2024-08-08T22:21:25.295+0400] {logging_mixin.py:151} INFO - [2024-08-08T22:21:25.295+0400] {dagbag.py:539} INFO - Filling up the DagBag from /home/eduardo/airflow_venv/lib/python3.10/site-packages/airflow/example_dags/example_trigger_target_dag.py
[2024-08-08T22:21:25.301+0400] {processor.py:839} INFO - DAG(s) dict_keys(['example_trigger_target_dag']) retrieved from /home/eduardo/airflow_venv/lib/python3.10/site-packages/airflow/example_dags/example_trigger_target_dag.py
[2024-08-08T22:21:25.316+0400] {logging_mixin.py:151} INFO - [2024-08-08T22:21:25.316+0400] {dag.py:2915} INFO - Sync 1 DAGs
[2024-08-08T22:21:25.326+0400] {logging_mixin.py:151} INFO - [2024-08-08T22:21:25.326+0400] {dag.py:3696} INFO - Setting next_dagrun for example_trigger_target_dag to None, run_after=None
[2024-08-08T22:21:25.354+0400] {processor.py:179} INFO - Processing /home/eduardo/airflow_venv/lib/python3.10/site-packages/airflow/example_dags/example_trigger_target_dag.py took 0.066 seconds
[2024-08-08T22:22:02.093+0400] {processor.py:157} INFO - Started process (PID=16339) to work on /home/eduardo/airflow_venv/lib/python3.10/site-packages/airflow/example_dags/example_trigger_target_dag.py
[2024-08-08T22:22:02.096+0400] {processor.py:829} INFO - Processing file /home/eduardo/airflow_venv/lib/python3.10/site-packages/airflow/example_dags/example_trigger_target_dag.py for tasks to queue
[2024-08-08T22:22:02.097+0400] {logging_mixin.py:151} INFO - [2024-08-08T22:22:02.097+0400] {dagbag.py:539} INFO - Filling up the DagBag from /home/eduardo/airflow_venv/lib/python3.10/site-packages/airflow/example_dags/example_trigger_target_dag.py
[2024-08-08T22:22:02.107+0400] {processor.py:839} INFO - DAG(s) dict_keys(['example_trigger_target_dag']) retrieved from /home/eduardo/airflow_venv/lib/python3.10/site-packages/airflow/example_dags/example_trigger_target_dag.py
[2024-08-08T22:22:02.123+0400] {logging_mixin.py:151} INFO - [2024-08-08T22:22:02.123+0400] {dag.py:2915} INFO - Sync 1 DAGs
[2024-08-08T22:22:02.132+0400] {logging_mixin.py:151} INFO - [2024-08-08T22:22:02.132+0400] {dag.py:3696} INFO - Setting next_dagrun for example_trigger_target_dag to None, run_after=None
[2024-08-08T22:22:02.168+0400] {processor.py:179} INFO - Processing /home/eduardo/airflow_venv/lib/python3.10/site-packages/airflow/example_dags/example_trigger_target_dag.py took 0.079 seconds
[2024-08-08T22:22:52.158+0400] {processor.py:157} INFO - Started process (PID=16730) to work on /home/eduardo/airflow_venv/lib/python3.10/site-packages/airflow/example_dags/example_trigger_target_dag.py
[2024-08-08T22:22:52.161+0400] {processor.py:829} INFO - Processing file /home/eduardo/airflow_venv/lib/python3.10/site-packages/airflow/example_dags/example_trigger_target_dag.py for tasks to queue
[2024-08-08T22:22:52.162+0400] {logging_mixin.py:151} INFO - [2024-08-08T22:22:52.161+0400] {dagbag.py:539} INFO - Filling up the DagBag from /home/eduardo/airflow_venv/lib/python3.10/site-packages/airflow/example_dags/example_trigger_target_dag.py
[2024-08-08T22:22:52.167+0400] {processor.py:839} INFO - DAG(s) dict_keys(['example_trigger_target_dag']) retrieved from /home/eduardo/airflow_venv/lib/python3.10/site-packages/airflow/example_dags/example_trigger_target_dag.py
[2024-08-08T22:22:52.185+0400] {logging_mixin.py:151} INFO - [2024-08-08T22:22:52.184+0400] {dag.py:2915} INFO - Sync 1 DAGs
[2024-08-08T22:22:52.195+0400] {logging_mixin.py:151} INFO - [2024-08-08T22:22:52.195+0400] {dag.py:3696} INFO - Setting next_dagrun for example_trigger_target_dag to None, run_after=None
[2024-08-08T22:22:52.227+0400] {processor.py:179} INFO - Processing /home/eduardo/airflow_venv/lib/python3.10/site-packages/airflow/example_dags/example_trigger_target_dag.py took 0.072 seconds
