[2024-08-08T20:18:17.875+0400] {processor.py:157} INFO - Started process (PID=6798) to work on /home/eduardo/airflow_venv/lib/python3.10/site-packages/airflow/example_dags/example_params_trigger_ui.py
[2024-08-08T20:18:17.875+0400] {processor.py:829} INFO - Processing file /home/eduardo/airflow_venv/lib/python3.10/site-packages/airflow/example_dags/example_params_trigger_ui.py for tasks to queue
[2024-08-08T20:18:17.876+0400] {logging_mixin.py:151} INFO - [2024-08-08T20:18:17.875+0400] {dagbag.py:539} INFO - Filling up the DagBag from /home/eduardo/airflow_venv/lib/python3.10/site-packages/airflow/example_dags/example_params_trigger_ui.py
[2024-08-08T20:18:17.889+0400] {processor.py:839} INFO - DAG(s) dict_keys(['example_params_trigger_ui']) retrieved from /home/eduardo/airflow_venv/lib/python3.10/site-packages/airflow/example_dags/example_params_trigger_ui.py
[2024-08-08T20:18:18.003+0400] {logging_mixin.py:151} INFO - [2024-08-08T20:18:18.002+0400] {manager.py:499} INFO - Created Permission View: %s
[2024-08-08T20:18:18.024+0400] {logging_mixin.py:151} INFO - [2024-08-08T20:18:18.023+0400] {manager.py:499} INFO - Created Permission View: %s
[2024-08-08T20:18:18.045+0400] {logging_mixin.py:151} INFO - [2024-08-08T20:18:18.045+0400] {manager.py:499} INFO - Created Permission View: %s
[2024-08-08T20:18:18.045+0400] {logging_mixin.py:151} INFO - [2024-08-08T20:18:18.045+0400] {security.py:708} INFO - Not syncing DAG-level permissions for DAG 'DAG:example_params_trigger_ui' as access control is unset.
[2024-08-08T20:18:18.046+0400] {logging_mixin.py:151} INFO - [2024-08-08T20:18:18.045+0400] {dag.py:2915} INFO - Sync 1 DAGs
[2024-08-08T20:18:18.056+0400] {logging_mixin.py:151} INFO - [2024-08-08T20:18:18.055+0400] {dag.py:2937} INFO - Creating ORM DAG for example_params_trigger_ui
[2024-08-08T20:18:18.057+0400] {logging_mixin.py:151} INFO - [2024-08-08T20:18:18.057+0400] {dag.py:3696} INFO - Setting next_dagrun for example_params_trigger_ui to None, run_after=None
[2024-08-08T20:18:18.085+0400] {processor.py:179} INFO - Processing /home/eduardo/airflow_venv/lib/python3.10/site-packages/airflow/example_dags/example_params_trigger_ui.py took 0.212 seconds
[2024-08-08T20:19:09.074+0400] {processor.py:157} INFO - Started process (PID=6853) to work on /home/eduardo/airflow_venv/lib/python3.10/site-packages/airflow/example_dags/example_params_trigger_ui.py
[2024-08-08T20:19:09.075+0400] {processor.py:829} INFO - Processing file /home/eduardo/airflow_venv/lib/python3.10/site-packages/airflow/example_dags/example_params_trigger_ui.py for tasks to queue
[2024-08-08T20:19:09.076+0400] {logging_mixin.py:151} INFO - [2024-08-08T20:19:09.076+0400] {dagbag.py:539} INFO - Filling up the DagBag from /home/eduardo/airflow_venv/lib/python3.10/site-packages/airflow/example_dags/example_params_trigger_ui.py
[2024-08-08T20:19:09.092+0400] {processor.py:839} INFO - DAG(s) dict_keys(['example_params_trigger_ui']) retrieved from /home/eduardo/airflow_venv/lib/python3.10/site-packages/airflow/example_dags/example_params_trigger_ui.py
[2024-08-08T20:19:09.116+0400] {logging_mixin.py:151} INFO - [2024-08-08T20:19:09.116+0400] {dag.py:2915} INFO - Sync 1 DAGs
[2024-08-08T20:19:09.123+0400] {logging_mixin.py:151} INFO - [2024-08-08T20:19:09.122+0400] {dag.py:3696} INFO - Setting next_dagrun for example_params_trigger_ui to None, run_after=None
[2024-08-08T20:19:09.154+0400] {processor.py:179} INFO - Processing /home/eduardo/airflow_venv/lib/python3.10/site-packages/airflow/example_dags/example_params_trigger_ui.py took 0.083 seconds
[2024-08-08T20:19:46.843+0400] {processor.py:157} INFO - Started process (PID=6893) to work on /home/eduardo/airflow_venv/lib/python3.10/site-packages/airflow/example_dags/example_params_trigger_ui.py
[2024-08-08T20:19:46.844+0400] {processor.py:829} INFO - Processing file /home/eduardo/airflow_venv/lib/python3.10/site-packages/airflow/example_dags/example_params_trigger_ui.py for tasks to queue
[2024-08-08T20:19:46.844+0400] {logging_mixin.py:151} INFO - [2024-08-08T20:19:46.844+0400] {dagbag.py:539} INFO - Filling up the DagBag from /home/eduardo/airflow_venv/lib/python3.10/site-packages/airflow/example_dags/example_params_trigger_ui.py
[2024-08-08T20:19:46.856+0400] {processor.py:839} INFO - DAG(s) dict_keys(['example_params_trigger_ui']) retrieved from /home/eduardo/airflow_venv/lib/python3.10/site-packages/airflow/example_dags/example_params_trigger_ui.py
[2024-08-08T20:19:46.882+0400] {logging_mixin.py:151} INFO - [2024-08-08T20:19:46.882+0400] {dag.py:2915} INFO - Sync 1 DAGs
[2024-08-08T20:19:46.890+0400] {logging_mixin.py:151} INFO - [2024-08-08T20:19:46.890+0400] {dag.py:3696} INFO - Setting next_dagrun for example_params_trigger_ui to None, run_after=None
[2024-08-08T20:19:46.916+0400] {processor.py:179} INFO - Processing /home/eduardo/airflow_venv/lib/python3.10/site-packages/airflow/example_dags/example_params_trigger_ui.py took 0.076 seconds
[2024-08-08T20:20:28.536+0400] {processor.py:157} INFO - Started process (PID=6939) to work on /home/eduardo/airflow_venv/lib/python3.10/site-packages/airflow/example_dags/example_params_trigger_ui.py
[2024-08-08T20:20:28.537+0400] {processor.py:829} INFO - Processing file /home/eduardo/airflow_venv/lib/python3.10/site-packages/airflow/example_dags/example_params_trigger_ui.py for tasks to queue
[2024-08-08T20:20:28.538+0400] {logging_mixin.py:151} INFO - [2024-08-08T20:20:28.538+0400] {dagbag.py:539} INFO - Filling up the DagBag from /home/eduardo/airflow_venv/lib/python3.10/site-packages/airflow/example_dags/example_params_trigger_ui.py
[2024-08-08T20:20:28.551+0400] {processor.py:839} INFO - DAG(s) dict_keys(['example_params_trigger_ui']) retrieved from /home/eduardo/airflow_venv/lib/python3.10/site-packages/airflow/example_dags/example_params_trigger_ui.py
[2024-08-08T20:20:28.582+0400] {logging_mixin.py:151} INFO - [2024-08-08T20:20:28.582+0400] {dag.py:2915} INFO - Sync 1 DAGs
[2024-08-08T20:20:28.590+0400] {logging_mixin.py:151} INFO - [2024-08-08T20:20:28.590+0400] {dag.py:3696} INFO - Setting next_dagrun for example_params_trigger_ui to None, run_after=None
[2024-08-08T20:20:28.619+0400] {processor.py:179} INFO - Processing /home/eduardo/airflow_venv/lib/python3.10/site-packages/airflow/example_dags/example_params_trigger_ui.py took 0.085 seconds
[2024-08-08T20:21:09.060+0400] {processor.py:157} INFO - Started process (PID=6981) to work on /home/eduardo/airflow_venv/lib/python3.10/site-packages/airflow/example_dags/example_params_trigger_ui.py
[2024-08-08T20:21:09.061+0400] {processor.py:829} INFO - Processing file /home/eduardo/airflow_venv/lib/python3.10/site-packages/airflow/example_dags/example_params_trigger_ui.py for tasks to queue
[2024-08-08T20:21:09.062+0400] {logging_mixin.py:151} INFO - [2024-08-08T20:21:09.061+0400] {dagbag.py:539} INFO - Filling up the DagBag from /home/eduardo/airflow_venv/lib/python3.10/site-packages/airflow/example_dags/example_params_trigger_ui.py
[2024-08-08T20:21:09.073+0400] {processor.py:839} INFO - DAG(s) dict_keys(['example_params_trigger_ui']) retrieved from /home/eduardo/airflow_venv/lib/python3.10/site-packages/airflow/example_dags/example_params_trigger_ui.py
[2024-08-08T20:21:09.103+0400] {logging_mixin.py:151} INFO - [2024-08-08T20:21:09.103+0400] {dag.py:2915} INFO - Sync 1 DAGs
[2024-08-08T20:21:09.112+0400] {logging_mixin.py:151} INFO - [2024-08-08T20:21:09.112+0400] {dag.py:3696} INFO - Setting next_dagrun for example_params_trigger_ui to None, run_after=None
[2024-08-08T20:21:09.136+0400] {processor.py:179} INFO - Processing /home/eduardo/airflow_venv/lib/python3.10/site-packages/airflow/example_dags/example_params_trigger_ui.py took 0.078 seconds
[2024-08-08T20:21:49.596+0400] {processor.py:157} INFO - Started process (PID=7024) to work on /home/eduardo/airflow_venv/lib/python3.10/site-packages/airflow/example_dags/example_params_trigger_ui.py
[2024-08-08T20:21:49.599+0400] {processor.py:829} INFO - Processing file /home/eduardo/airflow_venv/lib/python3.10/site-packages/airflow/example_dags/example_params_trigger_ui.py for tasks to queue
[2024-08-08T20:21:49.600+0400] {logging_mixin.py:151} INFO - [2024-08-08T20:21:49.600+0400] {dagbag.py:539} INFO - Filling up the DagBag from /home/eduardo/airflow_venv/lib/python3.10/site-packages/airflow/example_dags/example_params_trigger_ui.py
[2024-08-08T20:21:49.609+0400] {processor.py:839} INFO - DAG(s) dict_keys(['example_params_trigger_ui']) retrieved from /home/eduardo/airflow_venv/lib/python3.10/site-packages/airflow/example_dags/example_params_trigger_ui.py
[2024-08-08T20:21:49.633+0400] {logging_mixin.py:151} INFO - [2024-08-08T20:21:49.633+0400] {dag.py:2915} INFO - Sync 1 DAGs
[2024-08-08T20:21:49.640+0400] {logging_mixin.py:151} INFO - [2024-08-08T20:21:49.640+0400] {dag.py:3696} INFO - Setting next_dagrun for example_params_trigger_ui to None, run_after=None
[2024-08-08T20:21:49.669+0400] {processor.py:179} INFO - Processing /home/eduardo/airflow_venv/lib/python3.10/site-packages/airflow/example_dags/example_params_trigger_ui.py took 0.075 seconds
[2024-08-08T20:22:34.828+0400] {processor.py:157} INFO - Started process (PID=7071) to work on /home/eduardo/airflow_venv/lib/python3.10/site-packages/airflow/example_dags/example_params_trigger_ui.py
[2024-08-08T20:22:34.830+0400] {processor.py:829} INFO - Processing file /home/eduardo/airflow_venv/lib/python3.10/site-packages/airflow/example_dags/example_params_trigger_ui.py for tasks to queue
[2024-08-08T20:22:34.830+0400] {logging_mixin.py:151} INFO - [2024-08-08T20:22:34.830+0400] {dagbag.py:539} INFO - Filling up the DagBag from /home/eduardo/airflow_venv/lib/python3.10/site-packages/airflow/example_dags/example_params_trigger_ui.py
[2024-08-08T20:22:34.842+0400] {processor.py:839} INFO - DAG(s) dict_keys(['example_params_trigger_ui']) retrieved from /home/eduardo/airflow_venv/lib/python3.10/site-packages/airflow/example_dags/example_params_trigger_ui.py
[2024-08-08T20:22:34.870+0400] {logging_mixin.py:151} INFO - [2024-08-08T20:22:34.870+0400] {dag.py:2915} INFO - Sync 1 DAGs
[2024-08-08T20:22:34.878+0400] {logging_mixin.py:151} INFO - [2024-08-08T20:22:34.878+0400] {dag.py:3696} INFO - Setting next_dagrun for example_params_trigger_ui to None, run_after=None
[2024-08-08T20:22:34.913+0400] {processor.py:179} INFO - Processing /home/eduardo/airflow_venv/lib/python3.10/site-packages/airflow/example_dags/example_params_trigger_ui.py took 0.087 seconds
[2024-08-08T20:23:19.571+0400] {processor.py:157} INFO - Started process (PID=7138) to work on /home/eduardo/airflow_venv/lib/python3.10/site-packages/airflow/example_dags/example_params_trigger_ui.py
[2024-08-08T20:23:19.572+0400] {processor.py:829} INFO - Processing file /home/eduardo/airflow_venv/lib/python3.10/site-packages/airflow/example_dags/example_params_trigger_ui.py for tasks to queue
[2024-08-08T20:23:19.573+0400] {logging_mixin.py:151} INFO - [2024-08-08T20:23:19.573+0400] {dagbag.py:539} INFO - Filling up the DagBag from /home/eduardo/airflow_venv/lib/python3.10/site-packages/airflow/example_dags/example_params_trigger_ui.py
[2024-08-08T20:23:19.583+0400] {processor.py:839} INFO - DAG(s) dict_keys(['example_params_trigger_ui']) retrieved from /home/eduardo/airflow_venv/lib/python3.10/site-packages/airflow/example_dags/example_params_trigger_ui.py
[2024-08-08T20:23:19.607+0400] {logging_mixin.py:151} INFO - [2024-08-08T20:23:19.607+0400] {dag.py:2915} INFO - Sync 1 DAGs
[2024-08-08T20:23:19.613+0400] {logging_mixin.py:151} INFO - [2024-08-08T20:23:19.613+0400] {dag.py:3696} INFO - Setting next_dagrun for example_params_trigger_ui to None, run_after=None
[2024-08-08T20:23:19.695+0400] {processor.py:179} INFO - Processing /home/eduardo/airflow_venv/lib/python3.10/site-packages/airflow/example_dags/example_params_trigger_ui.py took 0.127 seconds
[2024-08-08T20:24:04.273+0400] {processor.py:157} INFO - Started process (PID=7184) to work on /home/eduardo/airflow_venv/lib/python3.10/site-packages/airflow/example_dags/example_params_trigger_ui.py
[2024-08-08T20:24:04.274+0400] {processor.py:829} INFO - Processing file /home/eduardo/airflow_venv/lib/python3.10/site-packages/airflow/example_dags/example_params_trigger_ui.py for tasks to queue
[2024-08-08T20:24:04.275+0400] {logging_mixin.py:151} INFO - [2024-08-08T20:24:04.274+0400] {dagbag.py:539} INFO - Filling up the DagBag from /home/eduardo/airflow_venv/lib/python3.10/site-packages/airflow/example_dags/example_params_trigger_ui.py
[2024-08-08T20:24:04.293+0400] {processor.py:839} INFO - DAG(s) dict_keys(['example_params_trigger_ui']) retrieved from /home/eduardo/airflow_venv/lib/python3.10/site-packages/airflow/example_dags/example_params_trigger_ui.py
[2024-08-08T20:24:04.317+0400] {logging_mixin.py:151} INFO - [2024-08-08T20:24:04.317+0400] {dag.py:2915} INFO - Sync 1 DAGs
[2024-08-08T20:24:04.324+0400] {logging_mixin.py:151} INFO - [2024-08-08T20:24:04.324+0400] {dag.py:3696} INFO - Setting next_dagrun for example_params_trigger_ui to None, run_after=None
[2024-08-08T20:24:04.351+0400] {processor.py:179} INFO - Processing /home/eduardo/airflow_venv/lib/python3.10/site-packages/airflow/example_dags/example_params_trigger_ui.py took 0.081 seconds
[2024-08-08T20:24:49.643+0400] {processor.py:157} INFO - Started process (PID=7240) to work on /home/eduardo/airflow_venv/lib/python3.10/site-packages/airflow/example_dags/example_params_trigger_ui.py
[2024-08-08T20:24:49.645+0400] {processor.py:829} INFO - Processing file /home/eduardo/airflow_venv/lib/python3.10/site-packages/airflow/example_dags/example_params_trigger_ui.py for tasks to queue
[2024-08-08T20:24:49.646+0400] {logging_mixin.py:151} INFO - [2024-08-08T20:24:49.646+0400] {dagbag.py:539} INFO - Filling up the DagBag from /home/eduardo/airflow_venv/lib/python3.10/site-packages/airflow/example_dags/example_params_trigger_ui.py
[2024-08-08T20:24:49.661+0400] {processor.py:839} INFO - DAG(s) dict_keys(['example_params_trigger_ui']) retrieved from /home/eduardo/airflow_venv/lib/python3.10/site-packages/airflow/example_dags/example_params_trigger_ui.py
[2024-08-08T20:24:49.687+0400] {logging_mixin.py:151} INFO - [2024-08-08T20:24:49.687+0400] {dag.py:2915} INFO - Sync 1 DAGs
[2024-08-08T20:24:49.694+0400] {logging_mixin.py:151} INFO - [2024-08-08T20:24:49.694+0400] {dag.py:3696} INFO - Setting next_dagrun for example_params_trigger_ui to None, run_after=None
[2024-08-08T20:24:49.725+0400] {processor.py:179} INFO - Processing /home/eduardo/airflow_venv/lib/python3.10/site-packages/airflow/example_dags/example_params_trigger_ui.py took 0.086 seconds
[2024-08-08T20:25:23.286+0400] {processor.py:157} INFO - Started process (PID=7274) to work on /home/eduardo/airflow_venv/lib/python3.10/site-packages/airflow/example_dags/example_params_trigger_ui.py
[2024-08-08T20:25:23.288+0400] {processor.py:829} INFO - Processing file /home/eduardo/airflow_venv/lib/python3.10/site-packages/airflow/example_dags/example_params_trigger_ui.py for tasks to queue
[2024-08-08T20:25:23.288+0400] {logging_mixin.py:151} INFO - [2024-08-08T20:25:23.288+0400] {dagbag.py:539} INFO - Filling up the DagBag from /home/eduardo/airflow_venv/lib/python3.10/site-packages/airflow/example_dags/example_params_trigger_ui.py
[2024-08-08T20:25:23.299+0400] {processor.py:839} INFO - DAG(s) dict_keys(['example_params_trigger_ui']) retrieved from /home/eduardo/airflow_venv/lib/python3.10/site-packages/airflow/example_dags/example_params_trigger_ui.py
[2024-08-08T20:25:23.328+0400] {logging_mixin.py:151} INFO - [2024-08-08T20:25:23.328+0400] {dag.py:2915} INFO - Sync 1 DAGs
[2024-08-08T20:25:23.336+0400] {logging_mixin.py:151} INFO - [2024-08-08T20:25:23.336+0400] {dag.py:3696} INFO - Setting next_dagrun for example_params_trigger_ui to None, run_after=None
[2024-08-08T20:25:23.366+0400] {processor.py:179} INFO - Processing /home/eduardo/airflow_venv/lib/python3.10/site-packages/airflow/example_dags/example_params_trigger_ui.py took 0.082 seconds
[2024-08-08T20:26:07.167+0400] {processor.py:157} INFO - Started process (PID=7320) to work on /home/eduardo/airflow_venv/lib/python3.10/site-packages/airflow/example_dags/example_params_trigger_ui.py
[2024-08-08T20:26:07.168+0400] {processor.py:829} INFO - Processing file /home/eduardo/airflow_venv/lib/python3.10/site-packages/airflow/example_dags/example_params_trigger_ui.py for tasks to queue
[2024-08-08T20:26:07.168+0400] {logging_mixin.py:151} INFO - [2024-08-08T20:26:07.168+0400] {dagbag.py:539} INFO - Filling up the DagBag from /home/eduardo/airflow_venv/lib/python3.10/site-packages/airflow/example_dags/example_params_trigger_ui.py
[2024-08-08T20:26:07.180+0400] {processor.py:839} INFO - DAG(s) dict_keys(['example_params_trigger_ui']) retrieved from /home/eduardo/airflow_venv/lib/python3.10/site-packages/airflow/example_dags/example_params_trigger_ui.py
[2024-08-08T20:26:07.212+0400] {logging_mixin.py:151} INFO - [2024-08-08T20:26:07.212+0400] {dag.py:2915} INFO - Sync 1 DAGs
[2024-08-08T20:26:07.222+0400] {logging_mixin.py:151} INFO - [2024-08-08T20:26:07.222+0400] {dag.py:3696} INFO - Setting next_dagrun for example_params_trigger_ui to None, run_after=None
[2024-08-08T20:26:07.249+0400] {processor.py:179} INFO - Processing /home/eduardo/airflow_venv/lib/python3.10/site-packages/airflow/example_dags/example_params_trigger_ui.py took 0.085 seconds
[2024-08-08T22:09:31.430+0400] {processor.py:157} INFO - Started process (PID=9371) to work on /home/eduardo/airflow_venv/lib/python3.10/site-packages/airflow/example_dags/example_params_trigger_ui.py
[2024-08-08T22:09:31.433+0400] {processor.py:829} INFO - Processing file /home/eduardo/airflow_venv/lib/python3.10/site-packages/airflow/example_dags/example_params_trigger_ui.py for tasks to queue
[2024-08-08T22:09:31.434+0400] {logging_mixin.py:151} INFO - [2024-08-08T22:09:31.433+0400] {dagbag.py:539} INFO - Filling up the DagBag from /home/eduardo/airflow_venv/lib/python3.10/site-packages/airflow/example_dags/example_params_trigger_ui.py
[2024-08-08T22:09:31.453+0400] {processor.py:839} INFO - DAG(s) dict_keys(['example_params_trigger_ui']) retrieved from /home/eduardo/airflow_venv/lib/python3.10/site-packages/airflow/example_dags/example_params_trigger_ui.py
[2024-08-08T22:09:31.490+0400] {logging_mixin.py:151} INFO - [2024-08-08T22:09:31.490+0400] {dag.py:2915} INFO - Sync 1 DAGs
[2024-08-08T22:09:31.499+0400] {logging_mixin.py:151} INFO - [2024-08-08T22:09:31.499+0400] {dag.py:3696} INFO - Setting next_dagrun for example_params_trigger_ui to None, run_after=None
[2024-08-08T22:09:31.527+0400] {processor.py:179} INFO - Processing /home/eduardo/airflow_venv/lib/python3.10/site-packages/airflow/example_dags/example_params_trigger_ui.py took 0.101 seconds
[2024-08-08T22:10:19.319+0400] {processor.py:157} INFO - Started process (PID=9935) to work on /home/eduardo/airflow_venv/lib/python3.10/site-packages/airflow/example_dags/example_params_trigger_ui.py
[2024-08-08T22:10:19.322+0400] {processor.py:829} INFO - Processing file /home/eduardo/airflow_venv/lib/python3.10/site-packages/airflow/example_dags/example_params_trigger_ui.py for tasks to queue
[2024-08-08T22:10:19.322+0400] {logging_mixin.py:151} INFO - [2024-08-08T22:10:19.322+0400] {dagbag.py:539} INFO - Filling up the DagBag from /home/eduardo/airflow_venv/lib/python3.10/site-packages/airflow/example_dags/example_params_trigger_ui.py
[2024-08-08T22:10:19.337+0400] {processor.py:839} INFO - DAG(s) dict_keys(['example_params_trigger_ui']) retrieved from /home/eduardo/airflow_venv/lib/python3.10/site-packages/airflow/example_dags/example_params_trigger_ui.py
[2024-08-08T22:10:19.368+0400] {logging_mixin.py:151} INFO - [2024-08-08T22:10:19.367+0400] {dag.py:2915} INFO - Sync 1 DAGs
[2024-08-08T22:10:19.376+0400] {logging_mixin.py:151} INFO - [2024-08-08T22:10:19.376+0400] {dag.py:3696} INFO - Setting next_dagrun for example_params_trigger_ui to None, run_after=None
[2024-08-08T22:10:19.406+0400] {processor.py:179} INFO - Processing /home/eduardo/airflow_venv/lib/python3.10/site-packages/airflow/example_dags/example_params_trigger_ui.py took 0.091 seconds
[2024-08-08T22:10:53.164+0400] {processor.py:157} INFO - Started process (PID=10254) to work on /home/eduardo/airflow_venv/lib/python3.10/site-packages/airflow/example_dags/example_params_trigger_ui.py
[2024-08-08T22:10:53.167+0400] {processor.py:829} INFO - Processing file /home/eduardo/airflow_venv/lib/python3.10/site-packages/airflow/example_dags/example_params_trigger_ui.py for tasks to queue
[2024-08-08T22:10:53.167+0400] {logging_mixin.py:151} INFO - [2024-08-08T22:10:53.167+0400] {dagbag.py:539} INFO - Filling up the DagBag from /home/eduardo/airflow_venv/lib/python3.10/site-packages/airflow/example_dags/example_params_trigger_ui.py
[2024-08-08T22:10:53.184+0400] {processor.py:839} INFO - DAG(s) dict_keys(['example_params_trigger_ui']) retrieved from /home/eduardo/airflow_venv/lib/python3.10/site-packages/airflow/example_dags/example_params_trigger_ui.py
[2024-08-08T22:10:53.223+0400] {logging_mixin.py:151} INFO - [2024-08-08T22:10:53.223+0400] {dag.py:2915} INFO - Sync 1 DAGs
[2024-08-08T22:10:53.231+0400] {logging_mixin.py:151} INFO - [2024-08-08T22:10:53.231+0400] {dag.py:3696} INFO - Setting next_dagrun for example_params_trigger_ui to None, run_after=None
[2024-08-08T22:10:53.267+0400] {processor.py:179} INFO - Processing /home/eduardo/airflow_venv/lib/python3.10/site-packages/airflow/example_dags/example_params_trigger_ui.py took 0.106 seconds
[2024-08-08T22:11:30.362+0400] {processor.py:157} INFO - Started process (PID=10689) to work on /home/eduardo/airflow_venv/lib/python3.10/site-packages/airflow/example_dags/example_params_trigger_ui.py
[2024-08-08T22:11:30.366+0400] {processor.py:829} INFO - Processing file /home/eduardo/airflow_venv/lib/python3.10/site-packages/airflow/example_dags/example_params_trigger_ui.py for tasks to queue
[2024-08-08T22:11:30.367+0400] {logging_mixin.py:151} INFO - [2024-08-08T22:11:30.367+0400] {dagbag.py:539} INFO - Filling up the DagBag from /home/eduardo/airflow_venv/lib/python3.10/site-packages/airflow/example_dags/example_params_trigger_ui.py
[2024-08-08T22:11:30.389+0400] {processor.py:839} INFO - DAG(s) dict_keys(['example_params_trigger_ui']) retrieved from /home/eduardo/airflow_venv/lib/python3.10/site-packages/airflow/example_dags/example_params_trigger_ui.py
[2024-08-08T22:11:30.439+0400] {logging_mixin.py:151} INFO - [2024-08-08T22:11:30.439+0400] {dag.py:2915} INFO - Sync 1 DAGs
[2024-08-08T22:11:30.455+0400] {logging_mixin.py:151} INFO - [2024-08-08T22:11:30.455+0400] {dag.py:3696} INFO - Setting next_dagrun for example_params_trigger_ui to None, run_after=None
[2024-08-08T22:11:30.501+0400] {processor.py:179} INFO - Processing /home/eduardo/airflow_venv/lib/python3.10/site-packages/airflow/example_dags/example_params_trigger_ui.py took 0.146 seconds
[2024-08-08T22:12:04.589+0400] {processor.py:157} INFO - Started process (PID=10975) to work on /home/eduardo/airflow_venv/lib/python3.10/site-packages/airflow/example_dags/example_params_trigger_ui.py
[2024-08-08T22:12:04.593+0400] {processor.py:829} INFO - Processing file /home/eduardo/airflow_venv/lib/python3.10/site-packages/airflow/example_dags/example_params_trigger_ui.py for tasks to queue
[2024-08-08T22:12:04.593+0400] {logging_mixin.py:151} INFO - [2024-08-08T22:12:04.593+0400] {dagbag.py:539} INFO - Filling up the DagBag from /home/eduardo/airflow_venv/lib/python3.10/site-packages/airflow/example_dags/example_params_trigger_ui.py
[2024-08-08T22:12:04.610+0400] {processor.py:839} INFO - DAG(s) dict_keys(['example_params_trigger_ui']) retrieved from /home/eduardo/airflow_venv/lib/python3.10/site-packages/airflow/example_dags/example_params_trigger_ui.py
[2024-08-08T22:12:04.648+0400] {logging_mixin.py:151} INFO - [2024-08-08T22:12:04.647+0400] {dag.py:2915} INFO - Sync 1 DAGs
[2024-08-08T22:12:04.657+0400] {logging_mixin.py:151} INFO - [2024-08-08T22:12:04.657+0400] {dag.py:3696} INFO - Setting next_dagrun for example_params_trigger_ui to None, run_after=None
[2024-08-08T22:12:04.689+0400] {processor.py:179} INFO - Processing /home/eduardo/airflow_venv/lib/python3.10/site-packages/airflow/example_dags/example_params_trigger_ui.py took 0.102 seconds
[2024-08-08T22:12:38.642+0400] {processor.py:157} INFO - Started process (PID=11236) to work on /home/eduardo/airflow_venv/lib/python3.10/site-packages/airflow/example_dags/example_params_trigger_ui.py
[2024-08-08T22:12:38.645+0400] {processor.py:829} INFO - Processing file /home/eduardo/airflow_venv/lib/python3.10/site-packages/airflow/example_dags/example_params_trigger_ui.py for tasks to queue
[2024-08-08T22:12:38.646+0400] {logging_mixin.py:151} INFO - [2024-08-08T22:12:38.646+0400] {dagbag.py:539} INFO - Filling up the DagBag from /home/eduardo/airflow_venv/lib/python3.10/site-packages/airflow/example_dags/example_params_trigger_ui.py
[2024-08-08T22:12:38.664+0400] {processor.py:839} INFO - DAG(s) dict_keys(['example_params_trigger_ui']) retrieved from /home/eduardo/airflow_venv/lib/python3.10/site-packages/airflow/example_dags/example_params_trigger_ui.py
[2024-08-08T22:12:38.699+0400] {logging_mixin.py:151} INFO - [2024-08-08T22:12:38.698+0400] {dag.py:2915} INFO - Sync 1 DAGs
[2024-08-08T22:12:38.708+0400] {logging_mixin.py:151} INFO - [2024-08-08T22:12:38.708+0400] {dag.py:3696} INFO - Setting next_dagrun for example_params_trigger_ui to None, run_after=None
[2024-08-08T22:12:38.740+0400] {processor.py:179} INFO - Processing /home/eduardo/airflow_venv/lib/python3.10/site-packages/airflow/example_dags/example_params_trigger_ui.py took 0.101 seconds
[2024-08-08T22:13:24.497+0400] {processor.py:157} INFO - Started process (PID=11606) to work on /home/eduardo/airflow_venv/lib/python3.10/site-packages/airflow/example_dags/example_params_trigger_ui.py
[2024-08-08T22:13:24.500+0400] {processor.py:829} INFO - Processing file /home/eduardo/airflow_venv/lib/python3.10/site-packages/airflow/example_dags/example_params_trigger_ui.py for tasks to queue
[2024-08-08T22:13:24.501+0400] {logging_mixin.py:151} INFO - [2024-08-08T22:13:24.501+0400] {dagbag.py:539} INFO - Filling up the DagBag from /home/eduardo/airflow_venv/lib/python3.10/site-packages/airflow/example_dags/example_params_trigger_ui.py
[2024-08-08T22:13:24.520+0400] {processor.py:839} INFO - DAG(s) dict_keys(['example_params_trigger_ui']) retrieved from /home/eduardo/airflow_venv/lib/python3.10/site-packages/airflow/example_dags/example_params_trigger_ui.py
[2024-08-08T22:13:24.554+0400] {logging_mixin.py:151} INFO - [2024-08-08T22:13:24.553+0400] {dag.py:2915} INFO - Sync 1 DAGs
[2024-08-08T22:13:24.563+0400] {logging_mixin.py:151} INFO - [2024-08-08T22:13:24.563+0400] {dag.py:3696} INFO - Setting next_dagrun for example_params_trigger_ui to None, run_after=None
[2024-08-08T22:13:24.593+0400] {processor.py:179} INFO - Processing /home/eduardo/airflow_venv/lib/python3.10/site-packages/airflow/example_dags/example_params_trigger_ui.py took 0.099 seconds
[2024-08-08T22:13:55.629+0400] {processor.py:157} INFO - Started process (PID=11982) to work on /home/eduardo/airflow_venv/lib/python3.10/site-packages/airflow/example_dags/example_params_trigger_ui.py
[2024-08-08T22:13:55.632+0400] {processor.py:829} INFO - Processing file /home/eduardo/airflow_venv/lib/python3.10/site-packages/airflow/example_dags/example_params_trigger_ui.py for tasks to queue
[2024-08-08T22:13:55.632+0400] {logging_mixin.py:151} INFO - [2024-08-08T22:13:55.632+0400] {dagbag.py:539} INFO - Filling up the DagBag from /home/eduardo/airflow_venv/lib/python3.10/site-packages/airflow/example_dags/example_params_trigger_ui.py
[2024-08-08T22:13:55.657+0400] {processor.py:839} INFO - DAG(s) dict_keys(['example_params_trigger_ui']) retrieved from /home/eduardo/airflow_venv/lib/python3.10/site-packages/airflow/example_dags/example_params_trigger_ui.py
[2024-08-08T22:13:55.704+0400] {logging_mixin.py:151} INFO - [2024-08-08T22:13:55.704+0400] {dag.py:2915} INFO - Sync 1 DAGs
[2024-08-08T22:13:55.717+0400] {logging_mixin.py:151} INFO - [2024-08-08T22:13:55.716+0400] {dag.py:3696} INFO - Setting next_dagrun for example_params_trigger_ui to None, run_after=None
[2024-08-08T22:13:55.754+0400] {processor.py:179} INFO - Processing /home/eduardo/airflow_venv/lib/python3.10/site-packages/airflow/example_dags/example_params_trigger_ui.py took 0.128 seconds
[2024-08-08T22:14:28.769+0400] {processor.py:157} INFO - Started process (PID=12351) to work on /home/eduardo/airflow_venv/lib/python3.10/site-packages/airflow/example_dags/example_params_trigger_ui.py
[2024-08-08T22:14:28.772+0400] {processor.py:829} INFO - Processing file /home/eduardo/airflow_venv/lib/python3.10/site-packages/airflow/example_dags/example_params_trigger_ui.py for tasks to queue
[2024-08-08T22:14:28.773+0400] {logging_mixin.py:151} INFO - [2024-08-08T22:14:28.772+0400] {dagbag.py:539} INFO - Filling up the DagBag from /home/eduardo/airflow_venv/lib/python3.10/site-packages/airflow/example_dags/example_params_trigger_ui.py
[2024-08-08T22:14:28.791+0400] {processor.py:839} INFO - DAG(s) dict_keys(['example_params_trigger_ui']) retrieved from /home/eduardo/airflow_venv/lib/python3.10/site-packages/airflow/example_dags/example_params_trigger_ui.py
[2024-08-08T22:14:28.798+0400] {logging_mixin.py:151} INFO - [2024-08-08T22:14:28.797+0400] {dag.py:2915} INFO - Sync 1 DAGs
[2024-08-08T22:14:28.809+0400] {logging_mixin.py:151} INFO - [2024-08-08T22:14:28.809+0400] {dag.py:3696} INFO - Setting next_dagrun for example_params_trigger_ui to None, run_after=None
[2024-08-08T22:14:28.840+0400] {processor.py:179} INFO - Processing /home/eduardo/airflow_venv/lib/python3.10/site-packages/airflow/example_dags/example_params_trigger_ui.py took 0.074 seconds
[2024-08-08T22:15:04.182+0400] {processor.py:157} INFO - Started process (PID=12654) to work on /home/eduardo/airflow_venv/lib/python3.10/site-packages/airflow/example_dags/example_params_trigger_ui.py
[2024-08-08T22:15:04.185+0400] {processor.py:829} INFO - Processing file /home/eduardo/airflow_venv/lib/python3.10/site-packages/airflow/example_dags/example_params_trigger_ui.py for tasks to queue
[2024-08-08T22:15:04.186+0400] {logging_mixin.py:151} INFO - [2024-08-08T22:15:04.186+0400] {dagbag.py:539} INFO - Filling up the DagBag from /home/eduardo/airflow_venv/lib/python3.10/site-packages/airflow/example_dags/example_params_trigger_ui.py
[2024-08-08T22:15:04.200+0400] {processor.py:839} INFO - DAG(s) dict_keys(['example_params_trigger_ui']) retrieved from /home/eduardo/airflow_venv/lib/python3.10/site-packages/airflow/example_dags/example_params_trigger_ui.py
[2024-08-08T22:15:04.240+0400] {logging_mixin.py:151} INFO - [2024-08-08T22:15:04.240+0400] {dag.py:2915} INFO - Sync 1 DAGs
[2024-08-08T22:15:04.256+0400] {logging_mixin.py:151} INFO - [2024-08-08T22:15:04.256+0400] {dag.py:3696} INFO - Setting next_dagrun for example_params_trigger_ui to None, run_after=None
[2024-08-08T22:15:04.294+0400] {processor.py:179} INFO - Processing /home/eduardo/airflow_venv/lib/python3.10/site-packages/airflow/example_dags/example_params_trigger_ui.py took 0.116 seconds
[2024-08-08T22:15:38.341+0400] {processor.py:157} INFO - Started process (PID=12976) to work on /home/eduardo/airflow_venv/lib/python3.10/site-packages/airflow/example_dags/example_params_trigger_ui.py
[2024-08-08T22:15:38.344+0400] {processor.py:829} INFO - Processing file /home/eduardo/airflow_venv/lib/python3.10/site-packages/airflow/example_dags/example_params_trigger_ui.py for tasks to queue
[2024-08-08T22:15:38.344+0400] {logging_mixin.py:151} INFO - [2024-08-08T22:15:38.344+0400] {dagbag.py:539} INFO - Filling up the DagBag from /home/eduardo/airflow_venv/lib/python3.10/site-packages/airflow/example_dags/example_params_trigger_ui.py
[2024-08-08T22:15:38.359+0400] {processor.py:839} INFO - DAG(s) dict_keys(['example_params_trigger_ui']) retrieved from /home/eduardo/airflow_venv/lib/python3.10/site-packages/airflow/example_dags/example_params_trigger_ui.py
[2024-08-08T22:15:38.394+0400] {logging_mixin.py:151} INFO - [2024-08-08T22:15:38.393+0400] {dag.py:2915} INFO - Sync 1 DAGs
[2024-08-08T22:15:38.403+0400] {logging_mixin.py:151} INFO - [2024-08-08T22:15:38.403+0400] {dag.py:3696} INFO - Setting next_dagrun for example_params_trigger_ui to None, run_after=None
[2024-08-08T22:15:38.446+0400] {processor.py:179} INFO - Processing /home/eduardo/airflow_venv/lib/python3.10/site-packages/airflow/example_dags/example_params_trigger_ui.py took 0.111 seconds
[2024-08-08T22:16:12.990+0400] {processor.py:157} INFO - Started process (PID=13275) to work on /home/eduardo/airflow_venv/lib/python3.10/site-packages/airflow/example_dags/example_params_trigger_ui.py
[2024-08-08T22:16:12.992+0400] {processor.py:829} INFO - Processing file /home/eduardo/airflow_venv/lib/python3.10/site-packages/airflow/example_dags/example_params_trigger_ui.py for tasks to queue
[2024-08-08T22:16:12.993+0400] {logging_mixin.py:151} INFO - [2024-08-08T22:16:12.993+0400] {dagbag.py:539} INFO - Filling up the DagBag from /home/eduardo/airflow_venv/lib/python3.10/site-packages/airflow/example_dags/example_params_trigger_ui.py
[2024-08-08T22:16:13.020+0400] {processor.py:839} INFO - DAG(s) dict_keys(['example_params_trigger_ui']) retrieved from /home/eduardo/airflow_venv/lib/python3.10/site-packages/airflow/example_dags/example_params_trigger_ui.py
[2024-08-08T22:16:13.064+0400] {logging_mixin.py:151} INFO - [2024-08-08T22:16:13.064+0400] {dag.py:2915} INFO - Sync 1 DAGs
[2024-08-08T22:16:13.074+0400] {logging_mixin.py:151} INFO - [2024-08-08T22:16:13.074+0400] {dag.py:3696} INFO - Setting next_dagrun for example_params_trigger_ui to None, run_after=None
[2024-08-08T22:16:13.112+0400] {processor.py:179} INFO - Processing /home/eduardo/airflow_venv/lib/python3.10/site-packages/airflow/example_dags/example_params_trigger_ui.py took 0.126 seconds
[2024-08-08T22:17:01.034+0400] {processor.py:157} INFO - Started process (PID=13818) to work on /home/eduardo/airflow_venv/lib/python3.10/site-packages/airflow/example_dags/example_params_trigger_ui.py
[2024-08-08T22:17:01.037+0400] {processor.py:829} INFO - Processing file /home/eduardo/airflow_venv/lib/python3.10/site-packages/airflow/example_dags/example_params_trigger_ui.py for tasks to queue
[2024-08-08T22:17:01.038+0400] {logging_mixin.py:151} INFO - [2024-08-08T22:17:01.037+0400] {dagbag.py:539} INFO - Filling up the DagBag from /home/eduardo/airflow_venv/lib/python3.10/site-packages/airflow/example_dags/example_params_trigger_ui.py
[2024-08-08T22:17:01.054+0400] {processor.py:839} INFO - DAG(s) dict_keys(['example_params_trigger_ui']) retrieved from /home/eduardo/airflow_venv/lib/python3.10/site-packages/airflow/example_dags/example_params_trigger_ui.py
[2024-08-08T22:17:01.095+0400] {logging_mixin.py:151} INFO - [2024-08-08T22:17:01.095+0400] {dag.py:2915} INFO - Sync 1 DAGs
[2024-08-08T22:17:01.105+0400] {logging_mixin.py:151} INFO - [2024-08-08T22:17:01.105+0400] {dag.py:3696} INFO - Setting next_dagrun for example_params_trigger_ui to None, run_after=None
[2024-08-08T22:17:01.138+0400] {processor.py:179} INFO - Processing /home/eduardo/airflow_venv/lib/python3.10/site-packages/airflow/example_dags/example_params_trigger_ui.py took 0.108 seconds
[2024-08-08T22:17:36.812+0400] {processor.py:157} INFO - Started process (PID=14131) to work on /home/eduardo/airflow_venv/lib/python3.10/site-packages/airflow/example_dags/example_params_trigger_ui.py
[2024-08-08T22:17:36.815+0400] {processor.py:829} INFO - Processing file /home/eduardo/airflow_venv/lib/python3.10/site-packages/airflow/example_dags/example_params_trigger_ui.py for tasks to queue
[2024-08-08T22:17:36.816+0400] {logging_mixin.py:151} INFO - [2024-08-08T22:17:36.816+0400] {dagbag.py:539} INFO - Filling up the DagBag from /home/eduardo/airflow_venv/lib/python3.10/site-packages/airflow/example_dags/example_params_trigger_ui.py
[2024-08-08T22:17:36.841+0400] {processor.py:839} INFO - DAG(s) dict_keys(['example_params_trigger_ui']) retrieved from /home/eduardo/airflow_venv/lib/python3.10/site-packages/airflow/example_dags/example_params_trigger_ui.py
[2024-08-08T22:17:36.890+0400] {logging_mixin.py:151} INFO - [2024-08-08T22:17:36.890+0400] {dag.py:2915} INFO - Sync 1 DAGs
[2024-08-08T22:17:36.901+0400] {logging_mixin.py:151} INFO - [2024-08-08T22:17:36.901+0400] {dag.py:3696} INFO - Setting next_dagrun for example_params_trigger_ui to None, run_after=None
[2024-08-08T22:17:36.932+0400] {processor.py:179} INFO - Processing /home/eduardo/airflow_venv/lib/python3.10/site-packages/airflow/example_dags/example_params_trigger_ui.py took 0.125 seconds
[2024-08-08T22:18:11.644+0400] {processor.py:157} INFO - Started process (PID=14396) to work on /home/eduardo/airflow_venv/lib/python3.10/site-packages/airflow/example_dags/example_params_trigger_ui.py
[2024-08-08T22:18:11.647+0400] {processor.py:829} INFO - Processing file /home/eduardo/airflow_venv/lib/python3.10/site-packages/airflow/example_dags/example_params_trigger_ui.py for tasks to queue
[2024-08-08T22:18:11.649+0400] {logging_mixin.py:151} INFO - [2024-08-08T22:18:11.648+0400] {dagbag.py:539} INFO - Filling up the DagBag from /home/eduardo/airflow_venv/lib/python3.10/site-packages/airflow/example_dags/example_params_trigger_ui.py
[2024-08-08T22:18:11.670+0400] {processor.py:839} INFO - DAG(s) dict_keys(['example_params_trigger_ui']) retrieved from /home/eduardo/airflow_venv/lib/python3.10/site-packages/airflow/example_dags/example_params_trigger_ui.py
[2024-08-08T22:18:11.708+0400] {logging_mixin.py:151} INFO - [2024-08-08T22:18:11.708+0400] {dag.py:2915} INFO - Sync 1 DAGs
[2024-08-08T22:18:11.722+0400] {logging_mixin.py:151} INFO - [2024-08-08T22:18:11.722+0400] {dag.py:3696} INFO - Setting next_dagrun for example_params_trigger_ui to None, run_after=None
[2024-08-08T22:18:11.757+0400] {processor.py:179} INFO - Processing /home/eduardo/airflow_venv/lib/python3.10/site-packages/airflow/example_dags/example_params_trigger_ui.py took 0.117 seconds
[2024-08-08T22:18:47.758+0400] {processor.py:157} INFO - Started process (PID=14680) to work on /home/eduardo/airflow_venv/lib/python3.10/site-packages/airflow/example_dags/example_params_trigger_ui.py
[2024-08-08T22:18:47.761+0400] {processor.py:829} INFO - Processing file /home/eduardo/airflow_venv/lib/python3.10/site-packages/airflow/example_dags/example_params_trigger_ui.py for tasks to queue
[2024-08-08T22:18:47.762+0400] {logging_mixin.py:151} INFO - [2024-08-08T22:18:47.761+0400] {dagbag.py:539} INFO - Filling up the DagBag from /home/eduardo/airflow_venv/lib/python3.10/site-packages/airflow/example_dags/example_params_trigger_ui.py
[2024-08-08T22:18:47.779+0400] {processor.py:839} INFO - DAG(s) dict_keys(['example_params_trigger_ui']) retrieved from /home/eduardo/airflow_venv/lib/python3.10/site-packages/airflow/example_dags/example_params_trigger_ui.py
[2024-08-08T22:18:47.823+0400] {logging_mixin.py:151} INFO - [2024-08-08T22:18:47.823+0400] {dag.py:2915} INFO - Sync 1 DAGs
[2024-08-08T22:18:47.840+0400] {logging_mixin.py:151} INFO - [2024-08-08T22:18:47.840+0400] {dag.py:3696} INFO - Setting next_dagrun for example_params_trigger_ui to None, run_after=None
[2024-08-08T22:18:47.884+0400] {processor.py:179} INFO - Processing /home/eduardo/airflow_venv/lib/python3.10/site-packages/airflow/example_dags/example_params_trigger_ui.py took 0.130 seconds
[2024-08-08T22:19:24.243+0400] {processor.py:157} INFO - Started process (PID=14963) to work on /home/eduardo/airflow_venv/lib/python3.10/site-packages/airflow/example_dags/example_params_trigger_ui.py
[2024-08-08T22:19:24.246+0400] {processor.py:829} INFO - Processing file /home/eduardo/airflow_venv/lib/python3.10/site-packages/airflow/example_dags/example_params_trigger_ui.py for tasks to queue
[2024-08-08T22:19:24.247+0400] {logging_mixin.py:151} INFO - [2024-08-08T22:19:24.246+0400] {dagbag.py:539} INFO - Filling up the DagBag from /home/eduardo/airflow_venv/lib/python3.10/site-packages/airflow/example_dags/example_params_trigger_ui.py
[2024-08-08T22:19:24.270+0400] {processor.py:839} INFO - DAG(s) dict_keys(['example_params_trigger_ui']) retrieved from /home/eduardo/airflow_venv/lib/python3.10/site-packages/airflow/example_dags/example_params_trigger_ui.py
[2024-08-08T22:19:24.312+0400] {logging_mixin.py:151} INFO - [2024-08-08T22:19:24.312+0400] {dag.py:2915} INFO - Sync 1 DAGs
[2024-08-08T22:19:24.324+0400] {logging_mixin.py:151} INFO - [2024-08-08T22:19:24.323+0400] {dag.py:3696} INFO - Setting next_dagrun for example_params_trigger_ui to None, run_after=None
[2024-08-08T22:19:24.357+0400] {processor.py:179} INFO - Processing /home/eduardo/airflow_venv/lib/python3.10/site-packages/airflow/example_dags/example_params_trigger_ui.py took 0.120 seconds
[2024-08-08T22:19:55.177+0400] {processor.py:157} INFO - Started process (PID=15231) to work on /home/eduardo/airflow_venv/lib/python3.10/site-packages/airflow/example_dags/example_params_trigger_ui.py
[2024-08-08T22:19:55.178+0400] {processor.py:829} INFO - Processing file /home/eduardo/airflow_venv/lib/python3.10/site-packages/airflow/example_dags/example_params_trigger_ui.py for tasks to queue
[2024-08-08T22:19:55.179+0400] {logging_mixin.py:151} INFO - [2024-08-08T22:19:55.179+0400] {dagbag.py:539} INFO - Filling up the DagBag from /home/eduardo/airflow_venv/lib/python3.10/site-packages/airflow/example_dags/example_params_trigger_ui.py
[2024-08-08T22:19:55.193+0400] {processor.py:839} INFO - DAG(s) dict_keys(['example_params_trigger_ui']) retrieved from /home/eduardo/airflow_venv/lib/python3.10/site-packages/airflow/example_dags/example_params_trigger_ui.py
[2024-08-08T22:19:55.225+0400] {logging_mixin.py:151} INFO - [2024-08-08T22:19:55.225+0400] {dag.py:2915} INFO - Sync 1 DAGs
[2024-08-08T22:19:55.236+0400] {logging_mixin.py:151} INFO - [2024-08-08T22:19:55.236+0400] {dag.py:3696} INFO - Setting next_dagrun for example_params_trigger_ui to None, run_after=None
[2024-08-08T22:19:55.269+0400] {processor.py:179} INFO - Processing /home/eduardo/airflow_venv/lib/python3.10/site-packages/airflow/example_dags/example_params_trigger_ui.py took 0.096 seconds
[2024-08-08T22:20:29.953+0400] {processor.py:157} INFO - Started process (PID=15504) to work on /home/eduardo/airflow_venv/lib/python3.10/site-packages/airflow/example_dags/example_params_trigger_ui.py
[2024-08-08T22:20:29.956+0400] {processor.py:829} INFO - Processing file /home/eduardo/airflow_venv/lib/python3.10/site-packages/airflow/example_dags/example_params_trigger_ui.py for tasks to queue
[2024-08-08T22:20:29.956+0400] {logging_mixin.py:151} INFO - [2024-08-08T22:20:29.956+0400] {dagbag.py:539} INFO - Filling up the DagBag from /home/eduardo/airflow_venv/lib/python3.10/site-packages/airflow/example_dags/example_params_trigger_ui.py
[2024-08-08T22:20:29.970+0400] {processor.py:839} INFO - DAG(s) dict_keys(['example_params_trigger_ui']) retrieved from /home/eduardo/airflow_venv/lib/python3.10/site-packages/airflow/example_dags/example_params_trigger_ui.py
[2024-08-08T22:20:29.999+0400] {logging_mixin.py:151} INFO - [2024-08-08T22:20:29.999+0400] {dag.py:2915} INFO - Sync 1 DAGs
[2024-08-08T22:20:30.007+0400] {logging_mixin.py:151} INFO - [2024-08-08T22:20:30.007+0400] {dag.py:3696} INFO - Setting next_dagrun for example_params_trigger_ui to None, run_after=None
[2024-08-08T22:20:30.036+0400] {processor.py:179} INFO - Processing /home/eduardo/airflow_venv/lib/python3.10/site-packages/airflow/example_dags/example_params_trigger_ui.py took 0.088 seconds
[2024-08-08T22:21:02.875+0400] {processor.py:157} INFO - Started process (PID=15817) to work on /home/eduardo/airflow_venv/lib/python3.10/site-packages/airflow/example_dags/example_params_trigger_ui.py
[2024-08-08T22:21:02.878+0400] {processor.py:829} INFO - Processing file /home/eduardo/airflow_venv/lib/python3.10/site-packages/airflow/example_dags/example_params_trigger_ui.py for tasks to queue
[2024-08-08T22:21:02.879+0400] {logging_mixin.py:151} INFO - [2024-08-08T22:21:02.879+0400] {dagbag.py:539} INFO - Filling up the DagBag from /home/eduardo/airflow_venv/lib/python3.10/site-packages/airflow/example_dags/example_params_trigger_ui.py
[2024-08-08T22:21:02.896+0400] {processor.py:839} INFO - DAG(s) dict_keys(['example_params_trigger_ui']) retrieved from /home/eduardo/airflow_venv/lib/python3.10/site-packages/airflow/example_dags/example_params_trigger_ui.py
[2024-08-08T22:21:02.927+0400] {logging_mixin.py:151} INFO - [2024-08-08T22:21:02.927+0400] {dag.py:2915} INFO - Sync 1 DAGs
[2024-08-08T22:21:02.935+0400] {logging_mixin.py:151} INFO - [2024-08-08T22:21:02.935+0400] {dag.py:3696} INFO - Setting next_dagrun for example_params_trigger_ui to None, run_after=None
[2024-08-08T22:21:02.964+0400] {processor.py:179} INFO - Processing /home/eduardo/airflow_venv/lib/python3.10/site-packages/airflow/example_dags/example_params_trigger_ui.py took 0.094 seconds
[2024-08-08T22:21:39.403+0400] {processor.py:157} INFO - Started process (PID=16161) to work on /home/eduardo/airflow_venv/lib/python3.10/site-packages/airflow/example_dags/example_params_trigger_ui.py
[2024-08-08T22:21:39.406+0400] {processor.py:829} INFO - Processing file /home/eduardo/airflow_venv/lib/python3.10/site-packages/airflow/example_dags/example_params_trigger_ui.py for tasks to queue
[2024-08-08T22:21:39.407+0400] {logging_mixin.py:151} INFO - [2024-08-08T22:21:39.407+0400] {dagbag.py:539} INFO - Filling up the DagBag from /home/eduardo/airflow_venv/lib/python3.10/site-packages/airflow/example_dags/example_params_trigger_ui.py
[2024-08-08T22:21:39.422+0400] {processor.py:839} INFO - DAG(s) dict_keys(['example_params_trigger_ui']) retrieved from /home/eduardo/airflow_venv/lib/python3.10/site-packages/airflow/example_dags/example_params_trigger_ui.py
[2024-08-08T22:21:39.451+0400] {logging_mixin.py:151} INFO - [2024-08-08T22:21:39.451+0400] {dag.py:2915} INFO - Sync 1 DAGs
[2024-08-08T22:21:39.460+0400] {logging_mixin.py:151} INFO - [2024-08-08T22:21:39.460+0400] {dag.py:3696} INFO - Setting next_dagrun for example_params_trigger_ui to None, run_after=None
[2024-08-08T22:21:39.491+0400] {processor.py:179} INFO - Processing /home/eduardo/airflow_venv/lib/python3.10/site-packages/airflow/example_dags/example_params_trigger_ui.py took 0.091 seconds
[2024-08-08T22:22:13.671+0400] {processor.py:157} INFO - Started process (PID=16431) to work on /home/eduardo/airflow_venv/lib/python3.10/site-packages/airflow/example_dags/example_params_trigger_ui.py
[2024-08-08T22:22:13.674+0400] {processor.py:829} INFO - Processing file /home/eduardo/airflow_venv/lib/python3.10/site-packages/airflow/example_dags/example_params_trigger_ui.py for tasks to queue
[2024-08-08T22:22:13.675+0400] {logging_mixin.py:151} INFO - [2024-08-08T22:22:13.674+0400] {dagbag.py:539} INFO - Filling up the DagBag from /home/eduardo/airflow_venv/lib/python3.10/site-packages/airflow/example_dags/example_params_trigger_ui.py
[2024-08-08T22:22:13.688+0400] {processor.py:839} INFO - DAG(s) dict_keys(['example_params_trigger_ui']) retrieved from /home/eduardo/airflow_venv/lib/python3.10/site-packages/airflow/example_dags/example_params_trigger_ui.py
[2024-08-08T22:22:13.718+0400] {logging_mixin.py:151} INFO - [2024-08-08T22:22:13.718+0400] {dag.py:2915} INFO - Sync 1 DAGs
[2024-08-08T22:22:13.727+0400] {logging_mixin.py:151} INFO - [2024-08-08T22:22:13.727+0400] {dag.py:3696} INFO - Setting next_dagrun for example_params_trigger_ui to None, run_after=None
[2024-08-08T22:22:13.756+0400] {processor.py:179} INFO - Processing /home/eduardo/airflow_venv/lib/python3.10/site-packages/airflow/example_dags/example_params_trigger_ui.py took 0.088 seconds
[2024-08-08T22:22:47.506+0400] {processor.py:157} INFO - Started process (PID=16695) to work on /home/eduardo/airflow_venv/lib/python3.10/site-packages/airflow/example_dags/example_params_trigger_ui.py
[2024-08-08T22:22:47.508+0400] {processor.py:829} INFO - Processing file /home/eduardo/airflow_venv/lib/python3.10/site-packages/airflow/example_dags/example_params_trigger_ui.py for tasks to queue
[2024-08-08T22:22:47.509+0400] {logging_mixin.py:151} INFO - [2024-08-08T22:22:47.509+0400] {dagbag.py:539} INFO - Filling up the DagBag from /home/eduardo/airflow_venv/lib/python3.10/site-packages/airflow/example_dags/example_params_trigger_ui.py
[2024-08-08T22:22:47.530+0400] {processor.py:839} INFO - DAG(s) dict_keys(['example_params_trigger_ui']) retrieved from /home/eduardo/airflow_venv/lib/python3.10/site-packages/airflow/example_dags/example_params_trigger_ui.py
[2024-08-08T22:22:47.572+0400] {logging_mixin.py:151} INFO - [2024-08-08T22:22:47.572+0400] {dag.py:2915} INFO - Sync 1 DAGs
[2024-08-08T22:22:47.586+0400] {logging_mixin.py:151} INFO - [2024-08-08T22:22:47.586+0400] {dag.py:3696} INFO - Setting next_dagrun for example_params_trigger_ui to None, run_after=None
[2024-08-08T22:22:47.618+0400] {processor.py:179} INFO - Processing /home/eduardo/airflow_venv/lib/python3.10/site-packages/airflow/example_dags/example_params_trigger_ui.py took 0.115 seconds
[2024-08-08T22:23:21.215+0400] {processor.py:157} INFO - Started process (PID=17019) to work on /home/eduardo/airflow_venv/lib/python3.10/site-packages/airflow/example_dags/example_params_trigger_ui.py
[2024-08-08T22:23:21.218+0400] {processor.py:829} INFO - Processing file /home/eduardo/airflow_venv/lib/python3.10/site-packages/airflow/example_dags/example_params_trigger_ui.py for tasks to queue
[2024-08-08T22:23:21.220+0400] {logging_mixin.py:151} INFO - [2024-08-08T22:23:21.220+0400] {dagbag.py:539} INFO - Filling up the DagBag from /home/eduardo/airflow_venv/lib/python3.10/site-packages/airflow/example_dags/example_params_trigger_ui.py
[2024-08-08T22:23:21.243+0400] {processor.py:839} INFO - DAG(s) dict_keys(['example_params_trigger_ui']) retrieved from /home/eduardo/airflow_venv/lib/python3.10/site-packages/airflow/example_dags/example_params_trigger_ui.py
[2024-08-08T22:23:21.275+0400] {logging_mixin.py:151} INFO - [2024-08-08T22:23:21.274+0400] {dag.py:2915} INFO - Sync 1 DAGs
[2024-08-08T22:23:21.283+0400] {logging_mixin.py:151} INFO - [2024-08-08T22:23:21.282+0400] {dag.py:3696} INFO - Setting next_dagrun for example_params_trigger_ui to None, run_after=None
[2024-08-08T22:23:21.317+0400] {processor.py:179} INFO - Processing /home/eduardo/airflow_venv/lib/python3.10/site-packages/airflow/example_dags/example_params_trigger_ui.py took 0.105 seconds
