[2024-08-08T20:18:38.778+0400] {processor.py:157} INFO - Started process (PID=6826) to work on /home/eduardo/airflow_venv/lib/python3.10/site-packages/airflow/example_dags/example_trigger_controller_dag.py
[2024-08-08T20:18:38.779+0400] {processor.py:829} INFO - Processing file /home/eduardo/airflow_venv/lib/python3.10/site-packages/airflow/example_dags/example_trigger_controller_dag.py for tasks to queue
[2024-08-08T20:18:38.780+0400] {logging_mixin.py:151} INFO - [2024-08-08T20:18:38.779+0400] {dagbag.py:539} INFO - Filling up the DagBag from /home/eduardo/airflow_venv/lib/python3.10/site-packages/airflow/example_dags/example_trigger_controller_dag.py
[2024-08-08T20:18:38.784+0400] {processor.py:839} INFO - DAG(s) dict_keys(['example_trigger_controller_dag']) retrieved from /home/eduardo/airflow_venv/lib/python3.10/site-packages/airflow/example_dags/example_trigger_controller_dag.py
[2024-08-08T20:18:38.889+0400] {logging_mixin.py:151} INFO - [2024-08-08T20:18:38.888+0400] {manager.py:499} INFO - Created Permission View: %s
[2024-08-08T20:18:38.910+0400] {logging_mixin.py:151} INFO - [2024-08-08T20:18:38.910+0400] {manager.py:499} INFO - Created Permission View: %s
[2024-08-08T20:18:38.930+0400] {logging_mixin.py:151} INFO - [2024-08-08T20:18:38.930+0400] {manager.py:499} INFO - Created Permission View: %s
[2024-08-08T20:18:38.930+0400] {logging_mixin.py:151} INFO - [2024-08-08T20:18:38.930+0400] {security.py:708} INFO - Not syncing DAG-level permissions for DAG 'DAG:example_trigger_controller_dag' as access control is unset.
[2024-08-08T20:18:38.930+0400] {logging_mixin.py:151} INFO - [2024-08-08T20:18:38.930+0400] {dag.py:2915} INFO - Sync 1 DAGs
[2024-08-08T20:18:38.937+0400] {logging_mixin.py:151} INFO - [2024-08-08T20:18:38.937+0400] {dag.py:2937} INFO - Creating ORM DAG for example_trigger_controller_dag
[2024-08-08T20:18:38.941+0400] {logging_mixin.py:151} INFO - [2024-08-08T20:18:38.941+0400] {dag.py:3696} INFO - Setting next_dagrun for example_trigger_controller_dag to 2021-01-01T00:00:00+00:00, run_after=2021-01-01T00:00:00+00:00
[2024-08-08T20:18:38.976+0400] {processor.py:179} INFO - Processing /home/eduardo/airflow_venv/lib/python3.10/site-packages/airflow/example_dags/example_trigger_controller_dag.py took 0.200 seconds
[2024-08-08T20:19:27.845+0400] {processor.py:157} INFO - Started process (PID=6872) to work on /home/eduardo/airflow_venv/lib/python3.10/site-packages/airflow/example_dags/example_trigger_controller_dag.py
[2024-08-08T20:19:27.846+0400] {processor.py:829} INFO - Processing file /home/eduardo/airflow_venv/lib/python3.10/site-packages/airflow/example_dags/example_trigger_controller_dag.py for tasks to queue
[2024-08-08T20:19:27.847+0400] {logging_mixin.py:151} INFO - [2024-08-08T20:19:27.847+0400] {dagbag.py:539} INFO - Filling up the DagBag from /home/eduardo/airflow_venv/lib/python3.10/site-packages/airflow/example_dags/example_trigger_controller_dag.py
[2024-08-08T20:19:27.851+0400] {processor.py:839} INFO - DAG(s) dict_keys(['example_trigger_controller_dag']) retrieved from /home/eduardo/airflow_venv/lib/python3.10/site-packages/airflow/example_dags/example_trigger_controller_dag.py
[2024-08-08T20:19:27.864+0400] {logging_mixin.py:151} INFO - [2024-08-08T20:19:27.864+0400] {dag.py:2915} INFO - Sync 1 DAGs
[2024-08-08T20:19:27.879+0400] {logging_mixin.py:151} INFO - [2024-08-08T20:19:27.879+0400] {dag.py:3696} INFO - Setting next_dagrun for example_trigger_controller_dag to 2021-01-01T00:00:00+00:00, run_after=2021-01-01T00:00:00+00:00
[2024-08-08T20:19:27.913+0400] {processor.py:179} INFO - Processing /home/eduardo/airflow_venv/lib/python3.10/site-packages/airflow/example_dags/example_trigger_controller_dag.py took 0.070 seconds
[2024-08-08T20:20:11.962+0400] {processor.py:157} INFO - Started process (PID=6920) to work on /home/eduardo/airflow_venv/lib/python3.10/site-packages/airflow/example_dags/example_trigger_controller_dag.py
[2024-08-08T20:20:11.963+0400] {processor.py:829} INFO - Processing file /home/eduardo/airflow_venv/lib/python3.10/site-packages/airflow/example_dags/example_trigger_controller_dag.py for tasks to queue
[2024-08-08T20:20:11.964+0400] {logging_mixin.py:151} INFO - [2024-08-08T20:20:11.963+0400] {dagbag.py:539} INFO - Filling up the DagBag from /home/eduardo/airflow_venv/lib/python3.10/site-packages/airflow/example_dags/example_trigger_controller_dag.py
[2024-08-08T20:20:11.967+0400] {processor.py:839} INFO - DAG(s) dict_keys(['example_trigger_controller_dag']) retrieved from /home/eduardo/airflow_venv/lib/python3.10/site-packages/airflow/example_dags/example_trigger_controller_dag.py
[2024-08-08T20:20:11.978+0400] {logging_mixin.py:151} INFO - [2024-08-08T20:20:11.978+0400] {dag.py:2915} INFO - Sync 1 DAGs
[2024-08-08T20:20:11.990+0400] {logging_mixin.py:151} INFO - [2024-08-08T20:20:11.990+0400] {dag.py:3696} INFO - Setting next_dagrun for example_trigger_controller_dag to 2021-01-01T00:00:00+00:00, run_after=2021-01-01T00:00:00+00:00
[2024-08-08T20:20:12.018+0400] {processor.py:179} INFO - Processing /home/eduardo/airflow_venv/lib/python3.10/site-packages/airflow/example_dags/example_trigger_controller_dag.py took 0.059 seconds
[2024-08-08T20:20:55.418+0400] {processor.py:157} INFO - Started process (PID=6966) to work on /home/eduardo/airflow_venv/lib/python3.10/site-packages/airflow/example_dags/example_trigger_controller_dag.py
[2024-08-08T20:20:55.419+0400] {processor.py:829} INFO - Processing file /home/eduardo/airflow_venv/lib/python3.10/site-packages/airflow/example_dags/example_trigger_controller_dag.py for tasks to queue
[2024-08-08T20:20:55.420+0400] {logging_mixin.py:151} INFO - [2024-08-08T20:20:55.419+0400] {dagbag.py:539} INFO - Filling up the DagBag from /home/eduardo/airflow_venv/lib/python3.10/site-packages/airflow/example_dags/example_trigger_controller_dag.py
[2024-08-08T20:20:55.423+0400] {processor.py:839} INFO - DAG(s) dict_keys(['example_trigger_controller_dag']) retrieved from /home/eduardo/airflow_venv/lib/python3.10/site-packages/airflow/example_dags/example_trigger_controller_dag.py
[2024-08-08T20:20:55.436+0400] {logging_mixin.py:151} INFO - [2024-08-08T20:20:55.436+0400] {dag.py:2915} INFO - Sync 1 DAGs
[2024-08-08T20:20:55.454+0400] {logging_mixin.py:151} INFO - [2024-08-08T20:20:55.453+0400] {dag.py:3696} INFO - Setting next_dagrun for example_trigger_controller_dag to 2021-01-01T00:00:00+00:00, run_after=2021-01-01T00:00:00+00:00
[2024-08-08T20:20:55.483+0400] {processor.py:179} INFO - Processing /home/eduardo/airflow_venv/lib/python3.10/site-packages/airflow/example_dags/example_trigger_controller_dag.py took 0.067 seconds
[2024-08-08T20:21:37.194+0400] {processor.py:157} INFO - Started process (PID=7012) to work on /home/eduardo/airflow_venv/lib/python3.10/site-packages/airflow/example_dags/example_trigger_controller_dag.py
[2024-08-08T20:21:37.195+0400] {processor.py:829} INFO - Processing file /home/eduardo/airflow_venv/lib/python3.10/site-packages/airflow/example_dags/example_trigger_controller_dag.py for tasks to queue
[2024-08-08T20:21:37.196+0400] {logging_mixin.py:151} INFO - [2024-08-08T20:21:37.196+0400] {dagbag.py:539} INFO - Filling up the DagBag from /home/eduardo/airflow_venv/lib/python3.10/site-packages/airflow/example_dags/example_trigger_controller_dag.py
[2024-08-08T20:21:37.200+0400] {processor.py:839} INFO - DAG(s) dict_keys(['example_trigger_controller_dag']) retrieved from /home/eduardo/airflow_venv/lib/python3.10/site-packages/airflow/example_dags/example_trigger_controller_dag.py
[2024-08-08T20:21:37.215+0400] {logging_mixin.py:151} INFO - [2024-08-08T20:21:37.215+0400] {dag.py:2915} INFO - Sync 1 DAGs
[2024-08-08T20:21:37.231+0400] {logging_mixin.py:151} INFO - [2024-08-08T20:21:37.231+0400] {dag.py:3696} INFO - Setting next_dagrun for example_trigger_controller_dag to 2021-01-01T00:00:00+00:00, run_after=2021-01-01T00:00:00+00:00
[2024-08-08T20:21:37.261+0400] {processor.py:179} INFO - Processing /home/eduardo/airflow_venv/lib/python3.10/site-packages/airflow/example_dags/example_trigger_controller_dag.py took 0.069 seconds
[2024-08-08T20:22:22.248+0400] {processor.py:157} INFO - Started process (PID=7058) to work on /home/eduardo/airflow_venv/lib/python3.10/site-packages/airflow/example_dags/example_trigger_controller_dag.py
[2024-08-08T20:22:22.249+0400] {processor.py:829} INFO - Processing file /home/eduardo/airflow_venv/lib/python3.10/site-packages/airflow/example_dags/example_trigger_controller_dag.py for tasks to queue
[2024-08-08T20:22:22.250+0400] {logging_mixin.py:151} INFO - [2024-08-08T20:22:22.250+0400] {dagbag.py:539} INFO - Filling up the DagBag from /home/eduardo/airflow_venv/lib/python3.10/site-packages/airflow/example_dags/example_trigger_controller_dag.py
[2024-08-08T20:22:22.253+0400] {processor.py:839} INFO - DAG(s) dict_keys(['example_trigger_controller_dag']) retrieved from /home/eduardo/airflow_venv/lib/python3.10/site-packages/airflow/example_dags/example_trigger_controller_dag.py
[2024-08-08T20:22:22.263+0400] {logging_mixin.py:151} INFO - [2024-08-08T20:22:22.263+0400] {dag.py:2915} INFO - Sync 1 DAGs
[2024-08-08T20:22:22.277+0400] {logging_mixin.py:151} INFO - [2024-08-08T20:22:22.277+0400] {dag.py:3696} INFO - Setting next_dagrun for example_trigger_controller_dag to 2021-01-01T00:00:00+00:00, run_after=2021-01-01T00:00:00+00:00
[2024-08-08T20:22:22.305+0400] {processor.py:179} INFO - Processing /home/eduardo/airflow_venv/lib/python3.10/site-packages/airflow/example_dags/example_trigger_controller_dag.py took 0.060 seconds
[2024-08-08T20:23:08.982+0400] {processor.py:157} INFO - Started process (PID=7124) to work on /home/eduardo/airflow_venv/lib/python3.10/site-packages/airflow/example_dags/example_trigger_controller_dag.py
[2024-08-08T20:23:08.983+0400] {processor.py:829} INFO - Processing file /home/eduardo/airflow_venv/lib/python3.10/site-packages/airflow/example_dags/example_trigger_controller_dag.py for tasks to queue
[2024-08-08T20:23:08.984+0400] {logging_mixin.py:151} INFO - [2024-08-08T20:23:08.984+0400] {dagbag.py:539} INFO - Filling up the DagBag from /home/eduardo/airflow_venv/lib/python3.10/site-packages/airflow/example_dags/example_trigger_controller_dag.py
[2024-08-08T20:23:08.988+0400] {processor.py:839} INFO - DAG(s) dict_keys(['example_trigger_controller_dag']) retrieved from /home/eduardo/airflow_venv/lib/python3.10/site-packages/airflow/example_dags/example_trigger_controller_dag.py
[2024-08-08T20:23:08.999+0400] {logging_mixin.py:151} INFO - [2024-08-08T20:23:08.999+0400] {dag.py:2915} INFO - Sync 1 DAGs
[2024-08-08T20:23:09.014+0400] {logging_mixin.py:151} INFO - [2024-08-08T20:23:09.014+0400] {dag.py:3696} INFO - Setting next_dagrun for example_trigger_controller_dag to 2021-01-01T00:00:00+00:00, run_after=2021-01-01T00:00:00+00:00
[2024-08-08T20:23:09.045+0400] {processor.py:179} INFO - Processing /home/eduardo/airflow_venv/lib/python3.10/site-packages/airflow/example_dags/example_trigger_controller_dag.py took 0.065 seconds
[2024-08-08T20:23:50.901+0400] {processor.py:157} INFO - Started process (PID=7171) to work on /home/eduardo/airflow_venv/lib/python3.10/site-packages/airflow/example_dags/example_trigger_controller_dag.py
[2024-08-08T20:23:50.903+0400] {processor.py:829} INFO - Processing file /home/eduardo/airflow_venv/lib/python3.10/site-packages/airflow/example_dags/example_trigger_controller_dag.py for tasks to queue
[2024-08-08T20:23:50.903+0400] {logging_mixin.py:151} INFO - [2024-08-08T20:23:50.903+0400] {dagbag.py:539} INFO - Filling up the DagBag from /home/eduardo/airflow_venv/lib/python3.10/site-packages/airflow/example_dags/example_trigger_controller_dag.py
[2024-08-08T20:23:50.907+0400] {processor.py:839} INFO - DAG(s) dict_keys(['example_trigger_controller_dag']) retrieved from /home/eduardo/airflow_venv/lib/python3.10/site-packages/airflow/example_dags/example_trigger_controller_dag.py
[2024-08-08T20:23:50.918+0400] {logging_mixin.py:151} INFO - [2024-08-08T20:23:50.918+0400] {dag.py:2915} INFO - Sync 1 DAGs
[2024-08-08T20:23:50.932+0400] {logging_mixin.py:151} INFO - [2024-08-08T20:23:50.932+0400] {dag.py:3696} INFO - Setting next_dagrun for example_trigger_controller_dag to 2021-01-01T00:00:00+00:00, run_after=2021-01-01T00:00:00+00:00
[2024-08-08T20:23:50.959+0400] {processor.py:179} INFO - Processing /home/eduardo/airflow_venv/lib/python3.10/site-packages/airflow/example_dags/example_trigger_controller_dag.py took 0.060 seconds
[2024-08-08T20:24:36.767+0400] {processor.py:157} INFO - Started process (PID=7218) to work on /home/eduardo/airflow_venv/lib/python3.10/site-packages/airflow/example_dags/example_trigger_controller_dag.py
[2024-08-08T20:24:36.768+0400] {processor.py:829} INFO - Processing file /home/eduardo/airflow_venv/lib/python3.10/site-packages/airflow/example_dags/example_trigger_controller_dag.py for tasks to queue
[2024-08-08T20:24:36.769+0400] {logging_mixin.py:151} INFO - [2024-08-08T20:24:36.769+0400] {dagbag.py:539} INFO - Filling up the DagBag from /home/eduardo/airflow_venv/lib/python3.10/site-packages/airflow/example_dags/example_trigger_controller_dag.py
[2024-08-08T20:24:36.774+0400] {processor.py:839} INFO - DAG(s) dict_keys(['example_trigger_controller_dag']) retrieved from /home/eduardo/airflow_venv/lib/python3.10/site-packages/airflow/example_dags/example_trigger_controller_dag.py
[2024-08-08T20:24:36.787+0400] {logging_mixin.py:151} INFO - [2024-08-08T20:24:36.787+0400] {dag.py:2915} INFO - Sync 1 DAGs
[2024-08-08T20:24:36.799+0400] {logging_mixin.py:151} INFO - [2024-08-08T20:24:36.799+0400] {dag.py:3696} INFO - Setting next_dagrun for example_trigger_controller_dag to 2021-01-01T00:00:00+00:00, run_after=2021-01-01T00:00:00+00:00
[2024-08-08T20:24:36.825+0400] {processor.py:179} INFO - Processing /home/eduardo/airflow_venv/lib/python3.10/site-packages/airflow/example_dags/example_trigger_controller_dag.py took 0.060 seconds
[2024-08-08T20:25:25.828+0400] {processor.py:157} INFO - Started process (PID=7277) to work on /home/eduardo/airflow_venv/lib/python3.10/site-packages/airflow/example_dags/example_trigger_controller_dag.py
[2024-08-08T20:25:25.829+0400] {processor.py:829} INFO - Processing file /home/eduardo/airflow_venv/lib/python3.10/site-packages/airflow/example_dags/example_trigger_controller_dag.py for tasks to queue
[2024-08-08T20:25:25.829+0400] {logging_mixin.py:151} INFO - [2024-08-08T20:25:25.829+0400] {dagbag.py:539} INFO - Filling up the DagBag from /home/eduardo/airflow_venv/lib/python3.10/site-packages/airflow/example_dags/example_trigger_controller_dag.py
[2024-08-08T20:25:25.833+0400] {processor.py:839} INFO - DAG(s) dict_keys(['example_trigger_controller_dag']) retrieved from /home/eduardo/airflow_venv/lib/python3.10/site-packages/airflow/example_dags/example_trigger_controller_dag.py
[2024-08-08T20:25:25.846+0400] {logging_mixin.py:151} INFO - [2024-08-08T20:25:25.846+0400] {dag.py:2915} INFO - Sync 1 DAGs
[2024-08-08T20:25:25.862+0400] {logging_mixin.py:151} INFO - [2024-08-08T20:25:25.862+0400] {dag.py:3696} INFO - Setting next_dagrun for example_trigger_controller_dag to 2021-01-01T00:00:00+00:00, run_after=2021-01-01T00:00:00+00:00
[2024-08-08T20:25:25.891+0400] {processor.py:179} INFO - Processing /home/eduardo/airflow_venv/lib/python3.10/site-packages/airflow/example_dags/example_trigger_controller_dag.py took 0.065 seconds
[2024-08-08T20:26:10.037+0400] {processor.py:157} INFO - Started process (PID=7323) to work on /home/eduardo/airflow_venv/lib/python3.10/site-packages/airflow/example_dags/example_trigger_controller_dag.py
[2024-08-08T20:26:10.038+0400] {processor.py:829} INFO - Processing file /home/eduardo/airflow_venv/lib/python3.10/site-packages/airflow/example_dags/example_trigger_controller_dag.py for tasks to queue
[2024-08-08T20:26:10.039+0400] {logging_mixin.py:151} INFO - [2024-08-08T20:26:10.039+0400] {dagbag.py:539} INFO - Filling up the DagBag from /home/eduardo/airflow_venv/lib/python3.10/site-packages/airflow/example_dags/example_trigger_controller_dag.py
[2024-08-08T20:26:10.042+0400] {processor.py:839} INFO - DAG(s) dict_keys(['example_trigger_controller_dag']) retrieved from /home/eduardo/airflow_venv/lib/python3.10/site-packages/airflow/example_dags/example_trigger_controller_dag.py
[2024-08-08T20:26:10.053+0400] {logging_mixin.py:151} INFO - [2024-08-08T20:26:10.053+0400] {dag.py:2915} INFO - Sync 1 DAGs
[2024-08-08T20:26:10.065+0400] {logging_mixin.py:151} INFO - [2024-08-08T20:26:10.065+0400] {dag.py:3696} INFO - Setting next_dagrun for example_trigger_controller_dag to 2021-01-01T00:00:00+00:00, run_after=2021-01-01T00:00:00+00:00
[2024-08-08T20:26:10.090+0400] {processor.py:179} INFO - Processing /home/eduardo/airflow_venv/lib/python3.10/site-packages/airflow/example_dags/example_trigger_controller_dag.py took 0.055 seconds
[2024-08-08T22:09:51.972+0400] {processor.py:157} INFO - Started process (PID=9609) to work on /home/eduardo/airflow_venv/lib/python3.10/site-packages/airflow/example_dags/example_trigger_controller_dag.py
[2024-08-08T22:09:51.974+0400] {processor.py:829} INFO - Processing file /home/eduardo/airflow_venv/lib/python3.10/site-packages/airflow/example_dags/example_trigger_controller_dag.py for tasks to queue
[2024-08-08T22:09:51.975+0400] {logging_mixin.py:151} INFO - [2024-08-08T22:09:51.975+0400] {dagbag.py:539} INFO - Filling up the DagBag from /home/eduardo/airflow_venv/lib/python3.10/site-packages/airflow/example_dags/example_trigger_controller_dag.py
[2024-08-08T22:09:51.981+0400] {processor.py:839} INFO - DAG(s) dict_keys(['example_trigger_controller_dag']) retrieved from /home/eduardo/airflow_venv/lib/python3.10/site-packages/airflow/example_dags/example_trigger_controller_dag.py
[2024-08-08T22:09:51.994+0400] {logging_mixin.py:151} INFO - [2024-08-08T22:09:51.994+0400] {dag.py:2915} INFO - Sync 1 DAGs
[2024-08-08T22:09:52.010+0400] {logging_mixin.py:151} INFO - [2024-08-08T22:09:52.010+0400] {dag.py:3696} INFO - Setting next_dagrun for example_trigger_controller_dag to 2021-01-01T00:00:00+00:00, run_after=2021-01-01T00:00:00+00:00
[2024-08-08T22:09:52.037+0400] {processor.py:179} INFO - Processing /home/eduardo/airflow_venv/lib/python3.10/site-packages/airflow/example_dags/example_trigger_controller_dag.py took 0.068 seconds
[2024-08-08T22:10:38.686+0400] {processor.py:157} INFO - Started process (PID=10142) to work on /home/eduardo/airflow_venv/lib/python3.10/site-packages/airflow/example_dags/example_trigger_controller_dag.py
[2024-08-08T22:10:38.690+0400] {processor.py:829} INFO - Processing file /home/eduardo/airflow_venv/lib/python3.10/site-packages/airflow/example_dags/example_trigger_controller_dag.py for tasks to queue
[2024-08-08T22:10:38.691+0400] {logging_mixin.py:151} INFO - [2024-08-08T22:10:38.691+0400] {dagbag.py:539} INFO - Filling up the DagBag from /home/eduardo/airflow_venv/lib/python3.10/site-packages/airflow/example_dags/example_trigger_controller_dag.py
[2024-08-08T22:10:38.697+0400] {processor.py:839} INFO - DAG(s) dict_keys(['example_trigger_controller_dag']) retrieved from /home/eduardo/airflow_venv/lib/python3.10/site-packages/airflow/example_dags/example_trigger_controller_dag.py
[2024-08-08T22:10:38.718+0400] {logging_mixin.py:151} INFO - [2024-08-08T22:10:38.718+0400] {dag.py:2915} INFO - Sync 1 DAGs
[2024-08-08T22:10:38.742+0400] {logging_mixin.py:151} INFO - [2024-08-08T22:10:38.742+0400] {dag.py:3696} INFO - Setting next_dagrun for example_trigger_controller_dag to 2021-01-01T00:00:00+00:00, run_after=2021-01-01T00:00:00+00:00
[2024-08-08T22:10:38.779+0400] {processor.py:179} INFO - Processing /home/eduardo/airflow_venv/lib/python3.10/site-packages/airflow/example_dags/example_trigger_controller_dag.py took 0.097 seconds
[2024-08-08T22:11:27.693+0400] {processor.py:157} INFO - Started process (PID=10652) to work on /home/eduardo/airflow_venv/lib/python3.10/site-packages/airflow/example_dags/example_trigger_controller_dag.py
[2024-08-08T22:11:27.696+0400] {processor.py:829} INFO - Processing file /home/eduardo/airflow_venv/lib/python3.10/site-packages/airflow/example_dags/example_trigger_controller_dag.py for tasks to queue
[2024-08-08T22:11:27.697+0400] {logging_mixin.py:151} INFO - [2024-08-08T22:11:27.696+0400] {dagbag.py:539} INFO - Filling up the DagBag from /home/eduardo/airflow_venv/lib/python3.10/site-packages/airflow/example_dags/example_trigger_controller_dag.py
[2024-08-08T22:11:27.701+0400] {processor.py:839} INFO - DAG(s) dict_keys(['example_trigger_controller_dag']) retrieved from /home/eduardo/airflow_venv/lib/python3.10/site-packages/airflow/example_dags/example_trigger_controller_dag.py
[2024-08-08T22:11:27.716+0400] {logging_mixin.py:151} INFO - [2024-08-08T22:11:27.716+0400] {dag.py:2915} INFO - Sync 1 DAGs
[2024-08-08T22:11:27.734+0400] {logging_mixin.py:151} INFO - [2024-08-08T22:11:27.734+0400] {dag.py:3696} INFO - Setting next_dagrun for example_trigger_controller_dag to 2021-01-01T00:00:00+00:00, run_after=2021-01-01T00:00:00+00:00
[2024-08-08T22:11:27.777+0400] {processor.py:179} INFO - Processing /home/eduardo/airflow_venv/lib/python3.10/site-packages/airflow/example_dags/example_trigger_controller_dag.py took 0.087 seconds
[2024-08-08T22:12:17.454+0400] {processor.py:157} INFO - Started process (PID=11073) to work on /home/eduardo/airflow_venv/lib/python3.10/site-packages/airflow/example_dags/example_trigger_controller_dag.py
[2024-08-08T22:12:17.457+0400] {processor.py:829} INFO - Processing file /home/eduardo/airflow_venv/lib/python3.10/site-packages/airflow/example_dags/example_trigger_controller_dag.py for tasks to queue
[2024-08-08T22:12:17.458+0400] {logging_mixin.py:151} INFO - [2024-08-08T22:12:17.458+0400] {dagbag.py:539} INFO - Filling up the DagBag from /home/eduardo/airflow_venv/lib/python3.10/site-packages/airflow/example_dags/example_trigger_controller_dag.py
[2024-08-08T22:12:17.467+0400] {processor.py:839} INFO - DAG(s) dict_keys(['example_trigger_controller_dag']) retrieved from /home/eduardo/airflow_venv/lib/python3.10/site-packages/airflow/example_dags/example_trigger_controller_dag.py
[2024-08-08T22:12:17.500+0400] {logging_mixin.py:151} INFO - [2024-08-08T22:12:17.500+0400] {dag.py:2915} INFO - Sync 1 DAGs
[2024-08-08T22:12:17.527+0400] {logging_mixin.py:151} INFO - [2024-08-08T22:12:17.527+0400] {dag.py:3696} INFO - Setting next_dagrun for example_trigger_controller_dag to 2021-01-01T00:00:00+00:00, run_after=2021-01-01T00:00:00+00:00
[2024-08-08T22:12:17.577+0400] {processor.py:179} INFO - Processing /home/eduardo/airflow_venv/lib/python3.10/site-packages/airflow/example_dags/example_trigger_controller_dag.py took 0.128 seconds
[2024-08-08T22:13:05.830+0400] {processor.py:157} INFO - Started process (PID=11447) to work on /home/eduardo/airflow_venv/lib/python3.10/site-packages/airflow/example_dags/example_trigger_controller_dag.py
[2024-08-08T22:13:05.834+0400] {processor.py:829} INFO - Processing file /home/eduardo/airflow_venv/lib/python3.10/site-packages/airflow/example_dags/example_trigger_controller_dag.py for tasks to queue
[2024-08-08T22:13:05.836+0400] {logging_mixin.py:151} INFO - [2024-08-08T22:13:05.835+0400] {dagbag.py:539} INFO - Filling up the DagBag from /home/eduardo/airflow_venv/lib/python3.10/site-packages/airflow/example_dags/example_trigger_controller_dag.py
[2024-08-08T22:13:05.845+0400] {processor.py:839} INFO - DAG(s) dict_keys(['example_trigger_controller_dag']) retrieved from /home/eduardo/airflow_venv/lib/python3.10/site-packages/airflow/example_dags/example_trigger_controller_dag.py
[2024-08-08T22:13:05.871+0400] {logging_mixin.py:151} INFO - [2024-08-08T22:13:05.870+0400] {dag.py:2915} INFO - Sync 1 DAGs
[2024-08-08T22:13:05.904+0400] {logging_mixin.py:151} INFO - [2024-08-08T22:13:05.903+0400] {dag.py:3696} INFO - Setting next_dagrun for example_trigger_controller_dag to 2021-01-01T00:00:00+00:00, run_after=2021-01-01T00:00:00+00:00
[2024-08-08T22:13:05.947+0400] {processor.py:179} INFO - Processing /home/eduardo/airflow_venv/lib/python3.10/site-packages/airflow/example_dags/example_trigger_controller_dag.py took 0.123 seconds
[2024-08-08T22:13:53.022+0400] {processor.py:157} INFO - Started process (PID=11951) to work on /home/eduardo/airflow_venv/lib/python3.10/site-packages/airflow/example_dags/example_trigger_controller_dag.py
[2024-08-08T22:13:53.025+0400] {processor.py:829} INFO - Processing file /home/eduardo/airflow_venv/lib/python3.10/site-packages/airflow/example_dags/example_trigger_controller_dag.py for tasks to queue
[2024-08-08T22:13:53.025+0400] {logging_mixin.py:151} INFO - [2024-08-08T22:13:53.025+0400] {dagbag.py:539} INFO - Filling up the DagBag from /home/eduardo/airflow_venv/lib/python3.10/site-packages/airflow/example_dags/example_trigger_controller_dag.py
[2024-08-08T22:13:53.030+0400] {processor.py:839} INFO - DAG(s) dict_keys(['example_trigger_controller_dag']) retrieved from /home/eduardo/airflow_venv/lib/python3.10/site-packages/airflow/example_dags/example_trigger_controller_dag.py
[2024-08-08T22:13:53.049+0400] {logging_mixin.py:151} INFO - [2024-08-08T22:13:53.049+0400] {dag.py:2915} INFO - Sync 1 DAGs
[2024-08-08T22:13:53.070+0400] {logging_mixin.py:151} INFO - [2024-08-08T22:13:53.070+0400] {dag.py:3696} INFO - Setting next_dagrun for example_trigger_controller_dag to 2021-01-01T00:00:00+00:00, run_after=2021-01-01T00:00:00+00:00
[2024-08-08T22:13:53.103+0400] {processor.py:179} INFO - Processing /home/eduardo/airflow_venv/lib/python3.10/site-packages/airflow/example_dags/example_trigger_controller_dag.py took 0.084 seconds
[2024-08-08T22:14:40.886+0400] {processor.py:157} INFO - Started process (PID=12475) to work on /home/eduardo/airflow_venv/lib/python3.10/site-packages/airflow/example_dags/example_trigger_controller_dag.py
[2024-08-08T22:14:40.889+0400] {processor.py:829} INFO - Processing file /home/eduardo/airflow_venv/lib/python3.10/site-packages/airflow/example_dags/example_trigger_controller_dag.py for tasks to queue
[2024-08-08T22:14:40.890+0400] {logging_mixin.py:151} INFO - [2024-08-08T22:14:40.890+0400] {dagbag.py:539} INFO - Filling up the DagBag from /home/eduardo/airflow_venv/lib/python3.10/site-packages/airflow/example_dags/example_trigger_controller_dag.py
[2024-08-08T22:14:40.896+0400] {processor.py:839} INFO - DAG(s) dict_keys(['example_trigger_controller_dag']) retrieved from /home/eduardo/airflow_venv/lib/python3.10/site-packages/airflow/example_dags/example_trigger_controller_dag.py
[2024-08-08T22:14:40.905+0400] {logging_mixin.py:151} INFO - [2024-08-08T22:14:40.905+0400] {dag.py:2915} INFO - Sync 1 DAGs
[2024-08-08T22:14:40.932+0400] {logging_mixin.py:151} INFO - [2024-08-08T22:14:40.932+0400] {dag.py:3696} INFO - Setting next_dagrun for example_trigger_controller_dag to 2021-01-01T00:00:00+00:00, run_after=2021-01-01T00:00:00+00:00
[2024-08-08T22:14:40.973+0400] {processor.py:179} INFO - Processing /home/eduardo/airflow_venv/lib/python3.10/site-packages/airflow/example_dags/example_trigger_controller_dag.py took 0.092 seconds
[2024-08-08T22:15:33.175+0400] {processor.py:157} INFO - Started process (PID=12926) to work on /home/eduardo/airflow_venv/lib/python3.10/site-packages/airflow/example_dags/example_trigger_controller_dag.py
[2024-08-08T22:15:33.178+0400] {processor.py:829} INFO - Processing file /home/eduardo/airflow_venv/lib/python3.10/site-packages/airflow/example_dags/example_trigger_controller_dag.py for tasks to queue
[2024-08-08T22:15:33.179+0400] {logging_mixin.py:151} INFO - [2024-08-08T22:15:33.178+0400] {dagbag.py:539} INFO - Filling up the DagBag from /home/eduardo/airflow_venv/lib/python3.10/site-packages/airflow/example_dags/example_trigger_controller_dag.py
[2024-08-08T22:15:33.183+0400] {processor.py:839} INFO - DAG(s) dict_keys(['example_trigger_controller_dag']) retrieved from /home/eduardo/airflow_venv/lib/python3.10/site-packages/airflow/example_dags/example_trigger_controller_dag.py
[2024-08-08T22:15:33.198+0400] {logging_mixin.py:151} INFO - [2024-08-08T22:15:33.198+0400] {dag.py:2915} INFO - Sync 1 DAGs
[2024-08-08T22:15:33.214+0400] {logging_mixin.py:151} INFO - [2024-08-08T22:15:33.214+0400] {dag.py:3696} INFO - Setting next_dagrun for example_trigger_controller_dag to 2021-01-01T00:00:00+00:00, run_after=2021-01-01T00:00:00+00:00
[2024-08-08T22:15:33.247+0400] {processor.py:179} INFO - Processing /home/eduardo/airflow_venv/lib/python3.10/site-packages/airflow/example_dags/example_trigger_controller_dag.py took 0.075 seconds
[2024-08-08T22:16:23.436+0400] {processor.py:157} INFO - Started process (PID=13357) to work on /home/eduardo/airflow_venv/lib/python3.10/site-packages/airflow/example_dags/example_trigger_controller_dag.py
[2024-08-08T22:16:23.438+0400] {processor.py:829} INFO - Processing file /home/eduardo/airflow_venv/lib/python3.10/site-packages/airflow/example_dags/example_trigger_controller_dag.py for tasks to queue
[2024-08-08T22:16:23.439+0400] {logging_mixin.py:151} INFO - [2024-08-08T22:16:23.439+0400] {dagbag.py:539} INFO - Filling up the DagBag from /home/eduardo/airflow_venv/lib/python3.10/site-packages/airflow/example_dags/example_trigger_controller_dag.py
[2024-08-08T22:16:23.443+0400] {processor.py:839} INFO - DAG(s) dict_keys(['example_trigger_controller_dag']) retrieved from /home/eduardo/airflow_venv/lib/python3.10/site-packages/airflow/example_dags/example_trigger_controller_dag.py
[2024-08-08T22:16:23.465+0400] {logging_mixin.py:151} INFO - [2024-08-08T22:16:23.464+0400] {dag.py:2915} INFO - Sync 1 DAGs
[2024-08-08T22:16:23.498+0400] {logging_mixin.py:151} INFO - [2024-08-08T22:16:23.498+0400] {dag.py:3696} INFO - Setting next_dagrun for example_trigger_controller_dag to 2021-01-01T00:00:00+00:00, run_after=2021-01-01T00:00:00+00:00
[2024-08-08T22:16:23.542+0400] {processor.py:179} INFO - Processing /home/eduardo/airflow_venv/lib/python3.10/site-packages/airflow/example_dags/example_trigger_controller_dag.py took 0.109 seconds
[2024-08-08T22:17:15.173+0400] {processor.py:157} INFO - Started process (PID=13959) to work on /home/eduardo/airflow_venv/lib/python3.10/site-packages/airflow/example_dags/example_trigger_controller_dag.py
[2024-08-08T22:17:15.177+0400] {processor.py:829} INFO - Processing file /home/eduardo/airflow_venv/lib/python3.10/site-packages/airflow/example_dags/example_trigger_controller_dag.py for tasks to queue
[2024-08-08T22:17:15.178+0400] {logging_mixin.py:151} INFO - [2024-08-08T22:17:15.177+0400] {dagbag.py:539} INFO - Filling up the DagBag from /home/eduardo/airflow_venv/lib/python3.10/site-packages/airflow/example_dags/example_trigger_controller_dag.py
[2024-08-08T22:17:15.184+0400] {processor.py:839} INFO - DAG(s) dict_keys(['example_trigger_controller_dag']) retrieved from /home/eduardo/airflow_venv/lib/python3.10/site-packages/airflow/example_dags/example_trigger_controller_dag.py
[2024-08-08T22:17:15.209+0400] {logging_mixin.py:151} INFO - [2024-08-08T22:17:15.209+0400] {dag.py:2915} INFO - Sync 1 DAGs
[2024-08-08T22:17:15.234+0400] {logging_mixin.py:151} INFO - [2024-08-08T22:17:15.234+0400] {dag.py:3696} INFO - Setting next_dagrun for example_trigger_controller_dag to 2021-01-01T00:00:00+00:00, run_after=2021-01-01T00:00:00+00:00
[2024-08-08T22:17:15.267+0400] {processor.py:179} INFO - Processing /home/eduardo/airflow_venv/lib/python3.10/site-packages/airflow/example_dags/example_trigger_controller_dag.py took 0.099 seconds
[2024-08-08T22:18:07.436+0400] {processor.py:157} INFO - Started process (PID=14364) to work on /home/eduardo/airflow_venv/lib/python3.10/site-packages/airflow/example_dags/example_trigger_controller_dag.py
[2024-08-08T22:18:07.440+0400] {processor.py:829} INFO - Processing file /home/eduardo/airflow_venv/lib/python3.10/site-packages/airflow/example_dags/example_trigger_controller_dag.py for tasks to queue
[2024-08-08T22:18:07.440+0400] {logging_mixin.py:151} INFO - [2024-08-08T22:18:07.440+0400] {dagbag.py:539} INFO - Filling up the DagBag from /home/eduardo/airflow_venv/lib/python3.10/site-packages/airflow/example_dags/example_trigger_controller_dag.py
[2024-08-08T22:18:07.446+0400] {processor.py:839} INFO - DAG(s) dict_keys(['example_trigger_controller_dag']) retrieved from /home/eduardo/airflow_venv/lib/python3.10/site-packages/airflow/example_dags/example_trigger_controller_dag.py
[2024-08-08T22:18:07.465+0400] {logging_mixin.py:151} INFO - [2024-08-08T22:18:07.465+0400] {dag.py:2915} INFO - Sync 1 DAGs
[2024-08-08T22:18:07.487+0400] {logging_mixin.py:151} INFO - [2024-08-08T22:18:07.486+0400] {dag.py:3696} INFO - Setting next_dagrun for example_trigger_controller_dag to 2021-01-01T00:00:00+00:00, run_after=2021-01-01T00:00:00+00:00
[2024-08-08T22:18:07.519+0400] {processor.py:179} INFO - Processing /home/eduardo/airflow_venv/lib/python3.10/site-packages/airflow/example_dags/example_trigger_controller_dag.py took 0.088 seconds
[2024-08-08T22:19:00.772+0400] {processor.py:157} INFO - Started process (PID=14780) to work on /home/eduardo/airflow_venv/lib/python3.10/site-packages/airflow/example_dags/example_trigger_controller_dag.py
[2024-08-08T22:19:00.775+0400] {processor.py:829} INFO - Processing file /home/eduardo/airflow_venv/lib/python3.10/site-packages/airflow/example_dags/example_trigger_controller_dag.py for tasks to queue
[2024-08-08T22:19:00.776+0400] {logging_mixin.py:151} INFO - [2024-08-08T22:19:00.776+0400] {dagbag.py:539} INFO - Filling up the DagBag from /home/eduardo/airflow_venv/lib/python3.10/site-packages/airflow/example_dags/example_trigger_controller_dag.py
[2024-08-08T22:19:00.780+0400] {processor.py:839} INFO - DAG(s) dict_keys(['example_trigger_controller_dag']) retrieved from /home/eduardo/airflow_venv/lib/python3.10/site-packages/airflow/example_dags/example_trigger_controller_dag.py
[2024-08-08T22:19:00.796+0400] {logging_mixin.py:151} INFO - [2024-08-08T22:19:00.796+0400] {dag.py:2915} INFO - Sync 1 DAGs
[2024-08-08T22:19:00.814+0400] {logging_mixin.py:151} INFO - [2024-08-08T22:19:00.813+0400] {dag.py:3696} INFO - Setting next_dagrun for example_trigger_controller_dag to 2021-01-01T00:00:00+00:00, run_after=2021-01-01T00:00:00+00:00
[2024-08-08T22:19:00.846+0400] {processor.py:179} INFO - Processing /home/eduardo/airflow_venv/lib/python3.10/site-packages/airflow/example_dags/example_trigger_controller_dag.py took 0.079 seconds
[2024-08-08T22:19:48.958+0400] {processor.py:157} INFO - Started process (PID=15183) to work on /home/eduardo/airflow_venv/lib/python3.10/site-packages/airflow/example_dags/example_trigger_controller_dag.py
[2024-08-08T22:19:48.960+0400] {processor.py:829} INFO - Processing file /home/eduardo/airflow_venv/lib/python3.10/site-packages/airflow/example_dags/example_trigger_controller_dag.py for tasks to queue
[2024-08-08T22:19:48.961+0400] {logging_mixin.py:151} INFO - [2024-08-08T22:19:48.961+0400] {dagbag.py:539} INFO - Filling up the DagBag from /home/eduardo/airflow_venv/lib/python3.10/site-packages/airflow/example_dags/example_trigger_controller_dag.py
[2024-08-08T22:19:48.965+0400] {processor.py:839} INFO - DAG(s) dict_keys(['example_trigger_controller_dag']) retrieved from /home/eduardo/airflow_venv/lib/python3.10/site-packages/airflow/example_dags/example_trigger_controller_dag.py
[2024-08-08T22:19:48.978+0400] {logging_mixin.py:151} INFO - [2024-08-08T22:19:48.978+0400] {dag.py:2915} INFO - Sync 1 DAGs
[2024-08-08T22:19:48.993+0400] {logging_mixin.py:151} INFO - [2024-08-08T22:19:48.992+0400] {dag.py:3696} INFO - Setting next_dagrun for example_trigger_controller_dag to 2021-01-01T00:00:00+00:00, run_after=2021-01-01T00:00:00+00:00
[2024-08-08T22:19:49.018+0400] {processor.py:179} INFO - Processing /home/eduardo/airflow_venv/lib/python3.10/site-packages/airflow/example_dags/example_trigger_controller_dag.py took 0.063 seconds
[2024-08-08T22:20:40.096+0400] {processor.py:157} INFO - Started process (PID=15585) to work on /home/eduardo/airflow_venv/lib/python3.10/site-packages/airflow/example_dags/example_trigger_controller_dag.py
[2024-08-08T22:20:40.099+0400] {processor.py:829} INFO - Processing file /home/eduardo/airflow_venv/lib/python3.10/site-packages/airflow/example_dags/example_trigger_controller_dag.py for tasks to queue
[2024-08-08T22:20:40.100+0400] {logging_mixin.py:151} INFO - [2024-08-08T22:20:40.100+0400] {dagbag.py:539} INFO - Filling up the DagBag from /home/eduardo/airflow_venv/lib/python3.10/site-packages/airflow/example_dags/example_trigger_controller_dag.py
[2024-08-08T22:20:40.112+0400] {processor.py:839} INFO - DAG(s) dict_keys(['example_trigger_controller_dag']) retrieved from /home/eduardo/airflow_venv/lib/python3.10/site-packages/airflow/example_dags/example_trigger_controller_dag.py
[2024-08-08T22:20:40.135+0400] {logging_mixin.py:151} INFO - [2024-08-08T22:20:40.135+0400] {dag.py:2915} INFO - Sync 1 DAGs
[2024-08-08T22:20:40.151+0400] {logging_mixin.py:151} INFO - [2024-08-08T22:20:40.151+0400] {dag.py:3696} INFO - Setting next_dagrun for example_trigger_controller_dag to 2021-01-01T00:00:00+00:00, run_after=2021-01-01T00:00:00+00:00
[2024-08-08T22:20:40.186+0400] {processor.py:179} INFO - Processing /home/eduardo/airflow_venv/lib/python3.10/site-packages/airflow/example_dags/example_trigger_controller_dag.py took 0.096 seconds
[2024-08-08T22:21:33.404+0400] {processor.py:157} INFO - Started process (PID=16114) to work on /home/eduardo/airflow_venv/lib/python3.10/site-packages/airflow/example_dags/example_trigger_controller_dag.py
[2024-08-08T22:21:33.406+0400] {processor.py:829} INFO - Processing file /home/eduardo/airflow_venv/lib/python3.10/site-packages/airflow/example_dags/example_trigger_controller_dag.py for tasks to queue
[2024-08-08T22:21:33.407+0400] {logging_mixin.py:151} INFO - [2024-08-08T22:21:33.406+0400] {dagbag.py:539} INFO - Filling up the DagBag from /home/eduardo/airflow_venv/lib/python3.10/site-packages/airflow/example_dags/example_trigger_controller_dag.py
[2024-08-08T22:21:33.414+0400] {processor.py:839} INFO - DAG(s) dict_keys(['example_trigger_controller_dag']) retrieved from /home/eduardo/airflow_venv/lib/python3.10/site-packages/airflow/example_dags/example_trigger_controller_dag.py
[2024-08-08T22:21:33.430+0400] {logging_mixin.py:151} INFO - [2024-08-08T22:21:33.430+0400] {dag.py:2915} INFO - Sync 1 DAGs
[2024-08-08T22:21:33.453+0400] {logging_mixin.py:151} INFO - [2024-08-08T22:21:33.453+0400] {dag.py:3696} INFO - Setting next_dagrun for example_trigger_controller_dag to 2021-01-01T00:00:00+00:00, run_after=2021-01-01T00:00:00+00:00
[2024-08-08T22:21:33.487+0400] {processor.py:179} INFO - Processing /home/eduardo/airflow_venv/lib/python3.10/site-packages/airflow/example_dags/example_trigger_controller_dag.py took 0.085 seconds
[2024-08-08T22:22:24.922+0400] {processor.py:157} INFO - Started process (PID=16516) to work on /home/eduardo/airflow_venv/lib/python3.10/site-packages/airflow/example_dags/example_trigger_controller_dag.py
[2024-08-08T22:22:24.925+0400] {processor.py:829} INFO - Processing file /home/eduardo/airflow_venv/lib/python3.10/site-packages/airflow/example_dags/example_trigger_controller_dag.py for tasks to queue
[2024-08-08T22:22:24.926+0400] {logging_mixin.py:151} INFO - [2024-08-08T22:22:24.925+0400] {dagbag.py:539} INFO - Filling up the DagBag from /home/eduardo/airflow_venv/lib/python3.10/site-packages/airflow/example_dags/example_trigger_controller_dag.py
[2024-08-08T22:22:24.931+0400] {processor.py:839} INFO - DAG(s) dict_keys(['example_trigger_controller_dag']) retrieved from /home/eduardo/airflow_venv/lib/python3.10/site-packages/airflow/example_dags/example_trigger_controller_dag.py
[2024-08-08T22:22:24.955+0400] {logging_mixin.py:151} INFO - [2024-08-08T22:22:24.954+0400] {dag.py:2915} INFO - Sync 1 DAGs
[2024-08-08T22:22:24.971+0400] {logging_mixin.py:151} INFO - [2024-08-08T22:22:24.970+0400] {dag.py:3696} INFO - Setting next_dagrun for example_trigger_controller_dag to 2021-01-01T00:00:00+00:00, run_after=2021-01-01T00:00:00+00:00
[2024-08-08T22:22:25.000+0400] {processor.py:179} INFO - Processing /home/eduardo/airflow_venv/lib/python3.10/site-packages/airflow/example_dags/example_trigger_controller_dag.py took 0.084 seconds
[2024-08-08T22:23:14.747+0400] {processor.py:157} INFO - Started process (PID=16924) to work on /home/eduardo/airflow_venv/lib/python3.10/site-packages/airflow/example_dags/example_trigger_controller_dag.py
[2024-08-08T22:23:14.750+0400] {processor.py:829} INFO - Processing file /home/eduardo/airflow_venv/lib/python3.10/site-packages/airflow/example_dags/example_trigger_controller_dag.py for tasks to queue
[2024-08-08T22:23:14.751+0400] {logging_mixin.py:151} INFO - [2024-08-08T22:23:14.751+0400] {dagbag.py:539} INFO - Filling up the DagBag from /home/eduardo/airflow_venv/lib/python3.10/site-packages/airflow/example_dags/example_trigger_controller_dag.py
[2024-08-08T22:23:14.757+0400] {processor.py:839} INFO - DAG(s) dict_keys(['example_trigger_controller_dag']) retrieved from /home/eduardo/airflow_venv/lib/python3.10/site-packages/airflow/example_dags/example_trigger_controller_dag.py
[2024-08-08T22:23:14.776+0400] {logging_mixin.py:151} INFO - [2024-08-08T22:23:14.775+0400] {dag.py:2915} INFO - Sync 1 DAGs
[2024-08-08T22:23:14.795+0400] {logging_mixin.py:151} INFO - [2024-08-08T22:23:14.795+0400] {dag.py:3696} INFO - Setting next_dagrun for example_trigger_controller_dag to 2021-01-01T00:00:00+00:00, run_after=2021-01-01T00:00:00+00:00
[2024-08-08T22:23:14.870+0400] {processor.py:179} INFO - Processing /home/eduardo/airflow_venv/lib/python3.10/site-packages/airflow/example_dags/example_trigger_controller_dag.py took 0.127 seconds
