[2024-08-08T20:18:30.685+0400] {processor.py:157} INFO - Started process (PID=6814) to work on /home/eduardo/airflow_venv/lib/python3.10/site-packages/airflow/example_dags/example_skip_dag.py
[2024-08-08T20:18:30.685+0400] {processor.py:829} INFO - Processing file /home/eduardo/airflow_venv/lib/python3.10/site-packages/airflow/example_dags/example_skip_dag.py for tasks to queue
[2024-08-08T20:18:30.686+0400] {logging_mixin.py:151} INFO - [2024-08-08T20:18:30.686+0400] {dagbag.py:539} INFO - Filling up the DagBag from /home/eduardo/airflow_venv/lib/python3.10/site-packages/airflow/example_dags/example_skip_dag.py
[2024-08-08T20:18:30.693+0400] {processor.py:839} INFO - DAG(s) dict_keys(['example_skip_dag']) retrieved from /home/eduardo/airflow_venv/lib/python3.10/site-packages/airflow/example_dags/example_skip_dag.py
[2024-08-08T20:18:30.801+0400] {logging_mixin.py:151} INFO - [2024-08-08T20:18:30.801+0400] {manager.py:499} INFO - Created Permission View: %s
[2024-08-08T20:18:30.824+0400] {logging_mixin.py:151} INFO - [2024-08-08T20:18:30.824+0400] {manager.py:499} INFO - Created Permission View: %s
[2024-08-08T20:18:30.843+0400] {logging_mixin.py:151} INFO - [2024-08-08T20:18:30.843+0400] {manager.py:499} INFO - Created Permission View: %s
[2024-08-08T20:18:30.843+0400] {logging_mixin.py:151} INFO - [2024-08-08T20:18:30.843+0400] {security.py:708} INFO - Not syncing DAG-level permissions for DAG 'DAG:example_skip_dag' as access control is unset.
[2024-08-08T20:18:30.843+0400] {logging_mixin.py:151} INFO - [2024-08-08T20:18:30.843+0400] {dag.py:2915} INFO - Sync 1 DAGs
[2024-08-08T20:18:30.850+0400] {logging_mixin.py:151} INFO - [2024-08-08T20:18:30.850+0400] {dag.py:2937} INFO - Creating ORM DAG for example_skip_dag
[2024-08-08T20:18:30.858+0400] {logging_mixin.py:151} INFO - [2024-08-08T20:18:30.857+0400] {dag.py:3696} INFO - Setting next_dagrun for example_skip_dag to 2024-08-07T16:18:30.857707+00:00, run_after=2024-08-08T16:18:30.857707+00:00
[2024-08-08T20:18:30.886+0400] {processor.py:179} INFO - Processing /home/eduardo/airflow_venv/lib/python3.10/site-packages/airflow/example_dags/example_skip_dag.py took 0.204 seconds
[2024-08-08T20:19:20.485+0400] {processor.py:157} INFO - Started process (PID=6865) to work on /home/eduardo/airflow_venv/lib/python3.10/site-packages/airflow/example_dags/example_skip_dag.py
[2024-08-08T20:19:20.486+0400] {processor.py:829} INFO - Processing file /home/eduardo/airflow_venv/lib/python3.10/site-packages/airflow/example_dags/example_skip_dag.py for tasks to queue
[2024-08-08T20:19:20.486+0400] {logging_mixin.py:151} INFO - [2024-08-08T20:19:20.486+0400] {dagbag.py:539} INFO - Filling up the DagBag from /home/eduardo/airflow_venv/lib/python3.10/site-packages/airflow/example_dags/example_skip_dag.py
[2024-08-08T20:19:20.492+0400] {processor.py:839} INFO - DAG(s) dict_keys(['example_skip_dag']) retrieved from /home/eduardo/airflow_venv/lib/python3.10/site-packages/airflow/example_dags/example_skip_dag.py
[2024-08-08T20:19:20.504+0400] {logging_mixin.py:151} INFO - [2024-08-08T20:19:20.503+0400] {dag.py:2915} INFO - Sync 1 DAGs
[2024-08-08T20:19:20.516+0400] {logging_mixin.py:151} INFO - [2024-08-08T20:19:20.516+0400] {dag.py:3696} INFO - Setting next_dagrun for example_skip_dag to 2024-08-07T16:19:20.516326+00:00, run_after=2024-08-08T16:19:20.516326+00:00
[2024-08-08T20:19:20.546+0400] {processor.py:179} INFO - Processing /home/eduardo/airflow_venv/lib/python3.10/site-packages/airflow/example_dags/example_skip_dag.py took 0.063 seconds
[2024-08-08T20:20:05.672+0400] {processor.py:157} INFO - Started process (PID=6913) to work on /home/eduardo/airflow_venv/lib/python3.10/site-packages/airflow/example_dags/example_skip_dag.py
[2024-08-08T20:20:05.674+0400] {processor.py:829} INFO - Processing file /home/eduardo/airflow_venv/lib/python3.10/site-packages/airflow/example_dags/example_skip_dag.py for tasks to queue
[2024-08-08T20:20:05.675+0400] {logging_mixin.py:151} INFO - [2024-08-08T20:20:05.674+0400] {dagbag.py:539} INFO - Filling up the DagBag from /home/eduardo/airflow_venv/lib/python3.10/site-packages/airflow/example_dags/example_skip_dag.py
[2024-08-08T20:20:05.681+0400] {processor.py:839} INFO - DAG(s) dict_keys(['example_skip_dag']) retrieved from /home/eduardo/airflow_venv/lib/python3.10/site-packages/airflow/example_dags/example_skip_dag.py
[2024-08-08T20:20:05.692+0400] {logging_mixin.py:151} INFO - [2024-08-08T20:20:05.692+0400] {dag.py:2915} INFO - Sync 1 DAGs
[2024-08-08T20:20:05.707+0400] {logging_mixin.py:151} INFO - [2024-08-08T20:20:05.707+0400] {dag.py:3696} INFO - Setting next_dagrun for example_skip_dag to 2024-08-07T16:20:05.707084+00:00, run_after=2024-08-08T16:20:05.707084+00:00
[2024-08-08T20:20:05.738+0400] {processor.py:179} INFO - Processing /home/eduardo/airflow_venv/lib/python3.10/site-packages/airflow/example_dags/example_skip_dag.py took 0.067 seconds
[2024-08-08T20:20:45.103+0400] {processor.py:157} INFO - Started process (PID=6955) to work on /home/eduardo/airflow_venv/lib/python3.10/site-packages/airflow/example_dags/example_skip_dag.py
[2024-08-08T20:20:45.104+0400] {processor.py:829} INFO - Processing file /home/eduardo/airflow_venv/lib/python3.10/site-packages/airflow/example_dags/example_skip_dag.py for tasks to queue
[2024-08-08T20:20:45.105+0400] {logging_mixin.py:151} INFO - [2024-08-08T20:20:45.104+0400] {dagbag.py:539} INFO - Filling up the DagBag from /home/eduardo/airflow_venv/lib/python3.10/site-packages/airflow/example_dags/example_skip_dag.py
[2024-08-08T20:20:45.110+0400] {processor.py:839} INFO - DAG(s) dict_keys(['example_skip_dag']) retrieved from /home/eduardo/airflow_venv/lib/python3.10/site-packages/airflow/example_dags/example_skip_dag.py
[2024-08-08T20:20:45.121+0400] {logging_mixin.py:151} INFO - [2024-08-08T20:20:45.121+0400] {dag.py:2915} INFO - Sync 1 DAGs
[2024-08-08T20:20:45.134+0400] {logging_mixin.py:151} INFO - [2024-08-08T20:20:45.134+0400] {dag.py:3696} INFO - Setting next_dagrun for example_skip_dag to 2024-08-07T16:20:45.134602+00:00, run_after=2024-08-08T16:20:45.134602+00:00
[2024-08-08T20:20:45.163+0400] {processor.py:179} INFO - Processing /home/eduardo/airflow_venv/lib/python3.10/site-packages/airflow/example_dags/example_skip_dag.py took 0.062 seconds
[2024-08-08T20:21:26.898+0400] {processor.py:157} INFO - Started process (PID=7000) to work on /home/eduardo/airflow_venv/lib/python3.10/site-packages/airflow/example_dags/example_skip_dag.py
[2024-08-08T20:21:26.899+0400] {processor.py:829} INFO - Processing file /home/eduardo/airflow_venv/lib/python3.10/site-packages/airflow/example_dags/example_skip_dag.py for tasks to queue
[2024-08-08T20:21:26.900+0400] {logging_mixin.py:151} INFO - [2024-08-08T20:21:26.899+0400] {dagbag.py:539} INFO - Filling up the DagBag from /home/eduardo/airflow_venv/lib/python3.10/site-packages/airflow/example_dags/example_skip_dag.py
[2024-08-08T20:21:26.906+0400] {processor.py:839} INFO - DAG(s) dict_keys(['example_skip_dag']) retrieved from /home/eduardo/airflow_venv/lib/python3.10/site-packages/airflow/example_dags/example_skip_dag.py
[2024-08-08T20:21:26.919+0400] {logging_mixin.py:151} INFO - [2024-08-08T20:21:26.919+0400] {dag.py:2915} INFO - Sync 1 DAGs
[2024-08-08T20:21:26.934+0400] {logging_mixin.py:151} INFO - [2024-08-08T20:21:26.933+0400] {dag.py:3696} INFO - Setting next_dagrun for example_skip_dag to 2024-08-07T16:21:26.933555+00:00, run_after=2024-08-08T16:21:26.933555+00:00
[2024-08-08T20:21:26.962+0400] {processor.py:179} INFO - Processing /home/eduardo/airflow_venv/lib/python3.10/site-packages/airflow/example_dags/example_skip_dag.py took 0.067 seconds
[2024-08-08T20:22:08.134+0400] {processor.py:157} INFO - Started process (PID=7043) to work on /home/eduardo/airflow_venv/lib/python3.10/site-packages/airflow/example_dags/example_skip_dag.py
[2024-08-08T20:22:08.136+0400] {processor.py:829} INFO - Processing file /home/eduardo/airflow_venv/lib/python3.10/site-packages/airflow/example_dags/example_skip_dag.py for tasks to queue
[2024-08-08T20:22:08.137+0400] {logging_mixin.py:151} INFO - [2024-08-08T20:22:08.136+0400] {dagbag.py:539} INFO - Filling up the DagBag from /home/eduardo/airflow_venv/lib/python3.10/site-packages/airflow/example_dags/example_skip_dag.py
[2024-08-08T20:22:08.142+0400] {processor.py:839} INFO - DAG(s) dict_keys(['example_skip_dag']) retrieved from /home/eduardo/airflow_venv/lib/python3.10/site-packages/airflow/example_dags/example_skip_dag.py
[2024-08-08T20:22:08.155+0400] {logging_mixin.py:151} INFO - [2024-08-08T20:22:08.155+0400] {dag.py:2915} INFO - Sync 1 DAGs
[2024-08-08T20:22:08.167+0400] {logging_mixin.py:151} INFO - [2024-08-08T20:22:08.167+0400] {dag.py:3696} INFO - Setting next_dagrun for example_skip_dag to 2024-08-07T16:22:08.167273+00:00, run_after=2024-08-08T16:22:08.167273+00:00
[2024-08-08T20:22:08.195+0400] {processor.py:179} INFO - Processing /home/eduardo/airflow_venv/lib/python3.10/site-packages/airflow/example_dags/example_skip_dag.py took 0.063 seconds
[2024-08-08T20:22:53.768+0400] {processor.py:157} INFO - Started process (PID=7090) to work on /home/eduardo/airflow_venv/lib/python3.10/site-packages/airflow/example_dags/example_skip_dag.py
[2024-08-08T20:22:53.769+0400] {processor.py:829} INFO - Processing file /home/eduardo/airflow_venv/lib/python3.10/site-packages/airflow/example_dags/example_skip_dag.py for tasks to queue
[2024-08-08T20:22:53.769+0400] {logging_mixin.py:151} INFO - [2024-08-08T20:22:53.769+0400] {dagbag.py:539} INFO - Filling up the DagBag from /home/eduardo/airflow_venv/lib/python3.10/site-packages/airflow/example_dags/example_skip_dag.py
[2024-08-08T20:22:53.774+0400] {processor.py:839} INFO - DAG(s) dict_keys(['example_skip_dag']) retrieved from /home/eduardo/airflow_venv/lib/python3.10/site-packages/airflow/example_dags/example_skip_dag.py
[2024-08-08T20:22:53.786+0400] {logging_mixin.py:151} INFO - [2024-08-08T20:22:53.786+0400] {dag.py:2915} INFO - Sync 1 DAGs
[2024-08-08T20:22:53.798+0400] {logging_mixin.py:151} INFO - [2024-08-08T20:22:53.798+0400] {dag.py:3696} INFO - Setting next_dagrun for example_skip_dag to 2024-08-07T16:22:53.798596+00:00, run_after=2024-08-08T16:22:53.798596+00:00
[2024-08-08T20:22:53.825+0400] {processor.py:179} INFO - Processing /home/eduardo/airflow_venv/lib/python3.10/site-packages/airflow/example_dags/example_skip_dag.py took 0.059 seconds
[2024-08-08T20:23:36.600+0400] {processor.py:157} INFO - Started process (PID=7157) to work on /home/eduardo/airflow_venv/lib/python3.10/site-packages/airflow/example_dags/example_skip_dag.py
[2024-08-08T20:23:36.601+0400] {processor.py:829} INFO - Processing file /home/eduardo/airflow_venv/lib/python3.10/site-packages/airflow/example_dags/example_skip_dag.py for tasks to queue
[2024-08-08T20:23:36.602+0400] {logging_mixin.py:151} INFO - [2024-08-08T20:23:36.601+0400] {dagbag.py:539} INFO - Filling up the DagBag from /home/eduardo/airflow_venv/lib/python3.10/site-packages/airflow/example_dags/example_skip_dag.py
[2024-08-08T20:23:36.607+0400] {processor.py:839} INFO - DAG(s) dict_keys(['example_skip_dag']) retrieved from /home/eduardo/airflow_venv/lib/python3.10/site-packages/airflow/example_dags/example_skip_dag.py
[2024-08-08T20:23:36.617+0400] {logging_mixin.py:151} INFO - [2024-08-08T20:23:36.617+0400] {dag.py:2915} INFO - Sync 1 DAGs
[2024-08-08T20:23:36.630+0400] {logging_mixin.py:151} INFO - [2024-08-08T20:23:36.630+0400] {dag.py:3696} INFO - Setting next_dagrun for example_skip_dag to 2024-08-07T16:23:36.630178+00:00, run_after=2024-08-08T16:23:36.630178+00:00
[2024-08-08T20:23:36.660+0400] {processor.py:179} INFO - Processing /home/eduardo/airflow_venv/lib/python3.10/site-packages/airflow/example_dags/example_skip_dag.py took 0.063 seconds
[2024-08-08T20:24:21.901+0400] {processor.py:157} INFO - Started process (PID=7204) to work on /home/eduardo/airflow_venv/lib/python3.10/site-packages/airflow/example_dags/example_skip_dag.py
[2024-08-08T20:24:21.903+0400] {processor.py:829} INFO - Processing file /home/eduardo/airflow_venv/lib/python3.10/site-packages/airflow/example_dags/example_skip_dag.py for tasks to queue
[2024-08-08T20:24:21.904+0400] {logging_mixin.py:151} INFO - [2024-08-08T20:24:21.903+0400] {dagbag.py:539} INFO - Filling up the DagBag from /home/eduardo/airflow_venv/lib/python3.10/site-packages/airflow/example_dags/example_skip_dag.py
[2024-08-08T20:24:21.911+0400] {processor.py:839} INFO - DAG(s) dict_keys(['example_skip_dag']) retrieved from /home/eduardo/airflow_venv/lib/python3.10/site-packages/airflow/example_dags/example_skip_dag.py
[2024-08-08T20:24:21.927+0400] {logging_mixin.py:151} INFO - [2024-08-08T20:24:21.927+0400] {dag.py:2915} INFO - Sync 1 DAGs
[2024-08-08T20:24:21.944+0400] {logging_mixin.py:151} INFO - [2024-08-08T20:24:21.944+0400] {dag.py:3696} INFO - Setting next_dagrun for example_skip_dag to 2024-08-07T16:24:21.943938+00:00, run_after=2024-08-08T16:24:21.943938+00:00
[2024-08-08T20:24:21.971+0400] {processor.py:179} INFO - Processing /home/eduardo/airflow_venv/lib/python3.10/site-packages/airflow/example_dags/example_skip_dag.py took 0.073 seconds
[2024-08-08T20:25:10.424+0400] {processor.py:157} INFO - Started process (PID=7260) to work on /home/eduardo/airflow_venv/lib/python3.10/site-packages/airflow/example_dags/example_skip_dag.py
[2024-08-08T20:25:10.425+0400] {processor.py:829} INFO - Processing file /home/eduardo/airflow_venv/lib/python3.10/site-packages/airflow/example_dags/example_skip_dag.py for tasks to queue
[2024-08-08T20:25:10.425+0400] {logging_mixin.py:151} INFO - [2024-08-08T20:25:10.425+0400] {dagbag.py:539} INFO - Filling up the DagBag from /home/eduardo/airflow_venv/lib/python3.10/site-packages/airflow/example_dags/example_skip_dag.py
[2024-08-08T20:25:10.430+0400] {processor.py:839} INFO - DAG(s) dict_keys(['example_skip_dag']) retrieved from /home/eduardo/airflow_venv/lib/python3.10/site-packages/airflow/example_dags/example_skip_dag.py
[2024-08-08T20:25:10.442+0400] {logging_mixin.py:151} INFO - [2024-08-08T20:25:10.441+0400] {dag.py:2915} INFO - Sync 1 DAGs
[2024-08-08T20:25:10.455+0400] {logging_mixin.py:151} INFO - [2024-08-08T20:25:10.455+0400] {dag.py:3696} INFO - Setting next_dagrun for example_skip_dag to 2024-08-07T16:25:10.454992+00:00, run_after=2024-08-08T16:25:10.454992+00:00
[2024-08-08T20:25:10.486+0400] {processor.py:179} INFO - Processing /home/eduardo/airflow_venv/lib/python3.10/site-packages/airflow/example_dags/example_skip_dag.py took 0.065 seconds
[2024-08-08T20:25:53.672+0400] {processor.py:157} INFO - Started process (PID=7306) to work on /home/eduardo/airflow_venv/lib/python3.10/site-packages/airflow/example_dags/example_skip_dag.py
[2024-08-08T20:25:53.673+0400] {processor.py:829} INFO - Processing file /home/eduardo/airflow_venv/lib/python3.10/site-packages/airflow/example_dags/example_skip_dag.py for tasks to queue
[2024-08-08T20:25:53.674+0400] {logging_mixin.py:151} INFO - [2024-08-08T20:25:53.674+0400] {dagbag.py:539} INFO - Filling up the DagBag from /home/eduardo/airflow_venv/lib/python3.10/site-packages/airflow/example_dags/example_skip_dag.py
[2024-08-08T20:25:53.681+0400] {processor.py:839} INFO - DAG(s) dict_keys(['example_skip_dag']) retrieved from /home/eduardo/airflow_venv/lib/python3.10/site-packages/airflow/example_dags/example_skip_dag.py
[2024-08-08T20:25:53.698+0400] {logging_mixin.py:151} INFO - [2024-08-08T20:25:53.698+0400] {dag.py:2915} INFO - Sync 1 DAGs
[2024-08-08T20:25:53.712+0400] {logging_mixin.py:151} INFO - [2024-08-08T20:25:53.712+0400] {dag.py:3696} INFO - Setting next_dagrun for example_skip_dag to 2024-08-07T16:25:53.712270+00:00, run_after=2024-08-08T16:25:53.712270+00:00
[2024-08-08T20:25:53.762+0400] {processor.py:179} INFO - Processing /home/eduardo/airflow_venv/lib/python3.10/site-packages/airflow/example_dags/example_skip_dag.py took 0.094 seconds
[2024-08-08T22:09:44.277+0400] {processor.py:157} INFO - Started process (PID=9530) to work on /home/eduardo/airflow_venv/lib/python3.10/site-packages/airflow/example_dags/example_skip_dag.py
[2024-08-08T22:09:44.280+0400] {processor.py:829} INFO - Processing file /home/eduardo/airflow_venv/lib/python3.10/site-packages/airflow/example_dags/example_skip_dag.py for tasks to queue
[2024-08-08T22:09:44.282+0400] {logging_mixin.py:151} INFO - [2024-08-08T22:09:44.281+0400] {dagbag.py:539} INFO - Filling up the DagBag from /home/eduardo/airflow_venv/lib/python3.10/site-packages/airflow/example_dags/example_skip_dag.py
[2024-08-08T22:09:44.295+0400] {processor.py:839} INFO - DAG(s) dict_keys(['example_skip_dag']) retrieved from /home/eduardo/airflow_venv/lib/python3.10/site-packages/airflow/example_dags/example_skip_dag.py
[2024-08-08T22:09:44.332+0400] {logging_mixin.py:151} INFO - [2024-08-08T22:09:44.332+0400] {dag.py:2915} INFO - Sync 1 DAGs
[2024-08-08T22:09:44.364+0400] {logging_mixin.py:151} INFO - [2024-08-08T22:09:44.364+0400] {dag.py:3696} INFO - Setting next_dagrun for example_skip_dag to 2024-08-07T18:09:44.363715+00:00, run_after=2024-08-08T18:09:44.363715+00:00
[2024-08-08T22:09:44.401+0400] {processor.py:179} INFO - Processing /home/eduardo/airflow_venv/lib/python3.10/site-packages/airflow/example_dags/example_skip_dag.py took 0.128 seconds
[2024-08-08T22:10:30.916+0400] {processor.py:157} INFO - Started process (PID=10080) to work on /home/eduardo/airflow_venv/lib/python3.10/site-packages/airflow/example_dags/example_skip_dag.py
[2024-08-08T22:10:30.917+0400] {processor.py:829} INFO - Processing file /home/eduardo/airflow_venv/lib/python3.10/site-packages/airflow/example_dags/example_skip_dag.py for tasks to queue
[2024-08-08T22:10:30.919+0400] {logging_mixin.py:151} INFO - [2024-08-08T22:10:30.919+0400] {dagbag.py:539} INFO - Filling up the DagBag from /home/eduardo/airflow_venv/lib/python3.10/site-packages/airflow/example_dags/example_skip_dag.py
[2024-08-08T22:10:30.930+0400] {processor.py:839} INFO - DAG(s) dict_keys(['example_skip_dag']) retrieved from /home/eduardo/airflow_venv/lib/python3.10/site-packages/airflow/example_dags/example_skip_dag.py
[2024-08-08T22:10:30.948+0400] {logging_mixin.py:151} INFO - [2024-08-08T22:10:30.948+0400] {dag.py:2915} INFO - Sync 1 DAGs
[2024-08-08T22:10:30.971+0400] {logging_mixin.py:151} INFO - [2024-08-08T22:10:30.970+0400] {dag.py:3696} INFO - Setting next_dagrun for example_skip_dag to 2024-08-07T18:10:30.970698+00:00, run_after=2024-08-08T18:10:30.970698+00:00
[2024-08-08T22:10:31.013+0400] {processor.py:179} INFO - Processing /home/eduardo/airflow_venv/lib/python3.10/site-packages/airflow/example_dags/example_skip_dag.py took 0.101 seconds
[2024-08-08T22:11:20.146+0400] {processor.py:157} INFO - Started process (PID=10592) to work on /home/eduardo/airflow_venv/lib/python3.10/site-packages/airflow/example_dags/example_skip_dag.py
[2024-08-08T22:11:20.149+0400] {processor.py:829} INFO - Processing file /home/eduardo/airflow_venv/lib/python3.10/site-packages/airflow/example_dags/example_skip_dag.py for tasks to queue
[2024-08-08T22:11:20.151+0400] {logging_mixin.py:151} INFO - [2024-08-08T22:11:20.150+0400] {dagbag.py:539} INFO - Filling up the DagBag from /home/eduardo/airflow_venv/lib/python3.10/site-packages/airflow/example_dags/example_skip_dag.py
[2024-08-08T22:11:20.158+0400] {processor.py:839} INFO - DAG(s) dict_keys(['example_skip_dag']) retrieved from /home/eduardo/airflow_venv/lib/python3.10/site-packages/airflow/example_dags/example_skip_dag.py
[2024-08-08T22:11:20.176+0400] {logging_mixin.py:151} INFO - [2024-08-08T22:11:20.176+0400] {dag.py:2915} INFO - Sync 1 DAGs
[2024-08-08T22:11:20.203+0400] {logging_mixin.py:151} INFO - [2024-08-08T22:11:20.203+0400] {dag.py:3696} INFO - Setting next_dagrun for example_skip_dag to 2024-08-07T18:11:20.203351+00:00, run_after=2024-08-08T18:11:20.203351+00:00
[2024-08-08T22:11:20.247+0400] {processor.py:179} INFO - Processing /home/eduardo/airflow_venv/lib/python3.10/site-packages/airflow/example_dags/example_skip_dag.py took 0.104 seconds
[2024-08-08T22:12:09.863+0400] {processor.py:157} INFO - Started process (PID=11012) to work on /home/eduardo/airflow_venv/lib/python3.10/site-packages/airflow/example_dags/example_skip_dag.py
[2024-08-08T22:12:09.866+0400] {processor.py:829} INFO - Processing file /home/eduardo/airflow_venv/lib/python3.10/site-packages/airflow/example_dags/example_skip_dag.py for tasks to queue
[2024-08-08T22:12:09.867+0400] {logging_mixin.py:151} INFO - [2024-08-08T22:12:09.867+0400] {dagbag.py:539} INFO - Filling up the DagBag from /home/eduardo/airflow_venv/lib/python3.10/site-packages/airflow/example_dags/example_skip_dag.py
[2024-08-08T22:12:09.884+0400] {processor.py:839} INFO - DAG(s) dict_keys(['example_skip_dag']) retrieved from /home/eduardo/airflow_venv/lib/python3.10/site-packages/airflow/example_dags/example_skip_dag.py
[2024-08-08T22:12:09.906+0400] {logging_mixin.py:151} INFO - [2024-08-08T22:12:09.906+0400] {dag.py:2915} INFO - Sync 1 DAGs
[2024-08-08T22:12:09.930+0400] {logging_mixin.py:151} INFO - [2024-08-08T22:12:09.930+0400] {dag.py:3696} INFO - Setting next_dagrun for example_skip_dag to 2024-08-07T18:12:09.929778+00:00, run_after=2024-08-08T18:12:09.929778+00:00
[2024-08-08T22:12:09.969+0400] {processor.py:179} INFO - Processing /home/eduardo/airflow_venv/lib/python3.10/site-packages/airflow/example_dags/example_skip_dag.py took 0.112 seconds
[2024-08-08T22:12:59.421+0400] {processor.py:157} INFO - Started process (PID=11397) to work on /home/eduardo/airflow_venv/lib/python3.10/site-packages/airflow/example_dags/example_skip_dag.py
[2024-08-08T22:12:59.424+0400] {processor.py:829} INFO - Processing file /home/eduardo/airflow_venv/lib/python3.10/site-packages/airflow/example_dags/example_skip_dag.py for tasks to queue
[2024-08-08T22:12:59.425+0400] {logging_mixin.py:151} INFO - [2024-08-08T22:12:59.424+0400] {dagbag.py:539} INFO - Filling up the DagBag from /home/eduardo/airflow_venv/lib/python3.10/site-packages/airflow/example_dags/example_skip_dag.py
[2024-08-08T22:12:59.436+0400] {processor.py:839} INFO - DAG(s) dict_keys(['example_skip_dag']) retrieved from /home/eduardo/airflow_venv/lib/python3.10/site-packages/airflow/example_dags/example_skip_dag.py
[2024-08-08T22:12:59.457+0400] {logging_mixin.py:151} INFO - [2024-08-08T22:12:59.457+0400] {dag.py:2915} INFO - Sync 1 DAGs
[2024-08-08T22:12:59.480+0400] {logging_mixin.py:151} INFO - [2024-08-08T22:12:59.480+0400] {dag.py:3696} INFO - Setting next_dagrun for example_skip_dag to 2024-08-07T18:12:59.479875+00:00, run_after=2024-08-08T18:12:59.479875+00:00
[2024-08-08T22:12:59.517+0400] {processor.py:179} INFO - Processing /home/eduardo/airflow_venv/lib/python3.10/site-packages/airflow/example_dags/example_skip_dag.py took 0.100 seconds
[2024-08-08T22:13:46.446+0400] {processor.py:157} INFO - Started process (PID=11854) to work on /home/eduardo/airflow_venv/lib/python3.10/site-packages/airflow/example_dags/example_skip_dag.py
[2024-08-08T22:13:46.448+0400] {processor.py:829} INFO - Processing file /home/eduardo/airflow_venv/lib/python3.10/site-packages/airflow/example_dags/example_skip_dag.py for tasks to queue
[2024-08-08T22:13:46.449+0400] {logging_mixin.py:151} INFO - [2024-08-08T22:13:46.449+0400] {dagbag.py:539} INFO - Filling up the DagBag from /home/eduardo/airflow_venv/lib/python3.10/site-packages/airflow/example_dags/example_skip_dag.py
[2024-08-08T22:13:46.457+0400] {processor.py:839} INFO - DAG(s) dict_keys(['example_skip_dag']) retrieved from /home/eduardo/airflow_venv/lib/python3.10/site-packages/airflow/example_dags/example_skip_dag.py
[2024-08-08T22:13:46.471+0400] {logging_mixin.py:151} INFO - [2024-08-08T22:13:46.470+0400] {dag.py:2915} INFO - Sync 1 DAGs
[2024-08-08T22:13:46.486+0400] {logging_mixin.py:151} INFO - [2024-08-08T22:13:46.486+0400] {dag.py:3696} INFO - Setting next_dagrun for example_skip_dag to 2024-08-07T18:13:46.486121+00:00, run_after=2024-08-08T18:13:46.486121+00:00
[2024-08-08T22:13:46.520+0400] {processor.py:179} INFO - Processing /home/eduardo/airflow_venv/lib/python3.10/site-packages/airflow/example_dags/example_skip_dag.py took 0.077 seconds
[2024-08-08T22:14:33.712+0400] {processor.py:157} INFO - Started process (PID=12416) to work on /home/eduardo/airflow_venv/lib/python3.10/site-packages/airflow/example_dags/example_skip_dag.py
[2024-08-08T22:14:33.715+0400] {processor.py:829} INFO - Processing file /home/eduardo/airflow_venv/lib/python3.10/site-packages/airflow/example_dags/example_skip_dag.py for tasks to queue
[2024-08-08T22:14:33.716+0400] {logging_mixin.py:151} INFO - [2024-08-08T22:14:33.716+0400] {dagbag.py:539} INFO - Filling up the DagBag from /home/eduardo/airflow_venv/lib/python3.10/site-packages/airflow/example_dags/example_skip_dag.py
[2024-08-08T22:14:33.724+0400] {processor.py:839} INFO - DAG(s) dict_keys(['example_skip_dag']) retrieved from /home/eduardo/airflow_venv/lib/python3.10/site-packages/airflow/example_dags/example_skip_dag.py
[2024-08-08T22:14:33.731+0400] {logging_mixin.py:151} INFO - [2024-08-08T22:14:33.731+0400] {dag.py:2915} INFO - Sync 1 DAGs
[2024-08-08T22:14:33.752+0400] {logging_mixin.py:151} INFO - [2024-08-08T22:14:33.751+0400] {dag.py:3696} INFO - Setting next_dagrun for example_skip_dag to 2024-08-07T18:14:33.751687+00:00, run_after=2024-08-08T18:14:33.751687+00:00
[2024-08-08T22:14:33.786+0400] {processor.py:179} INFO - Processing /home/eduardo/airflow_venv/lib/python3.10/site-packages/airflow/example_dags/example_skip_dag.py took 0.077 seconds
[2024-08-08T22:15:25.724+0400] {processor.py:157} INFO - Started process (PID=12832) to work on /home/eduardo/airflow_venv/lib/python3.10/site-packages/airflow/example_dags/example_skip_dag.py
[2024-08-08T22:15:25.727+0400] {processor.py:829} INFO - Processing file /home/eduardo/airflow_venv/lib/python3.10/site-packages/airflow/example_dags/example_skip_dag.py for tasks to queue
[2024-08-08T22:15:25.728+0400] {logging_mixin.py:151} INFO - [2024-08-08T22:15:25.727+0400] {dagbag.py:539} INFO - Filling up the DagBag from /home/eduardo/airflow_venv/lib/python3.10/site-packages/airflow/example_dags/example_skip_dag.py
[2024-08-08T22:15:25.734+0400] {processor.py:839} INFO - DAG(s) dict_keys(['example_skip_dag']) retrieved from /home/eduardo/airflow_venv/lib/python3.10/site-packages/airflow/example_dags/example_skip_dag.py
[2024-08-08T22:15:25.749+0400] {logging_mixin.py:151} INFO - [2024-08-08T22:15:25.749+0400] {dag.py:2915} INFO - Sync 1 DAGs
[2024-08-08T22:15:25.770+0400] {logging_mixin.py:151} INFO - [2024-08-08T22:15:25.770+0400] {dag.py:3696} INFO - Setting next_dagrun for example_skip_dag to 2024-08-07T18:15:25.769879+00:00, run_after=2024-08-08T18:15:25.769879+00:00
[2024-08-08T22:15:25.799+0400] {processor.py:179} INFO - Processing /home/eduardo/airflow_venv/lib/python3.10/site-packages/airflow/example_dags/example_skip_dag.py took 0.078 seconds
[2024-08-08T22:16:16.474+0400] {processor.py:157} INFO - Started process (PID=13299) to work on /home/eduardo/airflow_venv/lib/python3.10/site-packages/airflow/example_dags/example_skip_dag.py
[2024-08-08T22:16:16.478+0400] {processor.py:829} INFO - Processing file /home/eduardo/airflow_venv/lib/python3.10/site-packages/airflow/example_dags/example_skip_dag.py for tasks to queue
[2024-08-08T22:16:16.479+0400] {logging_mixin.py:151} INFO - [2024-08-08T22:16:16.479+0400] {dagbag.py:539} INFO - Filling up the DagBag from /home/eduardo/airflow_venv/lib/python3.10/site-packages/airflow/example_dags/example_skip_dag.py
[2024-08-08T22:16:16.487+0400] {processor.py:839} INFO - DAG(s) dict_keys(['example_skip_dag']) retrieved from /home/eduardo/airflow_venv/lib/python3.10/site-packages/airflow/example_dags/example_skip_dag.py
[2024-08-08T22:16:16.511+0400] {logging_mixin.py:151} INFO - [2024-08-08T22:16:16.511+0400] {dag.py:2915} INFO - Sync 1 DAGs
[2024-08-08T22:16:16.533+0400] {logging_mixin.py:151} INFO - [2024-08-08T22:16:16.532+0400] {dag.py:3696} INFO - Setting next_dagrun for example_skip_dag to 2024-08-07T18:16:16.532788+00:00, run_after=2024-08-08T18:16:16.532788+00:00
[2024-08-08T22:16:16.568+0400] {processor.py:179} INFO - Processing /home/eduardo/airflow_venv/lib/python3.10/site-packages/airflow/example_dags/example_skip_dag.py took 0.098 seconds
[2024-08-08T22:17:07.703+0400] {processor.py:157} INFO - Started process (PID=13903) to work on /home/eduardo/airflow_venv/lib/python3.10/site-packages/airflow/example_dags/example_skip_dag.py
[2024-08-08T22:17:07.705+0400] {processor.py:829} INFO - Processing file /home/eduardo/airflow_venv/lib/python3.10/site-packages/airflow/example_dags/example_skip_dag.py for tasks to queue
[2024-08-08T22:17:07.706+0400] {logging_mixin.py:151} INFO - [2024-08-08T22:17:07.706+0400] {dagbag.py:539} INFO - Filling up the DagBag from /home/eduardo/airflow_venv/lib/python3.10/site-packages/airflow/example_dags/example_skip_dag.py
[2024-08-08T22:17:07.714+0400] {processor.py:839} INFO - DAG(s) dict_keys(['example_skip_dag']) retrieved from /home/eduardo/airflow_venv/lib/python3.10/site-packages/airflow/example_dags/example_skip_dag.py
[2024-08-08T22:17:07.730+0400] {logging_mixin.py:151} INFO - [2024-08-08T22:17:07.730+0400] {dag.py:2915} INFO - Sync 1 DAGs
[2024-08-08T22:17:07.745+0400] {logging_mixin.py:151} INFO - [2024-08-08T22:17:07.745+0400] {dag.py:3696} INFO - Setting next_dagrun for example_skip_dag to 2024-08-07T18:17:07.745285+00:00, run_after=2024-08-08T18:17:07.745285+00:00
[2024-08-08T22:17:07.775+0400] {processor.py:179} INFO - Processing /home/eduardo/airflow_venv/lib/python3.10/site-packages/airflow/example_dags/example_skip_dag.py took 0.076 seconds
[2024-08-08T22:18:01.204+0400] {processor.py:157} INFO - Started process (PID=14315) to work on /home/eduardo/airflow_venv/lib/python3.10/site-packages/airflow/example_dags/example_skip_dag.py
[2024-08-08T22:18:01.207+0400] {processor.py:829} INFO - Processing file /home/eduardo/airflow_venv/lib/python3.10/site-packages/airflow/example_dags/example_skip_dag.py for tasks to queue
[2024-08-08T22:18:01.209+0400] {logging_mixin.py:151} INFO - [2024-08-08T22:18:01.208+0400] {dagbag.py:539} INFO - Filling up the DagBag from /home/eduardo/airflow_venv/lib/python3.10/site-packages/airflow/example_dags/example_skip_dag.py
[2024-08-08T22:18:01.220+0400] {processor.py:839} INFO - DAG(s) dict_keys(['example_skip_dag']) retrieved from /home/eduardo/airflow_venv/lib/python3.10/site-packages/airflow/example_dags/example_skip_dag.py
[2024-08-08T22:18:01.239+0400] {logging_mixin.py:151} INFO - [2024-08-08T22:18:01.238+0400] {dag.py:2915} INFO - Sync 1 DAGs
[2024-08-08T22:18:01.262+0400] {logging_mixin.py:151} INFO - [2024-08-08T22:18:01.262+0400] {dag.py:3696} INFO - Setting next_dagrun for example_skip_dag to 2024-08-07T18:18:01.261934+00:00, run_after=2024-08-08T18:18:01.261934+00:00
[2024-08-08T22:18:01.304+0400] {processor.py:179} INFO - Processing /home/eduardo/airflow_venv/lib/python3.10/site-packages/airflow/example_dags/example_skip_dag.py took 0.104 seconds
[2024-08-08T22:18:53.494+0400] {processor.py:157} INFO - Started process (PID=14727) to work on /home/eduardo/airflow_venv/lib/python3.10/site-packages/airflow/example_dags/example_skip_dag.py
[2024-08-08T22:18:53.497+0400] {processor.py:829} INFO - Processing file /home/eduardo/airflow_venv/lib/python3.10/site-packages/airflow/example_dags/example_skip_dag.py for tasks to queue
[2024-08-08T22:18:53.498+0400] {logging_mixin.py:151} INFO - [2024-08-08T22:18:53.497+0400] {dagbag.py:539} INFO - Filling up the DagBag from /home/eduardo/airflow_venv/lib/python3.10/site-packages/airflow/example_dags/example_skip_dag.py
[2024-08-08T22:18:53.504+0400] {processor.py:839} INFO - DAG(s) dict_keys(['example_skip_dag']) retrieved from /home/eduardo/airflow_venv/lib/python3.10/site-packages/airflow/example_dags/example_skip_dag.py
[2024-08-08T22:18:53.517+0400] {logging_mixin.py:151} INFO - [2024-08-08T22:18:53.517+0400] {dag.py:2915} INFO - Sync 1 DAGs
[2024-08-08T22:18:53.533+0400] {logging_mixin.py:151} INFO - [2024-08-08T22:18:53.533+0400] {dag.py:3696} INFO - Setting next_dagrun for example_skip_dag to 2024-08-07T18:18:53.533254+00:00, run_after=2024-08-08T18:18:53.533254+00:00
[2024-08-08T22:18:53.565+0400] {processor.py:179} INFO - Processing /home/eduardo/airflow_venv/lib/python3.10/site-packages/airflow/example_dags/example_skip_dag.py took 0.074 seconds
[2024-08-08T22:19:29.419+0400] {processor.py:157} INFO - Started process (PID=15007) to work on /home/eduardo/airflow_venv/lib/python3.10/site-packages/airflow/example_dags/example_skip_dag.py
[2024-08-08T22:19:29.422+0400] {processor.py:829} INFO - Processing file /home/eduardo/airflow_venv/lib/python3.10/site-packages/airflow/example_dags/example_skip_dag.py for tasks to queue
[2024-08-08T22:19:29.423+0400] {logging_mixin.py:151} INFO - [2024-08-08T22:19:29.422+0400] {dagbag.py:539} INFO - Filling up the DagBag from /home/eduardo/airflow_venv/lib/python3.10/site-packages/airflow/example_dags/example_skip_dag.py
[2024-08-08T22:19:29.430+0400] {processor.py:839} INFO - DAG(s) dict_keys(['example_skip_dag']) retrieved from /home/eduardo/airflow_venv/lib/python3.10/site-packages/airflow/example_dags/example_skip_dag.py
[2024-08-08T22:19:29.447+0400] {logging_mixin.py:151} INFO - [2024-08-08T22:19:29.447+0400] {dag.py:2915} INFO - Sync 1 DAGs
[2024-08-08T22:19:29.467+0400] {logging_mixin.py:151} INFO - [2024-08-08T22:19:29.467+0400] {dag.py:3696} INFO - Setting next_dagrun for example_skip_dag to 2024-08-07T18:19:29.466874+00:00, run_after=2024-08-08T18:19:29.466874+00:00
[2024-08-08T22:19:29.501+0400] {processor.py:179} INFO - Processing /home/eduardo/airflow_venv/lib/python3.10/site-packages/airflow/example_dags/example_skip_dag.py took 0.085 seconds
[2024-08-08T22:20:19.804+0400] {processor.py:157} INFO - Started process (PID=15423) to work on /home/eduardo/airflow_venv/lib/python3.10/site-packages/airflow/example_dags/example_skip_dag.py
[2024-08-08T22:20:19.806+0400] {processor.py:829} INFO - Processing file /home/eduardo/airflow_venv/lib/python3.10/site-packages/airflow/example_dags/example_skip_dag.py for tasks to queue
[2024-08-08T22:20:19.807+0400] {logging_mixin.py:151} INFO - [2024-08-08T22:20:19.807+0400] {dagbag.py:539} INFO - Filling up the DagBag from /home/eduardo/airflow_venv/lib/python3.10/site-packages/airflow/example_dags/example_skip_dag.py
[2024-08-08T22:20:19.815+0400] {processor.py:839} INFO - DAG(s) dict_keys(['example_skip_dag']) retrieved from /home/eduardo/airflow_venv/lib/python3.10/site-packages/airflow/example_dags/example_skip_dag.py
[2024-08-08T22:20:19.831+0400] {logging_mixin.py:151} INFO - [2024-08-08T22:20:19.831+0400] {dag.py:2915} INFO - Sync 1 DAGs
[2024-08-08T22:20:19.849+0400] {logging_mixin.py:151} INFO - [2024-08-08T22:20:19.848+0400] {dag.py:3696} INFO - Setting next_dagrun for example_skip_dag to 2024-08-07T18:20:19.848671+00:00, run_after=2024-08-08T18:20:19.848671+00:00
[2024-08-08T22:20:19.877+0400] {processor.py:179} INFO - Processing /home/eduardo/airflow_venv/lib/python3.10/site-packages/airflow/example_dags/example_skip_dag.py took 0.077 seconds
[2024-08-08T22:21:08.905+0400] {processor.py:157} INFO - Started process (PID=15879) to work on /home/eduardo/airflow_venv/lib/python3.10/site-packages/airflow/example_dags/example_skip_dag.py
[2024-08-08T22:21:08.906+0400] {processor.py:829} INFO - Processing file /home/eduardo/airflow_venv/lib/python3.10/site-packages/airflow/example_dags/example_skip_dag.py for tasks to queue
[2024-08-08T22:21:08.908+0400] {logging_mixin.py:151} INFO - [2024-08-08T22:21:08.907+0400] {dagbag.py:539} INFO - Filling up the DagBag from /home/eduardo/airflow_venv/lib/python3.10/site-packages/airflow/example_dags/example_skip_dag.py
[2024-08-08T22:21:08.920+0400] {processor.py:839} INFO - DAG(s) dict_keys(['example_skip_dag']) retrieved from /home/eduardo/airflow_venv/lib/python3.10/site-packages/airflow/example_dags/example_skip_dag.py
[2024-08-08T22:21:08.949+0400] {logging_mixin.py:151} INFO - [2024-08-08T22:21:08.949+0400] {dag.py:2915} INFO - Sync 1 DAGs
[2024-08-08T22:21:08.981+0400] {logging_mixin.py:151} INFO - [2024-08-08T22:21:08.981+0400] {dag.py:3696} INFO - Setting next_dagrun for example_skip_dag to 2024-08-07T18:21:08.981010+00:00, run_after=2024-08-08T18:21:08.981010+00:00
[2024-08-08T22:21:09.020+0400] {processor.py:179} INFO - Processing /home/eduardo/airflow_venv/lib/python3.10/site-packages/airflow/example_dags/example_skip_dag.py took 0.120 seconds
[2024-08-08T22:21:46.009+0400] {processor.py:157} INFO - Started process (PID=16213) to work on /home/eduardo/airflow_venv/lib/python3.10/site-packages/airflow/example_dags/example_skip_dag.py
[2024-08-08T22:21:46.012+0400] {processor.py:829} INFO - Processing file /home/eduardo/airflow_venv/lib/python3.10/site-packages/airflow/example_dags/example_skip_dag.py for tasks to queue
[2024-08-08T22:21:46.012+0400] {logging_mixin.py:151} INFO - [2024-08-08T22:21:46.012+0400] {dagbag.py:539} INFO - Filling up the DagBag from /home/eduardo/airflow_venv/lib/python3.10/site-packages/airflow/example_dags/example_skip_dag.py
[2024-08-08T22:21:46.019+0400] {processor.py:839} INFO - DAG(s) dict_keys(['example_skip_dag']) retrieved from /home/eduardo/airflow_venv/lib/python3.10/site-packages/airflow/example_dags/example_skip_dag.py
[2024-08-08T22:21:46.033+0400] {logging_mixin.py:151} INFO - [2024-08-08T22:21:46.032+0400] {dag.py:2915} INFO - Sync 1 DAGs
[2024-08-08T22:21:46.046+0400] {logging_mixin.py:151} INFO - [2024-08-08T22:21:46.046+0400] {dag.py:3696} INFO - Setting next_dagrun for example_skip_dag to 2024-08-07T18:21:46.046482+00:00, run_after=2024-08-08T18:21:46.046482+00:00
[2024-08-08T22:21:46.071+0400] {processor.py:179} INFO - Processing /home/eduardo/airflow_venv/lib/python3.10/site-packages/airflow/example_dags/example_skip_dag.py took 0.064 seconds
[2024-08-08T22:22:36.871+0400] {processor.py:157} INFO - Started process (PID=16612) to work on /home/eduardo/airflow_venv/lib/python3.10/site-packages/airflow/example_dags/example_skip_dag.py
[2024-08-08T22:22:36.874+0400] {processor.py:829} INFO - Processing file /home/eduardo/airflow_venv/lib/python3.10/site-packages/airflow/example_dags/example_skip_dag.py for tasks to queue
[2024-08-08T22:22:36.875+0400] {logging_mixin.py:151} INFO - [2024-08-08T22:22:36.875+0400] {dagbag.py:539} INFO - Filling up the DagBag from /home/eduardo/airflow_venv/lib/python3.10/site-packages/airflow/example_dags/example_skip_dag.py
[2024-08-08T22:22:36.882+0400] {processor.py:839} INFO - DAG(s) dict_keys(['example_skip_dag']) retrieved from /home/eduardo/airflow_venv/lib/python3.10/site-packages/airflow/example_dags/example_skip_dag.py
[2024-08-08T22:22:36.896+0400] {logging_mixin.py:151} INFO - [2024-08-08T22:22:36.895+0400] {dag.py:2915} INFO - Sync 1 DAGs
[2024-08-08T22:22:36.913+0400] {logging_mixin.py:151} INFO - [2024-08-08T22:22:36.913+0400] {dag.py:3696} INFO - Setting next_dagrun for example_skip_dag to 2024-08-07T18:22:36.913481+00:00, run_after=2024-08-08T18:22:36.913481+00:00
[2024-08-08T22:22:36.945+0400] {processor.py:179} INFO - Processing /home/eduardo/airflow_venv/lib/python3.10/site-packages/airflow/example_dags/example_skip_dag.py took 0.077 seconds
[2024-08-08T22:23:27.637+0400] {processor.py:157} INFO - Started process (PID=17098) to work on /home/eduardo/airflow_venv/lib/python3.10/site-packages/airflow/example_dags/example_skip_dag.py
[2024-08-08T22:23:27.640+0400] {processor.py:829} INFO - Processing file /home/eduardo/airflow_venv/lib/python3.10/site-packages/airflow/example_dags/example_skip_dag.py for tasks to queue
[2024-08-08T22:23:27.641+0400] {logging_mixin.py:151} INFO - [2024-08-08T22:23:27.640+0400] {dagbag.py:539} INFO - Filling up the DagBag from /home/eduardo/airflow_venv/lib/python3.10/site-packages/airflow/example_dags/example_skip_dag.py
[2024-08-08T22:23:27.647+0400] {processor.py:839} INFO - DAG(s) dict_keys(['example_skip_dag']) retrieved from /home/eduardo/airflow_venv/lib/python3.10/site-packages/airflow/example_dags/example_skip_dag.py
[2024-08-08T22:23:27.659+0400] {logging_mixin.py:151} INFO - [2024-08-08T22:23:27.659+0400] {dag.py:2915} INFO - Sync 1 DAGs
[2024-08-08T22:23:27.673+0400] {logging_mixin.py:151} INFO - [2024-08-08T22:23:27.673+0400] {dag.py:3696} INFO - Setting next_dagrun for example_skip_dag to 2024-08-07T18:23:27.673349+00:00, run_after=2024-08-08T18:23:27.673349+00:00
[2024-08-08T22:23:27.712+0400] {processor.py:179} INFO - Processing /home/eduardo/airflow_venv/lib/python3.10/site-packages/airflow/example_dags/example_skip_dag.py took 0.078 seconds
