[2024-08-08T20:18:49.161+0400] {processor.py:157} INFO - Started process (PID=6835) to work on /home/eduardo/airflow_venv/lib/python3.10/site-packages/airflow/example_dags/example_params_ui_tutorial.py
[2024-08-08T20:18:49.162+0400] {processor.py:829} INFO - Processing file /home/eduardo/airflow_venv/lib/python3.10/site-packages/airflow/example_dags/example_params_ui_tutorial.py for tasks to queue
[2024-08-08T20:18:49.162+0400] {logging_mixin.py:151} INFO - [2024-08-08T20:18:49.162+0400] {dagbag.py:539} INFO - Filling up the DagBag from /home/eduardo/airflow_venv/lib/python3.10/site-packages/airflow/example_dags/example_params_ui_tutorial.py
[2024-08-08T20:18:49.184+0400] {processor.py:839} INFO - DAG(s) dict_keys(['example_params_ui_tutorial']) retrieved from /home/eduardo/airflow_venv/lib/python3.10/site-packages/airflow/example_dags/example_params_ui_tutorial.py
[2024-08-08T20:18:49.298+0400] {logging_mixin.py:151} INFO - [2024-08-08T20:18:49.297+0400] {manager.py:499} INFO - Created Permission View: %s
[2024-08-08T20:18:49.318+0400] {logging_mixin.py:151} INFO - [2024-08-08T20:18:49.318+0400] {manager.py:499} INFO - Created Permission View: %s
[2024-08-08T20:18:49.337+0400] {logging_mixin.py:151} INFO - [2024-08-08T20:18:49.336+0400] {manager.py:499} INFO - Created Permission View: %s
[2024-08-08T20:18:49.337+0400] {logging_mixin.py:151} INFO - [2024-08-08T20:18:49.337+0400] {security.py:708} INFO - Not syncing DAG-level permissions for DAG 'DAG:example_params_ui_tutorial' as access control is unset.
[2024-08-08T20:18:49.337+0400] {logging_mixin.py:151} INFO - [2024-08-08T20:18:49.337+0400] {dag.py:2915} INFO - Sync 1 DAGs
[2024-08-08T20:18:49.345+0400] {logging_mixin.py:151} INFO - [2024-08-08T20:18:49.345+0400] {dag.py:2937} INFO - Creating ORM DAG for example_params_ui_tutorial
[2024-08-08T20:18:49.345+0400] {logging_mixin.py:151} INFO - [2024-08-08T20:18:49.345+0400] {dag.py:3696} INFO - Setting next_dagrun for example_params_ui_tutorial to None, run_after=None
[2024-08-08T20:18:49.376+0400] {processor.py:179} INFO - Processing /home/eduardo/airflow_venv/lib/python3.10/site-packages/airflow/example_dags/example_params_ui_tutorial.py took 0.217 seconds
[2024-08-08T20:19:36.847+0400] {processor.py:157} INFO - Started process (PID=6881) to work on /home/eduardo/airflow_venv/lib/python3.10/site-packages/airflow/example_dags/example_params_ui_tutorial.py
[2024-08-08T20:19:36.849+0400] {processor.py:829} INFO - Processing file /home/eduardo/airflow_venv/lib/python3.10/site-packages/airflow/example_dags/example_params_ui_tutorial.py for tasks to queue
[2024-08-08T20:19:36.849+0400] {logging_mixin.py:151} INFO - [2024-08-08T20:19:36.849+0400] {dagbag.py:539} INFO - Filling up the DagBag from /home/eduardo/airflow_venv/lib/python3.10/site-packages/airflow/example_dags/example_params_ui_tutorial.py
[2024-08-08T20:19:36.868+0400] {processor.py:839} INFO - DAG(s) dict_keys(['example_params_ui_tutorial']) retrieved from /home/eduardo/airflow_venv/lib/python3.10/site-packages/airflow/example_dags/example_params_ui_tutorial.py
[2024-08-08T20:19:36.898+0400] {logging_mixin.py:151} INFO - [2024-08-08T20:19:36.898+0400] {dag.py:2915} INFO - Sync 1 DAGs
[2024-08-08T20:19:36.908+0400] {logging_mixin.py:151} INFO - [2024-08-08T20:19:36.908+0400] {dag.py:3696} INFO - Setting next_dagrun for example_params_ui_tutorial to None, run_after=None
[2024-08-08T20:19:36.935+0400] {processor.py:179} INFO - Processing /home/eduardo/airflow_venv/lib/python3.10/site-packages/airflow/example_dags/example_params_ui_tutorial.py took 0.091 seconds
[2024-08-08T20:20:18.506+0400] {processor.py:157} INFO - Started process (PID=6929) to work on /home/eduardo/airflow_venv/lib/python3.10/site-packages/airflow/example_dags/example_params_ui_tutorial.py
[2024-08-08T20:20:18.507+0400] {processor.py:829} INFO - Processing file /home/eduardo/airflow_venv/lib/python3.10/site-packages/airflow/example_dags/example_params_ui_tutorial.py for tasks to queue
[2024-08-08T20:20:18.508+0400] {logging_mixin.py:151} INFO - [2024-08-08T20:20:18.507+0400] {dagbag.py:539} INFO - Filling up the DagBag from /home/eduardo/airflow_venv/lib/python3.10/site-packages/airflow/example_dags/example_params_ui_tutorial.py
[2024-08-08T20:20:18.534+0400] {processor.py:839} INFO - DAG(s) dict_keys(['example_params_ui_tutorial']) retrieved from /home/eduardo/airflow_venv/lib/python3.10/site-packages/airflow/example_dags/example_params_ui_tutorial.py
[2024-08-08T20:20:18.561+0400] {logging_mixin.py:151} INFO - [2024-08-08T20:20:18.560+0400] {dag.py:2915} INFO - Sync 1 DAGs
[2024-08-08T20:20:18.568+0400] {logging_mixin.py:151} INFO - [2024-08-08T20:20:18.567+0400] {dag.py:3696} INFO - Setting next_dagrun for example_params_ui_tutorial to None, run_after=None
[2024-08-08T20:20:18.596+0400] {processor.py:179} INFO - Processing /home/eduardo/airflow_venv/lib/python3.10/site-packages/airflow/example_dags/example_params_ui_tutorial.py took 0.092 seconds
[2024-08-08T20:21:03.634+0400] {processor.py:157} INFO - Started process (PID=6975) to work on /home/eduardo/airflow_venv/lib/python3.10/site-packages/airflow/example_dags/example_params_ui_tutorial.py
[2024-08-08T20:21:03.635+0400] {processor.py:829} INFO - Processing file /home/eduardo/airflow_venv/lib/python3.10/site-packages/airflow/example_dags/example_params_ui_tutorial.py for tasks to queue
[2024-08-08T20:21:03.636+0400] {logging_mixin.py:151} INFO - [2024-08-08T20:21:03.636+0400] {dagbag.py:539} INFO - Filling up the DagBag from /home/eduardo/airflow_venv/lib/python3.10/site-packages/airflow/example_dags/example_params_ui_tutorial.py
[2024-08-08T20:21:03.660+0400] {processor.py:839} INFO - DAG(s) dict_keys(['example_params_ui_tutorial']) retrieved from /home/eduardo/airflow_venv/lib/python3.10/site-packages/airflow/example_dags/example_params_ui_tutorial.py
[2024-08-08T20:21:03.692+0400] {logging_mixin.py:151} INFO - [2024-08-08T20:21:03.692+0400] {dag.py:2915} INFO - Sync 1 DAGs
[2024-08-08T20:21:03.699+0400] {logging_mixin.py:151} INFO - [2024-08-08T20:21:03.699+0400] {dag.py:3696} INFO - Setting next_dagrun for example_params_ui_tutorial to None, run_after=None
[2024-08-08T20:21:03.731+0400] {processor.py:179} INFO - Processing /home/eduardo/airflow_venv/lib/python3.10/site-packages/airflow/example_dags/example_params_ui_tutorial.py took 0.100 seconds
[2024-08-08T20:21:46.877+0400] {processor.py:157} INFO - Started process (PID=7021) to work on /home/eduardo/airflow_venv/lib/python3.10/site-packages/airflow/example_dags/example_params_ui_tutorial.py
[2024-08-08T20:21:46.878+0400] {processor.py:829} INFO - Processing file /home/eduardo/airflow_venv/lib/python3.10/site-packages/airflow/example_dags/example_params_ui_tutorial.py for tasks to queue
[2024-08-08T20:21:46.879+0400] {logging_mixin.py:151} INFO - [2024-08-08T20:21:46.879+0400] {dagbag.py:539} INFO - Filling up the DagBag from /home/eduardo/airflow_venv/lib/python3.10/site-packages/airflow/example_dags/example_params_ui_tutorial.py
[2024-08-08T20:21:46.896+0400] {processor.py:839} INFO - DAG(s) dict_keys(['example_params_ui_tutorial']) retrieved from /home/eduardo/airflow_venv/lib/python3.10/site-packages/airflow/example_dags/example_params_ui_tutorial.py
[2024-08-08T20:21:46.925+0400] {logging_mixin.py:151} INFO - [2024-08-08T20:21:46.925+0400] {dag.py:2915} INFO - Sync 1 DAGs
[2024-08-08T20:21:46.932+0400] {logging_mixin.py:151} INFO - [2024-08-08T20:21:46.932+0400] {dag.py:3696} INFO - Setting next_dagrun for example_params_ui_tutorial to None, run_after=None
[2024-08-08T20:21:46.964+0400] {processor.py:179} INFO - Processing /home/eduardo/airflow_venv/lib/python3.10/site-packages/airflow/example_dags/example_params_ui_tutorial.py took 0.089 seconds
[2024-08-08T20:22:31.244+0400] {processor.py:157} INFO - Started process (PID=7067) to work on /home/eduardo/airflow_venv/lib/python3.10/site-packages/airflow/example_dags/example_params_ui_tutorial.py
[2024-08-08T20:22:31.246+0400] {processor.py:829} INFO - Processing file /home/eduardo/airflow_venv/lib/python3.10/site-packages/airflow/example_dags/example_params_ui_tutorial.py for tasks to queue
[2024-08-08T20:22:31.246+0400] {logging_mixin.py:151} INFO - [2024-08-08T20:22:31.246+0400] {dagbag.py:539} INFO - Filling up the DagBag from /home/eduardo/airflow_venv/lib/python3.10/site-packages/airflow/example_dags/example_params_ui_tutorial.py
[2024-08-08T20:22:31.263+0400] {processor.py:839} INFO - DAG(s) dict_keys(['example_params_ui_tutorial']) retrieved from /home/eduardo/airflow_venv/lib/python3.10/site-packages/airflow/example_dags/example_params_ui_tutorial.py
[2024-08-08T20:22:31.294+0400] {logging_mixin.py:151} INFO - [2024-08-08T20:22:31.294+0400] {dag.py:2915} INFO - Sync 1 DAGs
[2024-08-08T20:22:31.302+0400] {logging_mixin.py:151} INFO - [2024-08-08T20:22:31.302+0400] {dag.py:3696} INFO - Setting next_dagrun for example_params_ui_tutorial to None, run_after=None
[2024-08-08T20:22:31.329+0400] {processor.py:179} INFO - Processing /home/eduardo/airflow_venv/lib/python3.10/site-packages/airflow/example_dags/example_params_ui_tutorial.py took 0.087 seconds
[2024-08-08T20:23:15.635+0400] {processor.py:157} INFO - Started process (PID=7134) to work on /home/eduardo/airflow_venv/lib/python3.10/site-packages/airflow/example_dags/example_params_ui_tutorial.py
[2024-08-08T20:23:15.636+0400] {processor.py:829} INFO - Processing file /home/eduardo/airflow_venv/lib/python3.10/site-packages/airflow/example_dags/example_params_ui_tutorial.py for tasks to queue
[2024-08-08T20:23:15.637+0400] {logging_mixin.py:151} INFO - [2024-08-08T20:23:15.636+0400] {dagbag.py:539} INFO - Filling up the DagBag from /home/eduardo/airflow_venv/lib/python3.10/site-packages/airflow/example_dags/example_params_ui_tutorial.py
[2024-08-08T20:23:15.653+0400] {processor.py:839} INFO - DAG(s) dict_keys(['example_params_ui_tutorial']) retrieved from /home/eduardo/airflow_venv/lib/python3.10/site-packages/airflow/example_dags/example_params_ui_tutorial.py
[2024-08-08T20:23:15.678+0400] {logging_mixin.py:151} INFO - [2024-08-08T20:23:15.678+0400] {dag.py:2915} INFO - Sync 1 DAGs
[2024-08-08T20:23:15.685+0400] {logging_mixin.py:151} INFO - [2024-08-08T20:23:15.685+0400] {dag.py:3696} INFO - Setting next_dagrun for example_params_ui_tutorial to None, run_after=None
[2024-08-08T20:23:15.714+0400] {processor.py:179} INFO - Processing /home/eduardo/airflow_venv/lib/python3.10/site-packages/airflow/example_dags/example_params_ui_tutorial.py took 0.082 seconds
[2024-08-08T20:24:00.085+0400] {processor.py:157} INFO - Started process (PID=7180) to work on /home/eduardo/airflow_venv/lib/python3.10/site-packages/airflow/example_dags/example_params_ui_tutorial.py
[2024-08-08T20:24:00.086+0400] {processor.py:829} INFO - Processing file /home/eduardo/airflow_venv/lib/python3.10/site-packages/airflow/example_dags/example_params_ui_tutorial.py for tasks to queue
[2024-08-08T20:24:00.086+0400] {logging_mixin.py:151} INFO - [2024-08-08T20:24:00.086+0400] {dagbag.py:539} INFO - Filling up the DagBag from /home/eduardo/airflow_venv/lib/python3.10/site-packages/airflow/example_dags/example_params_ui_tutorial.py
[2024-08-08T20:24:00.103+0400] {processor.py:839} INFO - DAG(s) dict_keys(['example_params_ui_tutorial']) retrieved from /home/eduardo/airflow_venv/lib/python3.10/site-packages/airflow/example_dags/example_params_ui_tutorial.py
[2024-08-08T20:24:00.128+0400] {logging_mixin.py:151} INFO - [2024-08-08T20:24:00.128+0400] {dag.py:2915} INFO - Sync 1 DAGs
[2024-08-08T20:24:00.137+0400] {logging_mixin.py:151} INFO - [2024-08-08T20:24:00.137+0400] {dag.py:3696} INFO - Setting next_dagrun for example_params_ui_tutorial to None, run_after=None
[2024-08-08T20:24:00.161+0400] {processor.py:179} INFO - Processing /home/eduardo/airflow_venv/lib/python3.10/site-packages/airflow/example_dags/example_params_ui_tutorial.py took 0.079 seconds
[2024-08-08T20:24:45.934+0400] {processor.py:157} INFO - Started process (PID=7236) to work on /home/eduardo/airflow_venv/lib/python3.10/site-packages/airflow/example_dags/example_params_ui_tutorial.py
[2024-08-08T20:24:45.935+0400] {processor.py:829} INFO - Processing file /home/eduardo/airflow_venv/lib/python3.10/site-packages/airflow/example_dags/example_params_ui_tutorial.py for tasks to queue
[2024-08-08T20:24:45.936+0400] {logging_mixin.py:151} INFO - [2024-08-08T20:24:45.936+0400] {dagbag.py:539} INFO - Filling up the DagBag from /home/eduardo/airflow_venv/lib/python3.10/site-packages/airflow/example_dags/example_params_ui_tutorial.py
[2024-08-08T20:24:45.957+0400] {processor.py:839} INFO - DAG(s) dict_keys(['example_params_ui_tutorial']) retrieved from /home/eduardo/airflow_venv/lib/python3.10/site-packages/airflow/example_dags/example_params_ui_tutorial.py
[2024-08-08T20:24:45.983+0400] {logging_mixin.py:151} INFO - [2024-08-08T20:24:45.983+0400] {dag.py:2915} INFO - Sync 1 DAGs
[2024-08-08T20:24:45.990+0400] {logging_mixin.py:151} INFO - [2024-08-08T20:24:45.990+0400] {dag.py:3696} INFO - Setting next_dagrun for example_params_ui_tutorial to None, run_after=None
[2024-08-08T20:24:46.022+0400] {processor.py:179} INFO - Processing /home/eduardo/airflow_venv/lib/python3.10/site-packages/airflow/example_dags/example_params_ui_tutorial.py took 0.090 seconds
[2024-08-08T20:25:33.852+0400] {processor.py:157} INFO - Started process (PID=7286) to work on /home/eduardo/airflow_venv/lib/python3.10/site-packages/airflow/example_dags/example_params_ui_tutorial.py
[2024-08-08T20:25:33.852+0400] {processor.py:829} INFO - Processing file /home/eduardo/airflow_venv/lib/python3.10/site-packages/airflow/example_dags/example_params_ui_tutorial.py for tasks to queue
[2024-08-08T20:25:33.853+0400] {logging_mixin.py:151} INFO - [2024-08-08T20:25:33.853+0400] {dagbag.py:539} INFO - Filling up the DagBag from /home/eduardo/airflow_venv/lib/python3.10/site-packages/airflow/example_dags/example_params_ui_tutorial.py
[2024-08-08T20:25:33.870+0400] {processor.py:839} INFO - DAG(s) dict_keys(['example_params_ui_tutorial']) retrieved from /home/eduardo/airflow_venv/lib/python3.10/site-packages/airflow/example_dags/example_params_ui_tutorial.py
[2024-08-08T20:25:33.897+0400] {logging_mixin.py:151} INFO - [2024-08-08T20:25:33.897+0400] {dag.py:2915} INFO - Sync 1 DAGs
[2024-08-08T20:25:33.904+0400] {logging_mixin.py:151} INFO - [2024-08-08T20:25:33.904+0400] {dag.py:3696} INFO - Setting next_dagrun for example_params_ui_tutorial to None, run_after=None
[2024-08-08T20:25:33.934+0400] {processor.py:179} INFO - Processing /home/eduardo/airflow_venv/lib/python3.10/site-packages/airflow/example_dags/example_params_ui_tutorial.py took 0.085 seconds
[2024-08-08T22:10:01.174+0400] {processor.py:157} INFO - Started process (PID=9747) to work on /home/eduardo/airflow_venv/lib/python3.10/site-packages/airflow/example_dags/example_params_ui_tutorial.py
[2024-08-08T22:10:01.176+0400] {processor.py:829} INFO - Processing file /home/eduardo/airflow_venv/lib/python3.10/site-packages/airflow/example_dags/example_params_ui_tutorial.py for tasks to queue
[2024-08-08T22:10:01.177+0400] {logging_mixin.py:151} INFO - [2024-08-08T22:10:01.177+0400] {dagbag.py:539} INFO - Filling up the DagBag from /home/eduardo/airflow_venv/lib/python3.10/site-packages/airflow/example_dags/example_params_ui_tutorial.py
[2024-08-08T22:10:01.206+0400] {processor.py:839} INFO - DAG(s) dict_keys(['example_params_ui_tutorial']) retrieved from /home/eduardo/airflow_venv/lib/python3.10/site-packages/airflow/example_dags/example_params_ui_tutorial.py
[2024-08-08T22:10:01.243+0400] {logging_mixin.py:151} INFO - [2024-08-08T22:10:01.243+0400] {dag.py:2915} INFO - Sync 1 DAGs
[2024-08-08T22:10:01.252+0400] {logging_mixin.py:151} INFO - [2024-08-08T22:10:01.252+0400] {dag.py:3696} INFO - Setting next_dagrun for example_params_ui_tutorial to None, run_after=None
[2024-08-08T22:10:01.280+0400] {processor.py:179} INFO - Processing /home/eduardo/airflow_venv/lib/python3.10/site-packages/airflow/example_dags/example_params_ui_tutorial.py took 0.112 seconds
[2024-08-08T22:10:47.978+0400] {processor.py:157} INFO - Started process (PID=10211) to work on /home/eduardo/airflow_venv/lib/python3.10/site-packages/airflow/example_dags/example_params_ui_tutorial.py
[2024-08-08T22:10:47.979+0400] {processor.py:829} INFO - Processing file /home/eduardo/airflow_venv/lib/python3.10/site-packages/airflow/example_dags/example_params_ui_tutorial.py for tasks to queue
[2024-08-08T22:10:47.980+0400] {logging_mixin.py:151} INFO - [2024-08-08T22:10:47.979+0400] {dagbag.py:539} INFO - Filling up the DagBag from /home/eduardo/airflow_venv/lib/python3.10/site-packages/airflow/example_dags/example_params_ui_tutorial.py
[2024-08-08T22:10:48.002+0400] {processor.py:839} INFO - DAG(s) dict_keys(['example_params_ui_tutorial']) retrieved from /home/eduardo/airflow_venv/lib/python3.10/site-packages/airflow/example_dags/example_params_ui_tutorial.py
[2024-08-08T22:10:48.035+0400] {logging_mixin.py:151} INFO - [2024-08-08T22:10:48.034+0400] {dag.py:2915} INFO - Sync 1 DAGs
[2024-08-08T22:10:48.044+0400] {logging_mixin.py:151} INFO - [2024-08-08T22:10:48.044+0400] {dag.py:3696} INFO - Setting next_dagrun for example_params_ui_tutorial to None, run_after=None
[2024-08-08T22:10:48.078+0400] {processor.py:179} INFO - Processing /home/eduardo/airflow_venv/lib/python3.10/site-packages/airflow/example_dags/example_params_ui_tutorial.py took 0.103 seconds
[2024-08-08T22:11:39.996+0400] {processor.py:157} INFO - Started process (PID=10781) to work on /home/eduardo/airflow_venv/lib/python3.10/site-packages/airflow/example_dags/example_params_ui_tutorial.py
[2024-08-08T22:11:39.998+0400] {processor.py:829} INFO - Processing file /home/eduardo/airflow_venv/lib/python3.10/site-packages/airflow/example_dags/example_params_ui_tutorial.py for tasks to queue
[2024-08-08T22:11:40.000+0400] {logging_mixin.py:151} INFO - [2024-08-08T22:11:40.000+0400] {dagbag.py:539} INFO - Filling up the DagBag from /home/eduardo/airflow_venv/lib/python3.10/site-packages/airflow/example_dags/example_params_ui_tutorial.py
[2024-08-08T22:11:40.040+0400] {processor.py:839} INFO - DAG(s) dict_keys(['example_params_ui_tutorial']) retrieved from /home/eduardo/airflow_venv/lib/python3.10/site-packages/airflow/example_dags/example_params_ui_tutorial.py
[2024-08-08T22:11:40.096+0400] {logging_mixin.py:151} INFO - [2024-08-08T22:11:40.096+0400] {dag.py:2915} INFO - Sync 1 DAGs
[2024-08-08T22:11:40.119+0400] {logging_mixin.py:151} INFO - [2024-08-08T22:11:40.118+0400] {dag.py:3696} INFO - Setting next_dagrun for example_params_ui_tutorial to None, run_after=None
[2024-08-08T22:11:40.160+0400] {processor.py:179} INFO - Processing /home/eduardo/airflow_venv/lib/python3.10/site-packages/airflow/example_dags/example_params_ui_tutorial.py took 0.169 seconds
[2024-08-08T22:12:29.377+0400] {processor.py:157} INFO - Started process (PID=11167) to work on /home/eduardo/airflow_venv/lib/python3.10/site-packages/airflow/example_dags/example_params_ui_tutorial.py
[2024-08-08T22:12:29.380+0400] {processor.py:829} INFO - Processing file /home/eduardo/airflow_venv/lib/python3.10/site-packages/airflow/example_dags/example_params_ui_tutorial.py for tasks to queue
[2024-08-08T22:12:29.380+0400] {logging_mixin.py:151} INFO - [2024-08-08T22:12:29.380+0400] {dagbag.py:539} INFO - Filling up the DagBag from /home/eduardo/airflow_venv/lib/python3.10/site-packages/airflow/example_dags/example_params_ui_tutorial.py
[2024-08-08T22:12:29.403+0400] {processor.py:839} INFO - DAG(s) dict_keys(['example_params_ui_tutorial']) retrieved from /home/eduardo/airflow_venv/lib/python3.10/site-packages/airflow/example_dags/example_params_ui_tutorial.py
[2024-08-08T22:12:29.444+0400] {logging_mixin.py:151} INFO - [2024-08-08T22:12:29.444+0400] {dag.py:2915} INFO - Sync 1 DAGs
[2024-08-08T22:12:29.454+0400] {logging_mixin.py:151} INFO - [2024-08-08T22:12:29.453+0400] {dag.py:3696} INFO - Setting next_dagrun for example_params_ui_tutorial to None, run_after=None
[2024-08-08T22:12:29.487+0400] {processor.py:179} INFO - Processing /home/eduardo/airflow_venv/lib/python3.10/site-packages/airflow/example_dags/example_params_ui_tutorial.py took 0.113 seconds
[2024-08-08T22:13:16.881+0400] {processor.py:157} INFO - Started process (PID=11531) to work on /home/eduardo/airflow_venv/lib/python3.10/site-packages/airflow/example_dags/example_params_ui_tutorial.py
[2024-08-08T22:13:16.885+0400] {processor.py:829} INFO - Processing file /home/eduardo/airflow_venv/lib/python3.10/site-packages/airflow/example_dags/example_params_ui_tutorial.py for tasks to queue
[2024-08-08T22:13:16.886+0400] {logging_mixin.py:151} INFO - [2024-08-08T22:13:16.886+0400] {dagbag.py:539} INFO - Filling up the DagBag from /home/eduardo/airflow_venv/lib/python3.10/site-packages/airflow/example_dags/example_params_ui_tutorial.py
[2024-08-08T22:13:16.934+0400] {processor.py:839} INFO - DAG(s) dict_keys(['example_params_ui_tutorial']) retrieved from /home/eduardo/airflow_venv/lib/python3.10/site-packages/airflow/example_dags/example_params_ui_tutorial.py
[2024-08-08T22:13:17.001+0400] {logging_mixin.py:151} INFO - [2024-08-08T22:13:17.001+0400] {dag.py:2915} INFO - Sync 1 DAGs
[2024-08-08T22:13:17.018+0400] {logging_mixin.py:151} INFO - [2024-08-08T22:13:17.018+0400] {dag.py:3696} INFO - Setting next_dagrun for example_params_ui_tutorial to None, run_after=None
[2024-08-08T22:13:17.062+0400] {processor.py:179} INFO - Processing /home/eduardo/airflow_venv/lib/python3.10/site-packages/airflow/example_dags/example_params_ui_tutorial.py took 0.188 seconds
[2024-08-08T22:14:02.520+0400] {processor.py:157} INFO - Started process (PID=12052) to work on /home/eduardo/airflow_venv/lib/python3.10/site-packages/airflow/example_dags/example_params_ui_tutorial.py
[2024-08-08T22:14:02.523+0400] {processor.py:829} INFO - Processing file /home/eduardo/airflow_venv/lib/python3.10/site-packages/airflow/example_dags/example_params_ui_tutorial.py for tasks to queue
[2024-08-08T22:14:02.524+0400] {logging_mixin.py:151} INFO - [2024-08-08T22:14:02.524+0400] {dagbag.py:539} INFO - Filling up the DagBag from /home/eduardo/airflow_venv/lib/python3.10/site-packages/airflow/example_dags/example_params_ui_tutorial.py
[2024-08-08T22:14:02.548+0400] {processor.py:839} INFO - DAG(s) dict_keys(['example_params_ui_tutorial']) retrieved from /home/eduardo/airflow_venv/lib/python3.10/site-packages/airflow/example_dags/example_params_ui_tutorial.py
[2024-08-08T22:14:02.583+0400] {logging_mixin.py:151} INFO - [2024-08-08T22:14:02.583+0400] {dag.py:2915} INFO - Sync 1 DAGs
[2024-08-08T22:14:02.592+0400] {logging_mixin.py:151} INFO - [2024-08-08T22:14:02.591+0400] {dag.py:3696} INFO - Setting next_dagrun for example_params_ui_tutorial to None, run_after=None
[2024-08-08T22:14:02.628+0400] {processor.py:179} INFO - Processing /home/eduardo/airflow_venv/lib/python3.10/site-packages/airflow/example_dags/example_params_ui_tutorial.py took 0.111 seconds
[2024-08-08T22:14:55.184+0400] {processor.py:157} INFO - Started process (PID=12580) to work on /home/eduardo/airflow_venv/lib/python3.10/site-packages/airflow/example_dags/example_params_ui_tutorial.py
[2024-08-08T22:14:55.187+0400] {processor.py:829} INFO - Processing file /home/eduardo/airflow_venv/lib/python3.10/site-packages/airflow/example_dags/example_params_ui_tutorial.py for tasks to queue
[2024-08-08T22:14:55.187+0400] {logging_mixin.py:151} INFO - [2024-08-08T22:14:55.187+0400] {dagbag.py:539} INFO - Filling up the DagBag from /home/eduardo/airflow_venv/lib/python3.10/site-packages/airflow/example_dags/example_params_ui_tutorial.py
[2024-08-08T22:14:55.209+0400] {processor.py:839} INFO - DAG(s) dict_keys(['example_params_ui_tutorial']) retrieved from /home/eduardo/airflow_venv/lib/python3.10/site-packages/airflow/example_dags/example_params_ui_tutorial.py
[2024-08-08T22:14:55.244+0400] {logging_mixin.py:151} INFO - [2024-08-08T22:14:55.244+0400] {dag.py:2915} INFO - Sync 1 DAGs
[2024-08-08T22:14:55.256+0400] {logging_mixin.py:151} INFO - [2024-08-08T22:14:55.255+0400] {dag.py:3696} INFO - Setting next_dagrun for example_params_ui_tutorial to None, run_after=None
[2024-08-08T22:14:55.285+0400] {processor.py:179} INFO - Processing /home/eduardo/airflow_venv/lib/python3.10/site-packages/airflow/example_dags/example_params_ui_tutorial.py took 0.103 seconds
[2024-08-08T22:15:47.177+0400] {processor.py:157} INFO - Started process (PID=13071) to work on /home/eduardo/airflow_venv/lib/python3.10/site-packages/airflow/example_dags/example_params_ui_tutorial.py
[2024-08-08T22:15:47.179+0400] {processor.py:829} INFO - Processing file /home/eduardo/airflow_venv/lib/python3.10/site-packages/airflow/example_dags/example_params_ui_tutorial.py for tasks to queue
[2024-08-08T22:15:47.180+0400] {logging_mixin.py:151} INFO - [2024-08-08T22:15:47.179+0400] {dagbag.py:539} INFO - Filling up the DagBag from /home/eduardo/airflow_venv/lib/python3.10/site-packages/airflow/example_dags/example_params_ui_tutorial.py
[2024-08-08T22:15:47.208+0400] {processor.py:839} INFO - DAG(s) dict_keys(['example_params_ui_tutorial']) retrieved from /home/eduardo/airflow_venv/lib/python3.10/site-packages/airflow/example_dags/example_params_ui_tutorial.py
[2024-08-08T22:15:47.250+0400] {logging_mixin.py:151} INFO - [2024-08-08T22:15:47.250+0400] {dag.py:2915} INFO - Sync 1 DAGs
[2024-08-08T22:15:47.260+0400] {logging_mixin.py:151} INFO - [2024-08-08T22:15:47.259+0400] {dag.py:3696} INFO - Setting next_dagrun for example_params_ui_tutorial to None, run_after=None
[2024-08-08T22:15:47.292+0400] {processor.py:179} INFO - Processing /home/eduardo/airflow_venv/lib/python3.10/site-packages/airflow/example_dags/example_params_ui_tutorial.py took 0.118 seconds
[2024-08-08T22:16:35.616+0400] {processor.py:157} INFO - Started process (PID=13447) to work on /home/eduardo/airflow_venv/lib/python3.10/site-packages/airflow/example_dags/example_params_ui_tutorial.py
[2024-08-08T22:16:35.618+0400] {processor.py:829} INFO - Processing file /home/eduardo/airflow_venv/lib/python3.10/site-packages/airflow/example_dags/example_params_ui_tutorial.py for tasks to queue
[2024-08-08T22:16:35.619+0400] {logging_mixin.py:151} INFO - [2024-08-08T22:16:35.618+0400] {dagbag.py:539} INFO - Filling up the DagBag from /home/eduardo/airflow_venv/lib/python3.10/site-packages/airflow/example_dags/example_params_ui_tutorial.py
[2024-08-08T22:16:35.658+0400] {processor.py:839} INFO - DAG(s) dict_keys(['example_params_ui_tutorial']) retrieved from /home/eduardo/airflow_venv/lib/python3.10/site-packages/airflow/example_dags/example_params_ui_tutorial.py
[2024-08-08T22:16:35.700+0400] {logging_mixin.py:151} INFO - [2024-08-08T22:16:35.699+0400] {dag.py:2915} INFO - Sync 1 DAGs
[2024-08-08T22:16:35.709+0400] {logging_mixin.py:151} INFO - [2024-08-08T22:16:35.709+0400] {dag.py:3696} INFO - Setting next_dagrun for example_params_ui_tutorial to None, run_after=None
[2024-08-08T22:16:35.742+0400] {processor.py:179} INFO - Processing /home/eduardo/airflow_venv/lib/python3.10/site-packages/airflow/example_dags/example_params_ui_tutorial.py took 0.130 seconds
[2024-08-08T22:17:30.335+0400] {processor.py:157} INFO - Started process (PID=14081) to work on /home/eduardo/airflow_venv/lib/python3.10/site-packages/airflow/example_dags/example_params_ui_tutorial.py
[2024-08-08T22:17:30.338+0400] {processor.py:829} INFO - Processing file /home/eduardo/airflow_venv/lib/python3.10/site-packages/airflow/example_dags/example_params_ui_tutorial.py for tasks to queue
[2024-08-08T22:17:30.340+0400] {logging_mixin.py:151} INFO - [2024-08-08T22:17:30.339+0400] {dagbag.py:539} INFO - Filling up the DagBag from /home/eduardo/airflow_venv/lib/python3.10/site-packages/airflow/example_dags/example_params_ui_tutorial.py
[2024-08-08T22:17:30.362+0400] {processor.py:839} INFO - DAG(s) dict_keys(['example_params_ui_tutorial']) retrieved from /home/eduardo/airflow_venv/lib/python3.10/site-packages/airflow/example_dags/example_params_ui_tutorial.py
[2024-08-08T22:17:30.401+0400] {logging_mixin.py:151} INFO - [2024-08-08T22:17:30.400+0400] {dag.py:2915} INFO - Sync 1 DAGs
[2024-08-08T22:17:30.409+0400] {logging_mixin.py:151} INFO - [2024-08-08T22:17:30.409+0400] {dag.py:3696} INFO - Setting next_dagrun for example_params_ui_tutorial to None, run_after=None
[2024-08-08T22:17:30.437+0400] {processor.py:179} INFO - Processing /home/eduardo/airflow_venv/lib/python3.10/site-packages/airflow/example_dags/example_params_ui_tutorial.py took 0.104 seconds
[2024-08-08T22:18:21.968+0400] {processor.py:157} INFO - Started process (PID=14478) to work on /home/eduardo/airflow_venv/lib/python3.10/site-packages/airflow/example_dags/example_params_ui_tutorial.py
[2024-08-08T22:18:21.971+0400] {processor.py:829} INFO - Processing file /home/eduardo/airflow_venv/lib/python3.10/site-packages/airflow/example_dags/example_params_ui_tutorial.py for tasks to queue
[2024-08-08T22:18:21.972+0400] {logging_mixin.py:151} INFO - [2024-08-08T22:18:21.972+0400] {dagbag.py:539} INFO - Filling up the DagBag from /home/eduardo/airflow_venv/lib/python3.10/site-packages/airflow/example_dags/example_params_ui_tutorial.py
[2024-08-08T22:18:21.993+0400] {processor.py:839} INFO - DAG(s) dict_keys(['example_params_ui_tutorial']) retrieved from /home/eduardo/airflow_venv/lib/python3.10/site-packages/airflow/example_dags/example_params_ui_tutorial.py
[2024-08-08T22:18:22.027+0400] {logging_mixin.py:151} INFO - [2024-08-08T22:18:22.027+0400] {dag.py:2915} INFO - Sync 1 DAGs
[2024-08-08T22:18:22.037+0400] {logging_mixin.py:151} INFO - [2024-08-08T22:18:22.037+0400] {dag.py:3696} INFO - Setting next_dagrun for example_params_ui_tutorial to None, run_after=None
[2024-08-08T22:18:22.064+0400] {processor.py:179} INFO - Processing /home/eduardo/airflow_venv/lib/python3.10/site-packages/airflow/example_dags/example_params_ui_tutorial.py took 0.099 seconds
[2024-08-08T22:19:17.618+0400] {processor.py:157} INFO - Started process (PID=14912) to work on /home/eduardo/airflow_venv/lib/python3.10/site-packages/airflow/example_dags/example_params_ui_tutorial.py
[2024-08-08T22:19:17.621+0400] {processor.py:829} INFO - Processing file /home/eduardo/airflow_venv/lib/python3.10/site-packages/airflow/example_dags/example_params_ui_tutorial.py for tasks to queue
[2024-08-08T22:19:17.622+0400] {logging_mixin.py:151} INFO - [2024-08-08T22:19:17.622+0400] {dagbag.py:539} INFO - Filling up the DagBag from /home/eduardo/airflow_venv/lib/python3.10/site-packages/airflow/example_dags/example_params_ui_tutorial.py
[2024-08-08T22:19:17.647+0400] {processor.py:839} INFO - DAG(s) dict_keys(['example_params_ui_tutorial']) retrieved from /home/eduardo/airflow_venv/lib/python3.10/site-packages/airflow/example_dags/example_params_ui_tutorial.py
[2024-08-08T22:19:17.687+0400] {logging_mixin.py:151} INFO - [2024-08-08T22:19:17.687+0400] {dag.py:2915} INFO - Sync 1 DAGs
[2024-08-08T22:19:17.696+0400] {logging_mixin.py:151} INFO - [2024-08-08T22:19:17.696+0400] {dag.py:3696} INFO - Setting next_dagrun for example_params_ui_tutorial to None, run_after=None
[2024-08-08T22:19:17.729+0400] {processor.py:179} INFO - Processing /home/eduardo/airflow_venv/lib/python3.10/site-packages/airflow/example_dags/example_params_ui_tutorial.py took 0.114 seconds
[2024-08-08T22:20:04.480+0400] {processor.py:157} INFO - Started process (PID=15306) to work on /home/eduardo/airflow_venv/lib/python3.10/site-packages/airflow/example_dags/example_params_ui_tutorial.py
[2024-08-08T22:20:04.483+0400] {processor.py:829} INFO - Processing file /home/eduardo/airflow_venv/lib/python3.10/site-packages/airflow/example_dags/example_params_ui_tutorial.py for tasks to queue
[2024-08-08T22:20:04.484+0400] {logging_mixin.py:151} INFO - [2024-08-08T22:20:04.484+0400] {dagbag.py:539} INFO - Filling up the DagBag from /home/eduardo/airflow_venv/lib/python3.10/site-packages/airflow/example_dags/example_params_ui_tutorial.py
[2024-08-08T22:20:04.516+0400] {processor.py:839} INFO - DAG(s) dict_keys(['example_params_ui_tutorial']) retrieved from /home/eduardo/airflow_venv/lib/python3.10/site-packages/airflow/example_dags/example_params_ui_tutorial.py
[2024-08-08T22:20:04.557+0400] {logging_mixin.py:151} INFO - [2024-08-08T22:20:04.557+0400] {dag.py:2915} INFO - Sync 1 DAGs
[2024-08-08T22:20:04.570+0400] {logging_mixin.py:151} INFO - [2024-08-08T22:20:04.570+0400] {dag.py:3696} INFO - Setting next_dagrun for example_params_ui_tutorial to None, run_after=None
[2024-08-08T22:20:04.606+0400] {processor.py:179} INFO - Processing /home/eduardo/airflow_venv/lib/python3.10/site-packages/airflow/example_dags/example_params_ui_tutorial.py took 0.131 seconds
[2024-08-08T22:20:55.190+0400] {processor.py:157} INFO - Started process (PID=15741) to work on /home/eduardo/airflow_venv/lib/python3.10/site-packages/airflow/example_dags/example_params_ui_tutorial.py
[2024-08-08T22:20:55.192+0400] {processor.py:829} INFO - Processing file /home/eduardo/airflow_venv/lib/python3.10/site-packages/airflow/example_dags/example_params_ui_tutorial.py for tasks to queue
[2024-08-08T22:20:55.193+0400] {logging_mixin.py:151} INFO - [2024-08-08T22:20:55.193+0400] {dagbag.py:539} INFO - Filling up the DagBag from /home/eduardo/airflow_venv/lib/python3.10/site-packages/airflow/example_dags/example_params_ui_tutorial.py
[2024-08-08T22:20:55.227+0400] {processor.py:839} INFO - DAG(s) dict_keys(['example_params_ui_tutorial']) retrieved from /home/eduardo/airflow_venv/lib/python3.10/site-packages/airflow/example_dags/example_params_ui_tutorial.py
[2024-08-08T22:20:55.279+0400] {logging_mixin.py:151} INFO - [2024-08-08T22:20:55.279+0400] {dag.py:2915} INFO - Sync 1 DAGs
[2024-08-08T22:20:55.292+0400] {logging_mixin.py:151} INFO - [2024-08-08T22:20:55.292+0400] {dag.py:3696} INFO - Setting next_dagrun for example_params_ui_tutorial to None, run_after=None
[2024-08-08T22:20:55.330+0400] {processor.py:179} INFO - Processing /home/eduardo/airflow_venv/lib/python3.10/site-packages/airflow/example_dags/example_params_ui_tutorial.py took 0.143 seconds
[2024-08-08T22:21:50.033+0400] {processor.py:157} INFO - Started process (PID=16245) to work on /home/eduardo/airflow_venv/lib/python3.10/site-packages/airflow/example_dags/example_params_ui_tutorial.py
[2024-08-08T22:21:50.036+0400] {processor.py:829} INFO - Processing file /home/eduardo/airflow_venv/lib/python3.10/site-packages/airflow/example_dags/example_params_ui_tutorial.py for tasks to queue
[2024-08-08T22:21:50.037+0400] {logging_mixin.py:151} INFO - [2024-08-08T22:21:50.037+0400] {dagbag.py:539} INFO - Filling up the DagBag from /home/eduardo/airflow_venv/lib/python3.10/site-packages/airflow/example_dags/example_params_ui_tutorial.py
[2024-08-08T22:21:50.062+0400] {processor.py:839} INFO - DAG(s) dict_keys(['example_params_ui_tutorial']) retrieved from /home/eduardo/airflow_venv/lib/python3.10/site-packages/airflow/example_dags/example_params_ui_tutorial.py
[2024-08-08T22:21:50.092+0400] {logging_mixin.py:151} INFO - [2024-08-08T22:21:50.092+0400] {dag.py:2915} INFO - Sync 1 DAGs
[2024-08-08T22:21:50.101+0400] {logging_mixin.py:151} INFO - [2024-08-08T22:21:50.101+0400] {dag.py:3696} INFO - Setting next_dagrun for example_params_ui_tutorial to None, run_after=None
[2024-08-08T22:21:50.137+0400] {processor.py:179} INFO - Processing /home/eduardo/airflow_venv/lib/python3.10/site-packages/airflow/example_dags/example_params_ui_tutorial.py took 0.107 seconds
[2024-08-08T22:22:40.060+0400] {processor.py:157} INFO - Started process (PID=16635) to work on /home/eduardo/airflow_venv/lib/python3.10/site-packages/airflow/example_dags/example_params_ui_tutorial.py
[2024-08-08T22:22:40.063+0400] {processor.py:829} INFO - Processing file /home/eduardo/airflow_venv/lib/python3.10/site-packages/airflow/example_dags/example_params_ui_tutorial.py for tasks to queue
[2024-08-08T22:22:40.065+0400] {logging_mixin.py:151} INFO - [2024-08-08T22:22:40.064+0400] {dagbag.py:539} INFO - Filling up the DagBag from /home/eduardo/airflow_venv/lib/python3.10/site-packages/airflow/example_dags/example_params_ui_tutorial.py
[2024-08-08T22:22:40.104+0400] {processor.py:839} INFO - DAG(s) dict_keys(['example_params_ui_tutorial']) retrieved from /home/eduardo/airflow_venv/lib/python3.10/site-packages/airflow/example_dags/example_params_ui_tutorial.py
[2024-08-08T22:22:40.152+0400] {logging_mixin.py:151} INFO - [2024-08-08T22:22:40.152+0400] {dag.py:2915} INFO - Sync 1 DAGs
[2024-08-08T22:22:40.163+0400] {logging_mixin.py:151} INFO - [2024-08-08T22:22:40.163+0400] {dag.py:3696} INFO - Setting next_dagrun for example_params_ui_tutorial to None, run_after=None
[2024-08-08T22:22:40.204+0400] {processor.py:179} INFO - Processing /home/eduardo/airflow_venv/lib/python3.10/site-packages/airflow/example_dags/example_params_ui_tutorial.py took 0.149 seconds
[2024-08-08T22:23:31.398+0400] {processor.py:157} INFO - Started process (PID=17128) to work on /home/eduardo/airflow_venv/lib/python3.10/site-packages/airflow/example_dags/example_params_ui_tutorial.py
[2024-08-08T22:23:31.401+0400] {processor.py:829} INFO - Processing file /home/eduardo/airflow_venv/lib/python3.10/site-packages/airflow/example_dags/example_params_ui_tutorial.py for tasks to queue
[2024-08-08T22:23:31.402+0400] {logging_mixin.py:151} INFO - [2024-08-08T22:23:31.402+0400] {dagbag.py:539} INFO - Filling up the DagBag from /home/eduardo/airflow_venv/lib/python3.10/site-packages/airflow/example_dags/example_params_ui_tutorial.py
[2024-08-08T22:23:31.435+0400] {processor.py:839} INFO - DAG(s) dict_keys(['example_params_ui_tutorial']) retrieved from /home/eduardo/airflow_venv/lib/python3.10/site-packages/airflow/example_dags/example_params_ui_tutorial.py
[2024-08-08T22:23:31.466+0400] {logging_mixin.py:151} INFO - [2024-08-08T22:23:31.466+0400] {dag.py:2915} INFO - Sync 1 DAGs
[2024-08-08T22:23:31.474+0400] {logging_mixin.py:151} INFO - [2024-08-08T22:23:31.474+0400] {dag.py:3696} INFO - Setting next_dagrun for example_params_ui_tutorial to None, run_after=None
[2024-08-08T22:23:31.509+0400] {processor.py:179} INFO - Processing /home/eduardo/airflow_venv/lib/python3.10/site-packages/airflow/example_dags/example_params_ui_tutorial.py took 0.115 seconds
