[2024-08-08T20:18:37.450+0400] {processor.py:157} INFO - Started process (PID=6825) to work on /home/eduardo/airflow_venv/lib/python3.10/site-packages/airflow/example_dags/example_xcom.py
[2024-08-08T20:18:37.451+0400] {processor.py:829} INFO - Processing file /home/eduardo/airflow_venv/lib/python3.10/site-packages/airflow/example_dags/example_xcom.py for tasks to queue
[2024-08-08T20:18:37.451+0400] {logging_mixin.py:151} INFO - [2024-08-08T20:18:37.451+0400] {dagbag.py:539} INFO - Filling up the DagBag from /home/eduardo/airflow_venv/lib/python3.10/site-packages/airflow/example_dags/example_xcom.py
[2024-08-08T20:18:37.461+0400] {processor.py:839} INFO - DAG(s) dict_keys(['example_xcom']) retrieved from /home/eduardo/airflow_venv/lib/python3.10/site-packages/airflow/example_dags/example_xcom.py
[2024-08-08T20:18:37.557+0400] {logging_mixin.py:151} INFO - [2024-08-08T20:18:37.556+0400] {manager.py:499} INFO - Created Permission View: %s
[2024-08-08T20:18:37.577+0400] {logging_mixin.py:151} INFO - [2024-08-08T20:18:37.577+0400] {manager.py:499} INFO - Created Permission View: %s
[2024-08-08T20:18:37.595+0400] {logging_mixin.py:151} INFO - [2024-08-08T20:18:37.595+0400] {manager.py:499} INFO - Created Permission View: %s
[2024-08-08T20:18:37.596+0400] {logging_mixin.py:151} INFO - [2024-08-08T20:18:37.596+0400] {security.py:708} INFO - Not syncing DAG-level permissions for DAG 'DAG:example_xcom' as access control is unset.
[2024-08-08T20:18:37.596+0400] {logging_mixin.py:151} INFO - [2024-08-08T20:18:37.596+0400] {dag.py:2915} INFO - Sync 1 DAGs
[2024-08-08T20:18:37.608+0400] {logging_mixin.py:151} INFO - [2024-08-08T20:18:37.607+0400] {dag.py:2937} INFO - Creating ORM DAG for example_xcom
[2024-08-08T20:18:37.614+0400] {logging_mixin.py:151} INFO - [2024-08-08T20:18:37.614+0400] {dag.py:3696} INFO - Setting next_dagrun for example_xcom to 2021-01-01T00:00:00+00:00, run_after=2021-01-01T00:00:00+00:00
[2024-08-08T20:18:37.648+0400] {processor.py:179} INFO - Processing /home/eduardo/airflow_venv/lib/python3.10/site-packages/airflow/example_dags/example_xcom.py took 0.200 seconds
[2024-08-08T20:19:26.711+0400] {processor.py:157} INFO - Started process (PID=6871) to work on /home/eduardo/airflow_venv/lib/python3.10/site-packages/airflow/example_dags/example_xcom.py
[2024-08-08T20:19:26.713+0400] {processor.py:829} INFO - Processing file /home/eduardo/airflow_venv/lib/python3.10/site-packages/airflow/example_dags/example_xcom.py for tasks to queue
[2024-08-08T20:19:26.713+0400] {logging_mixin.py:151} INFO - [2024-08-08T20:19:26.713+0400] {dagbag.py:539} INFO - Filling up the DagBag from /home/eduardo/airflow_venv/lib/python3.10/site-packages/airflow/example_dags/example_xcom.py
[2024-08-08T20:19:26.720+0400] {processor.py:839} INFO - DAG(s) dict_keys(['example_xcom']) retrieved from /home/eduardo/airflow_venv/lib/python3.10/site-packages/airflow/example_dags/example_xcom.py
[2024-08-08T20:19:26.732+0400] {logging_mixin.py:151} INFO - [2024-08-08T20:19:26.732+0400] {dag.py:2915} INFO - Sync 1 DAGs
[2024-08-08T20:19:26.747+0400] {logging_mixin.py:151} INFO - [2024-08-08T20:19:26.746+0400] {dag.py:3696} INFO - Setting next_dagrun for example_xcom to 2021-01-01T00:00:00+00:00, run_after=2021-01-01T00:00:00+00:00
[2024-08-08T20:19:26.780+0400] {processor.py:179} INFO - Processing /home/eduardo/airflow_venv/lib/python3.10/site-packages/airflow/example_dags/example_xcom.py took 0.071 seconds
[2024-08-08T20:20:10.831+0400] {processor.py:157} INFO - Started process (PID=6919) to work on /home/eduardo/airflow_venv/lib/python3.10/site-packages/airflow/example_dags/example_xcom.py
[2024-08-08T20:20:10.832+0400] {processor.py:829} INFO - Processing file /home/eduardo/airflow_venv/lib/python3.10/site-packages/airflow/example_dags/example_xcom.py for tasks to queue
[2024-08-08T20:20:10.833+0400] {logging_mixin.py:151} INFO - [2024-08-08T20:20:10.833+0400] {dagbag.py:539} INFO - Filling up the DagBag from /home/eduardo/airflow_venv/lib/python3.10/site-packages/airflow/example_dags/example_xcom.py
[2024-08-08T20:20:10.839+0400] {processor.py:839} INFO - DAG(s) dict_keys(['example_xcom']) retrieved from /home/eduardo/airflow_venv/lib/python3.10/site-packages/airflow/example_dags/example_xcom.py
[2024-08-08T20:20:10.851+0400] {logging_mixin.py:151} INFO - [2024-08-08T20:20:10.851+0400] {dag.py:2915} INFO - Sync 1 DAGs
[2024-08-08T20:20:10.864+0400] {logging_mixin.py:151} INFO - [2024-08-08T20:20:10.864+0400] {dag.py:3696} INFO - Setting next_dagrun for example_xcom to 2021-01-01T00:00:00+00:00, run_after=2021-01-01T00:00:00+00:00
[2024-08-08T20:20:10.888+0400] {processor.py:179} INFO - Processing /home/eduardo/airflow_venv/lib/python3.10/site-packages/airflow/example_dags/example_xcom.py took 0.059 seconds
[2024-08-08T20:20:54.285+0400] {processor.py:157} INFO - Started process (PID=6965) to work on /home/eduardo/airflow_venv/lib/python3.10/site-packages/airflow/example_dags/example_xcom.py
[2024-08-08T20:20:54.287+0400] {processor.py:829} INFO - Processing file /home/eduardo/airflow_venv/lib/python3.10/site-packages/airflow/example_dags/example_xcom.py for tasks to queue
[2024-08-08T20:20:54.287+0400] {logging_mixin.py:151} INFO - [2024-08-08T20:20:54.287+0400] {dagbag.py:539} INFO - Filling up the DagBag from /home/eduardo/airflow_venv/lib/python3.10/site-packages/airflow/example_dags/example_xcom.py
[2024-08-08T20:20:54.294+0400] {processor.py:839} INFO - DAG(s) dict_keys(['example_xcom']) retrieved from /home/eduardo/airflow_venv/lib/python3.10/site-packages/airflow/example_dags/example_xcom.py
[2024-08-08T20:20:54.307+0400] {logging_mixin.py:151} INFO - [2024-08-08T20:20:54.307+0400] {dag.py:2915} INFO - Sync 1 DAGs
[2024-08-08T20:20:54.324+0400] {logging_mixin.py:151} INFO - [2024-08-08T20:20:54.324+0400] {dag.py:3696} INFO - Setting next_dagrun for example_xcom to 2021-01-01T00:00:00+00:00, run_after=2021-01-01T00:00:00+00:00
[2024-08-08T20:20:54.360+0400] {processor.py:179} INFO - Processing /home/eduardo/airflow_venv/lib/python3.10/site-packages/airflow/example_dags/example_xcom.py took 0.077 seconds
[2024-08-08T20:21:36.581+0400] {processor.py:157} INFO - Started process (PID=7011) to work on /home/eduardo/airflow_venv/lib/python3.10/site-packages/airflow/example_dags/example_xcom.py
[2024-08-08T20:21:36.582+0400] {processor.py:829} INFO - Processing file /home/eduardo/airflow_venv/lib/python3.10/site-packages/airflow/example_dags/example_xcom.py for tasks to queue
[2024-08-08T20:21:36.583+0400] {logging_mixin.py:151} INFO - [2024-08-08T20:21:36.582+0400] {dagbag.py:539} INFO - Filling up the DagBag from /home/eduardo/airflow_venv/lib/python3.10/site-packages/airflow/example_dags/example_xcom.py
[2024-08-08T20:21:36.587+0400] {processor.py:839} INFO - DAG(s) dict_keys(['example_xcom']) retrieved from /home/eduardo/airflow_venv/lib/python3.10/site-packages/airflow/example_dags/example_xcom.py
[2024-08-08T20:21:36.599+0400] {logging_mixin.py:151} INFO - [2024-08-08T20:21:36.598+0400] {dag.py:2915} INFO - Sync 1 DAGs
[2024-08-08T20:21:36.611+0400] {logging_mixin.py:151} INFO - [2024-08-08T20:21:36.611+0400] {dag.py:3696} INFO - Setting next_dagrun for example_xcom to 2021-01-01T00:00:00+00:00, run_after=2021-01-01T00:00:00+00:00
[2024-08-08T20:21:36.636+0400] {processor.py:179} INFO - Processing /home/eduardo/airflow_venv/lib/python3.10/site-packages/airflow/example_dags/example_xcom.py took 0.057 seconds
[2024-08-08T20:22:21.117+0400] {processor.py:157} INFO - Started process (PID=7057) to work on /home/eduardo/airflow_venv/lib/python3.10/site-packages/airflow/example_dags/example_xcom.py
[2024-08-08T20:22:21.118+0400] {processor.py:829} INFO - Processing file /home/eduardo/airflow_venv/lib/python3.10/site-packages/airflow/example_dags/example_xcom.py for tasks to queue
[2024-08-08T20:22:21.119+0400] {logging_mixin.py:151} INFO - [2024-08-08T20:22:21.119+0400] {dagbag.py:539} INFO - Filling up the DagBag from /home/eduardo/airflow_venv/lib/python3.10/site-packages/airflow/example_dags/example_xcom.py
[2024-08-08T20:22:21.124+0400] {processor.py:839} INFO - DAG(s) dict_keys(['example_xcom']) retrieved from /home/eduardo/airflow_venv/lib/python3.10/site-packages/airflow/example_dags/example_xcom.py
[2024-08-08T20:22:21.139+0400] {logging_mixin.py:151} INFO - [2024-08-08T20:22:21.139+0400] {dag.py:2915} INFO - Sync 1 DAGs
[2024-08-08T20:22:21.158+0400] {logging_mixin.py:151} INFO - [2024-08-08T20:22:21.158+0400] {dag.py:3696} INFO - Setting next_dagrun for example_xcom to 2021-01-01T00:00:00+00:00, run_after=2021-01-01T00:00:00+00:00
[2024-08-08T20:22:21.187+0400] {processor.py:179} INFO - Processing /home/eduardo/airflow_venv/lib/python3.10/site-packages/airflow/example_dags/example_xcom.py took 0.073 seconds
[2024-08-08T20:23:07.850+0400] {processor.py:157} INFO - Started process (PID=7123) to work on /home/eduardo/airflow_venv/lib/python3.10/site-packages/airflow/example_dags/example_xcom.py
[2024-08-08T20:23:07.851+0400] {processor.py:829} INFO - Processing file /home/eduardo/airflow_venv/lib/python3.10/site-packages/airflow/example_dags/example_xcom.py for tasks to queue
[2024-08-08T20:23:07.852+0400] {logging_mixin.py:151} INFO - [2024-08-08T20:23:07.851+0400] {dagbag.py:539} INFO - Filling up the DagBag from /home/eduardo/airflow_venv/lib/python3.10/site-packages/airflow/example_dags/example_xcom.py
[2024-08-08T20:23:07.857+0400] {processor.py:839} INFO - DAG(s) dict_keys(['example_xcom']) retrieved from /home/eduardo/airflow_venv/lib/python3.10/site-packages/airflow/example_dags/example_xcom.py
[2024-08-08T20:23:07.870+0400] {logging_mixin.py:151} INFO - [2024-08-08T20:23:07.870+0400] {dag.py:2915} INFO - Sync 1 DAGs
[2024-08-08T20:23:07.883+0400] {logging_mixin.py:151} INFO - [2024-08-08T20:23:07.883+0400] {dag.py:3696} INFO - Setting next_dagrun for example_xcom to 2021-01-01T00:00:00+00:00, run_after=2021-01-01T00:00:00+00:00
[2024-08-08T20:23:07.918+0400] {processor.py:179} INFO - Processing /home/eduardo/airflow_venv/lib/python3.10/site-packages/airflow/example_dags/example_xcom.py took 0.071 seconds
[2024-08-08T20:23:49.952+0400] {processor.py:157} INFO - Started process (PID=7170) to work on /home/eduardo/airflow_venv/lib/python3.10/site-packages/airflow/example_dags/example_xcom.py
[2024-08-08T20:23:49.953+0400] {processor.py:829} INFO - Processing file /home/eduardo/airflow_venv/lib/python3.10/site-packages/airflow/example_dags/example_xcom.py for tasks to queue
[2024-08-08T20:23:49.953+0400] {logging_mixin.py:151} INFO - [2024-08-08T20:23:49.953+0400] {dagbag.py:539} INFO - Filling up the DagBag from /home/eduardo/airflow_venv/lib/python3.10/site-packages/airflow/example_dags/example_xcom.py
[2024-08-08T20:23:49.958+0400] {processor.py:839} INFO - DAG(s) dict_keys(['example_xcom']) retrieved from /home/eduardo/airflow_venv/lib/python3.10/site-packages/airflow/example_dags/example_xcom.py
[2024-08-08T20:23:49.970+0400] {logging_mixin.py:151} INFO - [2024-08-08T20:23:49.969+0400] {dag.py:2915} INFO - Sync 1 DAGs
[2024-08-08T20:23:49.981+0400] {logging_mixin.py:151} INFO - [2024-08-08T20:23:49.981+0400] {dag.py:3696} INFO - Setting next_dagrun for example_xcom to 2021-01-01T00:00:00+00:00, run_after=2021-01-01T00:00:00+00:00
[2024-08-08T20:23:50.009+0400] {processor.py:179} INFO - Processing /home/eduardo/airflow_venv/lib/python3.10/site-packages/airflow/example_dags/example_xcom.py took 0.059 seconds
[2024-08-08T20:24:35.635+0400] {processor.py:157} INFO - Started process (PID=7217) to work on /home/eduardo/airflow_venv/lib/python3.10/site-packages/airflow/example_dags/example_xcom.py
[2024-08-08T20:24:35.636+0400] {processor.py:829} INFO - Processing file /home/eduardo/airflow_venv/lib/python3.10/site-packages/airflow/example_dags/example_xcom.py for tasks to queue
[2024-08-08T20:24:35.636+0400] {logging_mixin.py:151} INFO - [2024-08-08T20:24:35.636+0400] {dagbag.py:539} INFO - Filling up the DagBag from /home/eduardo/airflow_venv/lib/python3.10/site-packages/airflow/example_dags/example_xcom.py
[2024-08-08T20:24:35.642+0400] {processor.py:839} INFO - DAG(s) dict_keys(['example_xcom']) retrieved from /home/eduardo/airflow_venv/lib/python3.10/site-packages/airflow/example_dags/example_xcom.py
[2024-08-08T20:24:35.653+0400] {logging_mixin.py:151} INFO - [2024-08-08T20:24:35.653+0400] {dag.py:2915} INFO - Sync 1 DAGs
[2024-08-08T20:24:35.670+0400] {logging_mixin.py:151} INFO - [2024-08-08T20:24:35.670+0400] {dag.py:3696} INFO - Setting next_dagrun for example_xcom to 2021-01-01T00:00:00+00:00, run_after=2021-01-01T00:00:00+00:00
[2024-08-08T20:24:35.699+0400] {processor.py:179} INFO - Processing /home/eduardo/airflow_venv/lib/python3.10/site-packages/airflow/example_dags/example_xcom.py took 0.066 seconds
[2024-08-08T20:25:15.899+0400] {processor.py:157} INFO - Started process (PID=7266) to work on /home/eduardo/airflow_venv/lib/python3.10/site-packages/airflow/example_dags/example_xcom.py
[2024-08-08T20:25:15.900+0400] {processor.py:829} INFO - Processing file /home/eduardo/airflow_venv/lib/python3.10/site-packages/airflow/example_dags/example_xcom.py for tasks to queue
[2024-08-08T20:25:15.900+0400] {logging_mixin.py:151} INFO - [2024-08-08T20:25:15.900+0400] {dagbag.py:539} INFO - Filling up the DagBag from /home/eduardo/airflow_venv/lib/python3.10/site-packages/airflow/example_dags/example_xcom.py
[2024-08-08T20:25:15.906+0400] {processor.py:839} INFO - DAG(s) dict_keys(['example_xcom']) retrieved from /home/eduardo/airflow_venv/lib/python3.10/site-packages/airflow/example_dags/example_xcom.py
[2024-08-08T20:25:15.918+0400] {logging_mixin.py:151} INFO - [2024-08-08T20:25:15.917+0400] {dag.py:2915} INFO - Sync 1 DAGs
[2024-08-08T20:25:15.930+0400] {logging_mixin.py:151} INFO - [2024-08-08T20:25:15.930+0400] {dag.py:3696} INFO - Setting next_dagrun for example_xcom to 2021-01-01T00:00:00+00:00, run_after=2021-01-01T00:00:00+00:00
[2024-08-08T20:25:15.959+0400] {processor.py:179} INFO - Processing /home/eduardo/airflow_venv/lib/python3.10/site-packages/airflow/example_dags/example_xcom.py took 0.063 seconds
[2024-08-08T20:25:59.730+0400] {processor.py:157} INFO - Started process (PID=7312) to work on /home/eduardo/airflow_venv/lib/python3.10/site-packages/airflow/example_dags/example_xcom.py
[2024-08-08T20:25:59.731+0400] {processor.py:829} INFO - Processing file /home/eduardo/airflow_venv/lib/python3.10/site-packages/airflow/example_dags/example_xcom.py for tasks to queue
[2024-08-08T20:25:59.732+0400] {logging_mixin.py:151} INFO - [2024-08-08T20:25:59.731+0400] {dagbag.py:539} INFO - Filling up the DagBag from /home/eduardo/airflow_venv/lib/python3.10/site-packages/airflow/example_dags/example_xcom.py
[2024-08-08T20:25:59.737+0400] {processor.py:839} INFO - DAG(s) dict_keys(['example_xcom']) retrieved from /home/eduardo/airflow_venv/lib/python3.10/site-packages/airflow/example_dags/example_xcom.py
[2024-08-08T20:25:59.748+0400] {logging_mixin.py:151} INFO - [2024-08-08T20:25:59.748+0400] {dag.py:2915} INFO - Sync 1 DAGs
[2024-08-08T20:25:59.760+0400] {logging_mixin.py:151} INFO - [2024-08-08T20:25:59.760+0400] {dag.py:3696} INFO - Setting next_dagrun for example_xcom to 2021-01-01T00:00:00+00:00, run_after=2021-01-01T00:00:00+00:00
[2024-08-08T20:25:59.788+0400] {processor.py:179} INFO - Processing /home/eduardo/airflow_venv/lib/python3.10/site-packages/airflow/example_dags/example_xcom.py took 0.060 seconds
[2024-08-08T22:09:50.728+0400] {processor.py:157} INFO - Started process (PID=9600) to work on /home/eduardo/airflow_venv/lib/python3.10/site-packages/airflow/example_dags/example_xcom.py
[2024-08-08T22:09:50.732+0400] {processor.py:829} INFO - Processing file /home/eduardo/airflow_venv/lib/python3.10/site-packages/airflow/example_dags/example_xcom.py for tasks to queue
[2024-08-08T22:09:50.733+0400] {logging_mixin.py:151} INFO - [2024-08-08T22:09:50.732+0400] {dagbag.py:539} INFO - Filling up the DagBag from /home/eduardo/airflow_venv/lib/python3.10/site-packages/airflow/example_dags/example_xcom.py
[2024-08-08T22:09:50.746+0400] {processor.py:839} INFO - DAG(s) dict_keys(['example_xcom']) retrieved from /home/eduardo/airflow_venv/lib/python3.10/site-packages/airflow/example_dags/example_xcom.py
[2024-08-08T22:09:50.771+0400] {logging_mixin.py:151} INFO - [2024-08-08T22:09:50.771+0400] {dag.py:2915} INFO - Sync 1 DAGs
[2024-08-08T22:09:50.796+0400] {logging_mixin.py:151} INFO - [2024-08-08T22:09:50.796+0400] {dag.py:3696} INFO - Setting next_dagrun for example_xcom to 2021-01-01T00:00:00+00:00, run_after=2021-01-01T00:00:00+00:00
[2024-08-08T22:09:50.837+0400] {processor.py:179} INFO - Processing /home/eduardo/airflow_venv/lib/python3.10/site-packages/airflow/example_dags/example_xcom.py took 0.113 seconds
[2024-08-08T22:10:37.445+0400] {processor.py:157} INFO - Started process (PID=10130) to work on /home/eduardo/airflow_venv/lib/python3.10/site-packages/airflow/example_dags/example_xcom.py
[2024-08-08T22:10:37.448+0400] {processor.py:829} INFO - Processing file /home/eduardo/airflow_venv/lib/python3.10/site-packages/airflow/example_dags/example_xcom.py for tasks to queue
[2024-08-08T22:10:37.449+0400] {logging_mixin.py:151} INFO - [2024-08-08T22:10:37.448+0400] {dagbag.py:539} INFO - Filling up the DagBag from /home/eduardo/airflow_venv/lib/python3.10/site-packages/airflow/example_dags/example_xcom.py
[2024-08-08T22:10:37.459+0400] {processor.py:839} INFO - DAG(s) dict_keys(['example_xcom']) retrieved from /home/eduardo/airflow_venv/lib/python3.10/site-packages/airflow/example_dags/example_xcom.py
[2024-08-08T22:10:37.483+0400] {logging_mixin.py:151} INFO - [2024-08-08T22:10:37.483+0400] {dag.py:2915} INFO - Sync 1 DAGs
[2024-08-08T22:10:37.509+0400] {logging_mixin.py:151} INFO - [2024-08-08T22:10:37.508+0400] {dag.py:3696} INFO - Setting next_dagrun for example_xcom to 2021-01-01T00:00:00+00:00, run_after=2021-01-01T00:00:00+00:00
[2024-08-08T22:10:37.550+0400] {processor.py:179} INFO - Processing /home/eduardo/airflow_venv/lib/python3.10/site-packages/airflow/example_dags/example_xcom.py took 0.109 seconds
[2024-08-08T22:11:26.553+0400] {processor.py:157} INFO - Started process (PID=10646) to work on /home/eduardo/airflow_venv/lib/python3.10/site-packages/airflow/example_dags/example_xcom.py
[2024-08-08T22:11:26.556+0400] {processor.py:829} INFO - Processing file /home/eduardo/airflow_venv/lib/python3.10/site-packages/airflow/example_dags/example_xcom.py for tasks to queue
[2024-08-08T22:11:26.557+0400] {logging_mixin.py:151} INFO - [2024-08-08T22:11:26.557+0400] {dagbag.py:539} INFO - Filling up the DagBag from /home/eduardo/airflow_venv/lib/python3.10/site-packages/airflow/example_dags/example_xcom.py
[2024-08-08T22:11:26.567+0400] {processor.py:839} INFO - DAG(s) dict_keys(['example_xcom']) retrieved from /home/eduardo/airflow_venv/lib/python3.10/site-packages/airflow/example_dags/example_xcom.py
[2024-08-08T22:11:26.586+0400] {logging_mixin.py:151} INFO - [2024-08-08T22:11:26.586+0400] {dag.py:2915} INFO - Sync 1 DAGs
[2024-08-08T22:11:26.604+0400] {logging_mixin.py:151} INFO - [2024-08-08T22:11:26.604+0400] {dag.py:3696} INFO - Setting next_dagrun for example_xcom to 2021-01-01T00:00:00+00:00, run_after=2021-01-01T00:00:00+00:00
[2024-08-08T22:11:26.642+0400] {processor.py:179} INFO - Processing /home/eduardo/airflow_venv/lib/python3.10/site-packages/airflow/example_dags/example_xcom.py took 0.092 seconds
[2024-08-08T22:12:16.195+0400] {processor.py:157} INFO - Started process (PID=11061) to work on /home/eduardo/airflow_venv/lib/python3.10/site-packages/airflow/example_dags/example_xcom.py
[2024-08-08T22:12:16.199+0400] {processor.py:829} INFO - Processing file /home/eduardo/airflow_venv/lib/python3.10/site-packages/airflow/example_dags/example_xcom.py for tasks to queue
[2024-08-08T22:12:16.199+0400] {logging_mixin.py:151} INFO - [2024-08-08T22:12:16.199+0400] {dagbag.py:539} INFO - Filling up the DagBag from /home/eduardo/airflow_venv/lib/python3.10/site-packages/airflow/example_dags/example_xcom.py
[2024-08-08T22:12:16.207+0400] {processor.py:839} INFO - DAG(s) dict_keys(['example_xcom']) retrieved from /home/eduardo/airflow_venv/lib/python3.10/site-packages/airflow/example_dags/example_xcom.py
[2024-08-08T22:12:16.229+0400] {logging_mixin.py:151} INFO - [2024-08-08T22:12:16.229+0400] {dag.py:2915} INFO - Sync 1 DAGs
[2024-08-08T22:12:16.251+0400] {logging_mixin.py:151} INFO - [2024-08-08T22:12:16.251+0400] {dag.py:3696} INFO - Setting next_dagrun for example_xcom to 2021-01-01T00:00:00+00:00, run_after=2021-01-01T00:00:00+00:00
[2024-08-08T22:12:16.289+0400] {processor.py:179} INFO - Processing /home/eduardo/airflow_venv/lib/python3.10/site-packages/airflow/example_dags/example_xcom.py took 0.099 seconds
[2024-08-08T22:13:04.566+0400] {processor.py:157} INFO - Started process (PID=11435) to work on /home/eduardo/airflow_venv/lib/python3.10/site-packages/airflow/example_dags/example_xcom.py
[2024-08-08T22:13:04.569+0400] {processor.py:829} INFO - Processing file /home/eduardo/airflow_venv/lib/python3.10/site-packages/airflow/example_dags/example_xcom.py for tasks to queue
[2024-08-08T22:13:04.570+0400] {logging_mixin.py:151} INFO - [2024-08-08T22:13:04.570+0400] {dagbag.py:539} INFO - Filling up the DagBag from /home/eduardo/airflow_venv/lib/python3.10/site-packages/airflow/example_dags/example_xcom.py
[2024-08-08T22:13:04.581+0400] {processor.py:839} INFO - DAG(s) dict_keys(['example_xcom']) retrieved from /home/eduardo/airflow_venv/lib/python3.10/site-packages/airflow/example_dags/example_xcom.py
[2024-08-08T22:13:04.604+0400] {logging_mixin.py:151} INFO - [2024-08-08T22:13:04.604+0400] {dag.py:2915} INFO - Sync 1 DAGs
[2024-08-08T22:13:04.631+0400] {logging_mixin.py:151} INFO - [2024-08-08T22:13:04.630+0400] {dag.py:3696} INFO - Setting next_dagrun for example_xcom to 2021-01-01T00:00:00+00:00, run_after=2021-01-01T00:00:00+00:00
[2024-08-08T22:13:04.676+0400] {processor.py:179} INFO - Processing /home/eduardo/airflow_venv/lib/python3.10/site-packages/airflow/example_dags/example_xcom.py took 0.113 seconds
[2024-08-08T22:13:52.869+0400] {processor.py:157} INFO - Started process (PID=11948) to work on /home/eduardo/airflow_venv/lib/python3.10/site-packages/airflow/example_dags/example_xcom.py
[2024-08-08T22:13:52.872+0400] {processor.py:829} INFO - Processing file /home/eduardo/airflow_venv/lib/python3.10/site-packages/airflow/example_dags/example_xcom.py for tasks to queue
[2024-08-08T22:13:52.873+0400] {logging_mixin.py:151} INFO - [2024-08-08T22:13:52.873+0400] {dagbag.py:539} INFO - Filling up the DagBag from /home/eduardo/airflow_venv/lib/python3.10/site-packages/airflow/example_dags/example_xcom.py
[2024-08-08T22:13:52.879+0400] {processor.py:839} INFO - DAG(s) dict_keys(['example_xcom']) retrieved from /home/eduardo/airflow_venv/lib/python3.10/site-packages/airflow/example_dags/example_xcom.py
[2024-08-08T22:13:52.894+0400] {logging_mixin.py:151} INFO - [2024-08-08T22:13:52.894+0400] {dag.py:2915} INFO - Sync 1 DAGs
[2024-08-08T22:13:52.909+0400] {logging_mixin.py:151} INFO - [2024-08-08T22:13:52.909+0400] {dag.py:3696} INFO - Setting next_dagrun for example_xcom to 2021-01-01T00:00:00+00:00, run_after=2021-01-01T00:00:00+00:00
[2024-08-08T22:13:52.941+0400] {processor.py:179} INFO - Processing /home/eduardo/airflow_venv/lib/python3.10/site-packages/airflow/example_dags/example_xcom.py took 0.075 seconds
[2024-08-08T22:14:39.748+0400] {processor.py:157} INFO - Started process (PID=12463) to work on /home/eduardo/airflow_venv/lib/python3.10/site-packages/airflow/example_dags/example_xcom.py
[2024-08-08T22:14:39.752+0400] {processor.py:829} INFO - Processing file /home/eduardo/airflow_venv/lib/python3.10/site-packages/airflow/example_dags/example_xcom.py for tasks to queue
[2024-08-08T22:14:39.753+0400] {logging_mixin.py:151} INFO - [2024-08-08T22:14:39.753+0400] {dagbag.py:539} INFO - Filling up the DagBag from /home/eduardo/airflow_venv/lib/python3.10/site-packages/airflow/example_dags/example_xcom.py
[2024-08-08T22:14:39.762+0400] {processor.py:839} INFO - DAG(s) dict_keys(['example_xcom']) retrieved from /home/eduardo/airflow_venv/lib/python3.10/site-packages/airflow/example_dags/example_xcom.py
[2024-08-08T22:14:39.774+0400] {logging_mixin.py:151} INFO - [2024-08-08T22:14:39.773+0400] {dag.py:2915} INFO - Sync 1 DAGs
[2024-08-08T22:14:39.801+0400] {logging_mixin.py:151} INFO - [2024-08-08T22:14:39.801+0400] {dag.py:3696} INFO - Setting next_dagrun for example_xcom to 2021-01-01T00:00:00+00:00, run_after=2021-01-01T00:00:00+00:00
[2024-08-08T22:14:39.838+0400] {processor.py:179} INFO - Processing /home/eduardo/airflow_venv/lib/python3.10/site-packages/airflow/example_dags/example_xcom.py took 0.094 seconds
[2024-08-08T22:15:32.345+0400] {processor.py:157} INFO - Started process (PID=12913) to work on /home/eduardo/airflow_venv/lib/python3.10/site-packages/airflow/example_dags/example_xcom.py
[2024-08-08T22:15:32.349+0400] {processor.py:829} INFO - Processing file /home/eduardo/airflow_venv/lib/python3.10/site-packages/airflow/example_dags/example_xcom.py for tasks to queue
[2024-08-08T22:15:32.350+0400] {logging_mixin.py:151} INFO - [2024-08-08T22:15:32.350+0400] {dagbag.py:539} INFO - Filling up the DagBag from /home/eduardo/airflow_venv/lib/python3.10/site-packages/airflow/example_dags/example_xcom.py
[2024-08-08T22:15:32.356+0400] {processor.py:839} INFO - DAG(s) dict_keys(['example_xcom']) retrieved from /home/eduardo/airflow_venv/lib/python3.10/site-packages/airflow/example_dags/example_xcom.py
[2024-08-08T22:15:32.372+0400] {logging_mixin.py:151} INFO - [2024-08-08T22:15:32.372+0400] {dag.py:2915} INFO - Sync 1 DAGs
[2024-08-08T22:15:32.386+0400] {logging_mixin.py:151} INFO - [2024-08-08T22:15:32.386+0400] {dag.py:3696} INFO - Setting next_dagrun for example_xcom to 2021-01-01T00:00:00+00:00, run_after=2021-01-01T00:00:00+00:00
[2024-08-08T22:15:32.416+0400] {processor.py:179} INFO - Processing /home/eduardo/airflow_venv/lib/python3.10/site-packages/airflow/example_dags/example_xcom.py took 0.077 seconds
[2024-08-08T22:16:22.296+0400] {processor.py:157} INFO - Started process (PID=13346) to work on /home/eduardo/airflow_venv/lib/python3.10/site-packages/airflow/example_dags/example_xcom.py
[2024-08-08T22:16:22.300+0400] {processor.py:829} INFO - Processing file /home/eduardo/airflow_venv/lib/python3.10/site-packages/airflow/example_dags/example_xcom.py for tasks to queue
[2024-08-08T22:16:22.301+0400] {logging_mixin.py:151} INFO - [2024-08-08T22:16:22.300+0400] {dagbag.py:539} INFO - Filling up the DagBag from /home/eduardo/airflow_venv/lib/python3.10/site-packages/airflow/example_dags/example_xcom.py
[2024-08-08T22:16:22.309+0400] {processor.py:839} INFO - DAG(s) dict_keys(['example_xcom']) retrieved from /home/eduardo/airflow_venv/lib/python3.10/site-packages/airflow/example_dags/example_xcom.py
[2024-08-08T22:16:22.325+0400] {logging_mixin.py:151} INFO - [2024-08-08T22:16:22.325+0400] {dag.py:2915} INFO - Sync 1 DAGs
[2024-08-08T22:16:22.342+0400] {logging_mixin.py:151} INFO - [2024-08-08T22:16:22.342+0400] {dag.py:3696} INFO - Setting next_dagrun for example_xcom to 2021-01-01T00:00:00+00:00, run_after=2021-01-01T00:00:00+00:00
[2024-08-08T22:16:22.379+0400] {processor.py:179} INFO - Processing /home/eduardo/airflow_venv/lib/python3.10/site-packages/airflow/example_dags/example_xcom.py took 0.086 seconds
[2024-08-08T22:17:14.016+0400] {processor.py:157} INFO - Started process (PID=13953) to work on /home/eduardo/airflow_venv/lib/python3.10/site-packages/airflow/example_dags/example_xcom.py
[2024-08-08T22:17:14.018+0400] {processor.py:829} INFO - Processing file /home/eduardo/airflow_venv/lib/python3.10/site-packages/airflow/example_dags/example_xcom.py for tasks to queue
[2024-08-08T22:17:14.019+0400] {logging_mixin.py:151} INFO - [2024-08-08T22:17:14.019+0400] {dagbag.py:539} INFO - Filling up the DagBag from /home/eduardo/airflow_venv/lib/python3.10/site-packages/airflow/example_dags/example_xcom.py
[2024-08-08T22:17:14.025+0400] {processor.py:839} INFO - DAG(s) dict_keys(['example_xcom']) retrieved from /home/eduardo/airflow_venv/lib/python3.10/site-packages/airflow/example_dags/example_xcom.py
[2024-08-08T22:17:14.040+0400] {logging_mixin.py:151} INFO - [2024-08-08T22:17:14.040+0400] {dag.py:2915} INFO - Sync 1 DAGs
[2024-08-08T22:17:14.056+0400] {logging_mixin.py:151} INFO - [2024-08-08T22:17:14.056+0400] {dag.py:3696} INFO - Setting next_dagrun for example_xcom to 2021-01-01T00:00:00+00:00, run_after=2021-01-01T00:00:00+00:00
[2024-08-08T22:17:14.086+0400] {processor.py:179} INFO - Processing /home/eduardo/airflow_venv/lib/python3.10/site-packages/airflow/example_dags/example_xcom.py took 0.073 seconds
[2024-08-08T22:18:06.845+0400] {processor.py:157} INFO - Started process (PID=14361) to work on /home/eduardo/airflow_venv/lib/python3.10/site-packages/airflow/example_dags/example_xcom.py
[2024-08-08T22:18:06.848+0400] {processor.py:829} INFO - Processing file /home/eduardo/airflow_venv/lib/python3.10/site-packages/airflow/example_dags/example_xcom.py for tasks to queue
[2024-08-08T22:18:06.849+0400] {logging_mixin.py:151} INFO - [2024-08-08T22:18:06.849+0400] {dagbag.py:539} INFO - Filling up the DagBag from /home/eduardo/airflow_venv/lib/python3.10/site-packages/airflow/example_dags/example_xcom.py
[2024-08-08T22:18:06.857+0400] {processor.py:839} INFO - DAG(s) dict_keys(['example_xcom']) retrieved from /home/eduardo/airflow_venv/lib/python3.10/site-packages/airflow/example_dags/example_xcom.py
[2024-08-08T22:18:06.872+0400] {logging_mixin.py:151} INFO - [2024-08-08T22:18:06.872+0400] {dag.py:2915} INFO - Sync 1 DAGs
[2024-08-08T22:18:06.888+0400] {logging_mixin.py:151} INFO - [2024-08-08T22:18:06.888+0400] {dag.py:3696} INFO - Setting next_dagrun for example_xcom to 2021-01-01T00:00:00+00:00, run_after=2021-01-01T00:00:00+00:00
[2024-08-08T22:18:06.923+0400] {processor.py:179} INFO - Processing /home/eduardo/airflow_venv/lib/python3.10/site-packages/airflow/example_dags/example_xcom.py took 0.081 seconds
[2024-08-08T22:18:59.626+0400] {processor.py:157} INFO - Started process (PID=14774) to work on /home/eduardo/airflow_venv/lib/python3.10/site-packages/airflow/example_dags/example_xcom.py
[2024-08-08T22:18:59.629+0400] {processor.py:829} INFO - Processing file /home/eduardo/airflow_venv/lib/python3.10/site-packages/airflow/example_dags/example_xcom.py for tasks to queue
[2024-08-08T22:18:59.630+0400] {logging_mixin.py:151} INFO - [2024-08-08T22:18:59.629+0400] {dagbag.py:539} INFO - Filling up the DagBag from /home/eduardo/airflow_venv/lib/python3.10/site-packages/airflow/example_dags/example_xcom.py
[2024-08-08T22:18:59.636+0400] {processor.py:839} INFO - DAG(s) dict_keys(['example_xcom']) retrieved from /home/eduardo/airflow_venv/lib/python3.10/site-packages/airflow/example_dags/example_xcom.py
[2024-08-08T22:18:59.649+0400] {logging_mixin.py:151} INFO - [2024-08-08T22:18:59.649+0400] {dag.py:2915} INFO - Sync 1 DAGs
[2024-08-08T22:18:59.663+0400] {logging_mixin.py:151} INFO - [2024-08-08T22:18:59.663+0400] {dag.py:3696} INFO - Setting next_dagrun for example_xcom to 2021-01-01T00:00:00+00:00, run_after=2021-01-01T00:00:00+00:00
[2024-08-08T22:18:59.692+0400] {processor.py:179} INFO - Processing /home/eduardo/airflow_venv/lib/python3.10/site-packages/airflow/example_dags/example_xcom.py took 0.069 seconds
[2024-08-08T22:19:47.788+0400] {processor.py:157} INFO - Started process (PID=15178) to work on /home/eduardo/airflow_venv/lib/python3.10/site-packages/airflow/example_dags/example_xcom.py
[2024-08-08T22:19:47.791+0400] {processor.py:829} INFO - Processing file /home/eduardo/airflow_venv/lib/python3.10/site-packages/airflow/example_dags/example_xcom.py for tasks to queue
[2024-08-08T22:19:47.793+0400] {logging_mixin.py:151} INFO - [2024-08-08T22:19:47.792+0400] {dagbag.py:539} INFO - Filling up the DagBag from /home/eduardo/airflow_venv/lib/python3.10/site-packages/airflow/example_dags/example_xcom.py
[2024-08-08T22:19:47.802+0400] {processor.py:839} INFO - DAG(s) dict_keys(['example_xcom']) retrieved from /home/eduardo/airflow_venv/lib/python3.10/site-packages/airflow/example_dags/example_xcom.py
[2024-08-08T22:19:47.816+0400] {logging_mixin.py:151} INFO - [2024-08-08T22:19:47.816+0400] {dag.py:2915} INFO - Sync 1 DAGs
[2024-08-08T22:19:47.831+0400] {logging_mixin.py:151} INFO - [2024-08-08T22:19:47.830+0400] {dag.py:3696} INFO - Setting next_dagrun for example_xcom to 2021-01-01T00:00:00+00:00, run_after=2021-01-01T00:00:00+00:00
[2024-08-08T22:19:47.857+0400] {processor.py:179} INFO - Processing /home/eduardo/airflow_venv/lib/python3.10/site-packages/airflow/example_dags/example_xcom.py took 0.074 seconds
[2024-08-08T22:20:39.543+0400] {processor.py:157} INFO - Started process (PID=15575) to work on /home/eduardo/airflow_venv/lib/python3.10/site-packages/airflow/example_dags/example_xcom.py
[2024-08-08T22:20:39.545+0400] {processor.py:829} INFO - Processing file /home/eduardo/airflow_venv/lib/python3.10/site-packages/airflow/example_dags/example_xcom.py for tasks to queue
[2024-08-08T22:20:39.546+0400] {logging_mixin.py:151} INFO - [2024-08-08T22:20:39.546+0400] {dagbag.py:539} INFO - Filling up the DagBag from /home/eduardo/airflow_venv/lib/python3.10/site-packages/airflow/example_dags/example_xcom.py
[2024-08-08T22:20:39.554+0400] {processor.py:839} INFO - DAG(s) dict_keys(['example_xcom']) retrieved from /home/eduardo/airflow_venv/lib/python3.10/site-packages/airflow/example_dags/example_xcom.py
[2024-08-08T22:20:39.568+0400] {logging_mixin.py:151} INFO - [2024-08-08T22:20:39.568+0400] {dag.py:2915} INFO - Sync 1 DAGs
[2024-08-08T22:20:39.583+0400] {logging_mixin.py:151} INFO - [2024-08-08T22:20:39.583+0400] {dag.py:3696} INFO - Setting next_dagrun for example_xcom to 2021-01-01T00:00:00+00:00, run_after=2021-01-01T00:00:00+00:00
[2024-08-08T22:20:39.620+0400] {processor.py:179} INFO - Processing /home/eduardo/airflow_venv/lib/python3.10/site-packages/airflow/example_dags/example_xcom.py took 0.080 seconds
[2024-08-08T22:21:32.271+0400] {processor.py:157} INFO - Started process (PID=16109) to work on /home/eduardo/airflow_venv/lib/python3.10/site-packages/airflow/example_dags/example_xcom.py
[2024-08-08T22:21:32.273+0400] {processor.py:829} INFO - Processing file /home/eduardo/airflow_venv/lib/python3.10/site-packages/airflow/example_dags/example_xcom.py for tasks to queue
[2024-08-08T22:21:32.274+0400] {logging_mixin.py:151} INFO - [2024-08-08T22:21:32.273+0400] {dagbag.py:539} INFO - Filling up the DagBag from /home/eduardo/airflow_venv/lib/python3.10/site-packages/airflow/example_dags/example_xcom.py
[2024-08-08T22:21:32.282+0400] {processor.py:839} INFO - DAG(s) dict_keys(['example_xcom']) retrieved from /home/eduardo/airflow_venv/lib/python3.10/site-packages/airflow/example_dags/example_xcom.py
[2024-08-08T22:21:32.297+0400] {logging_mixin.py:151} INFO - [2024-08-08T22:21:32.297+0400] {dag.py:2915} INFO - Sync 1 DAGs
[2024-08-08T22:21:32.313+0400] {logging_mixin.py:151} INFO - [2024-08-08T22:21:32.313+0400] {dag.py:3696} INFO - Setting next_dagrun for example_xcom to 2021-01-01T00:00:00+00:00, run_after=2021-01-01T00:00:00+00:00
[2024-08-08T22:21:32.344+0400] {processor.py:179} INFO - Processing /home/eduardo/airflow_venv/lib/python3.10/site-packages/airflow/example_dags/example_xcom.py took 0.075 seconds
[2024-08-08T22:22:23.765+0400] {processor.py:157} INFO - Started process (PID=16505) to work on /home/eduardo/airflow_venv/lib/python3.10/site-packages/airflow/example_dags/example_xcom.py
[2024-08-08T22:22:23.768+0400] {processor.py:829} INFO - Processing file /home/eduardo/airflow_venv/lib/python3.10/site-packages/airflow/example_dags/example_xcom.py for tasks to queue
[2024-08-08T22:22:23.769+0400] {logging_mixin.py:151} INFO - [2024-08-08T22:22:23.769+0400] {dagbag.py:539} INFO - Filling up the DagBag from /home/eduardo/airflow_venv/lib/python3.10/site-packages/airflow/example_dags/example_xcom.py
[2024-08-08T22:22:23.776+0400] {processor.py:839} INFO - DAG(s) dict_keys(['example_xcom']) retrieved from /home/eduardo/airflow_venv/lib/python3.10/site-packages/airflow/example_dags/example_xcom.py
[2024-08-08T22:22:23.798+0400] {logging_mixin.py:151} INFO - [2024-08-08T22:22:23.798+0400] {dag.py:2915} INFO - Sync 1 DAGs
[2024-08-08T22:22:23.822+0400] {logging_mixin.py:151} INFO - [2024-08-08T22:22:23.822+0400] {dag.py:3696} INFO - Setting next_dagrun for example_xcom to 2021-01-01T00:00:00+00:00, run_after=2021-01-01T00:00:00+00:00
[2024-08-08T22:22:23.858+0400] {processor.py:179} INFO - Processing /home/eduardo/airflow_venv/lib/python3.10/site-packages/airflow/example_dags/example_xcom.py took 0.096 seconds
[2024-08-08T22:23:13.591+0400] {processor.py:157} INFO - Started process (PID=16896) to work on /home/eduardo/airflow_venv/lib/python3.10/site-packages/airflow/example_dags/example_xcom.py
[2024-08-08T22:23:13.594+0400] {processor.py:829} INFO - Processing file /home/eduardo/airflow_venv/lib/python3.10/site-packages/airflow/example_dags/example_xcom.py for tasks to queue
[2024-08-08T22:23:13.595+0400] {logging_mixin.py:151} INFO - [2024-08-08T22:23:13.595+0400] {dagbag.py:539} INFO - Filling up the DagBag from /home/eduardo/airflow_venv/lib/python3.10/site-packages/airflow/example_dags/example_xcom.py
[2024-08-08T22:23:13.604+0400] {processor.py:839} INFO - DAG(s) dict_keys(['example_xcom']) retrieved from /home/eduardo/airflow_venv/lib/python3.10/site-packages/airflow/example_dags/example_xcom.py
[2024-08-08T22:23:13.646+0400] {logging_mixin.py:151} INFO - [2024-08-08T22:23:13.646+0400] {dag.py:2915} INFO - Sync 1 DAGs
[2024-08-08T22:23:13.663+0400] {logging_mixin.py:151} INFO - [2024-08-08T22:23:13.663+0400] {dag.py:3696} INFO - Setting next_dagrun for example_xcom to 2021-01-01T00:00:00+00:00, run_after=2021-01-01T00:00:00+00:00
[2024-08-08T22:23:13.696+0400] {processor.py:179} INFO - Processing /home/eduardo/airflow_venv/lib/python3.10/site-packages/airflow/example_dags/example_xcom.py took 0.108 seconds
