[2024-08-08T20:19:00.216+0400] {processor.py:157} INFO - Started process (PID=6845) to work on /home/eduardo/airflow_venv/lib/python3.10/site-packages/airflow/example_dags/example_branch_python_dop_operator_3.py
[2024-08-08T20:19:00.217+0400] {processor.py:829} INFO - Processing file /home/eduardo/airflow_venv/lib/python3.10/site-packages/airflow/example_dags/example_branch_python_dop_operator_3.py for tasks to queue
[2024-08-08T20:19:00.217+0400] {logging_mixin.py:151} INFO - [2024-08-08T20:19:00.217+0400] {dagbag.py:539} INFO - Filling up the DagBag from /home/eduardo/airflow_venv/lib/python3.10/site-packages/airflow/example_dags/example_branch_python_dop_operator_3.py
[2024-08-08T20:19:00.223+0400] {processor.py:839} INFO - DAG(s) dict_keys(['example_branch_dop_operator_v3']) retrieved from /home/eduardo/airflow_venv/lib/python3.10/site-packages/airflow/example_dags/example_branch_python_dop_operator_3.py
[2024-08-08T20:19:00.311+0400] {logging_mixin.py:151} INFO - [2024-08-08T20:19:00.310+0400] {manager.py:499} INFO - Created Permission View: %s
[2024-08-08T20:19:00.332+0400] {logging_mixin.py:151} INFO - [2024-08-08T20:19:00.332+0400] {manager.py:499} INFO - Created Permission View: %s
[2024-08-08T20:19:00.350+0400] {logging_mixin.py:151} INFO - [2024-08-08T20:19:00.350+0400] {manager.py:499} INFO - Created Permission View: %s
[2024-08-08T20:19:00.350+0400] {logging_mixin.py:151} INFO - [2024-08-08T20:19:00.350+0400] {security.py:708} INFO - Not syncing DAG-level permissions for DAG 'DAG:example_branch_dop_operator_v3' as access control is unset.
[2024-08-08T20:19:00.351+0400] {logging_mixin.py:151} INFO - [2024-08-08T20:19:00.350+0400] {dag.py:2915} INFO - Sync 1 DAGs
[2024-08-08T20:19:00.357+0400] {logging_mixin.py:151} INFO - [2024-08-08T20:19:00.357+0400] {dag.py:2937} INFO - Creating ORM DAG for example_branch_dop_operator_v3
[2024-08-08T20:19:00.367+0400] {logging_mixin.py:151} INFO - [2024-08-08T20:19:00.367+0400] {dag.py:3696} INFO - Setting next_dagrun for example_branch_dop_operator_v3 to 2024-08-08T16:18:00+00:00, run_after=2024-08-08T16:19:00+00:00
[2024-08-08T20:19:00.406+0400] {processor.py:179} INFO - Processing /home/eduardo/airflow_venv/lib/python3.10/site-packages/airflow/example_dags/example_branch_python_dop_operator_3.py took 0.191 seconds
[2024-08-08T20:19:54.262+0400] {processor.py:157} INFO - Started process (PID=6901) to work on /home/eduardo/airflow_venv/lib/python3.10/site-packages/airflow/example_dags/example_branch_python_dop_operator_3.py
[2024-08-08T20:19:54.263+0400] {processor.py:829} INFO - Processing file /home/eduardo/airflow_venv/lib/python3.10/site-packages/airflow/example_dags/example_branch_python_dop_operator_3.py for tasks to queue
[2024-08-08T20:19:54.263+0400] {logging_mixin.py:151} INFO - [2024-08-08T20:19:54.263+0400] {dagbag.py:539} INFO - Filling up the DagBag from /home/eduardo/airflow_venv/lib/python3.10/site-packages/airflow/example_dags/example_branch_python_dop_operator_3.py
[2024-08-08T20:19:54.270+0400] {processor.py:839} INFO - DAG(s) dict_keys(['example_branch_dop_operator_v3']) retrieved from /home/eduardo/airflow_venv/lib/python3.10/site-packages/airflow/example_dags/example_branch_python_dop_operator_3.py
[2024-08-08T20:19:54.283+0400] {logging_mixin.py:151} INFO - [2024-08-08T20:19:54.283+0400] {dag.py:2915} INFO - Sync 1 DAGs
[2024-08-08T20:19:54.300+0400] {logging_mixin.py:151} INFO - [2024-08-08T20:19:54.300+0400] {dag.py:3696} INFO - Setting next_dagrun for example_branch_dop_operator_v3 to 2024-08-08T16:18:00+00:00, run_after=2024-08-08T16:19:00+00:00
[2024-08-08T20:19:54.329+0400] {processor.py:179} INFO - Processing /home/eduardo/airflow_venv/lib/python3.10/site-packages/airflow/example_dags/example_branch_python_dop_operator_3.py took 0.069 seconds
[2024-08-08T20:20:36.564+0400] {processor.py:157} INFO - Started process (PID=6947) to work on /home/eduardo/airflow_venv/lib/python3.10/site-packages/airflow/example_dags/example_branch_python_dop_operator_3.py
[2024-08-08T20:20:36.565+0400] {processor.py:829} INFO - Processing file /home/eduardo/airflow_venv/lib/python3.10/site-packages/airflow/example_dags/example_branch_python_dop_operator_3.py for tasks to queue
[2024-08-08T20:20:36.566+0400] {logging_mixin.py:151} INFO - [2024-08-08T20:20:36.565+0400] {dagbag.py:539} INFO - Filling up the DagBag from /home/eduardo/airflow_venv/lib/python3.10/site-packages/airflow/example_dags/example_branch_python_dop_operator_3.py
[2024-08-08T20:20:36.571+0400] {processor.py:839} INFO - DAG(s) dict_keys(['example_branch_dop_operator_v3']) retrieved from /home/eduardo/airflow_venv/lib/python3.10/site-packages/airflow/example_dags/example_branch_python_dop_operator_3.py
[2024-08-08T20:20:36.585+0400] {logging_mixin.py:151} INFO - [2024-08-08T20:20:36.585+0400] {dag.py:2915} INFO - Sync 1 DAGs
[2024-08-08T20:20:36.599+0400] {logging_mixin.py:151} INFO - [2024-08-08T20:20:36.599+0400] {dag.py:3696} INFO - Setting next_dagrun for example_branch_dop_operator_v3 to 2024-08-08T16:19:00+00:00, run_after=2024-08-08T16:20:00+00:00
[2024-08-08T20:20:36.631+0400] {processor.py:179} INFO - Processing /home/eduardo/airflow_venv/lib/python3.10/site-packages/airflow/example_dags/example_branch_python_dop_operator_3.py took 0.070 seconds
[2024-08-08T20:21:20.327+0400] {processor.py:157} INFO - Started process (PID=6993) to work on /home/eduardo/airflow_venv/lib/python3.10/site-packages/airflow/example_dags/example_branch_python_dop_operator_3.py
[2024-08-08T20:21:20.329+0400] {processor.py:829} INFO - Processing file /home/eduardo/airflow_venv/lib/python3.10/site-packages/airflow/example_dags/example_branch_python_dop_operator_3.py for tasks to queue
[2024-08-08T20:21:20.329+0400] {logging_mixin.py:151} INFO - [2024-08-08T20:21:20.329+0400] {dagbag.py:539} INFO - Filling up the DagBag from /home/eduardo/airflow_venv/lib/python3.10/site-packages/airflow/example_dags/example_branch_python_dop_operator_3.py
[2024-08-08T20:21:20.337+0400] {processor.py:839} INFO - DAG(s) dict_keys(['example_branch_dop_operator_v3']) retrieved from /home/eduardo/airflow_venv/lib/python3.10/site-packages/airflow/example_dags/example_branch_python_dop_operator_3.py
[2024-08-08T20:21:20.350+0400] {logging_mixin.py:151} INFO - [2024-08-08T20:21:20.349+0400] {dag.py:2915} INFO - Sync 1 DAGs
[2024-08-08T20:21:20.368+0400] {logging_mixin.py:151} INFO - [2024-08-08T20:21:20.368+0400] {dag.py:3696} INFO - Setting next_dagrun for example_branch_dop_operator_v3 to 2024-08-08T16:20:00+00:00, run_after=2024-08-08T16:21:00+00:00
[2024-08-08T20:21:20.400+0400] {processor.py:179} INFO - Processing /home/eduardo/airflow_venv/lib/python3.10/site-packages/airflow/example_dags/example_branch_python_dop_operator_3.py took 0.075 seconds
[2024-08-08T20:22:15.242+0400] {processor.py:157} INFO - Started process (PID=7050) to work on /home/eduardo/airflow_venv/lib/python3.10/site-packages/airflow/example_dags/example_branch_python_dop_operator_3.py
[2024-08-08T20:22:15.243+0400] {processor.py:829} INFO - Processing file /home/eduardo/airflow_venv/lib/python3.10/site-packages/airflow/example_dags/example_branch_python_dop_operator_3.py for tasks to queue
[2024-08-08T20:22:15.244+0400] {logging_mixin.py:151} INFO - [2024-08-08T20:22:15.243+0400] {dagbag.py:539} INFO - Filling up the DagBag from /home/eduardo/airflow_venv/lib/python3.10/site-packages/airflow/example_dags/example_branch_python_dop_operator_3.py
[2024-08-08T20:22:15.252+0400] {processor.py:839} INFO - DAG(s) dict_keys(['example_branch_dop_operator_v3']) retrieved from /home/eduardo/airflow_venv/lib/python3.10/site-packages/airflow/example_dags/example_branch_python_dop_operator_3.py
[2024-08-08T20:22:15.268+0400] {logging_mixin.py:151} INFO - [2024-08-08T20:22:15.268+0400] {dag.py:2915} INFO - Sync 1 DAGs
[2024-08-08T20:22:15.283+0400] {logging_mixin.py:151} INFO - [2024-08-08T20:22:15.283+0400] {dag.py:3696} INFO - Setting next_dagrun for example_branch_dop_operator_v3 to 2024-08-08T16:21:00+00:00, run_after=2024-08-08T16:22:00+00:00
[2024-08-08T20:22:15.320+0400] {processor.py:179} INFO - Processing /home/eduardo/airflow_venv/lib/python3.10/site-packages/airflow/example_dags/example_branch_python_dop_operator_3.py took 0.080 seconds
[2024-08-08T20:23:00.440+0400] {processor.py:157} INFO - Started process (PID=7115) to work on /home/eduardo/airflow_venv/lib/python3.10/site-packages/airflow/example_dags/example_branch_python_dop_operator_3.py
[2024-08-08T20:23:00.441+0400] {processor.py:829} INFO - Processing file /home/eduardo/airflow_venv/lib/python3.10/site-packages/airflow/example_dags/example_branch_python_dop_operator_3.py for tasks to queue
[2024-08-08T20:23:00.441+0400] {logging_mixin.py:151} INFO - [2024-08-08T20:23:00.441+0400] {dagbag.py:539} INFO - Filling up the DagBag from /home/eduardo/airflow_venv/lib/python3.10/site-packages/airflow/example_dags/example_branch_python_dop_operator_3.py
[2024-08-08T20:23:00.447+0400] {processor.py:839} INFO - DAG(s) dict_keys(['example_branch_dop_operator_v3']) retrieved from /home/eduardo/airflow_venv/lib/python3.10/site-packages/airflow/example_dags/example_branch_python_dop_operator_3.py
[2024-08-08T20:23:00.458+0400] {logging_mixin.py:151} INFO - [2024-08-08T20:23:00.458+0400] {dag.py:2915} INFO - Sync 1 DAGs
[2024-08-08T20:23:00.472+0400] {logging_mixin.py:151} INFO - [2024-08-08T20:23:00.471+0400] {dag.py:3696} INFO - Setting next_dagrun for example_branch_dop_operator_v3 to 2024-08-08T16:22:00+00:00, run_after=2024-08-08T16:23:00+00:00
[2024-08-08T20:23:00.502+0400] {processor.py:179} INFO - Processing /home/eduardo/airflow_venv/lib/python3.10/site-packages/airflow/example_dags/example_branch_python_dop_operator_3.py took 0.064 seconds
[2024-08-08T20:23:44.014+0400] {processor.py:157} INFO - Started process (PID=7164) to work on /home/eduardo/airflow_venv/lib/python3.10/site-packages/airflow/example_dags/example_branch_python_dop_operator_3.py
[2024-08-08T20:23:44.015+0400] {processor.py:829} INFO - Processing file /home/eduardo/airflow_venv/lib/python3.10/site-packages/airflow/example_dags/example_branch_python_dop_operator_3.py for tasks to queue
[2024-08-08T20:23:44.016+0400] {logging_mixin.py:151} INFO - [2024-08-08T20:23:44.015+0400] {dagbag.py:539} INFO - Filling up the DagBag from /home/eduardo/airflow_venv/lib/python3.10/site-packages/airflow/example_dags/example_branch_python_dop_operator_3.py
[2024-08-08T20:23:44.021+0400] {processor.py:839} INFO - DAG(s) dict_keys(['example_branch_dop_operator_v3']) retrieved from /home/eduardo/airflow_venv/lib/python3.10/site-packages/airflow/example_dags/example_branch_python_dop_operator_3.py
[2024-08-08T20:23:44.031+0400] {logging_mixin.py:151} INFO - [2024-08-08T20:23:44.031+0400] {dag.py:2915} INFO - Sync 1 DAGs
[2024-08-08T20:23:44.046+0400] {logging_mixin.py:151} INFO - [2024-08-08T20:23:44.045+0400] {dag.py:3696} INFO - Setting next_dagrun for example_branch_dop_operator_v3 to 2024-08-08T16:22:00+00:00, run_after=2024-08-08T16:23:00+00:00
[2024-08-08T20:23:44.076+0400] {processor.py:179} INFO - Processing /home/eduardo/airflow_venv/lib/python3.10/site-packages/airflow/example_dags/example_branch_python_dop_operator_3.py took 0.064 seconds
[2024-08-08T20:24:30.462+0400] {processor.py:157} INFO - Started process (PID=7212) to work on /home/eduardo/airflow_venv/lib/python3.10/site-packages/airflow/example_dags/example_branch_python_dop_operator_3.py
[2024-08-08T20:24:30.464+0400] {processor.py:829} INFO - Processing file /home/eduardo/airflow_venv/lib/python3.10/site-packages/airflow/example_dags/example_branch_python_dop_operator_3.py for tasks to queue
[2024-08-08T20:24:30.465+0400] {logging_mixin.py:151} INFO - [2024-08-08T20:24:30.464+0400] {dagbag.py:539} INFO - Filling up the DagBag from /home/eduardo/airflow_venv/lib/python3.10/site-packages/airflow/example_dags/example_branch_python_dop_operator_3.py
[2024-08-08T20:24:30.470+0400] {processor.py:839} INFO - DAG(s) dict_keys(['example_branch_dop_operator_v3']) retrieved from /home/eduardo/airflow_venv/lib/python3.10/site-packages/airflow/example_dags/example_branch_python_dop_operator_3.py
[2024-08-08T20:24:30.480+0400] {logging_mixin.py:151} INFO - [2024-08-08T20:24:30.480+0400] {dag.py:2915} INFO - Sync 1 DAGs
[2024-08-08T20:24:30.499+0400] {logging_mixin.py:151} INFO - [2024-08-08T20:24:30.499+0400] {dag.py:3696} INFO - Setting next_dagrun for example_branch_dop_operator_v3 to 2024-08-08T16:23:00+00:00, run_after=2024-08-08T16:24:00+00:00
[2024-08-08T20:24:30.541+0400] {processor.py:179} INFO - Processing /home/eduardo/airflow_venv/lib/python3.10/site-packages/airflow/example_dags/example_branch_python_dop_operator_3.py took 0.081 seconds
[2024-08-08T20:25:18.763+0400] {processor.py:157} INFO - Started process (PID=7270) to work on /home/eduardo/airflow_venv/lib/python3.10/site-packages/airflow/example_dags/example_branch_python_dop_operator_3.py
[2024-08-08T20:25:18.765+0400] {processor.py:829} INFO - Processing file /home/eduardo/airflow_venv/lib/python3.10/site-packages/airflow/example_dags/example_branch_python_dop_operator_3.py for tasks to queue
[2024-08-08T20:25:18.765+0400] {logging_mixin.py:151} INFO - [2024-08-08T20:25:18.765+0400] {dagbag.py:539} INFO - Filling up the DagBag from /home/eduardo/airflow_venv/lib/python3.10/site-packages/airflow/example_dags/example_branch_python_dop_operator_3.py
[2024-08-08T20:25:18.772+0400] {processor.py:839} INFO - DAG(s) dict_keys(['example_branch_dop_operator_v3']) retrieved from /home/eduardo/airflow_venv/lib/python3.10/site-packages/airflow/example_dags/example_branch_python_dop_operator_3.py
[2024-08-08T20:25:18.784+0400] {logging_mixin.py:151} INFO - [2024-08-08T20:25:18.783+0400] {dag.py:2915} INFO - Sync 1 DAGs
[2024-08-08T20:25:18.798+0400] {logging_mixin.py:151} INFO - [2024-08-08T20:25:18.798+0400] {dag.py:3696} INFO - Setting next_dagrun for example_branch_dop_operator_v3 to 2024-08-08T16:24:00+00:00, run_after=2024-08-08T16:25:00+00:00
[2024-08-08T20:25:18.829+0400] {processor.py:179} INFO - Processing /home/eduardo/airflow_venv/lib/python3.10/site-packages/airflow/example_dags/example_branch_python_dop_operator_3.py took 0.068 seconds
[2024-08-08T20:26:03.806+0400] {processor.py:157} INFO - Started process (PID=7316) to work on /home/eduardo/airflow_venv/lib/python3.10/site-packages/airflow/example_dags/example_branch_python_dop_operator_3.py
[2024-08-08T20:26:03.809+0400] {processor.py:829} INFO - Processing file /home/eduardo/airflow_venv/lib/python3.10/site-packages/airflow/example_dags/example_branch_python_dop_operator_3.py for tasks to queue
[2024-08-08T20:26:03.810+0400] {logging_mixin.py:151} INFO - [2024-08-08T20:26:03.809+0400] {dagbag.py:539} INFO - Filling up the DagBag from /home/eduardo/airflow_venv/lib/python3.10/site-packages/airflow/example_dags/example_branch_python_dop_operator_3.py
[2024-08-08T20:26:03.815+0400] {processor.py:839} INFO - DAG(s) dict_keys(['example_branch_dop_operator_v3']) retrieved from /home/eduardo/airflow_venv/lib/python3.10/site-packages/airflow/example_dags/example_branch_python_dop_operator_3.py
[2024-08-08T20:26:03.826+0400] {logging_mixin.py:151} INFO - [2024-08-08T20:26:03.825+0400] {dag.py:2915} INFO - Sync 1 DAGs
[2024-08-08T20:26:03.839+0400] {logging_mixin.py:151} INFO - [2024-08-08T20:26:03.839+0400] {dag.py:3696} INFO - Setting next_dagrun for example_branch_dop_operator_v3 to 2024-08-08T16:25:00+00:00, run_after=2024-08-08T16:26:00+00:00
[2024-08-08T20:26:03.863+0400] {processor.py:179} INFO - Processing /home/eduardo/airflow_venv/lib/python3.10/site-packages/airflow/example_dags/example_branch_python_dop_operator_3.py took 0.059 seconds
[2024-08-08T22:10:11.473+0400] {processor.py:157} INFO - Started process (PID=9875) to work on /home/eduardo/airflow_venv/lib/python3.10/site-packages/airflow/example_dags/example_branch_python_dop_operator_3.py
[2024-08-08T22:10:11.477+0400] {processor.py:829} INFO - Processing file /home/eduardo/airflow_venv/lib/python3.10/site-packages/airflow/example_dags/example_branch_python_dop_operator_3.py for tasks to queue
[2024-08-08T22:10:11.478+0400] {logging_mixin.py:151} INFO - [2024-08-08T22:10:11.478+0400] {dagbag.py:539} INFO - Filling up the DagBag from /home/eduardo/airflow_venv/lib/python3.10/site-packages/airflow/example_dags/example_branch_python_dop_operator_3.py
[2024-08-08T22:10:11.492+0400] {processor.py:839} INFO - DAG(s) dict_keys(['example_branch_dop_operator_v3']) retrieved from /home/eduardo/airflow_venv/lib/python3.10/site-packages/airflow/example_dags/example_branch_python_dop_operator_3.py
[2024-08-08T22:10:11.511+0400] {logging_mixin.py:151} INFO - [2024-08-08T22:10:11.511+0400] {dag.py:2915} INFO - Sync 1 DAGs
[2024-08-08T22:10:11.532+0400] {logging_mixin.py:151} INFO - [2024-08-08T22:10:11.532+0400] {dag.py:3696} INFO - Setting next_dagrun for example_branch_dop_operator_v3 to 2024-08-08T18:09:00+00:00, run_after=2024-08-08T18:10:00+00:00
[2024-08-08T22:10:11.568+0400] {processor.py:179} INFO - Processing /home/eduardo/airflow_venv/lib/python3.10/site-packages/airflow/example_dags/example_branch_python_dop_operator_3.py took 0.100 seconds
[2024-08-08T22:11:02.452+0400] {processor.py:157} INFO - Started process (PID=10367) to work on /home/eduardo/airflow_venv/lib/python3.10/site-packages/airflow/example_dags/example_branch_python_dop_operator_3.py
[2024-08-08T22:11:02.454+0400] {processor.py:829} INFO - Processing file /home/eduardo/airflow_venv/lib/python3.10/site-packages/airflow/example_dags/example_branch_python_dop_operator_3.py for tasks to queue
[2024-08-08T22:11:02.455+0400] {logging_mixin.py:151} INFO - [2024-08-08T22:11:02.455+0400] {dagbag.py:539} INFO - Filling up the DagBag from /home/eduardo/airflow_venv/lib/python3.10/site-packages/airflow/example_dags/example_branch_python_dop_operator_3.py
[2024-08-08T22:11:02.479+0400] {processor.py:839} INFO - DAG(s) dict_keys(['example_branch_dop_operator_v3']) retrieved from /home/eduardo/airflow_venv/lib/python3.10/site-packages/airflow/example_dags/example_branch_python_dop_operator_3.py
[2024-08-08T22:11:02.512+0400] {logging_mixin.py:151} INFO - [2024-08-08T22:11:02.512+0400] {dag.py:2915} INFO - Sync 1 DAGs
[2024-08-08T22:11:02.552+0400] {logging_mixin.py:151} INFO - [2024-08-08T22:11:02.552+0400] {dag.py:3696} INFO - Setting next_dagrun for example_branch_dop_operator_v3 to 2024-08-08T18:10:00+00:00, run_after=2024-08-08T18:11:00+00:00
[2024-08-08T22:11:02.615+0400] {processor.py:179} INFO - Processing /home/eduardo/airflow_venv/lib/python3.10/site-packages/airflow/example_dags/example_branch_python_dop_operator_3.py took 0.171 seconds
[2024-08-08T22:11:57.858+0400] {processor.py:157} INFO - Started process (PID=10917) to work on /home/eduardo/airflow_venv/lib/python3.10/site-packages/airflow/example_dags/example_branch_python_dop_operator_3.py
[2024-08-08T22:11:57.860+0400] {processor.py:829} INFO - Processing file /home/eduardo/airflow_venv/lib/python3.10/site-packages/airflow/example_dags/example_branch_python_dop_operator_3.py for tasks to queue
[2024-08-08T22:11:57.861+0400] {logging_mixin.py:151} INFO - [2024-08-08T22:11:57.861+0400] {dagbag.py:539} INFO - Filling up the DagBag from /home/eduardo/airflow_venv/lib/python3.10/site-packages/airflow/example_dags/example_branch_python_dop_operator_3.py
[2024-08-08T22:11:57.869+0400] {processor.py:839} INFO - DAG(s) dict_keys(['example_branch_dop_operator_v3']) retrieved from /home/eduardo/airflow_venv/lib/python3.10/site-packages/airflow/example_dags/example_branch_python_dop_operator_3.py
[2024-08-08T22:11:57.891+0400] {logging_mixin.py:151} INFO - [2024-08-08T22:11:57.890+0400] {dag.py:2915} INFO - Sync 1 DAGs
[2024-08-08T22:11:57.934+0400] {logging_mixin.py:151} INFO - [2024-08-08T22:11:57.933+0400] {dag.py:3696} INFO - Setting next_dagrun for example_branch_dop_operator_v3 to 2024-08-08T18:10:00+00:00, run_after=2024-08-08T18:11:00+00:00
[2024-08-08T22:11:57.976+0400] {processor.py:179} INFO - Processing /home/eduardo/airflow_venv/lib/python3.10/site-packages/airflow/example_dags/example_branch_python_dop_operator_3.py took 0.122 seconds
[2024-08-08T22:12:46.556+0400] {processor.py:157} INFO - Started process (PID=11300) to work on /home/eduardo/airflow_venv/lib/python3.10/site-packages/airflow/example_dags/example_branch_python_dop_operator_3.py
[2024-08-08T22:12:46.558+0400] {processor.py:829} INFO - Processing file /home/eduardo/airflow_venv/lib/python3.10/site-packages/airflow/example_dags/example_branch_python_dop_operator_3.py for tasks to queue
[2024-08-08T22:12:46.559+0400] {logging_mixin.py:151} INFO - [2024-08-08T22:12:46.559+0400] {dagbag.py:539} INFO - Filling up the DagBag from /home/eduardo/airflow_venv/lib/python3.10/site-packages/airflow/example_dags/example_branch_python_dop_operator_3.py
[2024-08-08T22:12:46.567+0400] {processor.py:839} INFO - DAG(s) dict_keys(['example_branch_dop_operator_v3']) retrieved from /home/eduardo/airflow_venv/lib/python3.10/site-packages/airflow/example_dags/example_branch_python_dop_operator_3.py
[2024-08-08T22:12:46.580+0400] {logging_mixin.py:151} INFO - [2024-08-08T22:12:46.580+0400] {dag.py:2915} INFO - Sync 1 DAGs
[2024-08-08T22:12:46.599+0400] {logging_mixin.py:151} INFO - [2024-08-08T22:12:46.598+0400] {dag.py:3696} INFO - Setting next_dagrun for example_branch_dop_operator_v3 to 2024-08-08T18:11:00+00:00, run_after=2024-08-08T18:12:00+00:00
[2024-08-08T22:12:46.627+0400] {processor.py:179} INFO - Processing /home/eduardo/airflow_venv/lib/python3.10/site-packages/airflow/example_dags/example_branch_python_dop_operator_3.py took 0.073 seconds
[2024-08-08T22:13:33.680+0400] {processor.py:157} INFO - Started process (PID=11710) to work on /home/eduardo/airflow_venv/lib/python3.10/site-packages/airflow/example_dags/example_branch_python_dop_operator_3.py
[2024-08-08T22:13:33.682+0400] {processor.py:829} INFO - Processing file /home/eduardo/airflow_venv/lib/python3.10/site-packages/airflow/example_dags/example_branch_python_dop_operator_3.py for tasks to queue
[2024-08-08T22:13:33.683+0400] {logging_mixin.py:151} INFO - [2024-08-08T22:13:33.683+0400] {dagbag.py:539} INFO - Filling up the DagBag from /home/eduardo/airflow_venv/lib/python3.10/site-packages/airflow/example_dags/example_branch_python_dop_operator_3.py
[2024-08-08T22:13:33.700+0400] {processor.py:839} INFO - DAG(s) dict_keys(['example_branch_dop_operator_v3']) retrieved from /home/eduardo/airflow_venv/lib/python3.10/site-packages/airflow/example_dags/example_branch_python_dop_operator_3.py
[2024-08-08T22:13:33.724+0400] {logging_mixin.py:151} INFO - [2024-08-08T22:13:33.724+0400] {dag.py:2915} INFO - Sync 1 DAGs
[2024-08-08T22:13:33.747+0400] {logging_mixin.py:151} INFO - [2024-08-08T22:13:33.747+0400] {dag.py:3696} INFO - Setting next_dagrun for example_branch_dop_operator_v3 to 2024-08-08T18:12:00+00:00, run_after=2024-08-08T18:13:00+00:00
[2024-08-08T22:13:33.783+0400] {processor.py:179} INFO - Processing /home/eduardo/airflow_venv/lib/python3.10/site-packages/airflow/example_dags/example_branch_python_dop_operator_3.py took 0.106 seconds
[2024-08-08T22:14:20.670+0400] {processor.py:157} INFO - Started process (PID=12284) to work on /home/eduardo/airflow_venv/lib/python3.10/site-packages/airflow/example_dags/example_branch_python_dop_operator_3.py
[2024-08-08T22:14:20.677+0400] {processor.py:829} INFO - Processing file /home/eduardo/airflow_venv/lib/python3.10/site-packages/airflow/example_dags/example_branch_python_dop_operator_3.py for tasks to queue
[2024-08-08T22:14:20.678+0400] {logging_mixin.py:151} INFO - [2024-08-08T22:14:20.678+0400] {dagbag.py:539} INFO - Filling up the DagBag from /home/eduardo/airflow_venv/lib/python3.10/site-packages/airflow/example_dags/example_branch_python_dop_operator_3.py
[2024-08-08T22:14:20.703+0400] {processor.py:839} INFO - DAG(s) dict_keys(['example_branch_dop_operator_v3']) retrieved from /home/eduardo/airflow_venv/lib/python3.10/site-packages/airflow/example_dags/example_branch_python_dop_operator_3.py
[2024-08-08T22:14:20.728+0400] {logging_mixin.py:151} INFO - [2024-08-08T22:14:20.727+0400] {dag.py:2915} INFO - Sync 1 DAGs
[2024-08-08T22:14:20.788+0400] {logging_mixin.py:151} INFO - [2024-08-08T22:14:20.787+0400] {dag.py:3696} INFO - Setting next_dagrun for example_branch_dop_operator_v3 to 2024-08-08T18:13:00+00:00, run_after=2024-08-08T18:14:00+00:00
[2024-08-08T22:14:20.839+0400] {processor.py:179} INFO - Processing /home/eduardo/airflow_venv/lib/python3.10/site-packages/airflow/example_dags/example_branch_python_dop_operator_3.py took 0.178 seconds
[2024-08-08T22:15:12.609+0400] {processor.py:157} INFO - Started process (PID=12719) to work on /home/eduardo/airflow_venv/lib/python3.10/site-packages/airflow/example_dags/example_branch_python_dop_operator_3.py
[2024-08-08T22:15:12.611+0400] {processor.py:829} INFO - Processing file /home/eduardo/airflow_venv/lib/python3.10/site-packages/airflow/example_dags/example_branch_python_dop_operator_3.py for tasks to queue
[2024-08-08T22:15:12.612+0400] {logging_mixin.py:151} INFO - [2024-08-08T22:15:12.611+0400] {dagbag.py:539} INFO - Filling up the DagBag from /home/eduardo/airflow_venv/lib/python3.10/site-packages/airflow/example_dags/example_branch_python_dop_operator_3.py
[2024-08-08T22:15:12.623+0400] {processor.py:839} INFO - DAG(s) dict_keys(['example_branch_dop_operator_v3']) retrieved from /home/eduardo/airflow_venv/lib/python3.10/site-packages/airflow/example_dags/example_branch_python_dop_operator_3.py
[2024-08-08T22:15:12.638+0400] {logging_mixin.py:151} INFO - [2024-08-08T22:15:12.638+0400] {dag.py:2915} INFO - Sync 1 DAGs
[2024-08-08T22:15:12.661+0400] {logging_mixin.py:151} INFO - [2024-08-08T22:15:12.661+0400] {dag.py:3696} INFO - Setting next_dagrun for example_branch_dop_operator_v3 to 2024-08-08T18:14:00+00:00, run_after=2024-08-08T18:15:00+00:00
[2024-08-08T22:15:12.694+0400] {processor.py:179} INFO - Processing /home/eduardo/airflow_venv/lib/python3.10/site-packages/airflow/example_dags/example_branch_python_dop_operator_3.py took 0.089 seconds
[2024-08-08T22:16:04.283+0400] {processor.py:157} INFO - Started process (PID=13204) to work on /home/eduardo/airflow_venv/lib/python3.10/site-packages/airflow/example_dags/example_branch_python_dop_operator_3.py
[2024-08-08T22:16:04.286+0400] {processor.py:829} INFO - Processing file /home/eduardo/airflow_venv/lib/python3.10/site-packages/airflow/example_dags/example_branch_python_dop_operator_3.py for tasks to queue
[2024-08-08T22:16:04.287+0400] {logging_mixin.py:151} INFO - [2024-08-08T22:16:04.287+0400] {dagbag.py:539} INFO - Filling up the DagBag from /home/eduardo/airflow_venv/lib/python3.10/site-packages/airflow/example_dags/example_branch_python_dop_operator_3.py
[2024-08-08T22:16:04.303+0400] {processor.py:839} INFO - DAG(s) dict_keys(['example_branch_dop_operator_v3']) retrieved from /home/eduardo/airflow_venv/lib/python3.10/site-packages/airflow/example_dags/example_branch_python_dop_operator_3.py
[2024-08-08T22:16:04.332+0400] {logging_mixin.py:151} INFO - [2024-08-08T22:16:04.332+0400] {dag.py:2915} INFO - Sync 1 DAGs
[2024-08-08T22:16:04.374+0400] {logging_mixin.py:151} INFO - [2024-08-08T22:16:04.374+0400] {dag.py:3696} INFO - Setting next_dagrun for example_branch_dop_operator_v3 to 2024-08-08T18:15:00+00:00, run_after=2024-08-08T18:16:00+00:00
[2024-08-08T22:16:04.413+0400] {processor.py:179} INFO - Processing /home/eduardo/airflow_venv/lib/python3.10/site-packages/airflow/example_dags/example_branch_python_dop_operator_3.py took 0.135 seconds
[2024-08-08T22:16:53.441+0400] {processor.py:157} INFO - Started process (PID=13698) to work on /home/eduardo/airflow_venv/lib/python3.10/site-packages/airflow/example_dags/example_branch_python_dop_operator_3.py
[2024-08-08T22:16:53.444+0400] {processor.py:829} INFO - Processing file /home/eduardo/airflow_venv/lib/python3.10/site-packages/airflow/example_dags/example_branch_python_dop_operator_3.py for tasks to queue
[2024-08-08T22:16:53.446+0400] {logging_mixin.py:151} INFO - [2024-08-08T22:16:53.445+0400] {dagbag.py:539} INFO - Filling up the DagBag from /home/eduardo/airflow_venv/lib/python3.10/site-packages/airflow/example_dags/example_branch_python_dop_operator_3.py
[2024-08-08T22:16:53.457+0400] {processor.py:839} INFO - DAG(s) dict_keys(['example_branch_dop_operator_v3']) retrieved from /home/eduardo/airflow_venv/lib/python3.10/site-packages/airflow/example_dags/example_branch_python_dop_operator_3.py
[2024-08-08T22:16:53.480+0400] {logging_mixin.py:151} INFO - [2024-08-08T22:16:53.480+0400] {dag.py:2915} INFO - Sync 1 DAGs
[2024-08-08T22:16:53.518+0400] {logging_mixin.py:151} INFO - [2024-08-08T22:16:53.517+0400] {dag.py:3696} INFO - Setting next_dagrun for example_branch_dop_operator_v3 to 2024-08-08T18:15:00+00:00, run_after=2024-08-08T18:16:00+00:00
[2024-08-08T22:16:53.555+0400] {processor.py:179} INFO - Processing /home/eduardo/airflow_venv/lib/python3.10/site-packages/airflow/example_dags/example_branch_python_dop_operator_3.py took 0.120 seconds
[2024-08-08T22:17:48.286+0400] {processor.py:157} INFO - Started process (PID=14216) to work on /home/eduardo/airflow_venv/lib/python3.10/site-packages/airflow/example_dags/example_branch_python_dop_operator_3.py
[2024-08-08T22:17:48.290+0400] {processor.py:829} INFO - Processing file /home/eduardo/airflow_venv/lib/python3.10/site-packages/airflow/example_dags/example_branch_python_dop_operator_3.py for tasks to queue
[2024-08-08T22:17:48.291+0400] {logging_mixin.py:151} INFO - [2024-08-08T22:17:48.290+0400] {dagbag.py:539} INFO - Filling up the DagBag from /home/eduardo/airflow_venv/lib/python3.10/site-packages/airflow/example_dags/example_branch_python_dop_operator_3.py
[2024-08-08T22:17:48.305+0400] {processor.py:839} INFO - DAG(s) dict_keys(['example_branch_dop_operator_v3']) retrieved from /home/eduardo/airflow_venv/lib/python3.10/site-packages/airflow/example_dags/example_branch_python_dop_operator_3.py
[2024-08-08T22:17:48.328+0400] {logging_mixin.py:151} INFO - [2024-08-08T22:17:48.327+0400] {dag.py:2915} INFO - Sync 1 DAGs
[2024-08-08T22:17:48.357+0400] {logging_mixin.py:151} INFO - [2024-08-08T22:17:48.357+0400] {dag.py:3696} INFO - Setting next_dagrun for example_branch_dop_operator_v3 to 2024-08-08T18:16:00+00:00, run_after=2024-08-08T18:17:00+00:00
[2024-08-08T22:17:48.395+0400] {processor.py:179} INFO - Processing /home/eduardo/airflow_venv/lib/python3.10/site-packages/airflow/example_dags/example_branch_python_dop_operator_3.py took 0.114 seconds
[2024-08-08T22:18:40.335+0400] {processor.py:157} INFO - Started process (PID=14621) to work on /home/eduardo/airflow_venv/lib/python3.10/site-packages/airflow/example_dags/example_branch_python_dop_operator_3.py
[2024-08-08T22:18:40.338+0400] {processor.py:829} INFO - Processing file /home/eduardo/airflow_venv/lib/python3.10/site-packages/airflow/example_dags/example_branch_python_dop_operator_3.py for tasks to queue
[2024-08-08T22:18:40.338+0400] {logging_mixin.py:151} INFO - [2024-08-08T22:18:40.338+0400] {dagbag.py:539} INFO - Filling up the DagBag from /home/eduardo/airflow_venv/lib/python3.10/site-packages/airflow/example_dags/example_branch_python_dop_operator_3.py
[2024-08-08T22:18:40.349+0400] {processor.py:839} INFO - DAG(s) dict_keys(['example_branch_dop_operator_v3']) retrieved from /home/eduardo/airflow_venv/lib/python3.10/site-packages/airflow/example_dags/example_branch_python_dop_operator_3.py
[2024-08-08T22:18:40.367+0400] {logging_mixin.py:151} INFO - [2024-08-08T22:18:40.367+0400] {dag.py:2915} INFO - Sync 1 DAGs
[2024-08-08T22:18:40.391+0400] {logging_mixin.py:151} INFO - [2024-08-08T22:18:40.391+0400] {dag.py:3696} INFO - Setting next_dagrun for example_branch_dop_operator_v3 to 2024-08-08T18:17:00+00:00, run_after=2024-08-08T18:18:00+00:00
[2024-08-08T22:18:40.432+0400] {processor.py:179} INFO - Processing /home/eduardo/airflow_venv/lib/python3.10/site-packages/airflow/example_dags/example_branch_python_dop_operator_3.py took 0.103 seconds
[2024-08-08T22:19:33.379+0400] {processor.py:157} INFO - Started process (PID=15066) to work on /home/eduardo/airflow_venv/lib/python3.10/site-packages/airflow/example_dags/example_branch_python_dop_operator_3.py
[2024-08-08T22:19:33.381+0400] {processor.py:829} INFO - Processing file /home/eduardo/airflow_venv/lib/python3.10/site-packages/airflow/example_dags/example_branch_python_dop_operator_3.py for tasks to queue
[2024-08-08T22:19:33.382+0400] {logging_mixin.py:151} INFO - [2024-08-08T22:19:33.382+0400] {dagbag.py:539} INFO - Filling up the DagBag from /home/eduardo/airflow_venv/lib/python3.10/site-packages/airflow/example_dags/example_branch_python_dop_operator_3.py
[2024-08-08T22:19:33.393+0400] {processor.py:839} INFO - DAG(s) dict_keys(['example_branch_dop_operator_v3']) retrieved from /home/eduardo/airflow_venv/lib/python3.10/site-packages/airflow/example_dags/example_branch_python_dop_operator_3.py
[2024-08-08T22:19:33.409+0400] {logging_mixin.py:151} INFO - [2024-08-08T22:19:33.409+0400] {dag.py:2915} INFO - Sync 1 DAGs
[2024-08-08T22:19:33.434+0400] {logging_mixin.py:151} INFO - [2024-08-08T22:19:33.434+0400] {dag.py:3696} INFO - Setting next_dagrun for example_branch_dop_operator_v3 to 2024-08-08T18:18:00+00:00, run_after=2024-08-08T18:19:00+00:00
[2024-08-08T22:19:33.471+0400] {processor.py:179} INFO - Processing /home/eduardo/airflow_venv/lib/python3.10/site-packages/airflow/example_dags/example_branch_python_dop_operator_3.py took 0.095 seconds
[2024-08-08T22:20:24.079+0400] {processor.py:157} INFO - Started process (PID=15458) to work on /home/eduardo/airflow_venv/lib/python3.10/site-packages/airflow/example_dags/example_branch_python_dop_operator_3.py
[2024-08-08T22:20:24.082+0400] {processor.py:829} INFO - Processing file /home/eduardo/airflow_venv/lib/python3.10/site-packages/airflow/example_dags/example_branch_python_dop_operator_3.py for tasks to queue
[2024-08-08T22:20:24.084+0400] {logging_mixin.py:151} INFO - [2024-08-08T22:20:24.083+0400] {dagbag.py:539} INFO - Filling up the DagBag from /home/eduardo/airflow_venv/lib/python3.10/site-packages/airflow/example_dags/example_branch_python_dop_operator_3.py
[2024-08-08T22:20:24.099+0400] {processor.py:839} INFO - DAG(s) dict_keys(['example_branch_dop_operator_v3']) retrieved from /home/eduardo/airflow_venv/lib/python3.10/site-packages/airflow/example_dags/example_branch_python_dop_operator_3.py
[2024-08-08T22:20:24.131+0400] {logging_mixin.py:151} INFO - [2024-08-08T22:20:24.130+0400] {dag.py:2915} INFO - Sync 1 DAGs
[2024-08-08T22:20:24.170+0400] {logging_mixin.py:151} INFO - [2024-08-08T22:20:24.170+0400] {dag.py:3696} INFO - Setting next_dagrun for example_branch_dop_operator_v3 to 2024-08-08T18:19:00+00:00, run_after=2024-08-08T18:20:00+00:00
[2024-08-08T22:20:24.214+0400] {processor.py:179} INFO - Processing /home/eduardo/airflow_venv/lib/python3.10/site-packages/airflow/example_dags/example_branch_python_dop_operator_3.py took 0.140 seconds
[2024-08-08T22:21:13.140+0400] {processor.py:157} INFO - Started process (PID=15918) to work on /home/eduardo/airflow_venv/lib/python3.10/site-packages/airflow/example_dags/example_branch_python_dop_operator_3.py
[2024-08-08T22:21:13.145+0400] {processor.py:829} INFO - Processing file /home/eduardo/airflow_venv/lib/python3.10/site-packages/airflow/example_dags/example_branch_python_dop_operator_3.py for tasks to queue
[2024-08-08T22:21:13.146+0400] {logging_mixin.py:151} INFO - [2024-08-08T22:21:13.145+0400] {dagbag.py:539} INFO - Filling up the DagBag from /home/eduardo/airflow_venv/lib/python3.10/site-packages/airflow/example_dags/example_branch_python_dop_operator_3.py
[2024-08-08T22:21:13.159+0400] {processor.py:839} INFO - DAG(s) dict_keys(['example_branch_dop_operator_v3']) retrieved from /home/eduardo/airflow_venv/lib/python3.10/site-packages/airflow/example_dags/example_branch_python_dop_operator_3.py
[2024-08-08T22:21:13.180+0400] {logging_mixin.py:151} INFO - [2024-08-08T22:21:13.180+0400] {dag.py:2915} INFO - Sync 1 DAGs
[2024-08-08T22:21:13.199+0400] {logging_mixin.py:151} INFO - [2024-08-08T22:21:13.199+0400] {dag.py:3696} INFO - Setting next_dagrun for example_branch_dop_operator_v3 to 2024-08-08T18:20:00+00:00, run_after=2024-08-08T18:21:00+00:00
[2024-08-08T22:21:13.233+0400] {processor.py:179} INFO - Processing /home/eduardo/airflow_venv/lib/python3.10/site-packages/airflow/example_dags/example_branch_python_dop_operator_3.py took 0.098 seconds
[2024-08-08T22:22:07.253+0400] {processor.py:157} INFO - Started process (PID=16379) to work on /home/eduardo/airflow_venv/lib/python3.10/site-packages/airflow/example_dags/example_branch_python_dop_operator_3.py
[2024-08-08T22:22:07.257+0400] {processor.py:829} INFO - Processing file /home/eduardo/airflow_venv/lib/python3.10/site-packages/airflow/example_dags/example_branch_python_dop_operator_3.py for tasks to queue
[2024-08-08T22:22:07.259+0400] {logging_mixin.py:151} INFO - [2024-08-08T22:22:07.258+0400] {dagbag.py:539} INFO - Filling up the DagBag from /home/eduardo/airflow_venv/lib/python3.10/site-packages/airflow/example_dags/example_branch_python_dop_operator_3.py
[2024-08-08T22:22:07.276+0400] {processor.py:839} INFO - DAG(s) dict_keys(['example_branch_dop_operator_v3']) retrieved from /home/eduardo/airflow_venv/lib/python3.10/site-packages/airflow/example_dags/example_branch_python_dop_operator_3.py
[2024-08-08T22:22:07.299+0400] {logging_mixin.py:151} INFO - [2024-08-08T22:22:07.299+0400] {dag.py:2915} INFO - Sync 1 DAGs
[2024-08-08T22:22:07.338+0400] {logging_mixin.py:151} INFO - [2024-08-08T22:22:07.337+0400] {dag.py:3696} INFO - Setting next_dagrun for example_branch_dop_operator_v3 to 2024-08-08T18:21:00+00:00, run_after=2024-08-08T18:22:00+00:00
[2024-08-08T22:22:07.377+0400] {processor.py:179} INFO - Processing /home/eduardo/airflow_venv/lib/python3.10/site-packages/airflow/example_dags/example_branch_python_dop_operator_3.py took 0.129 seconds
[2024-08-08T22:22:57.605+0400] {processor.py:157} INFO - Started process (PID=16774) to work on /home/eduardo/airflow_venv/lib/python3.10/site-packages/airflow/example_dags/example_branch_python_dop_operator_3.py
[2024-08-08T22:22:57.607+0400] {processor.py:829} INFO - Processing file /home/eduardo/airflow_venv/lib/python3.10/site-packages/airflow/example_dags/example_branch_python_dop_operator_3.py for tasks to queue
[2024-08-08T22:22:57.608+0400] {logging_mixin.py:151} INFO - [2024-08-08T22:22:57.608+0400] {dagbag.py:539} INFO - Filling up the DagBag from /home/eduardo/airflow_venv/lib/python3.10/site-packages/airflow/example_dags/example_branch_python_dop_operator_3.py
[2024-08-08T22:22:57.615+0400] {processor.py:839} INFO - DAG(s) dict_keys(['example_branch_dop_operator_v3']) retrieved from /home/eduardo/airflow_venv/lib/python3.10/site-packages/airflow/example_dags/example_branch_python_dop_operator_3.py
[2024-08-08T22:22:57.630+0400] {logging_mixin.py:151} INFO - [2024-08-08T22:22:57.630+0400] {dag.py:2915} INFO - Sync 1 DAGs
[2024-08-08T22:22:57.647+0400] {logging_mixin.py:151} INFO - [2024-08-08T22:22:57.647+0400] {dag.py:3696} INFO - Setting next_dagrun for example_branch_dop_operator_v3 to 2024-08-08T18:21:00+00:00, run_after=2024-08-08T18:22:00+00:00
[2024-08-08T22:22:57.680+0400] {processor.py:179} INFO - Processing /home/eduardo/airflow_venv/lib/python3.10/site-packages/airflow/example_dags/example_branch_python_dop_operator_3.py took 0.078 seconds
