[2024-08-08T20:19:05.363+0400] {processor.py:157} INFO - Started process (PID=6849) to work on /home/eduardo/airflow_venv/lib/python3.10/site-packages/airflow/example_dags/example_branch_day_of_week_operator.py
[2024-08-08T20:19:05.363+0400] {processor.py:829} INFO - Processing file /home/eduardo/airflow_venv/lib/python3.10/site-packages/airflow/example_dags/example_branch_day_of_week_operator.py for tasks to queue
[2024-08-08T20:19:05.364+0400] {logging_mixin.py:151} INFO - [2024-08-08T20:19:05.363+0400] {dagbag.py:539} INFO - Filling up the DagBag from /home/eduardo/airflow_venv/lib/python3.10/site-packages/airflow/example_dags/example_branch_day_of_week_operator.py
[2024-08-08T20:19:05.368+0400] {processor.py:839} INFO - DAG(s) dict_keys(['example_weekday_branch_operator']) retrieved from /home/eduardo/airflow_venv/lib/python3.10/site-packages/airflow/example_dags/example_branch_day_of_week_operator.py
[2024-08-08T20:19:05.456+0400] {logging_mixin.py:151} INFO - [2024-08-08T20:19:05.455+0400] {manager.py:499} INFO - Created Permission View: %s
[2024-08-08T20:19:05.476+0400] {logging_mixin.py:151} INFO - [2024-08-08T20:19:05.476+0400] {manager.py:499} INFO - Created Permission View: %s
[2024-08-08T20:19:05.492+0400] {logging_mixin.py:151} INFO - [2024-08-08T20:19:05.492+0400] {manager.py:499} INFO - Created Permission View: %s
[2024-08-08T20:19:05.492+0400] {logging_mixin.py:151} INFO - [2024-08-08T20:19:05.492+0400] {security.py:708} INFO - Not syncing DAG-level permissions for DAG 'DAG:example_weekday_branch_operator' as access control is unset.
[2024-08-08T20:19:05.493+0400] {logging_mixin.py:151} INFO - [2024-08-08T20:19:05.492+0400] {dag.py:2915} INFO - Sync 1 DAGs
[2024-08-08T20:19:05.499+0400] {logging_mixin.py:151} INFO - [2024-08-08T20:19:05.499+0400] {dag.py:2937} INFO - Creating ORM DAG for example_weekday_branch_operator
[2024-08-08T20:19:05.505+0400] {logging_mixin.py:151} INFO - [2024-08-08T20:19:05.505+0400] {dag.py:3696} INFO - Setting next_dagrun for example_weekday_branch_operator to 2024-08-07T00:00:00+00:00, run_after=2024-08-08T00:00:00+00:00
[2024-08-08T20:19:05.536+0400] {processor.py:179} INFO - Processing /home/eduardo/airflow_venv/lib/python3.10/site-packages/airflow/example_dags/example_branch_day_of_week_operator.py took 0.175 seconds
[2024-08-08T20:19:58.243+0400] {processor.py:157} INFO - Started process (PID=6905) to work on /home/eduardo/airflow_venv/lib/python3.10/site-packages/airflow/example_dags/example_branch_day_of_week_operator.py
[2024-08-08T20:19:58.244+0400] {processor.py:829} INFO - Processing file /home/eduardo/airflow_venv/lib/python3.10/site-packages/airflow/example_dags/example_branch_day_of_week_operator.py for tasks to queue
[2024-08-08T20:19:58.245+0400] {logging_mixin.py:151} INFO - [2024-08-08T20:19:58.245+0400] {dagbag.py:539} INFO - Filling up the DagBag from /home/eduardo/airflow_venv/lib/python3.10/site-packages/airflow/example_dags/example_branch_day_of_week_operator.py
[2024-08-08T20:19:58.251+0400] {processor.py:839} INFO - DAG(s) dict_keys(['example_weekday_branch_operator']) retrieved from /home/eduardo/airflow_venv/lib/python3.10/site-packages/airflow/example_dags/example_branch_day_of_week_operator.py
[2024-08-08T20:19:58.265+0400] {logging_mixin.py:151} INFO - [2024-08-08T20:19:58.265+0400] {dag.py:2915} INFO - Sync 1 DAGs
[2024-08-08T20:19:58.280+0400] {logging_mixin.py:151} INFO - [2024-08-08T20:19:58.280+0400] {dag.py:3696} INFO - Setting next_dagrun for example_weekday_branch_operator to 2024-08-07T00:00:00+00:00, run_after=2024-08-08T00:00:00+00:00
[2024-08-08T20:19:58.304+0400] {processor.py:179} INFO - Processing /home/eduardo/airflow_venv/lib/python3.10/site-packages/airflow/example_dags/example_branch_day_of_week_operator.py took 0.063 seconds
[2024-08-08T20:20:49.932+0400] {processor.py:157} INFO - Started process (PID=6961) to work on /home/eduardo/airflow_venv/lib/python3.10/site-packages/airflow/example_dags/example_branch_day_of_week_operator.py
[2024-08-08T20:20:49.933+0400] {processor.py:829} INFO - Processing file /home/eduardo/airflow_venv/lib/python3.10/site-packages/airflow/example_dags/example_branch_day_of_week_operator.py for tasks to queue
[2024-08-08T20:20:49.934+0400] {logging_mixin.py:151} INFO - [2024-08-08T20:20:49.933+0400] {dagbag.py:539} INFO - Filling up the DagBag from /home/eduardo/airflow_venv/lib/python3.10/site-packages/airflow/example_dags/example_branch_day_of_week_operator.py
[2024-08-08T20:20:49.939+0400] {processor.py:839} INFO - DAG(s) dict_keys(['example_weekday_branch_operator']) retrieved from /home/eduardo/airflow_venv/lib/python3.10/site-packages/airflow/example_dags/example_branch_day_of_week_operator.py
[2024-08-08T20:20:49.950+0400] {logging_mixin.py:151} INFO - [2024-08-08T20:20:49.950+0400] {dag.py:2915} INFO - Sync 1 DAGs
[2024-08-08T20:20:49.963+0400] {logging_mixin.py:151} INFO - [2024-08-08T20:20:49.963+0400] {dag.py:3696} INFO - Setting next_dagrun for example_weekday_branch_operator to 2024-08-07T00:00:00+00:00, run_after=2024-08-08T00:00:00+00:00
[2024-08-08T20:20:49.988+0400] {processor.py:179} INFO - Processing /home/eduardo/airflow_venv/lib/python3.10/site-packages/airflow/example_dags/example_branch_day_of_week_operator.py took 0.057 seconds
[2024-08-08T20:21:32.048+0400] {processor.py:157} INFO - Started process (PID=7007) to work on /home/eduardo/airflow_venv/lib/python3.10/site-packages/airflow/example_dags/example_branch_day_of_week_operator.py
[2024-08-08T20:21:32.049+0400] {processor.py:829} INFO - Processing file /home/eduardo/airflow_venv/lib/python3.10/site-packages/airflow/example_dags/example_branch_day_of_week_operator.py for tasks to queue
[2024-08-08T20:21:32.050+0400] {logging_mixin.py:151} INFO - [2024-08-08T20:21:32.050+0400] {dagbag.py:539} INFO - Filling up the DagBag from /home/eduardo/airflow_venv/lib/python3.10/site-packages/airflow/example_dags/example_branch_day_of_week_operator.py
[2024-08-08T20:21:32.056+0400] {processor.py:839} INFO - DAG(s) dict_keys(['example_weekday_branch_operator']) retrieved from /home/eduardo/airflow_venv/lib/python3.10/site-packages/airflow/example_dags/example_branch_day_of_week_operator.py
[2024-08-08T20:21:32.067+0400] {logging_mixin.py:151} INFO - [2024-08-08T20:21:32.067+0400] {dag.py:2915} INFO - Sync 1 DAGs
[2024-08-08T20:21:32.081+0400] {logging_mixin.py:151} INFO - [2024-08-08T20:21:32.081+0400] {dag.py:3696} INFO - Setting next_dagrun for example_weekday_branch_operator to 2024-08-07T00:00:00+00:00, run_after=2024-08-08T00:00:00+00:00
[2024-08-08T20:21:32.108+0400] {processor.py:179} INFO - Processing /home/eduardo/airflow_venv/lib/python3.10/site-packages/airflow/example_dags/example_branch_day_of_week_operator.py took 0.062 seconds
[2024-08-08T20:22:32.375+0400] {processor.py:157} INFO - Started process (PID=7068) to work on /home/eduardo/airflow_venv/lib/python3.10/site-packages/airflow/example_dags/example_branch_day_of_week_operator.py
[2024-08-08T20:22:32.377+0400] {processor.py:829} INFO - Processing file /home/eduardo/airflow_venv/lib/python3.10/site-packages/airflow/example_dags/example_branch_day_of_week_operator.py for tasks to queue
[2024-08-08T20:22:32.377+0400] {logging_mixin.py:151} INFO - [2024-08-08T20:22:32.377+0400] {dagbag.py:539} INFO - Filling up the DagBag from /home/eduardo/airflow_venv/lib/python3.10/site-packages/airflow/example_dags/example_branch_day_of_week_operator.py
[2024-08-08T20:22:32.383+0400] {processor.py:839} INFO - DAG(s) dict_keys(['example_weekday_branch_operator']) retrieved from /home/eduardo/airflow_venv/lib/python3.10/site-packages/airflow/example_dags/example_branch_day_of_week_operator.py
[2024-08-08T20:22:32.398+0400] {logging_mixin.py:151} INFO - [2024-08-08T20:22:32.398+0400] {dag.py:2915} INFO - Sync 1 DAGs
[2024-08-08T20:22:32.412+0400] {logging_mixin.py:151} INFO - [2024-08-08T20:22:32.412+0400] {dag.py:3696} INFO - Setting next_dagrun for example_weekday_branch_operator to 2024-08-07T00:00:00+00:00, run_after=2024-08-08T00:00:00+00:00
[2024-08-08T20:22:32.438+0400] {processor.py:179} INFO - Processing /home/eduardo/airflow_venv/lib/python3.10/site-packages/airflow/example_dags/example_branch_day_of_week_operator.py took 0.065 seconds
[2024-08-08T20:23:16.768+0400] {processor.py:157} INFO - Started process (PID=7135) to work on /home/eduardo/airflow_venv/lib/python3.10/site-packages/airflow/example_dags/example_branch_day_of_week_operator.py
[2024-08-08T20:23:16.769+0400] {processor.py:829} INFO - Processing file /home/eduardo/airflow_venv/lib/python3.10/site-packages/airflow/example_dags/example_branch_day_of_week_operator.py for tasks to queue
[2024-08-08T20:23:16.770+0400] {logging_mixin.py:151} INFO - [2024-08-08T20:23:16.769+0400] {dagbag.py:539} INFO - Filling up the DagBag from /home/eduardo/airflow_venv/lib/python3.10/site-packages/airflow/example_dags/example_branch_day_of_week_operator.py
[2024-08-08T20:23:16.775+0400] {processor.py:839} INFO - DAG(s) dict_keys(['example_weekday_branch_operator']) retrieved from /home/eduardo/airflow_venv/lib/python3.10/site-packages/airflow/example_dags/example_branch_day_of_week_operator.py
[2024-08-08T20:23:16.786+0400] {logging_mixin.py:151} INFO - [2024-08-08T20:23:16.786+0400] {dag.py:2915} INFO - Sync 1 DAGs
[2024-08-08T20:23:16.800+0400] {logging_mixin.py:151} INFO - [2024-08-08T20:23:16.799+0400] {dag.py:3696} INFO - Setting next_dagrun for example_weekday_branch_operator to 2024-08-07T00:00:00+00:00, run_after=2024-08-08T00:00:00+00:00
[2024-08-08T20:23:16.824+0400] {processor.py:179} INFO - Processing /home/eduardo/airflow_venv/lib/python3.10/site-packages/airflow/example_dags/example_branch_day_of_week_operator.py took 0.058 seconds
[2024-08-08T20:24:02.350+0400] {processor.py:157} INFO - Started process (PID=7182) to work on /home/eduardo/airflow_venv/lib/python3.10/site-packages/airflow/example_dags/example_branch_day_of_week_operator.py
[2024-08-08T20:24:02.351+0400] {processor.py:829} INFO - Processing file /home/eduardo/airflow_venv/lib/python3.10/site-packages/airflow/example_dags/example_branch_day_of_week_operator.py for tasks to queue
[2024-08-08T20:24:02.352+0400] {logging_mixin.py:151} INFO - [2024-08-08T20:24:02.352+0400] {dagbag.py:539} INFO - Filling up the DagBag from /home/eduardo/airflow_venv/lib/python3.10/site-packages/airflow/example_dags/example_branch_day_of_week_operator.py
[2024-08-08T20:24:02.357+0400] {processor.py:839} INFO - DAG(s) dict_keys(['example_weekday_branch_operator']) retrieved from /home/eduardo/airflow_venv/lib/python3.10/site-packages/airflow/example_dags/example_branch_day_of_week_operator.py
[2024-08-08T20:24:02.371+0400] {logging_mixin.py:151} INFO - [2024-08-08T20:24:02.371+0400] {dag.py:2915} INFO - Sync 1 DAGs
[2024-08-08T20:24:02.383+0400] {logging_mixin.py:151} INFO - [2024-08-08T20:24:02.383+0400] {dag.py:3696} INFO - Setting next_dagrun for example_weekday_branch_operator to 2024-08-07T00:00:00+00:00, run_after=2024-08-08T00:00:00+00:00
[2024-08-08T20:24:02.409+0400] {processor.py:179} INFO - Processing /home/eduardo/airflow_venv/lib/python3.10/site-packages/airflow/example_dags/example_branch_day_of_week_operator.py took 0.061 seconds
[2024-08-08T20:24:47.666+0400] {processor.py:157} INFO - Started process (PID=7238) to work on /home/eduardo/airflow_venv/lib/python3.10/site-packages/airflow/example_dags/example_branch_day_of_week_operator.py
[2024-08-08T20:24:47.667+0400] {processor.py:829} INFO - Processing file /home/eduardo/airflow_venv/lib/python3.10/site-packages/airflow/example_dags/example_branch_day_of_week_operator.py for tasks to queue
[2024-08-08T20:24:47.668+0400] {logging_mixin.py:151} INFO - [2024-08-08T20:24:47.668+0400] {dagbag.py:539} INFO - Filling up the DagBag from /home/eduardo/airflow_venv/lib/python3.10/site-packages/airflow/example_dags/example_branch_day_of_week_operator.py
[2024-08-08T20:24:47.673+0400] {processor.py:839} INFO - DAG(s) dict_keys(['example_weekday_branch_operator']) retrieved from /home/eduardo/airflow_venv/lib/python3.10/site-packages/airflow/example_dags/example_branch_day_of_week_operator.py
[2024-08-08T20:24:47.684+0400] {logging_mixin.py:151} INFO - [2024-08-08T20:24:47.684+0400] {dag.py:2915} INFO - Sync 1 DAGs
[2024-08-08T20:24:47.696+0400] {logging_mixin.py:151} INFO - [2024-08-08T20:24:47.696+0400] {dag.py:3696} INFO - Setting next_dagrun for example_weekday_branch_operator to 2024-08-07T00:00:00+00:00, run_after=2024-08-08T00:00:00+00:00
[2024-08-08T20:24:47.721+0400] {processor.py:179} INFO - Processing /home/eduardo/airflow_venv/lib/python3.10/site-packages/airflow/example_dags/example_branch_day_of_week_operator.py took 0.057 seconds
[2024-08-08T20:25:36.132+0400] {processor.py:157} INFO - Started process (PID=7288) to work on /home/eduardo/airflow_venv/lib/python3.10/site-packages/airflow/example_dags/example_branch_day_of_week_operator.py
[2024-08-08T20:25:36.133+0400] {processor.py:829} INFO - Processing file /home/eduardo/airflow_venv/lib/python3.10/site-packages/airflow/example_dags/example_branch_day_of_week_operator.py for tasks to queue
[2024-08-08T20:25:36.134+0400] {logging_mixin.py:151} INFO - [2024-08-08T20:25:36.134+0400] {dagbag.py:539} INFO - Filling up the DagBag from /home/eduardo/airflow_venv/lib/python3.10/site-packages/airflow/example_dags/example_branch_day_of_week_operator.py
[2024-08-08T20:25:36.139+0400] {processor.py:839} INFO - DAG(s) dict_keys(['example_weekday_branch_operator']) retrieved from /home/eduardo/airflow_venv/lib/python3.10/site-packages/airflow/example_dags/example_branch_day_of_week_operator.py
[2024-08-08T20:25:36.149+0400] {logging_mixin.py:151} INFO - [2024-08-08T20:25:36.149+0400] {dag.py:2915} INFO - Sync 1 DAGs
[2024-08-08T20:25:36.161+0400] {logging_mixin.py:151} INFO - [2024-08-08T20:25:36.161+0400] {dag.py:3696} INFO - Setting next_dagrun for example_weekday_branch_operator to 2024-08-07T00:00:00+00:00, run_after=2024-08-08T00:00:00+00:00
[2024-08-08T20:25:36.183+0400] {processor.py:179} INFO - Processing /home/eduardo/airflow_venv/lib/python3.10/site-packages/airflow/example_dags/example_branch_day_of_week_operator.py took 0.053 seconds
[2024-08-08T22:10:15.428+0400] {processor.py:157} INFO - Started process (PID=9904) to work on /home/eduardo/airflow_venv/lib/python3.10/site-packages/airflow/example_dags/example_branch_day_of_week_operator.py
[2024-08-08T22:10:15.429+0400] {processor.py:829} INFO - Processing file /home/eduardo/airflow_venv/lib/python3.10/site-packages/airflow/example_dags/example_branch_day_of_week_operator.py for tasks to queue
[2024-08-08T22:10:15.430+0400] {logging_mixin.py:151} INFO - [2024-08-08T22:10:15.430+0400] {dagbag.py:539} INFO - Filling up the DagBag from /home/eduardo/airflow_venv/lib/python3.10/site-packages/airflow/example_dags/example_branch_day_of_week_operator.py
[2024-08-08T22:10:15.438+0400] {processor.py:839} INFO - DAG(s) dict_keys(['example_weekday_branch_operator']) retrieved from /home/eduardo/airflow_venv/lib/python3.10/site-packages/airflow/example_dags/example_branch_day_of_week_operator.py
[2024-08-08T22:10:15.455+0400] {logging_mixin.py:151} INFO - [2024-08-08T22:10:15.455+0400] {dag.py:2915} INFO - Sync 1 DAGs
[2024-08-08T22:10:15.478+0400] {logging_mixin.py:151} INFO - [2024-08-08T22:10:15.478+0400] {dag.py:3696} INFO - Setting next_dagrun for example_weekday_branch_operator to 2024-08-07T00:00:00+00:00, run_after=2024-08-08T00:00:00+00:00
[2024-08-08T22:10:15.513+0400] {processor.py:179} INFO - Processing /home/eduardo/airflow_venv/lib/python3.10/site-packages/airflow/example_dags/example_branch_day_of_week_operator.py took 0.087 seconds
[2024-08-08T22:11:07.516+0400] {processor.py:157} INFO - Started process (PID=10435) to work on /home/eduardo/airflow_venv/lib/python3.10/site-packages/airflow/example_dags/example_branch_day_of_week_operator.py
[2024-08-08T22:11:07.520+0400] {processor.py:829} INFO - Processing file /home/eduardo/airflow_venv/lib/python3.10/site-packages/airflow/example_dags/example_branch_day_of_week_operator.py for tasks to queue
[2024-08-08T22:11:07.521+0400] {logging_mixin.py:151} INFO - [2024-08-08T22:11:07.520+0400] {dagbag.py:539} INFO - Filling up the DagBag from /home/eduardo/airflow_venv/lib/python3.10/site-packages/airflow/example_dags/example_branch_day_of_week_operator.py
[2024-08-08T22:11:07.528+0400] {processor.py:839} INFO - DAG(s) dict_keys(['example_weekday_branch_operator']) retrieved from /home/eduardo/airflow_venv/lib/python3.10/site-packages/airflow/example_dags/example_branch_day_of_week_operator.py
[2024-08-08T22:11:07.554+0400] {logging_mixin.py:151} INFO - [2024-08-08T22:11:07.554+0400] {dag.py:2915} INFO - Sync 1 DAGs
[2024-08-08T22:11:07.607+0400] {logging_mixin.py:151} INFO - [2024-08-08T22:11:07.607+0400] {dag.py:3696} INFO - Setting next_dagrun for example_weekday_branch_operator to 2024-08-07T00:00:00+00:00, run_after=2024-08-08T00:00:00+00:00
[2024-08-08T22:11:07.656+0400] {processor.py:179} INFO - Processing /home/eduardo/airflow_venv/lib/python3.10/site-packages/airflow/example_dags/example_branch_day_of_week_operator.py took 0.143 seconds
[2024-08-08T22:12:00.891+0400] {processor.py:157} INFO - Started process (PID=10945) to work on /home/eduardo/airflow_venv/lib/python3.10/site-packages/airflow/example_dags/example_branch_day_of_week_operator.py
[2024-08-08T22:12:00.892+0400] {processor.py:829} INFO - Processing file /home/eduardo/airflow_venv/lib/python3.10/site-packages/airflow/example_dags/example_branch_day_of_week_operator.py for tasks to queue
[2024-08-08T22:12:00.893+0400] {logging_mixin.py:151} INFO - [2024-08-08T22:12:00.892+0400] {dagbag.py:539} INFO - Filling up the DagBag from /home/eduardo/airflow_venv/lib/python3.10/site-packages/airflow/example_dags/example_branch_day_of_week_operator.py
[2024-08-08T22:12:00.900+0400] {processor.py:839} INFO - DAG(s) dict_keys(['example_weekday_branch_operator']) retrieved from /home/eduardo/airflow_venv/lib/python3.10/site-packages/airflow/example_dags/example_branch_day_of_week_operator.py
[2024-08-08T22:12:00.920+0400] {logging_mixin.py:151} INFO - [2024-08-08T22:12:00.920+0400] {dag.py:2915} INFO - Sync 1 DAGs
[2024-08-08T22:12:00.939+0400] {logging_mixin.py:151} INFO - [2024-08-08T22:12:00.939+0400] {dag.py:3696} INFO - Setting next_dagrun for example_weekday_branch_operator to 2024-08-07T00:00:00+00:00, run_after=2024-08-08T00:00:00+00:00
[2024-08-08T22:12:00.974+0400] {processor.py:179} INFO - Processing /home/eduardo/airflow_venv/lib/python3.10/site-packages/airflow/example_dags/example_branch_day_of_week_operator.py took 0.087 seconds
[2024-08-08T22:12:51.245+0400] {processor.py:157} INFO - Started process (PID=11334) to work on /home/eduardo/airflow_venv/lib/python3.10/site-packages/airflow/example_dags/example_branch_day_of_week_operator.py
[2024-08-08T22:12:51.250+0400] {processor.py:829} INFO - Processing file /home/eduardo/airflow_venv/lib/python3.10/site-packages/airflow/example_dags/example_branch_day_of_week_operator.py for tasks to queue
[2024-08-08T22:12:51.251+0400] {logging_mixin.py:151} INFO - [2024-08-08T22:12:51.251+0400] {dagbag.py:539} INFO - Filling up the DagBag from /home/eduardo/airflow_venv/lib/python3.10/site-packages/airflow/example_dags/example_branch_day_of_week_operator.py
[2024-08-08T22:12:51.260+0400] {processor.py:839} INFO - DAG(s) dict_keys(['example_weekday_branch_operator']) retrieved from /home/eduardo/airflow_venv/lib/python3.10/site-packages/airflow/example_dags/example_branch_day_of_week_operator.py
[2024-08-08T22:12:51.276+0400] {logging_mixin.py:151} INFO - [2024-08-08T22:12:51.275+0400] {dag.py:2915} INFO - Sync 1 DAGs
[2024-08-08T22:12:51.292+0400] {logging_mixin.py:151} INFO - [2024-08-08T22:12:51.292+0400] {dag.py:3696} INFO - Setting next_dagrun for example_weekday_branch_operator to 2024-08-07T00:00:00+00:00, run_after=2024-08-08T00:00:00+00:00
[2024-08-08T22:12:51.328+0400] {processor.py:179} INFO - Processing /home/eduardo/airflow_venv/lib/python3.10/site-packages/airflow/example_dags/example_branch_day_of_week_operator.py took 0.088 seconds
[2024-08-08T22:13:38.469+0400] {processor.py:157} INFO - Started process (PID=11771) to work on /home/eduardo/airflow_venv/lib/python3.10/site-packages/airflow/example_dags/example_branch_day_of_week_operator.py
[2024-08-08T22:13:38.473+0400] {processor.py:829} INFO - Processing file /home/eduardo/airflow_venv/lib/python3.10/site-packages/airflow/example_dags/example_branch_day_of_week_operator.py for tasks to queue
[2024-08-08T22:13:38.474+0400] {logging_mixin.py:151} INFO - [2024-08-08T22:13:38.473+0400] {dagbag.py:539} INFO - Filling up the DagBag from /home/eduardo/airflow_venv/lib/python3.10/site-packages/airflow/example_dags/example_branch_day_of_week_operator.py
[2024-08-08T22:13:38.482+0400] {processor.py:839} INFO - DAG(s) dict_keys(['example_weekday_branch_operator']) retrieved from /home/eduardo/airflow_venv/lib/python3.10/site-packages/airflow/example_dags/example_branch_day_of_week_operator.py
[2024-08-08T22:13:38.496+0400] {logging_mixin.py:151} INFO - [2024-08-08T22:13:38.496+0400] {dag.py:2915} INFO - Sync 1 DAGs
[2024-08-08T22:13:38.513+0400] {logging_mixin.py:151} INFO - [2024-08-08T22:13:38.513+0400] {dag.py:3696} INFO - Setting next_dagrun for example_weekday_branch_operator to 2024-08-07T00:00:00+00:00, run_after=2024-08-08T00:00:00+00:00
[2024-08-08T22:13:38.539+0400] {processor.py:179} INFO - Processing /home/eduardo/airflow_venv/lib/python3.10/site-packages/airflow/example_dags/example_branch_day_of_week_operator.py took 0.074 seconds
[2024-08-08T22:14:24.718+0400] {processor.py:157} INFO - Started process (PID=12319) to work on /home/eduardo/airflow_venv/lib/python3.10/site-packages/airflow/example_dags/example_branch_day_of_week_operator.py
[2024-08-08T22:14:24.722+0400] {processor.py:829} INFO - Processing file /home/eduardo/airflow_venv/lib/python3.10/site-packages/airflow/example_dags/example_branch_day_of_week_operator.py for tasks to queue
[2024-08-08T22:14:24.724+0400] {logging_mixin.py:151} INFO - [2024-08-08T22:14:24.723+0400] {dagbag.py:539} INFO - Filling up the DagBag from /home/eduardo/airflow_venv/lib/python3.10/site-packages/airflow/example_dags/example_branch_day_of_week_operator.py
[2024-08-08T22:14:24.735+0400] {processor.py:839} INFO - DAG(s) dict_keys(['example_weekday_branch_operator']) retrieved from /home/eduardo/airflow_venv/lib/python3.10/site-packages/airflow/example_dags/example_branch_day_of_week_operator.py
[2024-08-08T22:14:24.748+0400] {logging_mixin.py:151} INFO - [2024-08-08T22:14:24.748+0400] {dag.py:2915} INFO - Sync 1 DAGs
[2024-08-08T22:14:24.783+0400] {logging_mixin.py:151} INFO - [2024-08-08T22:14:24.783+0400] {dag.py:3696} INFO - Setting next_dagrun for example_weekday_branch_operator to 2024-08-07T00:00:00+00:00, run_after=2024-08-08T00:00:00+00:00
[2024-08-08T22:14:24.827+0400] {processor.py:179} INFO - Processing /home/eduardo/airflow_venv/lib/python3.10/site-packages/airflow/example_dags/example_branch_day_of_week_operator.py took 0.116 seconds
[2024-08-08T22:15:16.702+0400] {processor.py:157} INFO - Started process (PID=12750) to work on /home/eduardo/airflow_venv/lib/python3.10/site-packages/airflow/example_dags/example_branch_day_of_week_operator.py
[2024-08-08T22:15:16.705+0400] {processor.py:829} INFO - Processing file /home/eduardo/airflow_venv/lib/python3.10/site-packages/airflow/example_dags/example_branch_day_of_week_operator.py for tasks to queue
[2024-08-08T22:15:16.706+0400] {logging_mixin.py:151} INFO - [2024-08-08T22:15:16.706+0400] {dagbag.py:539} INFO - Filling up the DagBag from /home/eduardo/airflow_venv/lib/python3.10/site-packages/airflow/example_dags/example_branch_day_of_week_operator.py
[2024-08-08T22:15:16.715+0400] {processor.py:839} INFO - DAG(s) dict_keys(['example_weekday_branch_operator']) retrieved from /home/eduardo/airflow_venv/lib/python3.10/site-packages/airflow/example_dags/example_branch_day_of_week_operator.py
[2024-08-08T22:15:16.740+0400] {logging_mixin.py:151} INFO - [2024-08-08T22:15:16.740+0400] {dag.py:2915} INFO - Sync 1 DAGs
[2024-08-08T22:15:16.762+0400] {logging_mixin.py:151} INFO - [2024-08-08T22:15:16.762+0400] {dag.py:3696} INFO - Setting next_dagrun for example_weekday_branch_operator to 2024-08-07T00:00:00+00:00, run_after=2024-08-08T00:00:00+00:00
[2024-08-08T22:15:16.797+0400] {processor.py:179} INFO - Processing /home/eduardo/airflow_venv/lib/python3.10/site-packages/airflow/example_dags/example_branch_day_of_week_operator.py took 0.100 seconds
[2024-08-08T22:16:08.831+0400] {processor.py:157} INFO - Started process (PID=13243) to work on /home/eduardo/airflow_venv/lib/python3.10/site-packages/airflow/example_dags/example_branch_day_of_week_operator.py
[2024-08-08T22:16:08.834+0400] {processor.py:829} INFO - Processing file /home/eduardo/airflow_venv/lib/python3.10/site-packages/airflow/example_dags/example_branch_day_of_week_operator.py for tasks to queue
[2024-08-08T22:16:08.835+0400] {logging_mixin.py:151} INFO - [2024-08-08T22:16:08.834+0400] {dagbag.py:539} INFO - Filling up the DagBag from /home/eduardo/airflow_venv/lib/python3.10/site-packages/airflow/example_dags/example_branch_day_of_week_operator.py
[2024-08-08T22:16:08.843+0400] {processor.py:839} INFO - DAG(s) dict_keys(['example_weekday_branch_operator']) retrieved from /home/eduardo/airflow_venv/lib/python3.10/site-packages/airflow/example_dags/example_branch_day_of_week_operator.py
[2024-08-08T22:16:08.870+0400] {logging_mixin.py:151} INFO - [2024-08-08T22:16:08.869+0400] {dag.py:2915} INFO - Sync 1 DAGs
[2024-08-08T22:16:08.895+0400] {logging_mixin.py:151} INFO - [2024-08-08T22:16:08.895+0400] {dag.py:3696} INFO - Setting next_dagrun for example_weekday_branch_operator to 2024-08-07T00:00:00+00:00, run_after=2024-08-08T00:00:00+00:00
[2024-08-08T22:16:08.935+0400] {processor.py:179} INFO - Processing /home/eduardo/airflow_venv/lib/python3.10/site-packages/airflow/example_dags/example_branch_day_of_week_operator.py took 0.109 seconds
[2024-08-08T22:16:58.630+0400] {processor.py:157} INFO - Started process (PID=13765) to work on /home/eduardo/airflow_venv/lib/python3.10/site-packages/airflow/example_dags/example_branch_day_of_week_operator.py
[2024-08-08T22:16:58.634+0400] {processor.py:829} INFO - Processing file /home/eduardo/airflow_venv/lib/python3.10/site-packages/airflow/example_dags/example_branch_day_of_week_operator.py for tasks to queue
[2024-08-08T22:16:58.636+0400] {logging_mixin.py:151} INFO - [2024-08-08T22:16:58.635+0400] {dagbag.py:539} INFO - Filling up the DagBag from /home/eduardo/airflow_venv/lib/python3.10/site-packages/airflow/example_dags/example_branch_day_of_week_operator.py
[2024-08-08T22:16:58.644+0400] {processor.py:839} INFO - DAG(s) dict_keys(['example_weekday_branch_operator']) retrieved from /home/eduardo/airflow_venv/lib/python3.10/site-packages/airflow/example_dags/example_branch_day_of_week_operator.py
[2024-08-08T22:16:58.681+0400] {logging_mixin.py:151} INFO - [2024-08-08T22:16:58.680+0400] {dag.py:2915} INFO - Sync 1 DAGs
[2024-08-08T22:16:58.723+0400] {logging_mixin.py:151} INFO - [2024-08-08T22:16:58.723+0400] {dag.py:3696} INFO - Setting next_dagrun for example_weekday_branch_operator to 2024-08-07T00:00:00+00:00, run_after=2024-08-08T00:00:00+00:00
[2024-08-08T22:16:58.768+0400] {processor.py:179} INFO - Processing /home/eduardo/airflow_venv/lib/python3.10/site-packages/airflow/example_dags/example_branch_day_of_week_operator.py took 0.145 seconds
[2024-08-08T22:17:52.841+0400] {processor.py:157} INFO - Started process (PID=14250) to work on /home/eduardo/airflow_venv/lib/python3.10/site-packages/airflow/example_dags/example_branch_day_of_week_operator.py
[2024-08-08T22:17:52.844+0400] {processor.py:829} INFO - Processing file /home/eduardo/airflow_venv/lib/python3.10/site-packages/airflow/example_dags/example_branch_day_of_week_operator.py for tasks to queue
[2024-08-08T22:17:52.844+0400] {logging_mixin.py:151} INFO - [2024-08-08T22:17:52.844+0400] {dagbag.py:539} INFO - Filling up the DagBag from /home/eduardo/airflow_venv/lib/python3.10/site-packages/airflow/example_dags/example_branch_day_of_week_operator.py
[2024-08-08T22:17:52.854+0400] {processor.py:839} INFO - DAG(s) dict_keys(['example_weekday_branch_operator']) retrieved from /home/eduardo/airflow_venv/lib/python3.10/site-packages/airflow/example_dags/example_branch_day_of_week_operator.py
[2024-08-08T22:17:52.874+0400] {logging_mixin.py:151} INFO - [2024-08-08T22:17:52.874+0400] {dag.py:2915} INFO - Sync 1 DAGs
[2024-08-08T22:17:52.895+0400] {logging_mixin.py:151} INFO - [2024-08-08T22:17:52.894+0400] {dag.py:3696} INFO - Setting next_dagrun for example_weekday_branch_operator to 2024-08-07T00:00:00+00:00, run_after=2024-08-08T00:00:00+00:00
[2024-08-08T22:17:52.928+0400] {processor.py:179} INFO - Processing /home/eduardo/airflow_venv/lib/python3.10/site-packages/airflow/example_dags/example_branch_day_of_week_operator.py took 0.089 seconds
[2024-08-08T22:18:45.327+0400] {processor.py:157} INFO - Started process (PID=14663) to work on /home/eduardo/airflow_venv/lib/python3.10/site-packages/airflow/example_dags/example_branch_day_of_week_operator.py
[2024-08-08T22:18:45.330+0400] {processor.py:829} INFO - Processing file /home/eduardo/airflow_venv/lib/python3.10/site-packages/airflow/example_dags/example_branch_day_of_week_operator.py for tasks to queue
[2024-08-08T22:18:45.331+0400] {logging_mixin.py:151} INFO - [2024-08-08T22:18:45.330+0400] {dagbag.py:539} INFO - Filling up the DagBag from /home/eduardo/airflow_venv/lib/python3.10/site-packages/airflow/example_dags/example_branch_day_of_week_operator.py
[2024-08-08T22:18:45.340+0400] {processor.py:839} INFO - DAG(s) dict_keys(['example_weekday_branch_operator']) retrieved from /home/eduardo/airflow_venv/lib/python3.10/site-packages/airflow/example_dags/example_branch_day_of_week_operator.py
[2024-08-08T22:18:45.360+0400] {logging_mixin.py:151} INFO - [2024-08-08T22:18:45.359+0400] {dag.py:2915} INFO - Sync 1 DAGs
[2024-08-08T22:18:45.384+0400] {logging_mixin.py:151} INFO - [2024-08-08T22:18:45.383+0400] {dag.py:3696} INFO - Setting next_dagrun for example_weekday_branch_operator to 2024-08-07T00:00:00+00:00, run_after=2024-08-08T00:00:00+00:00
[2024-08-08T22:18:45.421+0400] {processor.py:179} INFO - Processing /home/eduardo/airflow_venv/lib/python3.10/site-packages/airflow/example_dags/example_branch_day_of_week_operator.py took 0.099 seconds
[2024-08-08T22:19:37.385+0400] {processor.py:157} INFO - Started process (PID=15097) to work on /home/eduardo/airflow_venv/lib/python3.10/site-packages/airflow/example_dags/example_branch_day_of_week_operator.py
[2024-08-08T22:19:37.389+0400] {processor.py:829} INFO - Processing file /home/eduardo/airflow_venv/lib/python3.10/site-packages/airflow/example_dags/example_branch_day_of_week_operator.py for tasks to queue
[2024-08-08T22:19:37.390+0400] {logging_mixin.py:151} INFO - [2024-08-08T22:19:37.389+0400] {dagbag.py:539} INFO - Filling up the DagBag from /home/eduardo/airflow_venv/lib/python3.10/site-packages/airflow/example_dags/example_branch_day_of_week_operator.py
[2024-08-08T22:19:37.400+0400] {processor.py:839} INFO - DAG(s) dict_keys(['example_weekday_branch_operator']) retrieved from /home/eduardo/airflow_venv/lib/python3.10/site-packages/airflow/example_dags/example_branch_day_of_week_operator.py
[2024-08-08T22:19:37.427+0400] {logging_mixin.py:151} INFO - [2024-08-08T22:19:37.427+0400] {dag.py:2915} INFO - Sync 1 DAGs
[2024-08-08T22:19:37.455+0400] {logging_mixin.py:151} INFO - [2024-08-08T22:19:37.454+0400] {dag.py:3696} INFO - Setting next_dagrun for example_weekday_branch_operator to 2024-08-07T00:00:00+00:00, run_after=2024-08-08T00:00:00+00:00
[2024-08-08T22:19:37.495+0400] {processor.py:179} INFO - Processing /home/eduardo/airflow_venv/lib/python3.10/site-packages/airflow/example_dags/example_branch_day_of_week_operator.py took 0.115 seconds
[2024-08-08T22:20:28.988+0400] {processor.py:157} INFO - Started process (PID=15493) to work on /home/eduardo/airflow_venv/lib/python3.10/site-packages/airflow/example_dags/example_branch_day_of_week_operator.py
[2024-08-08T22:20:28.992+0400] {processor.py:829} INFO - Processing file /home/eduardo/airflow_venv/lib/python3.10/site-packages/airflow/example_dags/example_branch_day_of_week_operator.py for tasks to queue
[2024-08-08T22:20:28.993+0400] {logging_mixin.py:151} INFO - [2024-08-08T22:20:28.992+0400] {dagbag.py:539} INFO - Filling up the DagBag from /home/eduardo/airflow_venv/lib/python3.10/site-packages/airflow/example_dags/example_branch_day_of_week_operator.py
[2024-08-08T22:20:29.002+0400] {processor.py:839} INFO - DAG(s) dict_keys(['example_weekday_branch_operator']) retrieved from /home/eduardo/airflow_venv/lib/python3.10/site-packages/airflow/example_dags/example_branch_day_of_week_operator.py
[2024-08-08T22:20:29.025+0400] {logging_mixin.py:151} INFO - [2024-08-08T22:20:29.025+0400] {dag.py:2915} INFO - Sync 1 DAGs
[2024-08-08T22:20:29.047+0400] {logging_mixin.py:151} INFO - [2024-08-08T22:20:29.046+0400] {dag.py:3696} INFO - Setting next_dagrun for example_weekday_branch_operator to 2024-08-07T00:00:00+00:00, run_after=2024-08-08T00:00:00+00:00
[2024-08-08T22:20:29.083+0400] {processor.py:179} INFO - Processing /home/eduardo/airflow_venv/lib/python3.10/site-packages/airflow/example_dags/example_branch_day_of_week_operator.py took 0.098 seconds
[2024-08-08T22:21:18.128+0400] {processor.py:157} INFO - Started process (PID=15956) to work on /home/eduardo/airflow_venv/lib/python3.10/site-packages/airflow/example_dags/example_branch_day_of_week_operator.py
[2024-08-08T22:21:18.131+0400] {processor.py:829} INFO - Processing file /home/eduardo/airflow_venv/lib/python3.10/site-packages/airflow/example_dags/example_branch_day_of_week_operator.py for tasks to queue
[2024-08-08T22:21:18.132+0400] {logging_mixin.py:151} INFO - [2024-08-08T22:21:18.131+0400] {dagbag.py:539} INFO - Filling up the DagBag from /home/eduardo/airflow_venv/lib/python3.10/site-packages/airflow/example_dags/example_branch_day_of_week_operator.py
[2024-08-08T22:21:18.143+0400] {processor.py:839} INFO - DAG(s) dict_keys(['example_weekday_branch_operator']) retrieved from /home/eduardo/airflow_venv/lib/python3.10/site-packages/airflow/example_dags/example_branch_day_of_week_operator.py
[2024-08-08T22:21:18.159+0400] {logging_mixin.py:151} INFO - [2024-08-08T22:21:18.159+0400] {dag.py:2915} INFO - Sync 1 DAGs
[2024-08-08T22:21:18.179+0400] {logging_mixin.py:151} INFO - [2024-08-08T22:21:18.179+0400] {dag.py:3696} INFO - Setting next_dagrun for example_weekday_branch_operator to 2024-08-07T00:00:00+00:00, run_after=2024-08-08T00:00:00+00:00
[2024-08-08T22:21:18.210+0400] {processor.py:179} INFO - Processing /home/eduardo/airflow_venv/lib/python3.10/site-packages/airflow/example_dags/example_branch_day_of_week_operator.py took 0.084 seconds
[2024-08-08T22:22:11.583+0400] {processor.py:157} INFO - Started process (PID=16415) to work on /home/eduardo/airflow_venv/lib/python3.10/site-packages/airflow/example_dags/example_branch_day_of_week_operator.py
[2024-08-08T22:22:11.586+0400] {processor.py:829} INFO - Processing file /home/eduardo/airflow_venv/lib/python3.10/site-packages/airflow/example_dags/example_branch_day_of_week_operator.py for tasks to queue
[2024-08-08T22:22:11.588+0400] {logging_mixin.py:151} INFO - [2024-08-08T22:22:11.587+0400] {dagbag.py:539} INFO - Filling up the DagBag from /home/eduardo/airflow_venv/lib/python3.10/site-packages/airflow/example_dags/example_branch_day_of_week_operator.py
[2024-08-08T22:22:11.599+0400] {processor.py:839} INFO - DAG(s) dict_keys(['example_weekday_branch_operator']) retrieved from /home/eduardo/airflow_venv/lib/python3.10/site-packages/airflow/example_dags/example_branch_day_of_week_operator.py
[2024-08-08T22:22:11.621+0400] {logging_mixin.py:151} INFO - [2024-08-08T22:22:11.621+0400] {dag.py:2915} INFO - Sync 1 DAGs
[2024-08-08T22:22:11.641+0400] {logging_mixin.py:151} INFO - [2024-08-08T22:22:11.641+0400] {dag.py:3696} INFO - Setting next_dagrun for example_weekday_branch_operator to 2024-08-07T00:00:00+00:00, run_after=2024-08-08T00:00:00+00:00
[2024-08-08T22:22:11.673+0400] {processor.py:179} INFO - Processing /home/eduardo/airflow_venv/lib/python3.10/site-packages/airflow/example_dags/example_branch_day_of_week_operator.py took 0.096 seconds
[2024-08-08T22:23:01.529+0400] {processor.py:157} INFO - Started process (PID=16799) to work on /home/eduardo/airflow_venv/lib/python3.10/site-packages/airflow/example_dags/example_branch_day_of_week_operator.py
[2024-08-08T22:23:01.531+0400] {processor.py:829} INFO - Processing file /home/eduardo/airflow_venv/lib/python3.10/site-packages/airflow/example_dags/example_branch_day_of_week_operator.py for tasks to queue
[2024-08-08T22:23:01.532+0400] {logging_mixin.py:151} INFO - [2024-08-08T22:23:01.532+0400] {dagbag.py:539} INFO - Filling up the DagBag from /home/eduardo/airflow_venv/lib/python3.10/site-packages/airflow/example_dags/example_branch_day_of_week_operator.py
[2024-08-08T22:23:01.540+0400] {processor.py:839} INFO - DAG(s) dict_keys(['example_weekday_branch_operator']) retrieved from /home/eduardo/airflow_venv/lib/python3.10/site-packages/airflow/example_dags/example_branch_day_of_week_operator.py
[2024-08-08T22:23:01.554+0400] {logging_mixin.py:151} INFO - [2024-08-08T22:23:01.554+0400] {dag.py:2915} INFO - Sync 1 DAGs
[2024-08-08T22:23:01.569+0400] {logging_mixin.py:151} INFO - [2024-08-08T22:23:01.568+0400] {dag.py:3696} INFO - Setting next_dagrun for example_weekday_branch_operator to 2024-08-07T00:00:00+00:00, run_after=2024-08-08T00:00:00+00:00
[2024-08-08T22:23:01.605+0400] {processor.py:179} INFO - Processing /home/eduardo/airflow_venv/lib/python3.10/site-packages/airflow/example_dags/example_branch_day_of_week_operator.py took 0.079 seconds
