[2024-08-08T20:18:57.085+0400] {processor.py:157} INFO - Started process (PID=6843) to work on /home/eduardo/airflow_venv/lib/python3.10/site-packages/airflow/example_dags/example_datasets.py
[2024-08-08T20:18:57.086+0400] {processor.py:829} INFO - Processing file /home/eduardo/airflow_venv/lib/python3.10/site-packages/airflow/example_dags/example_datasets.py for tasks to queue
[2024-08-08T20:18:57.086+0400] {logging_mixin.py:151} INFO - [2024-08-08T20:18:57.086+0400] {dagbag.py:539} INFO - Filling up the DagBag from /home/eduardo/airflow_venv/lib/python3.10/site-packages/airflow/example_dags/example_datasets.py
[2024-08-08T20:18:57.093+0400] {processor.py:839} INFO - DAG(s) dict_keys(['dataset_consumes_1', 'dataset_consumes_unknown_never_scheduled', 'dataset_consumes_1_and_2', 'dataset_produces_1', 'dataset_consumes_1_never_scheduled', 'dataset_produces_2']) retrieved from /home/eduardo/airflow_venv/lib/python3.10/site-packages/airflow/example_dags/example_datasets.py
[2024-08-08T20:18:57.190+0400] {logging_mixin.py:151} INFO - [2024-08-08T20:18:57.190+0400] {manager.py:499} INFO - Created Permission View: %s
[2024-08-08T20:18:57.211+0400] {logging_mixin.py:151} INFO - [2024-08-08T20:18:57.211+0400] {manager.py:499} INFO - Created Permission View: %s
[2024-08-08T20:18:57.230+0400] {logging_mixin.py:151} INFO - [2024-08-08T20:18:57.229+0400] {manager.py:499} INFO - Created Permission View: %s
[2024-08-08T20:18:57.230+0400] {logging_mixin.py:151} INFO - [2024-08-08T20:18:57.230+0400] {security.py:708} INFO - Not syncing DAG-level permissions for DAG 'DAG:dataset_consumes_1' as access control is unset.
[2024-08-08T20:18:57.275+0400] {logging_mixin.py:151} INFO - [2024-08-08T20:18:57.275+0400] {manager.py:499} INFO - Created Permission View: %s
[2024-08-08T20:18:57.305+0400] {logging_mixin.py:151} INFO - [2024-08-08T20:18:57.305+0400] {manager.py:499} INFO - Created Permission View: %s
[2024-08-08T20:18:57.322+0400] {logging_mixin.py:151} INFO - [2024-08-08T20:18:57.322+0400] {manager.py:499} INFO - Created Permission View: %s
[2024-08-08T20:18:57.322+0400] {logging_mixin.py:151} INFO - [2024-08-08T20:18:57.322+0400] {security.py:708} INFO - Not syncing DAG-level permissions for DAG 'DAG:dataset_consumes_unknown_never_scheduled' as access control is unset.
[2024-08-08T20:18:57.390+0400] {logging_mixin.py:151} INFO - [2024-08-08T20:18:57.390+0400] {manager.py:499} INFO - Created Permission View: %s
[2024-08-08T20:18:57.411+0400] {logging_mixin.py:151} INFO - [2024-08-08T20:18:57.411+0400] {manager.py:499} INFO - Created Permission View: %s
[2024-08-08T20:18:57.429+0400] {logging_mixin.py:151} INFO - [2024-08-08T20:18:57.429+0400] {manager.py:499} INFO - Created Permission View: %s
[2024-08-08T20:18:57.429+0400] {logging_mixin.py:151} INFO - [2024-08-08T20:18:57.429+0400] {security.py:708} INFO - Not syncing DAG-level permissions for DAG 'DAG:dataset_consumes_1_and_2' as access control is unset.
[2024-08-08T20:18:57.470+0400] {logging_mixin.py:151} INFO - [2024-08-08T20:18:57.470+0400] {manager.py:499} INFO - Created Permission View: %s
[2024-08-08T20:18:57.493+0400] {logging_mixin.py:151} INFO - [2024-08-08T20:18:57.492+0400] {manager.py:499} INFO - Created Permission View: %s
[2024-08-08T20:18:57.512+0400] {logging_mixin.py:151} INFO - [2024-08-08T20:18:57.512+0400] {manager.py:499} INFO - Created Permission View: %s
[2024-08-08T20:18:57.512+0400] {logging_mixin.py:151} INFO - [2024-08-08T20:18:57.512+0400] {security.py:708} INFO - Not syncing DAG-level permissions for DAG 'DAG:dataset_produces_1' as access control is unset.
[2024-08-08T20:18:57.570+0400] {logging_mixin.py:151} INFO - [2024-08-08T20:18:57.570+0400] {manager.py:499} INFO - Created Permission View: %s
[2024-08-08T20:18:57.594+0400] {logging_mixin.py:151} INFO - [2024-08-08T20:18:57.594+0400] {manager.py:499} INFO - Created Permission View: %s
[2024-08-08T20:18:57.611+0400] {logging_mixin.py:151} INFO - [2024-08-08T20:18:57.611+0400] {manager.py:499} INFO - Created Permission View: %s
[2024-08-08T20:18:57.611+0400] {logging_mixin.py:151} INFO - [2024-08-08T20:18:57.611+0400] {security.py:708} INFO - Not syncing DAG-level permissions for DAG 'DAG:dataset_consumes_1_never_scheduled' as access control is unset.
[2024-08-08T20:18:57.651+0400] {logging_mixin.py:151} INFO - [2024-08-08T20:18:57.651+0400] {manager.py:499} INFO - Created Permission View: %s
[2024-08-08T20:18:57.674+0400] {logging_mixin.py:151} INFO - [2024-08-08T20:18:57.673+0400] {manager.py:499} INFO - Created Permission View: %s
[2024-08-08T20:18:57.708+0400] {logging_mixin.py:151} INFO - [2024-08-08T20:18:57.707+0400] {manager.py:499} INFO - Created Permission View: %s
[2024-08-08T20:18:57.708+0400] {logging_mixin.py:151} INFO - [2024-08-08T20:18:57.708+0400] {security.py:708} INFO - Not syncing DAG-level permissions for DAG 'DAG:dataset_produces_2' as access control is unset.
[2024-08-08T20:18:57.708+0400] {logging_mixin.py:151} INFO - [2024-08-08T20:18:57.708+0400] {dag.py:2915} INFO - Sync 6 DAGs
[2024-08-08T20:18:57.715+0400] {logging_mixin.py:151} INFO - [2024-08-08T20:18:57.714+0400] {dag.py:2937} INFO - Creating ORM DAG for dataset_consumes_unknown_never_scheduled
[2024-08-08T20:18:57.715+0400] {logging_mixin.py:151} INFO - [2024-08-08T20:18:57.715+0400] {dag.py:2937} INFO - Creating ORM DAG for dataset_consumes_1_never_scheduled
[2024-08-08T20:18:57.715+0400] {logging_mixin.py:151} INFO - [2024-08-08T20:18:57.715+0400] {dag.py:2937} INFO - Creating ORM DAG for dataset_consumes_1
[2024-08-08T20:18:57.715+0400] {logging_mixin.py:151} INFO - [2024-08-08T20:18:57.715+0400] {dag.py:2937} INFO - Creating ORM DAG for dataset_produces_1
[2024-08-08T20:18:57.716+0400] {logging_mixin.py:151} INFO - [2024-08-08T20:18:57.716+0400] {dag.py:2937} INFO - Creating ORM DAG for dataset_consumes_1_and_2
[2024-08-08T20:18:57.716+0400] {logging_mixin.py:151} INFO - [2024-08-08T20:18:57.716+0400] {dag.py:2937} INFO - Creating ORM DAG for dataset_produces_2
[2024-08-08T20:18:57.722+0400] {logging_mixin.py:151} INFO - [2024-08-08T20:18:57.722+0400] {dag.py:3696} INFO - Setting next_dagrun for dataset_consumes_1 to None, run_after=None
[2024-08-08T20:18:57.723+0400] {logging_mixin.py:151} INFO - [2024-08-08T20:18:57.722+0400] {dag.py:3696} INFO - Setting next_dagrun for dataset_consumes_1_and_2 to None, run_after=None
[2024-08-08T20:18:57.723+0400] {logging_mixin.py:151} INFO - [2024-08-08T20:18:57.723+0400] {dag.py:3696} INFO - Setting next_dagrun for dataset_consumes_1_never_scheduled to None, run_after=None
[2024-08-08T20:18:57.723+0400] {logging_mixin.py:151} INFO - [2024-08-08T20:18:57.723+0400] {dag.py:3696} INFO - Setting next_dagrun for dataset_consumes_unknown_never_scheduled to None, run_after=None
[2024-08-08T20:18:57.725+0400] {logging_mixin.py:151} INFO - [2024-08-08T20:18:57.725+0400] {dag.py:3696} INFO - Setting next_dagrun for dataset_produces_1 to 2024-08-07T00:00:00+00:00, run_after=2024-08-08T00:00:00+00:00
[2024-08-08T20:18:57.726+0400] {logging_mixin.py:151} INFO - [2024-08-08T20:18:57.726+0400] {dag.py:3696} INFO - Setting next_dagrun for dataset_produces_2 to None, run_after=None
[2024-08-08T20:18:57.765+0400] {processor.py:179} INFO - Processing /home/eduardo/airflow_venv/lib/python3.10/site-packages/airflow/example_dags/example_datasets.py took 0.682 seconds
[2024-08-08T20:19:52.520+0400] {processor.py:157} INFO - Started process (PID=6899) to work on /home/eduardo/airflow_venv/lib/python3.10/site-packages/airflow/example_dags/example_datasets.py
[2024-08-08T20:19:52.521+0400] {processor.py:829} INFO - Processing file /home/eduardo/airflow_venv/lib/python3.10/site-packages/airflow/example_dags/example_datasets.py for tasks to queue
[2024-08-08T20:19:52.521+0400] {logging_mixin.py:151} INFO - [2024-08-08T20:19:52.521+0400] {dagbag.py:539} INFO - Filling up the DagBag from /home/eduardo/airflow_venv/lib/python3.10/site-packages/airflow/example_dags/example_datasets.py
[2024-08-08T20:19:52.527+0400] {processor.py:839} INFO - DAG(s) dict_keys(['dataset_produces_1', 'dataset_consumes_1', 'dataset_consumes_unknown_never_scheduled', 'dataset_consumes_1_never_scheduled', 'dataset_produces_2', 'dataset_consumes_1_and_2']) retrieved from /home/eduardo/airflow_venv/lib/python3.10/site-packages/airflow/example_dags/example_datasets.py
[2024-08-08T20:19:52.546+0400] {logging_mixin.py:151} INFO - [2024-08-08T20:19:52.545+0400] {dag.py:2915} INFO - Sync 6 DAGs
[2024-08-08T20:19:52.559+0400] {logging_mixin.py:151} INFO - [2024-08-08T20:19:52.559+0400] {dag.py:3696} INFO - Setting next_dagrun for dataset_consumes_1 to None, run_after=None
[2024-08-08T20:19:52.560+0400] {logging_mixin.py:151} INFO - [2024-08-08T20:19:52.560+0400] {dag.py:3696} INFO - Setting next_dagrun for dataset_consumes_1_and_2 to None, run_after=None
[2024-08-08T20:19:52.561+0400] {logging_mixin.py:151} INFO - [2024-08-08T20:19:52.561+0400] {dag.py:3696} INFO - Setting next_dagrun for dataset_consumes_1_never_scheduled to None, run_after=None
[2024-08-08T20:19:52.562+0400] {logging_mixin.py:151} INFO - [2024-08-08T20:19:52.562+0400] {dag.py:3696} INFO - Setting next_dagrun for dataset_consumes_unknown_never_scheduled to None, run_after=None
[2024-08-08T20:19:52.563+0400] {logging_mixin.py:151} INFO - [2024-08-08T20:19:52.563+0400] {dag.py:3696} INFO - Setting next_dagrun for dataset_produces_1 to 2024-08-07T00:00:00+00:00, run_after=2024-08-08T00:00:00+00:00
[2024-08-08T20:19:52.563+0400] {logging_mixin.py:151} INFO - [2024-08-08T20:19:52.563+0400] {dag.py:3696} INFO - Setting next_dagrun for dataset_produces_2 to None, run_after=None
[2024-08-08T20:19:52.597+0400] {processor.py:179} INFO - Processing /home/eduardo/airflow_venv/lib/python3.10/site-packages/airflow/example_dags/example_datasets.py took 0.079 seconds
[2024-08-08T20:20:34.502+0400] {processor.py:157} INFO - Started process (PID=6945) to work on /home/eduardo/airflow_venv/lib/python3.10/site-packages/airflow/example_dags/example_datasets.py
[2024-08-08T20:20:34.503+0400] {processor.py:829} INFO - Processing file /home/eduardo/airflow_venv/lib/python3.10/site-packages/airflow/example_dags/example_datasets.py for tasks to queue
[2024-08-08T20:20:34.504+0400] {logging_mixin.py:151} INFO - [2024-08-08T20:20:34.503+0400] {dagbag.py:539} INFO - Filling up the DagBag from /home/eduardo/airflow_venv/lib/python3.10/site-packages/airflow/example_dags/example_datasets.py
[2024-08-08T20:20:34.510+0400] {processor.py:839} INFO - DAG(s) dict_keys(['dataset_consumes_unknown_never_scheduled', 'dataset_produces_2', 'dataset_consumes_1_never_scheduled', 'dataset_consumes_1_and_2', 'dataset_consumes_1', 'dataset_produces_1']) retrieved from /home/eduardo/airflow_venv/lib/python3.10/site-packages/airflow/example_dags/example_datasets.py
[2024-08-08T20:20:34.529+0400] {logging_mixin.py:151} INFO - [2024-08-08T20:20:34.529+0400] {dag.py:2915} INFO - Sync 6 DAGs
[2024-08-08T20:20:34.545+0400] {logging_mixin.py:151} INFO - [2024-08-08T20:20:34.545+0400] {dag.py:3696} INFO - Setting next_dagrun for dataset_consumes_1 to None, run_after=None
[2024-08-08T20:20:34.547+0400] {logging_mixin.py:151} INFO - [2024-08-08T20:20:34.547+0400] {dag.py:3696} INFO - Setting next_dagrun for dataset_consumes_1_and_2 to None, run_after=None
[2024-08-08T20:20:34.548+0400] {logging_mixin.py:151} INFO - [2024-08-08T20:20:34.548+0400] {dag.py:3696} INFO - Setting next_dagrun for dataset_consumes_1_never_scheduled to None, run_after=None
[2024-08-08T20:20:34.549+0400] {logging_mixin.py:151} INFO - [2024-08-08T20:20:34.549+0400] {dag.py:3696} INFO - Setting next_dagrun for dataset_consumes_unknown_never_scheduled to None, run_after=None
[2024-08-08T20:20:34.550+0400] {logging_mixin.py:151} INFO - [2024-08-08T20:20:34.550+0400] {dag.py:3696} INFO - Setting next_dagrun for dataset_produces_1 to 2024-08-07T00:00:00+00:00, run_after=2024-08-08T00:00:00+00:00
[2024-08-08T20:20:34.551+0400] {logging_mixin.py:151} INFO - [2024-08-08T20:20:34.551+0400] {dag.py:3696} INFO - Setting next_dagrun for dataset_produces_2 to None, run_after=None
[2024-08-08T20:20:34.585+0400] {processor.py:179} INFO - Processing /home/eduardo/airflow_venv/lib/python3.10/site-packages/airflow/example_dags/example_datasets.py took 0.085 seconds
[2024-08-08T20:21:18.059+0400] {processor.py:157} INFO - Started process (PID=6991) to work on /home/eduardo/airflow_venv/lib/python3.10/site-packages/airflow/example_dags/example_datasets.py
[2024-08-08T20:21:18.060+0400] {processor.py:829} INFO - Processing file /home/eduardo/airflow_venv/lib/python3.10/site-packages/airflow/example_dags/example_datasets.py for tasks to queue
[2024-08-08T20:21:18.060+0400] {logging_mixin.py:151} INFO - [2024-08-08T20:21:18.060+0400] {dagbag.py:539} INFO - Filling up the DagBag from /home/eduardo/airflow_venv/lib/python3.10/site-packages/airflow/example_dags/example_datasets.py
[2024-08-08T20:21:18.067+0400] {processor.py:839} INFO - DAG(s) dict_keys(['dataset_consumes_1_never_scheduled', 'dataset_produces_1', 'dataset_consumes_1', 'dataset_produces_2', 'dataset_consumes_unknown_never_scheduled', 'dataset_consumes_1_and_2']) retrieved from /home/eduardo/airflow_venv/lib/python3.10/site-packages/airflow/example_dags/example_datasets.py
[2024-08-08T20:21:18.085+0400] {logging_mixin.py:151} INFO - [2024-08-08T20:21:18.085+0400] {dag.py:2915} INFO - Sync 6 DAGs
[2024-08-08T20:21:18.098+0400] {logging_mixin.py:151} INFO - [2024-08-08T20:21:18.098+0400] {dag.py:3696} INFO - Setting next_dagrun for dataset_consumes_1 to None, run_after=None
[2024-08-08T20:21:18.100+0400] {logging_mixin.py:151} INFO - [2024-08-08T20:21:18.100+0400] {dag.py:3696} INFO - Setting next_dagrun for dataset_consumes_1_and_2 to None, run_after=None
[2024-08-08T20:21:18.101+0400] {logging_mixin.py:151} INFO - [2024-08-08T20:21:18.101+0400] {dag.py:3696} INFO - Setting next_dagrun for dataset_consumes_1_never_scheduled to None, run_after=None
[2024-08-08T20:21:18.102+0400] {logging_mixin.py:151} INFO - [2024-08-08T20:21:18.102+0400] {dag.py:3696} INFO - Setting next_dagrun for dataset_consumes_unknown_never_scheduled to None, run_after=None
[2024-08-08T20:21:18.103+0400] {logging_mixin.py:151} INFO - [2024-08-08T20:21:18.103+0400] {dag.py:3696} INFO - Setting next_dagrun for dataset_produces_1 to 2024-08-07T00:00:00+00:00, run_after=2024-08-08T00:00:00+00:00
[2024-08-08T20:21:18.103+0400] {logging_mixin.py:151} INFO - [2024-08-08T20:21:18.103+0400] {dag.py:3696} INFO - Setting next_dagrun for dataset_produces_2 to None, run_after=None
[2024-08-08T20:21:18.137+0400] {processor.py:179} INFO - Processing /home/eduardo/airflow_venv/lib/python3.10/site-packages/airflow/example_dags/example_datasets.py took 0.081 seconds
[2024-08-08T20:22:13.244+0400] {processor.py:157} INFO - Started process (PID=7048) to work on /home/eduardo/airflow_venv/lib/python3.10/site-packages/airflow/example_dags/example_datasets.py
[2024-08-08T20:22:13.245+0400] {processor.py:829} INFO - Processing file /home/eduardo/airflow_venv/lib/python3.10/site-packages/airflow/example_dags/example_datasets.py for tasks to queue
[2024-08-08T20:22:13.246+0400] {logging_mixin.py:151} INFO - [2024-08-08T20:22:13.246+0400] {dagbag.py:539} INFO - Filling up the DagBag from /home/eduardo/airflow_venv/lib/python3.10/site-packages/airflow/example_dags/example_datasets.py
[2024-08-08T20:22:13.252+0400] {processor.py:839} INFO - DAG(s) dict_keys(['dataset_consumes_1_never_scheduled', 'dataset_consumes_1', 'dataset_consumes_unknown_never_scheduled', 'dataset_produces_1', 'dataset_consumes_1_and_2', 'dataset_produces_2']) retrieved from /home/eduardo/airflow_venv/lib/python3.10/site-packages/airflow/example_dags/example_datasets.py
[2024-08-08T20:22:13.271+0400] {logging_mixin.py:151} INFO - [2024-08-08T20:22:13.271+0400] {dag.py:2915} INFO - Sync 6 DAGs
[2024-08-08T20:22:13.285+0400] {logging_mixin.py:151} INFO - [2024-08-08T20:22:13.285+0400] {dag.py:3696} INFO - Setting next_dagrun for dataset_consumes_1 to None, run_after=None
[2024-08-08T20:22:13.287+0400] {logging_mixin.py:151} INFO - [2024-08-08T20:22:13.286+0400] {dag.py:3696} INFO - Setting next_dagrun for dataset_consumes_1_and_2 to None, run_after=None
[2024-08-08T20:22:13.287+0400] {logging_mixin.py:151} INFO - [2024-08-08T20:22:13.287+0400] {dag.py:3696} INFO - Setting next_dagrun for dataset_consumes_1_never_scheduled to None, run_after=None
[2024-08-08T20:22:13.287+0400] {logging_mixin.py:151} INFO - [2024-08-08T20:22:13.287+0400] {dag.py:3696} INFO - Setting next_dagrun for dataset_consumes_unknown_never_scheduled to None, run_after=None
[2024-08-08T20:22:13.289+0400] {logging_mixin.py:151} INFO - [2024-08-08T20:22:13.289+0400] {dag.py:3696} INFO - Setting next_dagrun for dataset_produces_1 to 2024-08-07T00:00:00+00:00, run_after=2024-08-08T00:00:00+00:00
[2024-08-08T20:22:13.289+0400] {logging_mixin.py:151} INFO - [2024-08-08T20:22:13.289+0400] {dag.py:3696} INFO - Setting next_dagrun for dataset_produces_2 to None, run_after=None
[2024-08-08T20:22:13.321+0400] {processor.py:179} INFO - Processing /home/eduardo/airflow_venv/lib/python3.10/site-packages/airflow/example_dags/example_datasets.py took 0.080 seconds
[2024-08-08T20:22:58.819+0400] {processor.py:157} INFO - Started process (PID=7113) to work on /home/eduardo/airflow_venv/lib/python3.10/site-packages/airflow/example_dags/example_datasets.py
[2024-08-08T20:22:58.820+0400] {processor.py:829} INFO - Processing file /home/eduardo/airflow_venv/lib/python3.10/site-packages/airflow/example_dags/example_datasets.py for tasks to queue
[2024-08-08T20:22:58.820+0400] {logging_mixin.py:151} INFO - [2024-08-08T20:22:58.820+0400] {dagbag.py:539} INFO - Filling up the DagBag from /home/eduardo/airflow_venv/lib/python3.10/site-packages/airflow/example_dags/example_datasets.py
[2024-08-08T20:22:58.826+0400] {processor.py:839} INFO - DAG(s) dict_keys(['dataset_consumes_unknown_never_scheduled', 'dataset_consumes_1_and_2', 'dataset_produces_2', 'dataset_consumes_1_never_scheduled', 'dataset_produces_1', 'dataset_consumes_1']) retrieved from /home/eduardo/airflow_venv/lib/python3.10/site-packages/airflow/example_dags/example_datasets.py
[2024-08-08T20:22:58.845+0400] {logging_mixin.py:151} INFO - [2024-08-08T20:22:58.845+0400] {dag.py:2915} INFO - Sync 6 DAGs
[2024-08-08T20:22:58.861+0400] {logging_mixin.py:151} INFO - [2024-08-08T20:22:58.861+0400] {dag.py:3696} INFO - Setting next_dagrun for dataset_consumes_1 to None, run_after=None
[2024-08-08T20:22:58.863+0400] {logging_mixin.py:151} INFO - [2024-08-08T20:22:58.863+0400] {dag.py:3696} INFO - Setting next_dagrun for dataset_consumes_1_and_2 to None, run_after=None
[2024-08-08T20:22:58.864+0400] {logging_mixin.py:151} INFO - [2024-08-08T20:22:58.863+0400] {dag.py:3696} INFO - Setting next_dagrun for dataset_consumes_1_never_scheduled to None, run_after=None
[2024-08-08T20:22:58.864+0400] {logging_mixin.py:151} INFO - [2024-08-08T20:22:58.864+0400] {dag.py:3696} INFO - Setting next_dagrun for dataset_consumes_unknown_never_scheduled to None, run_after=None
[2024-08-08T20:22:58.865+0400] {logging_mixin.py:151} INFO - [2024-08-08T20:22:58.865+0400] {dag.py:3696} INFO - Setting next_dagrun for dataset_produces_1 to 2024-08-07T00:00:00+00:00, run_after=2024-08-08T00:00:00+00:00
[2024-08-08T20:22:58.866+0400] {logging_mixin.py:151} INFO - [2024-08-08T20:22:58.866+0400] {dag.py:3696} INFO - Setting next_dagrun for dataset_produces_2 to None, run_after=None
[2024-08-08T20:22:58.899+0400] {processor.py:179} INFO - Processing /home/eduardo/airflow_venv/lib/python3.10/site-packages/airflow/example_dags/example_datasets.py took 0.082 seconds
[2024-08-08T20:23:41.752+0400] {processor.py:157} INFO - Started process (PID=7162) to work on /home/eduardo/airflow_venv/lib/python3.10/site-packages/airflow/example_dags/example_datasets.py
[2024-08-08T20:23:41.753+0400] {processor.py:829} INFO - Processing file /home/eduardo/airflow_venv/lib/python3.10/site-packages/airflow/example_dags/example_datasets.py for tasks to queue
[2024-08-08T20:23:41.754+0400] {logging_mixin.py:151} INFO - [2024-08-08T20:23:41.753+0400] {dagbag.py:539} INFO - Filling up the DagBag from /home/eduardo/airflow_venv/lib/python3.10/site-packages/airflow/example_dags/example_datasets.py
[2024-08-08T20:23:41.761+0400] {processor.py:839} INFO - DAG(s) dict_keys(['dataset_consumes_unknown_never_scheduled', 'dataset_consumes_1', 'dataset_produces_1', 'dataset_produces_2', 'dataset_consumes_1_and_2', 'dataset_consumes_1_never_scheduled']) retrieved from /home/eduardo/airflow_venv/lib/python3.10/site-packages/airflow/example_dags/example_datasets.py
[2024-08-08T20:23:41.780+0400] {logging_mixin.py:151} INFO - [2024-08-08T20:23:41.780+0400] {dag.py:2915} INFO - Sync 6 DAGs
[2024-08-08T20:23:41.792+0400] {logging_mixin.py:151} INFO - [2024-08-08T20:23:41.792+0400] {dag.py:3696} INFO - Setting next_dagrun for dataset_consumes_1 to None, run_after=None
[2024-08-08T20:23:41.794+0400] {logging_mixin.py:151} INFO - [2024-08-08T20:23:41.794+0400] {dag.py:3696} INFO - Setting next_dagrun for dataset_consumes_1_and_2 to None, run_after=None
[2024-08-08T20:23:41.794+0400] {logging_mixin.py:151} INFO - [2024-08-08T20:23:41.794+0400] {dag.py:3696} INFO - Setting next_dagrun for dataset_consumes_1_never_scheduled to None, run_after=None
[2024-08-08T20:23:41.795+0400] {logging_mixin.py:151} INFO - [2024-08-08T20:23:41.795+0400] {dag.py:3696} INFO - Setting next_dagrun for dataset_consumes_unknown_never_scheduled to None, run_after=None
[2024-08-08T20:23:41.796+0400] {logging_mixin.py:151} INFO - [2024-08-08T20:23:41.796+0400] {dag.py:3696} INFO - Setting next_dagrun for dataset_produces_1 to 2024-08-07T00:00:00+00:00, run_after=2024-08-08T00:00:00+00:00
[2024-08-08T20:23:41.797+0400] {logging_mixin.py:151} INFO - [2024-08-08T20:23:41.797+0400] {dag.py:3696} INFO - Setting next_dagrun for dataset_produces_2 to None, run_after=None
[2024-08-08T20:23:41.827+0400] {processor.py:179} INFO - Processing /home/eduardo/airflow_venv/lib/python3.10/site-packages/airflow/example_dags/example_datasets.py took 0.077 seconds
[2024-08-08T20:24:28.197+0400] {processor.py:157} INFO - Started process (PID=7210) to work on /home/eduardo/airflow_venv/lib/python3.10/site-packages/airflow/example_dags/example_datasets.py
[2024-08-08T20:24:28.199+0400] {processor.py:829} INFO - Processing file /home/eduardo/airflow_venv/lib/python3.10/site-packages/airflow/example_dags/example_datasets.py for tasks to queue
[2024-08-08T20:24:28.199+0400] {logging_mixin.py:151} INFO - [2024-08-08T20:24:28.199+0400] {dagbag.py:539} INFO - Filling up the DagBag from /home/eduardo/airflow_venv/lib/python3.10/site-packages/airflow/example_dags/example_datasets.py
[2024-08-08T20:24:28.207+0400] {processor.py:839} INFO - DAG(s) dict_keys(['dataset_consumes_1', 'dataset_consumes_unknown_never_scheduled', 'dataset_consumes_1_never_scheduled', 'dataset_consumes_1_and_2', 'dataset_produces_1', 'dataset_produces_2']) retrieved from /home/eduardo/airflow_venv/lib/python3.10/site-packages/airflow/example_dags/example_datasets.py
[2024-08-08T20:24:28.226+0400] {logging_mixin.py:151} INFO - [2024-08-08T20:24:28.225+0400] {dag.py:2915} INFO - Sync 6 DAGs
[2024-08-08T20:24:28.238+0400] {logging_mixin.py:151} INFO - [2024-08-08T20:24:28.238+0400] {dag.py:3696} INFO - Setting next_dagrun for dataset_consumes_1 to None, run_after=None
[2024-08-08T20:24:28.240+0400] {logging_mixin.py:151} INFO - [2024-08-08T20:24:28.240+0400] {dag.py:3696} INFO - Setting next_dagrun for dataset_consumes_1_and_2 to None, run_after=None
[2024-08-08T20:24:28.240+0400] {logging_mixin.py:151} INFO - [2024-08-08T20:24:28.240+0400] {dag.py:3696} INFO - Setting next_dagrun for dataset_consumes_1_never_scheduled to None, run_after=None
[2024-08-08T20:24:28.241+0400] {logging_mixin.py:151} INFO - [2024-08-08T20:24:28.241+0400] {dag.py:3696} INFO - Setting next_dagrun for dataset_consumes_unknown_never_scheduled to None, run_after=None
[2024-08-08T20:24:28.242+0400] {logging_mixin.py:151} INFO - [2024-08-08T20:24:28.242+0400] {dag.py:3696} INFO - Setting next_dagrun for dataset_produces_1 to 2024-08-07T00:00:00+00:00, run_after=2024-08-08T00:00:00+00:00
[2024-08-08T20:24:28.242+0400] {logging_mixin.py:151} INFO - [2024-08-08T20:24:28.242+0400] {dag.py:3696} INFO - Setting next_dagrun for dataset_produces_2 to None, run_after=None
[2024-08-08T20:24:28.274+0400] {processor.py:179} INFO - Processing /home/eduardo/airflow_venv/lib/python3.10/site-packages/airflow/example_dags/example_datasets.py took 0.079 seconds
[2024-08-08T20:25:18.173+0400] {processor.py:157} INFO - Started process (PID=7268) to work on /home/eduardo/airflow_venv/lib/python3.10/site-packages/airflow/example_dags/example_datasets.py
[2024-08-08T20:25:18.174+0400] {processor.py:829} INFO - Processing file /home/eduardo/airflow_venv/lib/python3.10/site-packages/airflow/example_dags/example_datasets.py for tasks to queue
[2024-08-08T20:25:18.174+0400] {logging_mixin.py:151} INFO - [2024-08-08T20:25:18.174+0400] {dagbag.py:539} INFO - Filling up the DagBag from /home/eduardo/airflow_venv/lib/python3.10/site-packages/airflow/example_dags/example_datasets.py
[2024-08-08T20:25:18.181+0400] {processor.py:839} INFO - DAG(s) dict_keys(['dataset_consumes_1_never_scheduled', 'dataset_consumes_unknown_never_scheduled', 'dataset_produces_2', 'dataset_produces_1', 'dataset_consumes_1', 'dataset_consumes_1_and_2']) retrieved from /home/eduardo/airflow_venv/lib/python3.10/site-packages/airflow/example_dags/example_datasets.py
[2024-08-08T20:25:18.205+0400] {logging_mixin.py:151} INFO - [2024-08-08T20:25:18.205+0400] {dag.py:2915} INFO - Sync 6 DAGs
[2024-08-08T20:25:18.222+0400] {logging_mixin.py:151} INFO - [2024-08-08T20:25:18.222+0400] {dag.py:3696} INFO - Setting next_dagrun for dataset_consumes_1 to None, run_after=None
[2024-08-08T20:25:18.224+0400] {logging_mixin.py:151} INFO - [2024-08-08T20:25:18.224+0400] {dag.py:3696} INFO - Setting next_dagrun for dataset_consumes_1_and_2 to None, run_after=None
[2024-08-08T20:25:18.225+0400] {logging_mixin.py:151} INFO - [2024-08-08T20:25:18.225+0400] {dag.py:3696} INFO - Setting next_dagrun for dataset_consumes_1_never_scheduled to None, run_after=None
[2024-08-08T20:25:18.226+0400] {logging_mixin.py:151} INFO - [2024-08-08T20:25:18.226+0400] {dag.py:3696} INFO - Setting next_dagrun for dataset_consumes_unknown_never_scheduled to None, run_after=None
[2024-08-08T20:25:18.228+0400] {logging_mixin.py:151} INFO - [2024-08-08T20:25:18.228+0400] {dag.py:3696} INFO - Setting next_dagrun for dataset_produces_1 to 2024-08-07T00:00:00+00:00, run_after=2024-08-08T00:00:00+00:00
[2024-08-08T20:25:18.229+0400] {logging_mixin.py:151} INFO - [2024-08-08T20:25:18.229+0400] {dag.py:3696} INFO - Setting next_dagrun for dataset_produces_2 to None, run_after=None
[2024-08-08T20:25:18.266+0400] {processor.py:179} INFO - Processing /home/eduardo/airflow_venv/lib/python3.10/site-packages/airflow/example_dags/example_datasets.py took 0.095 seconds
[2024-08-08T20:26:01.543+0400] {processor.py:157} INFO - Started process (PID=7314) to work on /home/eduardo/airflow_venv/lib/python3.10/site-packages/airflow/example_dags/example_datasets.py
[2024-08-08T20:26:01.544+0400] {processor.py:829} INFO - Processing file /home/eduardo/airflow_venv/lib/python3.10/site-packages/airflow/example_dags/example_datasets.py for tasks to queue
[2024-08-08T20:26:01.544+0400] {logging_mixin.py:151} INFO - [2024-08-08T20:26:01.544+0400] {dagbag.py:539} INFO - Filling up the DagBag from /home/eduardo/airflow_venv/lib/python3.10/site-packages/airflow/example_dags/example_datasets.py
[2024-08-08T20:26:01.553+0400] {processor.py:839} INFO - DAG(s) dict_keys(['dataset_produces_1', 'dataset_consumes_1_never_scheduled', 'dataset_produces_2', 'dataset_consumes_1_and_2', 'dataset_consumes_unknown_never_scheduled', 'dataset_consumes_1']) retrieved from /home/eduardo/airflow_venv/lib/python3.10/site-packages/airflow/example_dags/example_datasets.py
[2024-08-08T20:26:01.574+0400] {logging_mixin.py:151} INFO - [2024-08-08T20:26:01.574+0400] {dag.py:2915} INFO - Sync 6 DAGs
[2024-08-08T20:26:01.589+0400] {logging_mixin.py:151} INFO - [2024-08-08T20:26:01.589+0400] {dag.py:3696} INFO - Setting next_dagrun for dataset_consumes_1 to None, run_after=None
[2024-08-08T20:26:01.591+0400] {logging_mixin.py:151} INFO - [2024-08-08T20:26:01.591+0400] {dag.py:3696} INFO - Setting next_dagrun for dataset_consumes_1_and_2 to None, run_after=None
[2024-08-08T20:26:01.591+0400] {logging_mixin.py:151} INFO - [2024-08-08T20:26:01.591+0400] {dag.py:3696} INFO - Setting next_dagrun for dataset_consumes_1_never_scheduled to None, run_after=None
[2024-08-08T20:26:01.592+0400] {logging_mixin.py:151} INFO - [2024-08-08T20:26:01.592+0400] {dag.py:3696} INFO - Setting next_dagrun for dataset_consumes_unknown_never_scheduled to None, run_after=None
[2024-08-08T20:26:01.593+0400] {logging_mixin.py:151} INFO - [2024-08-08T20:26:01.593+0400] {dag.py:3696} INFO - Setting next_dagrun for dataset_produces_1 to 2024-08-07T00:00:00+00:00, run_after=2024-08-08T00:00:00+00:00
[2024-08-08T20:26:01.594+0400] {logging_mixin.py:151} INFO - [2024-08-08T20:26:01.594+0400] {dag.py:3696} INFO - Setting next_dagrun for dataset_produces_2 to None, run_after=None
[2024-08-08T20:26:01.625+0400] {processor.py:179} INFO - Processing /home/eduardo/airflow_venv/lib/python3.10/site-packages/airflow/example_dags/example_datasets.py took 0.085 seconds
[2024-08-08T22:10:09.173+0400] {processor.py:157} INFO - Started process (PID=9855) to work on /home/eduardo/airflow_venv/lib/python3.10/site-packages/airflow/example_dags/example_datasets.py
[2024-08-08T22:10:09.176+0400] {processor.py:829} INFO - Processing file /home/eduardo/airflow_venv/lib/python3.10/site-packages/airflow/example_dags/example_datasets.py for tasks to queue
[2024-08-08T22:10:09.177+0400] {logging_mixin.py:151} INFO - [2024-08-08T22:10:09.177+0400] {dagbag.py:539} INFO - Filling up the DagBag from /home/eduardo/airflow_venv/lib/python3.10/site-packages/airflow/example_dags/example_datasets.py
[2024-08-08T22:10:09.185+0400] {processor.py:839} INFO - DAG(s) dict_keys(['dataset_consumes_1_never_scheduled', 'dataset_consumes_unknown_never_scheduled', 'dataset_consumes_1_and_2', 'dataset_consumes_1', 'dataset_produces_2', 'dataset_produces_1']) retrieved from /home/eduardo/airflow_venv/lib/python3.10/site-packages/airflow/example_dags/example_datasets.py
[2024-08-08T22:10:09.206+0400] {logging_mixin.py:151} INFO - [2024-08-08T22:10:09.206+0400] {dag.py:2915} INFO - Sync 6 DAGs
[2024-08-08T22:10:09.222+0400] {logging_mixin.py:151} INFO - [2024-08-08T22:10:09.221+0400] {dag.py:3696} INFO - Setting next_dagrun for dataset_consumes_1 to None, run_after=None
[2024-08-08T22:10:09.224+0400] {logging_mixin.py:151} INFO - [2024-08-08T22:10:09.224+0400] {dag.py:3696} INFO - Setting next_dagrun for dataset_consumes_1_and_2 to None, run_after=None
[2024-08-08T22:10:09.224+0400] {logging_mixin.py:151} INFO - [2024-08-08T22:10:09.224+0400] {dag.py:3696} INFO - Setting next_dagrun for dataset_consumes_1_never_scheduled to None, run_after=None
[2024-08-08T22:10:09.225+0400] {logging_mixin.py:151} INFO - [2024-08-08T22:10:09.225+0400] {dag.py:3696} INFO - Setting next_dagrun for dataset_consumes_unknown_never_scheduled to None, run_after=None
[2024-08-08T22:10:09.227+0400] {logging_mixin.py:151} INFO - [2024-08-08T22:10:09.226+0400] {dag.py:3696} INFO - Setting next_dagrun for dataset_produces_1 to 2024-08-07T00:00:00+00:00, run_after=2024-08-08T00:00:00+00:00
[2024-08-08T22:10:09.227+0400] {logging_mixin.py:151} INFO - [2024-08-08T22:10:09.227+0400] {dag.py:3696} INFO - Setting next_dagrun for dataset_produces_2 to None, run_after=None
[2024-08-08T22:10:09.262+0400] {processor.py:179} INFO - Processing /home/eduardo/airflow_venv/lib/python3.10/site-packages/airflow/example_dags/example_datasets.py took 0.092 seconds
[2024-08-08T22:10:59.919+0400] {processor.py:157} INFO - Started process (PID=10347) to work on /home/eduardo/airflow_venv/lib/python3.10/site-packages/airflow/example_dags/example_datasets.py
[2024-08-08T22:10:59.921+0400] {processor.py:829} INFO - Processing file /home/eduardo/airflow_venv/lib/python3.10/site-packages/airflow/example_dags/example_datasets.py for tasks to queue
[2024-08-08T22:10:59.922+0400] {logging_mixin.py:151} INFO - [2024-08-08T22:10:59.922+0400] {dagbag.py:539} INFO - Filling up the DagBag from /home/eduardo/airflow_venv/lib/python3.10/site-packages/airflow/example_dags/example_datasets.py
[2024-08-08T22:10:59.930+0400] {processor.py:839} INFO - DAG(s) dict_keys(['dataset_produces_2', 'dataset_consumes_1', 'dataset_consumes_1_and_2', 'dataset_produces_1', 'dataset_consumes_unknown_never_scheduled', 'dataset_consumes_1_never_scheduled']) retrieved from /home/eduardo/airflow_venv/lib/python3.10/site-packages/airflow/example_dags/example_datasets.py
[2024-08-08T22:10:59.951+0400] {logging_mixin.py:151} INFO - [2024-08-08T22:10:59.951+0400] {dag.py:2915} INFO - Sync 6 DAGs
[2024-08-08T22:10:59.973+0400] {logging_mixin.py:151} INFO - [2024-08-08T22:10:59.973+0400] {dag.py:3696} INFO - Setting next_dagrun for dataset_consumes_1 to None, run_after=None
[2024-08-08T22:10:59.975+0400] {logging_mixin.py:151} INFO - [2024-08-08T22:10:59.975+0400] {dag.py:3696} INFO - Setting next_dagrun for dataset_consumes_1_and_2 to None, run_after=None
[2024-08-08T22:10:59.976+0400] {logging_mixin.py:151} INFO - [2024-08-08T22:10:59.976+0400] {dag.py:3696} INFO - Setting next_dagrun for dataset_consumes_1_never_scheduled to None, run_after=None
[2024-08-08T22:10:59.976+0400] {logging_mixin.py:151} INFO - [2024-08-08T22:10:59.976+0400] {dag.py:3696} INFO - Setting next_dagrun for dataset_consumes_unknown_never_scheduled to None, run_after=None
[2024-08-08T22:10:59.979+0400] {logging_mixin.py:151} INFO - [2024-08-08T22:10:59.979+0400] {dag.py:3696} INFO - Setting next_dagrun for dataset_produces_1 to 2024-08-07T00:00:00+00:00, run_after=2024-08-08T00:00:00+00:00
[2024-08-08T22:10:59.979+0400] {logging_mixin.py:151} INFO - [2024-08-08T22:10:59.979+0400] {dag.py:3696} INFO - Setting next_dagrun for dataset_produces_2 to None, run_after=None
[2024-08-08T22:11:00.028+0400] {processor.py:179} INFO - Processing /home/eduardo/airflow_venv/lib/python3.10/site-packages/airflow/example_dags/example_datasets.py took 0.111 seconds
[2024-08-08T22:11:55.474+0400] {processor.py:157} INFO - Started process (PID=10899) to work on /home/eduardo/airflow_venv/lib/python3.10/site-packages/airflow/example_dags/example_datasets.py
[2024-08-08T22:11:55.476+0400] {processor.py:829} INFO - Processing file /home/eduardo/airflow_venv/lib/python3.10/site-packages/airflow/example_dags/example_datasets.py for tasks to queue
[2024-08-08T22:11:55.480+0400] {logging_mixin.py:151} INFO - [2024-08-08T22:11:55.478+0400] {dagbag.py:539} INFO - Filling up the DagBag from /home/eduardo/airflow_venv/lib/python3.10/site-packages/airflow/example_dags/example_datasets.py
[2024-08-08T22:11:55.502+0400] {processor.py:839} INFO - DAG(s) dict_keys(['dataset_consumes_1_and_2', 'dataset_consumes_unknown_never_scheduled', 'dataset_consumes_1_never_scheduled', 'dataset_consumes_1', 'dataset_produces_1', 'dataset_produces_2']) retrieved from /home/eduardo/airflow_venv/lib/python3.10/site-packages/airflow/example_dags/example_datasets.py
[2024-08-08T22:11:55.565+0400] {logging_mixin.py:151} INFO - [2024-08-08T22:11:55.564+0400] {dag.py:2915} INFO - Sync 6 DAGs
[2024-08-08T22:11:55.598+0400] {logging_mixin.py:151} INFO - [2024-08-08T22:11:55.598+0400] {dag.py:3696} INFO - Setting next_dagrun for dataset_consumes_1 to None, run_after=None
[2024-08-08T22:11:55.602+0400] {logging_mixin.py:151} INFO - [2024-08-08T22:11:55.601+0400] {dag.py:3696} INFO - Setting next_dagrun for dataset_consumes_1_and_2 to None, run_after=None
[2024-08-08T22:11:55.603+0400] {logging_mixin.py:151} INFO - [2024-08-08T22:11:55.602+0400] {dag.py:3696} INFO - Setting next_dagrun for dataset_consumes_1_never_scheduled to None, run_after=None
[2024-08-08T22:11:55.603+0400] {logging_mixin.py:151} INFO - [2024-08-08T22:11:55.603+0400] {dag.py:3696} INFO - Setting next_dagrun for dataset_consumes_unknown_never_scheduled to None, run_after=None
[2024-08-08T22:11:55.606+0400] {logging_mixin.py:151} INFO - [2024-08-08T22:11:55.605+0400] {dag.py:3696} INFO - Setting next_dagrun for dataset_produces_1 to 2024-08-07T00:00:00+00:00, run_after=2024-08-08T00:00:00+00:00
[2024-08-08T22:11:55.607+0400] {logging_mixin.py:151} INFO - [2024-08-08T22:11:55.607+0400] {dag.py:3696} INFO - Setting next_dagrun for dataset_produces_2 to None, run_after=None
[2024-08-08T22:11:55.657+0400] {processor.py:179} INFO - Processing /home/eduardo/airflow_venv/lib/python3.10/site-packages/airflow/example_dags/example_datasets.py took 0.191 seconds
[2024-08-08T22:12:45.041+0400] {processor.py:157} INFO - Started process (PID=11286) to work on /home/eduardo/airflow_venv/lib/python3.10/site-packages/airflow/example_dags/example_datasets.py
[2024-08-08T22:12:45.044+0400] {processor.py:829} INFO - Processing file /home/eduardo/airflow_venv/lib/python3.10/site-packages/airflow/example_dags/example_datasets.py for tasks to queue
[2024-08-08T22:12:45.045+0400] {logging_mixin.py:151} INFO - [2024-08-08T22:12:45.045+0400] {dagbag.py:539} INFO - Filling up the DagBag from /home/eduardo/airflow_venv/lib/python3.10/site-packages/airflow/example_dags/example_datasets.py
[2024-08-08T22:12:45.056+0400] {processor.py:839} INFO - DAG(s) dict_keys(['dataset_produces_2', 'dataset_consumes_1', 'dataset_consumes_unknown_never_scheduled', 'dataset_consumes_1_never_scheduled', 'dataset_consumes_1_and_2', 'dataset_produces_1']) retrieved from /home/eduardo/airflow_venv/lib/python3.10/site-packages/airflow/example_dags/example_datasets.py
[2024-08-08T22:12:45.085+0400] {logging_mixin.py:151} INFO - [2024-08-08T22:12:45.085+0400] {dag.py:2915} INFO - Sync 6 DAGs
[2024-08-08T22:12:45.111+0400] {logging_mixin.py:151} INFO - [2024-08-08T22:12:45.110+0400] {dag.py:3696} INFO - Setting next_dagrun for dataset_consumes_1 to None, run_after=None
[2024-08-08T22:12:45.116+0400] {logging_mixin.py:151} INFO - [2024-08-08T22:12:45.116+0400] {dag.py:3696} INFO - Setting next_dagrun for dataset_consumes_1_and_2 to None, run_after=None
[2024-08-08T22:12:45.118+0400] {logging_mixin.py:151} INFO - [2024-08-08T22:12:45.118+0400] {dag.py:3696} INFO - Setting next_dagrun for dataset_consumes_1_never_scheduled to None, run_after=None
[2024-08-08T22:12:45.119+0400] {logging_mixin.py:151} INFO - [2024-08-08T22:12:45.119+0400] {dag.py:3696} INFO - Setting next_dagrun for dataset_consumes_unknown_never_scheduled to None, run_after=None
[2024-08-08T22:12:45.121+0400] {logging_mixin.py:151} INFO - [2024-08-08T22:12:45.121+0400] {dag.py:3696} INFO - Setting next_dagrun for dataset_produces_1 to 2024-08-07T00:00:00+00:00, run_after=2024-08-08T00:00:00+00:00
[2024-08-08T22:12:45.122+0400] {logging_mixin.py:151} INFO - [2024-08-08T22:12:45.122+0400] {dag.py:3696} INFO - Setting next_dagrun for dataset_produces_2 to None, run_after=None
[2024-08-08T22:12:45.173+0400] {processor.py:179} INFO - Processing /home/eduardo/airflow_venv/lib/python3.10/site-packages/airflow/example_dags/example_datasets.py took 0.135 seconds
[2024-08-08T22:13:32.118+0400] {processor.py:157} INFO - Started process (PID=11696) to work on /home/eduardo/airflow_venv/lib/python3.10/site-packages/airflow/example_dags/example_datasets.py
[2024-08-08T22:13:32.122+0400] {processor.py:829} INFO - Processing file /home/eduardo/airflow_venv/lib/python3.10/site-packages/airflow/example_dags/example_datasets.py for tasks to queue
[2024-08-08T22:13:32.123+0400] {logging_mixin.py:151} INFO - [2024-08-08T22:13:32.123+0400] {dagbag.py:539} INFO - Filling up the DagBag from /home/eduardo/airflow_venv/lib/python3.10/site-packages/airflow/example_dags/example_datasets.py
[2024-08-08T22:13:32.131+0400] {processor.py:839} INFO - DAG(s) dict_keys(['dataset_consumes_1_and_2', 'dataset_consumes_1_never_scheduled', 'dataset_produces_2', 'dataset_consumes_1', 'dataset_consumes_unknown_never_scheduled', 'dataset_produces_1']) retrieved from /home/eduardo/airflow_venv/lib/python3.10/site-packages/airflow/example_dags/example_datasets.py
[2024-08-08T22:13:32.155+0400] {logging_mixin.py:151} INFO - [2024-08-08T22:13:32.155+0400] {dag.py:2915} INFO - Sync 6 DAGs
[2024-08-08T22:13:32.171+0400] {logging_mixin.py:151} INFO - [2024-08-08T22:13:32.171+0400] {dag.py:3696} INFO - Setting next_dagrun for dataset_consumes_1 to None, run_after=None
[2024-08-08T22:13:32.173+0400] {logging_mixin.py:151} INFO - [2024-08-08T22:13:32.173+0400] {dag.py:3696} INFO - Setting next_dagrun for dataset_consumes_1_and_2 to None, run_after=None
[2024-08-08T22:13:32.174+0400] {logging_mixin.py:151} INFO - [2024-08-08T22:13:32.174+0400] {dag.py:3696} INFO - Setting next_dagrun for dataset_consumes_1_never_scheduled to None, run_after=None
[2024-08-08T22:13:32.174+0400] {logging_mixin.py:151} INFO - [2024-08-08T22:13:32.174+0400] {dag.py:3696} INFO - Setting next_dagrun for dataset_consumes_unknown_never_scheduled to None, run_after=None
[2024-08-08T22:13:32.176+0400] {logging_mixin.py:151} INFO - [2024-08-08T22:13:32.176+0400] {dag.py:3696} INFO - Setting next_dagrun for dataset_produces_1 to 2024-08-07T00:00:00+00:00, run_after=2024-08-08T00:00:00+00:00
[2024-08-08T22:13:32.177+0400] {logging_mixin.py:151} INFO - [2024-08-08T22:13:32.177+0400] {dag.py:3696} INFO - Setting next_dagrun for dataset_produces_2 to None, run_after=None
[2024-08-08T22:13:32.213+0400] {processor.py:179} INFO - Processing /home/eduardo/airflow_venv/lib/python3.10/site-packages/airflow/example_dags/example_datasets.py took 0.098 seconds
[2024-08-08T22:14:18.914+0400] {processor.py:157} INFO - Started process (PID=12260) to work on /home/eduardo/airflow_venv/lib/python3.10/site-packages/airflow/example_dags/example_datasets.py
[2024-08-08T22:14:18.917+0400] {processor.py:829} INFO - Processing file /home/eduardo/airflow_venv/lib/python3.10/site-packages/airflow/example_dags/example_datasets.py for tasks to queue
[2024-08-08T22:14:18.918+0400] {logging_mixin.py:151} INFO - [2024-08-08T22:14:18.918+0400] {dagbag.py:539} INFO - Filling up the DagBag from /home/eduardo/airflow_venv/lib/python3.10/site-packages/airflow/example_dags/example_datasets.py
[2024-08-08T22:14:18.927+0400] {processor.py:839} INFO - DAG(s) dict_keys(['dataset_consumes_1_and_2', 'dataset_produces_1', 'dataset_produces_2', 'dataset_consumes_1', 'dataset_consumes_unknown_never_scheduled', 'dataset_consumes_1_never_scheduled']) retrieved from /home/eduardo/airflow_venv/lib/python3.10/site-packages/airflow/example_dags/example_datasets.py
[2024-08-08T22:14:18.938+0400] {logging_mixin.py:151} INFO - [2024-08-08T22:14:18.937+0400] {dag.py:2915} INFO - Sync 6 DAGs
[2024-08-08T22:14:18.955+0400] {logging_mixin.py:151} INFO - [2024-08-08T22:14:18.954+0400] {dag.py:3696} INFO - Setting next_dagrun for dataset_consumes_1 to None, run_after=None
[2024-08-08T22:14:18.957+0400] {logging_mixin.py:151} INFO - [2024-08-08T22:14:18.957+0400] {dag.py:3696} INFO - Setting next_dagrun for dataset_consumes_1_and_2 to None, run_after=None
[2024-08-08T22:14:18.957+0400] {logging_mixin.py:151} INFO - [2024-08-08T22:14:18.957+0400] {dag.py:3696} INFO - Setting next_dagrun for dataset_consumes_1_never_scheduled to None, run_after=None
[2024-08-08T22:14:18.958+0400] {logging_mixin.py:151} INFO - [2024-08-08T22:14:18.958+0400] {dag.py:3696} INFO - Setting next_dagrun for dataset_consumes_unknown_never_scheduled to None, run_after=None
[2024-08-08T22:14:18.960+0400] {logging_mixin.py:151} INFO - [2024-08-08T22:14:18.959+0400] {dag.py:3696} INFO - Setting next_dagrun for dataset_produces_1 to 2024-08-07T00:00:00+00:00, run_after=2024-08-08T00:00:00+00:00
[2024-08-08T22:14:18.960+0400] {logging_mixin.py:151} INFO - [2024-08-08T22:14:18.960+0400] {dag.py:3696} INFO - Setting next_dagrun for dataset_produces_2 to None, run_after=None
[2024-08-08T22:14:19.003+0400] {processor.py:179} INFO - Processing /home/eduardo/airflow_venv/lib/python3.10/site-packages/airflow/example_dags/example_datasets.py took 0.092 seconds
[2024-08-08T22:15:11.113+0400] {processor.py:157} INFO - Started process (PID=12705) to work on /home/eduardo/airflow_venv/lib/python3.10/site-packages/airflow/example_dags/example_datasets.py
[2024-08-08T22:15:11.116+0400] {processor.py:829} INFO - Processing file /home/eduardo/airflow_venv/lib/python3.10/site-packages/airflow/example_dags/example_datasets.py for tasks to queue
[2024-08-08T22:15:11.118+0400] {logging_mixin.py:151} INFO - [2024-08-08T22:15:11.117+0400] {dagbag.py:539} INFO - Filling up the DagBag from /home/eduardo/airflow_venv/lib/python3.10/site-packages/airflow/example_dags/example_datasets.py
[2024-08-08T22:15:11.127+0400] {processor.py:839} INFO - DAG(s) dict_keys(['dataset_consumes_unknown_never_scheduled', 'dataset_consumes_1_never_scheduled', 'dataset_produces_1', 'dataset_consumes_1_and_2', 'dataset_consumes_1', 'dataset_produces_2']) retrieved from /home/eduardo/airflow_venv/lib/python3.10/site-packages/airflow/example_dags/example_datasets.py
[2024-08-08T22:15:11.149+0400] {logging_mixin.py:151} INFO - [2024-08-08T22:15:11.148+0400] {dag.py:2915} INFO - Sync 6 DAGs
[2024-08-08T22:15:11.168+0400] {logging_mixin.py:151} INFO - [2024-08-08T22:15:11.168+0400] {dag.py:3696} INFO - Setting next_dagrun for dataset_consumes_1 to None, run_after=None
[2024-08-08T22:15:11.170+0400] {logging_mixin.py:151} INFO - [2024-08-08T22:15:11.170+0400] {dag.py:3696} INFO - Setting next_dagrun for dataset_consumes_1_and_2 to None, run_after=None
[2024-08-08T22:15:11.171+0400] {logging_mixin.py:151} INFO - [2024-08-08T22:15:11.171+0400] {dag.py:3696} INFO - Setting next_dagrun for dataset_consumes_1_never_scheduled to None, run_after=None
[2024-08-08T22:15:11.172+0400] {logging_mixin.py:151} INFO - [2024-08-08T22:15:11.171+0400] {dag.py:3696} INFO - Setting next_dagrun for dataset_consumes_unknown_never_scheduled to None, run_after=None
[2024-08-08T22:15:11.173+0400] {logging_mixin.py:151} INFO - [2024-08-08T22:15:11.173+0400] {dag.py:3696} INFO - Setting next_dagrun for dataset_produces_1 to 2024-08-07T00:00:00+00:00, run_after=2024-08-08T00:00:00+00:00
[2024-08-08T22:15:11.174+0400] {logging_mixin.py:151} INFO - [2024-08-08T22:15:11.174+0400] {dag.py:3696} INFO - Setting next_dagrun for dataset_produces_2 to None, run_after=None
[2024-08-08T22:15:11.210+0400] {processor.py:179} INFO - Processing /home/eduardo/airflow_venv/lib/python3.10/site-packages/airflow/example_dags/example_datasets.py took 0.102 seconds
[2024-08-08T22:16:02.677+0400] {processor.py:157} INFO - Started process (PID=13195) to work on /home/eduardo/airflow_venv/lib/python3.10/site-packages/airflow/example_dags/example_datasets.py
[2024-08-08T22:16:02.680+0400] {processor.py:829} INFO - Processing file /home/eduardo/airflow_venv/lib/python3.10/site-packages/airflow/example_dags/example_datasets.py for tasks to queue
[2024-08-08T22:16:02.681+0400] {logging_mixin.py:151} INFO - [2024-08-08T22:16:02.680+0400] {dagbag.py:539} INFO - Filling up the DagBag from /home/eduardo/airflow_venv/lib/python3.10/site-packages/airflow/example_dags/example_datasets.py
[2024-08-08T22:16:02.699+0400] {processor.py:839} INFO - DAG(s) dict_keys(['dataset_produces_2', 'dataset_consumes_1_and_2', 'dataset_produces_1', 'dataset_consumes_1_never_scheduled', 'dataset_consumes_1', 'dataset_consumes_unknown_never_scheduled']) retrieved from /home/eduardo/airflow_venv/lib/python3.10/site-packages/airflow/example_dags/example_datasets.py
[2024-08-08T22:16:02.728+0400] {logging_mixin.py:151} INFO - [2024-08-08T22:16:02.728+0400] {dag.py:2915} INFO - Sync 6 DAGs
[2024-08-08T22:16:02.751+0400] {logging_mixin.py:151} INFO - [2024-08-08T22:16:02.751+0400] {dag.py:3696} INFO - Setting next_dagrun for dataset_consumes_1 to None, run_after=None
[2024-08-08T22:16:02.754+0400] {logging_mixin.py:151} INFO - [2024-08-08T22:16:02.754+0400] {dag.py:3696} INFO - Setting next_dagrun for dataset_consumes_1_and_2 to None, run_after=None
[2024-08-08T22:16:02.755+0400] {logging_mixin.py:151} INFO - [2024-08-08T22:16:02.755+0400] {dag.py:3696} INFO - Setting next_dagrun for dataset_consumes_1_never_scheduled to None, run_after=None
[2024-08-08T22:16:02.756+0400] {logging_mixin.py:151} INFO - [2024-08-08T22:16:02.755+0400] {dag.py:3696} INFO - Setting next_dagrun for dataset_consumes_unknown_never_scheduled to None, run_after=None
[2024-08-08T22:16:02.757+0400] {logging_mixin.py:151} INFO - [2024-08-08T22:16:02.757+0400] {dag.py:3696} INFO - Setting next_dagrun for dataset_produces_1 to 2024-08-07T00:00:00+00:00, run_after=2024-08-08T00:00:00+00:00
[2024-08-08T22:16:02.758+0400] {logging_mixin.py:151} INFO - [2024-08-08T22:16:02.758+0400] {dag.py:3696} INFO - Setting next_dagrun for dataset_produces_2 to None, run_after=None
[2024-08-08T22:16:02.799+0400] {processor.py:179} INFO - Processing /home/eduardo/airflow_venv/lib/python3.10/site-packages/airflow/example_dags/example_datasets.py took 0.128 seconds
[2024-08-08T22:16:50.902+0400] {processor.py:157} INFO - Started process (PID=13680) to work on /home/eduardo/airflow_venv/lib/python3.10/site-packages/airflow/example_dags/example_datasets.py
[2024-08-08T22:16:50.904+0400] {processor.py:829} INFO - Processing file /home/eduardo/airflow_venv/lib/python3.10/site-packages/airflow/example_dags/example_datasets.py for tasks to queue
[2024-08-08T22:16:50.906+0400] {logging_mixin.py:151} INFO - [2024-08-08T22:16:50.905+0400] {dagbag.py:539} INFO - Filling up the DagBag from /home/eduardo/airflow_venv/lib/python3.10/site-packages/airflow/example_dags/example_datasets.py
[2024-08-08T22:16:50.921+0400] {processor.py:839} INFO - DAG(s) dict_keys(['dataset_consumes_unknown_never_scheduled', 'dataset_produces_2', 'dataset_consumes_1_never_scheduled', 'dataset_produces_1', 'dataset_consumes_1_and_2', 'dataset_consumes_1']) retrieved from /home/eduardo/airflow_venv/lib/python3.10/site-packages/airflow/example_dags/example_datasets.py
[2024-08-08T22:16:50.955+0400] {logging_mixin.py:151} INFO - [2024-08-08T22:16:50.955+0400] {dag.py:2915} INFO - Sync 6 DAGs
[2024-08-08T22:16:50.996+0400] {logging_mixin.py:151} INFO - [2024-08-08T22:16:50.995+0400] {dag.py:3696} INFO - Setting next_dagrun for dataset_consumes_1 to None, run_after=None
[2024-08-08T22:16:51.001+0400] {logging_mixin.py:151} INFO - [2024-08-08T22:16:51.000+0400] {dag.py:3696} INFO - Setting next_dagrun for dataset_consumes_1_and_2 to None, run_after=None
[2024-08-08T22:16:51.003+0400] {logging_mixin.py:151} INFO - [2024-08-08T22:16:51.003+0400] {dag.py:3696} INFO - Setting next_dagrun for dataset_consumes_1_never_scheduled to None, run_after=None
[2024-08-08T22:16:51.005+0400] {logging_mixin.py:151} INFO - [2024-08-08T22:16:51.004+0400] {dag.py:3696} INFO - Setting next_dagrun for dataset_consumes_unknown_never_scheduled to None, run_after=None
[2024-08-08T22:16:51.009+0400] {logging_mixin.py:151} INFO - [2024-08-08T22:16:51.009+0400] {dag.py:3696} INFO - Setting next_dagrun for dataset_produces_1 to 2024-08-07T00:00:00+00:00, run_after=2024-08-08T00:00:00+00:00
[2024-08-08T22:16:51.010+0400] {logging_mixin.py:151} INFO - [2024-08-08T22:16:51.010+0400] {dag.py:3696} INFO - Setting next_dagrun for dataset_produces_2 to None, run_after=None
[2024-08-08T22:16:51.070+0400] {processor.py:179} INFO - Processing /home/eduardo/airflow_venv/lib/python3.10/site-packages/airflow/example_dags/example_datasets.py took 0.174 seconds
[2024-08-08T22:17:46.584+0400] {processor.py:157} INFO - Started process (PID=14202) to work on /home/eduardo/airflow_venv/lib/python3.10/site-packages/airflow/example_dags/example_datasets.py
[2024-08-08T22:17:46.588+0400] {processor.py:829} INFO - Processing file /home/eduardo/airflow_venv/lib/python3.10/site-packages/airflow/example_dags/example_datasets.py for tasks to queue
[2024-08-08T22:17:46.590+0400] {logging_mixin.py:151} INFO - [2024-08-08T22:17:46.589+0400] {dagbag.py:539} INFO - Filling up the DagBag from /home/eduardo/airflow_venv/lib/python3.10/site-packages/airflow/example_dags/example_datasets.py
[2024-08-08T22:17:46.605+0400] {processor.py:839} INFO - DAG(s) dict_keys(['dataset_consumes_unknown_never_scheduled', 'dataset_consumes_1_never_scheduled', 'dataset_produces_2', 'dataset_consumes_1_and_2', 'dataset_produces_1', 'dataset_consumes_1']) retrieved from /home/eduardo/airflow_venv/lib/python3.10/site-packages/airflow/example_dags/example_datasets.py
[2024-08-08T22:17:46.635+0400] {logging_mixin.py:151} INFO - [2024-08-08T22:17:46.635+0400] {dag.py:2915} INFO - Sync 6 DAGs
[2024-08-08T22:17:46.653+0400] {logging_mixin.py:151} INFO - [2024-08-08T22:17:46.652+0400] {dag.py:3696} INFO - Setting next_dagrun for dataset_consumes_1 to None, run_after=None
[2024-08-08T22:17:46.656+0400] {logging_mixin.py:151} INFO - [2024-08-08T22:17:46.655+0400] {dag.py:3696} INFO - Setting next_dagrun for dataset_consumes_1_and_2 to None, run_after=None
[2024-08-08T22:17:46.656+0400] {logging_mixin.py:151} INFO - [2024-08-08T22:17:46.656+0400] {dag.py:3696} INFO - Setting next_dagrun for dataset_consumes_1_never_scheduled to None, run_after=None
[2024-08-08T22:17:46.657+0400] {logging_mixin.py:151} INFO - [2024-08-08T22:17:46.657+0400] {dag.py:3696} INFO - Setting next_dagrun for dataset_consumes_unknown_never_scheduled to None, run_after=None
[2024-08-08T22:17:46.659+0400] {logging_mixin.py:151} INFO - [2024-08-08T22:17:46.659+0400] {dag.py:3696} INFO - Setting next_dagrun for dataset_produces_1 to 2024-08-07T00:00:00+00:00, run_after=2024-08-08T00:00:00+00:00
[2024-08-08T22:17:46.659+0400] {logging_mixin.py:151} INFO - [2024-08-08T22:17:46.659+0400] {dag.py:3696} INFO - Setting next_dagrun for dataset_produces_2 to None, run_after=None
[2024-08-08T22:17:46.698+0400] {processor.py:179} INFO - Processing /home/eduardo/airflow_venv/lib/python3.10/site-packages/airflow/example_dags/example_datasets.py took 0.120 seconds
[2024-08-08T22:18:37.975+0400] {processor.py:157} INFO - Started process (PID=14604) to work on /home/eduardo/airflow_venv/lib/python3.10/site-packages/airflow/example_dags/example_datasets.py
[2024-08-08T22:18:37.978+0400] {processor.py:829} INFO - Processing file /home/eduardo/airflow_venv/lib/python3.10/site-packages/airflow/example_dags/example_datasets.py for tasks to queue
[2024-08-08T22:18:37.978+0400] {logging_mixin.py:151} INFO - [2024-08-08T22:18:37.978+0400] {dagbag.py:539} INFO - Filling up the DagBag from /home/eduardo/airflow_venv/lib/python3.10/site-packages/airflow/example_dags/example_datasets.py
[2024-08-08T22:18:37.986+0400] {processor.py:839} INFO - DAG(s) dict_keys(['dataset_produces_2', 'dataset_consumes_unknown_never_scheduled', 'dataset_produces_1', 'dataset_consumes_1_and_2', 'dataset_consumes_1_never_scheduled', 'dataset_consumes_1']) retrieved from /home/eduardo/airflow_venv/lib/python3.10/site-packages/airflow/example_dags/example_datasets.py
[2024-08-08T22:18:38.014+0400] {logging_mixin.py:151} INFO - [2024-08-08T22:18:38.013+0400] {dag.py:2915} INFO - Sync 6 DAGs
[2024-08-08T22:18:38.033+0400] {logging_mixin.py:151} INFO - [2024-08-08T22:18:38.032+0400] {dag.py:3696} INFO - Setting next_dagrun for dataset_consumes_1 to None, run_after=None
[2024-08-08T22:18:38.035+0400] {logging_mixin.py:151} INFO - [2024-08-08T22:18:38.035+0400] {dag.py:3696} INFO - Setting next_dagrun for dataset_consumes_1_and_2 to None, run_after=None
[2024-08-08T22:18:38.036+0400] {logging_mixin.py:151} INFO - [2024-08-08T22:18:38.036+0400] {dag.py:3696} INFO - Setting next_dagrun for dataset_consumes_1_never_scheduled to None, run_after=None
[2024-08-08T22:18:38.037+0400] {logging_mixin.py:151} INFO - [2024-08-08T22:18:38.037+0400] {dag.py:3696} INFO - Setting next_dagrun for dataset_consumes_unknown_never_scheduled to None, run_after=None
[2024-08-08T22:18:38.039+0400] {logging_mixin.py:151} INFO - [2024-08-08T22:18:38.039+0400] {dag.py:3696} INFO - Setting next_dagrun for dataset_produces_1 to 2024-08-07T00:00:00+00:00, run_after=2024-08-08T00:00:00+00:00
[2024-08-08T22:18:38.040+0400] {logging_mixin.py:151} INFO - [2024-08-08T22:18:38.040+0400] {dag.py:3696} INFO - Setting next_dagrun for dataset_produces_2 to None, run_after=None
[2024-08-08T22:18:38.083+0400] {processor.py:179} INFO - Processing /home/eduardo/airflow_venv/lib/python3.10/site-packages/airflow/example_dags/example_datasets.py took 0.111 seconds
[2024-08-08T22:19:31.807+0400] {processor.py:157} INFO - Started process (PID=15052) to work on /home/eduardo/airflow_venv/lib/python3.10/site-packages/airflow/example_dags/example_datasets.py
[2024-08-08T22:19:31.810+0400] {processor.py:829} INFO - Processing file /home/eduardo/airflow_venv/lib/python3.10/site-packages/airflow/example_dags/example_datasets.py for tasks to queue
[2024-08-08T22:19:31.811+0400] {logging_mixin.py:151} INFO - [2024-08-08T22:19:31.810+0400] {dagbag.py:539} INFO - Filling up the DagBag from /home/eduardo/airflow_venv/lib/python3.10/site-packages/airflow/example_dags/example_datasets.py
[2024-08-08T22:19:31.822+0400] {processor.py:839} INFO - DAG(s) dict_keys(['dataset_consumes_1_and_2', 'dataset_produces_1', 'dataset_consumes_1', 'dataset_consumes_1_never_scheduled', 'dataset_consumes_unknown_never_scheduled', 'dataset_produces_2']) retrieved from /home/eduardo/airflow_venv/lib/python3.10/site-packages/airflow/example_dags/example_datasets.py
[2024-08-08T22:19:31.845+0400] {logging_mixin.py:151} INFO - [2024-08-08T22:19:31.845+0400] {dag.py:2915} INFO - Sync 6 DAGs
[2024-08-08T22:19:31.861+0400] {logging_mixin.py:151} INFO - [2024-08-08T22:19:31.861+0400] {dag.py:3696} INFO - Setting next_dagrun for dataset_consumes_1 to None, run_after=None
[2024-08-08T22:19:31.863+0400] {logging_mixin.py:151} INFO - [2024-08-08T22:19:31.863+0400] {dag.py:3696} INFO - Setting next_dagrun for dataset_consumes_1_and_2 to None, run_after=None
[2024-08-08T22:19:31.864+0400] {logging_mixin.py:151} INFO - [2024-08-08T22:19:31.864+0400] {dag.py:3696} INFO - Setting next_dagrun for dataset_consumes_1_never_scheduled to None, run_after=None
[2024-08-08T22:19:31.865+0400] {logging_mixin.py:151} INFO - [2024-08-08T22:19:31.865+0400] {dag.py:3696} INFO - Setting next_dagrun for dataset_consumes_unknown_never_scheduled to None, run_after=None
[2024-08-08T22:19:31.867+0400] {logging_mixin.py:151} INFO - [2024-08-08T22:19:31.867+0400] {dag.py:3696} INFO - Setting next_dagrun for dataset_produces_1 to 2024-08-07T00:00:00+00:00, run_after=2024-08-08T00:00:00+00:00
[2024-08-08T22:19:31.868+0400] {logging_mixin.py:151} INFO - [2024-08-08T22:19:31.868+0400] {dag.py:3696} INFO - Setting next_dagrun for dataset_produces_2 to None, run_after=None
[2024-08-08T22:19:31.906+0400] {processor.py:179} INFO - Processing /home/eduardo/airflow_venv/lib/python3.10/site-packages/airflow/example_dags/example_datasets.py took 0.102 seconds
[2024-08-08T22:20:22.020+0400] {processor.py:157} INFO - Started process (PID=15440) to work on /home/eduardo/airflow_venv/lib/python3.10/site-packages/airflow/example_dags/example_datasets.py
[2024-08-08T22:20:22.024+0400] {processor.py:829} INFO - Processing file /home/eduardo/airflow_venv/lib/python3.10/site-packages/airflow/example_dags/example_datasets.py for tasks to queue
[2024-08-08T22:20:22.026+0400] {logging_mixin.py:151} INFO - [2024-08-08T22:20:22.025+0400] {dagbag.py:539} INFO - Filling up the DagBag from /home/eduardo/airflow_venv/lib/python3.10/site-packages/airflow/example_dags/example_datasets.py
[2024-08-08T22:20:22.037+0400] {processor.py:839} INFO - DAG(s) dict_keys(['dataset_produces_1', 'dataset_consumes_1_never_scheduled', 'dataset_consumes_unknown_never_scheduled', 'dataset_produces_2', 'dataset_consumes_1_and_2', 'dataset_consumes_1']) retrieved from /home/eduardo/airflow_venv/lib/python3.10/site-packages/airflow/example_dags/example_datasets.py
[2024-08-08T22:20:22.068+0400] {logging_mixin.py:151} INFO - [2024-08-08T22:20:22.068+0400] {dag.py:2915} INFO - Sync 6 DAGs
[2024-08-08T22:20:22.087+0400] {logging_mixin.py:151} INFO - [2024-08-08T22:20:22.086+0400] {dag.py:3696} INFO - Setting next_dagrun for dataset_consumes_1 to None, run_after=None
[2024-08-08T22:20:22.089+0400] {logging_mixin.py:151} INFO - [2024-08-08T22:20:22.089+0400] {dag.py:3696} INFO - Setting next_dagrun for dataset_consumes_1_and_2 to None, run_after=None
[2024-08-08T22:20:22.090+0400] {logging_mixin.py:151} INFO - [2024-08-08T22:20:22.089+0400] {dag.py:3696} INFO - Setting next_dagrun for dataset_consumes_1_never_scheduled to None, run_after=None
[2024-08-08T22:20:22.090+0400] {logging_mixin.py:151} INFO - [2024-08-08T22:20:22.090+0400] {dag.py:3696} INFO - Setting next_dagrun for dataset_consumes_unknown_never_scheduled to None, run_after=None
[2024-08-08T22:20:22.092+0400] {logging_mixin.py:151} INFO - [2024-08-08T22:20:22.092+0400] {dag.py:3696} INFO - Setting next_dagrun for dataset_produces_1 to 2024-08-07T00:00:00+00:00, run_after=2024-08-08T00:00:00+00:00
[2024-08-08T22:20:22.093+0400] {logging_mixin.py:151} INFO - [2024-08-08T22:20:22.093+0400] {dag.py:3696} INFO - Setting next_dagrun for dataset_produces_2 to None, run_after=None
[2024-08-08T22:20:22.136+0400] {processor.py:179} INFO - Processing /home/eduardo/airflow_venv/lib/python3.10/site-packages/airflow/example_dags/example_datasets.py took 0.123 seconds
[2024-08-08T22:21:10.625+0400] {processor.py:157} INFO - Started process (PID=15897) to work on /home/eduardo/airflow_venv/lib/python3.10/site-packages/airflow/example_dags/example_datasets.py
[2024-08-08T22:21:10.628+0400] {processor.py:829} INFO - Processing file /home/eduardo/airflow_venv/lib/python3.10/site-packages/airflow/example_dags/example_datasets.py for tasks to queue
[2024-08-08T22:21:10.629+0400] {logging_mixin.py:151} INFO - [2024-08-08T22:21:10.629+0400] {dagbag.py:539} INFO - Filling up the DagBag from /home/eduardo/airflow_venv/lib/python3.10/site-packages/airflow/example_dags/example_datasets.py
[2024-08-08T22:21:10.638+0400] {processor.py:839} INFO - DAG(s) dict_keys(['dataset_consumes_1', 'dataset_produces_1', 'dataset_consumes_unknown_never_scheduled', 'dataset_consumes_1_and_2', 'dataset_consumes_1_never_scheduled', 'dataset_produces_2']) retrieved from /home/eduardo/airflow_venv/lib/python3.10/site-packages/airflow/example_dags/example_datasets.py
[2024-08-08T22:21:10.667+0400] {logging_mixin.py:151} INFO - [2024-08-08T22:21:10.667+0400] {dag.py:2915} INFO - Sync 6 DAGs
[2024-08-08T22:21:10.694+0400] {logging_mixin.py:151} INFO - [2024-08-08T22:21:10.694+0400] {dag.py:3696} INFO - Setting next_dagrun for dataset_consumes_1 to None, run_after=None
[2024-08-08T22:21:10.698+0400] {logging_mixin.py:151} INFO - [2024-08-08T22:21:10.698+0400] {dag.py:3696} INFO - Setting next_dagrun for dataset_consumes_1_and_2 to None, run_after=None
[2024-08-08T22:21:10.699+0400] {logging_mixin.py:151} INFO - [2024-08-08T22:21:10.699+0400] {dag.py:3696} INFO - Setting next_dagrun for dataset_consumes_1_never_scheduled to None, run_after=None
[2024-08-08T22:21:10.700+0400] {logging_mixin.py:151} INFO - [2024-08-08T22:21:10.700+0400] {dag.py:3696} INFO - Setting next_dagrun for dataset_consumes_unknown_never_scheduled to None, run_after=None
[2024-08-08T22:21:10.704+0400] {logging_mixin.py:151} INFO - [2024-08-08T22:21:10.703+0400] {dag.py:3696} INFO - Setting next_dagrun for dataset_produces_1 to 2024-08-07T00:00:00+00:00, run_after=2024-08-08T00:00:00+00:00
[2024-08-08T22:21:10.705+0400] {logging_mixin.py:151} INFO - [2024-08-08T22:21:10.705+0400] {dag.py:3696} INFO - Setting next_dagrun for dataset_produces_2 to None, run_after=None
[2024-08-08T22:21:10.753+0400] {processor.py:179} INFO - Processing /home/eduardo/airflow_venv/lib/python3.10/site-packages/airflow/example_dags/example_datasets.py took 0.132 seconds
[2024-08-08T22:22:05.520+0400] {processor.py:157} INFO - Started process (PID=16368) to work on /home/eduardo/airflow_venv/lib/python3.10/site-packages/airflow/example_dags/example_datasets.py
[2024-08-08T22:22:05.523+0400] {processor.py:829} INFO - Processing file /home/eduardo/airflow_venv/lib/python3.10/site-packages/airflow/example_dags/example_datasets.py for tasks to queue
[2024-08-08T22:22:05.524+0400] {logging_mixin.py:151} INFO - [2024-08-08T22:22:05.524+0400] {dagbag.py:539} INFO - Filling up the DagBag from /home/eduardo/airflow_venv/lib/python3.10/site-packages/airflow/example_dags/example_datasets.py
[2024-08-08T22:22:05.535+0400] {processor.py:839} INFO - DAG(s) dict_keys(['dataset_consumes_1', 'dataset_produces_1', 'dataset_consumes_unknown_never_scheduled', 'dataset_consumes_1_and_2', 'dataset_consumes_1_never_scheduled', 'dataset_produces_2']) retrieved from /home/eduardo/airflow_venv/lib/python3.10/site-packages/airflow/example_dags/example_datasets.py
[2024-08-08T22:22:05.563+0400] {logging_mixin.py:151} INFO - [2024-08-08T22:22:05.563+0400] {dag.py:2915} INFO - Sync 6 DAGs
[2024-08-08T22:22:05.586+0400] {logging_mixin.py:151} INFO - [2024-08-08T22:22:05.586+0400] {dag.py:3696} INFO - Setting next_dagrun for dataset_consumes_1 to None, run_after=None
[2024-08-08T22:22:05.589+0400] {logging_mixin.py:151} INFO - [2024-08-08T22:22:05.589+0400] {dag.py:3696} INFO - Setting next_dagrun for dataset_consumes_1_and_2 to None, run_after=None
[2024-08-08T22:22:05.591+0400] {logging_mixin.py:151} INFO - [2024-08-08T22:22:05.590+0400] {dag.py:3696} INFO - Setting next_dagrun for dataset_consumes_1_never_scheduled to None, run_after=None
[2024-08-08T22:22:05.592+0400] {logging_mixin.py:151} INFO - [2024-08-08T22:22:05.591+0400] {dag.py:3696} INFO - Setting next_dagrun for dataset_consumes_unknown_never_scheduled to None, run_after=None
[2024-08-08T22:22:05.594+0400] {logging_mixin.py:151} INFO - [2024-08-08T22:22:05.594+0400] {dag.py:3696} INFO - Setting next_dagrun for dataset_produces_1 to 2024-08-07T00:00:00+00:00, run_after=2024-08-08T00:00:00+00:00
[2024-08-08T22:22:05.595+0400] {logging_mixin.py:151} INFO - [2024-08-08T22:22:05.595+0400] {dag.py:3696} INFO - Setting next_dagrun for dataset_produces_2 to None, run_after=None
[2024-08-08T22:22:05.640+0400] {processor.py:179} INFO - Processing /home/eduardo/airflow_venv/lib/python3.10/site-packages/airflow/example_dags/example_datasets.py took 0.124 seconds
[2024-08-08T22:22:55.225+0400] {processor.py:157} INFO - Started process (PID=16751) to work on /home/eduardo/airflow_venv/lib/python3.10/site-packages/airflow/example_dags/example_datasets.py
[2024-08-08T22:22:55.227+0400] {processor.py:829} INFO - Processing file /home/eduardo/airflow_venv/lib/python3.10/site-packages/airflow/example_dags/example_datasets.py for tasks to queue
[2024-08-08T22:22:55.228+0400] {logging_mixin.py:151} INFO - [2024-08-08T22:22:55.227+0400] {dagbag.py:539} INFO - Filling up the DagBag from /home/eduardo/airflow_venv/lib/python3.10/site-packages/airflow/example_dags/example_datasets.py
[2024-08-08T22:22:55.237+0400] {processor.py:839} INFO - DAG(s) dict_keys(['dataset_consumes_1_and_2', 'dataset_produces_2', 'dataset_produces_1', 'dataset_consumes_1', 'dataset_consumes_unknown_never_scheduled', 'dataset_consumes_1_never_scheduled']) retrieved from /home/eduardo/airflow_venv/lib/python3.10/site-packages/airflow/example_dags/example_datasets.py
[2024-08-08T22:22:55.261+0400] {logging_mixin.py:151} INFO - [2024-08-08T22:22:55.261+0400] {dag.py:2915} INFO - Sync 6 DAGs
[2024-08-08T22:22:55.275+0400] {logging_mixin.py:151} INFO - [2024-08-08T22:22:55.275+0400] {dag.py:3696} INFO - Setting next_dagrun for dataset_consumes_1 to None, run_after=None
[2024-08-08T22:22:55.277+0400] {logging_mixin.py:151} INFO - [2024-08-08T22:22:55.277+0400] {dag.py:3696} INFO - Setting next_dagrun for dataset_consumes_1_and_2 to None, run_after=None
[2024-08-08T22:22:55.278+0400] {logging_mixin.py:151} INFO - [2024-08-08T22:22:55.278+0400] {dag.py:3696} INFO - Setting next_dagrun for dataset_consumes_1_never_scheduled to None, run_after=None
[2024-08-08T22:22:55.278+0400] {logging_mixin.py:151} INFO - [2024-08-08T22:22:55.278+0400] {dag.py:3696} INFO - Setting next_dagrun for dataset_consumes_unknown_never_scheduled to None, run_after=None
[2024-08-08T22:22:55.280+0400] {logging_mixin.py:151} INFO - [2024-08-08T22:22:55.280+0400] {dag.py:3696} INFO - Setting next_dagrun for dataset_produces_1 to 2024-08-07T00:00:00+00:00, run_after=2024-08-08T00:00:00+00:00
[2024-08-08T22:22:55.280+0400] {logging_mixin.py:151} INFO - [2024-08-08T22:22:55.280+0400] {dag.py:3696} INFO - Setting next_dagrun for dataset_produces_2 to None, run_after=None
[2024-08-08T22:22:55.322+0400] {processor.py:179} INFO - Processing /home/eduardo/airflow_venv/lib/python3.10/site-packages/airflow/example_dags/example_datasets.py took 0.101 seconds
