[2024-08-08T20:18:36.086+0400] {processor.py:157} INFO - Started process (PID=6822) to work on /home/eduardo/airflow_venv/lib/python3.10/site-packages/airflow/example_dags/example_sensors.py
[2024-08-08T20:18:36.087+0400] {processor.py:829} INFO - Processing file /home/eduardo/airflow_venv/lib/python3.10/site-packages/airflow/example_dags/example_sensors.py for tasks to queue
[2024-08-08T20:18:36.088+0400] {logging_mixin.py:151} INFO - [2024-08-08T20:18:36.087+0400] {dagbag.py:539} INFO - Filling up the DagBag from /home/eduardo/airflow_venv/lib/python3.10/site-packages/airflow/example_dags/example_sensors.py
[2024-08-08T20:18:36.101+0400] {processor.py:839} INFO - DAG(s) dict_keys(['example_sensors']) retrieved from /home/eduardo/airflow_venv/lib/python3.10/site-packages/airflow/example_dags/example_sensors.py
[2024-08-08T20:18:36.250+0400] {logging_mixin.py:151} INFO - [2024-08-08T20:18:36.250+0400] {manager.py:499} INFO - Created Permission View: %s
[2024-08-08T20:18:36.276+0400] {logging_mixin.py:151} INFO - [2024-08-08T20:18:36.276+0400] {manager.py:499} INFO - Created Permission View: %s
[2024-08-08T20:18:36.296+0400] {logging_mixin.py:151} INFO - [2024-08-08T20:18:36.296+0400] {manager.py:499} INFO - Created Permission View: %s
[2024-08-08T20:18:36.296+0400] {logging_mixin.py:151} INFO - [2024-08-08T20:18:36.296+0400] {security.py:708} INFO - Not syncing DAG-level permissions for DAG 'DAG:example_sensors' as access control is unset.
[2024-08-08T20:18:36.296+0400] {logging_mixin.py:151} INFO - [2024-08-08T20:18:36.296+0400] {dag.py:2915} INFO - Sync 1 DAGs
[2024-08-08T20:18:36.304+0400] {logging_mixin.py:151} INFO - [2024-08-08T20:18:36.303+0400] {dag.py:2937} INFO - Creating ORM DAG for example_sensors
[2024-08-08T20:18:36.304+0400] {logging_mixin.py:151} INFO - [2024-08-08T20:18:36.304+0400] {dag.py:3696} INFO - Setting next_dagrun for example_sensors to None, run_after=None
[2024-08-08T20:18:36.346+0400] {processor.py:179} INFO - Processing /home/eduardo/airflow_venv/lib/python3.10/site-packages/airflow/example_dags/example_sensors.py took 0.263 seconds
[2024-08-08T20:19:25.631+0400] {processor.py:157} INFO - Started process (PID=6870) to work on /home/eduardo/airflow_venv/lib/python3.10/site-packages/airflow/example_dags/example_sensors.py
[2024-08-08T20:19:25.633+0400] {processor.py:829} INFO - Processing file /home/eduardo/airflow_venv/lib/python3.10/site-packages/airflow/example_dags/example_sensors.py for tasks to queue
[2024-08-08T20:19:25.633+0400] {logging_mixin.py:151} INFO - [2024-08-08T20:19:25.633+0400] {dagbag.py:539} INFO - Filling up the DagBag from /home/eduardo/airflow_venv/lib/python3.10/site-packages/airflow/example_dags/example_sensors.py
[2024-08-08T20:19:25.641+0400] {processor.py:839} INFO - DAG(s) dict_keys(['example_sensors']) retrieved from /home/eduardo/airflow_venv/lib/python3.10/site-packages/airflow/example_dags/example_sensors.py
[2024-08-08T20:19:25.654+0400] {logging_mixin.py:151} INFO - [2024-08-08T20:19:25.654+0400] {dag.py:2915} INFO - Sync 1 DAGs
[2024-08-08T20:19:25.661+0400] {logging_mixin.py:151} INFO - [2024-08-08T20:19:25.661+0400] {dag.py:3696} INFO - Setting next_dagrun for example_sensors to None, run_after=None
[2024-08-08T20:19:25.693+0400] {processor.py:179} INFO - Processing /home/eduardo/airflow_venv/lib/python3.10/site-packages/airflow/example_dags/example_sensors.py took 0.064 seconds
[2024-08-08T20:20:09.671+0400] {processor.py:157} INFO - Started process (PID=6918) to work on /home/eduardo/airflow_venv/lib/python3.10/site-packages/airflow/example_dags/example_sensors.py
[2024-08-08T20:20:09.673+0400] {processor.py:829} INFO - Processing file /home/eduardo/airflow_venv/lib/python3.10/site-packages/airflow/example_dags/example_sensors.py for tasks to queue
[2024-08-08T20:20:09.673+0400] {logging_mixin.py:151} INFO - [2024-08-08T20:20:09.673+0400] {dagbag.py:539} INFO - Filling up the DagBag from /home/eduardo/airflow_venv/lib/python3.10/site-packages/airflow/example_dags/example_sensors.py
[2024-08-08T20:20:09.680+0400] {processor.py:839} INFO - DAG(s) dict_keys(['example_sensors']) retrieved from /home/eduardo/airflow_venv/lib/python3.10/site-packages/airflow/example_dags/example_sensors.py
[2024-08-08T20:20:09.693+0400] {logging_mixin.py:151} INFO - [2024-08-08T20:20:09.693+0400] {dag.py:2915} INFO - Sync 1 DAGs
[2024-08-08T20:20:09.701+0400] {logging_mixin.py:151} INFO - [2024-08-08T20:20:09.700+0400] {dag.py:3696} INFO - Setting next_dagrun for example_sensors to None, run_after=None
[2024-08-08T20:20:09.730+0400] {processor.py:179} INFO - Processing /home/eduardo/airflow_venv/lib/python3.10/site-packages/airflow/example_dags/example_sensors.py took 0.060 seconds
[2024-08-08T20:20:53.157+0400] {processor.py:157} INFO - Started process (PID=6964) to work on /home/eduardo/airflow_venv/lib/python3.10/site-packages/airflow/example_dags/example_sensors.py
[2024-08-08T20:20:53.158+0400] {processor.py:829} INFO - Processing file /home/eduardo/airflow_venv/lib/python3.10/site-packages/airflow/example_dags/example_sensors.py for tasks to queue
[2024-08-08T20:20:53.158+0400] {logging_mixin.py:151} INFO - [2024-08-08T20:20:53.158+0400] {dagbag.py:539} INFO - Filling up the DagBag from /home/eduardo/airflow_venv/lib/python3.10/site-packages/airflow/example_dags/example_sensors.py
[2024-08-08T20:20:53.165+0400] {processor.py:839} INFO - DAG(s) dict_keys(['example_sensors']) retrieved from /home/eduardo/airflow_venv/lib/python3.10/site-packages/airflow/example_dags/example_sensors.py
[2024-08-08T20:20:53.180+0400] {logging_mixin.py:151} INFO - [2024-08-08T20:20:53.180+0400] {dag.py:2915} INFO - Sync 1 DAGs
[2024-08-08T20:20:53.189+0400] {logging_mixin.py:151} INFO - [2024-08-08T20:20:53.189+0400] {dag.py:3696} INFO - Setting next_dagrun for example_sensors to None, run_after=None
[2024-08-08T20:20:53.220+0400] {processor.py:179} INFO - Processing /home/eduardo/airflow_venv/lib/python3.10/site-packages/airflow/example_dags/example_sensors.py took 0.066 seconds
[2024-08-08T20:21:35.452+0400] {processor.py:157} INFO - Started process (PID=7010) to work on /home/eduardo/airflow_venv/lib/python3.10/site-packages/airflow/example_dags/example_sensors.py
[2024-08-08T20:21:35.454+0400] {processor.py:829} INFO - Processing file /home/eduardo/airflow_venv/lib/python3.10/site-packages/airflow/example_dags/example_sensors.py for tasks to queue
[2024-08-08T20:21:35.454+0400] {logging_mixin.py:151} INFO - [2024-08-08T20:21:35.454+0400] {dagbag.py:539} INFO - Filling up the DagBag from /home/eduardo/airflow_venv/lib/python3.10/site-packages/airflow/example_dags/example_sensors.py
[2024-08-08T20:21:35.462+0400] {processor.py:839} INFO - DAG(s) dict_keys(['example_sensors']) retrieved from /home/eduardo/airflow_venv/lib/python3.10/site-packages/airflow/example_dags/example_sensors.py
[2024-08-08T20:21:35.478+0400] {logging_mixin.py:151} INFO - [2024-08-08T20:21:35.478+0400] {dag.py:2915} INFO - Sync 1 DAGs
[2024-08-08T20:21:35.488+0400] {logging_mixin.py:151} INFO - [2024-08-08T20:21:35.487+0400] {dag.py:3696} INFO - Setting next_dagrun for example_sensors to None, run_after=None
[2024-08-08T20:21:35.517+0400] {processor.py:179} INFO - Processing /home/eduardo/airflow_venv/lib/python3.10/site-packages/airflow/example_dags/example_sensors.py took 0.067 seconds
[2024-08-08T20:22:19.984+0400] {processor.py:157} INFO - Started process (PID=7056) to work on /home/eduardo/airflow_venv/lib/python3.10/site-packages/airflow/example_dags/example_sensors.py
[2024-08-08T20:22:19.985+0400] {processor.py:829} INFO - Processing file /home/eduardo/airflow_venv/lib/python3.10/site-packages/airflow/example_dags/example_sensors.py for tasks to queue
[2024-08-08T20:22:19.986+0400] {logging_mixin.py:151} INFO - [2024-08-08T20:22:19.986+0400] {dagbag.py:539} INFO - Filling up the DagBag from /home/eduardo/airflow_venv/lib/python3.10/site-packages/airflow/example_dags/example_sensors.py
[2024-08-08T20:22:19.994+0400] {processor.py:839} INFO - DAG(s) dict_keys(['example_sensors']) retrieved from /home/eduardo/airflow_venv/lib/python3.10/site-packages/airflow/example_dags/example_sensors.py
[2024-08-08T20:22:20.009+0400] {logging_mixin.py:151} INFO - [2024-08-08T20:22:20.009+0400] {dag.py:2915} INFO - Sync 1 DAGs
[2024-08-08T20:22:20.016+0400] {logging_mixin.py:151} INFO - [2024-08-08T20:22:20.016+0400] {dag.py:3696} INFO - Setting next_dagrun for example_sensors to None, run_after=None
[2024-08-08T20:22:20.043+0400] {processor.py:179} INFO - Processing /home/eduardo/airflow_venv/lib/python3.10/site-packages/airflow/example_dags/example_sensors.py took 0.060 seconds
[2024-08-08T20:23:06.718+0400] {processor.py:157} INFO - Started process (PID=7122) to work on /home/eduardo/airflow_venv/lib/python3.10/site-packages/airflow/example_dags/example_sensors.py
[2024-08-08T20:23:06.719+0400] {processor.py:829} INFO - Processing file /home/eduardo/airflow_venv/lib/python3.10/site-packages/airflow/example_dags/example_sensors.py for tasks to queue
[2024-08-08T20:23:06.719+0400] {logging_mixin.py:151} INFO - [2024-08-08T20:23:06.719+0400] {dagbag.py:539} INFO - Filling up the DagBag from /home/eduardo/airflow_venv/lib/python3.10/site-packages/airflow/example_dags/example_sensors.py
[2024-08-08T20:23:06.726+0400] {processor.py:839} INFO - DAG(s) dict_keys(['example_sensors']) retrieved from /home/eduardo/airflow_venv/lib/python3.10/site-packages/airflow/example_dags/example_sensors.py
[2024-08-08T20:23:06.739+0400] {logging_mixin.py:151} INFO - [2024-08-08T20:23:06.739+0400] {dag.py:2915} INFO - Sync 1 DAGs
[2024-08-08T20:23:06.746+0400] {logging_mixin.py:151} INFO - [2024-08-08T20:23:06.746+0400] {dag.py:3696} INFO - Setting next_dagrun for example_sensors to None, run_after=None
[2024-08-08T20:23:06.771+0400] {processor.py:179} INFO - Processing /home/eduardo/airflow_venv/lib/python3.10/site-packages/airflow/example_dags/example_sensors.py took 0.056 seconds
[2024-08-08T20:23:49.145+0400] {processor.py:157} INFO - Started process (PID=7169) to work on /home/eduardo/airflow_venv/lib/python3.10/site-packages/airflow/example_dags/example_sensors.py
[2024-08-08T20:23:49.146+0400] {processor.py:829} INFO - Processing file /home/eduardo/airflow_venv/lib/python3.10/site-packages/airflow/example_dags/example_sensors.py for tasks to queue
[2024-08-08T20:23:49.147+0400] {logging_mixin.py:151} INFO - [2024-08-08T20:23:49.147+0400] {dagbag.py:539} INFO - Filling up the DagBag from /home/eduardo/airflow_venv/lib/python3.10/site-packages/airflow/example_dags/example_sensors.py
[2024-08-08T20:23:49.153+0400] {processor.py:839} INFO - DAG(s) dict_keys(['example_sensors']) retrieved from /home/eduardo/airflow_venv/lib/python3.10/site-packages/airflow/example_dags/example_sensors.py
[2024-08-08T20:23:49.167+0400] {logging_mixin.py:151} INFO - [2024-08-08T20:23:49.167+0400] {dag.py:2915} INFO - Sync 1 DAGs
[2024-08-08T20:23:49.174+0400] {logging_mixin.py:151} INFO - [2024-08-08T20:23:49.174+0400] {dag.py:3696} INFO - Setting next_dagrun for example_sensors to None, run_after=None
[2024-08-08T20:23:49.201+0400] {processor.py:179} INFO - Processing /home/eduardo/airflow_venv/lib/python3.10/site-packages/airflow/example_dags/example_sensors.py took 0.058 seconds
[2024-08-08T20:24:34.502+0400] {processor.py:157} INFO - Started process (PID=7216) to work on /home/eduardo/airflow_venv/lib/python3.10/site-packages/airflow/example_dags/example_sensors.py
[2024-08-08T20:24:34.504+0400] {processor.py:829} INFO - Processing file /home/eduardo/airflow_venv/lib/python3.10/site-packages/airflow/example_dags/example_sensors.py for tasks to queue
[2024-08-08T20:24:34.504+0400] {logging_mixin.py:151} INFO - [2024-08-08T20:24:34.504+0400] {dagbag.py:539} INFO - Filling up the DagBag from /home/eduardo/airflow_venv/lib/python3.10/site-packages/airflow/example_dags/example_sensors.py
[2024-08-08T20:24:34.511+0400] {processor.py:839} INFO - DAG(s) dict_keys(['example_sensors']) retrieved from /home/eduardo/airflow_venv/lib/python3.10/site-packages/airflow/example_dags/example_sensors.py
[2024-08-08T20:24:34.527+0400] {logging_mixin.py:151} INFO - [2024-08-08T20:24:34.526+0400] {dag.py:2915} INFO - Sync 1 DAGs
[2024-08-08T20:24:34.537+0400] {logging_mixin.py:151} INFO - [2024-08-08T20:24:34.537+0400] {dag.py:3696} INFO - Setting next_dagrun for example_sensors to None, run_after=None
[2024-08-08T20:24:34.568+0400] {processor.py:179} INFO - Processing /home/eduardo/airflow_venv/lib/python3.10/site-packages/airflow/example_dags/example_sensors.py took 0.068 seconds
[2024-08-08T20:25:15.533+0400] {processor.py:157} INFO - Started process (PID=7265) to work on /home/eduardo/airflow_venv/lib/python3.10/site-packages/airflow/example_dags/example_sensors.py
[2024-08-08T20:25:15.535+0400] {processor.py:829} INFO - Processing file /home/eduardo/airflow_venv/lib/python3.10/site-packages/airflow/example_dags/example_sensors.py for tasks to queue
[2024-08-08T20:25:15.536+0400] {logging_mixin.py:151} INFO - [2024-08-08T20:25:15.536+0400] {dagbag.py:539} INFO - Filling up the DagBag from /home/eduardo/airflow_venv/lib/python3.10/site-packages/airflow/example_dags/example_sensors.py
[2024-08-08T20:25:15.542+0400] {processor.py:839} INFO - DAG(s) dict_keys(['example_sensors']) retrieved from /home/eduardo/airflow_venv/lib/python3.10/site-packages/airflow/example_dags/example_sensors.py
[2024-08-08T20:25:15.556+0400] {logging_mixin.py:151} INFO - [2024-08-08T20:25:15.556+0400] {dag.py:2915} INFO - Sync 1 DAGs
[2024-08-08T20:25:15.563+0400] {logging_mixin.py:151} INFO - [2024-08-08T20:25:15.563+0400] {dag.py:3696} INFO - Setting next_dagrun for example_sensors to None, run_after=None
[2024-08-08T20:25:15.595+0400] {processor.py:179} INFO - Processing /home/eduardo/airflow_venv/lib/python3.10/site-packages/airflow/example_dags/example_sensors.py took 0.064 seconds
[2024-08-08T20:25:59.124+0400] {processor.py:157} INFO - Started process (PID=7311) to work on /home/eduardo/airflow_venv/lib/python3.10/site-packages/airflow/example_dags/example_sensors.py
[2024-08-08T20:25:59.125+0400] {processor.py:829} INFO - Processing file /home/eduardo/airflow_venv/lib/python3.10/site-packages/airflow/example_dags/example_sensors.py for tasks to queue
[2024-08-08T20:25:59.126+0400] {logging_mixin.py:151} INFO - [2024-08-08T20:25:59.125+0400] {dagbag.py:539} INFO - Filling up the DagBag from /home/eduardo/airflow_venv/lib/python3.10/site-packages/airflow/example_dags/example_sensors.py
[2024-08-08T20:25:59.136+0400] {processor.py:839} INFO - DAG(s) dict_keys(['example_sensors']) retrieved from /home/eduardo/airflow_venv/lib/python3.10/site-packages/airflow/example_dags/example_sensors.py
[2024-08-08T20:25:59.149+0400] {logging_mixin.py:151} INFO - [2024-08-08T20:25:59.149+0400] {dag.py:2915} INFO - Sync 1 DAGs
[2024-08-08T20:25:59.155+0400] {logging_mixin.py:151} INFO - [2024-08-08T20:25:59.155+0400] {dag.py:3696} INFO - Setting next_dagrun for example_sensors to None, run_after=None
[2024-08-08T20:25:59.182+0400] {processor.py:179} INFO - Processing /home/eduardo/airflow_venv/lib/python3.10/site-packages/airflow/example_dags/example_sensors.py took 0.061 seconds
[2024-08-08T22:09:49.560+0400] {processor.py:157} INFO - Started process (PID=9591) to work on /home/eduardo/airflow_venv/lib/python3.10/site-packages/airflow/example_dags/example_sensors.py
[2024-08-08T22:09:49.562+0400] {processor.py:829} INFO - Processing file /home/eduardo/airflow_venv/lib/python3.10/site-packages/airflow/example_dags/example_sensors.py for tasks to queue
[2024-08-08T22:09:49.563+0400] {logging_mixin.py:151} INFO - [2024-08-08T22:09:49.563+0400] {dagbag.py:539} INFO - Filling up the DagBag from /home/eduardo/airflow_venv/lib/python3.10/site-packages/airflow/example_dags/example_sensors.py
[2024-08-08T22:09:49.580+0400] {processor.py:839} INFO - DAG(s) dict_keys(['example_sensors']) retrieved from /home/eduardo/airflow_venv/lib/python3.10/site-packages/airflow/example_dags/example_sensors.py
[2024-08-08T22:09:49.601+0400] {logging_mixin.py:151} INFO - [2024-08-08T22:09:49.600+0400] {dag.py:2915} INFO - Sync 1 DAGs
[2024-08-08T22:09:49.614+0400] {logging_mixin.py:151} INFO - [2024-08-08T22:09:49.614+0400] {dag.py:3696} INFO - Setting next_dagrun for example_sensors to None, run_after=None
[2024-08-08T22:09:49.647+0400] {processor.py:179} INFO - Processing /home/eduardo/airflow_venv/lib/python3.10/site-packages/airflow/example_dags/example_sensors.py took 0.093 seconds
[2024-08-08T22:10:36.179+0400] {processor.py:157} INFO - Started process (PID=10118) to work on /home/eduardo/airflow_venv/lib/python3.10/site-packages/airflow/example_dags/example_sensors.py
[2024-08-08T22:10:36.182+0400] {processor.py:829} INFO - Processing file /home/eduardo/airflow_venv/lib/python3.10/site-packages/airflow/example_dags/example_sensors.py for tasks to queue
[2024-08-08T22:10:36.185+0400] {logging_mixin.py:151} INFO - [2024-08-08T22:10:36.184+0400] {dagbag.py:539} INFO - Filling up the DagBag from /home/eduardo/airflow_venv/lib/python3.10/site-packages/airflow/example_dags/example_sensors.py
[2024-08-08T22:10:36.197+0400] {processor.py:839} INFO - DAG(s) dict_keys(['example_sensors']) retrieved from /home/eduardo/airflow_venv/lib/python3.10/site-packages/airflow/example_dags/example_sensors.py
[2024-08-08T22:10:36.223+0400] {logging_mixin.py:151} INFO - [2024-08-08T22:10:36.222+0400] {dag.py:2915} INFO - Sync 1 DAGs
[2024-08-08T22:10:36.236+0400] {logging_mixin.py:151} INFO - [2024-08-08T22:10:36.236+0400] {dag.py:3696} INFO - Setting next_dagrun for example_sensors to None, run_after=None
[2024-08-08T22:10:36.279+0400] {processor.py:179} INFO - Processing /home/eduardo/airflow_venv/lib/python3.10/site-packages/airflow/example_dags/example_sensors.py took 0.104 seconds
[2024-08-08T22:11:25.418+0400] {processor.py:157} INFO - Started process (PID=10635) to work on /home/eduardo/airflow_venv/lib/python3.10/site-packages/airflow/example_dags/example_sensors.py
[2024-08-08T22:11:25.419+0400] {processor.py:829} INFO - Processing file /home/eduardo/airflow_venv/lib/python3.10/site-packages/airflow/example_dags/example_sensors.py for tasks to queue
[2024-08-08T22:11:25.420+0400] {logging_mixin.py:151} INFO - [2024-08-08T22:11:25.420+0400] {dagbag.py:539} INFO - Filling up the DagBag from /home/eduardo/airflow_venv/lib/python3.10/site-packages/airflow/example_dags/example_sensors.py
[2024-08-08T22:11:25.431+0400] {processor.py:839} INFO - DAG(s) dict_keys(['example_sensors']) retrieved from /home/eduardo/airflow_venv/lib/python3.10/site-packages/airflow/example_dags/example_sensors.py
[2024-08-08T22:11:25.452+0400] {logging_mixin.py:151} INFO - [2024-08-08T22:11:25.452+0400] {dag.py:2915} INFO - Sync 1 DAGs
[2024-08-08T22:11:25.463+0400] {logging_mixin.py:151} INFO - [2024-08-08T22:11:25.463+0400] {dag.py:3696} INFO - Setting next_dagrun for example_sensors to None, run_after=None
[2024-08-08T22:11:25.497+0400] {processor.py:179} INFO - Processing /home/eduardo/airflow_venv/lib/python3.10/site-packages/airflow/example_dags/example_sensors.py took 0.083 seconds
[2024-08-08T22:12:15.134+0400] {processor.py:157} INFO - Started process (PID=11056) to work on /home/eduardo/airflow_venv/lib/python3.10/site-packages/airflow/example_dags/example_sensors.py
[2024-08-08T22:12:15.136+0400] {processor.py:829} INFO - Processing file /home/eduardo/airflow_venv/lib/python3.10/site-packages/airflow/example_dags/example_sensors.py for tasks to queue
[2024-08-08T22:12:15.137+0400] {logging_mixin.py:151} INFO - [2024-08-08T22:12:15.137+0400] {dagbag.py:539} INFO - Filling up the DagBag from /home/eduardo/airflow_venv/lib/python3.10/site-packages/airflow/example_dags/example_sensors.py
[2024-08-08T22:12:15.151+0400] {processor.py:839} INFO - DAG(s) dict_keys(['example_sensors']) retrieved from /home/eduardo/airflow_venv/lib/python3.10/site-packages/airflow/example_dags/example_sensors.py
[2024-08-08T22:12:15.186+0400] {logging_mixin.py:151} INFO - [2024-08-08T22:12:15.185+0400] {dag.py:2915} INFO - Sync 1 DAGs
[2024-08-08T22:12:15.201+0400] {logging_mixin.py:151} INFO - [2024-08-08T22:12:15.200+0400] {dag.py:3696} INFO - Setting next_dagrun for example_sensors to None, run_after=None
[2024-08-08T22:12:15.251+0400] {processor.py:179} INFO - Processing /home/eduardo/airflow_venv/lib/python3.10/site-packages/airflow/example_dags/example_sensors.py took 0.123 seconds
[2024-08-08T22:13:03.430+0400] {processor.py:157} INFO - Started process (PID=11430) to work on /home/eduardo/airflow_venv/lib/python3.10/site-packages/airflow/example_dags/example_sensors.py
[2024-08-08T22:13:03.434+0400] {processor.py:829} INFO - Processing file /home/eduardo/airflow_venv/lib/python3.10/site-packages/airflow/example_dags/example_sensors.py for tasks to queue
[2024-08-08T22:13:03.434+0400] {logging_mixin.py:151} INFO - [2024-08-08T22:13:03.434+0400] {dagbag.py:539} INFO - Filling up the DagBag from /home/eduardo/airflow_venv/lib/python3.10/site-packages/airflow/example_dags/example_sensors.py
[2024-08-08T22:13:03.448+0400] {processor.py:839} INFO - DAG(s) dict_keys(['example_sensors']) retrieved from /home/eduardo/airflow_venv/lib/python3.10/site-packages/airflow/example_dags/example_sensors.py
[2024-08-08T22:13:03.470+0400] {logging_mixin.py:151} INFO - [2024-08-08T22:13:03.470+0400] {dag.py:2915} INFO - Sync 1 DAGs
[2024-08-08T22:13:03.479+0400] {logging_mixin.py:151} INFO - [2024-08-08T22:13:03.479+0400] {dag.py:3696} INFO - Setting next_dagrun for example_sensors to None, run_after=None
[2024-08-08T22:13:03.513+0400] {processor.py:179} INFO - Processing /home/eduardo/airflow_venv/lib/python3.10/site-packages/airflow/example_dags/example_sensors.py took 0.086 seconds
[2024-08-08T22:13:51.625+0400] {processor.py:157} INFO - Started process (PID=11926) to work on /home/eduardo/airflow_venv/lib/python3.10/site-packages/airflow/example_dags/example_sensors.py
[2024-08-08T22:13:51.628+0400] {processor.py:829} INFO - Processing file /home/eduardo/airflow_venv/lib/python3.10/site-packages/airflow/example_dags/example_sensors.py for tasks to queue
[2024-08-08T22:13:51.630+0400] {logging_mixin.py:151} INFO - [2024-08-08T22:13:51.629+0400] {dagbag.py:539} INFO - Filling up the DagBag from /home/eduardo/airflow_venv/lib/python3.10/site-packages/airflow/example_dags/example_sensors.py
[2024-08-08T22:13:51.647+0400] {processor.py:839} INFO - DAG(s) dict_keys(['example_sensors']) retrieved from /home/eduardo/airflow_venv/lib/python3.10/site-packages/airflow/example_dags/example_sensors.py
[2024-08-08T22:13:51.673+0400] {logging_mixin.py:151} INFO - [2024-08-08T22:13:51.673+0400] {dag.py:2915} INFO - Sync 1 DAGs
[2024-08-08T22:13:51.686+0400] {logging_mixin.py:151} INFO - [2024-08-08T22:13:51.686+0400] {dag.py:3696} INFO - Setting next_dagrun for example_sensors to None, run_after=None
[2024-08-08T22:13:51.726+0400] {processor.py:179} INFO - Processing /home/eduardo/airflow_venv/lib/python3.10/site-packages/airflow/example_dags/example_sensors.py took 0.106 seconds
[2024-08-08T22:14:38.603+0400] {processor.py:157} INFO - Started process (PID=12452) to work on /home/eduardo/airflow_venv/lib/python3.10/site-packages/airflow/example_dags/example_sensors.py
[2024-08-08T22:14:38.606+0400] {processor.py:829} INFO - Processing file /home/eduardo/airflow_venv/lib/python3.10/site-packages/airflow/example_dags/example_sensors.py for tasks to queue
[2024-08-08T22:14:38.607+0400] {logging_mixin.py:151} INFO - [2024-08-08T22:14:38.606+0400] {dagbag.py:539} INFO - Filling up the DagBag from /home/eduardo/airflow_venv/lib/python3.10/site-packages/airflow/example_dags/example_sensors.py
[2024-08-08T22:14:38.616+0400] {processor.py:839} INFO - DAG(s) dict_keys(['example_sensors']) retrieved from /home/eduardo/airflow_venv/lib/python3.10/site-packages/airflow/example_dags/example_sensors.py
[2024-08-08T22:14:38.624+0400] {logging_mixin.py:151} INFO - [2024-08-08T22:14:38.624+0400] {dag.py:2915} INFO - Sync 1 DAGs
[2024-08-08T22:14:38.635+0400] {logging_mixin.py:151} INFO - [2024-08-08T22:14:38.634+0400] {dag.py:3696} INFO - Setting next_dagrun for example_sensors to None, run_after=None
[2024-08-08T22:14:38.672+0400] {processor.py:179} INFO - Processing /home/eduardo/airflow_venv/lib/python3.10/site-packages/airflow/example_dags/example_sensors.py took 0.074 seconds
[2024-08-08T22:15:31.198+0400] {processor.py:157} INFO - Started process (PID=12908) to work on /home/eduardo/airflow_venv/lib/python3.10/site-packages/airflow/example_dags/example_sensors.py
[2024-08-08T22:15:31.201+0400] {processor.py:829} INFO - Processing file /home/eduardo/airflow_venv/lib/python3.10/site-packages/airflow/example_dags/example_sensors.py for tasks to queue
[2024-08-08T22:15:31.203+0400] {logging_mixin.py:151} INFO - [2024-08-08T22:15:31.202+0400] {dagbag.py:539} INFO - Filling up the DagBag from /home/eduardo/airflow_venv/lib/python3.10/site-packages/airflow/example_dags/example_sensors.py
[2024-08-08T22:15:31.212+0400] {processor.py:839} INFO - DAG(s) dict_keys(['example_sensors']) retrieved from /home/eduardo/airflow_venv/lib/python3.10/site-packages/airflow/example_dags/example_sensors.py
[2024-08-08T22:15:31.228+0400] {logging_mixin.py:151} INFO - [2024-08-08T22:15:31.228+0400] {dag.py:2915} INFO - Sync 1 DAGs
[2024-08-08T22:15:31.241+0400] {logging_mixin.py:151} INFO - [2024-08-08T22:15:31.241+0400] {dag.py:3696} INFO - Setting next_dagrun for example_sensors to None, run_after=None
[2024-08-08T22:15:31.277+0400] {processor.py:179} INFO - Processing /home/eduardo/airflow_venv/lib/python3.10/site-packages/airflow/example_dags/example_sensors.py took 0.083 seconds
[2024-08-08T22:16:21.153+0400] {processor.py:157} INFO - Started process (PID=13340) to work on /home/eduardo/airflow_venv/lib/python3.10/site-packages/airflow/example_dags/example_sensors.py
[2024-08-08T22:16:21.156+0400] {processor.py:829} INFO - Processing file /home/eduardo/airflow_venv/lib/python3.10/site-packages/airflow/example_dags/example_sensors.py for tasks to queue
[2024-08-08T22:16:21.157+0400] {logging_mixin.py:151} INFO - [2024-08-08T22:16:21.156+0400] {dagbag.py:539} INFO - Filling up the DagBag from /home/eduardo/airflow_venv/lib/python3.10/site-packages/airflow/example_dags/example_sensors.py
[2024-08-08T22:16:21.166+0400] {processor.py:839} INFO - DAG(s) dict_keys(['example_sensors']) retrieved from /home/eduardo/airflow_venv/lib/python3.10/site-packages/airflow/example_dags/example_sensors.py
[2024-08-08T22:16:21.187+0400] {logging_mixin.py:151} INFO - [2024-08-08T22:16:21.187+0400] {dag.py:2915} INFO - Sync 1 DAGs
[2024-08-08T22:16:21.204+0400] {logging_mixin.py:151} INFO - [2024-08-08T22:16:21.204+0400] {dag.py:3696} INFO - Setting next_dagrun for example_sensors to None, run_after=None
[2024-08-08T22:16:21.241+0400] {processor.py:179} INFO - Processing /home/eduardo/airflow_venv/lib/python3.10/site-packages/airflow/example_dags/example_sensors.py took 0.092 seconds
[2024-08-08T22:17:12.871+0400] {processor.py:157} INFO - Started process (PID=13942) to work on /home/eduardo/airflow_venv/lib/python3.10/site-packages/airflow/example_dags/example_sensors.py
[2024-08-08T22:17:12.874+0400] {processor.py:829} INFO - Processing file /home/eduardo/airflow_venv/lib/python3.10/site-packages/airflow/example_dags/example_sensors.py for tasks to queue
[2024-08-08T22:17:12.875+0400] {logging_mixin.py:151} INFO - [2024-08-08T22:17:12.874+0400] {dagbag.py:539} INFO - Filling up the DagBag from /home/eduardo/airflow_venv/lib/python3.10/site-packages/airflow/example_dags/example_sensors.py
[2024-08-08T22:17:12.891+0400] {processor.py:839} INFO - DAG(s) dict_keys(['example_sensors']) retrieved from /home/eduardo/airflow_venv/lib/python3.10/site-packages/airflow/example_dags/example_sensors.py
[2024-08-08T22:17:12.912+0400] {logging_mixin.py:151} INFO - [2024-08-08T22:17:12.911+0400] {dag.py:2915} INFO - Sync 1 DAGs
[2024-08-08T22:17:12.921+0400] {logging_mixin.py:151} INFO - [2024-08-08T22:17:12.921+0400] {dag.py:3696} INFO - Setting next_dagrun for example_sensors to None, run_after=None
[2024-08-08T22:17:12.952+0400] {processor.py:179} INFO - Processing /home/eduardo/airflow_venv/lib/python3.10/site-packages/airflow/example_dags/example_sensors.py took 0.084 seconds
[2024-08-08T22:18:05.601+0400] {processor.py:157} INFO - Started process (PID=14352) to work on /home/eduardo/airflow_venv/lib/python3.10/site-packages/airflow/example_dags/example_sensors.py
[2024-08-08T22:18:05.605+0400] {processor.py:829} INFO - Processing file /home/eduardo/airflow_venv/lib/python3.10/site-packages/airflow/example_dags/example_sensors.py for tasks to queue
[2024-08-08T22:18:05.606+0400] {logging_mixin.py:151} INFO - [2024-08-08T22:18:05.606+0400] {dagbag.py:539} INFO - Filling up the DagBag from /home/eduardo/airflow_venv/lib/python3.10/site-packages/airflow/example_dags/example_sensors.py
[2024-08-08T22:18:05.624+0400] {processor.py:839} INFO - DAG(s) dict_keys(['example_sensors']) retrieved from /home/eduardo/airflow_venv/lib/python3.10/site-packages/airflow/example_dags/example_sensors.py
[2024-08-08T22:18:05.657+0400] {logging_mixin.py:151} INFO - [2024-08-08T22:18:05.657+0400] {dag.py:2915} INFO - Sync 1 DAGs
[2024-08-08T22:18:05.672+0400] {logging_mixin.py:151} INFO - [2024-08-08T22:18:05.672+0400] {dag.py:3696} INFO - Setting next_dagrun for example_sensors to None, run_after=None
[2024-08-08T22:18:05.707+0400] {processor.py:179} INFO - Processing /home/eduardo/airflow_venv/lib/python3.10/site-packages/airflow/example_dags/example_sensors.py took 0.111 seconds
[2024-08-08T22:18:58.480+0400] {processor.py:157} INFO - Started process (PID=14763) to work on /home/eduardo/airflow_venv/lib/python3.10/site-packages/airflow/example_dags/example_sensors.py
[2024-08-08T22:18:58.483+0400] {processor.py:829} INFO - Processing file /home/eduardo/airflow_venv/lib/python3.10/site-packages/airflow/example_dags/example_sensors.py for tasks to queue
[2024-08-08T22:18:58.484+0400] {logging_mixin.py:151} INFO - [2024-08-08T22:18:58.483+0400] {dagbag.py:539} INFO - Filling up the DagBag from /home/eduardo/airflow_venv/lib/python3.10/site-packages/airflow/example_dags/example_sensors.py
[2024-08-08T22:18:58.493+0400] {processor.py:839} INFO - DAG(s) dict_keys(['example_sensors']) retrieved from /home/eduardo/airflow_venv/lib/python3.10/site-packages/airflow/example_dags/example_sensors.py
[2024-08-08T22:18:58.509+0400] {logging_mixin.py:151} INFO - [2024-08-08T22:18:58.509+0400] {dag.py:2915} INFO - Sync 1 DAGs
[2024-08-08T22:18:58.517+0400] {logging_mixin.py:151} INFO - [2024-08-08T22:18:58.517+0400] {dag.py:3696} INFO - Setting next_dagrun for example_sensors to None, run_after=None
[2024-08-08T22:18:58.545+0400] {processor.py:179} INFO - Processing /home/eduardo/airflow_venv/lib/python3.10/site-packages/airflow/example_dags/example_sensors.py took 0.068 seconds
[2024-08-08T22:19:47.307+0400] {processor.py:157} INFO - Started process (PID=15169) to work on /home/eduardo/airflow_venv/lib/python3.10/site-packages/airflow/example_dags/example_sensors.py
[2024-08-08T22:19:47.310+0400] {processor.py:829} INFO - Processing file /home/eduardo/airflow_venv/lib/python3.10/site-packages/airflow/example_dags/example_sensors.py for tasks to queue
[2024-08-08T22:19:47.311+0400] {logging_mixin.py:151} INFO - [2024-08-08T22:19:47.310+0400] {dagbag.py:539} INFO - Filling up the DagBag from /home/eduardo/airflow_venv/lib/python3.10/site-packages/airflow/example_dags/example_sensors.py
[2024-08-08T22:19:47.322+0400] {processor.py:839} INFO - DAG(s) dict_keys(['example_sensors']) retrieved from /home/eduardo/airflow_venv/lib/python3.10/site-packages/airflow/example_dags/example_sensors.py
[2024-08-08T22:19:47.346+0400] {logging_mixin.py:151} INFO - [2024-08-08T22:19:47.345+0400] {dag.py:2915} INFO - Sync 1 DAGs
[2024-08-08T22:19:47.360+0400] {logging_mixin.py:151} INFO - [2024-08-08T22:19:47.360+0400] {dag.py:3696} INFO - Setting next_dagrun for example_sensors to None, run_after=None
[2024-08-08T22:19:47.396+0400] {processor.py:179} INFO - Processing /home/eduardo/airflow_venv/lib/python3.10/site-packages/airflow/example_dags/example_sensors.py took 0.092 seconds
[2024-08-08T22:20:38.403+0400] {processor.py:157} INFO - Started process (PID=15570) to work on /home/eduardo/airflow_venv/lib/python3.10/site-packages/airflow/example_dags/example_sensors.py
[2024-08-08T22:20:38.406+0400] {processor.py:829} INFO - Processing file /home/eduardo/airflow_venv/lib/python3.10/site-packages/airflow/example_dags/example_sensors.py for tasks to queue
[2024-08-08T22:20:38.407+0400] {logging_mixin.py:151} INFO - [2024-08-08T22:20:38.407+0400] {dagbag.py:539} INFO - Filling up the DagBag from /home/eduardo/airflow_venv/lib/python3.10/site-packages/airflow/example_dags/example_sensors.py
[2024-08-08T22:20:38.417+0400] {processor.py:839} INFO - DAG(s) dict_keys(['example_sensors']) retrieved from /home/eduardo/airflow_venv/lib/python3.10/site-packages/airflow/example_dags/example_sensors.py
[2024-08-08T22:20:38.433+0400] {logging_mixin.py:151} INFO - [2024-08-08T22:20:38.432+0400] {dag.py:2915} INFO - Sync 1 DAGs
[2024-08-08T22:20:38.445+0400] {logging_mixin.py:151} INFO - [2024-08-08T22:20:38.445+0400] {dag.py:3696} INFO - Setting next_dagrun for example_sensors to None, run_after=None
[2024-08-08T22:20:38.481+0400] {processor.py:179} INFO - Processing /home/eduardo/airflow_venv/lib/python3.10/site-packages/airflow/example_dags/example_sensors.py took 0.082 seconds
[2024-08-08T22:21:30.957+0400] {processor.py:157} INFO - Started process (PID=16097) to work on /home/eduardo/airflow_venv/lib/python3.10/site-packages/airflow/example_dags/example_sensors.py
[2024-08-08T22:21:30.960+0400] {processor.py:829} INFO - Processing file /home/eduardo/airflow_venv/lib/python3.10/site-packages/airflow/example_dags/example_sensors.py for tasks to queue
[2024-08-08T22:21:30.961+0400] {logging_mixin.py:151} INFO - [2024-08-08T22:21:30.960+0400] {dagbag.py:539} INFO - Filling up the DagBag from /home/eduardo/airflow_venv/lib/python3.10/site-packages/airflow/example_dags/example_sensors.py
[2024-08-08T22:21:30.990+0400] {processor.py:839} INFO - DAG(s) dict_keys(['example_sensors']) retrieved from /home/eduardo/airflow_venv/lib/python3.10/site-packages/airflow/example_dags/example_sensors.py
[2024-08-08T22:21:31.033+0400] {logging_mixin.py:151} INFO - [2024-08-08T22:21:31.033+0400] {dag.py:2915} INFO - Sync 1 DAGs
[2024-08-08T22:21:31.049+0400] {logging_mixin.py:151} INFO - [2024-08-08T22:21:31.049+0400] {dag.py:3696} INFO - Setting next_dagrun for example_sensors to None, run_after=None
[2024-08-08T22:21:31.094+0400] {processor.py:179} INFO - Processing /home/eduardo/airflow_venv/lib/python3.10/site-packages/airflow/example_dags/example_sensors.py took 0.140 seconds
[2024-08-08T22:22:22.870+0400] {processor.py:157} INFO - Started process (PID=16500) to work on /home/eduardo/airflow_venv/lib/python3.10/site-packages/airflow/example_dags/example_sensors.py
[2024-08-08T22:22:22.874+0400] {processor.py:829} INFO - Processing file /home/eduardo/airflow_venv/lib/python3.10/site-packages/airflow/example_dags/example_sensors.py for tasks to queue
[2024-08-08T22:22:22.874+0400] {logging_mixin.py:151} INFO - [2024-08-08T22:22:22.874+0400] {dagbag.py:539} INFO - Filling up the DagBag from /home/eduardo/airflow_venv/lib/python3.10/site-packages/airflow/example_dags/example_sensors.py
[2024-08-08T22:22:22.888+0400] {processor.py:839} INFO - DAG(s) dict_keys(['example_sensors']) retrieved from /home/eduardo/airflow_venv/lib/python3.10/site-packages/airflow/example_dags/example_sensors.py
[2024-08-08T22:22:22.908+0400] {logging_mixin.py:151} INFO - [2024-08-08T22:22:22.908+0400] {dag.py:2915} INFO - Sync 1 DAGs
[2024-08-08T22:22:22.923+0400] {logging_mixin.py:151} INFO - [2024-08-08T22:22:22.923+0400] {dag.py:3696} INFO - Setting next_dagrun for example_sensors to None, run_after=None
[2024-08-08T22:22:22.961+0400] {processor.py:179} INFO - Processing /home/eduardo/airflow_venv/lib/python3.10/site-packages/airflow/example_dags/example_sensors.py took 0.096 seconds
[2024-08-08T22:23:12.448+0400] {processor.py:157} INFO - Started process (PID=16889) to work on /home/eduardo/airflow_venv/lib/python3.10/site-packages/airflow/example_dags/example_sensors.py
[2024-08-08T22:23:12.451+0400] {processor.py:829} INFO - Processing file /home/eduardo/airflow_venv/lib/python3.10/site-packages/airflow/example_dags/example_sensors.py for tasks to queue
[2024-08-08T22:23:12.452+0400] {logging_mixin.py:151} INFO - [2024-08-08T22:23:12.452+0400] {dagbag.py:539} INFO - Filling up the DagBag from /home/eduardo/airflow_venv/lib/python3.10/site-packages/airflow/example_dags/example_sensors.py
[2024-08-08T22:23:12.463+0400] {processor.py:839} INFO - DAG(s) dict_keys(['example_sensors']) retrieved from /home/eduardo/airflow_venv/lib/python3.10/site-packages/airflow/example_dags/example_sensors.py
[2024-08-08T22:23:12.486+0400] {logging_mixin.py:151} INFO - [2024-08-08T22:23:12.485+0400] {dag.py:2915} INFO - Sync 1 DAGs
[2024-08-08T22:23:12.498+0400] {logging_mixin.py:151} INFO - [2024-08-08T22:23:12.498+0400] {dag.py:3696} INFO - Setting next_dagrun for example_sensors to None, run_after=None
[2024-08-08T22:23:12.536+0400] {processor.py:179} INFO - Processing /home/eduardo/airflow_venv/lib/python3.10/site-packages/airflow/example_dags/example_sensors.py took 0.091 seconds
