[2024-08-08T20:18:41.340+0400] {processor.py:157} INFO - Started process (PID=6828) to work on /home/eduardo/airflow_venv/lib/python3.10/site-packages/airflow/example_dags/example_nested_branch_dag.py
[2024-08-08T20:18:41.341+0400] {processor.py:829} INFO - Processing file /home/eduardo/airflow_venv/lib/python3.10/site-packages/airflow/example_dags/example_nested_branch_dag.py for tasks to queue
[2024-08-08T20:18:41.341+0400] {logging_mixin.py:151} INFO - [2024-08-08T20:18:41.341+0400] {dagbag.py:539} INFO - Filling up the DagBag from /home/eduardo/airflow_venv/lib/python3.10/site-packages/airflow/example_dags/example_nested_branch_dag.py
[2024-08-08T20:18:41.350+0400] {processor.py:839} INFO - DAG(s) dict_keys(['example_nested_branch_dag']) retrieved from /home/eduardo/airflow_venv/lib/python3.10/site-packages/airflow/example_dags/example_nested_branch_dag.py
[2024-08-08T20:18:41.465+0400] {logging_mixin.py:151} INFO - [2024-08-08T20:18:41.464+0400] {manager.py:499} INFO - Created Permission View: %s
[2024-08-08T20:18:41.500+0400] {logging_mixin.py:151} INFO - [2024-08-08T20:18:41.500+0400] {manager.py:499} INFO - Created Permission View: %s
[2024-08-08T20:18:41.520+0400] {logging_mixin.py:151} INFO - [2024-08-08T20:18:41.519+0400] {manager.py:499} INFO - Created Permission View: %s
[2024-08-08T20:18:41.520+0400] {logging_mixin.py:151} INFO - [2024-08-08T20:18:41.520+0400] {security.py:708} INFO - Not syncing DAG-level permissions for DAG 'DAG:example_nested_branch_dag' as access control is unset.
[2024-08-08T20:18:41.520+0400] {logging_mixin.py:151} INFO - [2024-08-08T20:18:41.520+0400] {dag.py:2915} INFO - Sync 1 DAGs
[2024-08-08T20:18:41.527+0400] {logging_mixin.py:151} INFO - [2024-08-08T20:18:41.527+0400] {dag.py:2937} INFO - Creating ORM DAG for example_nested_branch_dag
[2024-08-08T20:18:41.532+0400] {logging_mixin.py:151} INFO - [2024-08-08T20:18:41.532+0400] {dag.py:3696} INFO - Setting next_dagrun for example_nested_branch_dag to 2024-08-07T00:00:00+00:00, run_after=2024-08-08T00:00:00+00:00
[2024-08-08T20:18:41.569+0400] {processor.py:179} INFO - Processing /home/eduardo/airflow_venv/lib/python3.10/site-packages/airflow/example_dags/example_nested_branch_dag.py took 0.230 seconds
[2024-08-08T20:19:29.648+0400] {processor.py:157} INFO - Started process (PID=6874) to work on /home/eduardo/airflow_venv/lib/python3.10/site-packages/airflow/example_dags/example_nested_branch_dag.py
[2024-08-08T20:19:29.657+0400] {processor.py:829} INFO - Processing file /home/eduardo/airflow_venv/lib/python3.10/site-packages/airflow/example_dags/example_nested_branch_dag.py for tasks to queue
[2024-08-08T20:19:29.657+0400] {logging_mixin.py:151} INFO - [2024-08-08T20:19:29.657+0400] {dagbag.py:539} INFO - Filling up the DagBag from /home/eduardo/airflow_venv/lib/python3.10/site-packages/airflow/example_dags/example_nested_branch_dag.py
[2024-08-08T20:19:29.664+0400] {processor.py:839} INFO - DAG(s) dict_keys(['example_nested_branch_dag']) retrieved from /home/eduardo/airflow_venv/lib/python3.10/site-packages/airflow/example_dags/example_nested_branch_dag.py
[2024-08-08T20:19:29.675+0400] {logging_mixin.py:151} INFO - [2024-08-08T20:19:29.675+0400] {dag.py:2915} INFO - Sync 1 DAGs
[2024-08-08T20:19:29.691+0400] {logging_mixin.py:151} INFO - [2024-08-08T20:19:29.691+0400] {dag.py:3696} INFO - Setting next_dagrun for example_nested_branch_dag to 2024-08-07T00:00:00+00:00, run_after=2024-08-08T00:00:00+00:00
[2024-08-08T20:19:29.717+0400] {processor.py:179} INFO - Processing /home/eduardo/airflow_venv/lib/python3.10/site-packages/airflow/example_dags/example_nested_branch_dag.py took 0.071 seconds
[2024-08-08T20:20:14.226+0400] {processor.py:157} INFO - Started process (PID=6922) to work on /home/eduardo/airflow_venv/lib/python3.10/site-packages/airflow/example_dags/example_nested_branch_dag.py
[2024-08-08T20:20:14.228+0400] {processor.py:829} INFO - Processing file /home/eduardo/airflow_venv/lib/python3.10/site-packages/airflow/example_dags/example_nested_branch_dag.py for tasks to queue
[2024-08-08T20:20:14.229+0400] {logging_mixin.py:151} INFO - [2024-08-08T20:20:14.228+0400] {dagbag.py:539} INFO - Filling up the DagBag from /home/eduardo/airflow_venv/lib/python3.10/site-packages/airflow/example_dags/example_nested_branch_dag.py
[2024-08-08T20:20:14.235+0400] {processor.py:839} INFO - DAG(s) dict_keys(['example_nested_branch_dag']) retrieved from /home/eduardo/airflow_venv/lib/python3.10/site-packages/airflow/example_dags/example_nested_branch_dag.py
[2024-08-08T20:20:14.247+0400] {logging_mixin.py:151} INFO - [2024-08-08T20:20:14.247+0400] {dag.py:2915} INFO - Sync 1 DAGs
[2024-08-08T20:20:14.259+0400] {logging_mixin.py:151} INFO - [2024-08-08T20:20:14.258+0400] {dag.py:3696} INFO - Setting next_dagrun for example_nested_branch_dag to 2024-08-07T00:00:00+00:00, run_after=2024-08-08T00:00:00+00:00
[2024-08-08T20:20:14.286+0400] {processor.py:179} INFO - Processing /home/eduardo/airflow_venv/lib/python3.10/site-packages/airflow/example_dags/example_nested_branch_dag.py took 0.063 seconds
[2024-08-08T20:20:57.179+0400] {processor.py:157} INFO - Started process (PID=6968) to work on /home/eduardo/airflow_venv/lib/python3.10/site-packages/airflow/example_dags/example_nested_branch_dag.py
[2024-08-08T20:20:57.180+0400] {processor.py:829} INFO - Processing file /home/eduardo/airflow_venv/lib/python3.10/site-packages/airflow/example_dags/example_nested_branch_dag.py for tasks to queue
[2024-08-08T20:20:57.181+0400] {logging_mixin.py:151} INFO - [2024-08-08T20:20:57.181+0400] {dagbag.py:539} INFO - Filling up the DagBag from /home/eduardo/airflow_venv/lib/python3.10/site-packages/airflow/example_dags/example_nested_branch_dag.py
[2024-08-08T20:20:57.190+0400] {processor.py:839} INFO - DAG(s) dict_keys(['example_nested_branch_dag']) retrieved from /home/eduardo/airflow_venv/lib/python3.10/site-packages/airflow/example_dags/example_nested_branch_dag.py
[2024-08-08T20:20:57.205+0400] {logging_mixin.py:151} INFO - [2024-08-08T20:20:57.205+0400] {dag.py:2915} INFO - Sync 1 DAGs
[2024-08-08T20:20:57.222+0400] {logging_mixin.py:151} INFO - [2024-08-08T20:20:57.222+0400] {dag.py:3696} INFO - Setting next_dagrun for example_nested_branch_dag to 2024-08-07T00:00:00+00:00, run_after=2024-08-08T00:00:00+00:00
[2024-08-08T20:20:57.253+0400] {processor.py:179} INFO - Processing /home/eduardo/airflow_venv/lib/python3.10/site-packages/airflow/example_dags/example_nested_branch_dag.py took 0.076 seconds
[2024-08-08T20:21:39.463+0400] {processor.py:157} INFO - Started process (PID=7014) to work on /home/eduardo/airflow_venv/lib/python3.10/site-packages/airflow/example_dags/example_nested_branch_dag.py
[2024-08-08T20:21:39.464+0400] {processor.py:829} INFO - Processing file /home/eduardo/airflow_venv/lib/python3.10/site-packages/airflow/example_dags/example_nested_branch_dag.py for tasks to queue
[2024-08-08T20:21:39.464+0400] {logging_mixin.py:151} INFO - [2024-08-08T20:21:39.464+0400] {dagbag.py:539} INFO - Filling up the DagBag from /home/eduardo/airflow_venv/lib/python3.10/site-packages/airflow/example_dags/example_nested_branch_dag.py
[2024-08-08T20:21:39.472+0400] {processor.py:839} INFO - DAG(s) dict_keys(['example_nested_branch_dag']) retrieved from /home/eduardo/airflow_venv/lib/python3.10/site-packages/airflow/example_dags/example_nested_branch_dag.py
[2024-08-08T20:21:39.485+0400] {logging_mixin.py:151} INFO - [2024-08-08T20:21:39.485+0400] {dag.py:2915} INFO - Sync 1 DAGs
[2024-08-08T20:21:39.498+0400] {logging_mixin.py:151} INFO - [2024-08-08T20:21:39.498+0400] {dag.py:3696} INFO - Setting next_dagrun for example_nested_branch_dag to 2024-08-07T00:00:00+00:00, run_after=2024-08-08T00:00:00+00:00
[2024-08-08T20:21:39.533+0400] {processor.py:179} INFO - Processing /home/eduardo/airflow_venv/lib/python3.10/site-packages/airflow/example_dags/example_nested_branch_dag.py took 0.073 seconds
[2024-08-08T20:22:24.530+0400] {processor.py:157} INFO - Started process (PID=7060) to work on /home/eduardo/airflow_venv/lib/python3.10/site-packages/airflow/example_dags/example_nested_branch_dag.py
[2024-08-08T20:22:24.531+0400] {processor.py:829} INFO - Processing file /home/eduardo/airflow_venv/lib/python3.10/site-packages/airflow/example_dags/example_nested_branch_dag.py for tasks to queue
[2024-08-08T20:22:24.532+0400] {logging_mixin.py:151} INFO - [2024-08-08T20:22:24.532+0400] {dagbag.py:539} INFO - Filling up the DagBag from /home/eduardo/airflow_venv/lib/python3.10/site-packages/airflow/example_dags/example_nested_branch_dag.py
[2024-08-08T20:22:24.539+0400] {processor.py:839} INFO - DAG(s) dict_keys(['example_nested_branch_dag']) retrieved from /home/eduardo/airflow_venv/lib/python3.10/site-packages/airflow/example_dags/example_nested_branch_dag.py
[2024-08-08T20:22:24.555+0400] {logging_mixin.py:151} INFO - [2024-08-08T20:22:24.555+0400] {dag.py:2915} INFO - Sync 1 DAGs
[2024-08-08T20:22:24.572+0400] {logging_mixin.py:151} INFO - [2024-08-08T20:22:24.572+0400] {dag.py:3696} INFO - Setting next_dagrun for example_nested_branch_dag to 2024-08-07T00:00:00+00:00, run_after=2024-08-08T00:00:00+00:00
[2024-08-08T20:22:24.600+0400] {processor.py:179} INFO - Processing /home/eduardo/airflow_venv/lib/python3.10/site-packages/airflow/example_dags/example_nested_branch_dag.py took 0.072 seconds
[2024-08-08T20:23:09.591+0400] {processor.py:157} INFO - Started process (PID=7126) to work on /home/eduardo/airflow_venv/lib/python3.10/site-packages/airflow/example_dags/example_nested_branch_dag.py
[2024-08-08T20:23:09.594+0400] {processor.py:829} INFO - Processing file /home/eduardo/airflow_venv/lib/python3.10/site-packages/airflow/example_dags/example_nested_branch_dag.py for tasks to queue
[2024-08-08T20:23:09.595+0400] {logging_mixin.py:151} INFO - [2024-08-08T20:23:09.594+0400] {dagbag.py:539} INFO - Filling up the DagBag from /home/eduardo/airflow_venv/lib/python3.10/site-packages/airflow/example_dags/example_nested_branch_dag.py
[2024-08-08T20:23:09.605+0400] {processor.py:839} INFO - DAG(s) dict_keys(['example_nested_branch_dag']) retrieved from /home/eduardo/airflow_venv/lib/python3.10/site-packages/airflow/example_dags/example_nested_branch_dag.py
[2024-08-08T20:23:09.621+0400] {logging_mixin.py:151} INFO - [2024-08-08T20:23:09.621+0400] {dag.py:2915} INFO - Sync 1 DAGs
[2024-08-08T20:23:09.633+0400] {logging_mixin.py:151} INFO - [2024-08-08T20:23:09.633+0400] {dag.py:3696} INFO - Setting next_dagrun for example_nested_branch_dag to 2024-08-07T00:00:00+00:00, run_after=2024-08-08T00:00:00+00:00
[2024-08-08T20:23:09.692+0400] {processor.py:179} INFO - Processing /home/eduardo/airflow_venv/lib/python3.10/site-packages/airflow/example_dags/example_nested_branch_dag.py took 0.103 seconds
[2024-08-08T20:23:53.183+0400] {processor.py:157} INFO - Started process (PID=7173) to work on /home/eduardo/airflow_venv/lib/python3.10/site-packages/airflow/example_dags/example_nested_branch_dag.py
[2024-08-08T20:23:53.184+0400] {processor.py:829} INFO - Processing file /home/eduardo/airflow_venv/lib/python3.10/site-packages/airflow/example_dags/example_nested_branch_dag.py for tasks to queue
[2024-08-08T20:23:53.184+0400] {logging_mixin.py:151} INFO - [2024-08-08T20:23:53.184+0400] {dagbag.py:539} INFO - Filling up the DagBag from /home/eduardo/airflow_venv/lib/python3.10/site-packages/airflow/example_dags/example_nested_branch_dag.py
[2024-08-08T20:23:53.192+0400] {processor.py:839} INFO - DAG(s) dict_keys(['example_nested_branch_dag']) retrieved from /home/eduardo/airflow_venv/lib/python3.10/site-packages/airflow/example_dags/example_nested_branch_dag.py
[2024-08-08T20:23:53.203+0400] {logging_mixin.py:151} INFO - [2024-08-08T20:23:53.203+0400] {dag.py:2915} INFO - Sync 1 DAGs
[2024-08-08T20:23:53.217+0400] {logging_mixin.py:151} INFO - [2024-08-08T20:23:53.217+0400] {dag.py:3696} INFO - Setting next_dagrun for example_nested_branch_dag to 2024-08-07T00:00:00+00:00, run_after=2024-08-08T00:00:00+00:00
[2024-08-08T20:23:53.249+0400] {processor.py:179} INFO - Processing /home/eduardo/airflow_venv/lib/python3.10/site-packages/airflow/example_dags/example_nested_branch_dag.py took 0.069 seconds
[2024-08-08T20:24:38.515+0400] {processor.py:157} INFO - Started process (PID=7220) to work on /home/eduardo/airflow_venv/lib/python3.10/site-packages/airflow/example_dags/example_nested_branch_dag.py
[2024-08-08T20:24:38.516+0400] {processor.py:829} INFO - Processing file /home/eduardo/airflow_venv/lib/python3.10/site-packages/airflow/example_dags/example_nested_branch_dag.py for tasks to queue
[2024-08-08T20:24:38.517+0400] {logging_mixin.py:151} INFO - [2024-08-08T20:24:38.517+0400] {dagbag.py:539} INFO - Filling up the DagBag from /home/eduardo/airflow_venv/lib/python3.10/site-packages/airflow/example_dags/example_nested_branch_dag.py
[2024-08-08T20:24:38.525+0400] {processor.py:839} INFO - DAG(s) dict_keys(['example_nested_branch_dag']) retrieved from /home/eduardo/airflow_venv/lib/python3.10/site-packages/airflow/example_dags/example_nested_branch_dag.py
[2024-08-08T20:24:38.537+0400] {logging_mixin.py:151} INFO - [2024-08-08T20:24:38.536+0400] {dag.py:2915} INFO - Sync 1 DAGs
[2024-08-08T20:24:38.548+0400] {logging_mixin.py:151} INFO - [2024-08-08T20:24:38.548+0400] {dag.py:3696} INFO - Setting next_dagrun for example_nested_branch_dag to 2024-08-07T00:00:00+00:00, run_after=2024-08-08T00:00:00+00:00
[2024-08-08T20:24:38.576+0400] {processor.py:179} INFO - Processing /home/eduardo/airflow_venv/lib/python3.10/site-packages/airflow/example_dags/example_nested_branch_dag.py took 0.063 seconds
[2024-08-08T20:25:28.084+0400] {processor.py:157} INFO - Started process (PID=7279) to work on /home/eduardo/airflow_venv/lib/python3.10/site-packages/airflow/example_dags/example_nested_branch_dag.py
[2024-08-08T20:25:28.086+0400] {processor.py:829} INFO - Processing file /home/eduardo/airflow_venv/lib/python3.10/site-packages/airflow/example_dags/example_nested_branch_dag.py for tasks to queue
[2024-08-08T20:25:28.087+0400] {logging_mixin.py:151} INFO - [2024-08-08T20:25:28.086+0400] {dagbag.py:539} INFO - Filling up the DagBag from /home/eduardo/airflow_venv/lib/python3.10/site-packages/airflow/example_dags/example_nested_branch_dag.py
[2024-08-08T20:25:28.095+0400] {processor.py:839} INFO - DAG(s) dict_keys(['example_nested_branch_dag']) retrieved from /home/eduardo/airflow_venv/lib/python3.10/site-packages/airflow/example_dags/example_nested_branch_dag.py
[2024-08-08T20:25:28.106+0400] {logging_mixin.py:151} INFO - [2024-08-08T20:25:28.106+0400] {dag.py:2915} INFO - Sync 1 DAGs
[2024-08-08T20:25:28.121+0400] {logging_mixin.py:151} INFO - [2024-08-08T20:25:28.120+0400] {dag.py:3696} INFO - Setting next_dagrun for example_nested_branch_dag to 2024-08-07T00:00:00+00:00, run_after=2024-08-08T00:00:00+00:00
[2024-08-08T20:25:28.146+0400] {processor.py:179} INFO - Processing /home/eduardo/airflow_venv/lib/python3.10/site-packages/airflow/example_dags/example_nested_branch_dag.py took 0.064 seconds
[2024-08-08T20:26:11.682+0400] {processor.py:157} INFO - Started process (PID=7325) to work on /home/eduardo/airflow_venv/lib/python3.10/site-packages/airflow/example_dags/example_nested_branch_dag.py
[2024-08-08T20:26:11.686+0400] {processor.py:829} INFO - Processing file /home/eduardo/airflow_venv/lib/python3.10/site-packages/airflow/example_dags/example_nested_branch_dag.py for tasks to queue
[2024-08-08T20:26:11.688+0400] {logging_mixin.py:151} INFO - [2024-08-08T20:26:11.687+0400] {dagbag.py:539} INFO - Filling up the DagBag from /home/eduardo/airflow_venv/lib/python3.10/site-packages/airflow/example_dags/example_nested_branch_dag.py
[2024-08-08T20:26:11.717+0400] {processor.py:839} INFO - DAG(s) dict_keys(['example_nested_branch_dag']) retrieved from /home/eduardo/airflow_venv/lib/python3.10/site-packages/airflow/example_dags/example_nested_branch_dag.py
[2024-08-08T20:26:11.741+0400] {logging_mixin.py:151} INFO - [2024-08-08T20:26:11.740+0400] {dag.py:2915} INFO - Sync 1 DAGs
[2024-08-08T20:26:11.761+0400] {logging_mixin.py:151} INFO - [2024-08-08T20:26:11.761+0400] {dag.py:3696} INFO - Setting next_dagrun for example_nested_branch_dag to 2024-08-07T00:00:00+00:00, run_after=2024-08-08T00:00:00+00:00
[2024-08-08T20:26:11.794+0400] {processor.py:179} INFO - Processing /home/eduardo/airflow_venv/lib/python3.10/site-packages/airflow/example_dags/example_nested_branch_dag.py took 0.117 seconds
[2024-08-08T22:09:54.259+0400] {processor.py:157} INFO - Started process (PID=9642) to work on /home/eduardo/airflow_venv/lib/python3.10/site-packages/airflow/example_dags/example_nested_branch_dag.py
[2024-08-08T22:09:54.262+0400] {processor.py:829} INFO - Processing file /home/eduardo/airflow_venv/lib/python3.10/site-packages/airflow/example_dags/example_nested_branch_dag.py for tasks to queue
[2024-08-08T22:09:54.263+0400] {logging_mixin.py:151} INFO - [2024-08-08T22:09:54.263+0400] {dagbag.py:539} INFO - Filling up the DagBag from /home/eduardo/airflow_venv/lib/python3.10/site-packages/airflow/example_dags/example_nested_branch_dag.py
[2024-08-08T22:09:54.285+0400] {processor.py:839} INFO - DAG(s) dict_keys(['example_nested_branch_dag']) retrieved from /home/eduardo/airflow_venv/lib/python3.10/site-packages/airflow/example_dags/example_nested_branch_dag.py
[2024-08-08T22:09:54.312+0400] {logging_mixin.py:151} INFO - [2024-08-08T22:09:54.311+0400] {dag.py:2915} INFO - Sync 1 DAGs
[2024-08-08T22:09:54.340+0400] {logging_mixin.py:151} INFO - [2024-08-08T22:09:54.340+0400] {dag.py:3696} INFO - Setting next_dagrun for example_nested_branch_dag to 2024-08-07T00:00:00+00:00, run_after=2024-08-08T00:00:00+00:00
[2024-08-08T22:09:54.371+0400] {processor.py:179} INFO - Processing /home/eduardo/airflow_venv/lib/python3.10/site-packages/airflow/example_dags/example_nested_branch_dag.py took 0.117 seconds
[2024-08-08T22:10:40.927+0400] {processor.py:157} INFO - Started process (PID=10158) to work on /home/eduardo/airflow_venv/lib/python3.10/site-packages/airflow/example_dags/example_nested_branch_dag.py
[2024-08-08T22:10:40.931+0400] {processor.py:829} INFO - Processing file /home/eduardo/airflow_venv/lib/python3.10/site-packages/airflow/example_dags/example_nested_branch_dag.py for tasks to queue
[2024-08-08T22:10:40.932+0400] {logging_mixin.py:151} INFO - [2024-08-08T22:10:40.932+0400] {dagbag.py:539} INFO - Filling up the DagBag from /home/eduardo/airflow_venv/lib/python3.10/site-packages/airflow/example_dags/example_nested_branch_dag.py
[2024-08-08T22:10:40.944+0400] {processor.py:839} INFO - DAG(s) dict_keys(['example_nested_branch_dag']) retrieved from /home/eduardo/airflow_venv/lib/python3.10/site-packages/airflow/example_dags/example_nested_branch_dag.py
[2024-08-08T22:10:40.962+0400] {logging_mixin.py:151} INFO - [2024-08-08T22:10:40.962+0400] {dag.py:2915} INFO - Sync 1 DAGs
[2024-08-08T22:10:40.980+0400] {logging_mixin.py:151} INFO - [2024-08-08T22:10:40.980+0400] {dag.py:3696} INFO - Setting next_dagrun for example_nested_branch_dag to 2024-08-07T00:00:00+00:00, run_after=2024-08-08T00:00:00+00:00
[2024-08-08T22:10:41.012+0400] {processor.py:179} INFO - Processing /home/eduardo/airflow_venv/lib/python3.10/site-packages/airflow/example_dags/example_nested_branch_dag.py took 0.089 seconds
[2024-08-08T22:11:32.747+0400] {processor.py:157} INFO - Started process (PID=10721) to work on /home/eduardo/airflow_venv/lib/python3.10/site-packages/airflow/example_dags/example_nested_branch_dag.py
[2024-08-08T22:11:32.750+0400] {processor.py:829} INFO - Processing file /home/eduardo/airflow_venv/lib/python3.10/site-packages/airflow/example_dags/example_nested_branch_dag.py for tasks to queue
[2024-08-08T22:11:32.751+0400] {logging_mixin.py:151} INFO - [2024-08-08T22:11:32.751+0400] {dagbag.py:539} INFO - Filling up the DagBag from /home/eduardo/airflow_venv/lib/python3.10/site-packages/airflow/example_dags/example_nested_branch_dag.py
[2024-08-08T22:11:32.768+0400] {processor.py:839} INFO - DAG(s) dict_keys(['example_nested_branch_dag']) retrieved from /home/eduardo/airflow_venv/lib/python3.10/site-packages/airflow/example_dags/example_nested_branch_dag.py
[2024-08-08T22:11:32.798+0400] {logging_mixin.py:151} INFO - [2024-08-08T22:11:32.798+0400] {dag.py:2915} INFO - Sync 1 DAGs
[2024-08-08T22:11:32.826+0400] {logging_mixin.py:151} INFO - [2024-08-08T22:11:32.826+0400] {dag.py:3696} INFO - Setting next_dagrun for example_nested_branch_dag to 2024-08-07T00:00:00+00:00, run_after=2024-08-08T00:00:00+00:00
[2024-08-08T22:11:32.866+0400] {processor.py:179} INFO - Processing /home/eduardo/airflow_venv/lib/python3.10/site-packages/airflow/example_dags/example_nested_branch_dag.py took 0.123 seconds
[2024-08-08T22:12:22.545+0400] {processor.py:157} INFO - Started process (PID=11110) to work on /home/eduardo/airflow_venv/lib/python3.10/site-packages/airflow/example_dags/example_nested_branch_dag.py
[2024-08-08T22:12:22.547+0400] {processor.py:829} INFO - Processing file /home/eduardo/airflow_venv/lib/python3.10/site-packages/airflow/example_dags/example_nested_branch_dag.py for tasks to queue
[2024-08-08T22:12:22.548+0400] {logging_mixin.py:151} INFO - [2024-08-08T22:12:22.548+0400] {dagbag.py:539} INFO - Filling up the DagBag from /home/eduardo/airflow_venv/lib/python3.10/site-packages/airflow/example_dags/example_nested_branch_dag.py
[2024-08-08T22:12:22.562+0400] {processor.py:839} INFO - DAG(s) dict_keys(['example_nested_branch_dag']) retrieved from /home/eduardo/airflow_venv/lib/python3.10/site-packages/airflow/example_dags/example_nested_branch_dag.py
[2024-08-08T22:12:22.591+0400] {logging_mixin.py:151} INFO - [2024-08-08T22:12:22.590+0400] {dag.py:2915} INFO - Sync 1 DAGs
[2024-08-08T22:12:22.634+0400] {logging_mixin.py:151} INFO - [2024-08-08T22:12:22.633+0400] {dag.py:3696} INFO - Setting next_dagrun for example_nested_branch_dag to 2024-08-07T00:00:00+00:00, run_after=2024-08-08T00:00:00+00:00
[2024-08-08T22:12:22.685+0400] {processor.py:179} INFO - Processing /home/eduardo/airflow_venv/lib/python3.10/site-packages/airflow/example_dags/example_nested_branch_dag.py took 0.145 seconds
[2024-08-08T22:13:07.425+0400] {processor.py:157} INFO - Started process (PID=11461) to work on /home/eduardo/airflow_venv/lib/python3.10/site-packages/airflow/example_dags/example_nested_branch_dag.py
[2024-08-08T22:13:07.428+0400] {processor.py:829} INFO - Processing file /home/eduardo/airflow_venv/lib/python3.10/site-packages/airflow/example_dags/example_nested_branch_dag.py for tasks to queue
[2024-08-08T22:13:07.428+0400] {logging_mixin.py:151} INFO - [2024-08-08T22:13:07.428+0400] {dagbag.py:539} INFO - Filling up the DagBag from /home/eduardo/airflow_venv/lib/python3.10/site-packages/airflow/example_dags/example_nested_branch_dag.py
[2024-08-08T22:13:07.440+0400] {processor.py:839} INFO - DAG(s) dict_keys(['example_nested_branch_dag']) retrieved from /home/eduardo/airflow_venv/lib/python3.10/site-packages/airflow/example_dags/example_nested_branch_dag.py
[2024-08-08T22:13:07.466+0400] {logging_mixin.py:151} INFO - [2024-08-08T22:13:07.466+0400] {dag.py:2915} INFO - Sync 1 DAGs
[2024-08-08T22:13:07.486+0400] {logging_mixin.py:151} INFO - [2024-08-08T22:13:07.485+0400] {dag.py:3696} INFO - Setting next_dagrun for example_nested_branch_dag to 2024-08-07T00:00:00+00:00, run_after=2024-08-08T00:00:00+00:00
[2024-08-08T22:13:07.520+0400] {processor.py:179} INFO - Processing /home/eduardo/airflow_venv/lib/python3.10/site-packages/airflow/example_dags/example_nested_branch_dag.py took 0.097 seconds
[2024-08-08T22:13:54.461+0400] {processor.py:157} INFO - Started process (PID=11962) to work on /home/eduardo/airflow_venv/lib/python3.10/site-packages/airflow/example_dags/example_nested_branch_dag.py
[2024-08-08T22:13:54.465+0400] {processor.py:829} INFO - Processing file /home/eduardo/airflow_venv/lib/python3.10/site-packages/airflow/example_dags/example_nested_branch_dag.py for tasks to queue
[2024-08-08T22:13:54.465+0400] {logging_mixin.py:151} INFO - [2024-08-08T22:13:54.465+0400] {dagbag.py:539} INFO - Filling up the DagBag from /home/eduardo/airflow_venv/lib/python3.10/site-packages/airflow/example_dags/example_nested_branch_dag.py
[2024-08-08T22:13:54.476+0400] {processor.py:839} INFO - DAG(s) dict_keys(['example_nested_branch_dag']) retrieved from /home/eduardo/airflow_venv/lib/python3.10/site-packages/airflow/example_dags/example_nested_branch_dag.py
[2024-08-08T22:13:54.490+0400] {logging_mixin.py:151} INFO - [2024-08-08T22:13:54.490+0400] {dag.py:2915} INFO - Sync 1 DAGs
[2024-08-08T22:13:54.506+0400] {logging_mixin.py:151} INFO - [2024-08-08T22:13:54.506+0400] {dag.py:3696} INFO - Setting next_dagrun for example_nested_branch_dag to 2024-08-07T00:00:00+00:00, run_after=2024-08-08T00:00:00+00:00
[2024-08-08T22:13:54.538+0400] {processor.py:179} INFO - Processing /home/eduardo/airflow_venv/lib/python3.10/site-packages/airflow/example_dags/example_nested_branch_dag.py took 0.080 seconds
[2024-08-08T22:14:42.625+0400] {processor.py:157} INFO - Started process (PID=12483) to work on /home/eduardo/airflow_venv/lib/python3.10/site-packages/airflow/example_dags/example_nested_branch_dag.py
[2024-08-08T22:14:42.627+0400] {processor.py:829} INFO - Processing file /home/eduardo/airflow_venv/lib/python3.10/site-packages/airflow/example_dags/example_nested_branch_dag.py for tasks to queue
[2024-08-08T22:14:42.628+0400] {logging_mixin.py:151} INFO - [2024-08-08T22:14:42.628+0400] {dagbag.py:539} INFO - Filling up the DagBag from /home/eduardo/airflow_venv/lib/python3.10/site-packages/airflow/example_dags/example_nested_branch_dag.py
[2024-08-08T22:14:42.636+0400] {processor.py:839} INFO - DAG(s) dict_keys(['example_nested_branch_dag']) retrieved from /home/eduardo/airflow_venv/lib/python3.10/site-packages/airflow/example_dags/example_nested_branch_dag.py
[2024-08-08T22:14:42.643+0400] {logging_mixin.py:151} INFO - [2024-08-08T22:14:42.643+0400] {dag.py:2915} INFO - Sync 1 DAGs
[2024-08-08T22:14:42.665+0400] {logging_mixin.py:151} INFO - [2024-08-08T22:14:42.664+0400] {dag.py:3696} INFO - Setting next_dagrun for example_nested_branch_dag to 2024-08-07T00:00:00+00:00, run_after=2024-08-08T00:00:00+00:00
[2024-08-08T22:14:42.696+0400] {processor.py:179} INFO - Processing /home/eduardo/airflow_venv/lib/python3.10/site-packages/airflow/example_dags/example_nested_branch_dag.py took 0.076 seconds
[2024-08-08T22:15:34.724+0400] {processor.py:157} INFO - Started process (PID=12943) to work on /home/eduardo/airflow_venv/lib/python3.10/site-packages/airflow/example_dags/example_nested_branch_dag.py
[2024-08-08T22:15:34.726+0400] {processor.py:829} INFO - Processing file /home/eduardo/airflow_venv/lib/python3.10/site-packages/airflow/example_dags/example_nested_branch_dag.py for tasks to queue
[2024-08-08T22:15:34.727+0400] {logging_mixin.py:151} INFO - [2024-08-08T22:15:34.727+0400] {dagbag.py:539} INFO - Filling up the DagBag from /home/eduardo/airflow_venv/lib/python3.10/site-packages/airflow/example_dags/example_nested_branch_dag.py
[2024-08-08T22:15:34.735+0400] {processor.py:839} INFO - DAG(s) dict_keys(['example_nested_branch_dag']) retrieved from /home/eduardo/airflow_venv/lib/python3.10/site-packages/airflow/example_dags/example_nested_branch_dag.py
[2024-08-08T22:15:34.749+0400] {logging_mixin.py:151} INFO - [2024-08-08T22:15:34.749+0400] {dag.py:2915} INFO - Sync 1 DAGs
[2024-08-08T22:15:34.765+0400] {logging_mixin.py:151} INFO - [2024-08-08T22:15:34.765+0400] {dag.py:3696} INFO - Setting next_dagrun for example_nested_branch_dag to 2024-08-07T00:00:00+00:00, run_after=2024-08-08T00:00:00+00:00
[2024-08-08T22:15:34.793+0400] {processor.py:179} INFO - Processing /home/eduardo/airflow_venv/lib/python3.10/site-packages/airflow/example_dags/example_nested_branch_dag.py took 0.072 seconds
[2024-08-08T22:16:25.154+0400] {processor.py:157} INFO - Started process (PID=13366) to work on /home/eduardo/airflow_venv/lib/python3.10/site-packages/airflow/example_dags/example_nested_branch_dag.py
[2024-08-08T22:16:25.157+0400] {processor.py:829} INFO - Processing file /home/eduardo/airflow_venv/lib/python3.10/site-packages/airflow/example_dags/example_nested_branch_dag.py for tasks to queue
[2024-08-08T22:16:25.158+0400] {logging_mixin.py:151} INFO - [2024-08-08T22:16:25.158+0400] {dagbag.py:539} INFO - Filling up the DagBag from /home/eduardo/airflow_venv/lib/python3.10/site-packages/airflow/example_dags/example_nested_branch_dag.py
[2024-08-08T22:16:25.166+0400] {processor.py:839} INFO - DAG(s) dict_keys(['example_nested_branch_dag']) retrieved from /home/eduardo/airflow_venv/lib/python3.10/site-packages/airflow/example_dags/example_nested_branch_dag.py
[2024-08-08T22:16:25.181+0400] {logging_mixin.py:151} INFO - [2024-08-08T22:16:25.181+0400] {dag.py:2915} INFO - Sync 1 DAGs
[2024-08-08T22:16:25.202+0400] {logging_mixin.py:151} INFO - [2024-08-08T22:16:25.202+0400] {dag.py:3696} INFO - Setting next_dagrun for example_nested_branch_dag to 2024-08-07T00:00:00+00:00, run_after=2024-08-08T00:00:00+00:00
[2024-08-08T22:16:25.241+0400] {processor.py:179} INFO - Processing /home/eduardo/airflow_venv/lib/python3.10/site-packages/airflow/example_dags/example_nested_branch_dag.py took 0.089 seconds
[2024-08-08T22:17:16.869+0400] {processor.py:157} INFO - Started process (PID=13973) to work on /home/eduardo/airflow_venv/lib/python3.10/site-packages/airflow/example_dags/example_nested_branch_dag.py
[2024-08-08T22:17:16.872+0400] {processor.py:829} INFO - Processing file /home/eduardo/airflow_venv/lib/python3.10/site-packages/airflow/example_dags/example_nested_branch_dag.py for tasks to queue
[2024-08-08T22:17:16.873+0400] {logging_mixin.py:151} INFO - [2024-08-08T22:17:16.873+0400] {dagbag.py:539} INFO - Filling up the DagBag from /home/eduardo/airflow_venv/lib/python3.10/site-packages/airflow/example_dags/example_nested_branch_dag.py
[2024-08-08T22:17:16.882+0400] {processor.py:839} INFO - DAG(s) dict_keys(['example_nested_branch_dag']) retrieved from /home/eduardo/airflow_venv/lib/python3.10/site-packages/airflow/example_dags/example_nested_branch_dag.py
[2024-08-08T22:17:16.896+0400] {logging_mixin.py:151} INFO - [2024-08-08T22:17:16.896+0400] {dag.py:2915} INFO - Sync 1 DAGs
[2024-08-08T22:17:16.913+0400] {logging_mixin.py:151} INFO - [2024-08-08T22:17:16.912+0400] {dag.py:3696} INFO - Setting next_dagrun for example_nested_branch_dag to 2024-08-07T00:00:00+00:00, run_after=2024-08-08T00:00:00+00:00
[2024-08-08T22:17:16.944+0400] {processor.py:179} INFO - Processing /home/eduardo/airflow_venv/lib/python3.10/site-packages/airflow/example_dags/example_nested_branch_dag.py took 0.081 seconds
[2024-08-08T22:18:09.129+0400] {processor.py:157} INFO - Started process (PID=14378) to work on /home/eduardo/airflow_venv/lib/python3.10/site-packages/airflow/example_dags/example_nested_branch_dag.py
[2024-08-08T22:18:09.133+0400] {processor.py:829} INFO - Processing file /home/eduardo/airflow_venv/lib/python3.10/site-packages/airflow/example_dags/example_nested_branch_dag.py for tasks to queue
[2024-08-08T22:18:09.135+0400] {logging_mixin.py:151} INFO - [2024-08-08T22:18:09.134+0400] {dagbag.py:539} INFO - Filling up the DagBag from /home/eduardo/airflow_venv/lib/python3.10/site-packages/airflow/example_dags/example_nested_branch_dag.py
[2024-08-08T22:18:09.148+0400] {processor.py:839} INFO - DAG(s) dict_keys(['example_nested_branch_dag']) retrieved from /home/eduardo/airflow_venv/lib/python3.10/site-packages/airflow/example_dags/example_nested_branch_dag.py
[2024-08-08T22:18:09.171+0400] {logging_mixin.py:151} INFO - [2024-08-08T22:18:09.171+0400] {dag.py:2915} INFO - Sync 1 DAGs
[2024-08-08T22:18:09.196+0400] {logging_mixin.py:151} INFO - [2024-08-08T22:18:09.196+0400] {dag.py:3696} INFO - Setting next_dagrun for example_nested_branch_dag to 2024-08-07T00:00:00+00:00, run_after=2024-08-08T00:00:00+00:00
[2024-08-08T22:18:09.238+0400] {processor.py:179} INFO - Processing /home/eduardo/airflow_venv/lib/python3.10/site-packages/airflow/example_dags/example_nested_branch_dag.py took 0.112 seconds
[2024-08-08T22:19:03.198+0400] {processor.py:157} INFO - Started process (PID=14797) to work on /home/eduardo/airflow_venv/lib/python3.10/site-packages/airflow/example_dags/example_nested_branch_dag.py
[2024-08-08T22:19:03.201+0400] {processor.py:829} INFO - Processing file /home/eduardo/airflow_venv/lib/python3.10/site-packages/airflow/example_dags/example_nested_branch_dag.py for tasks to queue
[2024-08-08T22:19:03.203+0400] {logging_mixin.py:151} INFO - [2024-08-08T22:19:03.203+0400] {dagbag.py:539} INFO - Filling up the DagBag from /home/eduardo/airflow_venv/lib/python3.10/site-packages/airflow/example_dags/example_nested_branch_dag.py
[2024-08-08T22:19:03.241+0400] {processor.py:839} INFO - DAG(s) dict_keys(['example_nested_branch_dag']) retrieved from /home/eduardo/airflow_venv/lib/python3.10/site-packages/airflow/example_dags/example_nested_branch_dag.py
[2024-08-08T22:19:03.269+0400] {logging_mixin.py:151} INFO - [2024-08-08T22:19:03.269+0400] {dag.py:2915} INFO - Sync 1 DAGs
[2024-08-08T22:19:03.300+0400] {logging_mixin.py:151} INFO - [2024-08-08T22:19:03.300+0400] {dag.py:3696} INFO - Setting next_dagrun for example_nested_branch_dag to 2024-08-07T00:00:00+00:00, run_after=2024-08-08T00:00:00+00:00
[2024-08-08T22:19:03.344+0400] {processor.py:179} INFO - Processing /home/eduardo/airflow_venv/lib/python3.10/site-packages/airflow/example_dags/example_nested_branch_dag.py took 0.151 seconds
[2024-08-08T22:19:50.483+0400] {processor.py:157} INFO - Started process (PID=15197) to work on /home/eduardo/airflow_venv/lib/python3.10/site-packages/airflow/example_dags/example_nested_branch_dag.py
[2024-08-08T22:19:50.485+0400] {processor.py:829} INFO - Processing file /home/eduardo/airflow_venv/lib/python3.10/site-packages/airflow/example_dags/example_nested_branch_dag.py for tasks to queue
[2024-08-08T22:19:50.486+0400] {logging_mixin.py:151} INFO - [2024-08-08T22:19:50.486+0400] {dagbag.py:539} INFO - Filling up the DagBag from /home/eduardo/airflow_venv/lib/python3.10/site-packages/airflow/example_dags/example_nested_branch_dag.py
[2024-08-08T22:19:50.494+0400] {processor.py:839} INFO - DAG(s) dict_keys(['example_nested_branch_dag']) retrieved from /home/eduardo/airflow_venv/lib/python3.10/site-packages/airflow/example_dags/example_nested_branch_dag.py
[2024-08-08T22:19:50.511+0400] {logging_mixin.py:151} INFO - [2024-08-08T22:19:50.511+0400] {dag.py:2915} INFO - Sync 1 DAGs
[2024-08-08T22:19:50.526+0400] {logging_mixin.py:151} INFO - [2024-08-08T22:19:50.526+0400] {dag.py:3696} INFO - Setting next_dagrun for example_nested_branch_dag to 2024-08-07T00:00:00+00:00, run_after=2024-08-08T00:00:00+00:00
[2024-08-08T22:19:50.561+0400] {processor.py:179} INFO - Processing /home/eduardo/airflow_venv/lib/python3.10/site-packages/airflow/example_dags/example_nested_branch_dag.py took 0.081 seconds
[2024-08-08T22:20:42.483+0400] {processor.py:157} INFO - Started process (PID=15602) to work on /home/eduardo/airflow_venv/lib/python3.10/site-packages/airflow/example_dags/example_nested_branch_dag.py
[2024-08-08T22:20:42.486+0400] {processor.py:829} INFO - Processing file /home/eduardo/airflow_venv/lib/python3.10/site-packages/airflow/example_dags/example_nested_branch_dag.py for tasks to queue
[2024-08-08T22:20:42.487+0400] {logging_mixin.py:151} INFO - [2024-08-08T22:20:42.487+0400] {dagbag.py:539} INFO - Filling up the DagBag from /home/eduardo/airflow_venv/lib/python3.10/site-packages/airflow/example_dags/example_nested_branch_dag.py
[2024-08-08T22:20:42.495+0400] {processor.py:839} INFO - DAG(s) dict_keys(['example_nested_branch_dag']) retrieved from /home/eduardo/airflow_venv/lib/python3.10/site-packages/airflow/example_dags/example_nested_branch_dag.py
[2024-08-08T22:20:42.509+0400] {logging_mixin.py:151} INFO - [2024-08-08T22:20:42.509+0400] {dag.py:2915} INFO - Sync 1 DAGs
[2024-08-08T22:20:42.524+0400] {logging_mixin.py:151} INFO - [2024-08-08T22:20:42.524+0400] {dag.py:3696} INFO - Setting next_dagrun for example_nested_branch_dag to 2024-08-07T00:00:00+00:00, run_after=2024-08-08T00:00:00+00:00
[2024-08-08T22:20:42.555+0400] {processor.py:179} INFO - Processing /home/eduardo/airflow_venv/lib/python3.10/site-packages/airflow/example_dags/example_nested_branch_dag.py took 0.075 seconds
[2024-08-08T22:21:35.692+0400] {processor.py:157} INFO - Started process (PID=16131) to work on /home/eduardo/airflow_venv/lib/python3.10/site-packages/airflow/example_dags/example_nested_branch_dag.py
[2024-08-08T22:21:35.694+0400] {processor.py:829} INFO - Processing file /home/eduardo/airflow_venv/lib/python3.10/site-packages/airflow/example_dags/example_nested_branch_dag.py for tasks to queue
[2024-08-08T22:21:35.694+0400] {logging_mixin.py:151} INFO - [2024-08-08T22:21:35.694+0400] {dagbag.py:539} INFO - Filling up the DagBag from /home/eduardo/airflow_venv/lib/python3.10/site-packages/airflow/example_dags/example_nested_branch_dag.py
[2024-08-08T22:21:35.704+0400] {processor.py:839} INFO - DAG(s) dict_keys(['example_nested_branch_dag']) retrieved from /home/eduardo/airflow_venv/lib/python3.10/site-packages/airflow/example_dags/example_nested_branch_dag.py
[2024-08-08T22:21:35.718+0400] {logging_mixin.py:151} INFO - [2024-08-08T22:21:35.718+0400] {dag.py:2915} INFO - Sync 1 DAGs
[2024-08-08T22:21:35.740+0400] {logging_mixin.py:151} INFO - [2024-08-08T22:21:35.740+0400] {dag.py:3696} INFO - Setting next_dagrun for example_nested_branch_dag to 2024-08-07T00:00:00+00:00, run_after=2024-08-08T00:00:00+00:00
[2024-08-08T22:21:35.772+0400] {processor.py:179} INFO - Processing /home/eduardo/airflow_venv/lib/python3.10/site-packages/airflow/example_dags/example_nested_branch_dag.py took 0.083 seconds
[2024-08-08T22:22:27.307+0400] {processor.py:157} INFO - Started process (PID=16533) to work on /home/eduardo/airflow_venv/lib/python3.10/site-packages/airflow/example_dags/example_nested_branch_dag.py
[2024-08-08T22:22:27.310+0400] {processor.py:829} INFO - Processing file /home/eduardo/airflow_venv/lib/python3.10/site-packages/airflow/example_dags/example_nested_branch_dag.py for tasks to queue
[2024-08-08T22:22:27.311+0400] {logging_mixin.py:151} INFO - [2024-08-08T22:22:27.310+0400] {dagbag.py:539} INFO - Filling up the DagBag from /home/eduardo/airflow_venv/lib/python3.10/site-packages/airflow/example_dags/example_nested_branch_dag.py
[2024-08-08T22:22:27.324+0400] {processor.py:839} INFO - DAG(s) dict_keys(['example_nested_branch_dag']) retrieved from /home/eduardo/airflow_venv/lib/python3.10/site-packages/airflow/example_dags/example_nested_branch_dag.py
[2024-08-08T22:22:27.346+0400] {logging_mixin.py:151} INFO - [2024-08-08T22:22:27.346+0400] {dag.py:2915} INFO - Sync 1 DAGs
[2024-08-08T22:22:27.371+0400] {logging_mixin.py:151} INFO - [2024-08-08T22:22:27.371+0400] {dag.py:3696} INFO - Setting next_dagrun for example_nested_branch_dag to 2024-08-07T00:00:00+00:00, run_after=2024-08-08T00:00:00+00:00
[2024-08-08T22:22:27.411+0400] {processor.py:179} INFO - Processing /home/eduardo/airflow_venv/lib/python3.10/site-packages/airflow/example_dags/example_nested_branch_dag.py took 0.107 seconds
[2024-08-08T22:23:17.289+0400] {processor.py:157} INFO - Started process (PID=16957) to work on /home/eduardo/airflow_venv/lib/python3.10/site-packages/airflow/example_dags/example_nested_branch_dag.py
[2024-08-08T22:23:17.292+0400] {processor.py:829} INFO - Processing file /home/eduardo/airflow_venv/lib/python3.10/site-packages/airflow/example_dags/example_nested_branch_dag.py for tasks to queue
[2024-08-08T22:23:17.294+0400] {logging_mixin.py:151} INFO - [2024-08-08T22:23:17.293+0400] {dagbag.py:539} INFO - Filling up the DagBag from /home/eduardo/airflow_venv/lib/python3.10/site-packages/airflow/example_dags/example_nested_branch_dag.py
[2024-08-08T22:23:17.310+0400] {processor.py:839} INFO - DAG(s) dict_keys(['example_nested_branch_dag']) retrieved from /home/eduardo/airflow_venv/lib/python3.10/site-packages/airflow/example_dags/example_nested_branch_dag.py
[2024-08-08T22:23:17.333+0400] {logging_mixin.py:151} INFO - [2024-08-08T22:23:17.333+0400] {dag.py:2915} INFO - Sync 1 DAGs
[2024-08-08T22:23:17.357+0400] {logging_mixin.py:151} INFO - [2024-08-08T22:23:17.357+0400] {dag.py:3696} INFO - Setting next_dagrun for example_nested_branch_dag to 2024-08-07T00:00:00+00:00, run_after=2024-08-08T00:00:00+00:00
[2024-08-08T22:23:17.398+0400] {processor.py:179} INFO - Processing /home/eduardo/airflow_venv/lib/python3.10/site-packages/airflow/example_dags/example_nested_branch_dag.py took 0.112 seconds
