[2024-08-08T20:18:24.007+0400] {processor.py:157} INFO - Started process (PID=6803) to work on /home/eduardo/airflow_venv/lib/python3.10/site-packages/airflow/example_dags/example_task_group.py
[2024-08-08T20:18:24.008+0400] {processor.py:829} INFO - Processing file /home/eduardo/airflow_venv/lib/python3.10/site-packages/airflow/example_dags/example_task_group.py for tasks to queue
[2024-08-08T20:18:24.009+0400] {logging_mixin.py:151} INFO - [2024-08-08T20:18:24.008+0400] {dagbag.py:539} INFO - Filling up the DagBag from /home/eduardo/airflow_venv/lib/python3.10/site-packages/airflow/example_dags/example_task_group.py
[2024-08-08T20:18:24.015+0400] {processor.py:839} INFO - DAG(s) dict_keys(['example_task_group']) retrieved from /home/eduardo/airflow_venv/lib/python3.10/site-packages/airflow/example_dags/example_task_group.py
[2024-08-08T20:18:24.112+0400] {logging_mixin.py:151} INFO - [2024-08-08T20:18:24.112+0400] {manager.py:499} INFO - Created Permission View: %s
[2024-08-08T20:18:24.133+0400] {logging_mixin.py:151} INFO - [2024-08-08T20:18:24.132+0400] {manager.py:499} INFO - Created Permission View: %s
[2024-08-08T20:18:24.162+0400] {logging_mixin.py:151} INFO - [2024-08-08T20:18:24.162+0400] {manager.py:499} INFO - Created Permission View: %s
[2024-08-08T20:18:24.162+0400] {logging_mixin.py:151} INFO - [2024-08-08T20:18:24.162+0400] {security.py:708} INFO - Not syncing DAG-level permissions for DAG 'DAG:example_task_group' as access control is unset.
[2024-08-08T20:18:24.163+0400] {logging_mixin.py:151} INFO - [2024-08-08T20:18:24.163+0400] {dag.py:2915} INFO - Sync 1 DAGs
[2024-08-08T20:18:24.171+0400] {logging_mixin.py:151} INFO - [2024-08-08T20:18:24.171+0400] {dag.py:2937} INFO - Creating ORM DAG for example_task_group
[2024-08-08T20:18:24.179+0400] {logging_mixin.py:151} INFO - [2024-08-08T20:18:24.178+0400] {dag.py:3696} INFO - Setting next_dagrun for example_task_group to 2024-08-07T16:18:24.178659+00:00, run_after=2024-08-08T16:18:24.178659+00:00
[2024-08-08T20:18:24.222+0400] {processor.py:179} INFO - Processing /home/eduardo/airflow_venv/lib/python3.10/site-packages/airflow/example_dags/example_task_group.py took 0.216 seconds
[2024-08-08T20:19:14.214+0400] {processor.py:157} INFO - Started process (PID=6858) to work on /home/eduardo/airflow_venv/lib/python3.10/site-packages/airflow/example_dags/example_task_group.py
[2024-08-08T20:19:14.215+0400] {processor.py:829} INFO - Processing file /home/eduardo/airflow_venv/lib/python3.10/site-packages/airflow/example_dags/example_task_group.py for tasks to queue
[2024-08-08T20:19:14.216+0400] {logging_mixin.py:151} INFO - [2024-08-08T20:19:14.215+0400] {dagbag.py:539} INFO - Filling up the DagBag from /home/eduardo/airflow_venv/lib/python3.10/site-packages/airflow/example_dags/example_task_group.py
[2024-08-08T20:19:14.221+0400] {processor.py:839} INFO - DAG(s) dict_keys(['example_task_group']) retrieved from /home/eduardo/airflow_venv/lib/python3.10/site-packages/airflow/example_dags/example_task_group.py
[2024-08-08T20:19:14.231+0400] {logging_mixin.py:151} INFO - [2024-08-08T20:19:14.231+0400] {dag.py:2915} INFO - Sync 1 DAGs
[2024-08-08T20:19:14.243+0400] {logging_mixin.py:151} INFO - [2024-08-08T20:19:14.243+0400] {dag.py:3696} INFO - Setting next_dagrun for example_task_group to 2024-08-07T16:19:14.243234+00:00, run_after=2024-08-08T16:19:14.243234+00:00
[2024-08-08T20:19:14.268+0400] {processor.py:179} INFO - Processing /home/eduardo/airflow_venv/lib/python3.10/site-packages/airflow/example_dags/example_task_group.py took 0.055 seconds
[2024-08-08T20:19:51.392+0400] {processor.py:157} INFO - Started process (PID=6898) to work on /home/eduardo/airflow_venv/lib/python3.10/site-packages/airflow/example_dags/example_task_group.py
[2024-08-08T20:19:51.393+0400] {processor.py:829} INFO - Processing file /home/eduardo/airflow_venv/lib/python3.10/site-packages/airflow/example_dags/example_task_group.py for tasks to queue
[2024-08-08T20:19:51.393+0400] {logging_mixin.py:151} INFO - [2024-08-08T20:19:51.393+0400] {dagbag.py:539} INFO - Filling up the DagBag from /home/eduardo/airflow_venv/lib/python3.10/site-packages/airflow/example_dags/example_task_group.py
[2024-08-08T20:19:51.400+0400] {processor.py:839} INFO - DAG(s) dict_keys(['example_task_group']) retrieved from /home/eduardo/airflow_venv/lib/python3.10/site-packages/airflow/example_dags/example_task_group.py
[2024-08-08T20:19:51.411+0400] {logging_mixin.py:151} INFO - [2024-08-08T20:19:51.411+0400] {dag.py:2915} INFO - Sync 1 DAGs
[2024-08-08T20:19:51.423+0400] {logging_mixin.py:151} INFO - [2024-08-08T20:19:51.423+0400] {dag.py:3696} INFO - Setting next_dagrun for example_task_group to 2024-08-07T16:19:51.423433+00:00, run_after=2024-08-08T16:19:51.423433+00:00
[2024-08-08T20:19:51.449+0400] {processor.py:179} INFO - Processing /home/eduardo/airflow_venv/lib/python3.10/site-packages/airflow/example_dags/example_task_group.py took 0.060 seconds
[2024-08-08T20:20:33.370+0400] {processor.py:157} INFO - Started process (PID=6944) to work on /home/eduardo/airflow_venv/lib/python3.10/site-packages/airflow/example_dags/example_task_group.py
[2024-08-08T20:20:33.371+0400] {processor.py:829} INFO - Processing file /home/eduardo/airflow_venv/lib/python3.10/site-packages/airflow/example_dags/example_task_group.py for tasks to queue
[2024-08-08T20:20:33.372+0400] {logging_mixin.py:151} INFO - [2024-08-08T20:20:33.371+0400] {dagbag.py:539} INFO - Filling up the DagBag from /home/eduardo/airflow_venv/lib/python3.10/site-packages/airflow/example_dags/example_task_group.py
[2024-08-08T20:20:33.379+0400] {processor.py:839} INFO - DAG(s) dict_keys(['example_task_group']) retrieved from /home/eduardo/airflow_venv/lib/python3.10/site-packages/airflow/example_dags/example_task_group.py
[2024-08-08T20:20:33.390+0400] {logging_mixin.py:151} INFO - [2024-08-08T20:20:33.390+0400] {dag.py:2915} INFO - Sync 1 DAGs
[2024-08-08T20:20:33.405+0400] {logging_mixin.py:151} INFO - [2024-08-08T20:20:33.405+0400] {dag.py:3696} INFO - Setting next_dagrun for example_task_group to 2024-08-07T16:20:33.405231+00:00, run_after=2024-08-08T16:20:33.405231+00:00
[2024-08-08T20:20:33.434+0400] {processor.py:179} INFO - Processing /home/eduardo/airflow_venv/lib/python3.10/site-packages/airflow/example_dags/example_task_group.py took 0.067 seconds
[2024-08-08T20:21:13.769+0400] {processor.py:157} INFO - Started process (PID=6986) to work on /home/eduardo/airflow_venv/lib/python3.10/site-packages/airflow/example_dags/example_task_group.py
[2024-08-08T20:21:13.770+0400] {processor.py:829} INFO - Processing file /home/eduardo/airflow_venv/lib/python3.10/site-packages/airflow/example_dags/example_task_group.py for tasks to queue
[2024-08-08T20:21:13.770+0400] {logging_mixin.py:151} INFO - [2024-08-08T20:21:13.770+0400] {dagbag.py:539} INFO - Filling up the DagBag from /home/eduardo/airflow_venv/lib/python3.10/site-packages/airflow/example_dags/example_task_group.py
[2024-08-08T20:21:13.777+0400] {processor.py:839} INFO - DAG(s) dict_keys(['example_task_group']) retrieved from /home/eduardo/airflow_venv/lib/python3.10/site-packages/airflow/example_dags/example_task_group.py
[2024-08-08T20:21:13.789+0400] {logging_mixin.py:151} INFO - [2024-08-08T20:21:13.788+0400] {dag.py:2915} INFO - Sync 1 DAGs
[2024-08-08T20:21:13.804+0400] {logging_mixin.py:151} INFO - [2024-08-08T20:21:13.804+0400] {dag.py:3696} INFO - Setting next_dagrun for example_task_group to 2024-08-07T16:21:13.804003+00:00, run_after=2024-08-08T16:21:13.804003+00:00
[2024-08-08T20:21:13.827+0400] {processor.py:179} INFO - Processing /home/eduardo/airflow_venv/lib/python3.10/site-packages/airflow/example_dags/example_task_group.py took 0.061 seconds
[2024-08-08T20:21:54.962+0400] {processor.py:157} INFO - Started process (PID=7029) to work on /home/eduardo/airflow_venv/lib/python3.10/site-packages/airflow/example_dags/example_task_group.py
[2024-08-08T20:21:54.963+0400] {processor.py:829} INFO - Processing file /home/eduardo/airflow_venv/lib/python3.10/site-packages/airflow/example_dags/example_task_group.py for tasks to queue
[2024-08-08T20:21:54.964+0400] {logging_mixin.py:151} INFO - [2024-08-08T20:21:54.963+0400] {dagbag.py:539} INFO - Filling up the DagBag from /home/eduardo/airflow_venv/lib/python3.10/site-packages/airflow/example_dags/example_task_group.py
[2024-08-08T20:21:54.969+0400] {processor.py:839} INFO - DAG(s) dict_keys(['example_task_group']) retrieved from /home/eduardo/airflow_venv/lib/python3.10/site-packages/airflow/example_dags/example_task_group.py
[2024-08-08T20:21:54.979+0400] {logging_mixin.py:151} INFO - [2024-08-08T20:21:54.979+0400] {dag.py:2915} INFO - Sync 1 DAGs
[2024-08-08T20:21:54.990+0400] {logging_mixin.py:151} INFO - [2024-08-08T20:21:54.990+0400] {dag.py:3696} INFO - Setting next_dagrun for example_task_group to 2024-08-07T16:21:54.990140+00:00, run_after=2024-08-08T16:21:54.990140+00:00
[2024-08-08T20:21:55.019+0400] {processor.py:179} INFO - Processing /home/eduardo/airflow_venv/lib/python3.10/site-packages/airflow/example_dags/example_task_group.py took 0.059 seconds
[2024-08-08T20:22:39.116+0400] {processor.py:157} INFO - Started process (PID=7076) to work on /home/eduardo/airflow_venv/lib/python3.10/site-packages/airflow/example_dags/example_task_group.py
[2024-08-08T20:22:39.118+0400] {processor.py:829} INFO - Processing file /home/eduardo/airflow_venv/lib/python3.10/site-packages/airflow/example_dags/example_task_group.py for tasks to queue
[2024-08-08T20:22:39.118+0400] {logging_mixin.py:151} INFO - [2024-08-08T20:22:39.118+0400] {dagbag.py:539} INFO - Filling up the DagBag from /home/eduardo/airflow_venv/lib/python3.10/site-packages/airflow/example_dags/example_task_group.py
[2024-08-08T20:22:39.123+0400] {processor.py:839} INFO - DAG(s) dict_keys(['example_task_group']) retrieved from /home/eduardo/airflow_venv/lib/python3.10/site-packages/airflow/example_dags/example_task_group.py
[2024-08-08T20:22:39.135+0400] {logging_mixin.py:151} INFO - [2024-08-08T20:22:39.135+0400] {dag.py:2915} INFO - Sync 1 DAGs
[2024-08-08T20:22:39.148+0400] {logging_mixin.py:151} INFO - [2024-08-08T20:22:39.148+0400] {dag.py:3696} INFO - Setting next_dagrun for example_task_group to 2024-08-07T16:22:39.147876+00:00, run_after=2024-08-08T16:22:39.147876+00:00
[2024-08-08T20:22:39.175+0400] {processor.py:179} INFO - Processing /home/eduardo/airflow_venv/lib/python3.10/site-packages/airflow/example_dags/example_task_group.py took 0.061 seconds
[2024-08-08T20:23:24.520+0400] {processor.py:157} INFO - Started process (PID=7143) to work on /home/eduardo/airflow_venv/lib/python3.10/site-packages/airflow/example_dags/example_task_group.py
[2024-08-08T20:23:24.521+0400] {processor.py:829} INFO - Processing file /home/eduardo/airflow_venv/lib/python3.10/site-packages/airflow/example_dags/example_task_group.py for tasks to queue
[2024-08-08T20:23:24.522+0400] {logging_mixin.py:151} INFO - [2024-08-08T20:23:24.522+0400] {dagbag.py:539} INFO - Filling up the DagBag from /home/eduardo/airflow_venv/lib/python3.10/site-packages/airflow/example_dags/example_task_group.py
[2024-08-08T20:23:24.528+0400] {processor.py:839} INFO - DAG(s) dict_keys(['example_task_group']) retrieved from /home/eduardo/airflow_venv/lib/python3.10/site-packages/airflow/example_dags/example_task_group.py
[2024-08-08T20:23:24.540+0400] {logging_mixin.py:151} INFO - [2024-08-08T20:23:24.539+0400] {dag.py:2915} INFO - Sync 1 DAGs
[2024-08-08T20:23:24.553+0400] {logging_mixin.py:151} INFO - [2024-08-08T20:23:24.552+0400] {dag.py:3696} INFO - Setting next_dagrun for example_task_group to 2024-08-07T16:23:24.552827+00:00, run_after=2024-08-08T16:23:24.552827+00:00
[2024-08-08T20:23:24.581+0400] {processor.py:179} INFO - Processing /home/eduardo/airflow_venv/lib/python3.10/site-packages/airflow/example_dags/example_task_group.py took 0.064 seconds
[2024-08-08T20:24:09.756+0400] {processor.py:157} INFO - Started process (PID=7189) to work on /home/eduardo/airflow_venv/lib/python3.10/site-packages/airflow/example_dags/example_task_group.py
[2024-08-08T20:24:09.758+0400] {processor.py:829} INFO - Processing file /home/eduardo/airflow_venv/lib/python3.10/site-packages/airflow/example_dags/example_task_group.py for tasks to queue
[2024-08-08T20:24:09.758+0400] {logging_mixin.py:151} INFO - [2024-08-08T20:24:09.758+0400] {dagbag.py:539} INFO - Filling up the DagBag from /home/eduardo/airflow_venv/lib/python3.10/site-packages/airflow/example_dags/example_task_group.py
[2024-08-08T20:24:09.765+0400] {processor.py:839} INFO - DAG(s) dict_keys(['example_task_group']) retrieved from /home/eduardo/airflow_venv/lib/python3.10/site-packages/airflow/example_dags/example_task_group.py
[2024-08-08T20:24:09.776+0400] {logging_mixin.py:151} INFO - [2024-08-08T20:24:09.776+0400] {dag.py:2915} INFO - Sync 1 DAGs
[2024-08-08T20:24:09.787+0400] {logging_mixin.py:151} INFO - [2024-08-08T20:24:09.787+0400] {dag.py:3696} INFO - Setting next_dagrun for example_task_group to 2024-08-07T16:24:09.787488+00:00, run_after=2024-08-08T16:24:09.787488+00:00
[2024-08-08T20:24:09.810+0400] {processor.py:179} INFO - Processing /home/eduardo/airflow_venv/lib/python3.10/site-packages/airflow/example_dags/example_task_group.py took 0.057 seconds
[2024-08-08T20:24:55.093+0400] {processor.py:157} INFO - Started process (PID=7245) to work on /home/eduardo/airflow_venv/lib/python3.10/site-packages/airflow/example_dags/example_task_group.py
[2024-08-08T20:24:55.094+0400] {processor.py:829} INFO - Processing file /home/eduardo/airflow_venv/lib/python3.10/site-packages/airflow/example_dags/example_task_group.py for tasks to queue
[2024-08-08T20:24:55.095+0400] {logging_mixin.py:151} INFO - [2024-08-08T20:24:55.094+0400] {dagbag.py:539} INFO - Filling up the DagBag from /home/eduardo/airflow_venv/lib/python3.10/site-packages/airflow/example_dags/example_task_group.py
[2024-08-08T20:24:55.101+0400] {processor.py:839} INFO - DAG(s) dict_keys(['example_task_group']) retrieved from /home/eduardo/airflow_venv/lib/python3.10/site-packages/airflow/example_dags/example_task_group.py
[2024-08-08T20:24:55.113+0400] {logging_mixin.py:151} INFO - [2024-08-08T20:24:55.113+0400] {dag.py:2915} INFO - Sync 1 DAGs
[2024-08-08T20:24:55.127+0400] {logging_mixin.py:151} INFO - [2024-08-08T20:24:55.127+0400] {dag.py:3696} INFO - Setting next_dagrun for example_task_group to 2024-08-07T16:24:55.127560+00:00, run_after=2024-08-08T16:24:55.127560+00:00
[2024-08-08T20:24:55.152+0400] {processor.py:179} INFO - Processing /home/eduardo/airflow_venv/lib/python3.10/site-packages/airflow/example_dags/example_task_group.py took 0.062 seconds
[2024-08-08T20:25:40.150+0400] {processor.py:157} INFO - Started process (PID=7292) to work on /home/eduardo/airflow_venv/lib/python3.10/site-packages/airflow/example_dags/example_task_group.py
[2024-08-08T20:25:40.151+0400] {processor.py:829} INFO - Processing file /home/eduardo/airflow_venv/lib/python3.10/site-packages/airflow/example_dags/example_task_group.py for tasks to queue
[2024-08-08T20:25:40.152+0400] {logging_mixin.py:151} INFO - [2024-08-08T20:25:40.152+0400] {dagbag.py:539} INFO - Filling up the DagBag from /home/eduardo/airflow_venv/lib/python3.10/site-packages/airflow/example_dags/example_task_group.py
[2024-08-08T20:25:40.158+0400] {processor.py:839} INFO - DAG(s) dict_keys(['example_task_group']) retrieved from /home/eduardo/airflow_venv/lib/python3.10/site-packages/airflow/example_dags/example_task_group.py
[2024-08-08T20:25:40.168+0400] {logging_mixin.py:151} INFO - [2024-08-08T20:25:40.168+0400] {dag.py:2915} INFO - Sync 1 DAGs
[2024-08-08T20:25:40.179+0400] {logging_mixin.py:151} INFO - [2024-08-08T20:25:40.179+0400] {dag.py:3696} INFO - Setting next_dagrun for example_task_group to 2024-08-07T16:25:40.179293+00:00, run_after=2024-08-08T16:25:40.179293+00:00
[2024-08-08T20:25:40.210+0400] {processor.py:179} INFO - Processing /home/eduardo/airflow_venv/lib/python3.10/site-packages/airflow/example_dags/example_task_group.py took 0.061 seconds
[2024-08-08T22:09:37.403+0400] {processor.py:157} INFO - Started process (PID=9456) to work on /home/eduardo/airflow_venv/lib/python3.10/site-packages/airflow/example_dags/example_task_group.py
[2024-08-08T22:09:37.406+0400] {processor.py:829} INFO - Processing file /home/eduardo/airflow_venv/lib/python3.10/site-packages/airflow/example_dags/example_task_group.py for tasks to queue
[2024-08-08T22:09:37.408+0400] {logging_mixin.py:151} INFO - [2024-08-08T22:09:37.407+0400] {dagbag.py:539} INFO - Filling up the DagBag from /home/eduardo/airflow_venv/lib/python3.10/site-packages/airflow/example_dags/example_task_group.py
[2024-08-08T22:09:37.421+0400] {processor.py:839} INFO - DAG(s) dict_keys(['example_task_group']) retrieved from /home/eduardo/airflow_venv/lib/python3.10/site-packages/airflow/example_dags/example_task_group.py
[2024-08-08T22:09:37.446+0400] {logging_mixin.py:151} INFO - [2024-08-08T22:09:37.445+0400] {dag.py:2915} INFO - Sync 1 DAGs
[2024-08-08T22:09:37.466+0400] {logging_mixin.py:151} INFO - [2024-08-08T22:09:37.466+0400] {dag.py:3696} INFO - Setting next_dagrun for example_task_group to 2024-08-07T18:09:37.465957+00:00, run_after=2024-08-08T18:09:37.465957+00:00
[2024-08-08T22:09:37.512+0400] {processor.py:179} INFO - Processing /home/eduardo/airflow_venv/lib/python3.10/site-packages/airflow/example_dags/example_task_group.py took 0.112 seconds
[2024-08-08T22:10:25.059+0400] {processor.py:157} INFO - Started process (PID=10006) to work on /home/eduardo/airflow_venv/lib/python3.10/site-packages/airflow/example_dags/example_task_group.py
[2024-08-08T22:10:25.062+0400] {processor.py:829} INFO - Processing file /home/eduardo/airflow_venv/lib/python3.10/site-packages/airflow/example_dags/example_task_group.py for tasks to queue
[2024-08-08T22:10:25.063+0400] {logging_mixin.py:151} INFO - [2024-08-08T22:10:25.063+0400] {dagbag.py:539} INFO - Filling up the DagBag from /home/eduardo/airflow_venv/lib/python3.10/site-packages/airflow/example_dags/example_task_group.py
[2024-08-08T22:10:25.074+0400] {processor.py:839} INFO - DAG(s) dict_keys(['example_task_group']) retrieved from /home/eduardo/airflow_venv/lib/python3.10/site-packages/airflow/example_dags/example_task_group.py
[2024-08-08T22:10:25.088+0400] {logging_mixin.py:151} INFO - [2024-08-08T22:10:25.088+0400] {dag.py:2915} INFO - Sync 1 DAGs
[2024-08-08T22:10:25.103+0400] {logging_mixin.py:151} INFO - [2024-08-08T22:10:25.103+0400] {dag.py:3696} INFO - Setting next_dagrun for example_task_group to 2024-08-07T18:10:25.103129+00:00, run_after=2024-08-08T18:10:25.103129+00:00
[2024-08-08T22:10:25.140+0400] {processor.py:179} INFO - Processing /home/eduardo/airflow_venv/lib/python3.10/site-packages/airflow/example_dags/example_task_group.py took 0.085 seconds
[2024-08-08T22:11:12.570+0400] {processor.py:157} INFO - Started process (PID=10507) to work on /home/eduardo/airflow_venv/lib/python3.10/site-packages/airflow/example_dags/example_task_group.py
[2024-08-08T22:11:12.572+0400] {processor.py:829} INFO - Processing file /home/eduardo/airflow_venv/lib/python3.10/site-packages/airflow/example_dags/example_task_group.py for tasks to queue
[2024-08-08T22:11:12.573+0400] {logging_mixin.py:151} INFO - [2024-08-08T22:11:12.572+0400] {dagbag.py:539} INFO - Filling up the DagBag from /home/eduardo/airflow_venv/lib/python3.10/site-packages/airflow/example_dags/example_task_group.py
[2024-08-08T22:11:12.585+0400] {processor.py:839} INFO - DAG(s) dict_keys(['example_task_group']) retrieved from /home/eduardo/airflow_venv/lib/python3.10/site-packages/airflow/example_dags/example_task_group.py
[2024-08-08T22:11:12.605+0400] {logging_mixin.py:151} INFO - [2024-08-08T22:11:12.605+0400] {dag.py:2915} INFO - Sync 1 DAGs
[2024-08-08T22:11:12.624+0400] {logging_mixin.py:151} INFO - [2024-08-08T22:11:12.624+0400] {dag.py:3696} INFO - Setting next_dagrun for example_task_group to 2024-08-07T18:11:12.624395+00:00, run_after=2024-08-08T18:11:12.624395+00:00
[2024-08-08T22:11:12.664+0400] {processor.py:179} INFO - Processing /home/eduardo/airflow_venv/lib/python3.10/site-packages/airflow/example_dags/example_task_group.py took 0.099 seconds
[2024-08-08T22:11:50.327+0400] {processor.py:157} INFO - Started process (PID=10863) to work on /home/eduardo/airflow_venv/lib/python3.10/site-packages/airflow/example_dags/example_task_group.py
[2024-08-08T22:11:50.330+0400] {processor.py:829} INFO - Processing file /home/eduardo/airflow_venv/lib/python3.10/site-packages/airflow/example_dags/example_task_group.py for tasks to queue
[2024-08-08T22:11:50.331+0400] {logging_mixin.py:151} INFO - [2024-08-08T22:11:50.331+0400] {dagbag.py:539} INFO - Filling up the DagBag from /home/eduardo/airflow_venv/lib/python3.10/site-packages/airflow/example_dags/example_task_group.py
[2024-08-08T22:11:50.342+0400] {processor.py:839} INFO - DAG(s) dict_keys(['example_task_group']) retrieved from /home/eduardo/airflow_venv/lib/python3.10/site-packages/airflow/example_dags/example_task_group.py
[2024-08-08T22:11:50.359+0400] {logging_mixin.py:151} INFO - [2024-08-08T22:11:50.359+0400] {dag.py:2915} INFO - Sync 1 DAGs
[2024-08-08T22:11:50.374+0400] {logging_mixin.py:151} INFO - [2024-08-08T22:11:50.374+0400] {dag.py:3696} INFO - Setting next_dagrun for example_task_group to 2024-08-07T18:11:50.373835+00:00, run_after=2024-08-08T18:11:50.373835+00:00
[2024-08-08T22:11:50.407+0400] {processor.py:179} INFO - Processing /home/eduardo/airflow_venv/lib/python3.10/site-packages/airflow/example_dags/example_task_group.py took 0.083 seconds
[2024-08-08T22:12:41.019+0400] {processor.py:157} INFO - Started process (PID=11253) to work on /home/eduardo/airflow_venv/lib/python3.10/site-packages/airflow/example_dags/example_task_group.py
[2024-08-08T22:12:41.022+0400] {processor.py:829} INFO - Processing file /home/eduardo/airflow_venv/lib/python3.10/site-packages/airflow/example_dags/example_task_group.py for tasks to queue
[2024-08-08T22:12:41.023+0400] {logging_mixin.py:151} INFO - [2024-08-08T22:12:41.022+0400] {dagbag.py:539} INFO - Filling up the DagBag from /home/eduardo/airflow_venv/lib/python3.10/site-packages/airflow/example_dags/example_task_group.py
[2024-08-08T22:12:41.034+0400] {processor.py:839} INFO - DAG(s) dict_keys(['example_task_group']) retrieved from /home/eduardo/airflow_venv/lib/python3.10/site-packages/airflow/example_dags/example_task_group.py
[2024-08-08T22:12:41.053+0400] {logging_mixin.py:151} INFO - [2024-08-08T22:12:41.053+0400] {dag.py:2915} INFO - Sync 1 DAGs
[2024-08-08T22:12:41.068+0400] {logging_mixin.py:151} INFO - [2024-08-08T22:12:41.068+0400] {dag.py:3696} INFO - Setting next_dagrun for example_task_group to 2024-08-07T18:12:41.068224+00:00, run_after=2024-08-08T18:12:41.068224+00:00
[2024-08-08T22:12:41.107+0400] {processor.py:179} INFO - Processing /home/eduardo/airflow_venv/lib/python3.10/site-packages/airflow/example_dags/example_task_group.py took 0.092 seconds
[2024-08-08T22:13:28.503+0400] {processor.py:157} INFO - Started process (PID=11651) to work on /home/eduardo/airflow_venv/lib/python3.10/site-packages/airflow/example_dags/example_task_group.py
[2024-08-08T22:13:28.506+0400] {processor.py:829} INFO - Processing file /home/eduardo/airflow_venv/lib/python3.10/site-packages/airflow/example_dags/example_task_group.py for tasks to queue
[2024-08-08T22:13:28.506+0400] {logging_mixin.py:151} INFO - [2024-08-08T22:13:28.506+0400] {dagbag.py:539} INFO - Filling up the DagBag from /home/eduardo/airflow_venv/lib/python3.10/site-packages/airflow/example_dags/example_task_group.py
[2024-08-08T22:13:28.515+0400] {processor.py:839} INFO - DAG(s) dict_keys(['example_task_group']) retrieved from /home/eduardo/airflow_venv/lib/python3.10/site-packages/airflow/example_dags/example_task_group.py
[2024-08-08T22:13:28.529+0400] {logging_mixin.py:151} INFO - [2024-08-08T22:13:28.529+0400] {dag.py:2915} INFO - Sync 1 DAGs
[2024-08-08T22:13:28.545+0400] {logging_mixin.py:151} INFO - [2024-08-08T22:13:28.545+0400] {dag.py:3696} INFO - Setting next_dagrun for example_task_group to 2024-08-07T18:13:28.544913+00:00, run_after=2024-08-08T18:13:28.544913+00:00
[2024-08-08T22:13:28.577+0400] {processor.py:179} INFO - Processing /home/eduardo/airflow_venv/lib/python3.10/site-packages/airflow/example_dags/example_task_group.py took 0.077 seconds
[2024-08-08T22:14:12.400+0400] {processor.py:157} INFO - Started process (PID=12170) to work on /home/eduardo/airflow_venv/lib/python3.10/site-packages/airflow/example_dags/example_task_group.py
[2024-08-08T22:14:12.403+0400] {processor.py:829} INFO - Processing file /home/eduardo/airflow_venv/lib/python3.10/site-packages/airflow/example_dags/example_task_group.py for tasks to queue
[2024-08-08T22:14:12.404+0400] {logging_mixin.py:151} INFO - [2024-08-08T22:14:12.404+0400] {dagbag.py:539} INFO - Filling up the DagBag from /home/eduardo/airflow_venv/lib/python3.10/site-packages/airflow/example_dags/example_task_group.py
[2024-08-08T22:14:12.411+0400] {processor.py:839} INFO - DAG(s) dict_keys(['example_task_group']) retrieved from /home/eduardo/airflow_venv/lib/python3.10/site-packages/airflow/example_dags/example_task_group.py
[2024-08-08T22:14:12.428+0400] {logging_mixin.py:151} INFO - [2024-08-08T22:14:12.428+0400] {dag.py:2915} INFO - Sync 1 DAGs
[2024-08-08T22:14:12.445+0400] {logging_mixin.py:151} INFO - [2024-08-08T22:14:12.445+0400] {dag.py:3696} INFO - Setting next_dagrun for example_task_group to 2024-08-07T18:14:12.445537+00:00, run_after=2024-08-08T18:14:12.445537+00:00
[2024-08-08T22:14:12.474+0400] {processor.py:179} INFO - Processing /home/eduardo/airflow_venv/lib/python3.10/site-packages/airflow/example_dags/example_task_group.py took 0.077 seconds
[2024-08-08T22:14:47.784+0400] {processor.py:157} INFO - Started process (PID=12526) to work on /home/eduardo/airflow_venv/lib/python3.10/site-packages/airflow/example_dags/example_task_group.py
[2024-08-08T22:14:47.786+0400] {processor.py:829} INFO - Processing file /home/eduardo/airflow_venv/lib/python3.10/site-packages/airflow/example_dags/example_task_group.py for tasks to queue
[2024-08-08T22:14:47.787+0400] {logging_mixin.py:151} INFO - [2024-08-08T22:14:47.787+0400] {dagbag.py:539} INFO - Filling up the DagBag from /home/eduardo/airflow_venv/lib/python3.10/site-packages/airflow/example_dags/example_task_group.py
[2024-08-08T22:14:47.795+0400] {processor.py:839} INFO - DAG(s) dict_keys(['example_task_group']) retrieved from /home/eduardo/airflow_venv/lib/python3.10/site-packages/airflow/example_dags/example_task_group.py
[2024-08-08T22:14:47.813+0400] {logging_mixin.py:151} INFO - [2024-08-08T22:14:47.812+0400] {dag.py:2915} INFO - Sync 1 DAGs
[2024-08-08T22:14:47.835+0400] {logging_mixin.py:151} INFO - [2024-08-08T22:14:47.835+0400] {dag.py:3696} INFO - Setting next_dagrun for example_task_group to 2024-08-07T18:14:47.835045+00:00, run_after=2024-08-08T18:14:47.835045+00:00
[2024-08-08T22:14:47.865+0400] {processor.py:179} INFO - Processing /home/eduardo/airflow_venv/lib/python3.10/site-packages/airflow/example_dags/example_task_group.py took 0.085 seconds
[2024-08-08T22:15:22.007+0400] {processor.py:157} INFO - Started process (PID=12788) to work on /home/eduardo/airflow_venv/lib/python3.10/site-packages/airflow/example_dags/example_task_group.py
[2024-08-08T22:15:22.010+0400] {processor.py:829} INFO - Processing file /home/eduardo/airflow_venv/lib/python3.10/site-packages/airflow/example_dags/example_task_group.py for tasks to queue
[2024-08-08T22:15:22.011+0400] {logging_mixin.py:151} INFO - [2024-08-08T22:15:22.011+0400] {dagbag.py:539} INFO - Filling up the DagBag from /home/eduardo/airflow_venv/lib/python3.10/site-packages/airflow/example_dags/example_task_group.py
[2024-08-08T22:15:22.021+0400] {processor.py:839} INFO - DAG(s) dict_keys(['example_task_group']) retrieved from /home/eduardo/airflow_venv/lib/python3.10/site-packages/airflow/example_dags/example_task_group.py
[2024-08-08T22:15:22.038+0400] {logging_mixin.py:151} INFO - [2024-08-08T22:15:22.037+0400] {dag.py:2915} INFO - Sync 1 DAGs
[2024-08-08T22:15:22.052+0400] {logging_mixin.py:151} INFO - [2024-08-08T22:15:22.052+0400] {dag.py:3696} INFO - Setting next_dagrun for example_task_group to 2024-08-07T18:15:22.052590+00:00, run_after=2024-08-08T18:15:22.052590+00:00
[2024-08-08T22:15:22.084+0400] {processor.py:179} INFO - Processing /home/eduardo/airflow_venv/lib/python3.10/site-packages/airflow/example_dags/example_task_group.py took 0.080 seconds
[2024-08-08T22:15:57.309+0400] {processor.py:157} INFO - Started process (PID=13152) to work on /home/eduardo/airflow_venv/lib/python3.10/site-packages/airflow/example_dags/example_task_group.py
[2024-08-08T22:15:57.312+0400] {processor.py:829} INFO - Processing file /home/eduardo/airflow_venv/lib/python3.10/site-packages/airflow/example_dags/example_task_group.py for tasks to queue
[2024-08-08T22:15:57.313+0400] {logging_mixin.py:151} INFO - [2024-08-08T22:15:57.313+0400] {dagbag.py:539} INFO - Filling up the DagBag from /home/eduardo/airflow_venv/lib/python3.10/site-packages/airflow/example_dags/example_task_group.py
[2024-08-08T22:15:57.320+0400] {processor.py:839} INFO - DAG(s) dict_keys(['example_task_group']) retrieved from /home/eduardo/airflow_venv/lib/python3.10/site-packages/airflow/example_dags/example_task_group.py
[2024-08-08T22:15:57.334+0400] {logging_mixin.py:151} INFO - [2024-08-08T22:15:57.334+0400] {dag.py:2915} INFO - Sync 1 DAGs
[2024-08-08T22:15:57.353+0400] {logging_mixin.py:151} INFO - [2024-08-08T22:15:57.353+0400] {dag.py:3696} INFO - Setting next_dagrun for example_task_group to 2024-08-07T18:15:57.353382+00:00, run_after=2024-08-08T18:15:57.353382+00:00
[2024-08-08T22:15:57.386+0400] {processor.py:179} INFO - Processing /home/eduardo/airflow_venv/lib/python3.10/site-packages/airflow/example_dags/example_task_group.py took 0.080 seconds
[2024-08-08T22:16:45.517+0400] {processor.py:157} INFO - Started process (PID=13603) to work on /home/eduardo/airflow_venv/lib/python3.10/site-packages/airflow/example_dags/example_task_group.py
[2024-08-08T22:16:45.520+0400] {processor.py:829} INFO - Processing file /home/eduardo/airflow_venv/lib/python3.10/site-packages/airflow/example_dags/example_task_group.py for tasks to queue
[2024-08-08T22:16:45.521+0400] {logging_mixin.py:151} INFO - [2024-08-08T22:16:45.521+0400] {dagbag.py:539} INFO - Filling up the DagBag from /home/eduardo/airflow_venv/lib/python3.10/site-packages/airflow/example_dags/example_task_group.py
[2024-08-08T22:16:45.530+0400] {processor.py:839} INFO - DAG(s) dict_keys(['example_task_group']) retrieved from /home/eduardo/airflow_venv/lib/python3.10/site-packages/airflow/example_dags/example_task_group.py
[2024-08-08T22:16:45.545+0400] {logging_mixin.py:151} INFO - [2024-08-08T22:16:45.545+0400] {dag.py:2915} INFO - Sync 1 DAGs
[2024-08-08T22:16:45.560+0400] {logging_mixin.py:151} INFO - [2024-08-08T22:16:45.560+0400] {dag.py:3696} INFO - Setting next_dagrun for example_task_group to 2024-08-07T18:16:45.559972+00:00, run_after=2024-08-08T18:16:45.559972+00:00
[2024-08-08T22:16:45.591+0400] {processor.py:179} INFO - Processing /home/eduardo/airflow_venv/lib/python3.10/site-packages/airflow/example_dags/example_task_group.py took 0.078 seconds
[2024-08-08T22:17:21.099+0400] {processor.py:157} INFO - Started process (PID=14006) to work on /home/eduardo/airflow_venv/lib/python3.10/site-packages/airflow/example_dags/example_task_group.py
[2024-08-08T22:17:21.102+0400] {processor.py:829} INFO - Processing file /home/eduardo/airflow_venv/lib/python3.10/site-packages/airflow/example_dags/example_task_group.py for tasks to queue
[2024-08-08T22:17:21.103+0400] {logging_mixin.py:151} INFO - [2024-08-08T22:17:21.103+0400] {dagbag.py:539} INFO - Filling up the DagBag from /home/eduardo/airflow_venv/lib/python3.10/site-packages/airflow/example_dags/example_task_group.py
[2024-08-08T22:17:21.112+0400] {processor.py:839} INFO - DAG(s) dict_keys(['example_task_group']) retrieved from /home/eduardo/airflow_venv/lib/python3.10/site-packages/airflow/example_dags/example_task_group.py
[2024-08-08T22:17:21.128+0400] {logging_mixin.py:151} INFO - [2024-08-08T22:17:21.128+0400] {dag.py:2915} INFO - Sync 1 DAGs
[2024-08-08T22:17:21.147+0400] {logging_mixin.py:151} INFO - [2024-08-08T22:17:21.147+0400] {dag.py:3696} INFO - Setting next_dagrun for example_task_group to 2024-08-07T18:17:21.146998+00:00, run_after=2024-08-08T18:17:21.146998+00:00
[2024-08-08T22:17:21.178+0400] {processor.py:179} INFO - Processing /home/eduardo/airflow_venv/lib/python3.10/site-packages/airflow/example_dags/example_task_group.py took 0.082 seconds
[2024-08-08T22:17:57.192+0400] {processor.py:157} INFO - Started process (PID=14283) to work on /home/eduardo/airflow_venv/lib/python3.10/site-packages/airflow/example_dags/example_task_group.py
[2024-08-08T22:17:57.196+0400] {processor.py:829} INFO - Processing file /home/eduardo/airflow_venv/lib/python3.10/site-packages/airflow/example_dags/example_task_group.py for tasks to queue
[2024-08-08T22:17:57.197+0400] {logging_mixin.py:151} INFO - [2024-08-08T22:17:57.196+0400] {dagbag.py:539} INFO - Filling up the DagBag from /home/eduardo/airflow_venv/lib/python3.10/site-packages/airflow/example_dags/example_task_group.py
[2024-08-08T22:17:57.212+0400] {processor.py:839} INFO - DAG(s) dict_keys(['example_task_group']) retrieved from /home/eduardo/airflow_venv/lib/python3.10/site-packages/airflow/example_dags/example_task_group.py
[2024-08-08T22:17:57.239+0400] {logging_mixin.py:151} INFO - [2024-08-08T22:17:57.238+0400] {dag.py:2915} INFO - Sync 1 DAGs
[2024-08-08T22:17:57.265+0400] {logging_mixin.py:151} INFO - [2024-08-08T22:17:57.265+0400] {dag.py:3696} INFO - Setting next_dagrun for example_task_group to 2024-08-07T18:17:57.264735+00:00, run_after=2024-08-08T18:17:57.264735+00:00
[2024-08-08T22:17:57.305+0400] {processor.py:179} INFO - Processing /home/eduardo/airflow_venv/lib/python3.10/site-packages/airflow/example_dags/example_task_group.py took 0.117 seconds
[2024-08-08T22:18:30.582+0400] {processor.py:157} INFO - Started process (PID=14548) to work on /home/eduardo/airflow_venv/lib/python3.10/site-packages/airflow/example_dags/example_task_group.py
[2024-08-08T22:18:30.585+0400] {processor.py:829} INFO - Processing file /home/eduardo/airflow_venv/lib/python3.10/site-packages/airflow/example_dags/example_task_group.py for tasks to queue
[2024-08-08T22:18:30.586+0400] {logging_mixin.py:151} INFO - [2024-08-08T22:18:30.586+0400] {dagbag.py:539} INFO - Filling up the DagBag from /home/eduardo/airflow_venv/lib/python3.10/site-packages/airflow/example_dags/example_task_group.py
[2024-08-08T22:18:30.593+0400] {processor.py:839} INFO - DAG(s) dict_keys(['example_task_group']) retrieved from /home/eduardo/airflow_venv/lib/python3.10/site-packages/airflow/example_dags/example_task_group.py
[2024-08-08T22:18:30.606+0400] {logging_mixin.py:151} INFO - [2024-08-08T22:18:30.606+0400] {dag.py:2915} INFO - Sync 1 DAGs
[2024-08-08T22:18:30.620+0400] {logging_mixin.py:151} INFO - [2024-08-08T22:18:30.619+0400] {dag.py:3696} INFO - Setting next_dagrun for example_task_group to 2024-08-07T18:18:30.619712+00:00, run_after=2024-08-08T18:18:30.619712+00:00
[2024-08-08T22:18:30.649+0400] {processor.py:179} INFO - Processing /home/eduardo/airflow_venv/lib/python3.10/site-packages/airflow/example_dags/example_task_group.py took 0.071 seconds
[2024-08-08T22:19:08.542+0400] {processor.py:157} INFO - Started process (PID=14844) to work on /home/eduardo/airflow_venv/lib/python3.10/site-packages/airflow/example_dags/example_task_group.py
[2024-08-08T22:19:08.546+0400] {processor.py:829} INFO - Processing file /home/eduardo/airflow_venv/lib/python3.10/site-packages/airflow/example_dags/example_task_group.py for tasks to queue
[2024-08-08T22:19:08.547+0400] {logging_mixin.py:151} INFO - [2024-08-08T22:19:08.546+0400] {dagbag.py:539} INFO - Filling up the DagBag from /home/eduardo/airflow_venv/lib/python3.10/site-packages/airflow/example_dags/example_task_group.py
[2024-08-08T22:19:08.558+0400] {processor.py:839} INFO - DAG(s) dict_keys(['example_task_group']) retrieved from /home/eduardo/airflow_venv/lib/python3.10/site-packages/airflow/example_dags/example_task_group.py
[2024-08-08T22:19:08.582+0400] {logging_mixin.py:151} INFO - [2024-08-08T22:19:08.582+0400] {dag.py:2915} INFO - Sync 1 DAGs
[2024-08-08T22:19:08.606+0400] {logging_mixin.py:151} INFO - [2024-08-08T22:19:08.606+0400] {dag.py:3696} INFO - Setting next_dagrun for example_task_group to 2024-08-07T18:19:08.606241+00:00, run_after=2024-08-08T18:19:08.606241+00:00
[2024-08-08T22:19:08.642+0400] {processor.py:179} INFO - Processing /home/eduardo/airflow_venv/lib/python3.10/site-packages/airflow/example_dags/example_task_group.py took 0.105 seconds
[2024-08-08T22:19:41.476+0400] {processor.py:157} INFO - Started process (PID=15129) to work on /home/eduardo/airflow_venv/lib/python3.10/site-packages/airflow/example_dags/example_task_group.py
[2024-08-08T22:19:41.478+0400] {processor.py:829} INFO - Processing file /home/eduardo/airflow_venv/lib/python3.10/site-packages/airflow/example_dags/example_task_group.py for tasks to queue
[2024-08-08T22:19:41.479+0400] {logging_mixin.py:151} INFO - [2024-08-08T22:19:41.479+0400] {dagbag.py:539} INFO - Filling up the DagBag from /home/eduardo/airflow_venv/lib/python3.10/site-packages/airflow/example_dags/example_task_group.py
[2024-08-08T22:19:41.488+0400] {processor.py:839} INFO - DAG(s) dict_keys(['example_task_group']) retrieved from /home/eduardo/airflow_venv/lib/python3.10/site-packages/airflow/example_dags/example_task_group.py
[2024-08-08T22:19:41.503+0400] {logging_mixin.py:151} INFO - [2024-08-08T22:19:41.502+0400] {dag.py:2915} INFO - Sync 1 DAGs
[2024-08-08T22:19:41.517+0400] {logging_mixin.py:151} INFO - [2024-08-08T22:19:41.516+0400] {dag.py:3696} INFO - Setting next_dagrun for example_task_group to 2024-08-07T18:19:41.516699+00:00, run_after=2024-08-08T18:19:41.516699+00:00
[2024-08-08T22:19:41.549+0400] {processor.py:179} INFO - Processing /home/eduardo/airflow_venv/lib/python3.10/site-packages/airflow/example_dags/example_task_group.py took 0.075 seconds
[2024-08-08T22:20:18.320+0400] {processor.py:157} INFO - Started process (PID=15409) to work on /home/eduardo/airflow_venv/lib/python3.10/site-packages/airflow/example_dags/example_task_group.py
[2024-08-08T22:20:18.323+0400] {processor.py:829} INFO - Processing file /home/eduardo/airflow_venv/lib/python3.10/site-packages/airflow/example_dags/example_task_group.py for tasks to queue
[2024-08-08T22:20:18.324+0400] {logging_mixin.py:151} INFO - [2024-08-08T22:20:18.324+0400] {dagbag.py:539} INFO - Filling up the DagBag from /home/eduardo/airflow_venv/lib/python3.10/site-packages/airflow/example_dags/example_task_group.py
[2024-08-08T22:20:18.335+0400] {processor.py:839} INFO - DAG(s) dict_keys(['example_task_group']) retrieved from /home/eduardo/airflow_venv/lib/python3.10/site-packages/airflow/example_dags/example_task_group.py
[2024-08-08T22:20:18.350+0400] {logging_mixin.py:151} INFO - [2024-08-08T22:20:18.350+0400] {dag.py:2915} INFO - Sync 1 DAGs
[2024-08-08T22:20:18.370+0400] {logging_mixin.py:151} INFO - [2024-08-08T22:20:18.370+0400] {dag.py:3696} INFO - Setting next_dagrun for example_task_group to 2024-08-07T18:20:18.370041+00:00, run_after=2024-08-08T18:20:18.370041+00:00
[2024-08-08T22:20:18.406+0400] {processor.py:179} INFO - Processing /home/eduardo/airflow_venv/lib/python3.10/site-packages/airflow/example_dags/example_task_group.py took 0.089 seconds
[2024-08-08T22:21:05.160+0400] {processor.py:157} INFO - Started process (PID=15843) to work on /home/eduardo/airflow_venv/lib/python3.10/site-packages/airflow/example_dags/example_task_group.py
[2024-08-08T22:21:05.162+0400] {processor.py:829} INFO - Processing file /home/eduardo/airflow_venv/lib/python3.10/site-packages/airflow/example_dags/example_task_group.py for tasks to queue
[2024-08-08T22:21:05.163+0400] {logging_mixin.py:151} INFO - [2024-08-08T22:21:05.162+0400] {dagbag.py:539} INFO - Filling up the DagBag from /home/eduardo/airflow_venv/lib/python3.10/site-packages/airflow/example_dags/example_task_group.py
[2024-08-08T22:21:05.172+0400] {processor.py:839} INFO - DAG(s) dict_keys(['example_task_group']) retrieved from /home/eduardo/airflow_venv/lib/python3.10/site-packages/airflow/example_dags/example_task_group.py
[2024-08-08T22:21:05.185+0400] {logging_mixin.py:151} INFO - [2024-08-08T22:21:05.185+0400] {dag.py:2915} INFO - Sync 1 DAGs
[2024-08-08T22:21:05.208+0400] {logging_mixin.py:151} INFO - [2024-08-08T22:21:05.207+0400] {dag.py:3696} INFO - Setting next_dagrun for example_task_group to 2024-08-07T18:21:05.207340+00:00, run_after=2024-08-08T18:21:05.207340+00:00
[2024-08-08T22:21:05.245+0400] {processor.py:179} INFO - Processing /home/eduardo/airflow_venv/lib/python3.10/site-packages/airflow/example_dags/example_task_group.py took 0.088 seconds
[2024-08-08T22:21:41.263+0400] {processor.py:157} INFO - Started process (PID=16177) to work on /home/eduardo/airflow_venv/lib/python3.10/site-packages/airflow/example_dags/example_task_group.py
[2024-08-08T22:21:41.266+0400] {processor.py:829} INFO - Processing file /home/eduardo/airflow_venv/lib/python3.10/site-packages/airflow/example_dags/example_task_group.py for tasks to queue
[2024-08-08T22:21:41.267+0400] {logging_mixin.py:151} INFO - [2024-08-08T22:21:41.267+0400] {dagbag.py:539} INFO - Filling up the DagBag from /home/eduardo/airflow_venv/lib/python3.10/site-packages/airflow/example_dags/example_task_group.py
[2024-08-08T22:21:41.274+0400] {processor.py:839} INFO - DAG(s) dict_keys(['example_task_group']) retrieved from /home/eduardo/airflow_venv/lib/python3.10/site-packages/airflow/example_dags/example_task_group.py
[2024-08-08T22:21:41.289+0400] {logging_mixin.py:151} INFO - [2024-08-08T22:21:41.288+0400] {dag.py:2915} INFO - Sync 1 DAGs
[2024-08-08T22:21:41.304+0400] {logging_mixin.py:151} INFO - [2024-08-08T22:21:41.304+0400] {dag.py:3696} INFO - Setting next_dagrun for example_task_group to 2024-08-07T18:21:41.304417+00:00, run_after=2024-08-08T18:21:41.304417+00:00
[2024-08-08T22:21:41.330+0400] {processor.py:179} INFO - Processing /home/eduardo/airflow_venv/lib/python3.10/site-packages/airflow/example_dags/example_task_group.py took 0.069 seconds
[2024-08-08T22:22:15.961+0400] {processor.py:157} INFO - Started process (PID=16448) to work on /home/eduardo/airflow_venv/lib/python3.10/site-packages/airflow/example_dags/example_task_group.py
[2024-08-08T22:22:15.962+0400] {processor.py:829} INFO - Processing file /home/eduardo/airflow_venv/lib/python3.10/site-packages/airflow/example_dags/example_task_group.py for tasks to queue
[2024-08-08T22:22:15.964+0400] {logging_mixin.py:151} INFO - [2024-08-08T22:22:15.963+0400] {dagbag.py:539} INFO - Filling up the DagBag from /home/eduardo/airflow_venv/lib/python3.10/site-packages/airflow/example_dags/example_task_group.py
[2024-08-08T22:22:15.988+0400] {processor.py:839} INFO - DAG(s) dict_keys(['example_task_group']) retrieved from /home/eduardo/airflow_venv/lib/python3.10/site-packages/airflow/example_dags/example_task_group.py
[2024-08-08T22:22:16.010+0400] {logging_mixin.py:151} INFO - [2024-08-08T22:22:16.010+0400] {dag.py:2915} INFO - Sync 1 DAGs
[2024-08-08T22:22:16.036+0400] {logging_mixin.py:151} INFO - [2024-08-08T22:22:16.035+0400] {dag.py:3696} INFO - Setting next_dagrun for example_task_group to 2024-08-07T18:22:16.035680+00:00, run_after=2024-08-08T18:22:16.035680+00:00
[2024-08-08T22:22:16.087+0400] {processor.py:179} INFO - Processing /home/eduardo/airflow_venv/lib/python3.10/site-packages/airflow/example_dags/example_task_group.py took 0.131 seconds
[2024-08-08T22:22:50.062+0400] {processor.py:157} INFO - Started process (PID=16714) to work on /home/eduardo/airflow_venv/lib/python3.10/site-packages/airflow/example_dags/example_task_group.py
[2024-08-08T22:22:50.065+0400] {processor.py:829} INFO - Processing file /home/eduardo/airflow_venv/lib/python3.10/site-packages/airflow/example_dags/example_task_group.py for tasks to queue
[2024-08-08T22:22:50.066+0400] {logging_mixin.py:151} INFO - [2024-08-08T22:22:50.065+0400] {dagbag.py:539} INFO - Filling up the DagBag from /home/eduardo/airflow_venv/lib/python3.10/site-packages/airflow/example_dags/example_task_group.py
[2024-08-08T22:22:50.072+0400] {processor.py:839} INFO - DAG(s) dict_keys(['example_task_group']) retrieved from /home/eduardo/airflow_venv/lib/python3.10/site-packages/airflow/example_dags/example_task_group.py
[2024-08-08T22:22:50.087+0400] {logging_mixin.py:151} INFO - [2024-08-08T22:22:50.087+0400] {dag.py:2915} INFO - Sync 1 DAGs
[2024-08-08T22:22:50.101+0400] {logging_mixin.py:151} INFO - [2024-08-08T22:22:50.101+0400] {dag.py:3696} INFO - Setting next_dagrun for example_task_group to 2024-08-07T18:22:50.101508+00:00, run_after=2024-08-08T18:22:50.101508+00:00
[2024-08-08T22:22:50.131+0400] {processor.py:179} INFO - Processing /home/eduardo/airflow_venv/lib/python3.10/site-packages/airflow/example_dags/example_task_group.py took 0.073 seconds
[2024-08-08T22:23:24.265+0400] {processor.py:157} INFO - Started process (PID=17040) to work on /home/eduardo/airflow_venv/lib/python3.10/site-packages/airflow/example_dags/example_task_group.py
[2024-08-08T22:23:24.268+0400] {processor.py:829} INFO - Processing file /home/eduardo/airflow_venv/lib/python3.10/site-packages/airflow/example_dags/example_task_group.py for tasks to queue
[2024-08-08T22:23:24.268+0400] {logging_mixin.py:151} INFO - [2024-08-08T22:23:24.268+0400] {dagbag.py:539} INFO - Filling up the DagBag from /home/eduardo/airflow_venv/lib/python3.10/site-packages/airflow/example_dags/example_task_group.py
[2024-08-08T22:23:24.277+0400] {processor.py:839} INFO - DAG(s) dict_keys(['example_task_group']) retrieved from /home/eduardo/airflow_venv/lib/python3.10/site-packages/airflow/example_dags/example_task_group.py
[2024-08-08T22:23:24.296+0400] {logging_mixin.py:151} INFO - [2024-08-08T22:23:24.295+0400] {dag.py:2915} INFO - Sync 1 DAGs
[2024-08-08T22:23:24.321+0400] {logging_mixin.py:151} INFO - [2024-08-08T22:23:24.321+0400] {dag.py:3696} INFO - Setting next_dagrun for example_task_group to 2024-08-07T18:23:24.320050+00:00, run_after=2024-08-08T18:23:24.320050+00:00
[2024-08-08T22:23:24.355+0400] {processor.py:179} INFO - Processing /home/eduardo/airflow_venv/lib/python3.10/site-packages/airflow/example_dags/example_task_group.py took 0.094 seconds
