[2024-08-08T20:18:15.179+0400] {processor.py:157} INFO - Started process (PID=6796) to work on /home/eduardo/airflow_venv/lib/python3.10/site-packages/airflow/example_dags/example_short_circuit_operator.py
[2024-08-08T20:18:15.180+0400] {processor.py:829} INFO - Processing file /home/eduardo/airflow_venv/lib/python3.10/site-packages/airflow/example_dags/example_short_circuit_operator.py for tasks to queue
[2024-08-08T20:18:15.181+0400] {logging_mixin.py:151} INFO - [2024-08-08T20:18:15.180+0400] {dagbag.py:539} INFO - Filling up the DagBag from /home/eduardo/airflow_venv/lib/python3.10/site-packages/airflow/example_dags/example_short_circuit_operator.py
[2024-08-08T20:18:15.195+0400] {processor.py:839} INFO - DAG(s) dict_keys(['example_short_circuit_operator']) retrieved from /home/eduardo/airflow_venv/lib/python3.10/site-packages/airflow/example_dags/example_short_circuit_operator.py
[2024-08-08T20:18:15.355+0400] {logging_mixin.py:151} INFO - [2024-08-08T20:18:15.355+0400] {manager.py:499} INFO - Created Permission View: %s
[2024-08-08T20:18:15.372+0400] {logging_mixin.py:151} INFO - [2024-08-08T20:18:15.372+0400] {manager.py:499} INFO - Created Permission View: %s
[2024-08-08T20:18:15.390+0400] {logging_mixin.py:151} INFO - [2024-08-08T20:18:15.390+0400] {manager.py:499} INFO - Created Permission View: %s
[2024-08-08T20:18:15.391+0400] {logging_mixin.py:151} INFO - [2024-08-08T20:18:15.391+0400] {security.py:708} INFO - Not syncing DAG-level permissions for DAG 'DAG:example_short_circuit_operator' as access control is unset.
[2024-08-08T20:18:15.391+0400] {logging_mixin.py:151} INFO - [2024-08-08T20:18:15.391+0400] {dag.py:2915} INFO - Sync 1 DAGs
[2024-08-08T20:18:15.400+0400] {logging_mixin.py:151} INFO - [2024-08-08T20:18:15.399+0400] {dag.py:2937} INFO - Creating ORM DAG for example_short_circuit_operator
[2024-08-08T20:18:15.408+0400] {logging_mixin.py:151} INFO - [2024-08-08T20:18:15.407+0400] {dag.py:3696} INFO - Setting next_dagrun for example_short_circuit_operator to 2024-08-07T16:18:15.407619+00:00, run_after=2024-08-08T16:18:15.407619+00:00
[2024-08-08T20:18:15.433+0400] {processor.py:179} INFO - Processing /home/eduardo/airflow_venv/lib/python3.10/site-packages/airflow/example_dags/example_short_circuit_operator.py took 0.257 seconds
[2024-08-08T20:19:07.673+0400] {processor.py:157} INFO - Started process (PID=6851) to work on /home/eduardo/airflow_venv/lib/python3.10/site-packages/airflow/example_dags/example_short_circuit_operator.py
[2024-08-08T20:19:07.674+0400] {processor.py:829} INFO - Processing file /home/eduardo/airflow_venv/lib/python3.10/site-packages/airflow/example_dags/example_short_circuit_operator.py for tasks to queue
[2024-08-08T20:19:07.675+0400] {logging_mixin.py:151} INFO - [2024-08-08T20:19:07.675+0400] {dagbag.py:539} INFO - Filling up the DagBag from /home/eduardo/airflow_venv/lib/python3.10/site-packages/airflow/example_dags/example_short_circuit_operator.py
[2024-08-08T20:19:07.680+0400] {processor.py:839} INFO - DAG(s) dict_keys(['example_short_circuit_operator']) retrieved from /home/eduardo/airflow_venv/lib/python3.10/site-packages/airflow/example_dags/example_short_circuit_operator.py
[2024-08-08T20:19:07.691+0400] {logging_mixin.py:151} INFO - [2024-08-08T20:19:07.691+0400] {dag.py:2915} INFO - Sync 1 DAGs
[2024-08-08T20:19:07.704+0400] {logging_mixin.py:151} INFO - [2024-08-08T20:19:07.704+0400] {dag.py:3696} INFO - Setting next_dagrun for example_short_circuit_operator to 2024-08-07T16:19:07.704086+00:00, run_after=2024-08-08T16:19:07.704086+00:00
[2024-08-08T20:19:07.729+0400] {processor.py:179} INFO - Processing /home/eduardo/airflow_venv/lib/python3.10/site-packages/airflow/example_dags/example_short_circuit_operator.py took 0.058 seconds
[2024-08-08T20:19:45.115+0400] {processor.py:157} INFO - Started process (PID=6891) to work on /home/eduardo/airflow_venv/lib/python3.10/site-packages/airflow/example_dags/example_short_circuit_operator.py
[2024-08-08T20:19:45.117+0400] {processor.py:829} INFO - Processing file /home/eduardo/airflow_venv/lib/python3.10/site-packages/airflow/example_dags/example_short_circuit_operator.py for tasks to queue
[2024-08-08T20:19:45.117+0400] {logging_mixin.py:151} INFO - [2024-08-08T20:19:45.117+0400] {dagbag.py:539} INFO - Filling up the DagBag from /home/eduardo/airflow_venv/lib/python3.10/site-packages/airflow/example_dags/example_short_circuit_operator.py
[2024-08-08T20:19:45.124+0400] {processor.py:839} INFO - DAG(s) dict_keys(['example_short_circuit_operator']) retrieved from /home/eduardo/airflow_venv/lib/python3.10/site-packages/airflow/example_dags/example_short_circuit_operator.py
[2024-08-08T20:19:45.138+0400] {logging_mixin.py:151} INFO - [2024-08-08T20:19:45.138+0400] {dag.py:2915} INFO - Sync 1 DAGs
[2024-08-08T20:19:45.155+0400] {logging_mixin.py:151} INFO - [2024-08-08T20:19:45.155+0400] {dag.py:3696} INFO - Setting next_dagrun for example_short_circuit_operator to 2024-08-07T16:19:45.154876+00:00, run_after=2024-08-08T16:19:45.154876+00:00
[2024-08-08T20:19:45.184+0400] {processor.py:179} INFO - Processing /home/eduardo/airflow_venv/lib/python3.10/site-packages/airflow/example_dags/example_short_circuit_operator.py took 0.071 seconds
[2024-08-08T20:20:26.271+0400] {processor.py:157} INFO - Started process (PID=6937) to work on /home/eduardo/airflow_venv/lib/python3.10/site-packages/airflow/example_dags/example_short_circuit_operator.py
[2024-08-08T20:20:26.272+0400] {processor.py:829} INFO - Processing file /home/eduardo/airflow_venv/lib/python3.10/site-packages/airflow/example_dags/example_short_circuit_operator.py for tasks to queue
[2024-08-08T20:20:26.272+0400] {logging_mixin.py:151} INFO - [2024-08-08T20:20:26.272+0400] {dagbag.py:539} INFO - Filling up the DagBag from /home/eduardo/airflow_venv/lib/python3.10/site-packages/airflow/example_dags/example_short_circuit_operator.py
[2024-08-08T20:20:26.277+0400] {processor.py:839} INFO - DAG(s) dict_keys(['example_short_circuit_operator']) retrieved from /home/eduardo/airflow_venv/lib/python3.10/site-packages/airflow/example_dags/example_short_circuit_operator.py
[2024-08-08T20:20:26.290+0400] {logging_mixin.py:151} INFO - [2024-08-08T20:20:26.289+0400] {dag.py:2915} INFO - Sync 1 DAGs
[2024-08-08T20:20:26.311+0400] {logging_mixin.py:151} INFO - [2024-08-08T20:20:26.310+0400] {dag.py:3696} INFO - Setting next_dagrun for example_short_circuit_operator to 2024-08-07T16:20:26.310707+00:00, run_after=2024-08-08T16:20:26.310707+00:00
[2024-08-08T20:20:26.337+0400] {processor.py:179} INFO - Processing /home/eduardo/airflow_venv/lib/python3.10/site-packages/airflow/example_dags/example_short_circuit_operator.py took 0.069 seconds
[2024-08-08T20:21:07.487+0400] {processor.py:157} INFO - Started process (PID=6979) to work on /home/eduardo/airflow_venv/lib/python3.10/site-packages/airflow/example_dags/example_short_circuit_operator.py
[2024-08-08T20:21:07.489+0400] {processor.py:829} INFO - Processing file /home/eduardo/airflow_venv/lib/python3.10/site-packages/airflow/example_dags/example_short_circuit_operator.py for tasks to queue
[2024-08-08T20:21:07.490+0400] {logging_mixin.py:151} INFO - [2024-08-08T20:21:07.489+0400] {dagbag.py:539} INFO - Filling up the DagBag from /home/eduardo/airflow_venv/lib/python3.10/site-packages/airflow/example_dags/example_short_circuit_operator.py
[2024-08-08T20:21:07.498+0400] {processor.py:839} INFO - DAG(s) dict_keys(['example_short_circuit_operator']) retrieved from /home/eduardo/airflow_venv/lib/python3.10/site-packages/airflow/example_dags/example_short_circuit_operator.py
[2024-08-08T20:21:07.510+0400] {logging_mixin.py:151} INFO - [2024-08-08T20:21:07.510+0400] {dag.py:2915} INFO - Sync 1 DAGs
[2024-08-08T20:21:07.525+0400] {logging_mixin.py:151} INFO - [2024-08-08T20:21:07.524+0400] {dag.py:3696} INFO - Setting next_dagrun for example_short_circuit_operator to 2024-08-07T16:21:07.524605+00:00, run_after=2024-08-08T16:21:07.524605+00:00
[2024-08-08T20:21:07.555+0400] {processor.py:179} INFO - Processing /home/eduardo/airflow_venv/lib/python3.10/site-packages/airflow/example_dags/example_short_circuit_operator.py took 0.070 seconds
[2024-08-08T20:21:47.506+0400] {processor.py:157} INFO - Started process (PID=7022) to work on /home/eduardo/airflow_venv/lib/python3.10/site-packages/airflow/example_dags/example_short_circuit_operator.py
[2024-08-08T20:21:47.508+0400] {processor.py:829} INFO - Processing file /home/eduardo/airflow_venv/lib/python3.10/site-packages/airflow/example_dags/example_short_circuit_operator.py for tasks to queue
[2024-08-08T20:21:47.508+0400] {logging_mixin.py:151} INFO - [2024-08-08T20:21:47.508+0400] {dagbag.py:539} INFO - Filling up the DagBag from /home/eduardo/airflow_venv/lib/python3.10/site-packages/airflow/example_dags/example_short_circuit_operator.py
[2024-08-08T20:21:47.514+0400] {processor.py:839} INFO - DAG(s) dict_keys(['example_short_circuit_operator']) retrieved from /home/eduardo/airflow_venv/lib/python3.10/site-packages/airflow/example_dags/example_short_circuit_operator.py
[2024-08-08T20:21:47.525+0400] {logging_mixin.py:151} INFO - [2024-08-08T20:21:47.525+0400] {dag.py:2915} INFO - Sync 1 DAGs
[2024-08-08T20:21:47.539+0400] {logging_mixin.py:151} INFO - [2024-08-08T20:21:47.538+0400] {dag.py:3696} INFO - Setting next_dagrun for example_short_circuit_operator to 2024-08-07T16:21:47.538743+00:00, run_after=2024-08-08T16:21:47.538743+00:00
[2024-08-08T20:21:47.598+0400] {processor.py:179} INFO - Processing /home/eduardo/airflow_venv/lib/python3.10/site-packages/airflow/example_dags/example_short_circuit_operator.py took 0.094 seconds
[2024-08-08T20:22:18.379+0400] {processor.py:157} INFO - Started process (PID=7054) to work on /home/eduardo/airflow_venv/lib/python3.10/site-packages/airflow/example_dags/example_short_circuit_operator.py
[2024-08-08T20:22:18.380+0400] {processor.py:829} INFO - Processing file /home/eduardo/airflow_venv/lib/python3.10/site-packages/airflow/example_dags/example_short_circuit_operator.py for tasks to queue
[2024-08-08T20:22:18.381+0400] {logging_mixin.py:151} INFO - [2024-08-08T20:22:18.381+0400] {dagbag.py:539} INFO - Filling up the DagBag from /home/eduardo/airflow_venv/lib/python3.10/site-packages/airflow/example_dags/example_short_circuit_operator.py
[2024-08-08T20:22:18.390+0400] {processor.py:839} INFO - DAG(s) dict_keys(['example_short_circuit_operator']) retrieved from /home/eduardo/airflow_venv/lib/python3.10/site-packages/airflow/example_dags/example_short_circuit_operator.py
[2024-08-08T20:22:18.403+0400] {logging_mixin.py:151} INFO - [2024-08-08T20:22:18.402+0400] {dag.py:2915} INFO - Sync 1 DAGs
[2024-08-08T20:22:18.416+0400] {logging_mixin.py:151} INFO - [2024-08-08T20:22:18.416+0400] {dag.py:3696} INFO - Setting next_dagrun for example_short_circuit_operator to 2024-08-07T16:22:18.416369+00:00, run_after=2024-08-08T16:22:18.416369+00:00
[2024-08-08T20:22:18.442+0400] {processor.py:179} INFO - Processing /home/eduardo/airflow_venv/lib/python3.10/site-packages/airflow/example_dags/example_short_circuit_operator.py took 0.065 seconds
[2024-08-08T20:22:48.622+0400] {processor.py:157} INFO - Started process (PID=7085) to work on /home/eduardo/airflow_venv/lib/python3.10/site-packages/airflow/example_dags/example_short_circuit_operator.py
[2024-08-08T20:22:48.624+0400] {processor.py:829} INFO - Processing file /home/eduardo/airflow_venv/lib/python3.10/site-packages/airflow/example_dags/example_short_circuit_operator.py for tasks to queue
[2024-08-08T20:22:48.624+0400] {logging_mixin.py:151} INFO - [2024-08-08T20:22:48.624+0400] {dagbag.py:539} INFO - Filling up the DagBag from /home/eduardo/airflow_venv/lib/python3.10/site-packages/airflow/example_dags/example_short_circuit_operator.py
[2024-08-08T20:22:48.629+0400] {processor.py:839} INFO - DAG(s) dict_keys(['example_short_circuit_operator']) retrieved from /home/eduardo/airflow_venv/lib/python3.10/site-packages/airflow/example_dags/example_short_circuit_operator.py
[2024-08-08T20:22:48.641+0400] {logging_mixin.py:151} INFO - [2024-08-08T20:22:48.641+0400] {dag.py:2915} INFO - Sync 1 DAGs
[2024-08-08T20:22:48.652+0400] {logging_mixin.py:151} INFO - [2024-08-08T20:22:48.652+0400] {dag.py:3696} INFO - Setting next_dagrun for example_short_circuit_operator to 2024-08-07T16:22:48.652055+00:00, run_after=2024-08-08T16:22:48.652055+00:00
[2024-08-08T20:22:48.679+0400] {processor.py:179} INFO - Processing /home/eduardo/airflow_venv/lib/python3.10/site-packages/airflow/example_dags/example_short_circuit_operator.py took 0.060 seconds
[2024-08-08T20:23:18.886+0400] {processor.py:157} INFO - Started process (PID=7137) to work on /home/eduardo/airflow_venv/lib/python3.10/site-packages/airflow/example_dags/example_short_circuit_operator.py
[2024-08-08T20:23:18.887+0400] {processor.py:829} INFO - Processing file /home/eduardo/airflow_venv/lib/python3.10/site-packages/airflow/example_dags/example_short_circuit_operator.py for tasks to queue
[2024-08-08T20:23:18.888+0400] {logging_mixin.py:151} INFO - [2024-08-08T20:23:18.888+0400] {dagbag.py:539} INFO - Filling up the DagBag from /home/eduardo/airflow_venv/lib/python3.10/site-packages/airflow/example_dags/example_short_circuit_operator.py
[2024-08-08T20:23:18.893+0400] {processor.py:839} INFO - DAG(s) dict_keys(['example_short_circuit_operator']) retrieved from /home/eduardo/airflow_venv/lib/python3.10/site-packages/airflow/example_dags/example_short_circuit_operator.py
[2024-08-08T20:23:18.905+0400] {logging_mixin.py:151} INFO - [2024-08-08T20:23:18.905+0400] {dag.py:2915} INFO - Sync 1 DAGs
[2024-08-08T20:23:18.920+0400] {logging_mixin.py:151} INFO - [2024-08-08T20:23:18.920+0400] {dag.py:3696} INFO - Setting next_dagrun for example_short_circuit_operator to 2024-08-07T16:23:18.920576+00:00, run_after=2024-08-08T16:23:18.920576+00:00
[2024-08-08T20:23:18.947+0400] {processor.py:179} INFO - Processing /home/eduardo/airflow_venv/lib/python3.10/site-packages/airflow/example_dags/example_short_circuit_operator.py took 0.063 seconds
[2024-08-08T20:24:03.144+0400] {processor.py:157} INFO - Started process (PID=7183) to work on /home/eduardo/airflow_venv/lib/python3.10/site-packages/airflow/example_dags/example_short_circuit_operator.py
[2024-08-08T20:24:03.145+0400] {processor.py:829} INFO - Processing file /home/eduardo/airflow_venv/lib/python3.10/site-packages/airflow/example_dags/example_short_circuit_operator.py for tasks to queue
[2024-08-08T20:24:03.146+0400] {logging_mixin.py:151} INFO - [2024-08-08T20:24:03.145+0400] {dagbag.py:539} INFO - Filling up the DagBag from /home/eduardo/airflow_venv/lib/python3.10/site-packages/airflow/example_dags/example_short_circuit_operator.py
[2024-08-08T20:24:03.151+0400] {processor.py:839} INFO - DAG(s) dict_keys(['example_short_circuit_operator']) retrieved from /home/eduardo/airflow_venv/lib/python3.10/site-packages/airflow/example_dags/example_short_circuit_operator.py
[2024-08-08T20:24:03.163+0400] {logging_mixin.py:151} INFO - [2024-08-08T20:24:03.163+0400] {dag.py:2915} INFO - Sync 1 DAGs
[2024-08-08T20:24:03.176+0400] {logging_mixin.py:151} INFO - [2024-08-08T20:24:03.175+0400] {dag.py:3696} INFO - Setting next_dagrun for example_short_circuit_operator to 2024-08-07T16:24:03.175691+00:00, run_after=2024-08-08T16:24:03.175691+00:00
[2024-08-08T20:24:03.206+0400] {processor.py:179} INFO - Processing /home/eduardo/airflow_venv/lib/python3.10/site-packages/airflow/example_dags/example_short_circuit_operator.py took 0.064 seconds
[2024-08-08T20:24:33.375+0400] {processor.py:157} INFO - Started process (PID=7215) to work on /home/eduardo/airflow_venv/lib/python3.10/site-packages/airflow/example_dags/example_short_circuit_operator.py
[2024-08-08T20:24:33.375+0400] {processor.py:829} INFO - Processing file /home/eduardo/airflow_venv/lib/python3.10/site-packages/airflow/example_dags/example_short_circuit_operator.py for tasks to queue
[2024-08-08T20:24:33.376+0400] {logging_mixin.py:151} INFO - [2024-08-08T20:24:33.376+0400] {dagbag.py:539} INFO - Filling up the DagBag from /home/eduardo/airflow_venv/lib/python3.10/site-packages/airflow/example_dags/example_short_circuit_operator.py
[2024-08-08T20:24:33.386+0400] {processor.py:839} INFO - DAG(s) dict_keys(['example_short_circuit_operator']) retrieved from /home/eduardo/airflow_venv/lib/python3.10/site-packages/airflow/example_dags/example_short_circuit_operator.py
[2024-08-08T20:24:33.409+0400] {logging_mixin.py:151} INFO - [2024-08-08T20:24:33.409+0400] {dag.py:2915} INFO - Sync 1 DAGs
[2024-08-08T20:24:33.429+0400] {logging_mixin.py:151} INFO - [2024-08-08T20:24:33.429+0400] {dag.py:3696} INFO - Setting next_dagrun for example_short_circuit_operator to 2024-08-07T16:24:33.429110+00:00, run_after=2024-08-08T16:24:33.429110+00:00
[2024-08-08T20:24:33.457+0400] {processor.py:179} INFO - Processing /home/eduardo/airflow_venv/lib/python3.10/site-packages/airflow/example_dags/example_short_circuit_operator.py took 0.085 seconds
[2024-08-08T20:25:05.889+0400] {processor.py:157} INFO - Started process (PID=7256) to work on /home/eduardo/airflow_venv/lib/python3.10/site-packages/airflow/example_dags/example_short_circuit_operator.py
[2024-08-08T20:25:05.890+0400] {processor.py:829} INFO - Processing file /home/eduardo/airflow_venv/lib/python3.10/site-packages/airflow/example_dags/example_short_circuit_operator.py for tasks to queue
[2024-08-08T20:25:05.891+0400] {logging_mixin.py:151} INFO - [2024-08-08T20:25:05.891+0400] {dagbag.py:539} INFO - Filling up the DagBag from /home/eduardo/airflow_venv/lib/python3.10/site-packages/airflow/example_dags/example_short_circuit_operator.py
[2024-08-08T20:25:05.897+0400] {processor.py:839} INFO - DAG(s) dict_keys(['example_short_circuit_operator']) retrieved from /home/eduardo/airflow_venv/lib/python3.10/site-packages/airflow/example_dags/example_short_circuit_operator.py
[2024-08-08T20:25:05.909+0400] {logging_mixin.py:151} INFO - [2024-08-08T20:25:05.909+0400] {dag.py:2915} INFO - Sync 1 DAGs
[2024-08-08T20:25:05.922+0400] {logging_mixin.py:151} INFO - [2024-08-08T20:25:05.922+0400] {dag.py:3696} INFO - Setting next_dagrun for example_short_circuit_operator to 2024-08-07T16:25:05.922242+00:00, run_after=2024-08-08T16:25:05.922242+00:00
[2024-08-08T20:25:05.949+0400] {processor.py:179} INFO - Processing /home/eduardo/airflow_venv/lib/python3.10/site-packages/airflow/example_dags/example_short_circuit_operator.py took 0.062 seconds
[2024-08-08T20:25:37.263+0400] {processor.py:157} INFO - Started process (PID=7289) to work on /home/eduardo/airflow_venv/lib/python3.10/site-packages/airflow/example_dags/example_short_circuit_operator.py
[2024-08-08T20:25:37.264+0400] {processor.py:829} INFO - Processing file /home/eduardo/airflow_venv/lib/python3.10/site-packages/airflow/example_dags/example_short_circuit_operator.py for tasks to queue
[2024-08-08T20:25:37.264+0400] {logging_mixin.py:151} INFO - [2024-08-08T20:25:37.264+0400] {dagbag.py:539} INFO - Filling up the DagBag from /home/eduardo/airflow_venv/lib/python3.10/site-packages/airflow/example_dags/example_short_circuit_operator.py
[2024-08-08T20:25:37.271+0400] {processor.py:839} INFO - DAG(s) dict_keys(['example_short_circuit_operator']) retrieved from /home/eduardo/airflow_venv/lib/python3.10/site-packages/airflow/example_dags/example_short_circuit_operator.py
[2024-08-08T20:25:37.283+0400] {logging_mixin.py:151} INFO - [2024-08-08T20:25:37.283+0400] {dag.py:2915} INFO - Sync 1 DAGs
[2024-08-08T20:25:37.295+0400] {logging_mixin.py:151} INFO - [2024-08-08T20:25:37.295+0400] {dag.py:3696} INFO - Setting next_dagrun for example_short_circuit_operator to 2024-08-07T16:25:37.295318+00:00, run_after=2024-08-08T16:25:37.295318+00:00
[2024-08-08T20:25:37.321+0400] {processor.py:179} INFO - Processing /home/eduardo/airflow_venv/lib/python3.10/site-packages/airflow/example_dags/example_short_circuit_operator.py took 0.061 seconds
[2024-08-08T22:09:28.879+0400] {processor.py:157} INFO - Started process (PID=9312) to work on /home/eduardo/airflow_venv/lib/python3.10/site-packages/airflow/example_dags/example_short_circuit_operator.py
[2024-08-08T22:09:28.881+0400] {processor.py:829} INFO - Processing file /home/eduardo/airflow_venv/lib/python3.10/site-packages/airflow/example_dags/example_short_circuit_operator.py for tasks to queue
[2024-08-08T22:09:28.882+0400] {logging_mixin.py:151} INFO - [2024-08-08T22:09:28.882+0400] {dagbag.py:539} INFO - Filling up the DagBag from /home/eduardo/airflow_venv/lib/python3.10/site-packages/airflow/example_dags/example_short_circuit_operator.py
[2024-08-08T22:09:28.904+0400] {processor.py:839} INFO - DAG(s) dict_keys(['example_short_circuit_operator']) retrieved from /home/eduardo/airflow_venv/lib/python3.10/site-packages/airflow/example_dags/example_short_circuit_operator.py
[2024-08-08T22:09:28.939+0400] {logging_mixin.py:151} INFO - [2024-08-08T22:09:28.939+0400] {dag.py:2915} INFO - Sync 1 DAGs
[2024-08-08T22:09:28.957+0400] {logging_mixin.py:151} INFO - [2024-08-08T22:09:28.957+0400] {dag.py:3696} INFO - Setting next_dagrun for example_short_circuit_operator to 2024-08-07T18:09:28.957084+00:00, run_after=2024-08-08T18:09:28.957084+00:00
[2024-08-08T22:09:28.987+0400] {processor.py:179} INFO - Processing /home/eduardo/airflow_venv/lib/python3.10/site-packages/airflow/example_dags/example_short_circuit_operator.py took 0.111 seconds
[2024-08-08T22:10:17.732+0400] {processor.py:157} INFO - Started process (PID=9927) to work on /home/eduardo/airflow_venv/lib/python3.10/site-packages/airflow/example_dags/example_short_circuit_operator.py
[2024-08-08T22:10:17.735+0400] {processor.py:829} INFO - Processing file /home/eduardo/airflow_venv/lib/python3.10/site-packages/airflow/example_dags/example_short_circuit_operator.py for tasks to queue
[2024-08-08T22:10:17.736+0400] {logging_mixin.py:151} INFO - [2024-08-08T22:10:17.736+0400] {dagbag.py:539} INFO - Filling up the DagBag from /home/eduardo/airflow_venv/lib/python3.10/site-packages/airflow/example_dags/example_short_circuit_operator.py
[2024-08-08T22:10:17.743+0400] {processor.py:839} INFO - DAG(s) dict_keys(['example_short_circuit_operator']) retrieved from /home/eduardo/airflow_venv/lib/python3.10/site-packages/airflow/example_dags/example_short_circuit_operator.py
[2024-08-08T22:10:17.763+0400] {logging_mixin.py:151} INFO - [2024-08-08T22:10:17.762+0400] {dag.py:2915} INFO - Sync 1 DAGs
[2024-08-08T22:10:17.783+0400] {logging_mixin.py:151} INFO - [2024-08-08T22:10:17.782+0400] {dag.py:3696} INFO - Setting next_dagrun for example_short_circuit_operator to 2024-08-07T18:10:17.782612+00:00, run_after=2024-08-08T18:10:17.782612+00:00
[2024-08-08T22:10:17.817+0400] {processor.py:179} INFO - Processing /home/eduardo/airflow_venv/lib/python3.10/site-packages/airflow/example_dags/example_short_circuit_operator.py took 0.089 seconds
[2024-08-08T22:10:51.090+0400] {processor.py:157} INFO - Started process (PID=10238) to work on /home/eduardo/airflow_venv/lib/python3.10/site-packages/airflow/example_dags/example_short_circuit_operator.py
[2024-08-08T22:10:51.092+0400] {processor.py:829} INFO - Processing file /home/eduardo/airflow_venv/lib/python3.10/site-packages/airflow/example_dags/example_short_circuit_operator.py for tasks to queue
[2024-08-08T22:10:51.093+0400] {logging_mixin.py:151} INFO - [2024-08-08T22:10:51.093+0400] {dagbag.py:539} INFO - Filling up the DagBag from /home/eduardo/airflow_venv/lib/python3.10/site-packages/airflow/example_dags/example_short_circuit_operator.py
[2024-08-08T22:10:51.100+0400] {processor.py:839} INFO - DAG(s) dict_keys(['example_short_circuit_operator']) retrieved from /home/eduardo/airflow_venv/lib/python3.10/site-packages/airflow/example_dags/example_short_circuit_operator.py
[2024-08-08T22:10:51.115+0400] {logging_mixin.py:151} INFO - [2024-08-08T22:10:51.114+0400] {dag.py:2915} INFO - Sync 1 DAGs
[2024-08-08T22:10:51.130+0400] {logging_mixin.py:151} INFO - [2024-08-08T22:10:51.129+0400] {dag.py:3696} INFO - Setting next_dagrun for example_short_circuit_operator to 2024-08-07T18:10:51.129686+00:00, run_after=2024-08-08T18:10:51.129686+00:00
[2024-08-08T22:10:51.158+0400] {processor.py:179} INFO - Processing /home/eduardo/airflow_venv/lib/python3.10/site-packages/airflow/example_dags/example_short_circuit_operator.py took 0.072 seconds
[2024-08-08T22:11:28.753+0400] {processor.py:157} INFO - Started process (PID=10664) to work on /home/eduardo/airflow_venv/lib/python3.10/site-packages/airflow/example_dags/example_short_circuit_operator.py
[2024-08-08T22:11:28.756+0400] {processor.py:829} INFO - Processing file /home/eduardo/airflow_venv/lib/python3.10/site-packages/airflow/example_dags/example_short_circuit_operator.py for tasks to queue
[2024-08-08T22:11:28.758+0400] {logging_mixin.py:151} INFO - [2024-08-08T22:11:28.758+0400] {dagbag.py:539} INFO - Filling up the DagBag from /home/eduardo/airflow_venv/lib/python3.10/site-packages/airflow/example_dags/example_short_circuit_operator.py
[2024-08-08T22:11:28.780+0400] {processor.py:839} INFO - DAG(s) dict_keys(['example_short_circuit_operator']) retrieved from /home/eduardo/airflow_venv/lib/python3.10/site-packages/airflow/example_dags/example_short_circuit_operator.py
[2024-08-08T22:11:28.813+0400] {logging_mixin.py:151} INFO - [2024-08-08T22:11:28.813+0400] {dag.py:2915} INFO - Sync 1 DAGs
[2024-08-08T22:11:28.841+0400] {logging_mixin.py:151} INFO - [2024-08-08T22:11:28.841+0400] {dag.py:3696} INFO - Setting next_dagrun for example_short_circuit_operator to 2024-08-07T18:11:28.841138+00:00, run_after=2024-08-08T18:11:28.841138+00:00
[2024-08-08T22:11:28.908+0400] {processor.py:179} INFO - Processing /home/eduardo/airflow_venv/lib/python3.10/site-packages/airflow/example_dags/example_short_circuit_operator.py took 0.161 seconds
[2024-08-08T22:12:02.201+0400] {processor.py:157} INFO - Started process (PID=10958) to work on /home/eduardo/airflow_venv/lib/python3.10/site-packages/airflow/example_dags/example_short_circuit_operator.py
[2024-08-08T22:12:02.204+0400] {processor.py:829} INFO - Processing file /home/eduardo/airflow_venv/lib/python3.10/site-packages/airflow/example_dags/example_short_circuit_operator.py for tasks to queue
[2024-08-08T22:12:02.206+0400] {logging_mixin.py:151} INFO - [2024-08-08T22:12:02.205+0400] {dagbag.py:539} INFO - Filling up the DagBag from /home/eduardo/airflow_venv/lib/python3.10/site-packages/airflow/example_dags/example_short_circuit_operator.py
[2024-08-08T22:12:02.218+0400] {processor.py:839} INFO - DAG(s) dict_keys(['example_short_circuit_operator']) retrieved from /home/eduardo/airflow_venv/lib/python3.10/site-packages/airflow/example_dags/example_short_circuit_operator.py
[2024-08-08T22:12:02.241+0400] {logging_mixin.py:151} INFO - [2024-08-08T22:12:02.241+0400] {dag.py:2915} INFO - Sync 1 DAGs
[2024-08-08T22:12:02.270+0400] {logging_mixin.py:151} INFO - [2024-08-08T22:12:02.270+0400] {dag.py:3696} INFO - Setting next_dagrun for example_short_circuit_operator to 2024-08-07T18:12:02.269920+00:00, run_after=2024-08-08T18:12:02.269920+00:00
[2024-08-08T22:12:02.313+0400] {processor.py:179} INFO - Processing /home/eduardo/airflow_venv/lib/python3.10/site-packages/airflow/example_dags/example_short_circuit_operator.py took 0.117 seconds
[2024-08-08T22:12:36.106+0400] {processor.py:157} INFO - Started process (PID=11218) to work on /home/eduardo/airflow_venv/lib/python3.10/site-packages/airflow/example_dags/example_short_circuit_operator.py
[2024-08-08T22:12:36.110+0400] {processor.py:829} INFO - Processing file /home/eduardo/airflow_venv/lib/python3.10/site-packages/airflow/example_dags/example_short_circuit_operator.py for tasks to queue
[2024-08-08T22:12:36.112+0400] {logging_mixin.py:151} INFO - [2024-08-08T22:12:36.111+0400] {dagbag.py:539} INFO - Filling up the DagBag from /home/eduardo/airflow_venv/lib/python3.10/site-packages/airflow/example_dags/example_short_circuit_operator.py
[2024-08-08T22:12:36.122+0400] {processor.py:839} INFO - DAG(s) dict_keys(['example_short_circuit_operator']) retrieved from /home/eduardo/airflow_venv/lib/python3.10/site-packages/airflow/example_dags/example_short_circuit_operator.py
[2024-08-08T22:12:36.149+0400] {logging_mixin.py:151} INFO - [2024-08-08T22:12:36.149+0400] {dag.py:2915} INFO - Sync 1 DAGs
[2024-08-08T22:12:36.169+0400] {logging_mixin.py:151} INFO - [2024-08-08T22:12:36.169+0400] {dag.py:3696} INFO - Setting next_dagrun for example_short_circuit_operator to 2024-08-07T18:12:36.169138+00:00, run_after=2024-08-08T18:12:36.169138+00:00
[2024-08-08T22:12:36.214+0400] {processor.py:179} INFO - Processing /home/eduardo/airflow_venv/lib/python3.10/site-packages/airflow/example_dags/example_short_circuit_operator.py took 0.112 seconds
[2024-08-08T22:13:08.709+0400] {processor.py:157} INFO - Started process (PID=11467) to work on /home/eduardo/airflow_venv/lib/python3.10/site-packages/airflow/example_dags/example_short_circuit_operator.py
[2024-08-08T22:13:08.712+0400] {processor.py:829} INFO - Processing file /home/eduardo/airflow_venv/lib/python3.10/site-packages/airflow/example_dags/example_short_circuit_operator.py for tasks to queue
[2024-08-08T22:13:08.713+0400] {logging_mixin.py:151} INFO - [2024-08-08T22:13:08.713+0400] {dagbag.py:539} INFO - Filling up the DagBag from /home/eduardo/airflow_venv/lib/python3.10/site-packages/airflow/example_dags/example_short_circuit_operator.py
[2024-08-08T22:13:08.722+0400] {processor.py:839} INFO - DAG(s) dict_keys(['example_short_circuit_operator']) retrieved from /home/eduardo/airflow_venv/lib/python3.10/site-packages/airflow/example_dags/example_short_circuit_operator.py
[2024-08-08T22:13:08.740+0400] {logging_mixin.py:151} INFO - [2024-08-08T22:13:08.740+0400] {dag.py:2915} INFO - Sync 1 DAGs
[2024-08-08T22:13:08.758+0400] {logging_mixin.py:151} INFO - [2024-08-08T22:13:08.758+0400] {dag.py:3696} INFO - Setting next_dagrun for example_short_circuit_operator to 2024-08-07T18:13:08.757957+00:00, run_after=2024-08-08T18:13:08.757957+00:00
[2024-08-08T22:13:08.789+0400] {processor.py:179} INFO - Processing /home/eduardo/airflow_venv/lib/python3.10/site-packages/airflow/example_dags/example_short_circuit_operator.py took 0.083 seconds
[2024-08-08T22:13:40.127+0400] {processor.py:157} INFO - Started process (PID=11779) to work on /home/eduardo/airflow_venv/lib/python3.10/site-packages/airflow/example_dags/example_short_circuit_operator.py
[2024-08-08T22:13:40.130+0400] {processor.py:829} INFO - Processing file /home/eduardo/airflow_venv/lib/python3.10/site-packages/airflow/example_dags/example_short_circuit_operator.py for tasks to queue
[2024-08-08T22:13:40.130+0400] {logging_mixin.py:151} INFO - [2024-08-08T22:13:40.130+0400] {dagbag.py:539} INFO - Filling up the DagBag from /home/eduardo/airflow_venv/lib/python3.10/site-packages/airflow/example_dags/example_short_circuit_operator.py
[2024-08-08T22:13:40.138+0400] {processor.py:839} INFO - DAG(s) dict_keys(['example_short_circuit_operator']) retrieved from /home/eduardo/airflow_venv/lib/python3.10/site-packages/airflow/example_dags/example_short_circuit_operator.py
[2024-08-08T22:13:40.152+0400] {logging_mixin.py:151} INFO - [2024-08-08T22:13:40.152+0400] {dag.py:2915} INFO - Sync 1 DAGs
[2024-08-08T22:13:40.168+0400] {logging_mixin.py:151} INFO - [2024-08-08T22:13:40.168+0400] {dag.py:3696} INFO - Setting next_dagrun for example_short_circuit_operator to 2024-08-07T18:13:40.167842+00:00, run_after=2024-08-08T18:13:40.167842+00:00
[2024-08-08T22:13:40.206+0400] {processor.py:179} INFO - Processing /home/eduardo/airflow_venv/lib/python3.10/site-packages/airflow/example_dags/example_short_circuit_operator.py took 0.082 seconds
[2024-08-08T22:14:27.218+0400] {processor.py:157} INFO - Started process (PID=12337) to work on /home/eduardo/airflow_venv/lib/python3.10/site-packages/airflow/example_dags/example_short_circuit_operator.py
[2024-08-08T22:14:27.221+0400] {processor.py:829} INFO - Processing file /home/eduardo/airflow_venv/lib/python3.10/site-packages/airflow/example_dags/example_short_circuit_operator.py for tasks to queue
[2024-08-08T22:14:27.222+0400] {logging_mixin.py:151} INFO - [2024-08-08T22:14:27.222+0400] {dagbag.py:539} INFO - Filling up the DagBag from /home/eduardo/airflow_venv/lib/python3.10/site-packages/airflow/example_dags/example_short_circuit_operator.py
[2024-08-08T22:14:27.229+0400] {processor.py:839} INFO - DAG(s) dict_keys(['example_short_circuit_operator']) retrieved from /home/eduardo/airflow_venv/lib/python3.10/site-packages/airflow/example_dags/example_short_circuit_operator.py
[2024-08-08T22:14:27.237+0400] {logging_mixin.py:151} INFO - [2024-08-08T22:14:27.237+0400] {dag.py:2915} INFO - Sync 1 DAGs
[2024-08-08T22:14:27.254+0400] {logging_mixin.py:151} INFO - [2024-08-08T22:14:27.254+0400] {dag.py:3696} INFO - Setting next_dagrun for example_short_circuit_operator to 2024-08-07T18:14:27.254023+00:00, run_after=2024-08-08T18:14:27.254023+00:00
[2024-08-08T22:14:27.284+0400] {processor.py:179} INFO - Processing /home/eduardo/airflow_venv/lib/python3.10/site-packages/airflow/example_dags/example_short_circuit_operator.py took 0.069 seconds
[2024-08-08T22:15:02.133+0400] {processor.py:157} INFO - Started process (PID=12638) to work on /home/eduardo/airflow_venv/lib/python3.10/site-packages/airflow/example_dags/example_short_circuit_operator.py
[2024-08-08T22:15:02.137+0400] {processor.py:829} INFO - Processing file /home/eduardo/airflow_venv/lib/python3.10/site-packages/airflow/example_dags/example_short_circuit_operator.py for tasks to queue
[2024-08-08T22:15:02.139+0400] {logging_mixin.py:151} INFO - [2024-08-08T22:15:02.138+0400] {dagbag.py:539} INFO - Filling up the DagBag from /home/eduardo/airflow_venv/lib/python3.10/site-packages/airflow/example_dags/example_short_circuit_operator.py
[2024-08-08T22:15:02.156+0400] {processor.py:839} INFO - DAG(s) dict_keys(['example_short_circuit_operator']) retrieved from /home/eduardo/airflow_venv/lib/python3.10/site-packages/airflow/example_dags/example_short_circuit_operator.py
[2024-08-08T22:15:02.180+0400] {logging_mixin.py:151} INFO - [2024-08-08T22:15:02.180+0400] {dag.py:2915} INFO - Sync 1 DAGs
[2024-08-08T22:15:02.218+0400] {logging_mixin.py:151} INFO - [2024-08-08T22:15:02.218+0400] {dag.py:3696} INFO - Setting next_dagrun for example_short_circuit_operator to 2024-08-07T18:15:02.216987+00:00, run_after=2024-08-08T18:15:02.216987+00:00
[2024-08-08T22:15:02.274+0400] {processor.py:179} INFO - Processing /home/eduardo/airflow_venv/lib/python3.10/site-packages/airflow/example_dags/example_short_circuit_operator.py took 0.146 seconds
[2024-08-08T22:15:37.003+0400] {processor.py:157} INFO - Started process (PID=12963) to work on /home/eduardo/airflow_venv/lib/python3.10/site-packages/airflow/example_dags/example_short_circuit_operator.py
[2024-08-08T22:15:37.007+0400] {processor.py:829} INFO - Processing file /home/eduardo/airflow_venv/lib/python3.10/site-packages/airflow/example_dags/example_short_circuit_operator.py for tasks to queue
[2024-08-08T22:15:37.008+0400] {logging_mixin.py:151} INFO - [2024-08-08T22:15:37.008+0400] {dagbag.py:539} INFO - Filling up the DagBag from /home/eduardo/airflow_venv/lib/python3.10/site-packages/airflow/example_dags/example_short_circuit_operator.py
[2024-08-08T22:15:37.018+0400] {processor.py:839} INFO - DAG(s) dict_keys(['example_short_circuit_operator']) retrieved from /home/eduardo/airflow_venv/lib/python3.10/site-packages/airflow/example_dags/example_short_circuit_operator.py
[2024-08-08T22:15:37.033+0400] {logging_mixin.py:151} INFO - [2024-08-08T22:15:37.032+0400] {dag.py:2915} INFO - Sync 1 DAGs
[2024-08-08T22:15:37.048+0400] {logging_mixin.py:151} INFO - [2024-08-08T22:15:37.048+0400] {dag.py:3696} INFO - Setting next_dagrun for example_short_circuit_operator to 2024-08-07T18:15:37.047828+00:00, run_after=2024-08-08T18:15:37.047828+00:00
[2024-08-08T22:15:37.080+0400] {processor.py:179} INFO - Processing /home/eduardo/airflow_venv/lib/python3.10/site-packages/airflow/example_dags/example_short_circuit_operator.py took 0.079 seconds
[2024-08-08T22:16:10.708+0400] {processor.py:157} INFO - Started process (PID=13259) to work on /home/eduardo/airflow_venv/lib/python3.10/site-packages/airflow/example_dags/example_short_circuit_operator.py
[2024-08-08T22:16:10.709+0400] {processor.py:829} INFO - Processing file /home/eduardo/airflow_venv/lib/python3.10/site-packages/airflow/example_dags/example_short_circuit_operator.py for tasks to queue
[2024-08-08T22:16:10.710+0400] {logging_mixin.py:151} INFO - [2024-08-08T22:16:10.709+0400] {dagbag.py:539} INFO - Filling up the DagBag from /home/eduardo/airflow_venv/lib/python3.10/site-packages/airflow/example_dags/example_short_circuit_operator.py
[2024-08-08T22:16:10.717+0400] {processor.py:839} INFO - DAG(s) dict_keys(['example_short_circuit_operator']) retrieved from /home/eduardo/airflow_venv/lib/python3.10/site-packages/airflow/example_dags/example_short_circuit_operator.py
[2024-08-08T22:16:10.733+0400] {logging_mixin.py:151} INFO - [2024-08-08T22:16:10.733+0400] {dag.py:2915} INFO - Sync 1 DAGs
[2024-08-08T22:16:10.749+0400] {logging_mixin.py:151} INFO - [2024-08-08T22:16:10.748+0400] {dag.py:3696} INFO - Setting next_dagrun for example_short_circuit_operator to 2024-08-07T18:16:10.748368+00:00, run_after=2024-08-08T18:16:10.748368+00:00
[2024-08-08T22:16:10.779+0400] {processor.py:179} INFO - Processing /home/eduardo/airflow_venv/lib/python3.10/site-packages/airflow/example_dags/example_short_circuit_operator.py took 0.074 seconds
[2024-08-08T22:16:43.114+0400] {processor.py:157} INFO - Started process (PID=13512) to work on /home/eduardo/airflow_venv/lib/python3.10/site-packages/airflow/example_dags/example_short_circuit_operator.py
[2024-08-08T22:16:43.116+0400] {processor.py:829} INFO - Processing file /home/eduardo/airflow_venv/lib/python3.10/site-packages/airflow/example_dags/example_short_circuit_operator.py for tasks to queue
[2024-08-08T22:16:43.118+0400] {logging_mixin.py:151} INFO - [2024-08-08T22:16:43.117+0400] {dagbag.py:539} INFO - Filling up the DagBag from /home/eduardo/airflow_venv/lib/python3.10/site-packages/airflow/example_dags/example_short_circuit_operator.py
[2024-08-08T22:16:43.130+0400] {processor.py:839} INFO - DAG(s) dict_keys(['example_short_circuit_operator']) retrieved from /home/eduardo/airflow_venv/lib/python3.10/site-packages/airflow/example_dags/example_short_circuit_operator.py
[2024-08-08T22:16:43.151+0400] {logging_mixin.py:151} INFO - [2024-08-08T22:16:43.151+0400] {dag.py:2915} INFO - Sync 1 DAGs
[2024-08-08T22:16:43.174+0400] {logging_mixin.py:151} INFO - [2024-08-08T22:16:43.174+0400] {dag.py:3696} INFO - Setting next_dagrun for example_short_circuit_operator to 2024-08-07T18:16:43.173764+00:00, run_after=2024-08-08T18:16:43.173764+00:00
[2024-08-08T22:16:43.213+0400] {processor.py:179} INFO - Processing /home/eduardo/airflow_venv/lib/python3.10/site-packages/airflow/example_dags/example_short_circuit_operator.py took 0.103 seconds
[2024-08-08T22:17:19.180+0400] {processor.py:157} INFO - Started process (PID=13990) to work on /home/eduardo/airflow_venv/lib/python3.10/site-packages/airflow/example_dags/example_short_circuit_operator.py
[2024-08-08T22:17:19.183+0400] {processor.py:829} INFO - Processing file /home/eduardo/airflow_venv/lib/python3.10/site-packages/airflow/example_dags/example_short_circuit_operator.py for tasks to queue
[2024-08-08T22:17:19.184+0400] {logging_mixin.py:151} INFO - [2024-08-08T22:17:19.184+0400] {dagbag.py:539} INFO - Filling up the DagBag from /home/eduardo/airflow_venv/lib/python3.10/site-packages/airflow/example_dags/example_short_circuit_operator.py
[2024-08-08T22:17:19.196+0400] {processor.py:839} INFO - DAG(s) dict_keys(['example_short_circuit_operator']) retrieved from /home/eduardo/airflow_venv/lib/python3.10/site-packages/airflow/example_dags/example_short_circuit_operator.py
[2024-08-08T22:17:19.217+0400] {logging_mixin.py:151} INFO - [2024-08-08T22:17:19.217+0400] {dag.py:2915} INFO - Sync 1 DAGs
[2024-08-08T22:17:19.234+0400] {logging_mixin.py:151} INFO - [2024-08-08T22:17:19.233+0400] {dag.py:3696} INFO - Setting next_dagrun for example_short_circuit_operator to 2024-08-07T18:17:19.233578+00:00, run_after=2024-08-08T18:17:19.233578+00:00
[2024-08-08T22:17:19.266+0400] {processor.py:179} INFO - Processing /home/eduardo/airflow_venv/lib/python3.10/site-packages/airflow/example_dags/example_short_circuit_operator.py took 0.090 seconds
[2024-08-08T22:17:54.806+0400] {processor.py:157} INFO - Started process (PID=14266) to work on /home/eduardo/airflow_venv/lib/python3.10/site-packages/airflow/example_dags/example_short_circuit_operator.py
[2024-08-08T22:17:54.808+0400] {processor.py:829} INFO - Processing file /home/eduardo/airflow_venv/lib/python3.10/site-packages/airflow/example_dags/example_short_circuit_operator.py for tasks to queue
[2024-08-08T22:17:54.809+0400] {logging_mixin.py:151} INFO - [2024-08-08T22:17:54.808+0400] {dagbag.py:539} INFO - Filling up the DagBag from /home/eduardo/airflow_venv/lib/python3.10/site-packages/airflow/example_dags/example_short_circuit_operator.py
[2024-08-08T22:17:54.821+0400] {processor.py:839} INFO - DAG(s) dict_keys(['example_short_circuit_operator']) retrieved from /home/eduardo/airflow_venv/lib/python3.10/site-packages/airflow/example_dags/example_short_circuit_operator.py
[2024-08-08T22:17:54.842+0400] {logging_mixin.py:151} INFO - [2024-08-08T22:17:54.842+0400] {dag.py:2915} INFO - Sync 1 DAGs
[2024-08-08T22:17:54.871+0400] {logging_mixin.py:151} INFO - [2024-08-08T22:17:54.870+0400] {dag.py:3696} INFO - Setting next_dagrun for example_short_circuit_operator to 2024-08-07T18:17:54.870263+00:00, run_after=2024-08-08T18:17:54.870263+00:00
[2024-08-08T22:17:54.908+0400] {processor.py:179} INFO - Processing /home/eduardo/airflow_venv/lib/python3.10/site-packages/airflow/example_dags/example_short_circuit_operator.py took 0.105 seconds
[2024-08-08T22:18:28.974+0400] {processor.py:157} INFO - Started process (PID=14536) to work on /home/eduardo/airflow_venv/lib/python3.10/site-packages/airflow/example_dags/example_short_circuit_operator.py
[2024-08-08T22:18:28.977+0400] {processor.py:829} INFO - Processing file /home/eduardo/airflow_venv/lib/python3.10/site-packages/airflow/example_dags/example_short_circuit_operator.py for tasks to queue
[2024-08-08T22:18:28.978+0400] {logging_mixin.py:151} INFO - [2024-08-08T22:18:28.978+0400] {dagbag.py:539} INFO - Filling up the DagBag from /home/eduardo/airflow_venv/lib/python3.10/site-packages/airflow/example_dags/example_short_circuit_operator.py
[2024-08-08T22:18:28.992+0400] {processor.py:839} INFO - DAG(s) dict_keys(['example_short_circuit_operator']) retrieved from /home/eduardo/airflow_venv/lib/python3.10/site-packages/airflow/example_dags/example_short_circuit_operator.py
[2024-08-08T22:18:29.009+0400] {logging_mixin.py:151} INFO - [2024-08-08T22:18:29.009+0400] {dag.py:2915} INFO - Sync 1 DAGs
[2024-08-08T22:18:29.023+0400] {logging_mixin.py:151} INFO - [2024-08-08T22:18:29.022+0400] {dag.py:3696} INFO - Setting next_dagrun for example_short_circuit_operator to 2024-08-07T18:18:29.022790+00:00, run_after=2024-08-08T18:18:29.022790+00:00
[2024-08-08T22:18:29.057+0400] {processor.py:179} INFO - Processing /home/eduardo/airflow_venv/lib/python3.10/site-packages/airflow/example_dags/example_short_circuit_operator.py took 0.086 seconds
[2024-08-08T22:19:06.262+0400] {processor.py:157} INFO - Started process (PID=14827) to work on /home/eduardo/airflow_venv/lib/python3.10/site-packages/airflow/example_dags/example_short_circuit_operator.py
[2024-08-08T22:19:06.265+0400] {processor.py:829} INFO - Processing file /home/eduardo/airflow_venv/lib/python3.10/site-packages/airflow/example_dags/example_short_circuit_operator.py for tasks to queue
[2024-08-08T22:19:06.266+0400] {logging_mixin.py:151} INFO - [2024-08-08T22:19:06.266+0400] {dagbag.py:539} INFO - Filling up the DagBag from /home/eduardo/airflow_venv/lib/python3.10/site-packages/airflow/example_dags/example_short_circuit_operator.py
[2024-08-08T22:19:06.274+0400] {processor.py:839} INFO - DAG(s) dict_keys(['example_short_circuit_operator']) retrieved from /home/eduardo/airflow_venv/lib/python3.10/site-packages/airflow/example_dags/example_short_circuit_operator.py
[2024-08-08T22:19:06.292+0400] {logging_mixin.py:151} INFO - [2024-08-08T22:19:06.291+0400] {dag.py:2915} INFO - Sync 1 DAGs
[2024-08-08T22:19:06.309+0400] {logging_mixin.py:151} INFO - [2024-08-08T22:19:06.309+0400] {dag.py:3696} INFO - Setting next_dagrun for example_short_circuit_operator to 2024-08-07T18:19:06.309254+00:00, run_after=2024-08-08T18:19:06.309254+00:00
[2024-08-08T22:19:06.347+0400] {processor.py:179} INFO - Processing /home/eduardo/airflow_venv/lib/python3.10/site-packages/airflow/example_dags/example_short_circuit_operator.py took 0.089 seconds
[2024-08-08T22:19:39.204+0400] {processor.py:157} INFO - Started process (PID=15106) to work on /home/eduardo/airflow_venv/lib/python3.10/site-packages/airflow/example_dags/example_short_circuit_operator.py
[2024-08-08T22:19:39.208+0400] {processor.py:829} INFO - Processing file /home/eduardo/airflow_venv/lib/python3.10/site-packages/airflow/example_dags/example_short_circuit_operator.py for tasks to queue
[2024-08-08T22:19:39.209+0400] {logging_mixin.py:151} INFO - [2024-08-08T22:19:39.208+0400] {dagbag.py:539} INFO - Filling up the DagBag from /home/eduardo/airflow_venv/lib/python3.10/site-packages/airflow/example_dags/example_short_circuit_operator.py
[2024-08-08T22:19:39.220+0400] {processor.py:839} INFO - DAG(s) dict_keys(['example_short_circuit_operator']) retrieved from /home/eduardo/airflow_venv/lib/python3.10/site-packages/airflow/example_dags/example_short_circuit_operator.py
[2024-08-08T22:19:39.235+0400] {logging_mixin.py:151} INFO - [2024-08-08T22:19:39.235+0400] {dag.py:2915} INFO - Sync 1 DAGs
[2024-08-08T22:19:39.253+0400] {logging_mixin.py:151} INFO - [2024-08-08T22:19:39.252+0400] {dag.py:3696} INFO - Setting next_dagrun for example_short_circuit_operator to 2024-08-07T18:19:39.252707+00:00, run_after=2024-08-08T18:19:39.252707+00:00
[2024-08-08T22:19:39.284+0400] {processor.py:179} INFO - Processing /home/eduardo/airflow_venv/lib/python3.10/site-packages/airflow/example_dags/example_short_circuit_operator.py took 0.085 seconds
[2024-08-08T22:20:12.137+0400] {processor.py:157} INFO - Started process (PID=15361) to work on /home/eduardo/airflow_venv/lib/python3.10/site-packages/airflow/example_dags/example_short_circuit_operator.py
[2024-08-08T22:20:12.139+0400] {processor.py:829} INFO - Processing file /home/eduardo/airflow_venv/lib/python3.10/site-packages/airflow/example_dags/example_short_circuit_operator.py for tasks to queue
[2024-08-08T22:20:12.140+0400] {logging_mixin.py:151} INFO - [2024-08-08T22:20:12.140+0400] {dagbag.py:539} INFO - Filling up the DagBag from /home/eduardo/airflow_venv/lib/python3.10/site-packages/airflow/example_dags/example_short_circuit_operator.py
[2024-08-08T22:20:12.148+0400] {processor.py:839} INFO - DAG(s) dict_keys(['example_short_circuit_operator']) retrieved from /home/eduardo/airflow_venv/lib/python3.10/site-packages/airflow/example_dags/example_short_circuit_operator.py
[2024-08-08T22:20:12.165+0400] {logging_mixin.py:151} INFO - [2024-08-08T22:20:12.164+0400] {dag.py:2915} INFO - Sync 1 DAGs
[2024-08-08T22:20:12.181+0400] {logging_mixin.py:151} INFO - [2024-08-08T22:20:12.181+0400] {dag.py:3696} INFO - Setting next_dagrun for example_short_circuit_operator to 2024-08-07T18:20:12.180897+00:00, run_after=2024-08-08T18:20:12.180897+00:00
[2024-08-08T22:20:12.213+0400] {processor.py:179} INFO - Processing /home/eduardo/airflow_venv/lib/python3.10/site-packages/airflow/example_dags/example_short_circuit_operator.py took 0.079 seconds
[2024-08-08T22:20:47.156+0400] {processor.py:157} INFO - Started process (PID=15638) to work on /home/eduardo/airflow_venv/lib/python3.10/site-packages/airflow/example_dags/example_short_circuit_operator.py
[2024-08-08T22:20:47.157+0400] {processor.py:829} INFO - Processing file /home/eduardo/airflow_venv/lib/python3.10/site-packages/airflow/example_dags/example_short_circuit_operator.py for tasks to queue
[2024-08-08T22:20:47.158+0400] {logging_mixin.py:151} INFO - [2024-08-08T22:20:47.157+0400] {dagbag.py:539} INFO - Filling up the DagBag from /home/eduardo/airflow_venv/lib/python3.10/site-packages/airflow/example_dags/example_short_circuit_operator.py
[2024-08-08T22:20:47.165+0400] {processor.py:839} INFO - DAG(s) dict_keys(['example_short_circuit_operator']) retrieved from /home/eduardo/airflow_venv/lib/python3.10/site-packages/airflow/example_dags/example_short_circuit_operator.py
[2024-08-08T22:20:47.179+0400] {logging_mixin.py:151} INFO - [2024-08-08T22:20:47.179+0400] {dag.py:2915} INFO - Sync 1 DAGs
[2024-08-08T22:20:47.195+0400] {logging_mixin.py:151} INFO - [2024-08-08T22:20:47.194+0400] {dag.py:3696} INFO - Setting next_dagrun for example_short_circuit_operator to 2024-08-07T18:20:47.194817+00:00, run_after=2024-08-08T18:20:47.194817+00:00
[2024-08-08T22:20:47.223+0400] {processor.py:179} INFO - Processing /home/eduardo/airflow_venv/lib/python3.10/site-packages/airflow/example_dags/example_short_circuit_operator.py took 0.070 seconds
[2024-08-08T22:21:20.519+0400] {processor.py:157} INFO - Started process (PID=15973) to work on /home/eduardo/airflow_venv/lib/python3.10/site-packages/airflow/example_dags/example_short_circuit_operator.py
[2024-08-08T22:21:20.520+0400] {processor.py:829} INFO - Processing file /home/eduardo/airflow_venv/lib/python3.10/site-packages/airflow/example_dags/example_short_circuit_operator.py for tasks to queue
[2024-08-08T22:21:20.520+0400] {logging_mixin.py:151} INFO - [2024-08-08T22:21:20.520+0400] {dagbag.py:539} INFO - Filling up the DagBag from /home/eduardo/airflow_venv/lib/python3.10/site-packages/airflow/example_dags/example_short_circuit_operator.py
[2024-08-08T22:21:20.527+0400] {processor.py:839} INFO - DAG(s) dict_keys(['example_short_circuit_operator']) retrieved from /home/eduardo/airflow_venv/lib/python3.10/site-packages/airflow/example_dags/example_short_circuit_operator.py
[2024-08-08T22:21:20.540+0400] {logging_mixin.py:151} INFO - [2024-08-08T22:21:20.540+0400] {dag.py:2915} INFO - Sync 1 DAGs
[2024-08-08T22:21:20.557+0400] {logging_mixin.py:151} INFO - [2024-08-08T22:21:20.557+0400] {dag.py:3696} INFO - Setting next_dagrun for example_short_circuit_operator to 2024-08-07T18:21:20.556906+00:00, run_after=2024-08-08T18:21:20.556906+00:00
[2024-08-08T22:21:20.590+0400] {processor.py:179} INFO - Processing /home/eduardo/airflow_venv/lib/python3.10/site-packages/airflow/example_dags/example_short_circuit_operator.py took 0.074 seconds
[2024-08-08T22:21:56.929+0400] {processor.py:157} INFO - Started process (PID=16302) to work on /home/eduardo/airflow_venv/lib/python3.10/site-packages/airflow/example_dags/example_short_circuit_operator.py
[2024-08-08T22:21:56.931+0400] {processor.py:829} INFO - Processing file /home/eduardo/airflow_venv/lib/python3.10/site-packages/airflow/example_dags/example_short_circuit_operator.py for tasks to queue
[2024-08-08T22:21:56.932+0400] {logging_mixin.py:151} INFO - [2024-08-08T22:21:56.932+0400] {dagbag.py:539} INFO - Filling up the DagBag from /home/eduardo/airflow_venv/lib/python3.10/site-packages/airflow/example_dags/example_short_circuit_operator.py
[2024-08-08T22:21:56.939+0400] {processor.py:839} INFO - DAG(s) dict_keys(['example_short_circuit_operator']) retrieved from /home/eduardo/airflow_venv/lib/python3.10/site-packages/airflow/example_dags/example_short_circuit_operator.py
[2024-08-08T22:21:56.952+0400] {logging_mixin.py:151} INFO - [2024-08-08T22:21:56.952+0400] {dag.py:2915} INFO - Sync 1 DAGs
[2024-08-08T22:21:56.967+0400] {logging_mixin.py:151} INFO - [2024-08-08T22:21:56.966+0400] {dag.py:3696} INFO - Setting next_dagrun for example_short_circuit_operator to 2024-08-07T18:21:56.966580+00:00, run_after=2024-08-08T18:21:56.966580+00:00
[2024-08-08T22:21:56.991+0400] {processor.py:179} INFO - Processing /home/eduardo/airflow_venv/lib/python3.10/site-packages/airflow/example_dags/example_short_circuit_operator.py took 0.065 seconds
[2024-08-08T22:22:31.249+0400] {processor.py:157} INFO - Started process (PID=16565) to work on /home/eduardo/airflow_venv/lib/python3.10/site-packages/airflow/example_dags/example_short_circuit_operator.py
[2024-08-08T22:22:31.251+0400] {processor.py:829} INFO - Processing file /home/eduardo/airflow_venv/lib/python3.10/site-packages/airflow/example_dags/example_short_circuit_operator.py for tasks to queue
[2024-08-08T22:22:31.252+0400] {logging_mixin.py:151} INFO - [2024-08-08T22:22:31.252+0400] {dagbag.py:539} INFO - Filling up the DagBag from /home/eduardo/airflow_venv/lib/python3.10/site-packages/airflow/example_dags/example_short_circuit_operator.py
[2024-08-08T22:22:31.259+0400] {processor.py:839} INFO - DAG(s) dict_keys(['example_short_circuit_operator']) retrieved from /home/eduardo/airflow_venv/lib/python3.10/site-packages/airflow/example_dags/example_short_circuit_operator.py
[2024-08-08T22:22:31.273+0400] {logging_mixin.py:151} INFO - [2024-08-08T22:22:31.273+0400] {dag.py:2915} INFO - Sync 1 DAGs
[2024-08-08T22:22:31.291+0400] {logging_mixin.py:151} INFO - [2024-08-08T22:22:31.290+0400] {dag.py:3696} INFO - Setting next_dagrun for example_short_circuit_operator to 2024-08-07T18:22:31.290620+00:00, run_after=2024-08-08T18:22:31.290620+00:00
[2024-08-08T22:22:31.321+0400] {processor.py:179} INFO - Processing /home/eduardo/airflow_venv/lib/python3.10/site-packages/airflow/example_dags/example_short_circuit_operator.py took 0.074 seconds
[2024-08-08T22:23:03.450+0400] {processor.py:157} INFO - Started process (PID=16815) to work on /home/eduardo/airflow_venv/lib/python3.10/site-packages/airflow/example_dags/example_short_circuit_operator.py
[2024-08-08T22:23:03.454+0400] {processor.py:829} INFO - Processing file /home/eduardo/airflow_venv/lib/python3.10/site-packages/airflow/example_dags/example_short_circuit_operator.py for tasks to queue
[2024-08-08T22:23:03.456+0400] {logging_mixin.py:151} INFO - [2024-08-08T22:23:03.455+0400] {dagbag.py:539} INFO - Filling up the DagBag from /home/eduardo/airflow_venv/lib/python3.10/site-packages/airflow/example_dags/example_short_circuit_operator.py
[2024-08-08T22:23:03.467+0400] {processor.py:839} INFO - DAG(s) dict_keys(['example_short_circuit_operator']) retrieved from /home/eduardo/airflow_venv/lib/python3.10/site-packages/airflow/example_dags/example_short_circuit_operator.py
[2024-08-08T22:23:03.491+0400] {logging_mixin.py:151} INFO - [2024-08-08T22:23:03.490+0400] {dag.py:2915} INFO - Sync 1 DAGs
[2024-08-08T22:23:03.511+0400] {logging_mixin.py:151} INFO - [2024-08-08T22:23:03.511+0400] {dag.py:3696} INFO - Setting next_dagrun for example_short_circuit_operator to 2024-08-07T18:23:03.510816+00:00, run_after=2024-08-08T18:23:03.510816+00:00
[2024-08-08T22:23:03.548+0400] {processor.py:179} INFO - Processing /home/eduardo/airflow_venv/lib/python3.10/site-packages/airflow/example_dags/example_short_circuit_operator.py took 0.101 seconds
