[2024-08-08T20:18:20.108+0400] {processor.py:157} INFO - Started process (PID=6800) to work on /home/eduardo/airflow_venv/lib/python3.10/site-packages/airflow/example_dags/example_task_group_decorator.py
[2024-08-08T20:18:20.109+0400] {processor.py:829} INFO - Processing file /home/eduardo/airflow_venv/lib/python3.10/site-packages/airflow/example_dags/example_task_group_decorator.py for tasks to queue
[2024-08-08T20:18:20.109+0400] {logging_mixin.py:151} INFO - [2024-08-08T20:18:20.109+0400] {dagbag.py:539} INFO - Filling up the DagBag from /home/eduardo/airflow_venv/lib/python3.10/site-packages/airflow/example_dags/example_task_group_decorator.py
[2024-08-08T20:18:20.120+0400] {processor.py:839} INFO - DAG(s) dict_keys(['example_task_group_decorator']) retrieved from /home/eduardo/airflow_venv/lib/python3.10/site-packages/airflow/example_dags/example_task_group_decorator.py
[2024-08-08T20:18:20.226+0400] {logging_mixin.py:151} INFO - [2024-08-08T20:18:20.226+0400] {manager.py:499} INFO - Created Permission View: %s
[2024-08-08T20:18:20.296+0400] {logging_mixin.py:151} INFO - [2024-08-08T20:18:20.296+0400] {manager.py:499} INFO - Created Permission View: %s
[2024-08-08T20:18:20.314+0400] {logging_mixin.py:151} INFO - [2024-08-08T20:18:20.313+0400] {manager.py:499} INFO - Created Permission View: %s
[2024-08-08T20:18:20.314+0400] {logging_mixin.py:151} INFO - [2024-08-08T20:18:20.314+0400] {security.py:708} INFO - Not syncing DAG-level permissions for DAG 'DAG:example_task_group_decorator' as access control is unset.
[2024-08-08T20:18:20.314+0400] {logging_mixin.py:151} INFO - [2024-08-08T20:18:20.314+0400] {dag.py:2915} INFO - Sync 1 DAGs
[2024-08-08T20:18:20.322+0400] {logging_mixin.py:151} INFO - [2024-08-08T20:18:20.322+0400] {dag.py:2937} INFO - Creating ORM DAG for example_task_group_decorator
[2024-08-08T20:18:20.332+0400] {logging_mixin.py:151} INFO - [2024-08-08T20:18:20.332+0400] {dag.py:3696} INFO - Setting next_dagrun for example_task_group_decorator to 2024-08-07T16:18:20.331857+00:00, run_after=2024-08-08T16:18:20.331857+00:00
[2024-08-08T20:18:20.367+0400] {processor.py:179} INFO - Processing /home/eduardo/airflow_venv/lib/python3.10/site-packages/airflow/example_dags/example_task_group_decorator.py took 0.261 seconds
[2024-08-08T20:19:11.331+0400] {processor.py:157} INFO - Started process (PID=6855) to work on /home/eduardo/airflow_venv/lib/python3.10/site-packages/airflow/example_dags/example_task_group_decorator.py
[2024-08-08T20:19:11.332+0400] {processor.py:829} INFO - Processing file /home/eduardo/airflow_venv/lib/python3.10/site-packages/airflow/example_dags/example_task_group_decorator.py for tasks to queue
[2024-08-08T20:19:11.332+0400] {logging_mixin.py:151} INFO - [2024-08-08T20:19:11.332+0400] {dagbag.py:539} INFO - Filling up the DagBag from /home/eduardo/airflow_venv/lib/python3.10/site-packages/airflow/example_dags/example_task_group_decorator.py
[2024-08-08T20:19:11.343+0400] {processor.py:839} INFO - DAG(s) dict_keys(['example_task_group_decorator']) retrieved from /home/eduardo/airflow_venv/lib/python3.10/site-packages/airflow/example_dags/example_task_group_decorator.py
[2024-08-08T20:19:11.355+0400] {logging_mixin.py:151} INFO - [2024-08-08T20:19:11.355+0400] {dag.py:2915} INFO - Sync 1 DAGs
[2024-08-08T20:19:11.366+0400] {logging_mixin.py:151} INFO - [2024-08-08T20:19:11.366+0400] {dag.py:3696} INFO - Setting next_dagrun for example_task_group_decorator to 2024-08-07T16:19:11.366420+00:00, run_after=2024-08-08T16:19:11.366420+00:00
[2024-08-08T20:19:11.402+0400] {processor.py:179} INFO - Processing /home/eduardo/airflow_venv/lib/python3.10/site-packages/airflow/example_dags/example_task_group_decorator.py took 0.073 seconds
[2024-08-08T20:19:48.113+0400] {processor.py:157} INFO - Started process (PID=6895) to work on /home/eduardo/airflow_venv/lib/python3.10/site-packages/airflow/example_dags/example_task_group_decorator.py
[2024-08-08T20:19:48.114+0400] {processor.py:829} INFO - Processing file /home/eduardo/airflow_venv/lib/python3.10/site-packages/airflow/example_dags/example_task_group_decorator.py for tasks to queue
[2024-08-08T20:19:48.115+0400] {logging_mixin.py:151} INFO - [2024-08-08T20:19:48.114+0400] {dagbag.py:539} INFO - Filling up the DagBag from /home/eduardo/airflow_venv/lib/python3.10/site-packages/airflow/example_dags/example_task_group_decorator.py
[2024-08-08T20:19:48.129+0400] {processor.py:839} INFO - DAG(s) dict_keys(['example_task_group_decorator']) retrieved from /home/eduardo/airflow_venv/lib/python3.10/site-packages/airflow/example_dags/example_task_group_decorator.py
[2024-08-08T20:19:48.140+0400] {logging_mixin.py:151} INFO - [2024-08-08T20:19:48.140+0400] {dag.py:2915} INFO - Sync 1 DAGs
[2024-08-08T20:19:48.152+0400] {logging_mixin.py:151} INFO - [2024-08-08T20:19:48.152+0400] {dag.py:3696} INFO - Setting next_dagrun for example_task_group_decorator to 2024-08-07T16:19:48.152182+00:00, run_after=2024-08-08T16:19:48.152182+00:00
[2024-08-08T20:19:48.175+0400] {processor.py:179} INFO - Processing /home/eduardo/airflow_venv/lib/python3.10/site-packages/airflow/example_dags/example_task_group_decorator.py took 0.065 seconds
[2024-08-08T20:20:30.271+0400] {processor.py:157} INFO - Started process (PID=6941) to work on /home/eduardo/airflow_venv/lib/python3.10/site-packages/airflow/example_dags/example_task_group_decorator.py
[2024-08-08T20:20:30.272+0400] {processor.py:829} INFO - Processing file /home/eduardo/airflow_venv/lib/python3.10/site-packages/airflow/example_dags/example_task_group_decorator.py for tasks to queue
[2024-08-08T20:20:30.273+0400] {logging_mixin.py:151} INFO - [2024-08-08T20:20:30.273+0400] {dagbag.py:539} INFO - Filling up the DagBag from /home/eduardo/airflow_venv/lib/python3.10/site-packages/airflow/example_dags/example_task_group_decorator.py
[2024-08-08T20:20:30.283+0400] {processor.py:839} INFO - DAG(s) dict_keys(['example_task_group_decorator']) retrieved from /home/eduardo/airflow_venv/lib/python3.10/site-packages/airflow/example_dags/example_task_group_decorator.py
[2024-08-08T20:20:30.294+0400] {logging_mixin.py:151} INFO - [2024-08-08T20:20:30.294+0400] {dag.py:2915} INFO - Sync 1 DAGs
[2024-08-08T20:20:30.306+0400] {logging_mixin.py:151} INFO - [2024-08-08T20:20:30.306+0400] {dag.py:3696} INFO - Setting next_dagrun for example_task_group_decorator to 2024-08-07T16:20:30.306057+00:00, run_after=2024-08-08T16:20:30.306057+00:00
[2024-08-08T20:20:30.333+0400] {processor.py:179} INFO - Processing /home/eduardo/airflow_venv/lib/python3.10/site-packages/airflow/example_dags/example_task_group_decorator.py took 0.064 seconds
[2024-08-08T20:21:11.315+0400] {processor.py:157} INFO - Started process (PID=6983) to work on /home/eduardo/airflow_venv/lib/python3.10/site-packages/airflow/example_dags/example_task_group_decorator.py
[2024-08-08T20:21:11.317+0400] {processor.py:829} INFO - Processing file /home/eduardo/airflow_venv/lib/python3.10/site-packages/airflow/example_dags/example_task_group_decorator.py for tasks to queue
[2024-08-08T20:21:11.318+0400] {logging_mixin.py:151} INFO - [2024-08-08T20:21:11.317+0400] {dagbag.py:539} INFO - Filling up the DagBag from /home/eduardo/airflow_venv/lib/python3.10/site-packages/airflow/example_dags/example_task_group_decorator.py
[2024-08-08T20:21:11.329+0400] {processor.py:839} INFO - DAG(s) dict_keys(['example_task_group_decorator']) retrieved from /home/eduardo/airflow_venv/lib/python3.10/site-packages/airflow/example_dags/example_task_group_decorator.py
[2024-08-08T20:21:11.345+0400] {logging_mixin.py:151} INFO - [2024-08-08T20:21:11.344+0400] {dag.py:2915} INFO - Sync 1 DAGs
[2024-08-08T20:21:11.359+0400] {logging_mixin.py:151} INFO - [2024-08-08T20:21:11.359+0400] {dag.py:3696} INFO - Setting next_dagrun for example_task_group_decorator to 2024-08-07T16:21:11.358991+00:00, run_after=2024-08-08T16:21:11.358991+00:00
[2024-08-08T20:21:11.386+0400] {processor.py:179} INFO - Processing /home/eduardo/airflow_venv/lib/python3.10/site-packages/airflow/example_dags/example_task_group_decorator.py took 0.073 seconds
[2024-08-08T20:21:51.857+0400] {processor.py:157} INFO - Started process (PID=7026) to work on /home/eduardo/airflow_venv/lib/python3.10/site-packages/airflow/example_dags/example_task_group_decorator.py
[2024-08-08T20:21:51.858+0400] {processor.py:829} INFO - Processing file /home/eduardo/airflow_venv/lib/python3.10/site-packages/airflow/example_dags/example_task_group_decorator.py for tasks to queue
[2024-08-08T20:21:51.859+0400] {logging_mixin.py:151} INFO - [2024-08-08T20:21:51.858+0400] {dagbag.py:539} INFO - Filling up the DagBag from /home/eduardo/airflow_venv/lib/python3.10/site-packages/airflow/example_dags/example_task_group_decorator.py
[2024-08-08T20:21:51.869+0400] {processor.py:839} INFO - DAG(s) dict_keys(['example_task_group_decorator']) retrieved from /home/eduardo/airflow_venv/lib/python3.10/site-packages/airflow/example_dags/example_task_group_decorator.py
[2024-08-08T20:21:51.883+0400] {logging_mixin.py:151} INFO - [2024-08-08T20:21:51.883+0400] {dag.py:2915} INFO - Sync 1 DAGs
[2024-08-08T20:21:51.895+0400] {logging_mixin.py:151} INFO - [2024-08-08T20:21:51.895+0400] {dag.py:3696} INFO - Setting next_dagrun for example_task_group_decorator to 2024-08-07T16:21:51.895123+00:00, run_after=2024-08-08T16:21:51.895123+00:00
[2024-08-08T20:21:51.921+0400] {processor.py:179} INFO - Processing /home/eduardo/airflow_venv/lib/python3.10/site-packages/airflow/example_dags/example_task_group_decorator.py took 0.067 seconds
[2024-08-08T20:22:37.086+0400] {processor.py:157} INFO - Started process (PID=7073) to work on /home/eduardo/airflow_venv/lib/python3.10/site-packages/airflow/example_dags/example_task_group_decorator.py
[2024-08-08T20:22:37.087+0400] {processor.py:829} INFO - Processing file /home/eduardo/airflow_venv/lib/python3.10/site-packages/airflow/example_dags/example_task_group_decorator.py for tasks to queue
[2024-08-08T20:22:37.088+0400] {logging_mixin.py:151} INFO - [2024-08-08T20:22:37.088+0400] {dagbag.py:539} INFO - Filling up the DagBag from /home/eduardo/airflow_venv/lib/python3.10/site-packages/airflow/example_dags/example_task_group_decorator.py
[2024-08-08T20:22:37.097+0400] {processor.py:839} INFO - DAG(s) dict_keys(['example_task_group_decorator']) retrieved from /home/eduardo/airflow_venv/lib/python3.10/site-packages/airflow/example_dags/example_task_group_decorator.py
[2024-08-08T20:22:37.109+0400] {logging_mixin.py:151} INFO - [2024-08-08T20:22:37.109+0400] {dag.py:2915} INFO - Sync 1 DAGs
[2024-08-08T20:22:37.122+0400] {logging_mixin.py:151} INFO - [2024-08-08T20:22:37.122+0400] {dag.py:3696} INFO - Setting next_dagrun for example_task_group_decorator to 2024-08-07T16:22:37.121938+00:00, run_after=2024-08-08T16:22:37.121938+00:00
[2024-08-08T20:22:37.150+0400] {processor.py:179} INFO - Processing /home/eduardo/airflow_venv/lib/python3.10/site-packages/airflow/example_dags/example_task_group_decorator.py took 0.066 seconds
[2024-08-08T20:23:21.129+0400] {processor.py:157} INFO - Started process (PID=7140) to work on /home/eduardo/airflow_venv/lib/python3.10/site-packages/airflow/example_dags/example_task_group_decorator.py
[2024-08-08T20:23:21.131+0400] {processor.py:829} INFO - Processing file /home/eduardo/airflow_venv/lib/python3.10/site-packages/airflow/example_dags/example_task_group_decorator.py for tasks to queue
[2024-08-08T20:23:21.131+0400] {logging_mixin.py:151} INFO - [2024-08-08T20:23:21.131+0400] {dagbag.py:539} INFO - Filling up the DagBag from /home/eduardo/airflow_venv/lib/python3.10/site-packages/airflow/example_dags/example_task_group_decorator.py
[2024-08-08T20:23:21.141+0400] {processor.py:839} INFO - DAG(s) dict_keys(['example_task_group_decorator']) retrieved from /home/eduardo/airflow_venv/lib/python3.10/site-packages/airflow/example_dags/example_task_group_decorator.py
[2024-08-08T20:23:21.153+0400] {logging_mixin.py:151} INFO - [2024-08-08T20:23:21.153+0400] {dag.py:2915} INFO - Sync 1 DAGs
[2024-08-08T20:23:21.165+0400] {logging_mixin.py:151} INFO - [2024-08-08T20:23:21.165+0400] {dag.py:3696} INFO - Setting next_dagrun for example_task_group_decorator to 2024-08-07T16:23:21.165231+00:00, run_after=2024-08-08T16:23:21.165231+00:00
[2024-08-08T20:23:21.198+0400] {processor.py:179} INFO - Processing /home/eduardo/airflow_venv/lib/python3.10/site-packages/airflow/example_dags/example_task_group_decorator.py took 0.071 seconds
[2024-08-08T20:24:06.354+0400] {processor.py:157} INFO - Started process (PID=7186) to work on /home/eduardo/airflow_venv/lib/python3.10/site-packages/airflow/example_dags/example_task_group_decorator.py
[2024-08-08T20:24:06.355+0400] {processor.py:829} INFO - Processing file /home/eduardo/airflow_venv/lib/python3.10/site-packages/airflow/example_dags/example_task_group_decorator.py for tasks to queue
[2024-08-08T20:24:06.356+0400] {logging_mixin.py:151} INFO - [2024-08-08T20:24:06.355+0400] {dagbag.py:539} INFO - Filling up the DagBag from /home/eduardo/airflow_venv/lib/python3.10/site-packages/airflow/example_dags/example_task_group_decorator.py
[2024-08-08T20:24:06.367+0400] {processor.py:839} INFO - DAG(s) dict_keys(['example_task_group_decorator']) retrieved from /home/eduardo/airflow_venv/lib/python3.10/site-packages/airflow/example_dags/example_task_group_decorator.py
[2024-08-08T20:24:06.379+0400] {logging_mixin.py:151} INFO - [2024-08-08T20:24:06.379+0400] {dag.py:2915} INFO - Sync 1 DAGs
[2024-08-08T20:24:06.390+0400] {logging_mixin.py:151} INFO - [2024-08-08T20:24:06.390+0400] {dag.py:3696} INFO - Setting next_dagrun for example_task_group_decorator to 2024-08-07T16:24:06.390588+00:00, run_after=2024-08-08T16:24:06.390588+00:00
[2024-08-08T20:24:06.423+0400] {processor.py:179} INFO - Processing /home/eduardo/airflow_venv/lib/python3.10/site-packages/airflow/example_dags/example_task_group_decorator.py took 0.072 seconds
[2024-08-08T20:24:51.861+0400] {processor.py:157} INFO - Started process (PID=7242) to work on /home/eduardo/airflow_venv/lib/python3.10/site-packages/airflow/example_dags/example_task_group_decorator.py
[2024-08-08T20:24:51.862+0400] {processor.py:829} INFO - Processing file /home/eduardo/airflow_venv/lib/python3.10/site-packages/airflow/example_dags/example_task_group_decorator.py for tasks to queue
[2024-08-08T20:24:51.862+0400] {logging_mixin.py:151} INFO - [2024-08-08T20:24:51.862+0400] {dagbag.py:539} INFO - Filling up the DagBag from /home/eduardo/airflow_venv/lib/python3.10/site-packages/airflow/example_dags/example_task_group_decorator.py
[2024-08-08T20:24:51.871+0400] {processor.py:839} INFO - DAG(s) dict_keys(['example_task_group_decorator']) retrieved from /home/eduardo/airflow_venv/lib/python3.10/site-packages/airflow/example_dags/example_task_group_decorator.py
[2024-08-08T20:24:51.883+0400] {logging_mixin.py:151} INFO - [2024-08-08T20:24:51.882+0400] {dag.py:2915} INFO - Sync 1 DAGs
[2024-08-08T20:24:51.894+0400] {logging_mixin.py:151} INFO - [2024-08-08T20:24:51.894+0400] {dag.py:3696} INFO - Setting next_dagrun for example_task_group_decorator to 2024-08-07T16:24:51.893938+00:00, run_after=2024-08-08T16:24:51.893938+00:00
[2024-08-08T20:24:51.921+0400] {processor.py:179} INFO - Processing /home/eduardo/airflow_venv/lib/python3.10/site-packages/airflow/example_dags/example_task_group_decorator.py took 0.063 seconds
[2024-08-08T20:25:24.701+0400] {processor.py:157} INFO - Started process (PID=7276) to work on /home/eduardo/airflow_venv/lib/python3.10/site-packages/airflow/example_dags/example_task_group_decorator.py
[2024-08-08T20:25:24.702+0400] {processor.py:829} INFO - Processing file /home/eduardo/airflow_venv/lib/python3.10/site-packages/airflow/example_dags/example_task_group_decorator.py for tasks to queue
[2024-08-08T20:25:24.703+0400] {logging_mixin.py:151} INFO - [2024-08-08T20:25:24.703+0400] {dagbag.py:539} INFO - Filling up the DagBag from /home/eduardo/airflow_venv/lib/python3.10/site-packages/airflow/example_dags/example_task_group_decorator.py
[2024-08-08T20:25:24.712+0400] {processor.py:839} INFO - DAG(s) dict_keys(['example_task_group_decorator']) retrieved from /home/eduardo/airflow_venv/lib/python3.10/site-packages/airflow/example_dags/example_task_group_decorator.py
[2024-08-08T20:25:24.725+0400] {logging_mixin.py:151} INFO - [2024-08-08T20:25:24.725+0400] {dag.py:2915} INFO - Sync 1 DAGs
[2024-08-08T20:25:24.737+0400] {logging_mixin.py:151} INFO - [2024-08-08T20:25:24.737+0400] {dag.py:3696} INFO - Setting next_dagrun for example_task_group_decorator to 2024-08-07T16:25:24.737161+00:00, run_after=2024-08-08T16:25:24.737161+00:00
[2024-08-08T20:25:24.764+0400] {processor.py:179} INFO - Processing /home/eduardo/airflow_venv/lib/python3.10/site-packages/airflow/example_dags/example_task_group_decorator.py took 0.066 seconds
[2024-08-08T20:26:09.426+0400] {processor.py:157} INFO - Started process (PID=7322) to work on /home/eduardo/airflow_venv/lib/python3.10/site-packages/airflow/example_dags/example_task_group_decorator.py
[2024-08-08T20:26:09.427+0400] {processor.py:829} INFO - Processing file /home/eduardo/airflow_venv/lib/python3.10/site-packages/airflow/example_dags/example_task_group_decorator.py for tasks to queue
[2024-08-08T20:26:09.427+0400] {logging_mixin.py:151} INFO - [2024-08-08T20:26:09.427+0400] {dagbag.py:539} INFO - Filling up the DagBag from /home/eduardo/airflow_venv/lib/python3.10/site-packages/airflow/example_dags/example_task_group_decorator.py
[2024-08-08T20:26:09.437+0400] {processor.py:839} INFO - DAG(s) dict_keys(['example_task_group_decorator']) retrieved from /home/eduardo/airflow_venv/lib/python3.10/site-packages/airflow/example_dags/example_task_group_decorator.py
[2024-08-08T20:26:09.450+0400] {logging_mixin.py:151} INFO - [2024-08-08T20:26:09.450+0400] {dag.py:2915} INFO - Sync 1 DAGs
[2024-08-08T20:26:09.462+0400] {logging_mixin.py:151} INFO - [2024-08-08T20:26:09.462+0400] {dag.py:3696} INFO - Setting next_dagrun for example_task_group_decorator to 2024-08-07T16:26:09.462425+00:00, run_after=2024-08-08T16:26:09.462425+00:00
[2024-08-08T20:26:09.488+0400] {processor.py:179} INFO - Processing /home/eduardo/airflow_venv/lib/python3.10/site-packages/airflow/example_dags/example_task_group_decorator.py took 0.065 seconds
[2024-08-08T22:09:33.748+0400] {processor.py:157} INFO - Started process (PID=9400) to work on /home/eduardo/airflow_venv/lib/python3.10/site-packages/airflow/example_dags/example_task_group_decorator.py
[2024-08-08T22:09:33.752+0400] {processor.py:829} INFO - Processing file /home/eduardo/airflow_venv/lib/python3.10/site-packages/airflow/example_dags/example_task_group_decorator.py for tasks to queue
[2024-08-08T22:09:33.753+0400] {logging_mixin.py:151} INFO - [2024-08-08T22:09:33.753+0400] {dagbag.py:539} INFO - Filling up the DagBag from /home/eduardo/airflow_venv/lib/python3.10/site-packages/airflow/example_dags/example_task_group_decorator.py
[2024-08-08T22:09:33.776+0400] {processor.py:839} INFO - DAG(s) dict_keys(['example_task_group_decorator']) retrieved from /home/eduardo/airflow_venv/lib/python3.10/site-packages/airflow/example_dags/example_task_group_decorator.py
[2024-08-08T22:09:33.801+0400] {logging_mixin.py:151} INFO - [2024-08-08T22:09:33.800+0400] {dag.py:2915} INFO - Sync 1 DAGs
[2024-08-08T22:09:33.817+0400] {logging_mixin.py:151} INFO - [2024-08-08T22:09:33.817+0400] {dag.py:3696} INFO - Setting next_dagrun for example_task_group_decorator to 2024-08-07T18:09:33.817170+00:00, run_after=2024-08-08T18:09:33.817170+00:00
[2024-08-08T22:09:33.851+0400] {processor.py:179} INFO - Processing /home/eduardo/airflow_venv/lib/python3.10/site-packages/airflow/example_dags/example_task_group_decorator.py took 0.106 seconds
[2024-08-08T22:10:21.633+0400] {processor.py:157} INFO - Started process (PID=9964) to work on /home/eduardo/airflow_venv/lib/python3.10/site-packages/airflow/example_dags/example_task_group_decorator.py
[2024-08-08T22:10:21.635+0400] {processor.py:829} INFO - Processing file /home/eduardo/airflow_venv/lib/python3.10/site-packages/airflow/example_dags/example_task_group_decorator.py for tasks to queue
[2024-08-08T22:10:21.637+0400] {logging_mixin.py:151} INFO - [2024-08-08T22:10:21.636+0400] {dagbag.py:539} INFO - Filling up the DagBag from /home/eduardo/airflow_venv/lib/python3.10/site-packages/airflow/example_dags/example_task_group_decorator.py
[2024-08-08T22:10:21.653+0400] {processor.py:839} INFO - DAG(s) dict_keys(['example_task_group_decorator']) retrieved from /home/eduardo/airflow_venv/lib/python3.10/site-packages/airflow/example_dags/example_task_group_decorator.py
[2024-08-08T22:10:21.669+0400] {logging_mixin.py:151} INFO - [2024-08-08T22:10:21.669+0400] {dag.py:2915} INFO - Sync 1 DAGs
[2024-08-08T22:10:21.683+0400] {logging_mixin.py:151} INFO - [2024-08-08T22:10:21.683+0400] {dag.py:3696} INFO - Setting next_dagrun for example_task_group_decorator to 2024-08-07T18:10:21.683509+00:00, run_after=2024-08-08T18:10:21.683509+00:00
[2024-08-08T22:10:21.718+0400] {processor.py:179} INFO - Processing /home/eduardo/airflow_venv/lib/python3.10/site-packages/airflow/example_dags/example_task_group_decorator.py took 0.088 seconds
[2024-08-08T22:11:09.928+0400] {processor.py:157} INFO - Started process (PID=10488) to work on /home/eduardo/airflow_venv/lib/python3.10/site-packages/airflow/example_dags/example_task_group_decorator.py
[2024-08-08T22:11:09.932+0400] {processor.py:829} INFO - Processing file /home/eduardo/airflow_venv/lib/python3.10/site-packages/airflow/example_dags/example_task_group_decorator.py for tasks to queue
[2024-08-08T22:11:09.933+0400] {logging_mixin.py:151} INFO - [2024-08-08T22:11:09.933+0400] {dagbag.py:539} INFO - Filling up the DagBag from /home/eduardo/airflow_venv/lib/python3.10/site-packages/airflow/example_dags/example_task_group_decorator.py
[2024-08-08T22:11:09.952+0400] {processor.py:839} INFO - DAG(s) dict_keys(['example_task_group_decorator']) retrieved from /home/eduardo/airflow_venv/lib/python3.10/site-packages/airflow/example_dags/example_task_group_decorator.py
[2024-08-08T22:11:09.971+0400] {logging_mixin.py:151} INFO - [2024-08-08T22:11:09.971+0400] {dag.py:2915} INFO - Sync 1 DAGs
[2024-08-08T22:11:09.988+0400] {logging_mixin.py:151} INFO - [2024-08-08T22:11:09.988+0400] {dag.py:3696} INFO - Setting next_dagrun for example_task_group_decorator to 2024-08-07T18:11:09.988495+00:00, run_after=2024-08-08T18:11:09.988495+00:00
[2024-08-08T22:11:10.025+0400] {processor.py:179} INFO - Processing /home/eduardo/airflow_venv/lib/python3.10/site-packages/airflow/example_dags/example_task_group_decorator.py took 0.099 seconds
[2024-08-08T22:11:47.060+0400] {processor.py:157} INFO - Started process (PID=10835) to work on /home/eduardo/airflow_venv/lib/python3.10/site-packages/airflow/example_dags/example_task_group_decorator.py
[2024-08-08T22:11:47.064+0400] {processor.py:829} INFO - Processing file /home/eduardo/airflow_venv/lib/python3.10/site-packages/airflow/example_dags/example_task_group_decorator.py for tasks to queue
[2024-08-08T22:11:47.066+0400] {logging_mixin.py:151} INFO - [2024-08-08T22:11:47.065+0400] {dagbag.py:539} INFO - Filling up the DagBag from /home/eduardo/airflow_venv/lib/python3.10/site-packages/airflow/example_dags/example_task_group_decorator.py
[2024-08-08T22:11:47.081+0400] {processor.py:839} INFO - DAG(s) dict_keys(['example_task_group_decorator']) retrieved from /home/eduardo/airflow_venv/lib/python3.10/site-packages/airflow/example_dags/example_task_group_decorator.py
[2024-08-08T22:11:47.102+0400] {logging_mixin.py:151} INFO - [2024-08-08T22:11:47.102+0400] {dag.py:2915} INFO - Sync 1 DAGs
[2024-08-08T22:11:47.125+0400] {logging_mixin.py:151} INFO - [2024-08-08T22:11:47.125+0400] {dag.py:3696} INFO - Setting next_dagrun for example_task_group_decorator to 2024-08-07T18:11:47.125220+00:00, run_after=2024-08-08T18:11:47.125220+00:00
[2024-08-08T22:11:47.160+0400] {processor.py:179} INFO - Processing /home/eduardo/airflow_venv/lib/python3.10/site-packages/airflow/example_dags/example_task_group_decorator.py took 0.105 seconds
[2024-08-08T22:12:19.961+0400] {processor.py:157} INFO - Started process (PID=11091) to work on /home/eduardo/airflow_venv/lib/python3.10/site-packages/airflow/example_dags/example_task_group_decorator.py
[2024-08-08T22:12:19.964+0400] {processor.py:829} INFO - Processing file /home/eduardo/airflow_venv/lib/python3.10/site-packages/airflow/example_dags/example_task_group_decorator.py for tasks to queue
[2024-08-08T22:12:19.965+0400] {logging_mixin.py:151} INFO - [2024-08-08T22:12:19.965+0400] {dagbag.py:539} INFO - Filling up the DagBag from /home/eduardo/airflow_venv/lib/python3.10/site-packages/airflow/example_dags/example_task_group_decorator.py
[2024-08-08T22:12:19.990+0400] {processor.py:839} INFO - DAG(s) dict_keys(['example_task_group_decorator']) retrieved from /home/eduardo/airflow_venv/lib/python3.10/site-packages/airflow/example_dags/example_task_group_decorator.py
[2024-08-08T22:12:20.020+0400] {logging_mixin.py:151} INFO - [2024-08-08T22:12:20.020+0400] {dag.py:2915} INFO - Sync 1 DAGs
[2024-08-08T22:12:20.050+0400] {logging_mixin.py:151} INFO - [2024-08-08T22:12:20.050+0400] {dag.py:3696} INFO - Setting next_dagrun for example_task_group_decorator to 2024-08-07T18:12:20.050511+00:00, run_after=2024-08-08T18:12:20.050511+00:00
[2024-08-08T22:12:20.089+0400] {processor.py:179} INFO - Processing /home/eduardo/airflow_venv/lib/python3.10/site-packages/airflow/example_dags/example_task_group_decorator.py took 0.132 seconds
[2024-08-08T22:12:52.990+0400] {processor.py:157} INFO - Started process (PID=11348) to work on /home/eduardo/airflow_venv/lib/python3.10/site-packages/airflow/example_dags/example_task_group_decorator.py
[2024-08-08T22:12:52.993+0400] {processor.py:829} INFO - Processing file /home/eduardo/airflow_venv/lib/python3.10/site-packages/airflow/example_dags/example_task_group_decorator.py for tasks to queue
[2024-08-08T22:12:52.995+0400] {logging_mixin.py:151} INFO - [2024-08-08T22:12:52.994+0400] {dagbag.py:539} INFO - Filling up the DagBag from /home/eduardo/airflow_venv/lib/python3.10/site-packages/airflow/example_dags/example_task_group_decorator.py
[2024-08-08T22:12:53.018+0400] {processor.py:839} INFO - DAG(s) dict_keys(['example_task_group_decorator']) retrieved from /home/eduardo/airflow_venv/lib/python3.10/site-packages/airflow/example_dags/example_task_group_decorator.py
[2024-08-08T22:12:53.040+0400] {logging_mixin.py:151} INFO - [2024-08-08T22:12:53.039+0400] {dag.py:2915} INFO - Sync 1 DAGs
[2024-08-08T22:12:53.070+0400] {logging_mixin.py:151} INFO - [2024-08-08T22:12:53.069+0400] {dag.py:3696} INFO - Setting next_dagrun for example_task_group_decorator to 2024-08-07T18:12:53.069121+00:00, run_after=2024-08-08T18:12:53.069121+00:00
[2024-08-08T22:12:53.104+0400] {processor.py:179} INFO - Processing /home/eduardo/airflow_venv/lib/python3.10/site-packages/airflow/example_dags/example_task_group_decorator.py took 0.119 seconds
[2024-08-08T22:13:27.012+0400] {processor.py:157} INFO - Started process (PID=11637) to work on /home/eduardo/airflow_venv/lib/python3.10/site-packages/airflow/example_dags/example_task_group_decorator.py
[2024-08-08T22:13:27.014+0400] {processor.py:829} INFO - Processing file /home/eduardo/airflow_venv/lib/python3.10/site-packages/airflow/example_dags/example_task_group_decorator.py for tasks to queue
[2024-08-08T22:13:27.015+0400] {logging_mixin.py:151} INFO - [2024-08-08T22:13:27.015+0400] {dagbag.py:539} INFO - Filling up the DagBag from /home/eduardo/airflow_venv/lib/python3.10/site-packages/airflow/example_dags/example_task_group_decorator.py
[2024-08-08T22:13:27.033+0400] {processor.py:839} INFO - DAG(s) dict_keys(['example_task_group_decorator']) retrieved from /home/eduardo/airflow_venv/lib/python3.10/site-packages/airflow/example_dags/example_task_group_decorator.py
[2024-08-08T22:13:27.052+0400] {logging_mixin.py:151} INFO - [2024-08-08T22:13:27.051+0400] {dag.py:2915} INFO - Sync 1 DAGs
[2024-08-08T22:13:27.067+0400] {logging_mixin.py:151} INFO - [2024-08-08T22:13:27.067+0400] {dag.py:3696} INFO - Setting next_dagrun for example_task_group_decorator to 2024-08-07T18:13:27.066805+00:00, run_after=2024-08-08T18:13:27.066805+00:00
[2024-08-08T22:13:27.105+0400] {processor.py:179} INFO - Processing /home/eduardo/airflow_venv/lib/python3.10/site-packages/airflow/example_dags/example_task_group_decorator.py took 0.097 seconds
[2024-08-08T22:14:10.002+0400] {processor.py:157} INFO - Started process (PID=12141) to work on /home/eduardo/airflow_venv/lib/python3.10/site-packages/airflow/example_dags/example_task_group_decorator.py
[2024-08-08T22:14:10.006+0400] {processor.py:829} INFO - Processing file /home/eduardo/airflow_venv/lib/python3.10/site-packages/airflow/example_dags/example_task_group_decorator.py for tasks to queue
[2024-08-08T22:14:10.009+0400] {logging_mixin.py:151} INFO - [2024-08-08T22:14:10.007+0400] {dagbag.py:539} INFO - Filling up the DagBag from /home/eduardo/airflow_venv/lib/python3.10/site-packages/airflow/example_dags/example_task_group_decorator.py
[2024-08-08T22:14:10.038+0400] {processor.py:839} INFO - DAG(s) dict_keys(['example_task_group_decorator']) retrieved from /home/eduardo/airflow_venv/lib/python3.10/site-packages/airflow/example_dags/example_task_group_decorator.py
[2024-08-08T22:14:10.069+0400] {logging_mixin.py:151} INFO - [2024-08-08T22:14:10.069+0400] {dag.py:2915} INFO - Sync 1 DAGs
[2024-08-08T22:14:10.097+0400] {logging_mixin.py:151} INFO - [2024-08-08T22:14:10.097+0400] {dag.py:3696} INFO - Setting next_dagrun for example_task_group_decorator to 2024-08-07T18:14:10.097117+00:00, run_after=2024-08-08T18:14:10.097117+00:00
[2024-08-08T22:14:10.133+0400] {processor.py:179} INFO - Processing /home/eduardo/airflow_venv/lib/python3.10/site-packages/airflow/example_dags/example_task_group_decorator.py took 0.138 seconds
[2024-08-08T22:14:46.166+0400] {processor.py:157} INFO - Started process (PID=12512) to work on /home/eduardo/airflow_venv/lib/python3.10/site-packages/airflow/example_dags/example_task_group_decorator.py
[2024-08-08T22:14:46.169+0400] {processor.py:829} INFO - Processing file /home/eduardo/airflow_venv/lib/python3.10/site-packages/airflow/example_dags/example_task_group_decorator.py for tasks to queue
[2024-08-08T22:14:46.170+0400] {logging_mixin.py:151} INFO - [2024-08-08T22:14:46.170+0400] {dagbag.py:539} INFO - Filling up the DagBag from /home/eduardo/airflow_venv/lib/python3.10/site-packages/airflow/example_dags/example_task_group_decorator.py
[2024-08-08T22:14:46.198+0400] {processor.py:839} INFO - DAG(s) dict_keys(['example_task_group_decorator']) retrieved from /home/eduardo/airflow_venv/lib/python3.10/site-packages/airflow/example_dags/example_task_group_decorator.py
[2024-08-08T22:14:46.222+0400] {logging_mixin.py:151} INFO - [2024-08-08T22:14:46.222+0400] {dag.py:2915} INFO - Sync 1 DAGs
[2024-08-08T22:14:46.257+0400] {logging_mixin.py:151} INFO - [2024-08-08T22:14:46.257+0400] {dag.py:3696} INFO - Setting next_dagrun for example_task_group_decorator to 2024-08-07T18:14:46.257009+00:00, run_after=2024-08-08T18:14:46.257009+00:00
[2024-08-08T22:14:46.301+0400] {processor.py:179} INFO - Processing /home/eduardo/airflow_venv/lib/python3.10/site-packages/airflow/example_dags/example_task_group_decorator.py took 0.140 seconds
[2024-08-08T22:15:19.722+0400] {processor.py:157} INFO - Started process (PID=12771) to work on /home/eduardo/airflow_venv/lib/python3.10/site-packages/airflow/example_dags/example_task_group_decorator.py
[2024-08-08T22:15:19.725+0400] {processor.py:829} INFO - Processing file /home/eduardo/airflow_venv/lib/python3.10/site-packages/airflow/example_dags/example_task_group_decorator.py for tasks to queue
[2024-08-08T22:15:19.726+0400] {logging_mixin.py:151} INFO - [2024-08-08T22:15:19.725+0400] {dagbag.py:539} INFO - Filling up the DagBag from /home/eduardo/airflow_venv/lib/python3.10/site-packages/airflow/example_dags/example_task_group_decorator.py
[2024-08-08T22:15:19.738+0400] {processor.py:839} INFO - DAG(s) dict_keys(['example_task_group_decorator']) retrieved from /home/eduardo/airflow_venv/lib/python3.10/site-packages/airflow/example_dags/example_task_group_decorator.py
[2024-08-08T22:15:19.752+0400] {logging_mixin.py:151} INFO - [2024-08-08T22:15:19.752+0400] {dag.py:2915} INFO - Sync 1 DAGs
[2024-08-08T22:15:19.767+0400] {logging_mixin.py:151} INFO - [2024-08-08T22:15:19.766+0400] {dag.py:3696} INFO - Setting next_dagrun for example_task_group_decorator to 2024-08-07T18:15:19.766789+00:00, run_after=2024-08-08T18:15:19.766789+00:00
[2024-08-08T22:15:19.800+0400] {processor.py:179} INFO - Processing /home/eduardo/airflow_venv/lib/python3.10/site-packages/airflow/example_dags/example_task_group_decorator.py took 0.081 seconds
[2024-08-08T22:15:54.931+0400] {processor.py:157} INFO - Started process (PID=13134) to work on /home/eduardo/airflow_venv/lib/python3.10/site-packages/airflow/example_dags/example_task_group_decorator.py
[2024-08-08T22:15:54.934+0400] {processor.py:829} INFO - Processing file /home/eduardo/airflow_venv/lib/python3.10/site-packages/airflow/example_dags/example_task_group_decorator.py for tasks to queue
[2024-08-08T22:15:54.935+0400] {logging_mixin.py:151} INFO - [2024-08-08T22:15:54.934+0400] {dagbag.py:539} INFO - Filling up the DagBag from /home/eduardo/airflow_venv/lib/python3.10/site-packages/airflow/example_dags/example_task_group_decorator.py
[2024-08-08T22:15:54.950+0400] {processor.py:839} INFO - DAG(s) dict_keys(['example_task_group_decorator']) retrieved from /home/eduardo/airflow_venv/lib/python3.10/site-packages/airflow/example_dags/example_task_group_decorator.py
[2024-08-08T22:15:54.971+0400] {logging_mixin.py:151} INFO - [2024-08-08T22:15:54.971+0400] {dag.py:2915} INFO - Sync 1 DAGs
[2024-08-08T22:15:54.988+0400] {logging_mixin.py:151} INFO - [2024-08-08T22:15:54.988+0400] {dag.py:3696} INFO - Setting next_dagrun for example_task_group_decorator to 2024-08-07T18:15:54.987852+00:00, run_after=2024-08-08T18:15:54.987852+00:00
[2024-08-08T22:15:55.020+0400] {processor.py:179} INFO - Processing /home/eduardo/airflow_venv/lib/python3.10/site-packages/airflow/example_dags/example_task_group_decorator.py took 0.094 seconds
[2024-08-08T22:16:27.757+0400] {processor.py:157} INFO - Started process (PID=13391) to work on /home/eduardo/airflow_venv/lib/python3.10/site-packages/airflow/example_dags/example_task_group_decorator.py
[2024-08-08T22:16:27.760+0400] {processor.py:829} INFO - Processing file /home/eduardo/airflow_venv/lib/python3.10/site-packages/airflow/example_dags/example_task_group_decorator.py for tasks to queue
[2024-08-08T22:16:27.761+0400] {logging_mixin.py:151} INFO - [2024-08-08T22:16:27.761+0400] {dagbag.py:539} INFO - Filling up the DagBag from /home/eduardo/airflow_venv/lib/python3.10/site-packages/airflow/example_dags/example_task_group_decorator.py
[2024-08-08T22:16:27.779+0400] {processor.py:839} INFO - DAG(s) dict_keys(['example_task_group_decorator']) retrieved from /home/eduardo/airflow_venv/lib/python3.10/site-packages/airflow/example_dags/example_task_group_decorator.py
[2024-08-08T22:16:27.797+0400] {logging_mixin.py:151} INFO - [2024-08-08T22:16:27.797+0400] {dag.py:2915} INFO - Sync 1 DAGs
[2024-08-08T22:16:27.817+0400] {logging_mixin.py:151} INFO - [2024-08-08T22:16:27.817+0400] {dag.py:3696} INFO - Setting next_dagrun for example_task_group_decorator to 2024-08-07T18:16:27.817135+00:00, run_after=2024-08-08T18:16:27.817135+00:00
[2024-08-08T22:16:27.848+0400] {processor.py:179} INFO - Processing /home/eduardo/airflow_venv/lib/python3.10/site-packages/airflow/example_dags/example_task_group_decorator.py took 0.093 seconds
[2024-08-08T22:17:02.530+0400] {processor.py:157} INFO - Started process (PID=13829) to work on /home/eduardo/airflow_venv/lib/python3.10/site-packages/airflow/example_dags/example_task_group_decorator.py
[2024-08-08T22:17:02.534+0400] {processor.py:829} INFO - Processing file /home/eduardo/airflow_venv/lib/python3.10/site-packages/airflow/example_dags/example_task_group_decorator.py for tasks to queue
[2024-08-08T22:17:02.535+0400] {logging_mixin.py:151} INFO - [2024-08-08T22:17:02.534+0400] {dagbag.py:539} INFO - Filling up the DagBag from /home/eduardo/airflow_venv/lib/python3.10/site-packages/airflow/example_dags/example_task_group_decorator.py
[2024-08-08T22:17:02.552+0400] {processor.py:839} INFO - DAG(s) dict_keys(['example_task_group_decorator']) retrieved from /home/eduardo/airflow_venv/lib/python3.10/site-packages/airflow/example_dags/example_task_group_decorator.py
[2024-08-08T22:17:02.567+0400] {logging_mixin.py:151} INFO - [2024-08-08T22:17:02.567+0400] {dag.py:2915} INFO - Sync 1 DAGs
[2024-08-08T22:17:02.583+0400] {logging_mixin.py:151} INFO - [2024-08-08T22:17:02.582+0400] {dag.py:3696} INFO - Setting next_dagrun for example_task_group_decorator to 2024-08-07T18:17:02.582696+00:00, run_after=2024-08-08T18:17:02.582696+00:00
[2024-08-08T22:17:02.612+0400] {processor.py:179} INFO - Processing /home/eduardo/airflow_venv/lib/python3.10/site-packages/airflow/example_dags/example_task_group_decorator.py took 0.085 seconds
[2024-08-08T22:17:39.026+0400] {processor.py:157} INFO - Started process (PID=14147) to work on /home/eduardo/airflow_venv/lib/python3.10/site-packages/airflow/example_dags/example_task_group_decorator.py
[2024-08-08T22:17:39.029+0400] {processor.py:829} INFO - Processing file /home/eduardo/airflow_venv/lib/python3.10/site-packages/airflow/example_dags/example_task_group_decorator.py for tasks to queue
[2024-08-08T22:17:39.030+0400] {logging_mixin.py:151} INFO - [2024-08-08T22:17:39.029+0400] {dagbag.py:539} INFO - Filling up the DagBag from /home/eduardo/airflow_venv/lib/python3.10/site-packages/airflow/example_dags/example_task_group_decorator.py
[2024-08-08T22:17:39.052+0400] {processor.py:839} INFO - DAG(s) dict_keys(['example_task_group_decorator']) retrieved from /home/eduardo/airflow_venv/lib/python3.10/site-packages/airflow/example_dags/example_task_group_decorator.py
[2024-08-08T22:17:39.078+0400] {logging_mixin.py:151} INFO - [2024-08-08T22:17:39.078+0400] {dag.py:2915} INFO - Sync 1 DAGs
[2024-08-08T22:17:39.099+0400] {logging_mixin.py:151} INFO - [2024-08-08T22:17:39.099+0400] {dag.py:3696} INFO - Setting next_dagrun for example_task_group_decorator to 2024-08-07T18:17:39.099018+00:00, run_after=2024-08-08T18:17:39.099018+00:00
[2024-08-08T22:17:39.146+0400] {processor.py:179} INFO - Processing /home/eduardo/airflow_venv/lib/python3.10/site-packages/airflow/example_dags/example_task_group_decorator.py took 0.125 seconds
[2024-08-08T22:18:14.026+0400] {processor.py:157} INFO - Started process (PID=14416) to work on /home/eduardo/airflow_venv/lib/python3.10/site-packages/airflow/example_dags/example_task_group_decorator.py
[2024-08-08T22:18:14.029+0400] {processor.py:829} INFO - Processing file /home/eduardo/airflow_venv/lib/python3.10/site-packages/airflow/example_dags/example_task_group_decorator.py for tasks to queue
[2024-08-08T22:18:14.030+0400] {logging_mixin.py:151} INFO - [2024-08-08T22:18:14.030+0400] {dagbag.py:539} INFO - Filling up the DagBag from /home/eduardo/airflow_venv/lib/python3.10/site-packages/airflow/example_dags/example_task_group_decorator.py
[2024-08-08T22:18:14.055+0400] {processor.py:839} INFO - DAG(s) dict_keys(['example_task_group_decorator']) retrieved from /home/eduardo/airflow_venv/lib/python3.10/site-packages/airflow/example_dags/example_task_group_decorator.py
[2024-08-08T22:18:14.075+0400] {logging_mixin.py:151} INFO - [2024-08-08T22:18:14.075+0400] {dag.py:2915} INFO - Sync 1 DAGs
[2024-08-08T22:18:14.097+0400] {logging_mixin.py:151} INFO - [2024-08-08T22:18:14.097+0400] {dag.py:3696} INFO - Setting next_dagrun for example_task_group_decorator to 2024-08-07T18:18:14.097074+00:00, run_after=2024-08-08T18:18:14.097074+00:00
[2024-08-08T22:18:14.129+0400] {processor.py:179} INFO - Processing /home/eduardo/airflow_venv/lib/python3.10/site-packages/airflow/example_dags/example_task_group_decorator.py took 0.108 seconds
[2024-08-08T22:18:49.476+0400] {processor.py:157} INFO - Started process (PID=14695) to work on /home/eduardo/airflow_venv/lib/python3.10/site-packages/airflow/example_dags/example_task_group_decorator.py
[2024-08-08T22:18:49.479+0400] {processor.py:829} INFO - Processing file /home/eduardo/airflow_venv/lib/python3.10/site-packages/airflow/example_dags/example_task_group_decorator.py for tasks to queue
[2024-08-08T22:18:49.480+0400] {logging_mixin.py:151} INFO - [2024-08-08T22:18:49.480+0400] {dagbag.py:539} INFO - Filling up the DagBag from /home/eduardo/airflow_venv/lib/python3.10/site-packages/airflow/example_dags/example_task_group_decorator.py
[2024-08-08T22:18:49.503+0400] {processor.py:839} INFO - DAG(s) dict_keys(['example_task_group_decorator']) retrieved from /home/eduardo/airflow_venv/lib/python3.10/site-packages/airflow/example_dags/example_task_group_decorator.py
[2024-08-08T22:18:49.524+0400] {logging_mixin.py:151} INFO - [2024-08-08T22:18:49.523+0400] {dag.py:2915} INFO - Sync 1 DAGs
[2024-08-08T22:18:49.549+0400] {logging_mixin.py:151} INFO - [2024-08-08T22:18:49.549+0400] {dag.py:3696} INFO - Setting next_dagrun for example_task_group_decorator to 2024-08-07T18:18:49.548916+00:00, run_after=2024-08-08T18:18:49.548916+00:00
[2024-08-08T22:18:49.586+0400] {processor.py:179} INFO - Processing /home/eduardo/airflow_venv/lib/python3.10/site-packages/airflow/example_dags/example_task_group_decorator.py took 0.113 seconds
[2024-08-08T22:19:26.633+0400] {processor.py:157} INFO - Started process (PID=14980) to work on /home/eduardo/airflow_venv/lib/python3.10/site-packages/airflow/example_dags/example_task_group_decorator.py
[2024-08-08T22:19:26.634+0400] {processor.py:829} INFO - Processing file /home/eduardo/airflow_venv/lib/python3.10/site-packages/airflow/example_dags/example_task_group_decorator.py for tasks to queue
[2024-08-08T22:19:26.636+0400] {logging_mixin.py:151} INFO - [2024-08-08T22:19:26.635+0400] {dagbag.py:539} INFO - Filling up the DagBag from /home/eduardo/airflow_venv/lib/python3.10/site-packages/airflow/example_dags/example_task_group_decorator.py
[2024-08-08T22:19:26.654+0400] {processor.py:839} INFO - DAG(s) dict_keys(['example_task_group_decorator']) retrieved from /home/eduardo/airflow_venv/lib/python3.10/site-packages/airflow/example_dags/example_task_group_decorator.py
[2024-08-08T22:19:26.677+0400] {logging_mixin.py:151} INFO - [2024-08-08T22:19:26.677+0400] {dag.py:2915} INFO - Sync 1 DAGs
[2024-08-08T22:19:26.699+0400] {logging_mixin.py:151} INFO - [2024-08-08T22:19:26.698+0400] {dag.py:3696} INFO - Setting next_dagrun for example_task_group_decorator to 2024-08-07T18:19:26.698621+00:00, run_after=2024-08-08T18:19:26.698621+00:00
[2024-08-08T22:19:26.743+0400] {processor.py:179} INFO - Processing /home/eduardo/airflow_venv/lib/python3.10/site-packages/airflow/example_dags/example_task_group_decorator.py took 0.114 seconds
[2024-08-08T22:20:14.798+0400] {processor.py:157} INFO - Started process (PID=15380) to work on /home/eduardo/airflow_venv/lib/python3.10/site-packages/airflow/example_dags/example_task_group_decorator.py
[2024-08-08T22:20:14.802+0400] {processor.py:829} INFO - Processing file /home/eduardo/airflow_venv/lib/python3.10/site-packages/airflow/example_dags/example_task_group_decorator.py for tasks to queue
[2024-08-08T22:20:14.803+0400] {logging_mixin.py:151} INFO - [2024-08-08T22:20:14.803+0400] {dagbag.py:539} INFO - Filling up the DagBag from /home/eduardo/airflow_venv/lib/python3.10/site-packages/airflow/example_dags/example_task_group_decorator.py
[2024-08-08T22:20:14.820+0400] {processor.py:839} INFO - DAG(s) dict_keys(['example_task_group_decorator']) retrieved from /home/eduardo/airflow_venv/lib/python3.10/site-packages/airflow/example_dags/example_task_group_decorator.py
[2024-08-08T22:20:14.838+0400] {logging_mixin.py:151} INFO - [2024-08-08T22:20:14.838+0400] {dag.py:2915} INFO - Sync 1 DAGs
[2024-08-08T22:20:14.858+0400] {logging_mixin.py:151} INFO - [2024-08-08T22:20:14.857+0400] {dag.py:3696} INFO - Setting next_dagrun for example_task_group_decorator to 2024-08-07T18:20:14.857646+00:00, run_after=2024-08-08T18:20:14.857646+00:00
[2024-08-08T22:20:14.901+0400] {processor.py:179} INFO - Processing /home/eduardo/airflow_venv/lib/python3.10/site-packages/airflow/example_dags/example_task_group_decorator.py took 0.106 seconds
[2024-08-08T22:20:49.912+0400] {processor.py:157} INFO - Started process (PID=15667) to work on /home/eduardo/airflow_venv/lib/python3.10/site-packages/airflow/example_dags/example_task_group_decorator.py
[2024-08-08T22:20:49.915+0400] {processor.py:829} INFO - Processing file /home/eduardo/airflow_venv/lib/python3.10/site-packages/airflow/example_dags/example_task_group_decorator.py for tasks to queue
[2024-08-08T22:20:49.916+0400] {logging_mixin.py:151} INFO - [2024-08-08T22:20:49.916+0400] {dagbag.py:539} INFO - Filling up the DagBag from /home/eduardo/airflow_venv/lib/python3.10/site-packages/airflow/example_dags/example_task_group_decorator.py
[2024-08-08T22:20:49.933+0400] {processor.py:839} INFO - DAG(s) dict_keys(['example_task_group_decorator']) retrieved from /home/eduardo/airflow_venv/lib/python3.10/site-packages/airflow/example_dags/example_task_group_decorator.py
[2024-08-08T22:20:49.952+0400] {logging_mixin.py:151} INFO - [2024-08-08T22:20:49.951+0400] {dag.py:2915} INFO - Sync 1 DAGs
[2024-08-08T22:20:49.975+0400] {logging_mixin.py:151} INFO - [2024-08-08T22:20:49.974+0400] {dag.py:3696} INFO - Setting next_dagrun for example_task_group_decorator to 2024-08-07T18:20:49.974481+00:00, run_after=2024-08-08T18:20:49.974481+00:00
[2024-08-08T22:20:50.015+0400] {processor.py:179} INFO - Processing /home/eduardo/airflow_venv/lib/python3.10/site-packages/airflow/example_dags/example_task_group_decorator.py took 0.108 seconds
[2024-08-08T22:21:22.903+0400] {processor.py:157} INFO - Started process (PID=16004) to work on /home/eduardo/airflow_venv/lib/python3.10/site-packages/airflow/example_dags/example_task_group_decorator.py
[2024-08-08T22:21:22.907+0400] {processor.py:829} INFO - Processing file /home/eduardo/airflow_venv/lib/python3.10/site-packages/airflow/example_dags/example_task_group_decorator.py for tasks to queue
[2024-08-08T22:21:22.908+0400] {logging_mixin.py:151} INFO - [2024-08-08T22:21:22.907+0400] {dagbag.py:539} INFO - Filling up the DagBag from /home/eduardo/airflow_venv/lib/python3.10/site-packages/airflow/example_dags/example_task_group_decorator.py
[2024-08-08T22:21:22.927+0400] {processor.py:839} INFO - DAG(s) dict_keys(['example_task_group_decorator']) retrieved from /home/eduardo/airflow_venv/lib/python3.10/site-packages/airflow/example_dags/example_task_group_decorator.py
[2024-08-08T22:21:22.944+0400] {logging_mixin.py:151} INFO - [2024-08-08T22:21:22.944+0400] {dag.py:2915} INFO - Sync 1 DAGs
[2024-08-08T22:21:22.962+0400] {logging_mixin.py:151} INFO - [2024-08-08T22:21:22.962+0400] {dag.py:3696} INFO - Setting next_dagrun for example_task_group_decorator to 2024-08-07T18:21:22.961749+00:00, run_after=2024-08-08T18:21:22.961749+00:00
[2024-08-08T22:21:23.002+0400] {processor.py:179} INFO - Processing /home/eduardo/airflow_venv/lib/python3.10/site-packages/airflow/example_dags/example_task_group_decorator.py took 0.103 seconds
[2024-08-08T22:22:00.384+0400] {processor.py:157} INFO - Started process (PID=16325) to work on /home/eduardo/airflow_venv/lib/python3.10/site-packages/airflow/example_dags/example_task_group_decorator.py
[2024-08-08T22:22:00.388+0400] {processor.py:829} INFO - Processing file /home/eduardo/airflow_venv/lib/python3.10/site-packages/airflow/example_dags/example_task_group_decorator.py for tasks to queue
[2024-08-08T22:22:00.389+0400] {logging_mixin.py:151} INFO - [2024-08-08T22:22:00.388+0400] {dagbag.py:539} INFO - Filling up the DagBag from /home/eduardo/airflow_venv/lib/python3.10/site-packages/airflow/example_dags/example_task_group_decorator.py
[2024-08-08T22:22:00.410+0400] {processor.py:839} INFO - DAG(s) dict_keys(['example_task_group_decorator']) retrieved from /home/eduardo/airflow_venv/lib/python3.10/site-packages/airflow/example_dags/example_task_group_decorator.py
[2024-08-08T22:22:00.433+0400] {logging_mixin.py:151} INFO - [2024-08-08T22:22:00.432+0400] {dag.py:2915} INFO - Sync 1 DAGs
[2024-08-08T22:22:00.451+0400] {logging_mixin.py:151} INFO - [2024-08-08T22:22:00.451+0400] {dag.py:3696} INFO - Setting next_dagrun for example_task_group_decorator to 2024-08-07T18:22:00.450836+00:00, run_after=2024-08-08T18:22:00.450836+00:00
[2024-08-08T22:22:00.489+0400] {processor.py:179} INFO - Processing /home/eduardo/airflow_venv/lib/python3.10/site-packages/airflow/example_dags/example_task_group_decorator.py took 0.110 seconds
[2024-08-08T22:22:33.309+0400] {processor.py:157} INFO - Started process (PID=16582) to work on /home/eduardo/airflow_venv/lib/python3.10/site-packages/airflow/example_dags/example_task_group_decorator.py
[2024-08-08T22:22:33.311+0400] {processor.py:829} INFO - Processing file /home/eduardo/airflow_venv/lib/python3.10/site-packages/airflow/example_dags/example_task_group_decorator.py for tasks to queue
[2024-08-08T22:22:33.312+0400] {logging_mixin.py:151} INFO - [2024-08-08T22:22:33.312+0400] {dagbag.py:539} INFO - Filling up the DagBag from /home/eduardo/airflow_venv/lib/python3.10/site-packages/airflow/example_dags/example_task_group_decorator.py
[2024-08-08T22:22:33.330+0400] {processor.py:839} INFO - DAG(s) dict_keys(['example_task_group_decorator']) retrieved from /home/eduardo/airflow_venv/lib/python3.10/site-packages/airflow/example_dags/example_task_group_decorator.py
[2024-08-08T22:22:33.347+0400] {logging_mixin.py:151} INFO - [2024-08-08T22:22:33.346+0400] {dag.py:2915} INFO - Sync 1 DAGs
[2024-08-08T22:22:33.361+0400] {logging_mixin.py:151} INFO - [2024-08-08T22:22:33.361+0400] {dag.py:3696} INFO - Setting next_dagrun for example_task_group_decorator to 2024-08-07T18:22:33.360996+00:00, run_after=2024-08-08T18:22:33.360996+00:00
[2024-08-08T22:22:33.392+0400] {processor.py:179} INFO - Processing /home/eduardo/airflow_venv/lib/python3.10/site-packages/airflow/example_dags/example_task_group_decorator.py took 0.086 seconds
[2024-08-08T22:23:06.720+0400] {processor.py:157} INFO - Started process (PID=16842) to work on /home/eduardo/airflow_venv/lib/python3.10/site-packages/airflow/example_dags/example_task_group_decorator.py
[2024-08-08T22:23:06.723+0400] {processor.py:829} INFO - Processing file /home/eduardo/airflow_venv/lib/python3.10/site-packages/airflow/example_dags/example_task_group_decorator.py for tasks to queue
[2024-08-08T22:23:06.724+0400] {logging_mixin.py:151} INFO - [2024-08-08T22:23:06.723+0400] {dagbag.py:539} INFO - Filling up the DagBag from /home/eduardo/airflow_venv/lib/python3.10/site-packages/airflow/example_dags/example_task_group_decorator.py
[2024-08-08T22:23:06.738+0400] {processor.py:839} INFO - DAG(s) dict_keys(['example_task_group_decorator']) retrieved from /home/eduardo/airflow_venv/lib/python3.10/site-packages/airflow/example_dags/example_task_group_decorator.py
[2024-08-08T22:23:06.755+0400] {logging_mixin.py:151} INFO - [2024-08-08T22:23:06.755+0400] {dag.py:2915} INFO - Sync 1 DAGs
[2024-08-08T22:23:06.776+0400] {logging_mixin.py:151} INFO - [2024-08-08T22:23:06.775+0400] {dag.py:3696} INFO - Setting next_dagrun for example_task_group_decorator to 2024-08-07T18:23:06.775794+00:00, run_after=2024-08-08T18:23:06.775794+00:00
[2024-08-08T22:23:06.809+0400] {processor.py:179} INFO - Processing /home/eduardo/airflow_venv/lib/python3.10/site-packages/airflow/example_dags/example_task_group_decorator.py took 0.092 seconds
