[2024-08-08T20:18:43.817+0400] {processor.py:157} INFO - Started process (PID=6830) to work on /home/eduardo/airflow_venv/lib/python3.10/site-packages/airflow/example_dags/example_kubernetes_executor.py
[2024-08-08T20:18:43.818+0400] {processor.py:829} INFO - Processing file /home/eduardo/airflow_venv/lib/python3.10/site-packages/airflow/example_dags/example_kubernetes_executor.py for tasks to queue
[2024-08-08T20:18:43.818+0400] {logging_mixin.py:151} INFO - [2024-08-08T20:18:43.818+0400] {dagbag.py:539} INFO - Filling up the DagBag from /home/eduardo/airflow_venv/lib/python3.10/site-packages/airflow/example_dags/example_kubernetes_executor.py
[2024-08-08T20:18:43.820+0400] {logging_mixin.py:151} INFO - [2024-08-08T20:18:43.820+0400] {example_kubernetes_executor.py:38} WARNING - The example_kubernetes_executor example DAG requires the kubernetes provider. Please install it with: pip install apache-airflow[cncf.kubernetes]
[2024-08-08T20:18:43.821+0400] {processor.py:841} WARNING - No viable dags retrieved from /home/eduardo/airflow_venv/lib/python3.10/site-packages/airflow/example_dags/example_kubernetes_executor.py
[2024-08-08T20:18:43.829+0400] {processor.py:179} INFO - Processing /home/eduardo/airflow_venv/lib/python3.10/site-packages/airflow/example_dags/example_kubernetes_executor.py took 0.014 seconds
[2024-08-08T20:19:31.712+0400] {processor.py:157} INFO - Started process (PID=6876) to work on /home/eduardo/airflow_venv/lib/python3.10/site-packages/airflow/example_dags/example_kubernetes_executor.py
[2024-08-08T20:19:31.714+0400] {processor.py:829} INFO - Processing file /home/eduardo/airflow_venv/lib/python3.10/site-packages/airflow/example_dags/example_kubernetes_executor.py for tasks to queue
[2024-08-08T20:19:31.715+0400] {logging_mixin.py:151} INFO - [2024-08-08T20:19:31.715+0400] {dagbag.py:539} INFO - Filling up the DagBag from /home/eduardo/airflow_venv/lib/python3.10/site-packages/airflow/example_dags/example_kubernetes_executor.py
[2024-08-08T20:19:31.718+0400] {logging_mixin.py:151} INFO - [2024-08-08T20:19:31.718+0400] {example_kubernetes_executor.py:38} WARNING - The example_kubernetes_executor example DAG requires the kubernetes provider. Please install it with: pip install apache-airflow[cncf.kubernetes]
[2024-08-08T20:19:31.718+0400] {processor.py:841} WARNING - No viable dags retrieved from /home/eduardo/airflow_venv/lib/python3.10/site-packages/airflow/example_dags/example_kubernetes_executor.py
[2024-08-08T20:19:31.728+0400] {processor.py:179} INFO - Processing /home/eduardo/airflow_venv/lib/python3.10/site-packages/airflow/example_dags/example_kubernetes_executor.py took 0.018 seconds
[2024-08-08T20:20:15.111+0400] {processor.py:157} INFO - Started process (PID=6924) to work on /home/eduardo/airflow_venv/lib/python3.10/site-packages/airflow/example_dags/example_kubernetes_executor.py
[2024-08-08T20:20:15.112+0400] {processor.py:829} INFO - Processing file /home/eduardo/airflow_venv/lib/python3.10/site-packages/airflow/example_dags/example_kubernetes_executor.py for tasks to queue
[2024-08-08T20:20:15.112+0400] {logging_mixin.py:151} INFO - [2024-08-08T20:20:15.112+0400] {dagbag.py:539} INFO - Filling up the DagBag from /home/eduardo/airflow_venv/lib/python3.10/site-packages/airflow/example_dags/example_kubernetes_executor.py
[2024-08-08T20:20:15.114+0400] {logging_mixin.py:151} INFO - [2024-08-08T20:20:15.114+0400] {example_kubernetes_executor.py:38} WARNING - The example_kubernetes_executor example DAG requires the kubernetes provider. Please install it with: pip install apache-airflow[cncf.kubernetes]
[2024-08-08T20:20:15.114+0400] {processor.py:841} WARNING - No viable dags retrieved from /home/eduardo/airflow_venv/lib/python3.10/site-packages/airflow/example_dags/example_kubernetes_executor.py
[2024-08-08T20:20:15.120+0400] {processor.py:179} INFO - Processing /home/eduardo/airflow_venv/lib/python3.10/site-packages/airflow/example_dags/example_kubernetes_executor.py took 0.012 seconds
[2024-08-08T20:20:58.933+0400] {processor.py:157} INFO - Started process (PID=6970) to work on /home/eduardo/airflow_venv/lib/python3.10/site-packages/airflow/example_dags/example_kubernetes_executor.py
[2024-08-08T20:20:58.935+0400] {processor.py:829} INFO - Processing file /home/eduardo/airflow_venv/lib/python3.10/site-packages/airflow/example_dags/example_kubernetes_executor.py for tasks to queue
[2024-08-08T20:20:58.935+0400] {logging_mixin.py:151} INFO - [2024-08-08T20:20:58.935+0400] {dagbag.py:539} INFO - Filling up the DagBag from /home/eduardo/airflow_venv/lib/python3.10/site-packages/airflow/example_dags/example_kubernetes_executor.py
[2024-08-08T20:20:58.938+0400] {logging_mixin.py:151} INFO - [2024-08-08T20:20:58.938+0400] {example_kubernetes_executor.py:38} WARNING - The example_kubernetes_executor example DAG requires the kubernetes provider. Please install it with: pip install apache-airflow[cncf.kubernetes]
[2024-08-08T20:20:58.938+0400] {processor.py:841} WARNING - No viable dags retrieved from /home/eduardo/airflow_venv/lib/python3.10/site-packages/airflow/example_dags/example_kubernetes_executor.py
[2024-08-08T20:20:58.949+0400] {processor.py:179} INFO - Processing /home/eduardo/airflow_venv/lib/python3.10/site-packages/airflow/example_dags/example_kubernetes_executor.py took 0.018 seconds
[2024-08-08T20:21:41.726+0400] {processor.py:157} INFO - Started process (PID=7016) to work on /home/eduardo/airflow_venv/lib/python3.10/site-packages/airflow/example_dags/example_kubernetes_executor.py
[2024-08-08T20:21:41.727+0400] {processor.py:829} INFO - Processing file /home/eduardo/airflow_venv/lib/python3.10/site-packages/airflow/example_dags/example_kubernetes_executor.py for tasks to queue
[2024-08-08T20:21:41.728+0400] {logging_mixin.py:151} INFO - [2024-08-08T20:21:41.727+0400] {dagbag.py:539} INFO - Filling up the DagBag from /home/eduardo/airflow_venv/lib/python3.10/site-packages/airflow/example_dags/example_kubernetes_executor.py
[2024-08-08T20:21:41.730+0400] {logging_mixin.py:151} INFO - [2024-08-08T20:21:41.730+0400] {example_kubernetes_executor.py:38} WARNING - The example_kubernetes_executor example DAG requires the kubernetes provider. Please install it with: pip install apache-airflow[cncf.kubernetes]
[2024-08-08T20:21:41.730+0400] {processor.py:841} WARNING - No viable dags retrieved from /home/eduardo/airflow_venv/lib/python3.10/site-packages/airflow/example_dags/example_kubernetes_executor.py
[2024-08-08T20:21:41.739+0400] {processor.py:179} INFO - Processing /home/eduardo/airflow_venv/lib/python3.10/site-packages/airflow/example_dags/example_kubernetes_executor.py took 0.016 seconds
[2024-08-08T20:22:26.790+0400] {processor.py:157} INFO - Started process (PID=7062) to work on /home/eduardo/airflow_venv/lib/python3.10/site-packages/airflow/example_dags/example_kubernetes_executor.py
[2024-08-08T20:22:26.791+0400] {processor.py:829} INFO - Processing file /home/eduardo/airflow_venv/lib/python3.10/site-packages/airflow/example_dags/example_kubernetes_executor.py for tasks to queue
[2024-08-08T20:22:26.791+0400] {logging_mixin.py:151} INFO - [2024-08-08T20:22:26.791+0400] {dagbag.py:539} INFO - Filling up the DagBag from /home/eduardo/airflow_venv/lib/python3.10/site-packages/airflow/example_dags/example_kubernetes_executor.py
[2024-08-08T20:22:26.793+0400] {logging_mixin.py:151} INFO - [2024-08-08T20:22:26.793+0400] {example_kubernetes_executor.py:38} WARNING - The example_kubernetes_executor example DAG requires the kubernetes provider. Please install it with: pip install apache-airflow[cncf.kubernetes]
[2024-08-08T20:22:26.793+0400] {processor.py:841} WARNING - No viable dags retrieved from /home/eduardo/airflow_venv/lib/python3.10/site-packages/airflow/example_dags/example_kubernetes_executor.py
[2024-08-08T20:22:26.800+0400] {processor.py:179} INFO - Processing /home/eduardo/airflow_venv/lib/python3.10/site-packages/airflow/example_dags/example_kubernetes_executor.py took 0.013 seconds
[2024-08-08T20:23:11.969+0400] {processor.py:157} INFO - Started process (PID=7128) to work on /home/eduardo/airflow_venv/lib/python3.10/site-packages/airflow/example_dags/example_kubernetes_executor.py
[2024-08-08T20:23:11.970+0400] {processor.py:829} INFO - Processing file /home/eduardo/airflow_venv/lib/python3.10/site-packages/airflow/example_dags/example_kubernetes_executor.py for tasks to queue
[2024-08-08T20:23:11.971+0400] {logging_mixin.py:151} INFO - [2024-08-08T20:23:11.970+0400] {dagbag.py:539} INFO - Filling up the DagBag from /home/eduardo/airflow_venv/lib/python3.10/site-packages/airflow/example_dags/example_kubernetes_executor.py
[2024-08-08T20:23:11.973+0400] {logging_mixin.py:151} INFO - [2024-08-08T20:23:11.973+0400] {example_kubernetes_executor.py:38} WARNING - The example_kubernetes_executor example DAG requires the kubernetes provider. Please install it with: pip install apache-airflow[cncf.kubernetes]
[2024-08-08T20:23:11.973+0400] {processor.py:841} WARNING - No viable dags retrieved from /home/eduardo/airflow_venv/lib/python3.10/site-packages/airflow/example_dags/example_kubernetes_executor.py
[2024-08-08T20:23:11.981+0400] {processor.py:179} INFO - Processing /home/eduardo/airflow_venv/lib/python3.10/site-packages/airflow/example_dags/example_kubernetes_executor.py took 0.014 seconds
[2024-08-08T20:23:55.446+0400] {processor.py:157} INFO - Started process (PID=7175) to work on /home/eduardo/airflow_venv/lib/python3.10/site-packages/airflow/example_dags/example_kubernetes_executor.py
[2024-08-08T20:23:55.448+0400] {processor.py:829} INFO - Processing file /home/eduardo/airflow_venv/lib/python3.10/site-packages/airflow/example_dags/example_kubernetes_executor.py for tasks to queue
[2024-08-08T20:23:55.448+0400] {logging_mixin.py:151} INFO - [2024-08-08T20:23:55.448+0400] {dagbag.py:539} INFO - Filling up the DagBag from /home/eduardo/airflow_venv/lib/python3.10/site-packages/airflow/example_dags/example_kubernetes_executor.py
[2024-08-08T20:23:55.450+0400] {logging_mixin.py:151} INFO - [2024-08-08T20:23:55.450+0400] {example_kubernetes_executor.py:38} WARNING - The example_kubernetes_executor example DAG requires the kubernetes provider. Please install it with: pip install apache-airflow[cncf.kubernetes]
[2024-08-08T20:23:55.450+0400] {processor.py:841} WARNING - No viable dags retrieved from /home/eduardo/airflow_venv/lib/python3.10/site-packages/airflow/example_dags/example_kubernetes_executor.py
[2024-08-08T20:23:55.457+0400] {processor.py:179} INFO - Processing /home/eduardo/airflow_venv/lib/python3.10/site-packages/airflow/example_dags/example_kubernetes_executor.py took 0.013 seconds
[2024-08-08T20:24:40.595+0400] {processor.py:157} INFO - Started process (PID=7222) to work on /home/eduardo/airflow_venv/lib/python3.10/site-packages/airflow/example_dags/example_kubernetes_executor.py
[2024-08-08T20:24:40.596+0400] {processor.py:829} INFO - Processing file /home/eduardo/airflow_venv/lib/python3.10/site-packages/airflow/example_dags/example_kubernetes_executor.py for tasks to queue
[2024-08-08T20:24:40.597+0400] {logging_mixin.py:151} INFO - [2024-08-08T20:24:40.596+0400] {dagbag.py:539} INFO - Filling up the DagBag from /home/eduardo/airflow_venv/lib/python3.10/site-packages/airflow/example_dags/example_kubernetes_executor.py
[2024-08-08T20:24:40.599+0400] {logging_mixin.py:151} INFO - [2024-08-08T20:24:40.599+0400] {example_kubernetes_executor.py:38} WARNING - The example_kubernetes_executor example DAG requires the kubernetes provider. Please install it with: pip install apache-airflow[cncf.kubernetes]
[2024-08-08T20:24:40.599+0400] {processor.py:841} WARNING - No viable dags retrieved from /home/eduardo/airflow_venv/lib/python3.10/site-packages/airflow/example_dags/example_kubernetes_executor.py
[2024-08-08T20:24:40.608+0400] {processor.py:179} INFO - Processing /home/eduardo/airflow_venv/lib/python3.10/site-packages/airflow/example_dags/example_kubernetes_executor.py took 0.015 seconds
[2024-08-08T20:25:29.851+0400] {processor.py:157} INFO - Started process (PID=7281) to work on /home/eduardo/airflow_venv/lib/python3.10/site-packages/airflow/example_dags/example_kubernetes_executor.py
[2024-08-08T20:25:29.853+0400] {processor.py:829} INFO - Processing file /home/eduardo/airflow_venv/lib/python3.10/site-packages/airflow/example_dags/example_kubernetes_executor.py for tasks to queue
[2024-08-08T20:25:29.853+0400] {logging_mixin.py:151} INFO - [2024-08-08T20:25:29.853+0400] {dagbag.py:539} INFO - Filling up the DagBag from /home/eduardo/airflow_venv/lib/python3.10/site-packages/airflow/example_dags/example_kubernetes_executor.py
[2024-08-08T20:25:29.856+0400] {logging_mixin.py:151} INFO - [2024-08-08T20:25:29.856+0400] {example_kubernetes_executor.py:38} WARNING - The example_kubernetes_executor example DAG requires the kubernetes provider. Please install it with: pip install apache-airflow[cncf.kubernetes]
[2024-08-08T20:25:29.856+0400] {processor.py:841} WARNING - No viable dags retrieved from /home/eduardo/airflow_venv/lib/python3.10/site-packages/airflow/example_dags/example_kubernetes_executor.py
[2024-08-08T20:25:29.863+0400] {processor.py:179} INFO - Processing /home/eduardo/airflow_venv/lib/python3.10/site-packages/airflow/example_dags/example_kubernetes_executor.py took 0.015 seconds
[2024-08-08T20:26:14.044+0400] {processor.py:157} INFO - Started process (PID=7327) to work on /home/eduardo/airflow_venv/lib/python3.10/site-packages/airflow/example_dags/example_kubernetes_executor.py
[2024-08-08T20:26:14.046+0400] {processor.py:829} INFO - Processing file /home/eduardo/airflow_venv/lib/python3.10/site-packages/airflow/example_dags/example_kubernetes_executor.py for tasks to queue
[2024-08-08T20:26:14.047+0400] {logging_mixin.py:151} INFO - [2024-08-08T20:26:14.046+0400] {dagbag.py:539} INFO - Filling up the DagBag from /home/eduardo/airflow_venv/lib/python3.10/site-packages/airflow/example_dags/example_kubernetes_executor.py
[2024-08-08T20:26:14.049+0400] {logging_mixin.py:151} INFO - [2024-08-08T20:26:14.048+0400] {example_kubernetes_executor.py:38} WARNING - The example_kubernetes_executor example DAG requires the kubernetes provider. Please install it with: pip install apache-airflow[cncf.kubernetes]
[2024-08-08T20:26:14.049+0400] {processor.py:841} WARNING - No viable dags retrieved from /home/eduardo/airflow_venv/lib/python3.10/site-packages/airflow/example_dags/example_kubernetes_executor.py
[2024-08-08T20:26:14.056+0400] {processor.py:179} INFO - Processing /home/eduardo/airflow_venv/lib/python3.10/site-packages/airflow/example_dags/example_kubernetes_executor.py took 0.014 seconds
[2024-08-08T22:09:55.897+0400] {processor.py:157} INFO - Started process (PID=9668) to work on /home/eduardo/airflow_venv/lib/python3.10/site-packages/airflow/example_dags/example_kubernetes_executor.py
[2024-08-08T22:09:55.901+0400] {processor.py:829} INFO - Processing file /home/eduardo/airflow_venv/lib/python3.10/site-packages/airflow/example_dags/example_kubernetes_executor.py for tasks to queue
[2024-08-08T22:09:55.902+0400] {logging_mixin.py:151} INFO - [2024-08-08T22:09:55.902+0400] {dagbag.py:539} INFO - Filling up the DagBag from /home/eduardo/airflow_venv/lib/python3.10/site-packages/airflow/example_dags/example_kubernetes_executor.py
[2024-08-08T22:09:55.905+0400] {logging_mixin.py:151} INFO - [2024-08-08T22:09:55.905+0400] {example_kubernetes_executor.py:38} WARNING - The example_kubernetes_executor example DAG requires the kubernetes provider. Please install it with: pip install apache-airflow[cncf.kubernetes]
[2024-08-08T22:09:55.905+0400] {processor.py:841} WARNING - No viable dags retrieved from /home/eduardo/airflow_venv/lib/python3.10/site-packages/airflow/example_dags/example_kubernetes_executor.py
[2024-08-08T22:09:55.916+0400] {processor.py:179} INFO - Processing /home/eduardo/airflow_venv/lib/python3.10/site-packages/airflow/example_dags/example_kubernetes_executor.py took 0.022 seconds
[2024-08-08T22:10:42.720+0400] {processor.py:157} INFO - Started process (PID=10173) to work on /home/eduardo/airflow_venv/lib/python3.10/site-packages/airflow/example_dags/example_kubernetes_executor.py
[2024-08-08T22:10:42.724+0400] {processor.py:829} INFO - Processing file /home/eduardo/airflow_venv/lib/python3.10/site-packages/airflow/example_dags/example_kubernetes_executor.py for tasks to queue
[2024-08-08T22:10:42.726+0400] {logging_mixin.py:151} INFO - [2024-08-08T22:10:42.725+0400] {dagbag.py:539} INFO - Filling up the DagBag from /home/eduardo/airflow_venv/lib/python3.10/site-packages/airflow/example_dags/example_kubernetes_executor.py
[2024-08-08T22:10:42.731+0400] {logging_mixin.py:151} INFO - [2024-08-08T22:10:42.731+0400] {example_kubernetes_executor.py:38} WARNING - The example_kubernetes_executor example DAG requires the kubernetes provider. Please install it with: pip install apache-airflow[cncf.kubernetes]
[2024-08-08T22:10:42.732+0400] {processor.py:841} WARNING - No viable dags retrieved from /home/eduardo/airflow_venv/lib/python3.10/site-packages/airflow/example_dags/example_kubernetes_executor.py
[2024-08-08T22:10:42.745+0400] {processor.py:179} INFO - Processing /home/eduardo/airflow_venv/lib/python3.10/site-packages/airflow/example_dags/example_kubernetes_executor.py took 0.031 seconds
[2024-08-08T22:11:34.808+0400] {processor.py:157} INFO - Started process (PID=10737) to work on /home/eduardo/airflow_venv/lib/python3.10/site-packages/airflow/example_dags/example_kubernetes_executor.py
[2024-08-08T22:11:34.811+0400] {processor.py:829} INFO - Processing file /home/eduardo/airflow_venv/lib/python3.10/site-packages/airflow/example_dags/example_kubernetes_executor.py for tasks to queue
[2024-08-08T22:11:34.812+0400] {logging_mixin.py:151} INFO - [2024-08-08T22:11:34.811+0400] {dagbag.py:539} INFO - Filling up the DagBag from /home/eduardo/airflow_venv/lib/python3.10/site-packages/airflow/example_dags/example_kubernetes_executor.py
[2024-08-08T22:11:34.815+0400] {logging_mixin.py:151} INFO - [2024-08-08T22:11:34.815+0400] {example_kubernetes_executor.py:38} WARNING - The example_kubernetes_executor example DAG requires the kubernetes provider. Please install it with: pip install apache-airflow[cncf.kubernetes]
[2024-08-08T22:11:34.815+0400] {processor.py:841} WARNING - No viable dags retrieved from /home/eduardo/airflow_venv/lib/python3.10/site-packages/airflow/example_dags/example_kubernetes_executor.py
[2024-08-08T22:11:34.826+0400] {processor.py:179} INFO - Processing /home/eduardo/airflow_venv/lib/python3.10/site-packages/airflow/example_dags/example_kubernetes_executor.py took 0.022 seconds
[2024-08-08T22:12:25.041+0400] {processor.py:157} INFO - Started process (PID=11127) to work on /home/eduardo/airflow_venv/lib/python3.10/site-packages/airflow/example_dags/example_kubernetes_executor.py
[2024-08-08T22:12:25.044+0400] {processor.py:829} INFO - Processing file /home/eduardo/airflow_venv/lib/python3.10/site-packages/airflow/example_dags/example_kubernetes_executor.py for tasks to queue
[2024-08-08T22:12:25.045+0400] {logging_mixin.py:151} INFO - [2024-08-08T22:12:25.044+0400] {dagbag.py:539} INFO - Filling up the DagBag from /home/eduardo/airflow_venv/lib/python3.10/site-packages/airflow/example_dags/example_kubernetes_executor.py
[2024-08-08T22:12:25.049+0400] {logging_mixin.py:151} INFO - [2024-08-08T22:12:25.049+0400] {example_kubernetes_executor.py:38} WARNING - The example_kubernetes_executor example DAG requires the kubernetes provider. Please install it with: pip install apache-airflow[cncf.kubernetes]
[2024-08-08T22:12:25.050+0400] {processor.py:841} WARNING - No viable dags retrieved from /home/eduardo/airflow_venv/lib/python3.10/site-packages/airflow/example_dags/example_kubernetes_executor.py
[2024-08-08T22:12:25.064+0400] {processor.py:179} INFO - Processing /home/eduardo/airflow_venv/lib/python3.10/site-packages/airflow/example_dags/example_kubernetes_executor.py took 0.027 seconds
[2024-08-08T22:13:12.120+0400] {processor.py:157} INFO - Started process (PID=11496) to work on /home/eduardo/airflow_venv/lib/python3.10/site-packages/airflow/example_dags/example_kubernetes_executor.py
[2024-08-08T22:13:12.122+0400] {processor.py:829} INFO - Processing file /home/eduardo/airflow_venv/lib/python3.10/site-packages/airflow/example_dags/example_kubernetes_executor.py for tasks to queue
[2024-08-08T22:13:12.123+0400] {logging_mixin.py:151} INFO - [2024-08-08T22:13:12.122+0400] {dagbag.py:539} INFO - Filling up the DagBag from /home/eduardo/airflow_venv/lib/python3.10/site-packages/airflow/example_dags/example_kubernetes_executor.py
[2024-08-08T22:13:12.125+0400] {logging_mixin.py:151} INFO - [2024-08-08T22:13:12.125+0400] {example_kubernetes_executor.py:38} WARNING - The example_kubernetes_executor example DAG requires the kubernetes provider. Please install it with: pip install apache-airflow[cncf.kubernetes]
[2024-08-08T22:13:12.125+0400] {processor.py:841} WARNING - No viable dags retrieved from /home/eduardo/airflow_venv/lib/python3.10/site-packages/airflow/example_dags/example_kubernetes_executor.py
[2024-08-08T22:13:12.135+0400] {processor.py:179} INFO - Processing /home/eduardo/airflow_venv/lib/python3.10/site-packages/airflow/example_dags/example_kubernetes_executor.py took 0.018 seconds
[2024-08-08T22:13:58.036+0400] {processor.py:157} INFO - Started process (PID=12015) to work on /home/eduardo/airflow_venv/lib/python3.10/site-packages/airflow/example_dags/example_kubernetes_executor.py
[2024-08-08T22:13:58.038+0400] {processor.py:829} INFO - Processing file /home/eduardo/airflow_venv/lib/python3.10/site-packages/airflow/example_dags/example_kubernetes_executor.py for tasks to queue
[2024-08-08T22:13:58.039+0400] {logging_mixin.py:151} INFO - [2024-08-08T22:13:58.039+0400] {dagbag.py:539} INFO - Filling up the DagBag from /home/eduardo/airflow_venv/lib/python3.10/site-packages/airflow/example_dags/example_kubernetes_executor.py
[2024-08-08T22:13:58.042+0400] {logging_mixin.py:151} INFO - [2024-08-08T22:13:58.042+0400] {example_kubernetes_executor.py:38} WARNING - The example_kubernetes_executor example DAG requires the kubernetes provider. Please install it with: pip install apache-airflow[cncf.kubernetes]
[2024-08-08T22:13:58.042+0400] {processor.py:841} WARNING - No viable dags retrieved from /home/eduardo/airflow_venv/lib/python3.10/site-packages/airflow/example_dags/example_kubernetes_executor.py
[2024-08-08T22:13:58.050+0400] {processor.py:179} INFO - Processing /home/eduardo/airflow_venv/lib/python3.10/site-packages/airflow/example_dags/example_kubernetes_executor.py took 0.017 seconds
[2024-08-08T22:14:49.329+0400] {processor.py:157} INFO - Started process (PID=12540) to work on /home/eduardo/airflow_venv/lib/python3.10/site-packages/airflow/example_dags/example_kubernetes_executor.py
[2024-08-08T22:14:49.332+0400] {processor.py:829} INFO - Processing file /home/eduardo/airflow_venv/lib/python3.10/site-packages/airflow/example_dags/example_kubernetes_executor.py for tasks to queue
[2024-08-08T22:14:49.334+0400] {logging_mixin.py:151} INFO - [2024-08-08T22:14:49.334+0400] {dagbag.py:539} INFO - Filling up the DagBag from /home/eduardo/airflow_venv/lib/python3.10/site-packages/airflow/example_dags/example_kubernetes_executor.py
[2024-08-08T22:14:49.338+0400] {logging_mixin.py:151} INFO - [2024-08-08T22:14:49.338+0400] {example_kubernetes_executor.py:38} WARNING - The example_kubernetes_executor example DAG requires the kubernetes provider. Please install it with: pip install apache-airflow[cncf.kubernetes]
[2024-08-08T22:14:49.338+0400] {processor.py:841} WARNING - No viable dags retrieved from /home/eduardo/airflow_venv/lib/python3.10/site-packages/airflow/example_dags/example_kubernetes_executor.py
[2024-08-08T22:14:49.348+0400] {processor.py:179} INFO - Processing /home/eduardo/airflow_venv/lib/python3.10/site-packages/airflow/example_dags/example_kubernetes_executor.py took 0.024 seconds
[2024-08-08T22:15:41.901+0400] {processor.py:157} INFO - Started process (PID=13022) to work on /home/eduardo/airflow_venv/lib/python3.10/site-packages/airflow/example_dags/example_kubernetes_executor.py
[2024-08-08T22:15:41.904+0400] {processor.py:829} INFO - Processing file /home/eduardo/airflow_venv/lib/python3.10/site-packages/airflow/example_dags/example_kubernetes_executor.py for tasks to queue
[2024-08-08T22:15:41.905+0400] {logging_mixin.py:151} INFO - [2024-08-08T22:15:41.905+0400] {dagbag.py:539} INFO - Filling up the DagBag from /home/eduardo/airflow_venv/lib/python3.10/site-packages/airflow/example_dags/example_kubernetes_executor.py
[2024-08-08T22:15:41.908+0400] {logging_mixin.py:151} INFO - [2024-08-08T22:15:41.907+0400] {example_kubernetes_executor.py:38} WARNING - The example_kubernetes_executor example DAG requires the kubernetes provider. Please install it with: pip install apache-airflow[cncf.kubernetes]
[2024-08-08T22:15:41.908+0400] {processor.py:841} WARNING - No viable dags retrieved from /home/eduardo/airflow_venv/lib/python3.10/site-packages/airflow/example_dags/example_kubernetes_executor.py
[2024-08-08T22:15:41.916+0400] {processor.py:179} INFO - Processing /home/eduardo/airflow_venv/lib/python3.10/site-packages/airflow/example_dags/example_kubernetes_executor.py took 0.018 seconds
[2024-08-08T22:16:31.354+0400] {processor.py:157} INFO - Started process (PID=13414) to work on /home/eduardo/airflow_venv/lib/python3.10/site-packages/airflow/example_dags/example_kubernetes_executor.py
[2024-08-08T22:16:31.356+0400] {processor.py:829} INFO - Processing file /home/eduardo/airflow_venv/lib/python3.10/site-packages/airflow/example_dags/example_kubernetes_executor.py for tasks to queue
[2024-08-08T22:16:31.357+0400] {logging_mixin.py:151} INFO - [2024-08-08T22:16:31.356+0400] {dagbag.py:539} INFO - Filling up the DagBag from /home/eduardo/airflow_venv/lib/python3.10/site-packages/airflow/example_dags/example_kubernetes_executor.py
[2024-08-08T22:16:31.359+0400] {logging_mixin.py:151} INFO - [2024-08-08T22:16:31.359+0400] {example_kubernetes_executor.py:38} WARNING - The example_kubernetes_executor example DAG requires the kubernetes provider. Please install it with: pip install apache-airflow[cncf.kubernetes]
[2024-08-08T22:16:31.359+0400] {processor.py:841} WARNING - No viable dags retrieved from /home/eduardo/airflow_venv/lib/python3.10/site-packages/airflow/example_dags/example_kubernetes_executor.py
[2024-08-08T22:16:31.373+0400] {processor.py:179} INFO - Processing /home/eduardo/airflow_venv/lib/python3.10/site-packages/airflow/example_dags/example_kubernetes_executor.py took 0.023 seconds
[2024-08-08T22:17:25.805+0400] {processor.py:157} INFO - Started process (PID=14040) to work on /home/eduardo/airflow_venv/lib/python3.10/site-packages/airflow/example_dags/example_kubernetes_executor.py
[2024-08-08T22:17:25.808+0400] {processor.py:829} INFO - Processing file /home/eduardo/airflow_venv/lib/python3.10/site-packages/airflow/example_dags/example_kubernetes_executor.py for tasks to queue
[2024-08-08T22:17:25.809+0400] {logging_mixin.py:151} INFO - [2024-08-08T22:17:25.809+0400] {dagbag.py:539} INFO - Filling up the DagBag from /home/eduardo/airflow_venv/lib/python3.10/site-packages/airflow/example_dags/example_kubernetes_executor.py
[2024-08-08T22:17:25.813+0400] {logging_mixin.py:151} INFO - [2024-08-08T22:17:25.813+0400] {example_kubernetes_executor.py:38} WARNING - The example_kubernetes_executor example DAG requires the kubernetes provider. Please install it with: pip install apache-airflow[cncf.kubernetes]
[2024-08-08T22:17:25.813+0400] {processor.py:841} WARNING - No viable dags retrieved from /home/eduardo/airflow_venv/lib/python3.10/site-packages/airflow/example_dags/example_kubernetes_executor.py
[2024-08-08T22:17:25.824+0400] {processor.py:179} INFO - Processing /home/eduardo/airflow_venv/lib/python3.10/site-packages/airflow/example_dags/example_kubernetes_executor.py took 0.023 seconds
[2024-08-08T22:18:16.701+0400] {processor.py:157} INFO - Started process (PID=14441) to work on /home/eduardo/airflow_venv/lib/python3.10/site-packages/airflow/example_dags/example_kubernetes_executor.py
[2024-08-08T22:18:16.704+0400] {processor.py:829} INFO - Processing file /home/eduardo/airflow_venv/lib/python3.10/site-packages/airflow/example_dags/example_kubernetes_executor.py for tasks to queue
[2024-08-08T22:18:16.705+0400] {logging_mixin.py:151} INFO - [2024-08-08T22:18:16.704+0400] {dagbag.py:539} INFO - Filling up the DagBag from /home/eduardo/airflow_venv/lib/python3.10/site-packages/airflow/example_dags/example_kubernetes_executor.py
[2024-08-08T22:18:16.709+0400] {logging_mixin.py:151} INFO - [2024-08-08T22:18:16.709+0400] {example_kubernetes_executor.py:38} WARNING - The example_kubernetes_executor example DAG requires the kubernetes provider. Please install it with: pip install apache-airflow[cncf.kubernetes]
[2024-08-08T22:18:16.709+0400] {processor.py:841} WARNING - No viable dags retrieved from /home/eduardo/airflow_venv/lib/python3.10/site-packages/airflow/example_dags/example_kubernetes_executor.py
[2024-08-08T22:18:16.719+0400] {processor.py:179} INFO - Processing /home/eduardo/airflow_venv/lib/python3.10/site-packages/airflow/example_dags/example_kubernetes_executor.py took 0.021 seconds
[2024-08-08T22:19:05.605+0400] {processor.py:157} INFO - Started process (PID=14816) to work on /home/eduardo/airflow_venv/lib/python3.10/site-packages/airflow/example_dags/example_kubernetes_executor.py
[2024-08-08T22:19:05.608+0400] {processor.py:829} INFO - Processing file /home/eduardo/airflow_venv/lib/python3.10/site-packages/airflow/example_dags/example_kubernetes_executor.py for tasks to queue
[2024-08-08T22:19:05.609+0400] {logging_mixin.py:151} INFO - [2024-08-08T22:19:05.608+0400] {dagbag.py:539} INFO - Filling up the DagBag from /home/eduardo/airflow_venv/lib/python3.10/site-packages/airflow/example_dags/example_kubernetes_executor.py
[2024-08-08T22:19:05.611+0400] {logging_mixin.py:151} INFO - [2024-08-08T22:19:05.611+0400] {example_kubernetes_executor.py:38} WARNING - The example_kubernetes_executor example DAG requires the kubernetes provider. Please install it with: pip install apache-airflow[cncf.kubernetes]
[2024-08-08T22:19:05.612+0400] {processor.py:841} WARNING - No viable dags retrieved from /home/eduardo/airflow_venv/lib/python3.10/site-packages/airflow/example_dags/example_kubernetes_executor.py
[2024-08-08T22:19:05.626+0400] {processor.py:179} INFO - Processing /home/eduardo/airflow_venv/lib/python3.10/site-packages/airflow/example_dags/example_kubernetes_executor.py took 0.024 seconds
[2024-08-08T22:19:52.880+0400] {processor.py:157} INFO - Started process (PID=15214) to work on /home/eduardo/airflow_venv/lib/python3.10/site-packages/airflow/example_dags/example_kubernetes_executor.py
[2024-08-08T22:19:52.883+0400] {processor.py:829} INFO - Processing file /home/eduardo/airflow_venv/lib/python3.10/site-packages/airflow/example_dags/example_kubernetes_executor.py for tasks to queue
[2024-08-08T22:19:52.884+0400] {logging_mixin.py:151} INFO - [2024-08-08T22:19:52.884+0400] {dagbag.py:539} INFO - Filling up the DagBag from /home/eduardo/airflow_venv/lib/python3.10/site-packages/airflow/example_dags/example_kubernetes_executor.py
[2024-08-08T22:19:52.886+0400] {logging_mixin.py:151} INFO - [2024-08-08T22:19:52.886+0400] {example_kubernetes_executor.py:38} WARNING - The example_kubernetes_executor example DAG requires the kubernetes provider. Please install it with: pip install apache-airflow[cncf.kubernetes]
[2024-08-08T22:19:52.886+0400] {processor.py:841} WARNING - No viable dags retrieved from /home/eduardo/airflow_venv/lib/python3.10/site-packages/airflow/example_dags/example_kubernetes_executor.py
[2024-08-08T22:19:52.895+0400] {processor.py:179} INFO - Processing /home/eduardo/airflow_venv/lib/python3.10/site-packages/airflow/example_dags/example_kubernetes_executor.py took 0.017 seconds
[2024-08-08T22:20:44.727+0400] {processor.py:157} INFO - Started process (PID=15621) to work on /home/eduardo/airflow_venv/lib/python3.10/site-packages/airflow/example_dags/example_kubernetes_executor.py
[2024-08-08T22:20:44.730+0400] {processor.py:829} INFO - Processing file /home/eduardo/airflow_venv/lib/python3.10/site-packages/airflow/example_dags/example_kubernetes_executor.py for tasks to queue
[2024-08-08T22:20:44.731+0400] {logging_mixin.py:151} INFO - [2024-08-08T22:20:44.730+0400] {dagbag.py:539} INFO - Filling up the DagBag from /home/eduardo/airflow_venv/lib/python3.10/site-packages/airflow/example_dags/example_kubernetes_executor.py
[2024-08-08T22:20:44.734+0400] {logging_mixin.py:151} INFO - [2024-08-08T22:20:44.734+0400] {example_kubernetes_executor.py:38} WARNING - The example_kubernetes_executor example DAG requires the kubernetes provider. Please install it with: pip install apache-airflow[cncf.kubernetes]
[2024-08-08T22:20:44.734+0400] {processor.py:841} WARNING - No viable dags retrieved from /home/eduardo/airflow_venv/lib/python3.10/site-packages/airflow/example_dags/example_kubernetes_executor.py
[2024-08-08T22:20:44.742+0400] {processor.py:179} INFO - Processing /home/eduardo/airflow_venv/lib/python3.10/site-packages/airflow/example_dags/example_kubernetes_executor.py took 0.018 seconds
[2024-08-08T22:21:37.429+0400] {processor.py:157} INFO - Started process (PID=16146) to work on /home/eduardo/airflow_venv/lib/python3.10/site-packages/airflow/example_dags/example_kubernetes_executor.py
[2024-08-08T22:21:37.432+0400] {processor.py:829} INFO - Processing file /home/eduardo/airflow_venv/lib/python3.10/site-packages/airflow/example_dags/example_kubernetes_executor.py for tasks to queue
[2024-08-08T22:21:37.433+0400] {logging_mixin.py:151} INFO - [2024-08-08T22:21:37.432+0400] {dagbag.py:539} INFO - Filling up the DagBag from /home/eduardo/airflow_venv/lib/python3.10/site-packages/airflow/example_dags/example_kubernetes_executor.py
[2024-08-08T22:21:37.435+0400] {logging_mixin.py:151} INFO - [2024-08-08T22:21:37.435+0400] {example_kubernetes_executor.py:38} WARNING - The example_kubernetes_executor example DAG requires the kubernetes provider. Please install it with: pip install apache-airflow[cncf.kubernetes]
[2024-08-08T22:21:37.435+0400] {processor.py:841} WARNING - No viable dags retrieved from /home/eduardo/airflow_venv/lib/python3.10/site-packages/airflow/example_dags/example_kubernetes_executor.py
[2024-08-08T22:21:37.449+0400] {processor.py:179} INFO - Processing /home/eduardo/airflow_venv/lib/python3.10/site-packages/airflow/example_dags/example_kubernetes_executor.py took 0.022 seconds
[2024-08-08T22:22:29.305+0400] {processor.py:157} INFO - Started process (PID=16549) to work on /home/eduardo/airflow_venv/lib/python3.10/site-packages/airflow/example_dags/example_kubernetes_executor.py
[2024-08-08T22:22:29.307+0400] {processor.py:829} INFO - Processing file /home/eduardo/airflow_venv/lib/python3.10/site-packages/airflow/example_dags/example_kubernetes_executor.py for tasks to queue
[2024-08-08T22:22:29.308+0400] {logging_mixin.py:151} INFO - [2024-08-08T22:22:29.307+0400] {dagbag.py:539} INFO - Filling up the DagBag from /home/eduardo/airflow_venv/lib/python3.10/site-packages/airflow/example_dags/example_kubernetes_executor.py
[2024-08-08T22:22:29.312+0400] {logging_mixin.py:151} INFO - [2024-08-08T22:22:29.312+0400] {example_kubernetes_executor.py:38} WARNING - The example_kubernetes_executor example DAG requires the kubernetes provider. Please install it with: pip install apache-airflow[cncf.kubernetes]
[2024-08-08T22:22:29.313+0400] {processor.py:841} WARNING - No viable dags retrieved from /home/eduardo/airflow_venv/lib/python3.10/site-packages/airflow/example_dags/example_kubernetes_executor.py
[2024-08-08T22:22:29.325+0400] {processor.py:179} INFO - Processing /home/eduardo/airflow_venv/lib/python3.10/site-packages/airflow/example_dags/example_kubernetes_executor.py took 0.023 seconds
[2024-08-08T22:23:19.683+0400] {processor.py:157} INFO - Started process (PID=16990) to work on /home/eduardo/airflow_venv/lib/python3.10/site-packages/airflow/example_dags/example_kubernetes_executor.py
[2024-08-08T22:23:19.686+0400] {processor.py:829} INFO - Processing file /home/eduardo/airflow_venv/lib/python3.10/site-packages/airflow/example_dags/example_kubernetes_executor.py for tasks to queue
[2024-08-08T22:23:19.687+0400] {logging_mixin.py:151} INFO - [2024-08-08T22:23:19.686+0400] {dagbag.py:539} INFO - Filling up the DagBag from /home/eduardo/airflow_venv/lib/python3.10/site-packages/airflow/example_dags/example_kubernetes_executor.py
[2024-08-08T22:23:19.690+0400] {logging_mixin.py:151} INFO - [2024-08-08T22:23:19.690+0400] {example_kubernetes_executor.py:38} WARNING - The example_kubernetes_executor example DAG requires the kubernetes provider. Please install it with: pip install apache-airflow[cncf.kubernetes]
[2024-08-08T22:23:19.690+0400] {processor.py:841} WARNING - No viable dags retrieved from /home/eduardo/airflow_venv/lib/python3.10/site-packages/airflow/example_dags/example_kubernetes_executor.py
[2024-08-08T22:23:19.702+0400] {processor.py:179} INFO - Processing /home/eduardo/airflow_venv/lib/python3.10/site-packages/airflow/example_dags/example_kubernetes_executor.py took 0.022 seconds
