[2024-08-08T20:18:35.440+0400] {processor.py:157} INFO - Started process (PID=6821) to work on /home/eduardo/airflow_venv/lib/python3.10/site-packages/airflow/example_dags/example_sensor_decorator.py
[2024-08-08T20:18:35.441+0400] {processor.py:829} INFO - Processing file /home/eduardo/airflow_venv/lib/python3.10/site-packages/airflow/example_dags/example_sensor_decorator.py for tasks to queue
[2024-08-08T20:18:35.441+0400] {logging_mixin.py:151} INFO - [2024-08-08T20:18:35.441+0400] {dagbag.py:539} INFO - Filling up the DagBag from /home/eduardo/airflow_venv/lib/python3.10/site-packages/airflow/example_dags/example_sensor_decorator.py
[2024-08-08T20:18:35.448+0400] {processor.py:839} INFO - DAG(s) dict_keys(['example_sensor_decorator']) retrieved from /home/eduardo/airflow_venv/lib/python3.10/site-packages/airflow/example_dags/example_sensor_decorator.py
[2024-08-08T20:18:35.582+0400] {logging_mixin.py:151} INFO - [2024-08-08T20:18:35.582+0400] {manager.py:499} INFO - Created Permission View: %s
[2024-08-08T20:18:35.604+0400] {logging_mixin.py:151} INFO - [2024-08-08T20:18:35.604+0400] {manager.py:499} INFO - Created Permission View: %s
[2024-08-08T20:18:35.640+0400] {logging_mixin.py:151} INFO - [2024-08-08T20:18:35.640+0400] {manager.py:499} INFO - Created Permission View: %s
[2024-08-08T20:18:35.640+0400] {logging_mixin.py:151} INFO - [2024-08-08T20:18:35.640+0400] {security.py:708} INFO - Not syncing DAG-level permissions for DAG 'DAG:example_sensor_decorator' as access control is unset.
[2024-08-08T20:18:35.640+0400] {logging_mixin.py:151} INFO - [2024-08-08T20:18:35.640+0400] {dag.py:2915} INFO - Sync 1 DAGs
[2024-08-08T20:18:35.648+0400] {logging_mixin.py:151} INFO - [2024-08-08T20:18:35.648+0400] {dag.py:2937} INFO - Creating ORM DAG for example_sensor_decorator
[2024-08-08T20:18:35.649+0400] {logging_mixin.py:151} INFO - [2024-08-08T20:18:35.649+0400] {dag.py:3696} INFO - Setting next_dagrun for example_sensor_decorator to None, run_after=None
[2024-08-08T20:18:35.788+0400] {processor.py:179} INFO - Processing /home/eduardo/airflow_venv/lib/python3.10/site-packages/airflow/example_dags/example_sensor_decorator.py took 0.351 seconds
[2024-08-08T20:19:24.504+0400] {processor.py:157} INFO - Started process (PID=6869) to work on /home/eduardo/airflow_venv/lib/python3.10/site-packages/airflow/example_dags/example_sensor_decorator.py
[2024-08-08T20:19:24.507+0400] {processor.py:829} INFO - Processing file /home/eduardo/airflow_venv/lib/python3.10/site-packages/airflow/example_dags/example_sensor_decorator.py for tasks to queue
[2024-08-08T20:19:24.508+0400] {logging_mixin.py:151} INFO - [2024-08-08T20:19:24.507+0400] {dagbag.py:539} INFO - Filling up the DagBag from /home/eduardo/airflow_venv/lib/python3.10/site-packages/airflow/example_dags/example_sensor_decorator.py
[2024-08-08T20:19:24.513+0400] {processor.py:839} INFO - DAG(s) dict_keys(['example_sensor_decorator']) retrieved from /home/eduardo/airflow_venv/lib/python3.10/site-packages/airflow/example_dags/example_sensor_decorator.py
[2024-08-08T20:19:24.527+0400] {logging_mixin.py:151} INFO - [2024-08-08T20:19:24.526+0400] {dag.py:2915} INFO - Sync 1 DAGs
[2024-08-08T20:19:24.535+0400] {logging_mixin.py:151} INFO - [2024-08-08T20:19:24.534+0400] {dag.py:3696} INFO - Setting next_dagrun for example_sensor_decorator to None, run_after=None
[2024-08-08T20:19:24.562+0400] {processor.py:179} INFO - Processing /home/eduardo/airflow_venv/lib/python3.10/site-packages/airflow/example_dags/example_sensor_decorator.py took 0.061 seconds
[2024-08-08T20:20:09.501+0400] {processor.py:157} INFO - Started process (PID=6917) to work on /home/eduardo/airflow_venv/lib/python3.10/site-packages/airflow/example_dags/example_sensor_decorator.py
[2024-08-08T20:20:09.502+0400] {processor.py:829} INFO - Processing file /home/eduardo/airflow_venv/lib/python3.10/site-packages/airflow/example_dags/example_sensor_decorator.py for tasks to queue
[2024-08-08T20:20:09.503+0400] {logging_mixin.py:151} INFO - [2024-08-08T20:20:09.503+0400] {dagbag.py:539} INFO - Filling up the DagBag from /home/eduardo/airflow_venv/lib/python3.10/site-packages/airflow/example_dags/example_sensor_decorator.py
[2024-08-08T20:20:09.507+0400] {processor.py:839} INFO - DAG(s) dict_keys(['example_sensor_decorator']) retrieved from /home/eduardo/airflow_venv/lib/python3.10/site-packages/airflow/example_dags/example_sensor_decorator.py
[2024-08-08T20:20:09.520+0400] {logging_mixin.py:151} INFO - [2024-08-08T20:20:09.520+0400] {dag.py:2915} INFO - Sync 1 DAGs
[2024-08-08T20:20:09.530+0400] {logging_mixin.py:151} INFO - [2024-08-08T20:20:09.529+0400] {dag.py:3696} INFO - Setting next_dagrun for example_sensor_decorator to None, run_after=None
[2024-08-08T20:20:09.557+0400] {processor.py:179} INFO - Processing /home/eduardo/airflow_venv/lib/python3.10/site-packages/airflow/example_dags/example_sensor_decorator.py took 0.058 seconds
[2024-08-08T20:20:52.027+0400] {processor.py:157} INFO - Started process (PID=6963) to work on /home/eduardo/airflow_venv/lib/python3.10/site-packages/airflow/example_dags/example_sensor_decorator.py
[2024-08-08T20:20:52.029+0400] {processor.py:829} INFO - Processing file /home/eduardo/airflow_venv/lib/python3.10/site-packages/airflow/example_dags/example_sensor_decorator.py for tasks to queue
[2024-08-08T20:20:52.029+0400] {logging_mixin.py:151} INFO - [2024-08-08T20:20:52.029+0400] {dagbag.py:539} INFO - Filling up the DagBag from /home/eduardo/airflow_venv/lib/python3.10/site-packages/airflow/example_dags/example_sensor_decorator.py
[2024-08-08T20:20:52.033+0400] {processor.py:839} INFO - DAG(s) dict_keys(['example_sensor_decorator']) retrieved from /home/eduardo/airflow_venv/lib/python3.10/site-packages/airflow/example_dags/example_sensor_decorator.py
[2024-08-08T20:20:52.043+0400] {logging_mixin.py:151} INFO - [2024-08-08T20:20:52.043+0400] {dag.py:2915} INFO - Sync 1 DAGs
[2024-08-08T20:20:52.050+0400] {logging_mixin.py:151} INFO - [2024-08-08T20:20:52.050+0400] {dag.py:3696} INFO - Setting next_dagrun for example_sensor_decorator to None, run_after=None
[2024-08-08T20:20:52.075+0400] {processor.py:179} INFO - Processing /home/eduardo/airflow_venv/lib/python3.10/site-packages/airflow/example_dags/example_sensor_decorator.py took 0.050 seconds
[2024-08-08T20:21:34.324+0400] {processor.py:157} INFO - Started process (PID=7009) to work on /home/eduardo/airflow_venv/lib/python3.10/site-packages/airflow/example_dags/example_sensor_decorator.py
[2024-08-08T20:21:34.325+0400] {processor.py:829} INFO - Processing file /home/eduardo/airflow_venv/lib/python3.10/site-packages/airflow/example_dags/example_sensor_decorator.py for tasks to queue
[2024-08-08T20:21:34.326+0400] {logging_mixin.py:151} INFO - [2024-08-08T20:21:34.326+0400] {dagbag.py:539} INFO - Filling up the DagBag from /home/eduardo/airflow_venv/lib/python3.10/site-packages/airflow/example_dags/example_sensor_decorator.py
[2024-08-08T20:21:34.330+0400] {processor.py:839} INFO - DAG(s) dict_keys(['example_sensor_decorator']) retrieved from /home/eduardo/airflow_venv/lib/python3.10/site-packages/airflow/example_dags/example_sensor_decorator.py
[2024-08-08T20:21:34.342+0400] {logging_mixin.py:151} INFO - [2024-08-08T20:21:34.342+0400] {dag.py:2915} INFO - Sync 1 DAGs
[2024-08-08T20:21:34.349+0400] {logging_mixin.py:151} INFO - [2024-08-08T20:21:34.349+0400] {dag.py:3696} INFO - Setting next_dagrun for example_sensor_decorator to None, run_after=None
[2024-08-08T20:21:34.379+0400] {processor.py:179} INFO - Processing /home/eduardo/airflow_venv/lib/python3.10/site-packages/airflow/example_dags/example_sensor_decorator.py took 0.057 seconds
[2024-08-08T20:22:18.853+0400] {processor.py:157} INFO - Started process (PID=7055) to work on /home/eduardo/airflow_venv/lib/python3.10/site-packages/airflow/example_dags/example_sensor_decorator.py
[2024-08-08T20:22:18.854+0400] {processor.py:829} INFO - Processing file /home/eduardo/airflow_venv/lib/python3.10/site-packages/airflow/example_dags/example_sensor_decorator.py for tasks to queue
[2024-08-08T20:22:18.854+0400] {logging_mixin.py:151} INFO - [2024-08-08T20:22:18.854+0400] {dagbag.py:539} INFO - Filling up the DagBag from /home/eduardo/airflow_venv/lib/python3.10/site-packages/airflow/example_dags/example_sensor_decorator.py
[2024-08-08T20:22:18.859+0400] {processor.py:839} INFO - DAG(s) dict_keys(['example_sensor_decorator']) retrieved from /home/eduardo/airflow_venv/lib/python3.10/site-packages/airflow/example_dags/example_sensor_decorator.py
[2024-08-08T20:22:18.869+0400] {logging_mixin.py:151} INFO - [2024-08-08T20:22:18.869+0400] {dag.py:2915} INFO - Sync 1 DAGs
[2024-08-08T20:22:18.877+0400] {logging_mixin.py:151} INFO - [2024-08-08T20:22:18.877+0400] {dag.py:3696} INFO - Setting next_dagrun for example_sensor_decorator to None, run_after=None
[2024-08-08T20:22:18.909+0400] {processor.py:179} INFO - Processing /home/eduardo/airflow_venv/lib/python3.10/site-packages/airflow/example_dags/example_sensor_decorator.py took 0.058 seconds
[2024-08-08T20:23:05.589+0400] {processor.py:157} INFO - Started process (PID=7121) to work on /home/eduardo/airflow_venv/lib/python3.10/site-packages/airflow/example_dags/example_sensor_decorator.py
[2024-08-08T20:23:05.590+0400] {processor.py:829} INFO - Processing file /home/eduardo/airflow_venv/lib/python3.10/site-packages/airflow/example_dags/example_sensor_decorator.py for tasks to queue
[2024-08-08T20:23:05.591+0400] {logging_mixin.py:151} INFO - [2024-08-08T20:23:05.591+0400] {dagbag.py:539} INFO - Filling up the DagBag from /home/eduardo/airflow_venv/lib/python3.10/site-packages/airflow/example_dags/example_sensor_decorator.py
[2024-08-08T20:23:05.596+0400] {processor.py:839} INFO - DAG(s) dict_keys(['example_sensor_decorator']) retrieved from /home/eduardo/airflow_venv/lib/python3.10/site-packages/airflow/example_dags/example_sensor_decorator.py
[2024-08-08T20:23:05.609+0400] {logging_mixin.py:151} INFO - [2024-08-08T20:23:05.609+0400] {dag.py:2915} INFO - Sync 1 DAGs
[2024-08-08T20:23:05.616+0400] {logging_mixin.py:151} INFO - [2024-08-08T20:23:05.616+0400] {dag.py:3696} INFO - Setting next_dagrun for example_sensor_decorator to None, run_after=None
[2024-08-08T20:23:05.639+0400] {processor.py:179} INFO - Processing /home/eduardo/airflow_venv/lib/python3.10/site-packages/airflow/example_dags/example_sensor_decorator.py took 0.052 seconds
[2024-08-08T20:23:48.013+0400] {processor.py:157} INFO - Started process (PID=7168) to work on /home/eduardo/airflow_venv/lib/python3.10/site-packages/airflow/example_dags/example_sensor_decorator.py
[2024-08-08T20:23:48.014+0400] {processor.py:829} INFO - Processing file /home/eduardo/airflow_venv/lib/python3.10/site-packages/airflow/example_dags/example_sensor_decorator.py for tasks to queue
[2024-08-08T20:23:48.015+0400] {logging_mixin.py:151} INFO - [2024-08-08T20:23:48.014+0400] {dagbag.py:539} INFO - Filling up the DagBag from /home/eduardo/airflow_venv/lib/python3.10/site-packages/airflow/example_dags/example_sensor_decorator.py
[2024-08-08T20:23:48.020+0400] {processor.py:839} INFO - DAG(s) dict_keys(['example_sensor_decorator']) retrieved from /home/eduardo/airflow_venv/lib/python3.10/site-packages/airflow/example_dags/example_sensor_decorator.py
[2024-08-08T20:23:48.034+0400] {logging_mixin.py:151} INFO - [2024-08-08T20:23:48.034+0400] {dag.py:2915} INFO - Sync 1 DAGs
[2024-08-08T20:23:48.042+0400] {logging_mixin.py:151} INFO - [2024-08-08T20:23:48.042+0400] {dag.py:3696} INFO - Setting next_dagrun for example_sensor_decorator to None, run_after=None
[2024-08-08T20:23:48.071+0400] {processor.py:179} INFO - Processing /home/eduardo/airflow_venv/lib/python3.10/site-packages/airflow/example_dags/example_sensor_decorator.py took 0.060 seconds
[2024-08-08T20:24:26.430+0400] {processor.py:157} INFO - Started process (PID=7208) to work on /home/eduardo/airflow_venv/lib/python3.10/site-packages/airflow/example_dags/example_sensor_decorator.py
[2024-08-08T20:24:26.432+0400] {processor.py:829} INFO - Processing file /home/eduardo/airflow_venv/lib/python3.10/site-packages/airflow/example_dags/example_sensor_decorator.py for tasks to queue
[2024-08-08T20:24:26.432+0400] {logging_mixin.py:151} INFO - [2024-08-08T20:24:26.432+0400] {dagbag.py:539} INFO - Filling up the DagBag from /home/eduardo/airflow_venv/lib/python3.10/site-packages/airflow/example_dags/example_sensor_decorator.py
[2024-08-08T20:24:26.437+0400] {processor.py:839} INFO - DAG(s) dict_keys(['example_sensor_decorator']) retrieved from /home/eduardo/airflow_venv/lib/python3.10/site-packages/airflow/example_dags/example_sensor_decorator.py
[2024-08-08T20:24:26.451+0400] {logging_mixin.py:151} INFO - [2024-08-08T20:24:26.451+0400] {dag.py:2915} INFO - Sync 1 DAGs
[2024-08-08T20:24:26.459+0400] {logging_mixin.py:151} INFO - [2024-08-08T20:24:26.459+0400] {dag.py:3696} INFO - Setting next_dagrun for example_sensor_decorator to None, run_after=None
[2024-08-08T20:24:26.496+0400] {processor.py:179} INFO - Processing /home/eduardo/airflow_venv/lib/python3.10/site-packages/airflow/example_dags/example_sensor_decorator.py took 0.067 seconds
[2024-08-08T20:25:14.403+0400] {processor.py:157} INFO - Started process (PID=7264) to work on /home/eduardo/airflow_venv/lib/python3.10/site-packages/airflow/example_dags/example_sensor_decorator.py
[2024-08-08T20:25:14.404+0400] {processor.py:829} INFO - Processing file /home/eduardo/airflow_venv/lib/python3.10/site-packages/airflow/example_dags/example_sensor_decorator.py for tasks to queue
[2024-08-08T20:25:14.405+0400] {logging_mixin.py:151} INFO - [2024-08-08T20:25:14.405+0400] {dagbag.py:539} INFO - Filling up the DagBag from /home/eduardo/airflow_venv/lib/python3.10/site-packages/airflow/example_dags/example_sensor_decorator.py
[2024-08-08T20:25:14.410+0400] {processor.py:839} INFO - DAG(s) dict_keys(['example_sensor_decorator']) retrieved from /home/eduardo/airflow_venv/lib/python3.10/site-packages/airflow/example_dags/example_sensor_decorator.py
[2024-08-08T20:25:14.424+0400] {logging_mixin.py:151} INFO - [2024-08-08T20:25:14.424+0400] {dag.py:2915} INFO - Sync 1 DAGs
[2024-08-08T20:25:14.432+0400] {logging_mixin.py:151} INFO - [2024-08-08T20:25:14.432+0400] {dag.py:3696} INFO - Setting next_dagrun for example_sensor_decorator to None, run_after=None
[2024-08-08T20:25:14.458+0400] {processor.py:179} INFO - Processing /home/eduardo/airflow_venv/lib/python3.10/site-packages/airflow/example_dags/example_sensor_decorator.py took 0.058 seconds
[2024-08-08T20:25:57.992+0400] {processor.py:157} INFO - Started process (PID=7310) to work on /home/eduardo/airflow_venv/lib/python3.10/site-packages/airflow/example_dags/example_sensor_decorator.py
[2024-08-08T20:25:57.993+0400] {processor.py:829} INFO - Processing file /home/eduardo/airflow_venv/lib/python3.10/site-packages/airflow/example_dags/example_sensor_decorator.py for tasks to queue
[2024-08-08T20:25:57.993+0400] {logging_mixin.py:151} INFO - [2024-08-08T20:25:57.993+0400] {dagbag.py:539} INFO - Filling up the DagBag from /home/eduardo/airflow_venv/lib/python3.10/site-packages/airflow/example_dags/example_sensor_decorator.py
[2024-08-08T20:25:57.997+0400] {processor.py:839} INFO - DAG(s) dict_keys(['example_sensor_decorator']) retrieved from /home/eduardo/airflow_venv/lib/python3.10/site-packages/airflow/example_dags/example_sensor_decorator.py
[2024-08-08T20:25:58.009+0400] {logging_mixin.py:151} INFO - [2024-08-08T20:25:58.008+0400] {dag.py:2915} INFO - Sync 1 DAGs
[2024-08-08T20:25:58.016+0400] {logging_mixin.py:151} INFO - [2024-08-08T20:25:58.016+0400] {dag.py:3696} INFO - Setting next_dagrun for example_sensor_decorator to None, run_after=None
[2024-08-08T20:25:58.054+0400] {processor.py:179} INFO - Processing /home/eduardo/airflow_venv/lib/python3.10/site-packages/airflow/example_dags/example_sensor_decorator.py took 0.065 seconds
[2024-08-08T22:09:48.796+0400] {processor.py:157} INFO - Started process (PID=9587) to work on /home/eduardo/airflow_venv/lib/python3.10/site-packages/airflow/example_dags/example_sensor_decorator.py
[2024-08-08T22:09:48.799+0400] {processor.py:829} INFO - Processing file /home/eduardo/airflow_venv/lib/python3.10/site-packages/airflow/example_dags/example_sensor_decorator.py for tasks to queue
[2024-08-08T22:09:48.800+0400] {logging_mixin.py:151} INFO - [2024-08-08T22:09:48.799+0400] {dagbag.py:539} INFO - Filling up the DagBag from /home/eduardo/airflow_venv/lib/python3.10/site-packages/airflow/example_dags/example_sensor_decorator.py
[2024-08-08T22:09:48.809+0400] {processor.py:839} INFO - DAG(s) dict_keys(['example_sensor_decorator']) retrieved from /home/eduardo/airflow_venv/lib/python3.10/site-packages/airflow/example_dags/example_sensor_decorator.py
[2024-08-08T22:09:48.832+0400] {logging_mixin.py:151} INFO - [2024-08-08T22:09:48.831+0400] {dag.py:2915} INFO - Sync 1 DAGs
[2024-08-08T22:09:48.844+0400] {logging_mixin.py:151} INFO - [2024-08-08T22:09:48.844+0400] {dag.py:3696} INFO - Setting next_dagrun for example_sensor_decorator to None, run_after=None
[2024-08-08T22:09:48.874+0400] {processor.py:179} INFO - Processing /home/eduardo/airflow_venv/lib/python3.10/site-packages/airflow/example_dags/example_sensor_decorator.py took 0.081 seconds
[2024-08-08T22:10:35.817+0400] {processor.py:157} INFO - Started process (PID=10116) to work on /home/eduardo/airflow_venv/lib/python3.10/site-packages/airflow/example_dags/example_sensor_decorator.py
[2024-08-08T22:10:35.820+0400] {processor.py:829} INFO - Processing file /home/eduardo/airflow_venv/lib/python3.10/site-packages/airflow/example_dags/example_sensor_decorator.py for tasks to queue
[2024-08-08T22:10:35.821+0400] {logging_mixin.py:151} INFO - [2024-08-08T22:10:35.821+0400] {dagbag.py:539} INFO - Filling up the DagBag from /home/eduardo/airflow_venv/lib/python3.10/site-packages/airflow/example_dags/example_sensor_decorator.py
[2024-08-08T22:10:35.829+0400] {processor.py:839} INFO - DAG(s) dict_keys(['example_sensor_decorator']) retrieved from /home/eduardo/airflow_venv/lib/python3.10/site-packages/airflow/example_dags/example_sensor_decorator.py
[2024-08-08T22:10:35.849+0400] {logging_mixin.py:151} INFO - [2024-08-08T22:10:35.849+0400] {dag.py:2915} INFO - Sync 1 DAGs
[2024-08-08T22:10:35.860+0400] {logging_mixin.py:151} INFO - [2024-08-08T22:10:35.860+0400] {dag.py:3696} INFO - Setting next_dagrun for example_sensor_decorator to None, run_after=None
[2024-08-08T22:10:35.892+0400] {processor.py:179} INFO - Processing /home/eduardo/airflow_venv/lib/python3.10/site-packages/airflow/example_dags/example_sensor_decorator.py took 0.078 seconds
[2024-08-08T22:11:24.274+0400] {processor.py:157} INFO - Started process (PID=10624) to work on /home/eduardo/airflow_venv/lib/python3.10/site-packages/airflow/example_dags/example_sensor_decorator.py
[2024-08-08T22:11:24.277+0400] {processor.py:829} INFO - Processing file /home/eduardo/airflow_venv/lib/python3.10/site-packages/airflow/example_dags/example_sensor_decorator.py for tasks to queue
[2024-08-08T22:11:24.278+0400] {logging_mixin.py:151} INFO - [2024-08-08T22:11:24.278+0400] {dagbag.py:539} INFO - Filling up the DagBag from /home/eduardo/airflow_venv/lib/python3.10/site-packages/airflow/example_dags/example_sensor_decorator.py
[2024-08-08T22:11:24.286+0400] {processor.py:839} INFO - DAG(s) dict_keys(['example_sensor_decorator']) retrieved from /home/eduardo/airflow_venv/lib/python3.10/site-packages/airflow/example_dags/example_sensor_decorator.py
[2024-08-08T22:11:24.306+0400] {logging_mixin.py:151} INFO - [2024-08-08T22:11:24.306+0400] {dag.py:2915} INFO - Sync 1 DAGs
[2024-08-08T22:11:24.319+0400] {logging_mixin.py:151} INFO - [2024-08-08T22:11:24.319+0400] {dag.py:3696} INFO - Setting next_dagrun for example_sensor_decorator to None, run_after=None
[2024-08-08T22:11:24.355+0400] {processor.py:179} INFO - Processing /home/eduardo/airflow_venv/lib/python3.10/site-packages/airflow/example_dags/example_sensor_decorator.py took 0.085 seconds
[2024-08-08T22:12:14.582+0400] {processor.py:157} INFO - Started process (PID=11047) to work on /home/eduardo/airflow_venv/lib/python3.10/site-packages/airflow/example_dags/example_sensor_decorator.py
[2024-08-08T22:12:14.585+0400] {processor.py:829} INFO - Processing file /home/eduardo/airflow_venv/lib/python3.10/site-packages/airflow/example_dags/example_sensor_decorator.py for tasks to queue
[2024-08-08T22:12:14.587+0400] {logging_mixin.py:151} INFO - [2024-08-08T22:12:14.586+0400] {dagbag.py:539} INFO - Filling up the DagBag from /home/eduardo/airflow_venv/lib/python3.10/site-packages/airflow/example_dags/example_sensor_decorator.py
[2024-08-08T22:12:14.597+0400] {processor.py:839} INFO - DAG(s) dict_keys(['example_sensor_decorator']) retrieved from /home/eduardo/airflow_venv/lib/python3.10/site-packages/airflow/example_dags/example_sensor_decorator.py
[2024-08-08T22:12:14.623+0400] {logging_mixin.py:151} INFO - [2024-08-08T22:12:14.622+0400] {dag.py:2915} INFO - Sync 1 DAGs
[2024-08-08T22:12:14.642+0400] {logging_mixin.py:151} INFO - [2024-08-08T22:12:14.642+0400] {dag.py:3696} INFO - Setting next_dagrun for example_sensor_decorator to None, run_after=None
[2024-08-08T22:12:14.685+0400] {processor.py:179} INFO - Processing /home/eduardo/airflow_venv/lib/python3.10/site-packages/airflow/example_dags/example_sensor_decorator.py took 0.109 seconds
[2024-08-08T22:13:02.273+0400] {processor.py:157} INFO - Started process (PID=11418) to work on /home/eduardo/airflow_venv/lib/python3.10/site-packages/airflow/example_dags/example_sensor_decorator.py
[2024-08-08T22:13:02.275+0400] {processor.py:829} INFO - Processing file /home/eduardo/airflow_venv/lib/python3.10/site-packages/airflow/example_dags/example_sensor_decorator.py for tasks to queue
[2024-08-08T22:13:02.276+0400] {logging_mixin.py:151} INFO - [2024-08-08T22:13:02.276+0400] {dagbag.py:539} INFO - Filling up the DagBag from /home/eduardo/airflow_venv/lib/python3.10/site-packages/airflow/example_dags/example_sensor_decorator.py
[2024-08-08T22:13:02.282+0400] {processor.py:839} INFO - DAG(s) dict_keys(['example_sensor_decorator']) retrieved from /home/eduardo/airflow_venv/lib/python3.10/site-packages/airflow/example_dags/example_sensor_decorator.py
[2024-08-08T22:13:02.301+0400] {logging_mixin.py:151} INFO - [2024-08-08T22:13:02.301+0400] {dag.py:2915} INFO - Sync 1 DAGs
[2024-08-08T22:13:02.311+0400] {logging_mixin.py:151} INFO - [2024-08-08T22:13:02.311+0400] {dag.py:3696} INFO - Setting next_dagrun for example_sensor_decorator to None, run_after=None
[2024-08-08T22:13:02.344+0400] {processor.py:179} INFO - Processing /home/eduardo/airflow_venv/lib/python3.10/site-packages/airflow/example_dags/example_sensor_decorator.py took 0.075 seconds
[2024-08-08T22:13:50.471+0400] {processor.py:157} INFO - Started process (PID=11903) to work on /home/eduardo/airflow_venv/lib/python3.10/site-packages/airflow/example_dags/example_sensor_decorator.py
[2024-08-08T22:13:50.473+0400] {processor.py:829} INFO - Processing file /home/eduardo/airflow_venv/lib/python3.10/site-packages/airflow/example_dags/example_sensor_decorator.py for tasks to queue
[2024-08-08T22:13:50.475+0400] {logging_mixin.py:151} INFO - [2024-08-08T22:13:50.474+0400] {dagbag.py:539} INFO - Filling up the DagBag from /home/eduardo/airflow_venv/lib/python3.10/site-packages/airflow/example_dags/example_sensor_decorator.py
[2024-08-08T22:13:50.484+0400] {processor.py:839} INFO - DAG(s) dict_keys(['example_sensor_decorator']) retrieved from /home/eduardo/airflow_venv/lib/python3.10/site-packages/airflow/example_dags/example_sensor_decorator.py
[2024-08-08T22:13:50.499+0400] {logging_mixin.py:151} INFO - [2024-08-08T22:13:50.499+0400] {dag.py:2915} INFO - Sync 1 DAGs
[2024-08-08T22:13:50.509+0400] {logging_mixin.py:151} INFO - [2024-08-08T22:13:50.509+0400] {dag.py:3696} INFO - Setting next_dagrun for example_sensor_decorator to None, run_after=None
[2024-08-08T22:13:50.541+0400] {processor.py:179} INFO - Processing /home/eduardo/airflow_venv/lib/python3.10/site-packages/airflow/example_dags/example_sensor_decorator.py took 0.078 seconds
[2024-08-08T22:14:37.463+0400] {processor.py:157} INFO - Started process (PID=12446) to work on /home/eduardo/airflow_venv/lib/python3.10/site-packages/airflow/example_dags/example_sensor_decorator.py
[2024-08-08T22:14:37.466+0400] {processor.py:829} INFO - Processing file /home/eduardo/airflow_venv/lib/python3.10/site-packages/airflow/example_dags/example_sensor_decorator.py for tasks to queue
[2024-08-08T22:14:37.468+0400] {logging_mixin.py:151} INFO - [2024-08-08T22:14:37.467+0400] {dagbag.py:539} INFO - Filling up the DagBag from /home/eduardo/airflow_venv/lib/python3.10/site-packages/airflow/example_dags/example_sensor_decorator.py
[2024-08-08T22:14:37.473+0400] {processor.py:839} INFO - DAG(s) dict_keys(['example_sensor_decorator']) retrieved from /home/eduardo/airflow_venv/lib/python3.10/site-packages/airflow/example_dags/example_sensor_decorator.py
[2024-08-08T22:14:37.481+0400] {logging_mixin.py:151} INFO - [2024-08-08T22:14:37.481+0400] {dag.py:2915} INFO - Sync 1 DAGs
[2024-08-08T22:14:37.495+0400] {logging_mixin.py:151} INFO - [2024-08-08T22:14:37.495+0400] {dag.py:3696} INFO - Setting next_dagrun for example_sensor_decorator to None, run_after=None
[2024-08-08T22:14:37.529+0400] {processor.py:179} INFO - Processing /home/eduardo/airflow_venv/lib/python3.10/site-packages/airflow/example_dags/example_sensor_decorator.py took 0.070 seconds
[2024-08-08T22:15:30.042+0400] {processor.py:157} INFO - Started process (PID=12894) to work on /home/eduardo/airflow_venv/lib/python3.10/site-packages/airflow/example_dags/example_sensor_decorator.py
[2024-08-08T22:15:30.047+0400] {processor.py:829} INFO - Processing file /home/eduardo/airflow_venv/lib/python3.10/site-packages/airflow/example_dags/example_sensor_decorator.py for tasks to queue
[2024-08-08T22:15:30.049+0400] {logging_mixin.py:151} INFO - [2024-08-08T22:15:30.048+0400] {dagbag.py:539} INFO - Filling up the DagBag from /home/eduardo/airflow_venv/lib/python3.10/site-packages/airflow/example_dags/example_sensor_decorator.py
[2024-08-08T22:15:30.060+0400] {processor.py:839} INFO - DAG(s) dict_keys(['example_sensor_decorator']) retrieved from /home/eduardo/airflow_venv/lib/python3.10/site-packages/airflow/example_dags/example_sensor_decorator.py
[2024-08-08T22:15:30.080+0400] {logging_mixin.py:151} INFO - [2024-08-08T22:15:30.080+0400] {dag.py:2915} INFO - Sync 1 DAGs
[2024-08-08T22:15:30.095+0400] {logging_mixin.py:151} INFO - [2024-08-08T22:15:30.095+0400] {dag.py:3696} INFO - Setting next_dagrun for example_sensor_decorator to None, run_after=None
[2024-08-08T22:15:30.131+0400] {processor.py:179} INFO - Processing /home/eduardo/airflow_venv/lib/python3.10/site-packages/airflow/example_dags/example_sensor_decorator.py took 0.095 seconds
[2024-08-08T22:16:19.995+0400] {processor.py:157} INFO - Started process (PID=13329) to work on /home/eduardo/airflow_venv/lib/python3.10/site-packages/airflow/example_dags/example_sensor_decorator.py
[2024-08-08T22:16:19.998+0400] {processor.py:829} INFO - Processing file /home/eduardo/airflow_venv/lib/python3.10/site-packages/airflow/example_dags/example_sensor_decorator.py for tasks to queue
[2024-08-08T22:16:19.999+0400] {logging_mixin.py:151} INFO - [2024-08-08T22:16:19.998+0400] {dagbag.py:539} INFO - Filling up the DagBag from /home/eduardo/airflow_venv/lib/python3.10/site-packages/airflow/example_dags/example_sensor_decorator.py
[2024-08-08T22:16:20.007+0400] {processor.py:839} INFO - DAG(s) dict_keys(['example_sensor_decorator']) retrieved from /home/eduardo/airflow_venv/lib/python3.10/site-packages/airflow/example_dags/example_sensor_decorator.py
[2024-08-08T22:16:20.024+0400] {logging_mixin.py:151} INFO - [2024-08-08T22:16:20.024+0400] {dag.py:2915} INFO - Sync 1 DAGs
[2024-08-08T22:16:20.035+0400] {logging_mixin.py:151} INFO - [2024-08-08T22:16:20.034+0400] {dag.py:3696} INFO - Setting next_dagrun for example_sensor_decorator to None, run_after=None
[2024-08-08T22:16:20.071+0400] {processor.py:179} INFO - Processing /home/eduardo/airflow_venv/lib/python3.10/site-packages/airflow/example_dags/example_sensor_decorator.py took 0.079 seconds
[2024-08-08T22:17:11.701+0400] {processor.py:157} INFO - Started process (PID=13936) to work on /home/eduardo/airflow_venv/lib/python3.10/site-packages/airflow/example_dags/example_sensor_decorator.py
[2024-08-08T22:17:11.703+0400] {processor.py:829} INFO - Processing file /home/eduardo/airflow_venv/lib/python3.10/site-packages/airflow/example_dags/example_sensor_decorator.py for tasks to queue
[2024-08-08T22:17:11.703+0400] {logging_mixin.py:151} INFO - [2024-08-08T22:17:11.703+0400] {dagbag.py:539} INFO - Filling up the DagBag from /home/eduardo/airflow_venv/lib/python3.10/site-packages/airflow/example_dags/example_sensor_decorator.py
[2024-08-08T22:17:11.708+0400] {processor.py:839} INFO - DAG(s) dict_keys(['example_sensor_decorator']) retrieved from /home/eduardo/airflow_venv/lib/python3.10/site-packages/airflow/example_dags/example_sensor_decorator.py
[2024-08-08T22:17:11.720+0400] {logging_mixin.py:151} INFO - [2024-08-08T22:17:11.720+0400] {dag.py:2915} INFO - Sync 1 DAGs
[2024-08-08T22:17:11.728+0400] {logging_mixin.py:151} INFO - [2024-08-08T22:17:11.728+0400] {dag.py:3696} INFO - Setting next_dagrun for example_sensor_decorator to None, run_after=None
[2024-08-08T22:17:11.755+0400] {processor.py:179} INFO - Processing /home/eduardo/airflow_venv/lib/python3.10/site-packages/airflow/example_dags/example_sensor_decorator.py took 0.057 seconds
[2024-08-08T22:18:05.128+0400] {processor.py:157} INFO - Started process (PID=14346) to work on /home/eduardo/airflow_venv/lib/python3.10/site-packages/airflow/example_dags/example_sensor_decorator.py
[2024-08-08T22:18:05.130+0400] {processor.py:829} INFO - Processing file /home/eduardo/airflow_venv/lib/python3.10/site-packages/airflow/example_dags/example_sensor_decorator.py for tasks to queue
[2024-08-08T22:18:05.132+0400] {logging_mixin.py:151} INFO - [2024-08-08T22:18:05.131+0400] {dagbag.py:539} INFO - Filling up the DagBag from /home/eduardo/airflow_venv/lib/python3.10/site-packages/airflow/example_dags/example_sensor_decorator.py
[2024-08-08T22:18:05.138+0400] {processor.py:839} INFO - DAG(s) dict_keys(['example_sensor_decorator']) retrieved from /home/eduardo/airflow_venv/lib/python3.10/site-packages/airflow/example_dags/example_sensor_decorator.py
[2024-08-08T22:18:05.157+0400] {logging_mixin.py:151} INFO - [2024-08-08T22:18:05.157+0400] {dag.py:2915} INFO - Sync 1 DAGs
[2024-08-08T22:18:05.166+0400] {logging_mixin.py:151} INFO - [2024-08-08T22:18:05.166+0400] {dag.py:3696} INFO - Setting next_dagrun for example_sensor_decorator to None, run_after=None
[2024-08-08T22:18:05.199+0400] {processor.py:179} INFO - Processing /home/eduardo/airflow_venv/lib/python3.10/site-packages/airflow/example_dags/example_sensor_decorator.py took 0.074 seconds
[2024-08-08T22:18:58.069+0400] {processor.py:157} INFO - Started process (PID=14760) to work on /home/eduardo/airflow_venv/lib/python3.10/site-packages/airflow/example_dags/example_sensor_decorator.py
[2024-08-08T22:18:58.072+0400] {processor.py:829} INFO - Processing file /home/eduardo/airflow_venv/lib/python3.10/site-packages/airflow/example_dags/example_sensor_decorator.py for tasks to queue
[2024-08-08T22:18:58.073+0400] {logging_mixin.py:151} INFO - [2024-08-08T22:18:58.072+0400] {dagbag.py:539} INFO - Filling up the DagBag from /home/eduardo/airflow_venv/lib/python3.10/site-packages/airflow/example_dags/example_sensor_decorator.py
[2024-08-08T22:18:58.079+0400] {processor.py:839} INFO - DAG(s) dict_keys(['example_sensor_decorator']) retrieved from /home/eduardo/airflow_venv/lib/python3.10/site-packages/airflow/example_dags/example_sensor_decorator.py
[2024-08-08T22:18:58.092+0400] {logging_mixin.py:151} INFO - [2024-08-08T22:18:58.092+0400] {dag.py:2915} INFO - Sync 1 DAGs
[2024-08-08T22:18:58.100+0400] {logging_mixin.py:151} INFO - [2024-08-08T22:18:58.100+0400] {dag.py:3696} INFO - Setting next_dagrun for example_sensor_decorator to None, run_after=None
[2024-08-08T22:18:58.130+0400] {processor.py:179} INFO - Processing /home/eduardo/airflow_venv/lib/python3.10/site-packages/airflow/example_dags/example_sensor_decorator.py took 0.065 seconds
[2024-08-08T22:19:46.161+0400] {processor.py:157} INFO - Started process (PID=15163) to work on /home/eduardo/airflow_venv/lib/python3.10/site-packages/airflow/example_dags/example_sensor_decorator.py
[2024-08-08T22:19:46.164+0400] {processor.py:829} INFO - Processing file /home/eduardo/airflow_venv/lib/python3.10/site-packages/airflow/example_dags/example_sensor_decorator.py for tasks to queue
[2024-08-08T22:19:46.164+0400] {logging_mixin.py:151} INFO - [2024-08-08T22:19:46.164+0400] {dagbag.py:539} INFO - Filling up the DagBag from /home/eduardo/airflow_venv/lib/python3.10/site-packages/airflow/example_dags/example_sensor_decorator.py
[2024-08-08T22:19:46.169+0400] {processor.py:839} INFO - DAG(s) dict_keys(['example_sensor_decorator']) retrieved from /home/eduardo/airflow_venv/lib/python3.10/site-packages/airflow/example_dags/example_sensor_decorator.py
[2024-08-08T22:19:46.184+0400] {logging_mixin.py:151} INFO - [2024-08-08T22:19:46.184+0400] {dag.py:2915} INFO - Sync 1 DAGs
[2024-08-08T22:19:46.193+0400] {logging_mixin.py:151} INFO - [2024-08-08T22:19:46.193+0400] {dag.py:3696} INFO - Setting next_dagrun for example_sensor_decorator to None, run_after=None
[2024-08-08T22:19:46.223+0400] {processor.py:179} INFO - Processing /home/eduardo/airflow_venv/lib/python3.10/site-packages/airflow/example_dags/example_sensor_decorator.py took 0.065 seconds
[2024-08-08T22:20:37.255+0400] {processor.py:157} INFO - Started process (PID=15559) to work on /home/eduardo/airflow_venv/lib/python3.10/site-packages/airflow/example_dags/example_sensor_decorator.py
[2024-08-08T22:20:37.258+0400] {processor.py:829} INFO - Processing file /home/eduardo/airflow_venv/lib/python3.10/site-packages/airflow/example_dags/example_sensor_decorator.py for tasks to queue
[2024-08-08T22:20:37.259+0400] {logging_mixin.py:151} INFO - [2024-08-08T22:20:37.259+0400] {dagbag.py:539} INFO - Filling up the DagBag from /home/eduardo/airflow_venv/lib/python3.10/site-packages/airflow/example_dags/example_sensor_decorator.py
[2024-08-08T22:20:37.265+0400] {processor.py:839} INFO - DAG(s) dict_keys(['example_sensor_decorator']) retrieved from /home/eduardo/airflow_venv/lib/python3.10/site-packages/airflow/example_dags/example_sensor_decorator.py
[2024-08-08T22:20:37.278+0400] {logging_mixin.py:151} INFO - [2024-08-08T22:20:37.277+0400] {dag.py:2915} INFO - Sync 1 DAGs
[2024-08-08T22:20:37.287+0400] {logging_mixin.py:151} INFO - [2024-08-08T22:20:37.286+0400] {dag.py:3696} INFO - Setting next_dagrun for example_sensor_decorator to None, run_after=None
[2024-08-08T22:20:37.321+0400] {processor.py:179} INFO - Processing /home/eduardo/airflow_venv/lib/python3.10/site-packages/airflow/example_dags/example_sensor_decorator.py took 0.069 seconds
[2024-08-08T22:21:30.665+0400] {processor.py:157} INFO - Started process (PID=16095) to work on /home/eduardo/airflow_venv/lib/python3.10/site-packages/airflow/example_dags/example_sensor_decorator.py
[2024-08-08T22:21:30.666+0400] {processor.py:829} INFO - Processing file /home/eduardo/airflow_venv/lib/python3.10/site-packages/airflow/example_dags/example_sensor_decorator.py for tasks to queue
[2024-08-08T22:21:30.667+0400] {logging_mixin.py:151} INFO - [2024-08-08T22:21:30.667+0400] {dagbag.py:539} INFO - Filling up the DagBag from /home/eduardo/airflow_venv/lib/python3.10/site-packages/airflow/example_dags/example_sensor_decorator.py
[2024-08-08T22:21:30.672+0400] {processor.py:839} INFO - DAG(s) dict_keys(['example_sensor_decorator']) retrieved from /home/eduardo/airflow_venv/lib/python3.10/site-packages/airflow/example_dags/example_sensor_decorator.py
[2024-08-08T22:21:30.685+0400] {logging_mixin.py:151} INFO - [2024-08-08T22:21:30.685+0400] {dag.py:2915} INFO - Sync 1 DAGs
[2024-08-08T22:21:30.693+0400] {logging_mixin.py:151} INFO - [2024-08-08T22:21:30.693+0400] {dag.py:3696} INFO - Setting next_dagrun for example_sensor_decorator to None, run_after=None
[2024-08-08T22:21:30.726+0400] {processor.py:179} INFO - Processing /home/eduardo/airflow_venv/lib/python3.10/site-packages/airflow/example_dags/example_sensor_decorator.py took 0.063 seconds
[2024-08-08T22:22:21.719+0400] {processor.py:157} INFO - Started process (PID=16489) to work on /home/eduardo/airflow_venv/lib/python3.10/site-packages/airflow/example_dags/example_sensor_decorator.py
[2024-08-08T22:22:21.722+0400] {processor.py:829} INFO - Processing file /home/eduardo/airflow_venv/lib/python3.10/site-packages/airflow/example_dags/example_sensor_decorator.py for tasks to queue
[2024-08-08T22:22:21.723+0400] {logging_mixin.py:151} INFO - [2024-08-08T22:22:21.722+0400] {dagbag.py:539} INFO - Filling up the DagBag from /home/eduardo/airflow_venv/lib/python3.10/site-packages/airflow/example_dags/example_sensor_decorator.py
[2024-08-08T22:22:21.729+0400] {processor.py:839} INFO - DAG(s) dict_keys(['example_sensor_decorator']) retrieved from /home/eduardo/airflow_venv/lib/python3.10/site-packages/airflow/example_dags/example_sensor_decorator.py
[2024-08-08T22:22:21.749+0400] {logging_mixin.py:151} INFO - [2024-08-08T22:22:21.748+0400] {dag.py:2915} INFO - Sync 1 DAGs
[2024-08-08T22:22:21.764+0400] {logging_mixin.py:151} INFO - [2024-08-08T22:22:21.763+0400] {dag.py:3696} INFO - Setting next_dagrun for example_sensor_decorator to None, run_after=None
[2024-08-08T22:22:21.806+0400] {processor.py:179} INFO - Processing /home/eduardo/airflow_venv/lib/python3.10/site-packages/airflow/example_dags/example_sensor_decorator.py took 0.092 seconds
[2024-08-08T22:23:11.876+0400] {processor.py:157} INFO - Started process (PID=16879) to work on /home/eduardo/airflow_venv/lib/python3.10/site-packages/airflow/example_dags/example_sensor_decorator.py
[2024-08-08T22:23:11.879+0400] {processor.py:829} INFO - Processing file /home/eduardo/airflow_venv/lib/python3.10/site-packages/airflow/example_dags/example_sensor_decorator.py for tasks to queue
[2024-08-08T22:23:11.880+0400] {logging_mixin.py:151} INFO - [2024-08-08T22:23:11.880+0400] {dagbag.py:539} INFO - Filling up the DagBag from /home/eduardo/airflow_venv/lib/python3.10/site-packages/airflow/example_dags/example_sensor_decorator.py
[2024-08-08T22:23:11.886+0400] {processor.py:839} INFO - DAG(s) dict_keys(['example_sensor_decorator']) retrieved from /home/eduardo/airflow_venv/lib/python3.10/site-packages/airflow/example_dags/example_sensor_decorator.py
[2024-08-08T22:23:11.908+0400] {logging_mixin.py:151} INFO - [2024-08-08T22:23:11.908+0400] {dag.py:2915} INFO - Sync 1 DAGs
[2024-08-08T22:23:11.917+0400] {logging_mixin.py:151} INFO - [2024-08-08T22:23:11.917+0400] {dag.py:3696} INFO - Setting next_dagrun for example_sensor_decorator to None, run_after=None
[2024-08-08T22:23:11.952+0400] {processor.py:179} INFO - Processing /home/eduardo/airflow_venv/lib/python3.10/site-packages/airflow/example_dags/example_sensor_decorator.py took 0.079 seconds
