[2024-08-08T20:18:25.109+0400] {processor.py:157} INFO - Started process (PID=6804) to work on /home/eduardo/airflow_venv/lib/python3.10/site-packages/airflow/example_dags/example_short_circuit_decorator.py
[2024-08-08T20:18:25.110+0400] {processor.py:829} INFO - Processing file /home/eduardo/airflow_venv/lib/python3.10/site-packages/airflow/example_dags/example_short_circuit_decorator.py for tasks to queue
[2024-08-08T20:18:25.110+0400] {logging_mixin.py:151} INFO - [2024-08-08T20:18:25.110+0400] {dagbag.py:539} INFO - Filling up the DagBag from /home/eduardo/airflow_venv/lib/python3.10/site-packages/airflow/example_dags/example_short_circuit_decorator.py
[2024-08-08T20:18:25.120+0400] {processor.py:839} INFO - DAG(s) dict_keys(['example_short_circuit_decorator']) retrieved from /home/eduardo/airflow_venv/lib/python3.10/site-packages/airflow/example_dags/example_short_circuit_decorator.py
[2024-08-08T20:18:25.228+0400] {logging_mixin.py:151} INFO - [2024-08-08T20:18:25.227+0400] {manager.py:499} INFO - Created Permission View: %s
[2024-08-08T20:18:25.247+0400] {logging_mixin.py:151} INFO - [2024-08-08T20:18:25.246+0400] {manager.py:499} INFO - Created Permission View: %s
[2024-08-08T20:18:25.265+0400] {logging_mixin.py:151} INFO - [2024-08-08T20:18:25.265+0400] {manager.py:499} INFO - Created Permission View: %s
[2024-08-08T20:18:25.266+0400] {logging_mixin.py:151} INFO - [2024-08-08T20:18:25.266+0400] {security.py:708} INFO - Not syncing DAG-level permissions for DAG 'DAG:example_short_circuit_decorator' as access control is unset.
[2024-08-08T20:18:25.266+0400] {logging_mixin.py:151} INFO - [2024-08-08T20:18:25.266+0400] {dag.py:2915} INFO - Sync 1 DAGs
[2024-08-08T20:18:25.273+0400] {logging_mixin.py:151} INFO - [2024-08-08T20:18:25.273+0400] {dag.py:2937} INFO - Creating ORM DAG for example_short_circuit_decorator
[2024-08-08T20:18:25.278+0400] {logging_mixin.py:151} INFO - [2024-08-08T20:18:25.278+0400] {dag.py:3696} INFO - Setting next_dagrun for example_short_circuit_decorator to 2024-08-07T16:18:25.278399+00:00, run_after=2024-08-08T16:18:25.278399+00:00
[2024-08-08T20:18:25.322+0400] {processor.py:179} INFO - Processing /home/eduardo/airflow_venv/lib/python3.10/site-packages/airflow/example_dags/example_short_circuit_decorator.py took 0.215 seconds
[2024-08-08T20:19:15.112+0400] {processor.py:157} INFO - Started process (PID=6859) to work on /home/eduardo/airflow_venv/lib/python3.10/site-packages/airflow/example_dags/example_short_circuit_decorator.py
[2024-08-08T20:19:15.114+0400] {processor.py:829} INFO - Processing file /home/eduardo/airflow_venv/lib/python3.10/site-packages/airflow/example_dags/example_short_circuit_decorator.py for tasks to queue
[2024-08-08T20:19:15.115+0400] {logging_mixin.py:151} INFO - [2024-08-08T20:19:15.114+0400] {dagbag.py:539} INFO - Filling up the DagBag from /home/eduardo/airflow_venv/lib/python3.10/site-packages/airflow/example_dags/example_short_circuit_decorator.py
[2024-08-08T20:19:15.121+0400] {processor.py:839} INFO - DAG(s) dict_keys(['example_short_circuit_decorator']) retrieved from /home/eduardo/airflow_venv/lib/python3.10/site-packages/airflow/example_dags/example_short_circuit_decorator.py
[2024-08-08T20:19:15.133+0400] {logging_mixin.py:151} INFO - [2024-08-08T20:19:15.133+0400] {dag.py:2915} INFO - Sync 1 DAGs
[2024-08-08T20:19:15.144+0400] {logging_mixin.py:151} INFO - [2024-08-08T20:19:15.144+0400] {dag.py:3696} INFO - Setting next_dagrun for example_short_circuit_decorator to 2024-08-07T16:19:15.143921+00:00, run_after=2024-08-08T16:19:15.143921+00:00
[2024-08-08T20:19:15.171+0400] {processor.py:179} INFO - Processing /home/eduardo/airflow_venv/lib/python3.10/site-packages/airflow/example_dags/example_short_circuit_decorator.py took 0.061 seconds
[2024-08-08T20:20:00.517+0400] {processor.py:157} INFO - Started process (PID=6907) to work on /home/eduardo/airflow_venv/lib/python3.10/site-packages/airflow/example_dags/example_short_circuit_decorator.py
[2024-08-08T20:20:00.518+0400] {processor.py:829} INFO - Processing file /home/eduardo/airflow_venv/lib/python3.10/site-packages/airflow/example_dags/example_short_circuit_decorator.py for tasks to queue
[2024-08-08T20:20:00.519+0400] {logging_mixin.py:151} INFO - [2024-08-08T20:20:00.519+0400] {dagbag.py:539} INFO - Filling up the DagBag from /home/eduardo/airflow_venv/lib/python3.10/site-packages/airflow/example_dags/example_short_circuit_decorator.py
[2024-08-08T20:20:00.526+0400] {processor.py:839} INFO - DAG(s) dict_keys(['example_short_circuit_decorator']) retrieved from /home/eduardo/airflow_venv/lib/python3.10/site-packages/airflow/example_dags/example_short_circuit_decorator.py
[2024-08-08T20:20:00.539+0400] {logging_mixin.py:151} INFO - [2024-08-08T20:20:00.539+0400] {dag.py:2915} INFO - Sync 1 DAGs
[2024-08-08T20:20:00.551+0400] {logging_mixin.py:151} INFO - [2024-08-08T20:20:00.551+0400] {dag.py:3696} INFO - Setting next_dagrun for example_short_circuit_decorator to 2024-08-07T16:20:00.551683+00:00, run_after=2024-08-08T16:20:00.551683+00:00
[2024-08-08T20:20:00.581+0400] {processor.py:179} INFO - Processing /home/eduardo/airflow_venv/lib/python3.10/site-packages/airflow/example_dags/example_short_circuit_decorator.py took 0.066 seconds
[2024-08-08T20:20:38.670+0400] {processor.py:157} INFO - Started process (PID=6949) to work on /home/eduardo/airflow_venv/lib/python3.10/site-packages/airflow/example_dags/example_short_circuit_decorator.py
[2024-08-08T20:20:38.672+0400] {processor.py:829} INFO - Processing file /home/eduardo/airflow_venv/lib/python3.10/site-packages/airflow/example_dags/example_short_circuit_decorator.py for tasks to queue
[2024-08-08T20:20:38.672+0400] {logging_mixin.py:151} INFO - [2024-08-08T20:20:38.672+0400] {dagbag.py:539} INFO - Filling up the DagBag from /home/eduardo/airflow_venv/lib/python3.10/site-packages/airflow/example_dags/example_short_circuit_decorator.py
[2024-08-08T20:20:38.679+0400] {processor.py:839} INFO - DAG(s) dict_keys(['example_short_circuit_decorator']) retrieved from /home/eduardo/airflow_venv/lib/python3.10/site-packages/airflow/example_dags/example_short_circuit_decorator.py
[2024-08-08T20:20:38.690+0400] {logging_mixin.py:151} INFO - [2024-08-08T20:20:38.690+0400] {dag.py:2915} INFO - Sync 1 DAGs
[2024-08-08T20:20:38.702+0400] {logging_mixin.py:151} INFO - [2024-08-08T20:20:38.702+0400] {dag.py:3696} INFO - Setting next_dagrun for example_short_circuit_decorator to 2024-08-07T16:20:38.702157+00:00, run_after=2024-08-08T16:20:38.702157+00:00
[2024-08-08T20:20:38.732+0400] {processor.py:179} INFO - Processing /home/eduardo/airflow_venv/lib/python3.10/site-packages/airflow/example_dags/example_short_circuit_decorator.py took 0.064 seconds
[2024-08-08T20:21:21.458+0400] {processor.py:157} INFO - Started process (PID=6994) to work on /home/eduardo/airflow_venv/lib/python3.10/site-packages/airflow/example_dags/example_short_circuit_decorator.py
[2024-08-08T20:21:21.459+0400] {processor.py:829} INFO - Processing file /home/eduardo/airflow_venv/lib/python3.10/site-packages/airflow/example_dags/example_short_circuit_decorator.py for tasks to queue
[2024-08-08T20:21:21.460+0400] {logging_mixin.py:151} INFO - [2024-08-08T20:21:21.459+0400] {dagbag.py:539} INFO - Filling up the DagBag from /home/eduardo/airflow_venv/lib/python3.10/site-packages/airflow/example_dags/example_short_circuit_decorator.py
[2024-08-08T20:21:21.469+0400] {processor.py:839} INFO - DAG(s) dict_keys(['example_short_circuit_decorator']) retrieved from /home/eduardo/airflow_venv/lib/python3.10/site-packages/airflow/example_dags/example_short_circuit_decorator.py
[2024-08-08T20:21:21.484+0400] {logging_mixin.py:151} INFO - [2024-08-08T20:21:21.483+0400] {dag.py:2915} INFO - Sync 1 DAGs
[2024-08-08T20:21:21.499+0400] {logging_mixin.py:151} INFO - [2024-08-08T20:21:21.499+0400] {dag.py:3696} INFO - Setting next_dagrun for example_short_circuit_decorator to 2024-08-07T16:21:21.499017+00:00, run_after=2024-08-08T16:21:21.499017+00:00
[2024-08-08T20:21:21.531+0400] {processor.py:179} INFO - Processing /home/eduardo/airflow_venv/lib/python3.10/site-packages/airflow/example_dags/example_short_circuit_decorator.py took 0.076 seconds
[2024-08-08T20:22:02.008+0400] {processor.py:157} INFO - Started process (PID=7037) to work on /home/eduardo/airflow_venv/lib/python3.10/site-packages/airflow/example_dags/example_short_circuit_decorator.py
[2024-08-08T20:22:02.009+0400] {processor.py:829} INFO - Processing file /home/eduardo/airflow_venv/lib/python3.10/site-packages/airflow/example_dags/example_short_circuit_decorator.py for tasks to queue
[2024-08-08T20:22:02.010+0400] {logging_mixin.py:151} INFO - [2024-08-08T20:22:02.009+0400] {dagbag.py:539} INFO - Filling up the DagBag from /home/eduardo/airflow_venv/lib/python3.10/site-packages/airflow/example_dags/example_short_circuit_decorator.py
[2024-08-08T20:22:02.017+0400] {processor.py:839} INFO - DAG(s) dict_keys(['example_short_circuit_decorator']) retrieved from /home/eduardo/airflow_venv/lib/python3.10/site-packages/airflow/example_dags/example_short_circuit_decorator.py
[2024-08-08T20:22:02.036+0400] {logging_mixin.py:151} INFO - [2024-08-08T20:22:02.035+0400] {dag.py:2915} INFO - Sync 1 DAGs
[2024-08-08T20:22:02.051+0400] {logging_mixin.py:151} INFO - [2024-08-08T20:22:02.051+0400] {dag.py:3696} INFO - Setting next_dagrun for example_short_circuit_decorator to 2024-08-07T16:22:02.051481+00:00, run_after=2024-08-08T16:22:02.051481+00:00
[2024-08-08T20:22:02.088+0400] {processor.py:179} INFO - Processing /home/eduardo/airflow_venv/lib/python3.10/site-packages/airflow/example_dags/example_short_circuit_decorator.py took 0.083 seconds
[2024-08-08T20:22:40.251+0400] {processor.py:157} INFO - Started process (PID=7077) to work on /home/eduardo/airflow_venv/lib/python3.10/site-packages/airflow/example_dags/example_short_circuit_decorator.py
[2024-08-08T20:22:40.252+0400] {processor.py:829} INFO - Processing file /home/eduardo/airflow_venv/lib/python3.10/site-packages/airflow/example_dags/example_short_circuit_decorator.py for tasks to queue
[2024-08-08T20:22:40.253+0400] {logging_mixin.py:151} INFO - [2024-08-08T20:22:40.253+0400] {dagbag.py:539} INFO - Filling up the DagBag from /home/eduardo/airflow_venv/lib/python3.10/site-packages/airflow/example_dags/example_short_circuit_decorator.py
[2024-08-08T20:22:40.262+0400] {processor.py:839} INFO - DAG(s) dict_keys(['example_short_circuit_decorator']) retrieved from /home/eduardo/airflow_venv/lib/python3.10/site-packages/airflow/example_dags/example_short_circuit_decorator.py
[2024-08-08T20:22:40.277+0400] {logging_mixin.py:151} INFO - [2024-08-08T20:22:40.277+0400] {dag.py:2915} INFO - Sync 1 DAGs
[2024-08-08T20:22:40.291+0400] {logging_mixin.py:151} INFO - [2024-08-08T20:22:40.291+0400] {dag.py:3696} INFO - Setting next_dagrun for example_short_circuit_decorator to 2024-08-07T16:22:40.291520+00:00, run_after=2024-08-08T16:22:40.291520+00:00
[2024-08-08T20:22:40.319+0400] {processor.py:179} INFO - Processing /home/eduardo/airflow_venv/lib/python3.10/site-packages/airflow/example_dags/example_short_circuit_decorator.py took 0.071 seconds
[2024-08-08T20:23:25.127+0400] {processor.py:157} INFO - Started process (PID=7144) to work on /home/eduardo/airflow_venv/lib/python3.10/site-packages/airflow/example_dags/example_short_circuit_decorator.py
[2024-08-08T20:23:25.128+0400] {processor.py:829} INFO - Processing file /home/eduardo/airflow_venv/lib/python3.10/site-packages/airflow/example_dags/example_short_circuit_decorator.py for tasks to queue
[2024-08-08T20:23:25.129+0400] {logging_mixin.py:151} INFO - [2024-08-08T20:23:25.129+0400] {dagbag.py:539} INFO - Filling up the DagBag from /home/eduardo/airflow_venv/lib/python3.10/site-packages/airflow/example_dags/example_short_circuit_decorator.py
[2024-08-08T20:23:25.135+0400] {processor.py:839} INFO - DAG(s) dict_keys(['example_short_circuit_decorator']) retrieved from /home/eduardo/airflow_venv/lib/python3.10/site-packages/airflow/example_dags/example_short_circuit_decorator.py
[2024-08-08T20:23:25.147+0400] {logging_mixin.py:151} INFO - [2024-08-08T20:23:25.147+0400] {dag.py:2915} INFO - Sync 1 DAGs
[2024-08-08T20:23:25.159+0400] {logging_mixin.py:151} INFO - [2024-08-08T20:23:25.158+0400] {dag.py:3696} INFO - Setting next_dagrun for example_short_circuit_decorator to 2024-08-07T16:23:25.158623+00:00, run_after=2024-08-08T16:23:25.158623+00:00
[2024-08-08T20:23:25.186+0400] {processor.py:179} INFO - Processing /home/eduardo/airflow_venv/lib/python3.10/site-packages/airflow/example_dags/example_short_circuit_decorator.py took 0.061 seconds
[2024-08-08T20:24:10.215+0400] {processor.py:157} INFO - Started process (PID=7190) to work on /home/eduardo/airflow_venv/lib/python3.10/site-packages/airflow/example_dags/example_short_circuit_decorator.py
[2024-08-08T20:24:10.218+0400] {processor.py:829} INFO - Processing file /home/eduardo/airflow_venv/lib/python3.10/site-packages/airflow/example_dags/example_short_circuit_decorator.py for tasks to queue
[2024-08-08T20:24:10.218+0400] {logging_mixin.py:151} INFO - [2024-08-08T20:24:10.218+0400] {dagbag.py:539} INFO - Filling up the DagBag from /home/eduardo/airflow_venv/lib/python3.10/site-packages/airflow/example_dags/example_short_circuit_decorator.py
[2024-08-08T20:24:10.224+0400] {processor.py:839} INFO - DAG(s) dict_keys(['example_short_circuit_decorator']) retrieved from /home/eduardo/airflow_venv/lib/python3.10/site-packages/airflow/example_dags/example_short_circuit_decorator.py
[2024-08-08T20:24:10.235+0400] {logging_mixin.py:151} INFO - [2024-08-08T20:24:10.235+0400] {dag.py:2915} INFO - Sync 1 DAGs
[2024-08-08T20:24:10.249+0400] {logging_mixin.py:151} INFO - [2024-08-08T20:24:10.249+0400] {dag.py:3696} INFO - Setting next_dagrun for example_short_circuit_decorator to 2024-08-07T16:24:10.249436+00:00, run_after=2024-08-08T16:24:10.249436+00:00
[2024-08-08T20:24:10.277+0400] {processor.py:179} INFO - Processing /home/eduardo/airflow_venv/lib/python3.10/site-packages/airflow/example_dags/example_short_circuit_decorator.py took 0.064 seconds
[2024-08-08T20:24:56.220+0400] {processor.py:157} INFO - Started process (PID=7246) to work on /home/eduardo/airflow_venv/lib/python3.10/site-packages/airflow/example_dags/example_short_circuit_decorator.py
[2024-08-08T20:24:56.221+0400] {processor.py:829} INFO - Processing file /home/eduardo/airflow_venv/lib/python3.10/site-packages/airflow/example_dags/example_short_circuit_decorator.py for tasks to queue
[2024-08-08T20:24:56.222+0400] {logging_mixin.py:151} INFO - [2024-08-08T20:24:56.221+0400] {dagbag.py:539} INFO - Filling up the DagBag from /home/eduardo/airflow_venv/lib/python3.10/site-packages/airflow/example_dags/example_short_circuit_decorator.py
[2024-08-08T20:24:56.230+0400] {processor.py:839} INFO - DAG(s) dict_keys(['example_short_circuit_decorator']) retrieved from /home/eduardo/airflow_venv/lib/python3.10/site-packages/airflow/example_dags/example_short_circuit_decorator.py
[2024-08-08T20:24:56.246+0400] {logging_mixin.py:151} INFO - [2024-08-08T20:24:56.246+0400] {dag.py:2915} INFO - Sync 1 DAGs
[2024-08-08T20:24:56.259+0400] {logging_mixin.py:151} INFO - [2024-08-08T20:24:56.259+0400] {dag.py:3696} INFO - Setting next_dagrun for example_short_circuit_decorator to 2024-08-07T16:24:56.259074+00:00, run_after=2024-08-08T16:24:56.259074+00:00
[2024-08-08T20:24:56.286+0400] {processor.py:179} INFO - Processing /home/eduardo/airflow_venv/lib/python3.10/site-packages/airflow/example_dags/example_short_circuit_decorator.py took 0.068 seconds
[2024-08-08T20:25:41.280+0400] {processor.py:157} INFO - Started process (PID=7293) to work on /home/eduardo/airflow_venv/lib/python3.10/site-packages/airflow/example_dags/example_short_circuit_decorator.py
[2024-08-08T20:25:41.281+0400] {processor.py:829} INFO - Processing file /home/eduardo/airflow_venv/lib/python3.10/site-packages/airflow/example_dags/example_short_circuit_decorator.py for tasks to queue
[2024-08-08T20:25:41.282+0400] {logging_mixin.py:151} INFO - [2024-08-08T20:25:41.281+0400] {dagbag.py:539} INFO - Filling up the DagBag from /home/eduardo/airflow_venv/lib/python3.10/site-packages/airflow/example_dags/example_short_circuit_decorator.py
[2024-08-08T20:25:41.288+0400] {processor.py:839} INFO - DAG(s) dict_keys(['example_short_circuit_decorator']) retrieved from /home/eduardo/airflow_venv/lib/python3.10/site-packages/airflow/example_dags/example_short_circuit_decorator.py
[2024-08-08T20:25:41.298+0400] {logging_mixin.py:151} INFO - [2024-08-08T20:25:41.298+0400] {dag.py:2915} INFO - Sync 1 DAGs
[2024-08-08T20:25:41.309+0400] {logging_mixin.py:151} INFO - [2024-08-08T20:25:41.309+0400] {dag.py:3696} INFO - Setting next_dagrun for example_short_circuit_decorator to 2024-08-07T16:25:41.308978+00:00, run_after=2024-08-08T16:25:41.308978+00:00
[2024-08-08T20:25:41.335+0400] {processor.py:179} INFO - Processing /home/eduardo/airflow_venv/lib/python3.10/site-packages/airflow/example_dags/example_short_circuit_decorator.py took 0.057 seconds
[2024-08-08T22:09:38.660+0400] {processor.py:157} INFO - Started process (PID=9468) to work on /home/eduardo/airflow_venv/lib/python3.10/site-packages/airflow/example_dags/example_short_circuit_decorator.py
[2024-08-08T22:09:38.665+0400] {processor.py:829} INFO - Processing file /home/eduardo/airflow_venv/lib/python3.10/site-packages/airflow/example_dags/example_short_circuit_decorator.py for tasks to queue
[2024-08-08T22:09:38.666+0400] {logging_mixin.py:151} INFO - [2024-08-08T22:09:38.666+0400] {dagbag.py:539} INFO - Filling up the DagBag from /home/eduardo/airflow_venv/lib/python3.10/site-packages/airflow/example_dags/example_short_circuit_decorator.py
[2024-08-08T22:09:38.682+0400] {processor.py:839} INFO - DAG(s) dict_keys(['example_short_circuit_decorator']) retrieved from /home/eduardo/airflow_venv/lib/python3.10/site-packages/airflow/example_dags/example_short_circuit_decorator.py
[2024-08-08T22:09:38.702+0400] {logging_mixin.py:151} INFO - [2024-08-08T22:09:38.702+0400] {dag.py:2915} INFO - Sync 1 DAGs
[2024-08-08T22:09:38.717+0400] {logging_mixin.py:151} INFO - [2024-08-08T22:09:38.716+0400] {dag.py:3696} INFO - Setting next_dagrun for example_short_circuit_decorator to 2024-08-07T18:09:38.716726+00:00, run_after=2024-08-08T18:09:38.716726+00:00
[2024-08-08T22:09:38.749+0400] {processor.py:179} INFO - Processing /home/eduardo/airflow_venv/lib/python3.10/site-packages/airflow/example_dags/example_short_circuit_decorator.py took 0.094 seconds
[2024-08-08T22:10:25.639+0400] {processor.py:157} INFO - Started process (PID=10009) to work on /home/eduardo/airflow_venv/lib/python3.10/site-packages/airflow/example_dags/example_short_circuit_decorator.py
[2024-08-08T22:10:25.642+0400] {processor.py:829} INFO - Processing file /home/eduardo/airflow_venv/lib/python3.10/site-packages/airflow/example_dags/example_short_circuit_decorator.py for tasks to queue
[2024-08-08T22:10:25.643+0400] {logging_mixin.py:151} INFO - [2024-08-08T22:10:25.643+0400] {dagbag.py:539} INFO - Filling up the DagBag from /home/eduardo/airflow_venv/lib/python3.10/site-packages/airflow/example_dags/example_short_circuit_decorator.py
[2024-08-08T22:10:25.656+0400] {processor.py:839} INFO - DAG(s) dict_keys(['example_short_circuit_decorator']) retrieved from /home/eduardo/airflow_venv/lib/python3.10/site-packages/airflow/example_dags/example_short_circuit_decorator.py
[2024-08-08T22:10:25.677+0400] {logging_mixin.py:151} INFO - [2024-08-08T22:10:25.677+0400] {dag.py:2915} INFO - Sync 1 DAGs
[2024-08-08T22:10:25.697+0400] {logging_mixin.py:151} INFO - [2024-08-08T22:10:25.697+0400] {dag.py:3696} INFO - Setting next_dagrun for example_short_circuit_decorator to 2024-08-07T18:10:25.697188+00:00, run_after=2024-08-08T18:10:25.697188+00:00
[2024-08-08T22:10:25.733+0400] {processor.py:179} INFO - Processing /home/eduardo/airflow_venv/lib/python3.10/site-packages/airflow/example_dags/example_short_circuit_decorator.py took 0.100 seconds
[2024-08-08T22:11:13.840+0400] {processor.py:157} INFO - Started process (PID=10528) to work on /home/eduardo/airflow_venv/lib/python3.10/site-packages/airflow/example_dags/example_short_circuit_decorator.py
[2024-08-08T22:11:13.843+0400] {processor.py:829} INFO - Processing file /home/eduardo/airflow_venv/lib/python3.10/site-packages/airflow/example_dags/example_short_circuit_decorator.py for tasks to queue
[2024-08-08T22:11:13.845+0400] {logging_mixin.py:151} INFO - [2024-08-08T22:11:13.845+0400] {dagbag.py:539} INFO - Filling up the DagBag from /home/eduardo/airflow_venv/lib/python3.10/site-packages/airflow/example_dags/example_short_circuit_decorator.py
[2024-08-08T22:11:13.863+0400] {processor.py:839} INFO - DAG(s) dict_keys(['example_short_circuit_decorator']) retrieved from /home/eduardo/airflow_venv/lib/python3.10/site-packages/airflow/example_dags/example_short_circuit_decorator.py
[2024-08-08T22:11:13.886+0400] {logging_mixin.py:151} INFO - [2024-08-08T22:11:13.886+0400] {dag.py:2915} INFO - Sync 1 DAGs
[2024-08-08T22:11:13.921+0400] {logging_mixin.py:151} INFO - [2024-08-08T22:11:13.921+0400] {dag.py:3696} INFO - Setting next_dagrun for example_short_circuit_decorator to 2024-08-07T18:11:13.920642+00:00, run_after=2024-08-08T18:11:13.920642+00:00
[2024-08-08T22:11:13.970+0400] {processor.py:179} INFO - Processing /home/eduardo/airflow_venv/lib/python3.10/site-packages/airflow/example_dags/example_short_circuit_decorator.py took 0.133 seconds
[2024-08-08T22:11:50.750+0400] {processor.py:157} INFO - Started process (PID=10865) to work on /home/eduardo/airflow_venv/lib/python3.10/site-packages/airflow/example_dags/example_short_circuit_decorator.py
[2024-08-08T22:11:50.753+0400] {processor.py:829} INFO - Processing file /home/eduardo/airflow_venv/lib/python3.10/site-packages/airflow/example_dags/example_short_circuit_decorator.py for tasks to queue
[2024-08-08T22:11:50.754+0400] {logging_mixin.py:151} INFO - [2024-08-08T22:11:50.754+0400] {dagbag.py:539} INFO - Filling up the DagBag from /home/eduardo/airflow_venv/lib/python3.10/site-packages/airflow/example_dags/example_short_circuit_decorator.py
[2024-08-08T22:11:50.762+0400] {processor.py:839} INFO - DAG(s) dict_keys(['example_short_circuit_decorator']) retrieved from /home/eduardo/airflow_venv/lib/python3.10/site-packages/airflow/example_dags/example_short_circuit_decorator.py
[2024-08-08T22:11:50.777+0400] {logging_mixin.py:151} INFO - [2024-08-08T22:11:50.777+0400] {dag.py:2915} INFO - Sync 1 DAGs
[2024-08-08T22:11:50.791+0400] {logging_mixin.py:151} INFO - [2024-08-08T22:11:50.791+0400] {dag.py:3696} INFO - Setting next_dagrun for example_short_circuit_decorator to 2024-08-07T18:11:50.791129+00:00, run_after=2024-08-08T18:11:50.791129+00:00
[2024-08-08T22:11:50.822+0400] {processor.py:179} INFO - Processing /home/eduardo/airflow_venv/lib/python3.10/site-packages/airflow/example_dags/example_short_circuit_decorator.py took 0.075 seconds
[2024-08-08T22:12:41.390+0400] {processor.py:157} INFO - Started process (PID=11256) to work on /home/eduardo/airflow_venv/lib/python3.10/site-packages/airflow/example_dags/example_short_circuit_decorator.py
[2024-08-08T22:12:41.393+0400] {processor.py:829} INFO - Processing file /home/eduardo/airflow_venv/lib/python3.10/site-packages/airflow/example_dags/example_short_circuit_decorator.py for tasks to queue
[2024-08-08T22:12:41.395+0400] {logging_mixin.py:151} INFO - [2024-08-08T22:12:41.394+0400] {dagbag.py:539} INFO - Filling up the DagBag from /home/eduardo/airflow_venv/lib/python3.10/site-packages/airflow/example_dags/example_short_circuit_decorator.py
[2024-08-08T22:12:41.408+0400] {processor.py:839} INFO - DAG(s) dict_keys(['example_short_circuit_decorator']) retrieved from /home/eduardo/airflow_venv/lib/python3.10/site-packages/airflow/example_dags/example_short_circuit_decorator.py
[2024-08-08T22:12:41.423+0400] {logging_mixin.py:151} INFO - [2024-08-08T22:12:41.423+0400] {dag.py:2915} INFO - Sync 1 DAGs
[2024-08-08T22:12:41.438+0400] {logging_mixin.py:151} INFO - [2024-08-08T22:12:41.438+0400] {dag.py:3696} INFO - Setting next_dagrun for example_short_circuit_decorator to 2024-08-07T18:12:41.438512+00:00, run_after=2024-08-08T18:12:41.438512+00:00
[2024-08-08T22:12:41.472+0400] {processor.py:179} INFO - Processing /home/eduardo/airflow_venv/lib/python3.10/site-packages/airflow/example_dags/example_short_circuit_decorator.py took 0.084 seconds
[2024-08-08T22:13:29.011+0400] {processor.py:157} INFO - Started process (PID=11654) to work on /home/eduardo/airflow_venv/lib/python3.10/site-packages/airflow/example_dags/example_short_circuit_decorator.py
[2024-08-08T22:13:29.014+0400] {processor.py:829} INFO - Processing file /home/eduardo/airflow_venv/lib/python3.10/site-packages/airflow/example_dags/example_short_circuit_decorator.py for tasks to queue
[2024-08-08T22:13:29.014+0400] {logging_mixin.py:151} INFO - [2024-08-08T22:13:29.014+0400] {dagbag.py:539} INFO - Filling up the DagBag from /home/eduardo/airflow_venv/lib/python3.10/site-packages/airflow/example_dags/example_short_circuit_decorator.py
[2024-08-08T22:13:29.024+0400] {processor.py:839} INFO - DAG(s) dict_keys(['example_short_circuit_decorator']) retrieved from /home/eduardo/airflow_venv/lib/python3.10/site-packages/airflow/example_dags/example_short_circuit_decorator.py
[2024-08-08T22:13:29.039+0400] {logging_mixin.py:151} INFO - [2024-08-08T22:13:29.038+0400] {dag.py:2915} INFO - Sync 1 DAGs
[2024-08-08T22:13:29.056+0400] {logging_mixin.py:151} INFO - [2024-08-08T22:13:29.056+0400] {dag.py:3696} INFO - Setting next_dagrun for example_short_circuit_decorator to 2024-08-07T18:13:29.055810+00:00, run_after=2024-08-08T18:13:29.055810+00:00
[2024-08-08T22:13:29.082+0400] {processor.py:179} INFO - Processing /home/eduardo/airflow_venv/lib/python3.10/site-packages/airflow/example_dags/example_short_circuit_decorator.py took 0.074 seconds
[2024-08-08T22:14:13.306+0400] {processor.py:157} INFO - Started process (PID=12186) to work on /home/eduardo/airflow_venv/lib/python3.10/site-packages/airflow/example_dags/example_short_circuit_decorator.py
[2024-08-08T22:14:13.307+0400] {processor.py:829} INFO - Processing file /home/eduardo/airflow_venv/lib/python3.10/site-packages/airflow/example_dags/example_short_circuit_decorator.py for tasks to queue
[2024-08-08T22:14:13.308+0400] {logging_mixin.py:151} INFO - [2024-08-08T22:14:13.308+0400] {dagbag.py:539} INFO - Filling up the DagBag from /home/eduardo/airflow_venv/lib/python3.10/site-packages/airflow/example_dags/example_short_circuit_decorator.py
[2024-08-08T22:14:13.321+0400] {processor.py:839} INFO - DAG(s) dict_keys(['example_short_circuit_decorator']) retrieved from /home/eduardo/airflow_venv/lib/python3.10/site-packages/airflow/example_dags/example_short_circuit_decorator.py
[2024-08-08T22:14:13.343+0400] {logging_mixin.py:151} INFO - [2024-08-08T22:14:13.343+0400] {dag.py:2915} INFO - Sync 1 DAGs
[2024-08-08T22:14:13.368+0400] {logging_mixin.py:151} INFO - [2024-08-08T22:14:13.368+0400] {dag.py:3696} INFO - Setting next_dagrun for example_short_circuit_decorator to 2024-08-07T18:14:13.367951+00:00, run_after=2024-08-08T18:14:13.367951+00:00
[2024-08-08T22:14:13.403+0400] {processor.py:179} INFO - Processing /home/eduardo/airflow_venv/lib/python3.10/site-packages/airflow/example_dags/example_short_circuit_decorator.py took 0.102 seconds
[2024-08-08T22:14:48.072+0400] {processor.py:157} INFO - Started process (PID=12528) to work on /home/eduardo/airflow_venv/lib/python3.10/site-packages/airflow/example_dags/example_short_circuit_decorator.py
[2024-08-08T22:14:48.075+0400] {processor.py:829} INFO - Processing file /home/eduardo/airflow_venv/lib/python3.10/site-packages/airflow/example_dags/example_short_circuit_decorator.py for tasks to queue
[2024-08-08T22:14:48.078+0400] {logging_mixin.py:151} INFO - [2024-08-08T22:14:48.077+0400] {dagbag.py:539} INFO - Filling up the DagBag from /home/eduardo/airflow_venv/lib/python3.10/site-packages/airflow/example_dags/example_short_circuit_decorator.py
[2024-08-08T22:14:48.094+0400] {processor.py:839} INFO - DAG(s) dict_keys(['example_short_circuit_decorator']) retrieved from /home/eduardo/airflow_venv/lib/python3.10/site-packages/airflow/example_dags/example_short_circuit_decorator.py
[2024-08-08T22:14:48.117+0400] {logging_mixin.py:151} INFO - [2024-08-08T22:14:48.117+0400] {dag.py:2915} INFO - Sync 1 DAGs
[2024-08-08T22:14:48.149+0400] {logging_mixin.py:151} INFO - [2024-08-08T22:14:48.149+0400] {dag.py:3696} INFO - Setting next_dagrun for example_short_circuit_decorator to 2024-08-07T18:14:48.148954+00:00, run_after=2024-08-08T18:14:48.148954+00:00
[2024-08-08T22:14:48.198+0400] {processor.py:179} INFO - Processing /home/eduardo/airflow_venv/lib/python3.10/site-packages/airflow/example_dags/example_short_circuit_decorator.py took 0.131 seconds
[2024-08-08T22:15:22.924+0400] {processor.py:157} INFO - Started process (PID=12798) to work on /home/eduardo/airflow_venv/lib/python3.10/site-packages/airflow/example_dags/example_short_circuit_decorator.py
[2024-08-08T22:15:22.927+0400] {processor.py:829} INFO - Processing file /home/eduardo/airflow_venv/lib/python3.10/site-packages/airflow/example_dags/example_short_circuit_decorator.py for tasks to queue
[2024-08-08T22:15:22.927+0400] {logging_mixin.py:151} INFO - [2024-08-08T22:15:22.927+0400] {dagbag.py:539} INFO - Filling up the DagBag from /home/eduardo/airflow_venv/lib/python3.10/site-packages/airflow/example_dags/example_short_circuit_decorator.py
[2024-08-08T22:15:22.936+0400] {processor.py:839} INFO - DAG(s) dict_keys(['example_short_circuit_decorator']) retrieved from /home/eduardo/airflow_venv/lib/python3.10/site-packages/airflow/example_dags/example_short_circuit_decorator.py
[2024-08-08T22:15:22.951+0400] {logging_mixin.py:151} INFO - [2024-08-08T22:15:22.950+0400] {dag.py:2915} INFO - Sync 1 DAGs
[2024-08-08T22:15:22.965+0400] {logging_mixin.py:151} INFO - [2024-08-08T22:15:22.965+0400] {dag.py:3696} INFO - Setting next_dagrun for example_short_circuit_decorator to 2024-08-07T18:15:22.965377+00:00, run_after=2024-08-08T18:15:22.965377+00:00
[2024-08-08T22:15:22.995+0400] {processor.py:179} INFO - Processing /home/eduardo/airflow_venv/lib/python3.10/site-packages/airflow/example_dags/example_short_circuit_decorator.py took 0.076 seconds
[2024-08-08T22:15:58.452+0400] {processor.py:157} INFO - Started process (PID=13163) to work on /home/eduardo/airflow_venv/lib/python3.10/site-packages/airflow/example_dags/example_short_circuit_decorator.py
[2024-08-08T22:15:58.454+0400] {processor.py:829} INFO - Processing file /home/eduardo/airflow_venv/lib/python3.10/site-packages/airflow/example_dags/example_short_circuit_decorator.py for tasks to queue
[2024-08-08T22:15:58.455+0400] {logging_mixin.py:151} INFO - [2024-08-08T22:15:58.455+0400] {dagbag.py:539} INFO - Filling up the DagBag from /home/eduardo/airflow_venv/lib/python3.10/site-packages/airflow/example_dags/example_short_circuit_decorator.py
[2024-08-08T22:15:58.470+0400] {processor.py:839} INFO - DAG(s) dict_keys(['example_short_circuit_decorator']) retrieved from /home/eduardo/airflow_venv/lib/python3.10/site-packages/airflow/example_dags/example_short_circuit_decorator.py
[2024-08-08T22:15:58.494+0400] {logging_mixin.py:151} INFO - [2024-08-08T22:15:58.493+0400] {dag.py:2915} INFO - Sync 1 DAGs
[2024-08-08T22:15:58.518+0400] {logging_mixin.py:151} INFO - [2024-08-08T22:15:58.518+0400] {dag.py:3696} INFO - Setting next_dagrun for example_short_circuit_decorator to 2024-08-07T18:15:58.517847+00:00, run_after=2024-08-08T18:15:58.517847+00:00
[2024-08-08T22:15:58.553+0400] {processor.py:179} INFO - Processing /home/eduardo/airflow_venv/lib/python3.10/site-packages/airflow/example_dags/example_short_circuit_decorator.py took 0.108 seconds
[2024-08-08T22:16:45.772+0400] {processor.py:157} INFO - Started process (PID=13605) to work on /home/eduardo/airflow_venv/lib/python3.10/site-packages/airflow/example_dags/example_short_circuit_decorator.py
[2024-08-08T22:16:45.774+0400] {processor.py:829} INFO - Processing file /home/eduardo/airflow_venv/lib/python3.10/site-packages/airflow/example_dags/example_short_circuit_decorator.py for tasks to queue
[2024-08-08T22:16:45.775+0400] {logging_mixin.py:151} INFO - [2024-08-08T22:16:45.775+0400] {dagbag.py:539} INFO - Filling up the DagBag from /home/eduardo/airflow_venv/lib/python3.10/site-packages/airflow/example_dags/example_short_circuit_decorator.py
[2024-08-08T22:16:45.784+0400] {processor.py:839} INFO - DAG(s) dict_keys(['example_short_circuit_decorator']) retrieved from /home/eduardo/airflow_venv/lib/python3.10/site-packages/airflow/example_dags/example_short_circuit_decorator.py
[2024-08-08T22:16:45.811+0400] {logging_mixin.py:151} INFO - [2024-08-08T22:16:45.811+0400] {dag.py:2915} INFO - Sync 1 DAGs
[2024-08-08T22:16:45.843+0400] {logging_mixin.py:151} INFO - [2024-08-08T22:16:45.843+0400] {dag.py:3696} INFO - Setting next_dagrun for example_short_circuit_decorator to 2024-08-07T18:16:45.842857+00:00, run_after=2024-08-08T18:16:45.842857+00:00
[2024-08-08T22:16:45.890+0400] {processor.py:179} INFO - Processing /home/eduardo/airflow_venv/lib/python3.10/site-packages/airflow/example_dags/example_short_circuit_decorator.py took 0.123 seconds
[2024-08-08T22:17:22.031+0400] {processor.py:157} INFO - Started process (PID=14016) to work on /home/eduardo/airflow_venv/lib/python3.10/site-packages/airflow/example_dags/example_short_circuit_decorator.py
[2024-08-08T22:17:22.034+0400] {processor.py:829} INFO - Processing file /home/eduardo/airflow_venv/lib/python3.10/site-packages/airflow/example_dags/example_short_circuit_decorator.py for tasks to queue
[2024-08-08T22:17:22.035+0400] {logging_mixin.py:151} INFO - [2024-08-08T22:17:22.034+0400] {dagbag.py:539} INFO - Filling up the DagBag from /home/eduardo/airflow_venv/lib/python3.10/site-packages/airflow/example_dags/example_short_circuit_decorator.py
[2024-08-08T22:17:22.048+0400] {processor.py:839} INFO - DAG(s) dict_keys(['example_short_circuit_decorator']) retrieved from /home/eduardo/airflow_venv/lib/python3.10/site-packages/airflow/example_dags/example_short_circuit_decorator.py
[2024-08-08T22:17:22.073+0400] {logging_mixin.py:151} INFO - [2024-08-08T22:17:22.073+0400] {dag.py:2915} INFO - Sync 1 DAGs
[2024-08-08T22:17:22.094+0400] {logging_mixin.py:151} INFO - [2024-08-08T22:17:22.094+0400] {dag.py:3696} INFO - Setting next_dagrun for example_short_circuit_decorator to 2024-08-07T18:17:22.094058+00:00, run_after=2024-08-08T18:17:22.094058+00:00
[2024-08-08T22:17:22.138+0400] {processor.py:179} INFO - Processing /home/eduardo/airflow_venv/lib/python3.10/site-packages/airflow/example_dags/example_short_circuit_decorator.py took 0.111 seconds
[2024-08-08T22:17:58.437+0400] {processor.py:157} INFO - Started process (PID=14295) to work on /home/eduardo/airflow_venv/lib/python3.10/site-packages/airflow/example_dags/example_short_circuit_decorator.py
[2024-08-08T22:17:58.440+0400] {processor.py:829} INFO - Processing file /home/eduardo/airflow_venv/lib/python3.10/site-packages/airflow/example_dags/example_short_circuit_decorator.py for tasks to queue
[2024-08-08T22:17:58.441+0400] {logging_mixin.py:151} INFO - [2024-08-08T22:17:58.440+0400] {dagbag.py:539} INFO - Filling up the DagBag from /home/eduardo/airflow_venv/lib/python3.10/site-packages/airflow/example_dags/example_short_circuit_decorator.py
[2024-08-08T22:17:58.450+0400] {processor.py:839} INFO - DAG(s) dict_keys(['example_short_circuit_decorator']) retrieved from /home/eduardo/airflow_venv/lib/python3.10/site-packages/airflow/example_dags/example_short_circuit_decorator.py
[2024-08-08T22:17:58.463+0400] {logging_mixin.py:151} INFO - [2024-08-08T22:17:58.463+0400] {dag.py:2915} INFO - Sync 1 DAGs
[2024-08-08T22:17:58.477+0400] {logging_mixin.py:151} INFO - [2024-08-08T22:17:58.477+0400] {dag.py:3696} INFO - Setting next_dagrun for example_short_circuit_decorator to 2024-08-07T18:17:58.476966+00:00, run_after=2024-08-08T18:17:58.476966+00:00
[2024-08-08T22:17:58.509+0400] {processor.py:179} INFO - Processing /home/eduardo/airflow_venv/lib/python3.10/site-packages/airflow/example_dags/example_short_circuit_decorator.py took 0.074 seconds
[2024-08-08T22:18:31.733+0400] {processor.py:157} INFO - Started process (PID=14556) to work on /home/eduardo/airflow_venv/lib/python3.10/site-packages/airflow/example_dags/example_short_circuit_decorator.py
[2024-08-08T22:18:31.734+0400] {processor.py:829} INFO - Processing file /home/eduardo/airflow_venv/lib/python3.10/site-packages/airflow/example_dags/example_short_circuit_decorator.py for tasks to queue
[2024-08-08T22:18:31.735+0400] {logging_mixin.py:151} INFO - [2024-08-08T22:18:31.734+0400] {dagbag.py:539} INFO - Filling up the DagBag from /home/eduardo/airflow_venv/lib/python3.10/site-packages/airflow/example_dags/example_short_circuit_decorator.py
[2024-08-08T22:18:31.742+0400] {processor.py:839} INFO - DAG(s) dict_keys(['example_short_circuit_decorator']) retrieved from /home/eduardo/airflow_venv/lib/python3.10/site-packages/airflow/example_dags/example_short_circuit_decorator.py
[2024-08-08T22:18:31.756+0400] {logging_mixin.py:151} INFO - [2024-08-08T22:18:31.755+0400] {dag.py:2915} INFO - Sync 1 DAGs
[2024-08-08T22:18:31.769+0400] {logging_mixin.py:151} INFO - [2024-08-08T22:18:31.769+0400] {dag.py:3696} INFO - Setting next_dagrun for example_short_circuit_decorator to 2024-08-07T18:18:31.769277+00:00, run_after=2024-08-08T18:18:31.769277+00:00
[2024-08-08T22:18:31.801+0400] {processor.py:179} INFO - Processing /home/eduardo/airflow_venv/lib/python3.10/site-packages/airflow/example_dags/example_short_circuit_decorator.py took 0.071 seconds
[2024-08-08T22:19:09.785+0400] {processor.py:157} INFO - Started process (PID=14850) to work on /home/eduardo/airflow_venv/lib/python3.10/site-packages/airflow/example_dags/example_short_circuit_decorator.py
[2024-08-08T22:19:09.788+0400] {processor.py:829} INFO - Processing file /home/eduardo/airflow_venv/lib/python3.10/site-packages/airflow/example_dags/example_short_circuit_decorator.py for tasks to queue
[2024-08-08T22:19:09.790+0400] {logging_mixin.py:151} INFO - [2024-08-08T22:19:09.789+0400] {dagbag.py:539} INFO - Filling up the DagBag from /home/eduardo/airflow_venv/lib/python3.10/site-packages/airflow/example_dags/example_short_circuit_decorator.py
[2024-08-08T22:19:09.799+0400] {processor.py:839} INFO - DAG(s) dict_keys(['example_short_circuit_decorator']) retrieved from /home/eduardo/airflow_venv/lib/python3.10/site-packages/airflow/example_dags/example_short_circuit_decorator.py
[2024-08-08T22:19:09.821+0400] {logging_mixin.py:151} INFO - [2024-08-08T22:19:09.821+0400] {dag.py:2915} INFO - Sync 1 DAGs
[2024-08-08T22:19:09.842+0400] {logging_mixin.py:151} INFO - [2024-08-08T22:19:09.842+0400] {dag.py:3696} INFO - Setting next_dagrun for example_short_circuit_decorator to 2024-08-07T18:19:09.842439+00:00, run_after=2024-08-08T18:19:09.842439+00:00
[2024-08-08T22:19:09.878+0400] {processor.py:179} INFO - Processing /home/eduardo/airflow_venv/lib/python3.10/site-packages/airflow/example_dags/example_short_circuit_decorator.py took 0.097 seconds
[2024-08-08T22:19:56.316+0400] {processor.py:157} INFO - Started process (PID=15243) to work on /home/eduardo/airflow_venv/lib/python3.10/site-packages/airflow/example_dags/example_short_circuit_decorator.py
[2024-08-08T22:19:56.318+0400] {processor.py:829} INFO - Processing file /home/eduardo/airflow_venv/lib/python3.10/site-packages/airflow/example_dags/example_short_circuit_decorator.py for tasks to queue
[2024-08-08T22:19:56.319+0400] {logging_mixin.py:151} INFO - [2024-08-08T22:19:56.319+0400] {dagbag.py:539} INFO - Filling up the DagBag from /home/eduardo/airflow_venv/lib/python3.10/site-packages/airflow/example_dags/example_short_circuit_decorator.py
[2024-08-08T22:19:56.330+0400] {processor.py:839} INFO - DAG(s) dict_keys(['example_short_circuit_decorator']) retrieved from /home/eduardo/airflow_venv/lib/python3.10/site-packages/airflow/example_dags/example_short_circuit_decorator.py
[2024-08-08T22:19:56.349+0400] {logging_mixin.py:151} INFO - [2024-08-08T22:19:56.349+0400] {dag.py:2915} INFO - Sync 1 DAGs
[2024-08-08T22:19:56.372+0400] {logging_mixin.py:151} INFO - [2024-08-08T22:19:56.372+0400] {dag.py:3696} INFO - Setting next_dagrun for example_short_circuit_decorator to 2024-08-07T18:19:56.371987+00:00, run_after=2024-08-08T18:19:56.371987+00:00
[2024-08-08T22:19:56.405+0400] {processor.py:179} INFO - Processing /home/eduardo/airflow_venv/lib/python3.10/site-packages/airflow/example_dags/example_short_circuit_decorator.py took 0.092 seconds
[2024-08-08T22:20:30.812+0400] {processor.py:157} INFO - Started process (PID=15509) to work on /home/eduardo/airflow_venv/lib/python3.10/site-packages/airflow/example_dags/example_short_circuit_decorator.py
[2024-08-08T22:20:30.815+0400] {processor.py:829} INFO - Processing file /home/eduardo/airflow_venv/lib/python3.10/site-packages/airflow/example_dags/example_short_circuit_decorator.py for tasks to queue
[2024-08-08T22:20:30.816+0400] {logging_mixin.py:151} INFO - [2024-08-08T22:20:30.816+0400] {dagbag.py:539} INFO - Filling up the DagBag from /home/eduardo/airflow_venv/lib/python3.10/site-packages/airflow/example_dags/example_short_circuit_decorator.py
[2024-08-08T22:20:30.825+0400] {processor.py:839} INFO - DAG(s) dict_keys(['example_short_circuit_decorator']) retrieved from /home/eduardo/airflow_venv/lib/python3.10/site-packages/airflow/example_dags/example_short_circuit_decorator.py
[2024-08-08T22:20:30.839+0400] {logging_mixin.py:151} INFO - [2024-08-08T22:20:30.838+0400] {dag.py:2915} INFO - Sync 1 DAGs
[2024-08-08T22:20:30.855+0400] {logging_mixin.py:151} INFO - [2024-08-08T22:20:30.855+0400] {dag.py:3696} INFO - Setting next_dagrun for example_short_circuit_decorator to 2024-08-07T18:20:30.855358+00:00, run_after=2024-08-08T18:20:30.855358+00:00
[2024-08-08T22:20:30.885+0400] {processor.py:179} INFO - Processing /home/eduardo/airflow_venv/lib/python3.10/site-packages/airflow/example_dags/example_short_circuit_decorator.py took 0.075 seconds
[2024-08-08T22:21:05.623+0400] {processor.py:157} INFO - Started process (PID=15848) to work on /home/eduardo/airflow_venv/lib/python3.10/site-packages/airflow/example_dags/example_short_circuit_decorator.py
[2024-08-08T22:21:05.626+0400] {processor.py:829} INFO - Processing file /home/eduardo/airflow_venv/lib/python3.10/site-packages/airflow/example_dags/example_short_circuit_decorator.py for tasks to queue
[2024-08-08T22:21:05.628+0400] {logging_mixin.py:151} INFO - [2024-08-08T22:21:05.627+0400] {dagbag.py:539} INFO - Filling up the DagBag from /home/eduardo/airflow_venv/lib/python3.10/site-packages/airflow/example_dags/example_short_circuit_decorator.py
[2024-08-08T22:21:05.637+0400] {processor.py:839} INFO - DAG(s) dict_keys(['example_short_circuit_decorator']) retrieved from /home/eduardo/airflow_venv/lib/python3.10/site-packages/airflow/example_dags/example_short_circuit_decorator.py
[2024-08-08T22:21:05.654+0400] {logging_mixin.py:151} INFO - [2024-08-08T22:21:05.654+0400] {dag.py:2915} INFO - Sync 1 DAGs
[2024-08-08T22:21:05.671+0400] {logging_mixin.py:151} INFO - [2024-08-08T22:21:05.671+0400] {dag.py:3696} INFO - Setting next_dagrun for example_short_circuit_decorator to 2024-08-07T18:21:05.671091+00:00, run_after=2024-08-08T18:21:05.671091+00:00
[2024-08-08T22:21:05.699+0400] {processor.py:179} INFO - Processing /home/eduardo/airflow_venv/lib/python3.10/site-packages/airflow/example_dags/example_short_circuit_decorator.py took 0.079 seconds
[2024-08-08T22:21:41.424+0400] {processor.py:157} INFO - Started process (PID=16178) to work on /home/eduardo/airflow_venv/lib/python3.10/site-packages/airflow/example_dags/example_short_circuit_decorator.py
[2024-08-08T22:21:41.426+0400] {processor.py:829} INFO - Processing file /home/eduardo/airflow_venv/lib/python3.10/site-packages/airflow/example_dags/example_short_circuit_decorator.py for tasks to queue
[2024-08-08T22:21:41.427+0400] {logging_mixin.py:151} INFO - [2024-08-08T22:21:41.427+0400] {dagbag.py:539} INFO - Filling up the DagBag from /home/eduardo/airflow_venv/lib/python3.10/site-packages/airflow/example_dags/example_short_circuit_decorator.py
[2024-08-08T22:21:41.436+0400] {processor.py:839} INFO - DAG(s) dict_keys(['example_short_circuit_decorator']) retrieved from /home/eduardo/airflow_venv/lib/python3.10/site-packages/airflow/example_dags/example_short_circuit_decorator.py
[2024-08-08T22:21:41.452+0400] {logging_mixin.py:151} INFO - [2024-08-08T22:21:41.452+0400] {dag.py:2915} INFO - Sync 1 DAGs
[2024-08-08T22:21:41.466+0400] {logging_mixin.py:151} INFO - [2024-08-08T22:21:41.466+0400] {dag.py:3696} INFO - Setting next_dagrun for example_short_circuit_decorator to 2024-08-07T18:21:41.465989+00:00, run_after=2024-08-08T18:21:41.465989+00:00
[2024-08-08T22:21:41.495+0400] {processor.py:179} INFO - Processing /home/eduardo/airflow_venv/lib/python3.10/site-packages/airflow/example_dags/example_short_circuit_decorator.py took 0.074 seconds
[2024-08-08T22:22:17.216+0400] {processor.py:157} INFO - Started process (PID=16454) to work on /home/eduardo/airflow_venv/lib/python3.10/site-packages/airflow/example_dags/example_short_circuit_decorator.py
[2024-08-08T22:22:17.219+0400] {processor.py:829} INFO - Processing file /home/eduardo/airflow_venv/lib/python3.10/site-packages/airflow/example_dags/example_short_circuit_decorator.py for tasks to queue
[2024-08-08T22:22:17.220+0400] {logging_mixin.py:151} INFO - [2024-08-08T22:22:17.219+0400] {dagbag.py:539} INFO - Filling up the DagBag from /home/eduardo/airflow_venv/lib/python3.10/site-packages/airflow/example_dags/example_short_circuit_decorator.py
[2024-08-08T22:22:17.232+0400] {processor.py:839} INFO - DAG(s) dict_keys(['example_short_circuit_decorator']) retrieved from /home/eduardo/airflow_venv/lib/python3.10/site-packages/airflow/example_dags/example_short_circuit_decorator.py
[2024-08-08T22:22:17.261+0400] {logging_mixin.py:151} INFO - [2024-08-08T22:22:17.261+0400] {dag.py:2915} INFO - Sync 1 DAGs
[2024-08-08T22:22:17.282+0400] {logging_mixin.py:151} INFO - [2024-08-08T22:22:17.282+0400] {dag.py:3696} INFO - Setting next_dagrun for example_short_circuit_decorator to 2024-08-07T18:22:17.282021+00:00, run_after=2024-08-08T18:22:17.282021+00:00
[2024-08-08T22:22:17.327+0400] {processor.py:179} INFO - Processing /home/eduardo/airflow_venv/lib/python3.10/site-packages/airflow/example_dags/example_short_circuit_decorator.py took 0.117 seconds
[2024-08-08T22:22:51.203+0400] {processor.py:157} INFO - Started process (PID=16722) to work on /home/eduardo/airflow_venv/lib/python3.10/site-packages/airflow/example_dags/example_short_circuit_decorator.py
[2024-08-08T22:22:51.206+0400] {processor.py:829} INFO - Processing file /home/eduardo/airflow_venv/lib/python3.10/site-packages/airflow/example_dags/example_short_circuit_decorator.py for tasks to queue
[2024-08-08T22:22:51.208+0400] {logging_mixin.py:151} INFO - [2024-08-08T22:22:51.207+0400] {dagbag.py:539} INFO - Filling up the DagBag from /home/eduardo/airflow_venv/lib/python3.10/site-packages/airflow/example_dags/example_short_circuit_decorator.py
[2024-08-08T22:22:51.222+0400] {processor.py:839} INFO - DAG(s) dict_keys(['example_short_circuit_decorator']) retrieved from /home/eduardo/airflow_venv/lib/python3.10/site-packages/airflow/example_dags/example_short_circuit_decorator.py
[2024-08-08T22:22:51.244+0400] {logging_mixin.py:151} INFO - [2024-08-08T22:22:51.243+0400] {dag.py:2915} INFO - Sync 1 DAGs
[2024-08-08T22:22:51.272+0400] {logging_mixin.py:151} INFO - [2024-08-08T22:22:51.272+0400] {dag.py:3696} INFO - Setting next_dagrun for example_short_circuit_decorator to 2024-08-07T18:22:51.271648+00:00, run_after=2024-08-08T18:22:51.271648+00:00
[2024-08-08T22:22:51.317+0400] {processor.py:179} INFO - Processing /home/eduardo/airflow_venv/lib/python3.10/site-packages/airflow/example_dags/example_short_circuit_decorator.py took 0.120 seconds
