[2024-08-08T20:18:25.440+0400] {processor.py:157} INFO - Started process (PID=6805) to work on /home/eduardo/airflow_venv/lib/python3.10/site-packages/airflow/example_dags/example_dynamic_task_mapping_with_no_taskflow_operators.py
[2024-08-08T20:18:25.441+0400] {processor.py:829} INFO - Processing file /home/eduardo/airflow_venv/lib/python3.10/site-packages/airflow/example_dags/example_dynamic_task_mapping_with_no_taskflow_operators.py for tasks to queue
[2024-08-08T20:18:25.441+0400] {logging_mixin.py:151} INFO - [2024-08-08T20:18:25.441+0400] {dagbag.py:539} INFO - Filling up the DagBag from /home/eduardo/airflow_venv/lib/python3.10/site-packages/airflow/example_dags/example_dynamic_task_mapping_with_no_taskflow_operators.py
[2024-08-08T20:18:25.448+0400] {processor.py:839} INFO - DAG(s) dict_keys(['example_dynamic_task_mapping_with_no_taskflow_operators']) retrieved from /home/eduardo/airflow_venv/lib/python3.10/site-packages/airflow/example_dags/example_dynamic_task_mapping_with_no_taskflow_operators.py
[2024-08-08T20:18:25.538+0400] {logging_mixin.py:151} INFO - [2024-08-08T20:18:25.538+0400] {manager.py:499} INFO - Created Permission View: %s
[2024-08-08T20:18:25.557+0400] {logging_mixin.py:151} INFO - [2024-08-08T20:18:25.557+0400] {manager.py:499} INFO - Created Permission View: %s
[2024-08-08T20:18:25.576+0400] {logging_mixin.py:151} INFO - [2024-08-08T20:18:25.576+0400] {manager.py:499} INFO - Created Permission View: %s
[2024-08-08T20:18:25.576+0400] {logging_mixin.py:151} INFO - [2024-08-08T20:18:25.576+0400] {security.py:708} INFO - Not syncing DAG-level permissions for DAG 'DAG:example_dynamic_task_mapping_with_no_taskflow_operators' as access control is unset.
[2024-08-08T20:18:25.577+0400] {logging_mixin.py:151} INFO - [2024-08-08T20:18:25.577+0400] {dag.py:2915} INFO - Sync 1 DAGs
[2024-08-08T20:18:25.583+0400] {logging_mixin.py:151} INFO - [2024-08-08T20:18:25.582+0400] {dag.py:2937} INFO - Creating ORM DAG for example_dynamic_task_mapping_with_no_taskflow_operators
[2024-08-08T20:18:25.588+0400] {logging_mixin.py:151} INFO - [2024-08-08T20:18:25.588+0400] {dag.py:3696} INFO - Setting next_dagrun for example_dynamic_task_mapping_with_no_taskflow_operators to 2024-08-07T16:18:25.588516+00:00, run_after=2024-08-08T16:18:25.588516+00:00
[2024-08-08T20:18:25.618+0400] {processor.py:179} INFO - Processing /home/eduardo/airflow_venv/lib/python3.10/site-packages/airflow/example_dags/example_dynamic_task_mapping_with_no_taskflow_operators.py took 0.180 seconds
[2024-08-08T20:19:15.449+0400] {processor.py:157} INFO - Started process (PID=6860) to work on /home/eduardo/airflow_venv/lib/python3.10/site-packages/airflow/example_dags/example_dynamic_task_mapping_with_no_taskflow_operators.py
[2024-08-08T20:19:15.451+0400] {processor.py:829} INFO - Processing file /home/eduardo/airflow_venv/lib/python3.10/site-packages/airflow/example_dags/example_dynamic_task_mapping_with_no_taskflow_operators.py for tasks to queue
[2024-08-08T20:19:15.452+0400] {logging_mixin.py:151} INFO - [2024-08-08T20:19:15.451+0400] {dagbag.py:539} INFO - Filling up the DagBag from /home/eduardo/airflow_venv/lib/python3.10/site-packages/airflow/example_dags/example_dynamic_task_mapping_with_no_taskflow_operators.py
[2024-08-08T20:19:15.457+0400] {processor.py:839} INFO - DAG(s) dict_keys(['example_dynamic_task_mapping_with_no_taskflow_operators']) retrieved from /home/eduardo/airflow_venv/lib/python3.10/site-packages/airflow/example_dags/example_dynamic_task_mapping_with_no_taskflow_operators.py
[2024-08-08T20:19:15.466+0400] {logging_mixin.py:151} INFO - [2024-08-08T20:19:15.466+0400] {dag.py:2915} INFO - Sync 1 DAGs
[2024-08-08T20:19:15.477+0400] {logging_mixin.py:151} INFO - [2024-08-08T20:19:15.476+0400] {dag.py:3696} INFO - Setting next_dagrun for example_dynamic_task_mapping_with_no_taskflow_operators to 2024-08-07T16:19:15.476760+00:00, run_after=2024-08-08T16:19:15.476760+00:00
[2024-08-08T20:19:15.501+0400] {processor.py:179} INFO - Processing /home/eduardo/airflow_venv/lib/python3.10/site-packages/airflow/example_dags/example_dynamic_task_mapping_with_no_taskflow_operators.py took 0.053 seconds
[2024-08-08T20:20:00.843+0400] {processor.py:157} INFO - Started process (PID=6908) to work on /home/eduardo/airflow_venv/lib/python3.10/site-packages/airflow/example_dags/example_dynamic_task_mapping_with_no_taskflow_operators.py
[2024-08-08T20:20:00.844+0400] {processor.py:829} INFO - Processing file /home/eduardo/airflow_venv/lib/python3.10/site-packages/airflow/example_dags/example_dynamic_task_mapping_with_no_taskflow_operators.py for tasks to queue
[2024-08-08T20:20:00.845+0400] {logging_mixin.py:151} INFO - [2024-08-08T20:20:00.845+0400] {dagbag.py:539} INFO - Filling up the DagBag from /home/eduardo/airflow_venv/lib/python3.10/site-packages/airflow/example_dags/example_dynamic_task_mapping_with_no_taskflow_operators.py
[2024-08-08T20:20:00.850+0400] {processor.py:839} INFO - DAG(s) dict_keys(['example_dynamic_task_mapping_with_no_taskflow_operators']) retrieved from /home/eduardo/airflow_venv/lib/python3.10/site-packages/airflow/example_dags/example_dynamic_task_mapping_with_no_taskflow_operators.py
[2024-08-08T20:20:00.861+0400] {logging_mixin.py:151} INFO - [2024-08-08T20:20:00.861+0400] {dag.py:2915} INFO - Sync 1 DAGs
[2024-08-08T20:20:00.873+0400] {logging_mixin.py:151} INFO - [2024-08-08T20:20:00.873+0400] {dag.py:3696} INFO - Setting next_dagrun for example_dynamic_task_mapping_with_no_taskflow_operators to 2024-08-07T16:20:00.873315+00:00, run_after=2024-08-08T16:20:00.873315+00:00
[2024-08-08T20:20:00.901+0400] {processor.py:179} INFO - Processing /home/eduardo/airflow_venv/lib/python3.10/site-packages/airflow/example_dags/example_dynamic_task_mapping_with_no_taskflow_operators.py took 0.060 seconds
[2024-08-08T20:20:39.798+0400] {processor.py:157} INFO - Started process (PID=6950) to work on /home/eduardo/airflow_venv/lib/python3.10/site-packages/airflow/example_dags/example_dynamic_task_mapping_with_no_taskflow_operators.py
[2024-08-08T20:20:39.799+0400] {processor.py:829} INFO - Processing file /home/eduardo/airflow_venv/lib/python3.10/site-packages/airflow/example_dags/example_dynamic_task_mapping_with_no_taskflow_operators.py for tasks to queue
[2024-08-08T20:20:39.800+0400] {logging_mixin.py:151} INFO - [2024-08-08T20:20:39.799+0400] {dagbag.py:539} INFO - Filling up the DagBag from /home/eduardo/airflow_venv/lib/python3.10/site-packages/airflow/example_dags/example_dynamic_task_mapping_with_no_taskflow_operators.py
[2024-08-08T20:20:39.805+0400] {processor.py:839} INFO - DAG(s) dict_keys(['example_dynamic_task_mapping_with_no_taskflow_operators']) retrieved from /home/eduardo/airflow_venv/lib/python3.10/site-packages/airflow/example_dags/example_dynamic_task_mapping_with_no_taskflow_operators.py
[2024-08-08T20:20:39.815+0400] {logging_mixin.py:151} INFO - [2024-08-08T20:20:39.815+0400] {dag.py:2915} INFO - Sync 1 DAGs
[2024-08-08T20:20:39.832+0400] {logging_mixin.py:151} INFO - [2024-08-08T20:20:39.832+0400] {dag.py:3696} INFO - Setting next_dagrun for example_dynamic_task_mapping_with_no_taskflow_operators to 2024-08-07T16:20:39.832142+00:00, run_after=2024-08-08T16:20:39.832142+00:00
[2024-08-08T20:20:39.861+0400] {processor.py:179} INFO - Processing /home/eduardo/airflow_venv/lib/python3.10/site-packages/airflow/example_dags/example_dynamic_task_mapping_with_no_taskflow_operators.py took 0.065 seconds
[2024-08-08T20:21:21.749+0400] {processor.py:157} INFO - Started process (PID=6995) to work on /home/eduardo/airflow_venv/lib/python3.10/site-packages/airflow/example_dags/example_dynamic_task_mapping_with_no_taskflow_operators.py
[2024-08-08T20:21:21.751+0400] {processor.py:829} INFO - Processing file /home/eduardo/airflow_venv/lib/python3.10/site-packages/airflow/example_dags/example_dynamic_task_mapping_with_no_taskflow_operators.py for tasks to queue
[2024-08-08T20:21:21.751+0400] {logging_mixin.py:151} INFO - [2024-08-08T20:21:21.751+0400] {dagbag.py:539} INFO - Filling up the DagBag from /home/eduardo/airflow_venv/lib/python3.10/site-packages/airflow/example_dags/example_dynamic_task_mapping_with_no_taskflow_operators.py
[2024-08-08T20:21:21.756+0400] {processor.py:839} INFO - DAG(s) dict_keys(['example_dynamic_task_mapping_with_no_taskflow_operators']) retrieved from /home/eduardo/airflow_venv/lib/python3.10/site-packages/airflow/example_dags/example_dynamic_task_mapping_with_no_taskflow_operators.py
[2024-08-08T20:21:21.769+0400] {logging_mixin.py:151} INFO - [2024-08-08T20:21:21.769+0400] {dag.py:2915} INFO - Sync 1 DAGs
[2024-08-08T20:21:21.783+0400] {logging_mixin.py:151} INFO - [2024-08-08T20:21:21.783+0400] {dag.py:3696} INFO - Setting next_dagrun for example_dynamic_task_mapping_with_no_taskflow_operators to 2024-08-07T16:21:21.783263+00:00, run_after=2024-08-08T16:21:21.783263+00:00
[2024-08-08T20:21:21.810+0400] {processor.py:179} INFO - Processing /home/eduardo/airflow_venv/lib/python3.10/site-packages/airflow/example_dags/example_dynamic_task_mapping_with_no_taskflow_operators.py took 0.063 seconds
[2024-08-08T20:22:02.982+0400] {processor.py:157} INFO - Started process (PID=7038) to work on /home/eduardo/airflow_venv/lib/python3.10/site-packages/airflow/example_dags/example_dynamic_task_mapping_with_no_taskflow_operators.py
[2024-08-08T20:22:02.983+0400] {processor.py:829} INFO - Processing file /home/eduardo/airflow_venv/lib/python3.10/site-packages/airflow/example_dags/example_dynamic_task_mapping_with_no_taskflow_operators.py for tasks to queue
[2024-08-08T20:22:02.984+0400] {logging_mixin.py:151} INFO - [2024-08-08T20:22:02.984+0400] {dagbag.py:539} INFO - Filling up the DagBag from /home/eduardo/airflow_venv/lib/python3.10/site-packages/airflow/example_dags/example_dynamic_task_mapping_with_no_taskflow_operators.py
[2024-08-08T20:22:02.989+0400] {processor.py:839} INFO - DAG(s) dict_keys(['example_dynamic_task_mapping_with_no_taskflow_operators']) retrieved from /home/eduardo/airflow_venv/lib/python3.10/site-packages/airflow/example_dags/example_dynamic_task_mapping_with_no_taskflow_operators.py
[2024-08-08T20:22:02.998+0400] {logging_mixin.py:151} INFO - [2024-08-08T20:22:02.998+0400] {dag.py:2915} INFO - Sync 1 DAGs
[2024-08-08T20:22:03.011+0400] {logging_mixin.py:151} INFO - [2024-08-08T20:22:03.011+0400] {dag.py:3696} INFO - Setting next_dagrun for example_dynamic_task_mapping_with_no_taskflow_operators to 2024-08-07T16:22:03.011432+00:00, run_after=2024-08-08T16:22:03.011432+00:00
[2024-08-08T20:22:03.043+0400] {processor.py:179} INFO - Processing /home/eduardo/airflow_venv/lib/python3.10/site-packages/airflow/example_dags/example_dynamic_task_mapping_with_no_taskflow_operators.py took 0.063 seconds
[2024-08-08T20:22:41.380+0400] {processor.py:157} INFO - Started process (PID=7078) to work on /home/eduardo/airflow_venv/lib/python3.10/site-packages/airflow/example_dags/example_dynamic_task_mapping_with_no_taskflow_operators.py
[2024-08-08T20:22:41.382+0400] {processor.py:829} INFO - Processing file /home/eduardo/airflow_venv/lib/python3.10/site-packages/airflow/example_dags/example_dynamic_task_mapping_with_no_taskflow_operators.py for tasks to queue
[2024-08-08T20:22:41.383+0400] {logging_mixin.py:151} INFO - [2024-08-08T20:22:41.383+0400] {dagbag.py:539} INFO - Filling up the DagBag from /home/eduardo/airflow_venv/lib/python3.10/site-packages/airflow/example_dags/example_dynamic_task_mapping_with_no_taskflow_operators.py
[2024-08-08T20:22:41.388+0400] {processor.py:839} INFO - DAG(s) dict_keys(['example_dynamic_task_mapping_with_no_taskflow_operators']) retrieved from /home/eduardo/airflow_venv/lib/python3.10/site-packages/airflow/example_dags/example_dynamic_task_mapping_with_no_taskflow_operators.py
[2024-08-08T20:22:41.397+0400] {logging_mixin.py:151} INFO - [2024-08-08T20:22:41.397+0400] {dag.py:2915} INFO - Sync 1 DAGs
[2024-08-08T20:22:41.408+0400] {logging_mixin.py:151} INFO - [2024-08-08T20:22:41.408+0400] {dag.py:3696} INFO - Setting next_dagrun for example_dynamic_task_mapping_with_no_taskflow_operators to 2024-08-07T16:22:41.408576+00:00, run_after=2024-08-08T16:22:41.408576+00:00
[2024-08-08T20:22:41.433+0400] {processor.py:179} INFO - Processing /home/eduardo/airflow_venv/lib/python3.10/site-packages/airflow/example_dags/example_dynamic_task_mapping_with_no_taskflow_operators.py took 0.055 seconds
[2024-08-08T20:23:26.300+0400] {processor.py:157} INFO - Started process (PID=7145) to work on /home/eduardo/airflow_venv/lib/python3.10/site-packages/airflow/example_dags/example_dynamic_task_mapping_with_no_taskflow_operators.py
[2024-08-08T20:23:26.301+0400] {processor.py:829} INFO - Processing file /home/eduardo/airflow_venv/lib/python3.10/site-packages/airflow/example_dags/example_dynamic_task_mapping_with_no_taskflow_operators.py for tasks to queue
[2024-08-08T20:23:26.302+0400] {logging_mixin.py:151} INFO - [2024-08-08T20:23:26.302+0400] {dagbag.py:539} INFO - Filling up the DagBag from /home/eduardo/airflow_venv/lib/python3.10/site-packages/airflow/example_dags/example_dynamic_task_mapping_with_no_taskflow_operators.py
[2024-08-08T20:23:26.308+0400] {processor.py:839} INFO - DAG(s) dict_keys(['example_dynamic_task_mapping_with_no_taskflow_operators']) retrieved from /home/eduardo/airflow_venv/lib/python3.10/site-packages/airflow/example_dags/example_dynamic_task_mapping_with_no_taskflow_operators.py
[2024-08-08T20:23:26.319+0400] {logging_mixin.py:151} INFO - [2024-08-08T20:23:26.318+0400] {dag.py:2915} INFO - Sync 1 DAGs
[2024-08-08T20:23:26.332+0400] {logging_mixin.py:151} INFO - [2024-08-08T20:23:26.332+0400] {dag.py:3696} INFO - Setting next_dagrun for example_dynamic_task_mapping_with_no_taskflow_operators to 2024-08-07T16:23:26.332026+00:00, run_after=2024-08-08T16:23:26.332026+00:00
[2024-08-08T20:23:26.360+0400] {processor.py:179} INFO - Processing /home/eduardo/airflow_venv/lib/python3.10/site-packages/airflow/example_dags/example_dynamic_task_mapping_with_no_taskflow_operators.py took 0.062 seconds
[2024-08-08T20:24:11.346+0400] {processor.py:157} INFO - Started process (PID=7191) to work on /home/eduardo/airflow_venv/lib/python3.10/site-packages/airflow/example_dags/example_dynamic_task_mapping_with_no_taskflow_operators.py
[2024-08-08T20:24:11.347+0400] {processor.py:829} INFO - Processing file /home/eduardo/airflow_venv/lib/python3.10/site-packages/airflow/example_dags/example_dynamic_task_mapping_with_no_taskflow_operators.py for tasks to queue
[2024-08-08T20:24:11.348+0400] {logging_mixin.py:151} INFO - [2024-08-08T20:24:11.347+0400] {dagbag.py:539} INFO - Filling up the DagBag from /home/eduardo/airflow_venv/lib/python3.10/site-packages/airflow/example_dags/example_dynamic_task_mapping_with_no_taskflow_operators.py
[2024-08-08T20:24:11.353+0400] {processor.py:839} INFO - DAG(s) dict_keys(['example_dynamic_task_mapping_with_no_taskflow_operators']) retrieved from /home/eduardo/airflow_venv/lib/python3.10/site-packages/airflow/example_dags/example_dynamic_task_mapping_with_no_taskflow_operators.py
[2024-08-08T20:24:11.362+0400] {logging_mixin.py:151} INFO - [2024-08-08T20:24:11.362+0400] {dag.py:2915} INFO - Sync 1 DAGs
[2024-08-08T20:24:11.375+0400] {logging_mixin.py:151} INFO - [2024-08-08T20:24:11.375+0400] {dag.py:3696} INFO - Setting next_dagrun for example_dynamic_task_mapping_with_no_taskflow_operators to 2024-08-07T16:24:11.374868+00:00, run_after=2024-08-08T16:24:11.374868+00:00
[2024-08-08T20:24:11.396+0400] {processor.py:179} INFO - Processing /home/eduardo/airflow_venv/lib/python3.10/site-packages/airflow/example_dags/example_dynamic_task_mapping_with_no_taskflow_operators.py took 0.052 seconds
[2024-08-08T20:24:57.354+0400] {processor.py:157} INFO - Started process (PID=7247) to work on /home/eduardo/airflow_venv/lib/python3.10/site-packages/airflow/example_dags/example_dynamic_task_mapping_with_no_taskflow_operators.py
[2024-08-08T20:24:57.355+0400] {processor.py:829} INFO - Processing file /home/eduardo/airflow_venv/lib/python3.10/site-packages/airflow/example_dags/example_dynamic_task_mapping_with_no_taskflow_operators.py for tasks to queue
[2024-08-08T20:24:57.356+0400] {logging_mixin.py:151} INFO - [2024-08-08T20:24:57.356+0400] {dagbag.py:539} INFO - Filling up the DagBag from /home/eduardo/airflow_venv/lib/python3.10/site-packages/airflow/example_dags/example_dynamic_task_mapping_with_no_taskflow_operators.py
[2024-08-08T20:24:57.361+0400] {processor.py:839} INFO - DAG(s) dict_keys(['example_dynamic_task_mapping_with_no_taskflow_operators']) retrieved from /home/eduardo/airflow_venv/lib/python3.10/site-packages/airflow/example_dags/example_dynamic_task_mapping_with_no_taskflow_operators.py
[2024-08-08T20:24:57.370+0400] {logging_mixin.py:151} INFO - [2024-08-08T20:24:57.370+0400] {dag.py:2915} INFO - Sync 1 DAGs
[2024-08-08T20:24:57.382+0400] {logging_mixin.py:151} INFO - [2024-08-08T20:24:57.382+0400] {dag.py:3696} INFO - Setting next_dagrun for example_dynamic_task_mapping_with_no_taskflow_operators to 2024-08-07T16:24:57.382391+00:00, run_after=2024-08-08T16:24:57.382391+00:00
[2024-08-08T20:24:57.408+0400] {processor.py:179} INFO - Processing /home/eduardo/airflow_venv/lib/python3.10/site-packages/airflow/example_dags/example_dynamic_task_mapping_with_no_taskflow_operators.py took 0.057 seconds
[2024-08-08T20:25:42.409+0400] {processor.py:157} INFO - Started process (PID=7294) to work on /home/eduardo/airflow_venv/lib/python3.10/site-packages/airflow/example_dags/example_dynamic_task_mapping_with_no_taskflow_operators.py
[2024-08-08T20:25:42.410+0400] {processor.py:829} INFO - Processing file /home/eduardo/airflow_venv/lib/python3.10/site-packages/airflow/example_dags/example_dynamic_task_mapping_with_no_taskflow_operators.py for tasks to queue
[2024-08-08T20:25:42.410+0400] {logging_mixin.py:151} INFO - [2024-08-08T20:25:42.410+0400] {dagbag.py:539} INFO - Filling up the DagBag from /home/eduardo/airflow_venv/lib/python3.10/site-packages/airflow/example_dags/example_dynamic_task_mapping_with_no_taskflow_operators.py
[2024-08-08T20:25:42.415+0400] {processor.py:839} INFO - DAG(s) dict_keys(['example_dynamic_task_mapping_with_no_taskflow_operators']) retrieved from /home/eduardo/airflow_venv/lib/python3.10/site-packages/airflow/example_dags/example_dynamic_task_mapping_with_no_taskflow_operators.py
[2024-08-08T20:25:42.426+0400] {logging_mixin.py:151} INFO - [2024-08-08T20:25:42.426+0400] {dag.py:2915} INFO - Sync 1 DAGs
[2024-08-08T20:25:42.438+0400] {logging_mixin.py:151} INFO - [2024-08-08T20:25:42.438+0400] {dag.py:3696} INFO - Setting next_dagrun for example_dynamic_task_mapping_with_no_taskflow_operators to 2024-08-07T16:25:42.438039+00:00, run_after=2024-08-08T16:25:42.438039+00:00
[2024-08-08T20:25:42.464+0400] {processor.py:179} INFO - Processing /home/eduardo/airflow_venv/lib/python3.10/site-packages/airflow/example_dags/example_dynamic_task_mapping_with_no_taskflow_operators.py took 0.058 seconds
[2024-08-08T22:09:39.009+0400] {processor.py:157} INFO - Started process (PID=9471) to work on /home/eduardo/airflow_venv/lib/python3.10/site-packages/airflow/example_dags/example_dynamic_task_mapping_with_no_taskflow_operators.py
[2024-08-08T22:09:39.012+0400] {processor.py:829} INFO - Processing file /home/eduardo/airflow_venv/lib/python3.10/site-packages/airflow/example_dags/example_dynamic_task_mapping_with_no_taskflow_operators.py for tasks to queue
[2024-08-08T22:09:39.014+0400] {logging_mixin.py:151} INFO - [2024-08-08T22:09:39.013+0400] {dagbag.py:539} INFO - Filling up the DagBag from /home/eduardo/airflow_venv/lib/python3.10/site-packages/airflow/example_dags/example_dynamic_task_mapping_with_no_taskflow_operators.py
[2024-08-08T22:09:39.030+0400] {processor.py:839} INFO - DAG(s) dict_keys(['example_dynamic_task_mapping_with_no_taskflow_operators']) retrieved from /home/eduardo/airflow_venv/lib/python3.10/site-packages/airflow/example_dags/example_dynamic_task_mapping_with_no_taskflow_operators.py
[2024-08-08T22:09:39.050+0400] {logging_mixin.py:151} INFO - [2024-08-08T22:09:39.050+0400] {dag.py:2915} INFO - Sync 1 DAGs
[2024-08-08T22:09:39.065+0400] {logging_mixin.py:151} INFO - [2024-08-08T22:09:39.065+0400] {dag.py:3696} INFO - Setting next_dagrun for example_dynamic_task_mapping_with_no_taskflow_operators to 2024-08-07T18:09:39.065080+00:00, run_after=2024-08-08T18:09:39.065080+00:00
[2024-08-08T22:09:39.105+0400] {processor.py:179} INFO - Processing /home/eduardo/airflow_venv/lib/python3.10/site-packages/airflow/example_dags/example_dynamic_task_mapping_with_no_taskflow_operators.py took 0.101 seconds
[2024-08-08T22:10:26.912+0400] {processor.py:157} INFO - Started process (PID=10033) to work on /home/eduardo/airflow_venv/lib/python3.10/site-packages/airflow/example_dags/example_dynamic_task_mapping_with_no_taskflow_operators.py
[2024-08-08T22:10:26.915+0400] {processor.py:829} INFO - Processing file /home/eduardo/airflow_venv/lib/python3.10/site-packages/airflow/example_dags/example_dynamic_task_mapping_with_no_taskflow_operators.py for tasks to queue
[2024-08-08T22:10:26.916+0400] {logging_mixin.py:151} INFO - [2024-08-08T22:10:26.915+0400] {dagbag.py:539} INFO - Filling up the DagBag from /home/eduardo/airflow_venv/lib/python3.10/site-packages/airflow/example_dags/example_dynamic_task_mapping_with_no_taskflow_operators.py
[2024-08-08T22:10:26.923+0400] {processor.py:839} INFO - DAG(s) dict_keys(['example_dynamic_task_mapping_with_no_taskflow_operators']) retrieved from /home/eduardo/airflow_venv/lib/python3.10/site-packages/airflow/example_dags/example_dynamic_task_mapping_with_no_taskflow_operators.py
[2024-08-08T22:10:26.937+0400] {logging_mixin.py:151} INFO - [2024-08-08T22:10:26.937+0400] {dag.py:2915} INFO - Sync 1 DAGs
[2024-08-08T22:10:26.957+0400] {logging_mixin.py:151} INFO - [2024-08-08T22:10:26.956+0400] {dag.py:3696} INFO - Setting next_dagrun for example_dynamic_task_mapping_with_no_taskflow_operators to 2024-08-07T18:10:26.956604+00:00, run_after=2024-08-08T18:10:26.956604+00:00
[2024-08-08T22:10:26.988+0400] {processor.py:179} INFO - Processing /home/eduardo/airflow_venv/lib/python3.10/site-packages/airflow/example_dags/example_dynamic_task_mapping_with_no_taskflow_operators.py took 0.079 seconds
[2024-08-08T22:11:15.096+0400] {processor.py:157} INFO - Started process (PID=10555) to work on /home/eduardo/airflow_venv/lib/python3.10/site-packages/airflow/example_dags/example_dynamic_task_mapping_with_no_taskflow_operators.py
[2024-08-08T22:11:15.099+0400] {processor.py:829} INFO - Processing file /home/eduardo/airflow_venv/lib/python3.10/site-packages/airflow/example_dags/example_dynamic_task_mapping_with_no_taskflow_operators.py for tasks to queue
[2024-08-08T22:11:15.101+0400] {logging_mixin.py:151} INFO - [2024-08-08T22:11:15.100+0400] {dagbag.py:539} INFO - Filling up the DagBag from /home/eduardo/airflow_venv/lib/python3.10/site-packages/airflow/example_dags/example_dynamic_task_mapping_with_no_taskflow_operators.py
[2024-08-08T22:11:15.113+0400] {processor.py:839} INFO - DAG(s) dict_keys(['example_dynamic_task_mapping_with_no_taskflow_operators']) retrieved from /home/eduardo/airflow_venv/lib/python3.10/site-packages/airflow/example_dags/example_dynamic_task_mapping_with_no_taskflow_operators.py
[2024-08-08T22:11:15.136+0400] {logging_mixin.py:151} INFO - [2024-08-08T22:11:15.135+0400] {dag.py:2915} INFO - Sync 1 DAGs
[2024-08-08T22:11:15.164+0400] {logging_mixin.py:151} INFO - [2024-08-08T22:11:15.163+0400] {dag.py:3696} INFO - Setting next_dagrun for example_dynamic_task_mapping_with_no_taskflow_operators to 2024-08-07T18:11:15.163277+00:00, run_after=2024-08-08T18:11:15.163277+00:00
[2024-08-08T22:11:15.214+0400] {processor.py:179} INFO - Processing /home/eduardo/airflow_venv/lib/python3.10/site-packages/airflow/example_dags/example_dynamic_task_mapping_with_no_taskflow_operators.py took 0.123 seconds
[2024-08-08T22:11:51.894+0400] {processor.py:157} INFO - Started process (PID=10877) to work on /home/eduardo/airflow_venv/lib/python3.10/site-packages/airflow/example_dags/example_dynamic_task_mapping_with_no_taskflow_operators.py
[2024-08-08T22:11:51.895+0400] {processor.py:829} INFO - Processing file /home/eduardo/airflow_venv/lib/python3.10/site-packages/airflow/example_dags/example_dynamic_task_mapping_with_no_taskflow_operators.py for tasks to queue
[2024-08-08T22:11:51.896+0400] {logging_mixin.py:151} INFO - [2024-08-08T22:11:51.895+0400] {dagbag.py:539} INFO - Filling up the DagBag from /home/eduardo/airflow_venv/lib/python3.10/site-packages/airflow/example_dags/example_dynamic_task_mapping_with_no_taskflow_operators.py
[2024-08-08T22:11:51.903+0400] {processor.py:839} INFO - DAG(s) dict_keys(['example_dynamic_task_mapping_with_no_taskflow_operators']) retrieved from /home/eduardo/airflow_venv/lib/python3.10/site-packages/airflow/example_dags/example_dynamic_task_mapping_with_no_taskflow_operators.py
[2024-08-08T22:11:51.915+0400] {logging_mixin.py:151} INFO - [2024-08-08T22:11:51.915+0400] {dag.py:2915} INFO - Sync 1 DAGs
[2024-08-08T22:11:51.930+0400] {logging_mixin.py:151} INFO - [2024-08-08T22:11:51.929+0400] {dag.py:3696} INFO - Setting next_dagrun for example_dynamic_task_mapping_with_no_taskflow_operators to 2024-08-07T18:11:51.929804+00:00, run_after=2024-08-08T18:11:51.929804+00:00
[2024-08-08T22:11:51.962+0400] {processor.py:179} INFO - Processing /home/eduardo/airflow_venv/lib/python3.10/site-packages/airflow/example_dags/example_dynamic_task_mapping_with_no_taskflow_operators.py took 0.071 seconds
[2024-08-08T22:12:41.606+0400] {processor.py:157} INFO - Started process (PID=11257) to work on /home/eduardo/airflow_venv/lib/python3.10/site-packages/airflow/example_dags/example_dynamic_task_mapping_with_no_taskflow_operators.py
[2024-08-08T22:12:41.608+0400] {processor.py:829} INFO - Processing file /home/eduardo/airflow_venv/lib/python3.10/site-packages/airflow/example_dags/example_dynamic_task_mapping_with_no_taskflow_operators.py for tasks to queue
[2024-08-08T22:12:41.609+0400] {logging_mixin.py:151} INFO - [2024-08-08T22:12:41.609+0400] {dagbag.py:539} INFO - Filling up the DagBag from /home/eduardo/airflow_venv/lib/python3.10/site-packages/airflow/example_dags/example_dynamic_task_mapping_with_no_taskflow_operators.py
[2024-08-08T22:12:41.615+0400] {processor.py:839} INFO - DAG(s) dict_keys(['example_dynamic_task_mapping_with_no_taskflow_operators']) retrieved from /home/eduardo/airflow_venv/lib/python3.10/site-packages/airflow/example_dags/example_dynamic_task_mapping_with_no_taskflow_operators.py
[2024-08-08T22:12:41.627+0400] {logging_mixin.py:151} INFO - [2024-08-08T22:12:41.627+0400] {dag.py:2915} INFO - Sync 1 DAGs
[2024-08-08T22:12:41.646+0400] {logging_mixin.py:151} INFO - [2024-08-08T22:12:41.646+0400] {dag.py:3696} INFO - Setting next_dagrun for example_dynamic_task_mapping_with_no_taskflow_operators to 2024-08-07T18:12:41.646551+00:00, run_after=2024-08-08T18:12:41.646551+00:00
[2024-08-08T22:12:41.678+0400] {processor.py:179} INFO - Processing /home/eduardo/airflow_venv/lib/python3.10/site-packages/airflow/example_dags/example_dynamic_task_mapping_with_no_taskflow_operators.py took 0.075 seconds
[2024-08-08T22:13:29.629+0400] {processor.py:157} INFO - Started process (PID=11658) to work on /home/eduardo/airflow_venv/lib/python3.10/site-packages/airflow/example_dags/example_dynamic_task_mapping_with_no_taskflow_operators.py
[2024-08-08T22:13:29.632+0400] {processor.py:829} INFO - Processing file /home/eduardo/airflow_venv/lib/python3.10/site-packages/airflow/example_dags/example_dynamic_task_mapping_with_no_taskflow_operators.py for tasks to queue
[2024-08-08T22:13:29.633+0400] {logging_mixin.py:151} INFO - [2024-08-08T22:13:29.632+0400] {dagbag.py:539} INFO - Filling up the DagBag from /home/eduardo/airflow_venv/lib/python3.10/site-packages/airflow/example_dags/example_dynamic_task_mapping_with_no_taskflow_operators.py
[2024-08-08T22:13:29.642+0400] {processor.py:839} INFO - DAG(s) dict_keys(['example_dynamic_task_mapping_with_no_taskflow_operators']) retrieved from /home/eduardo/airflow_venv/lib/python3.10/site-packages/airflow/example_dags/example_dynamic_task_mapping_with_no_taskflow_operators.py
[2024-08-08T22:13:29.654+0400] {logging_mixin.py:151} INFO - [2024-08-08T22:13:29.654+0400] {dag.py:2915} INFO - Sync 1 DAGs
[2024-08-08T22:13:29.670+0400] {logging_mixin.py:151} INFO - [2024-08-08T22:13:29.670+0400] {dag.py:3696} INFO - Setting next_dagrun for example_dynamic_task_mapping_with_no_taskflow_operators to 2024-08-07T18:13:29.670134+00:00, run_after=2024-08-08T18:13:29.670134+00:00
[2024-08-08T22:13:29.702+0400] {processor.py:179} INFO - Processing /home/eduardo/airflow_venv/lib/python3.10/site-packages/airflow/example_dags/example_dynamic_task_mapping_with_no_taskflow_operators.py took 0.076 seconds
[2024-08-08T22:14:15.491+0400] {processor.py:157} INFO - Started process (PID=12228) to work on /home/eduardo/airflow_venv/lib/python3.10/site-packages/airflow/example_dags/example_dynamic_task_mapping_with_no_taskflow_operators.py
[2024-08-08T22:14:15.494+0400] {processor.py:829} INFO - Processing file /home/eduardo/airflow_venv/lib/python3.10/site-packages/airflow/example_dags/example_dynamic_task_mapping_with_no_taskflow_operators.py for tasks to queue
[2024-08-08T22:14:15.495+0400] {logging_mixin.py:151} INFO - [2024-08-08T22:14:15.494+0400] {dagbag.py:539} INFO - Filling up the DagBag from /home/eduardo/airflow_venv/lib/python3.10/site-packages/airflow/example_dags/example_dynamic_task_mapping_with_no_taskflow_operators.py
[2024-08-08T22:14:15.503+0400] {processor.py:839} INFO - DAG(s) dict_keys(['example_dynamic_task_mapping_with_no_taskflow_operators']) retrieved from /home/eduardo/airflow_venv/lib/python3.10/site-packages/airflow/example_dags/example_dynamic_task_mapping_with_no_taskflow_operators.py
[2024-08-08T22:14:15.515+0400] {logging_mixin.py:151} INFO - [2024-08-08T22:14:15.515+0400] {dag.py:2915} INFO - Sync 1 DAGs
[2024-08-08T22:14:15.538+0400] {logging_mixin.py:151} INFO - [2024-08-08T22:14:15.538+0400] {dag.py:3696} INFO - Setting next_dagrun for example_dynamic_task_mapping_with_no_taskflow_operators to 2024-08-07T18:14:15.538305+00:00, run_after=2024-08-08T18:14:15.538305+00:00
[2024-08-08T22:14:15.578+0400] {processor.py:179} INFO - Processing /home/eduardo/airflow_venv/lib/python3.10/site-packages/airflow/example_dags/example_dynamic_task_mapping_with_no_taskflow_operators.py took 0.090 seconds
[2024-08-08T22:15:06.565+0400] {processor.py:157} INFO - Started process (PID=12671) to work on /home/eduardo/airflow_venv/lib/python3.10/site-packages/airflow/example_dags/example_dynamic_task_mapping_with_no_taskflow_operators.py
[2024-08-08T22:15:06.568+0400] {processor.py:829} INFO - Processing file /home/eduardo/airflow_venv/lib/python3.10/site-packages/airflow/example_dags/example_dynamic_task_mapping_with_no_taskflow_operators.py for tasks to queue
[2024-08-08T22:15:06.569+0400] {logging_mixin.py:151} INFO - [2024-08-08T22:15:06.569+0400] {dagbag.py:539} INFO - Filling up the DagBag from /home/eduardo/airflow_venv/lib/python3.10/site-packages/airflow/example_dags/example_dynamic_task_mapping_with_no_taskflow_operators.py
[2024-08-08T22:15:06.578+0400] {processor.py:839} INFO - DAG(s) dict_keys(['example_dynamic_task_mapping_with_no_taskflow_operators']) retrieved from /home/eduardo/airflow_venv/lib/python3.10/site-packages/airflow/example_dags/example_dynamic_task_mapping_with_no_taskflow_operators.py
[2024-08-08T22:15:06.593+0400] {logging_mixin.py:151} INFO - [2024-08-08T22:15:06.593+0400] {dag.py:2915} INFO - Sync 1 DAGs
[2024-08-08T22:15:06.610+0400] {logging_mixin.py:151} INFO - [2024-08-08T22:15:06.610+0400] {dag.py:3696} INFO - Setting next_dagrun for example_dynamic_task_mapping_with_no_taskflow_operators to 2024-08-07T18:15:06.610348+00:00, run_after=2024-08-08T18:15:06.610348+00:00
[2024-08-08T22:15:06.645+0400] {processor.py:179} INFO - Processing /home/eduardo/airflow_venv/lib/python3.10/site-packages/airflow/example_dags/example_dynamic_task_mapping_with_no_taskflow_operators.py took 0.082 seconds
[2024-08-08T22:15:40.761+0400] {processor.py:157} INFO - Started process (PID=13008) to work on /home/eduardo/airflow_venv/lib/python3.10/site-packages/airflow/example_dags/example_dynamic_task_mapping_with_no_taskflow_operators.py
[2024-08-08T22:15:40.765+0400] {processor.py:829} INFO - Processing file /home/eduardo/airflow_venv/lib/python3.10/site-packages/airflow/example_dags/example_dynamic_task_mapping_with_no_taskflow_operators.py for tasks to queue
[2024-08-08T22:15:40.766+0400] {logging_mixin.py:151} INFO - [2024-08-08T22:15:40.766+0400] {dagbag.py:539} INFO - Filling up the DagBag from /home/eduardo/airflow_venv/lib/python3.10/site-packages/airflow/example_dags/example_dynamic_task_mapping_with_no_taskflow_operators.py
[2024-08-08T22:15:40.774+0400] {processor.py:839} INFO - DAG(s) dict_keys(['example_dynamic_task_mapping_with_no_taskflow_operators']) retrieved from /home/eduardo/airflow_venv/lib/python3.10/site-packages/airflow/example_dags/example_dynamic_task_mapping_with_no_taskflow_operators.py
[2024-08-08T22:15:40.787+0400] {logging_mixin.py:151} INFO - [2024-08-08T22:15:40.787+0400] {dag.py:2915} INFO - Sync 1 DAGs
[2024-08-08T22:15:40.802+0400] {logging_mixin.py:151} INFO - [2024-08-08T22:15:40.801+0400] {dag.py:3696} INFO - Setting next_dagrun for example_dynamic_task_mapping_with_no_taskflow_operators to 2024-08-07T18:15:40.801685+00:00, run_after=2024-08-08T18:15:40.801685+00:00
[2024-08-08T22:15:40.835+0400] {processor.py:179} INFO - Processing /home/eduardo/airflow_venv/lib/python3.10/site-packages/airflow/example_dags/example_dynamic_task_mapping_with_no_taskflow_operators.py took 0.080 seconds
[2024-08-08T22:16:30.049+0400] {processor.py:157} INFO - Started process (PID=13408) to work on /home/eduardo/airflow_venv/lib/python3.10/site-packages/airflow/example_dags/example_dynamic_task_mapping_with_no_taskflow_operators.py
[2024-08-08T22:16:30.053+0400] {processor.py:829} INFO - Processing file /home/eduardo/airflow_venv/lib/python3.10/site-packages/airflow/example_dags/example_dynamic_task_mapping_with_no_taskflow_operators.py for tasks to queue
[2024-08-08T22:16:30.054+0400] {logging_mixin.py:151} INFO - [2024-08-08T22:16:30.053+0400] {dagbag.py:539} INFO - Filling up the DagBag from /home/eduardo/airflow_venv/lib/python3.10/site-packages/airflow/example_dags/example_dynamic_task_mapping_with_no_taskflow_operators.py
[2024-08-08T22:16:30.070+0400] {processor.py:839} INFO - DAG(s) dict_keys(['example_dynamic_task_mapping_with_no_taskflow_operators']) retrieved from /home/eduardo/airflow_venv/lib/python3.10/site-packages/airflow/example_dags/example_dynamic_task_mapping_with_no_taskflow_operators.py
[2024-08-08T22:16:30.093+0400] {logging_mixin.py:151} INFO - [2024-08-08T22:16:30.093+0400] {dag.py:2915} INFO - Sync 1 DAGs
[2024-08-08T22:16:30.120+0400] {logging_mixin.py:151} INFO - [2024-08-08T22:16:30.120+0400] {dag.py:3696} INFO - Setting next_dagrun for example_dynamic_task_mapping_with_no_taskflow_operators to 2024-08-07T18:16:30.120243+00:00, run_after=2024-08-08T18:16:30.120243+00:00
[2024-08-08T22:16:30.168+0400] {processor.py:179} INFO - Processing /home/eduardo/airflow_venv/lib/python3.10/site-packages/airflow/example_dags/example_dynamic_task_mapping_with_no_taskflow_operators.py took 0.124 seconds
[2024-08-08T22:17:05.958+0400] {processor.py:157} INFO - Started process (PID=13887) to work on /home/eduardo/airflow_venv/lib/python3.10/site-packages/airflow/example_dags/example_dynamic_task_mapping_with_no_taskflow_operators.py
[2024-08-08T22:17:05.960+0400] {processor.py:829} INFO - Processing file /home/eduardo/airflow_venv/lib/python3.10/site-packages/airflow/example_dags/example_dynamic_task_mapping_with_no_taskflow_operators.py for tasks to queue
[2024-08-08T22:17:05.961+0400] {logging_mixin.py:151} INFO - [2024-08-08T22:17:05.961+0400] {dagbag.py:539} INFO - Filling up the DagBag from /home/eduardo/airflow_venv/lib/python3.10/site-packages/airflow/example_dags/example_dynamic_task_mapping_with_no_taskflow_operators.py
[2024-08-08T22:17:05.967+0400] {processor.py:839} INFO - DAG(s) dict_keys(['example_dynamic_task_mapping_with_no_taskflow_operators']) retrieved from /home/eduardo/airflow_venv/lib/python3.10/site-packages/airflow/example_dags/example_dynamic_task_mapping_with_no_taskflow_operators.py
[2024-08-08T22:17:05.978+0400] {logging_mixin.py:151} INFO - [2024-08-08T22:17:05.978+0400] {dag.py:2915} INFO - Sync 1 DAGs
[2024-08-08T22:17:05.995+0400] {logging_mixin.py:151} INFO - [2024-08-08T22:17:05.995+0400] {dag.py:3696} INFO - Setting next_dagrun for example_dynamic_task_mapping_with_no_taskflow_operators to 2024-08-07T18:17:05.995512+00:00, run_after=2024-08-08T18:17:05.995512+00:00
[2024-08-08T22:17:06.032+0400] {processor.py:179} INFO - Processing /home/eduardo/airflow_venv/lib/python3.10/site-packages/airflow/example_dags/example_dynamic_task_mapping_with_no_taskflow_operators.py took 0.077 seconds
[2024-08-08T22:17:42.681+0400] {processor.py:157} INFO - Started process (PID=14174) to work on /home/eduardo/airflow_venv/lib/python3.10/site-packages/airflow/example_dags/example_dynamic_task_mapping_with_no_taskflow_operators.py
[2024-08-08T22:17:42.684+0400] {processor.py:829} INFO - Processing file /home/eduardo/airflow_venv/lib/python3.10/site-packages/airflow/example_dags/example_dynamic_task_mapping_with_no_taskflow_operators.py for tasks to queue
[2024-08-08T22:17:42.686+0400] {logging_mixin.py:151} INFO - [2024-08-08T22:17:42.685+0400] {dagbag.py:539} INFO - Filling up the DagBag from /home/eduardo/airflow_venv/lib/python3.10/site-packages/airflow/example_dags/example_dynamic_task_mapping_with_no_taskflow_operators.py
[2024-08-08T22:17:42.692+0400] {processor.py:839} INFO - DAG(s) dict_keys(['example_dynamic_task_mapping_with_no_taskflow_operators']) retrieved from /home/eduardo/airflow_venv/lib/python3.10/site-packages/airflow/example_dags/example_dynamic_task_mapping_with_no_taskflow_operators.py
[2024-08-08T22:17:42.709+0400] {logging_mixin.py:151} INFO - [2024-08-08T22:17:42.709+0400] {dag.py:2915} INFO - Sync 1 DAGs
[2024-08-08T22:17:42.730+0400] {logging_mixin.py:151} INFO - [2024-08-08T22:17:42.729+0400] {dag.py:3696} INFO - Setting next_dagrun for example_dynamic_task_mapping_with_no_taskflow_operators to 2024-08-07T18:17:42.729541+00:00, run_after=2024-08-08T18:17:42.729541+00:00
[2024-08-08T22:17:42.765+0400] {processor.py:179} INFO - Processing /home/eduardo/airflow_venv/lib/python3.10/site-packages/airflow/example_dags/example_dynamic_task_mapping_with_no_taskflow_operators.py took 0.090 seconds
[2024-08-08T22:18:32.871+0400] {processor.py:157} INFO - Started process (PID=14567) to work on /home/eduardo/airflow_venv/lib/python3.10/site-packages/airflow/example_dags/example_dynamic_task_mapping_with_no_taskflow_operators.py
[2024-08-08T22:18:32.874+0400] {processor.py:829} INFO - Processing file /home/eduardo/airflow_venv/lib/python3.10/site-packages/airflow/example_dags/example_dynamic_task_mapping_with_no_taskflow_operators.py for tasks to queue
[2024-08-08T22:18:32.875+0400] {logging_mixin.py:151} INFO - [2024-08-08T22:18:32.874+0400] {dagbag.py:539} INFO - Filling up the DagBag from /home/eduardo/airflow_venv/lib/python3.10/site-packages/airflow/example_dags/example_dynamic_task_mapping_with_no_taskflow_operators.py
[2024-08-08T22:18:32.884+0400] {processor.py:839} INFO - DAG(s) dict_keys(['example_dynamic_task_mapping_with_no_taskflow_operators']) retrieved from /home/eduardo/airflow_venv/lib/python3.10/site-packages/airflow/example_dags/example_dynamic_task_mapping_with_no_taskflow_operators.py
[2024-08-08T22:18:32.896+0400] {logging_mixin.py:151} INFO - [2024-08-08T22:18:32.896+0400] {dag.py:2915} INFO - Sync 1 DAGs
[2024-08-08T22:18:32.919+0400] {logging_mixin.py:151} INFO - [2024-08-08T22:18:32.919+0400] {dag.py:3696} INFO - Setting next_dagrun for example_dynamic_task_mapping_with_no_taskflow_operators to 2024-08-07T18:18:32.919007+00:00, run_after=2024-08-08T18:18:32.919007+00:00
[2024-08-08T22:18:32.951+0400] {processor.py:179} INFO - Processing /home/eduardo/airflow_venv/lib/python3.10/site-packages/airflow/example_dags/example_dynamic_task_mapping_with_no_taskflow_operators.py took 0.083 seconds
[2024-08-08T22:19:11.031+0400] {processor.py:157} INFO - Started process (PID=14862) to work on /home/eduardo/airflow_venv/lib/python3.10/site-packages/airflow/example_dags/example_dynamic_task_mapping_with_no_taskflow_operators.py
[2024-08-08T22:19:11.034+0400] {processor.py:829} INFO - Processing file /home/eduardo/airflow_venv/lib/python3.10/site-packages/airflow/example_dags/example_dynamic_task_mapping_with_no_taskflow_operators.py for tasks to queue
[2024-08-08T22:19:11.035+0400] {logging_mixin.py:151} INFO - [2024-08-08T22:19:11.035+0400] {dagbag.py:539} INFO - Filling up the DagBag from /home/eduardo/airflow_venv/lib/python3.10/site-packages/airflow/example_dags/example_dynamic_task_mapping_with_no_taskflow_operators.py
[2024-08-08T22:19:11.041+0400] {processor.py:839} INFO - DAG(s) dict_keys(['example_dynamic_task_mapping_with_no_taskflow_operators']) retrieved from /home/eduardo/airflow_venv/lib/python3.10/site-packages/airflow/example_dags/example_dynamic_task_mapping_with_no_taskflow_operators.py
[2024-08-08T22:19:11.054+0400] {logging_mixin.py:151} INFO - [2024-08-08T22:19:11.054+0400] {dag.py:2915} INFO - Sync 1 DAGs
[2024-08-08T22:19:11.081+0400] {logging_mixin.py:151} INFO - [2024-08-08T22:19:11.081+0400] {dag.py:3696} INFO - Setting next_dagrun for example_dynamic_task_mapping_with_no_taskflow_operators to 2024-08-07T18:19:11.081337+00:00, run_after=2024-08-08T18:19:11.081337+00:00
[2024-08-08T22:19:11.117+0400] {processor.py:179} INFO - Processing /home/eduardo/airflow_venv/lib/python3.10/site-packages/airflow/example_dags/example_dynamic_task_mapping_with_no_taskflow_operators.py took 0.091 seconds
[2024-08-08T22:19:57.456+0400] {processor.py:157} INFO - Started process (PID=15248) to work on /home/eduardo/airflow_venv/lib/python3.10/site-packages/airflow/example_dags/example_dynamic_task_mapping_with_no_taskflow_operators.py
[2024-08-08T22:19:57.458+0400] {processor.py:829} INFO - Processing file /home/eduardo/airflow_venv/lib/python3.10/site-packages/airflow/example_dags/example_dynamic_task_mapping_with_no_taskflow_operators.py for tasks to queue
[2024-08-08T22:19:57.459+0400] {logging_mixin.py:151} INFO - [2024-08-08T22:19:57.458+0400] {dagbag.py:539} INFO - Filling up the DagBag from /home/eduardo/airflow_venv/lib/python3.10/site-packages/airflow/example_dags/example_dynamic_task_mapping_with_no_taskflow_operators.py
[2024-08-08T22:19:57.465+0400] {processor.py:839} INFO - DAG(s) dict_keys(['example_dynamic_task_mapping_with_no_taskflow_operators']) retrieved from /home/eduardo/airflow_venv/lib/python3.10/site-packages/airflow/example_dags/example_dynamic_task_mapping_with_no_taskflow_operators.py
[2024-08-08T22:19:57.478+0400] {logging_mixin.py:151} INFO - [2024-08-08T22:19:57.477+0400] {dag.py:2915} INFO - Sync 1 DAGs
[2024-08-08T22:19:57.494+0400] {logging_mixin.py:151} INFO - [2024-08-08T22:19:57.493+0400] {dag.py:3696} INFO - Setting next_dagrun for example_dynamic_task_mapping_with_no_taskflow_operators to 2024-08-07T18:19:57.493693+00:00, run_after=2024-08-08T18:19:57.493693+00:00
[2024-08-08T22:19:57.523+0400] {processor.py:179} INFO - Processing /home/eduardo/airflow_venv/lib/python3.10/site-packages/airflow/example_dags/example_dynamic_task_mapping_with_no_taskflow_operators.py took 0.069 seconds
[2024-08-08T22:20:31.965+0400] {processor.py:157} INFO - Started process (PID=15520) to work on /home/eduardo/airflow_venv/lib/python3.10/site-packages/airflow/example_dags/example_dynamic_task_mapping_with_no_taskflow_operators.py
[2024-08-08T22:20:31.968+0400] {processor.py:829} INFO - Processing file /home/eduardo/airflow_venv/lib/python3.10/site-packages/airflow/example_dags/example_dynamic_task_mapping_with_no_taskflow_operators.py for tasks to queue
[2024-08-08T22:20:31.969+0400] {logging_mixin.py:151} INFO - [2024-08-08T22:20:31.969+0400] {dagbag.py:539} INFO - Filling up the DagBag from /home/eduardo/airflow_venv/lib/python3.10/site-packages/airflow/example_dags/example_dynamic_task_mapping_with_no_taskflow_operators.py
[2024-08-08T22:20:31.976+0400] {processor.py:839} INFO - DAG(s) dict_keys(['example_dynamic_task_mapping_with_no_taskflow_operators']) retrieved from /home/eduardo/airflow_venv/lib/python3.10/site-packages/airflow/example_dags/example_dynamic_task_mapping_with_no_taskflow_operators.py
[2024-08-08T22:20:31.988+0400] {logging_mixin.py:151} INFO - [2024-08-08T22:20:31.988+0400] {dag.py:2915} INFO - Sync 1 DAGs
[2024-08-08T22:20:32.003+0400] {logging_mixin.py:151} INFO - [2024-08-08T22:20:32.002+0400] {dag.py:3696} INFO - Setting next_dagrun for example_dynamic_task_mapping_with_no_taskflow_operators to 2024-08-07T18:20:32.002459+00:00, run_after=2024-08-08T18:20:32.002459+00:00
[2024-08-08T22:20:32.040+0400] {processor.py:179} INFO - Processing /home/eduardo/airflow_venv/lib/python3.10/site-packages/airflow/example_dags/example_dynamic_task_mapping_with_no_taskflow_operators.py took 0.077 seconds
[2024-08-08T22:21:06.788+0400] {processor.py:157} INFO - Started process (PID=15854) to work on /home/eduardo/airflow_venv/lib/python3.10/site-packages/airflow/example_dags/example_dynamic_task_mapping_with_no_taskflow_operators.py
[2024-08-08T22:21:06.790+0400] {processor.py:829} INFO - Processing file /home/eduardo/airflow_venv/lib/python3.10/site-packages/airflow/example_dags/example_dynamic_task_mapping_with_no_taskflow_operators.py for tasks to queue
[2024-08-08T22:21:06.791+0400] {logging_mixin.py:151} INFO - [2024-08-08T22:21:06.791+0400] {dagbag.py:539} INFO - Filling up the DagBag from /home/eduardo/airflow_venv/lib/python3.10/site-packages/airflow/example_dags/example_dynamic_task_mapping_with_no_taskflow_operators.py
[2024-08-08T22:21:06.797+0400] {processor.py:839} INFO - DAG(s) dict_keys(['example_dynamic_task_mapping_with_no_taskflow_operators']) retrieved from /home/eduardo/airflow_venv/lib/python3.10/site-packages/airflow/example_dags/example_dynamic_task_mapping_with_no_taskflow_operators.py
[2024-08-08T22:21:06.809+0400] {logging_mixin.py:151} INFO - [2024-08-08T22:21:06.809+0400] {dag.py:2915} INFO - Sync 1 DAGs
[2024-08-08T22:21:06.823+0400] {logging_mixin.py:151} INFO - [2024-08-08T22:21:06.823+0400] {dag.py:3696} INFO - Setting next_dagrun for example_dynamic_task_mapping_with_no_taskflow_operators to 2024-08-07T18:21:06.823072+00:00, run_after=2024-08-08T18:21:06.823072+00:00
[2024-08-08T22:21:06.850+0400] {processor.py:179} INFO - Processing /home/eduardo/airflow_venv/lib/python3.10/site-packages/airflow/example_dags/example_dynamic_task_mapping_with_no_taskflow_operators.py took 0.065 seconds
[2024-08-08T22:21:42.573+0400] {processor.py:157} INFO - Started process (PID=16190) to work on /home/eduardo/airflow_venv/lib/python3.10/site-packages/airflow/example_dags/example_dynamic_task_mapping_with_no_taskflow_operators.py
[2024-08-08T22:21:42.576+0400] {processor.py:829} INFO - Processing file /home/eduardo/airflow_venv/lib/python3.10/site-packages/airflow/example_dags/example_dynamic_task_mapping_with_no_taskflow_operators.py for tasks to queue
[2024-08-08T22:21:42.577+0400] {logging_mixin.py:151} INFO - [2024-08-08T22:21:42.577+0400] {dagbag.py:539} INFO - Filling up the DagBag from /home/eduardo/airflow_venv/lib/python3.10/site-packages/airflow/example_dags/example_dynamic_task_mapping_with_no_taskflow_operators.py
[2024-08-08T22:21:42.584+0400] {processor.py:839} INFO - DAG(s) dict_keys(['example_dynamic_task_mapping_with_no_taskflow_operators']) retrieved from /home/eduardo/airflow_venv/lib/python3.10/site-packages/airflow/example_dags/example_dynamic_task_mapping_with_no_taskflow_operators.py
[2024-08-08T22:21:42.595+0400] {logging_mixin.py:151} INFO - [2024-08-08T22:21:42.595+0400] {dag.py:2915} INFO - Sync 1 DAGs
[2024-08-08T22:21:42.609+0400] {logging_mixin.py:151} INFO - [2024-08-08T22:21:42.608+0400] {dag.py:3696} INFO - Setting next_dagrun for example_dynamic_task_mapping_with_no_taskflow_operators to 2024-08-07T18:21:42.608834+00:00, run_after=2024-08-08T18:21:42.608834+00:00
[2024-08-08T22:21:42.640+0400] {processor.py:179} INFO - Processing /home/eduardo/airflow_venv/lib/python3.10/site-packages/airflow/example_dags/example_dynamic_task_mapping_with_no_taskflow_operators.py took 0.070 seconds
[2024-08-08T22:22:17.670+0400] {processor.py:157} INFO - Started process (PID=16457) to work on /home/eduardo/airflow_venv/lib/python3.10/site-packages/airflow/example_dags/example_dynamic_task_mapping_with_no_taskflow_operators.py
[2024-08-08T22:22:17.673+0400] {processor.py:829} INFO - Processing file /home/eduardo/airflow_venv/lib/python3.10/site-packages/airflow/example_dags/example_dynamic_task_mapping_with_no_taskflow_operators.py for tasks to queue
[2024-08-08T22:22:17.675+0400] {logging_mixin.py:151} INFO - [2024-08-08T22:22:17.674+0400] {dagbag.py:539} INFO - Filling up the DagBag from /home/eduardo/airflow_venv/lib/python3.10/site-packages/airflow/example_dags/example_dynamic_task_mapping_with_no_taskflow_operators.py
[2024-08-08T22:22:17.686+0400] {processor.py:839} INFO - DAG(s) dict_keys(['example_dynamic_task_mapping_with_no_taskflow_operators']) retrieved from /home/eduardo/airflow_venv/lib/python3.10/site-packages/airflow/example_dags/example_dynamic_task_mapping_with_no_taskflow_operators.py
[2024-08-08T22:22:17.713+0400] {logging_mixin.py:151} INFO - [2024-08-08T22:22:17.713+0400] {dag.py:2915} INFO - Sync 1 DAGs
[2024-08-08T22:22:17.747+0400] {logging_mixin.py:151} INFO - [2024-08-08T22:22:17.746+0400] {dag.py:3696} INFO - Setting next_dagrun for example_dynamic_task_mapping_with_no_taskflow_operators to 2024-08-07T18:22:17.746287+00:00, run_after=2024-08-08T18:22:17.746287+00:00
[2024-08-08T22:22:17.786+0400] {processor.py:179} INFO - Processing /home/eduardo/airflow_venv/lib/python3.10/site-packages/airflow/example_dags/example_dynamic_task_mapping_with_no_taskflow_operators.py took 0.120 seconds
[2024-08-08T22:23:07.868+0400] {processor.py:157} INFO - Started process (PID=16851) to work on /home/eduardo/airflow_venv/lib/python3.10/site-packages/airflow/example_dags/example_dynamic_task_mapping_with_no_taskflow_operators.py
[2024-08-08T22:23:07.871+0400] {processor.py:829} INFO - Processing file /home/eduardo/airflow_venv/lib/python3.10/site-packages/airflow/example_dags/example_dynamic_task_mapping_with_no_taskflow_operators.py for tasks to queue
[2024-08-08T22:23:07.872+0400] {logging_mixin.py:151} INFO - [2024-08-08T22:23:07.872+0400] {dagbag.py:539} INFO - Filling up the DagBag from /home/eduardo/airflow_venv/lib/python3.10/site-packages/airflow/example_dags/example_dynamic_task_mapping_with_no_taskflow_operators.py
[2024-08-08T22:23:07.881+0400] {processor.py:839} INFO - DAG(s) dict_keys(['example_dynamic_task_mapping_with_no_taskflow_operators']) retrieved from /home/eduardo/airflow_venv/lib/python3.10/site-packages/airflow/example_dags/example_dynamic_task_mapping_with_no_taskflow_operators.py
[2024-08-08T22:23:07.898+0400] {logging_mixin.py:151} INFO - [2024-08-08T22:23:07.898+0400] {dag.py:2915} INFO - Sync 1 DAGs
[2024-08-08T22:23:07.924+0400] {logging_mixin.py:151} INFO - [2024-08-08T22:23:07.924+0400] {dag.py:3696} INFO - Setting next_dagrun for example_dynamic_task_mapping_with_no_taskflow_operators to 2024-08-07T18:23:07.923901+00:00, run_after=2024-08-08T18:23:07.923901+00:00
[2024-08-08T22:23:07.969+0400] {processor.py:179} INFO - Processing /home/eduardo/airflow_venv/lib/python3.10/site-packages/airflow/example_dags/example_dynamic_task_mapping_with_no_taskflow_operators.py took 0.106 seconds
