[2024-08-08T20:18:19.209+0400] {processor.py:157} INFO - Started process (PID=6799) to work on /home/eduardo/airflow_venv/lib/python3.10/site-packages/airflow/example_dags/example_xcomargs.py
[2024-08-08T20:18:19.210+0400] {processor.py:829} INFO - Processing file /home/eduardo/airflow_venv/lib/python3.10/site-packages/airflow/example_dags/example_xcomargs.py for tasks to queue
[2024-08-08T20:18:19.211+0400] {logging_mixin.py:151} INFO - [2024-08-08T20:18:19.210+0400] {dagbag.py:539} INFO - Filling up the DagBag from /home/eduardo/airflow_venv/lib/python3.10/site-packages/airflow/example_dags/example_xcomargs.py
[2024-08-08T20:18:19.219+0400] {processor.py:839} INFO - DAG(s) dict_keys(['example_xcom_args', 'example_xcom_args_with_operators']) retrieved from /home/eduardo/airflow_venv/lib/python3.10/site-packages/airflow/example_dags/example_xcomargs.py
[2024-08-08T20:18:19.313+0400] {logging_mixin.py:151} INFO - [2024-08-08T20:18:19.313+0400] {manager.py:499} INFO - Created Permission View: %s
[2024-08-08T20:18:19.334+0400] {logging_mixin.py:151} INFO - [2024-08-08T20:18:19.333+0400] {manager.py:499} INFO - Created Permission View: %s
[2024-08-08T20:18:19.351+0400] {logging_mixin.py:151} INFO - [2024-08-08T20:18:19.351+0400] {manager.py:499} INFO - Created Permission View: %s
[2024-08-08T20:18:19.351+0400] {logging_mixin.py:151} INFO - [2024-08-08T20:18:19.351+0400] {security.py:708} INFO - Not syncing DAG-level permissions for DAG 'DAG:example_xcom_args' as access control is unset.
[2024-08-08T20:18:19.399+0400] {logging_mixin.py:151} INFO - [2024-08-08T20:18:19.399+0400] {manager.py:499} INFO - Created Permission View: %s
[2024-08-08T20:18:19.419+0400] {logging_mixin.py:151} INFO - [2024-08-08T20:18:19.419+0400] {manager.py:499} INFO - Created Permission View: %s
[2024-08-08T20:18:19.439+0400] {logging_mixin.py:151} INFO - [2024-08-08T20:18:19.438+0400] {manager.py:499} INFO - Created Permission View: %s
[2024-08-08T20:18:19.439+0400] {logging_mixin.py:151} INFO - [2024-08-08T20:18:19.439+0400] {security.py:708} INFO - Not syncing DAG-level permissions for DAG 'DAG:example_xcom_args_with_operators' as access control is unset.
[2024-08-08T20:18:19.439+0400] {logging_mixin.py:151} INFO - [2024-08-08T20:18:19.439+0400] {dag.py:2915} INFO - Sync 2 DAGs
[2024-08-08T20:18:19.448+0400] {logging_mixin.py:151} INFO - [2024-08-08T20:18:19.448+0400] {dag.py:2937} INFO - Creating ORM DAG for example_xcom_args
[2024-08-08T20:18:19.448+0400] {logging_mixin.py:151} INFO - [2024-08-08T20:18:19.448+0400] {dag.py:2937} INFO - Creating ORM DAG for example_xcom_args_with_operators
[2024-08-08T20:18:19.448+0400] {logging_mixin.py:151} INFO - [2024-08-08T20:18:19.448+0400] {dag.py:3696} INFO - Setting next_dagrun for example_xcom_args to None, run_after=None
[2024-08-08T20:18:19.449+0400] {logging_mixin.py:151} INFO - [2024-08-08T20:18:19.449+0400] {dag.py:3696} INFO - Setting next_dagrun for example_xcom_args_with_operators to None, run_after=None
[2024-08-08T20:18:19.475+0400] {processor.py:179} INFO - Processing /home/eduardo/airflow_venv/lib/python3.10/site-packages/airflow/example_dags/example_xcomargs.py took 0.268 seconds
[2024-08-08T20:19:10.199+0400] {processor.py:157} INFO - Started process (PID=6854) to work on /home/eduardo/airflow_venv/lib/python3.10/site-packages/airflow/example_dags/example_xcomargs.py
[2024-08-08T20:19:10.201+0400] {processor.py:829} INFO - Processing file /home/eduardo/airflow_venv/lib/python3.10/site-packages/airflow/example_dags/example_xcomargs.py for tasks to queue
[2024-08-08T20:19:10.201+0400] {logging_mixin.py:151} INFO - [2024-08-08T20:19:10.201+0400] {dagbag.py:539} INFO - Filling up the DagBag from /home/eduardo/airflow_venv/lib/python3.10/site-packages/airflow/example_dags/example_xcomargs.py
[2024-08-08T20:19:10.207+0400] {processor.py:839} INFO - DAG(s) dict_keys(['example_xcom_args', 'example_xcom_args_with_operators']) retrieved from /home/eduardo/airflow_venv/lib/python3.10/site-packages/airflow/example_dags/example_xcomargs.py
[2024-08-08T20:19:10.221+0400] {logging_mixin.py:151} INFO - [2024-08-08T20:19:10.221+0400] {dag.py:2915} INFO - Sync 2 DAGs
[2024-08-08T20:19:10.229+0400] {logging_mixin.py:151} INFO - [2024-08-08T20:19:10.229+0400] {dag.py:3696} INFO - Setting next_dagrun for example_xcom_args to None, run_after=None
[2024-08-08T20:19:10.231+0400] {logging_mixin.py:151} INFO - [2024-08-08T20:19:10.231+0400] {dag.py:3696} INFO - Setting next_dagrun for example_xcom_args_with_operators to None, run_after=None
[2024-08-08T20:19:10.252+0400] {processor.py:179} INFO - Processing /home/eduardo/airflow_venv/lib/python3.10/site-packages/airflow/example_dags/example_xcomargs.py took 0.055 seconds
[2024-08-08T20:19:46.979+0400] {processor.py:157} INFO - Started process (PID=6894) to work on /home/eduardo/airflow_venv/lib/python3.10/site-packages/airflow/example_dags/example_xcomargs.py
[2024-08-08T20:19:46.981+0400] {processor.py:829} INFO - Processing file /home/eduardo/airflow_venv/lib/python3.10/site-packages/airflow/example_dags/example_xcomargs.py for tasks to queue
[2024-08-08T20:19:46.981+0400] {logging_mixin.py:151} INFO - [2024-08-08T20:19:46.981+0400] {dagbag.py:539} INFO - Filling up the DagBag from /home/eduardo/airflow_venv/lib/python3.10/site-packages/airflow/example_dags/example_xcomargs.py
[2024-08-08T20:19:46.986+0400] {processor.py:839} INFO - DAG(s) dict_keys(['example_xcom_args_with_operators', 'example_xcom_args']) retrieved from /home/eduardo/airflow_venv/lib/python3.10/site-packages/airflow/example_dags/example_xcomargs.py
[2024-08-08T20:19:47.000+0400] {logging_mixin.py:151} INFO - [2024-08-08T20:19:47.000+0400] {dag.py:2915} INFO - Sync 2 DAGs
[2024-08-08T20:19:47.011+0400] {logging_mixin.py:151} INFO - [2024-08-08T20:19:47.011+0400] {dag.py:3696} INFO - Setting next_dagrun for example_xcom_args to None, run_after=None
[2024-08-08T20:19:47.014+0400] {logging_mixin.py:151} INFO - [2024-08-08T20:19:47.014+0400] {dag.py:3696} INFO - Setting next_dagrun for example_xcom_args_with_operators to None, run_after=None
[2024-08-08T20:19:47.046+0400] {processor.py:179} INFO - Processing /home/eduardo/airflow_venv/lib/python3.10/site-packages/airflow/example_dags/example_xcomargs.py took 0.070 seconds
[2024-08-08T20:20:29.665+0400] {processor.py:157} INFO - Started process (PID=6940) to work on /home/eduardo/airflow_venv/lib/python3.10/site-packages/airflow/example_dags/example_xcomargs.py
[2024-08-08T20:20:29.666+0400] {processor.py:829} INFO - Processing file /home/eduardo/airflow_venv/lib/python3.10/site-packages/airflow/example_dags/example_xcomargs.py for tasks to queue
[2024-08-08T20:20:29.666+0400] {logging_mixin.py:151} INFO - [2024-08-08T20:20:29.666+0400] {dagbag.py:539} INFO - Filling up the DagBag from /home/eduardo/airflow_venv/lib/python3.10/site-packages/airflow/example_dags/example_xcomargs.py
[2024-08-08T20:20:29.671+0400] {processor.py:839} INFO - DAG(s) dict_keys(['example_xcom_args', 'example_xcom_args_with_operators']) retrieved from /home/eduardo/airflow_venv/lib/python3.10/site-packages/airflow/example_dags/example_xcomargs.py
[2024-08-08T20:20:29.683+0400] {logging_mixin.py:151} INFO - [2024-08-08T20:20:29.683+0400] {dag.py:2915} INFO - Sync 2 DAGs
[2024-08-08T20:20:29.691+0400] {logging_mixin.py:151} INFO - [2024-08-08T20:20:29.691+0400] {dag.py:3696} INFO - Setting next_dagrun for example_xcom_args to None, run_after=None
[2024-08-08T20:20:29.692+0400] {logging_mixin.py:151} INFO - [2024-08-08T20:20:29.692+0400] {dag.py:3696} INFO - Setting next_dagrun for example_xcom_args_with_operators to None, run_after=None
[2024-08-08T20:20:29.718+0400] {processor.py:179} INFO - Processing /home/eduardo/airflow_venv/lib/python3.10/site-packages/airflow/example_dags/example_xcomargs.py took 0.055 seconds
[2024-08-08T20:21:10.186+0400] {processor.py:157} INFO - Started process (PID=6982) to work on /home/eduardo/airflow_venv/lib/python3.10/site-packages/airflow/example_dags/example_xcomargs.py
[2024-08-08T20:21:10.187+0400] {processor.py:829} INFO - Processing file /home/eduardo/airflow_venv/lib/python3.10/site-packages/airflow/example_dags/example_xcomargs.py for tasks to queue
[2024-08-08T20:21:10.188+0400] {logging_mixin.py:151} INFO - [2024-08-08T20:21:10.187+0400] {dagbag.py:539} INFO - Filling up the DagBag from /home/eduardo/airflow_venv/lib/python3.10/site-packages/airflow/example_dags/example_xcomargs.py
[2024-08-08T20:21:10.194+0400] {processor.py:839} INFO - DAG(s) dict_keys(['example_xcom_args', 'example_xcom_args_with_operators']) retrieved from /home/eduardo/airflow_venv/lib/python3.10/site-packages/airflow/example_dags/example_xcomargs.py
[2024-08-08T20:21:10.208+0400] {logging_mixin.py:151} INFO - [2024-08-08T20:21:10.208+0400] {dag.py:2915} INFO - Sync 2 DAGs
[2024-08-08T20:21:10.216+0400] {logging_mixin.py:151} INFO - [2024-08-08T20:21:10.216+0400] {dag.py:3696} INFO - Setting next_dagrun for example_xcom_args to None, run_after=None
[2024-08-08T20:21:10.218+0400] {logging_mixin.py:151} INFO - [2024-08-08T20:21:10.218+0400] {dag.py:3696} INFO - Setting next_dagrun for example_xcom_args_with_operators to None, run_after=None
[2024-08-08T20:21:10.242+0400] {processor.py:179} INFO - Processing /home/eduardo/airflow_venv/lib/python3.10/site-packages/airflow/example_dags/example_xcomargs.py took 0.058 seconds
[2024-08-08T20:21:50.727+0400] {processor.py:157} INFO - Started process (PID=7025) to work on /home/eduardo/airflow_venv/lib/python3.10/site-packages/airflow/example_dags/example_xcomargs.py
[2024-08-08T20:21:50.728+0400] {processor.py:829} INFO - Processing file /home/eduardo/airflow_venv/lib/python3.10/site-packages/airflow/example_dags/example_xcomargs.py for tasks to queue
[2024-08-08T20:21:50.729+0400] {logging_mixin.py:151} INFO - [2024-08-08T20:21:50.728+0400] {dagbag.py:539} INFO - Filling up the DagBag from /home/eduardo/airflow_venv/lib/python3.10/site-packages/airflow/example_dags/example_xcomargs.py
[2024-08-08T20:21:50.735+0400] {processor.py:839} INFO - DAG(s) dict_keys(['example_xcom_args', 'example_xcom_args_with_operators']) retrieved from /home/eduardo/airflow_venv/lib/python3.10/site-packages/airflow/example_dags/example_xcomargs.py
[2024-08-08T20:21:50.749+0400] {logging_mixin.py:151} INFO - [2024-08-08T20:21:50.749+0400] {dag.py:2915} INFO - Sync 2 DAGs
[2024-08-08T20:21:50.757+0400] {logging_mixin.py:151} INFO - [2024-08-08T20:21:50.757+0400] {dag.py:3696} INFO - Setting next_dagrun for example_xcom_args to None, run_after=None
[2024-08-08T20:21:50.759+0400] {logging_mixin.py:151} INFO - [2024-08-08T20:21:50.759+0400] {dag.py:3696} INFO - Setting next_dagrun for example_xcom_args_with_operators to None, run_after=None
[2024-08-08T20:21:50.789+0400] {processor.py:179} INFO - Processing /home/eduardo/airflow_venv/lib/python3.10/site-packages/airflow/example_dags/example_xcomargs.py took 0.065 seconds
[2024-08-08T20:22:35.955+0400] {processor.py:157} INFO - Started process (PID=7072) to work on /home/eduardo/airflow_venv/lib/python3.10/site-packages/airflow/example_dags/example_xcomargs.py
[2024-08-08T20:22:35.958+0400] {processor.py:829} INFO - Processing file /home/eduardo/airflow_venv/lib/python3.10/site-packages/airflow/example_dags/example_xcomargs.py for tasks to queue
[2024-08-08T20:22:35.959+0400] {logging_mixin.py:151} INFO - [2024-08-08T20:22:35.958+0400] {dagbag.py:539} INFO - Filling up the DagBag from /home/eduardo/airflow_venv/lib/python3.10/site-packages/airflow/example_dags/example_xcomargs.py
[2024-08-08T20:22:35.964+0400] {processor.py:839} INFO - DAG(s) dict_keys(['example_xcom_args_with_operators', 'example_xcom_args']) retrieved from /home/eduardo/airflow_venv/lib/python3.10/site-packages/airflow/example_dags/example_xcomargs.py
[2024-08-08T20:22:35.979+0400] {logging_mixin.py:151} INFO - [2024-08-08T20:22:35.979+0400] {dag.py:2915} INFO - Sync 2 DAGs
[2024-08-08T20:22:35.989+0400] {logging_mixin.py:151} INFO - [2024-08-08T20:22:35.989+0400] {dag.py:3696} INFO - Setting next_dagrun for example_xcom_args to None, run_after=None
[2024-08-08T20:22:35.991+0400] {logging_mixin.py:151} INFO - [2024-08-08T20:22:35.991+0400] {dag.py:3696} INFO - Setting next_dagrun for example_xcom_args_with_operators to None, run_after=None
[2024-08-08T20:22:36.014+0400] {processor.py:179} INFO - Processing /home/eduardo/airflow_venv/lib/python3.10/site-packages/airflow/example_dags/example_xcomargs.py took 0.060 seconds
[2024-08-08T20:23:19.983+0400] {processor.py:157} INFO - Started process (PID=7139) to work on /home/eduardo/airflow_venv/lib/python3.10/site-packages/airflow/example_dags/example_xcomargs.py
[2024-08-08T20:23:19.984+0400] {processor.py:829} INFO - Processing file /home/eduardo/airflow_venv/lib/python3.10/site-packages/airflow/example_dags/example_xcomargs.py for tasks to queue
[2024-08-08T20:23:19.985+0400] {logging_mixin.py:151} INFO - [2024-08-08T20:23:19.984+0400] {dagbag.py:539} INFO - Filling up the DagBag from /home/eduardo/airflow_venv/lib/python3.10/site-packages/airflow/example_dags/example_xcomargs.py
[2024-08-08T20:23:19.993+0400] {processor.py:839} INFO - DAG(s) dict_keys(['example_xcom_args_with_operators', 'example_xcom_args']) retrieved from /home/eduardo/airflow_venv/lib/python3.10/site-packages/airflow/example_dags/example_xcomargs.py
[2024-08-08T20:23:20.012+0400] {logging_mixin.py:151} INFO - [2024-08-08T20:23:20.012+0400] {dag.py:2915} INFO - Sync 2 DAGs
[2024-08-08T20:23:20.023+0400] {logging_mixin.py:151} INFO - [2024-08-08T20:23:20.023+0400] {dag.py:3696} INFO - Setting next_dagrun for example_xcom_args to None, run_after=None
[2024-08-08T20:23:20.025+0400] {logging_mixin.py:151} INFO - [2024-08-08T20:23:20.025+0400] {dag.py:3696} INFO - Setting next_dagrun for example_xcom_args_with_operators to None, run_after=None
[2024-08-08T20:23:20.056+0400] {processor.py:179} INFO - Processing /home/eduardo/airflow_venv/lib/python3.10/site-packages/airflow/example_dags/example_xcomargs.py took 0.076 seconds
[2024-08-08T20:24:05.403+0400] {processor.py:157} INFO - Started process (PID=7185) to work on /home/eduardo/airflow_venv/lib/python3.10/site-packages/airflow/example_dags/example_xcomargs.py
[2024-08-08T20:24:05.404+0400] {processor.py:829} INFO - Processing file /home/eduardo/airflow_venv/lib/python3.10/site-packages/airflow/example_dags/example_xcomargs.py for tasks to queue
[2024-08-08T20:24:05.405+0400] {logging_mixin.py:151} INFO - [2024-08-08T20:24:05.405+0400] {dagbag.py:539} INFO - Filling up the DagBag from /home/eduardo/airflow_venv/lib/python3.10/site-packages/airflow/example_dags/example_xcomargs.py
[2024-08-08T20:24:05.411+0400] {processor.py:839} INFO - DAG(s) dict_keys(['example_xcom_args_with_operators', 'example_xcom_args']) retrieved from /home/eduardo/airflow_venv/lib/python3.10/site-packages/airflow/example_dags/example_xcomargs.py
[2024-08-08T20:24:05.427+0400] {logging_mixin.py:151} INFO - [2024-08-08T20:24:05.426+0400] {dag.py:2915} INFO - Sync 2 DAGs
[2024-08-08T20:24:05.434+0400] {logging_mixin.py:151} INFO - [2024-08-08T20:24:05.434+0400] {dag.py:3696} INFO - Setting next_dagrun for example_xcom_args to None, run_after=None
[2024-08-08T20:24:05.435+0400] {logging_mixin.py:151} INFO - [2024-08-08T20:24:05.435+0400] {dag.py:3696} INFO - Setting next_dagrun for example_xcom_args_with_operators to None, run_after=None
[2024-08-08T20:24:05.474+0400] {processor.py:179} INFO - Processing /home/eduardo/airflow_venv/lib/python3.10/site-packages/airflow/example_dags/example_xcomargs.py took 0.075 seconds
[2024-08-08T20:24:50.727+0400] {processor.py:157} INFO - Started process (PID=7241) to work on /home/eduardo/airflow_venv/lib/python3.10/site-packages/airflow/example_dags/example_xcomargs.py
[2024-08-08T20:24:50.728+0400] {processor.py:829} INFO - Processing file /home/eduardo/airflow_venv/lib/python3.10/site-packages/airflow/example_dags/example_xcomargs.py for tasks to queue
[2024-08-08T20:24:50.729+0400] {logging_mixin.py:151} INFO - [2024-08-08T20:24:50.729+0400] {dagbag.py:539} INFO - Filling up the DagBag from /home/eduardo/airflow_venv/lib/python3.10/site-packages/airflow/example_dags/example_xcomargs.py
[2024-08-08T20:24:50.735+0400] {processor.py:839} INFO - DAG(s) dict_keys(['example_xcom_args', 'example_xcom_args_with_operators']) retrieved from /home/eduardo/airflow_venv/lib/python3.10/site-packages/airflow/example_dags/example_xcomargs.py
[2024-08-08T20:24:50.748+0400] {logging_mixin.py:151} INFO - [2024-08-08T20:24:50.748+0400] {dag.py:2915} INFO - Sync 2 DAGs
[2024-08-08T20:24:50.756+0400] {logging_mixin.py:151} INFO - [2024-08-08T20:24:50.756+0400] {dag.py:3696} INFO - Setting next_dagrun for example_xcom_args to None, run_after=None
[2024-08-08T20:24:50.758+0400] {logging_mixin.py:151} INFO - [2024-08-08T20:24:50.758+0400] {dag.py:3696} INFO - Setting next_dagrun for example_xcom_args_with_operators to None, run_after=None
[2024-08-08T20:24:50.786+0400] {processor.py:179} INFO - Processing /home/eduardo/airflow_venv/lib/python3.10/site-packages/airflow/example_dags/example_xcomargs.py took 0.062 seconds
[2024-08-08T20:25:23.549+0400] {processor.py:157} INFO - Started process (PID=7275) to work on /home/eduardo/airflow_venv/lib/python3.10/site-packages/airflow/example_dags/example_xcomargs.py
[2024-08-08T20:25:23.550+0400] {processor.py:829} INFO - Processing file /home/eduardo/airflow_venv/lib/python3.10/site-packages/airflow/example_dags/example_xcomargs.py for tasks to queue
[2024-08-08T20:25:23.551+0400] {logging_mixin.py:151} INFO - [2024-08-08T20:25:23.551+0400] {dagbag.py:539} INFO - Filling up the DagBag from /home/eduardo/airflow_venv/lib/python3.10/site-packages/airflow/example_dags/example_xcomargs.py
[2024-08-08T20:25:23.558+0400] {processor.py:839} INFO - DAG(s) dict_keys(['example_xcom_args_with_operators', 'example_xcom_args']) retrieved from /home/eduardo/airflow_venv/lib/python3.10/site-packages/airflow/example_dags/example_xcomargs.py
[2024-08-08T20:25:23.573+0400] {logging_mixin.py:151} INFO - [2024-08-08T20:25:23.573+0400] {dag.py:2915} INFO - Sync 2 DAGs
[2024-08-08T20:25:23.580+0400] {logging_mixin.py:151} INFO - [2024-08-08T20:25:23.580+0400] {dag.py:3696} INFO - Setting next_dagrun for example_xcom_args to None, run_after=None
[2024-08-08T20:25:23.582+0400] {logging_mixin.py:151} INFO - [2024-08-08T20:25:23.582+0400] {dag.py:3696} INFO - Setting next_dagrun for example_xcom_args_with_operators to None, run_after=None
[2024-08-08T20:25:23.605+0400] {processor.py:179} INFO - Processing /home/eduardo/airflow_venv/lib/python3.10/site-packages/airflow/example_dags/example_xcomargs.py took 0.057 seconds
[2024-08-08T20:26:08.299+0400] {processor.py:157} INFO - Started process (PID=7321) to work on /home/eduardo/airflow_venv/lib/python3.10/site-packages/airflow/example_dags/example_xcomargs.py
[2024-08-08T20:26:08.300+0400] {processor.py:829} INFO - Processing file /home/eduardo/airflow_venv/lib/python3.10/site-packages/airflow/example_dags/example_xcomargs.py for tasks to queue
[2024-08-08T20:26:08.301+0400] {logging_mixin.py:151} INFO - [2024-08-08T20:26:08.301+0400] {dagbag.py:539} INFO - Filling up the DagBag from /home/eduardo/airflow_venv/lib/python3.10/site-packages/airflow/example_dags/example_xcomargs.py
[2024-08-08T20:26:08.307+0400] {processor.py:839} INFO - DAG(s) dict_keys(['example_xcom_args_with_operators', 'example_xcom_args']) retrieved from /home/eduardo/airflow_venv/lib/python3.10/site-packages/airflow/example_dags/example_xcomargs.py
[2024-08-08T20:26:08.321+0400] {logging_mixin.py:151} INFO - [2024-08-08T20:26:08.321+0400] {dag.py:2915} INFO - Sync 2 DAGs
[2024-08-08T20:26:08.329+0400] {logging_mixin.py:151} INFO - [2024-08-08T20:26:08.329+0400] {dag.py:3696} INFO - Setting next_dagrun for example_xcom_args to None, run_after=None
[2024-08-08T20:26:08.331+0400] {logging_mixin.py:151} INFO - [2024-08-08T20:26:08.331+0400] {dag.py:3696} INFO - Setting next_dagrun for example_xcom_args_with_operators to None, run_after=None
[2024-08-08T20:26:08.357+0400] {processor.py:179} INFO - Processing /home/eduardo/airflow_venv/lib/python3.10/site-packages/airflow/example_dags/example_xcomargs.py took 0.061 seconds
[2024-08-08T22:09:32.688+0400] {processor.py:157} INFO - Started process (PID=9392) to work on /home/eduardo/airflow_venv/lib/python3.10/site-packages/airflow/example_dags/example_xcomargs.py
[2024-08-08T22:09:32.691+0400] {processor.py:829} INFO - Processing file /home/eduardo/airflow_venv/lib/python3.10/site-packages/airflow/example_dags/example_xcomargs.py for tasks to queue
[2024-08-08T22:09:32.693+0400] {logging_mixin.py:151} INFO - [2024-08-08T22:09:32.692+0400] {dagbag.py:539} INFO - Filling up the DagBag from /home/eduardo/airflow_venv/lib/python3.10/site-packages/airflow/example_dags/example_xcomargs.py
[2024-08-08T22:09:32.706+0400] {processor.py:839} INFO - DAG(s) dict_keys(['example_xcom_args', 'example_xcom_args_with_operators']) retrieved from /home/eduardo/airflow_venv/lib/python3.10/site-packages/airflow/example_dags/example_xcomargs.py
[2024-08-08T22:09:32.743+0400] {logging_mixin.py:151} INFO - [2024-08-08T22:09:32.742+0400] {dag.py:2915} INFO - Sync 2 DAGs
[2024-08-08T22:09:32.754+0400] {logging_mixin.py:151} INFO - [2024-08-08T22:09:32.754+0400] {dag.py:3696} INFO - Setting next_dagrun for example_xcom_args to None, run_after=None
[2024-08-08T22:09:32.757+0400] {logging_mixin.py:151} INFO - [2024-08-08T22:09:32.756+0400] {dag.py:3696} INFO - Setting next_dagrun for example_xcom_args_with_operators to None, run_after=None
[2024-08-08T22:09:32.791+0400] {processor.py:179} INFO - Processing /home/eduardo/airflow_venv/lib/python3.10/site-packages/airflow/example_dags/example_xcomargs.py took 0.107 seconds
[2024-08-08T22:10:20.458+0400] {processor.py:157} INFO - Started process (PID=9956) to work on /home/eduardo/airflow_venv/lib/python3.10/site-packages/airflow/example_dags/example_xcomargs.py
[2024-08-08T22:10:20.459+0400] {processor.py:829} INFO - Processing file /home/eduardo/airflow_venv/lib/python3.10/site-packages/airflow/example_dags/example_xcomargs.py for tasks to queue
[2024-08-08T22:10:20.460+0400] {logging_mixin.py:151} INFO - [2024-08-08T22:10:20.460+0400] {dagbag.py:539} INFO - Filling up the DagBag from /home/eduardo/airflow_venv/lib/python3.10/site-packages/airflow/example_dags/example_xcomargs.py
[2024-08-08T22:10:20.467+0400] {processor.py:839} INFO - DAG(s) dict_keys(['example_xcom_args_with_operators', 'example_xcom_args']) retrieved from /home/eduardo/airflow_venv/lib/python3.10/site-packages/airflow/example_dags/example_xcomargs.py
[2024-08-08T22:10:20.482+0400] {logging_mixin.py:151} INFO - [2024-08-08T22:10:20.482+0400] {dag.py:2915} INFO - Sync 2 DAGs
[2024-08-08T22:10:20.492+0400] {logging_mixin.py:151} INFO - [2024-08-08T22:10:20.492+0400] {dag.py:3696} INFO - Setting next_dagrun for example_xcom_args to None, run_after=None
[2024-08-08T22:10:20.494+0400] {logging_mixin.py:151} INFO - [2024-08-08T22:10:20.494+0400] {dag.py:3696} INFO - Setting next_dagrun for example_xcom_args_with_operators to None, run_after=None
[2024-08-08T22:10:20.522+0400] {processor.py:179} INFO - Processing /home/eduardo/airflow_venv/lib/python3.10/site-packages/airflow/example_dags/example_xcomargs.py took 0.067 seconds
[2024-08-08T22:10:54.401+0400] {processor.py:157} INFO - Started process (PID=10262) to work on /home/eduardo/airflow_venv/lib/python3.10/site-packages/airflow/example_dags/example_xcomargs.py
[2024-08-08T22:10:54.403+0400] {processor.py:829} INFO - Processing file /home/eduardo/airflow_venv/lib/python3.10/site-packages/airflow/example_dags/example_xcomargs.py for tasks to queue
[2024-08-08T22:10:54.404+0400] {logging_mixin.py:151} INFO - [2024-08-08T22:10:54.403+0400] {dagbag.py:539} INFO - Filling up the DagBag from /home/eduardo/airflow_venv/lib/python3.10/site-packages/airflow/example_dags/example_xcomargs.py
[2024-08-08T22:10:54.415+0400] {processor.py:839} INFO - DAG(s) dict_keys(['example_xcom_args_with_operators', 'example_xcom_args']) retrieved from /home/eduardo/airflow_venv/lib/python3.10/site-packages/airflow/example_dags/example_xcomargs.py
[2024-08-08T22:10:54.437+0400] {logging_mixin.py:151} INFO - [2024-08-08T22:10:54.437+0400] {dag.py:2915} INFO - Sync 2 DAGs
[2024-08-08T22:10:54.458+0400] {logging_mixin.py:151} INFO - [2024-08-08T22:10:54.458+0400] {dag.py:3696} INFO - Setting next_dagrun for example_xcom_args to None, run_after=None
[2024-08-08T22:10:54.460+0400] {logging_mixin.py:151} INFO - [2024-08-08T22:10:54.460+0400] {dag.py:3696} INFO - Setting next_dagrun for example_xcom_args_with_operators to None, run_after=None
[2024-08-08T22:10:54.489+0400] {processor.py:179} INFO - Processing /home/eduardo/airflow_venv/lib/python3.10/site-packages/airflow/example_dags/example_xcomargs.py took 0.091 seconds
[2024-08-08T22:11:31.613+0400] {processor.py:157} INFO - Started process (PID=10716) to work on /home/eduardo/airflow_venv/lib/python3.10/site-packages/airflow/example_dags/example_xcomargs.py
[2024-08-08T22:11:31.615+0400] {processor.py:829} INFO - Processing file /home/eduardo/airflow_venv/lib/python3.10/site-packages/airflow/example_dags/example_xcomargs.py for tasks to queue
[2024-08-08T22:11:31.616+0400] {logging_mixin.py:151} INFO - [2024-08-08T22:11:31.616+0400] {dagbag.py:539} INFO - Filling up the DagBag from /home/eduardo/airflow_venv/lib/python3.10/site-packages/airflow/example_dags/example_xcomargs.py
[2024-08-08T22:11:31.624+0400] {processor.py:839} INFO - DAG(s) dict_keys(['example_xcom_args_with_operators', 'example_xcom_args']) retrieved from /home/eduardo/airflow_venv/lib/python3.10/site-packages/airflow/example_dags/example_xcomargs.py
[2024-08-08T22:11:31.643+0400] {logging_mixin.py:151} INFO - [2024-08-08T22:11:31.642+0400] {dag.py:2915} INFO - Sync 2 DAGs
[2024-08-08T22:11:31.654+0400] {logging_mixin.py:151} INFO - [2024-08-08T22:11:31.654+0400] {dag.py:3696} INFO - Setting next_dagrun for example_xcom_args to None, run_after=None
[2024-08-08T22:11:31.656+0400] {logging_mixin.py:151} INFO - [2024-08-08T22:11:31.656+0400] {dag.py:3696} INFO - Setting next_dagrun for example_xcom_args_with_operators to None, run_after=None
[2024-08-08T22:11:31.691+0400] {processor.py:179} INFO - Processing /home/eduardo/airflow_venv/lib/python3.10/site-packages/airflow/example_dags/example_xcomargs.py took 0.085 seconds
[2024-08-08T22:12:05.860+0400] {processor.py:157} INFO - Started process (PID=10981) to work on /home/eduardo/airflow_venv/lib/python3.10/site-packages/airflow/example_dags/example_xcomargs.py
[2024-08-08T22:12:05.863+0400] {processor.py:829} INFO - Processing file /home/eduardo/airflow_venv/lib/python3.10/site-packages/airflow/example_dags/example_xcomargs.py for tasks to queue
[2024-08-08T22:12:05.864+0400] {logging_mixin.py:151} INFO - [2024-08-08T22:12:05.863+0400] {dagbag.py:539} INFO - Filling up the DagBag from /home/eduardo/airflow_venv/lib/python3.10/site-packages/airflow/example_dags/example_xcomargs.py
[2024-08-08T22:12:05.874+0400] {processor.py:839} INFO - DAG(s) dict_keys(['example_xcom_args', 'example_xcom_args_with_operators']) retrieved from /home/eduardo/airflow_venv/lib/python3.10/site-packages/airflow/example_dags/example_xcomargs.py
[2024-08-08T22:12:05.901+0400] {logging_mixin.py:151} INFO - [2024-08-08T22:12:05.900+0400] {dag.py:2915} INFO - Sync 2 DAGs
[2024-08-08T22:12:05.914+0400] {logging_mixin.py:151} INFO - [2024-08-08T22:12:05.914+0400] {dag.py:3696} INFO - Setting next_dagrun for example_xcom_args to None, run_after=None
[2024-08-08T22:12:05.918+0400] {logging_mixin.py:151} INFO - [2024-08-08T22:12:05.918+0400] {dag.py:3696} INFO - Setting next_dagrun for example_xcom_args_with_operators to None, run_after=None
[2024-08-08T22:12:05.952+0400] {processor.py:179} INFO - Processing /home/eduardo/airflow_venv/lib/python3.10/site-packages/airflow/example_dags/example_xcomargs.py took 0.095 seconds
[2024-08-08T22:12:39.879+0400] {processor.py:157} INFO - Started process (PID=11248) to work on /home/eduardo/airflow_venv/lib/python3.10/site-packages/airflow/example_dags/example_xcomargs.py
[2024-08-08T22:12:39.882+0400] {processor.py:829} INFO - Processing file /home/eduardo/airflow_venv/lib/python3.10/site-packages/airflow/example_dags/example_xcomargs.py for tasks to queue
[2024-08-08T22:12:39.883+0400] {logging_mixin.py:151} INFO - [2024-08-08T22:12:39.883+0400] {dagbag.py:539} INFO - Filling up the DagBag from /home/eduardo/airflow_venv/lib/python3.10/site-packages/airflow/example_dags/example_xcomargs.py
[2024-08-08T22:12:39.891+0400] {processor.py:839} INFO - DAG(s) dict_keys(['example_xcom_args', 'example_xcom_args_with_operators']) retrieved from /home/eduardo/airflow_venv/lib/python3.10/site-packages/airflow/example_dags/example_xcomargs.py
[2024-08-08T22:12:39.911+0400] {logging_mixin.py:151} INFO - [2024-08-08T22:12:39.911+0400] {dag.py:2915} INFO - Sync 2 DAGs
[2024-08-08T22:12:39.921+0400] {logging_mixin.py:151} INFO - [2024-08-08T22:12:39.921+0400] {dag.py:3696} INFO - Setting next_dagrun for example_xcom_args to None, run_after=None
[2024-08-08T22:12:39.923+0400] {logging_mixin.py:151} INFO - [2024-08-08T22:12:39.923+0400] {dag.py:3696} INFO - Setting next_dagrun for example_xcom_args_with_operators to None, run_after=None
[2024-08-08T22:12:39.955+0400] {processor.py:179} INFO - Processing /home/eduardo/airflow_venv/lib/python3.10/site-packages/airflow/example_dags/example_xcomargs.py took 0.079 seconds
[2024-08-08T22:13:25.758+0400] {processor.py:157} INFO - Started process (PID=11623) to work on /home/eduardo/airflow_venv/lib/python3.10/site-packages/airflow/example_dags/example_xcomargs.py
[2024-08-08T22:13:25.762+0400] {processor.py:829} INFO - Processing file /home/eduardo/airflow_venv/lib/python3.10/site-packages/airflow/example_dags/example_xcomargs.py for tasks to queue
[2024-08-08T22:13:25.763+0400] {logging_mixin.py:151} INFO - [2024-08-08T22:13:25.763+0400] {dagbag.py:539} INFO - Filling up the DagBag from /home/eduardo/airflow_venv/lib/python3.10/site-packages/airflow/example_dags/example_xcomargs.py
[2024-08-08T22:13:25.778+0400] {processor.py:839} INFO - DAG(s) dict_keys(['example_xcom_args', 'example_xcom_args_with_operators']) retrieved from /home/eduardo/airflow_venv/lib/python3.10/site-packages/airflow/example_dags/example_xcomargs.py
[2024-08-08T22:13:25.808+0400] {logging_mixin.py:151} INFO - [2024-08-08T22:13:25.808+0400] {dag.py:2915} INFO - Sync 2 DAGs
[2024-08-08T22:13:25.827+0400] {logging_mixin.py:151} INFO - [2024-08-08T22:13:25.827+0400] {dag.py:3696} INFO - Setting next_dagrun for example_xcom_args to None, run_after=None
[2024-08-08T22:13:25.831+0400] {logging_mixin.py:151} INFO - [2024-08-08T22:13:25.830+0400] {dag.py:3696} INFO - Setting next_dagrun for example_xcom_args_with_operators to None, run_after=None
[2024-08-08T22:13:25.865+0400] {processor.py:179} INFO - Processing /home/eduardo/airflow_venv/lib/python3.10/site-packages/airflow/example_dags/example_xcomargs.py took 0.113 seconds
[2024-08-08T22:14:09.528+0400] {processor.py:157} INFO - Started process (PID=12132) to work on /home/eduardo/airflow_venv/lib/python3.10/site-packages/airflow/example_dags/example_xcomargs.py
[2024-08-08T22:14:09.532+0400] {processor.py:829} INFO - Processing file /home/eduardo/airflow_venv/lib/python3.10/site-packages/airflow/example_dags/example_xcomargs.py for tasks to queue
[2024-08-08T22:14:09.533+0400] {logging_mixin.py:151} INFO - [2024-08-08T22:14:09.532+0400] {dagbag.py:539} INFO - Filling up the DagBag from /home/eduardo/airflow_venv/lib/python3.10/site-packages/airflow/example_dags/example_xcomargs.py
[2024-08-08T22:14:09.555+0400] {processor.py:839} INFO - DAG(s) dict_keys(['example_xcom_args_with_operators', 'example_xcom_args']) retrieved from /home/eduardo/airflow_venv/lib/python3.10/site-packages/airflow/example_dags/example_xcomargs.py
[2024-08-08T22:14:09.602+0400] {logging_mixin.py:151} INFO - [2024-08-08T22:14:09.602+0400] {dag.py:2915} INFO - Sync 2 DAGs
[2024-08-08T22:14:09.627+0400] {logging_mixin.py:151} INFO - [2024-08-08T22:14:09.626+0400] {dag.py:3696} INFO - Setting next_dagrun for example_xcom_args to None, run_after=None
[2024-08-08T22:14:09.634+0400] {logging_mixin.py:151} INFO - [2024-08-08T22:14:09.634+0400] {dag.py:3696} INFO - Setting next_dagrun for example_xcom_args_with_operators to None, run_after=None
[2024-08-08T22:14:09.682+0400] {processor.py:179} INFO - Processing /home/eduardo/airflow_venv/lib/python3.10/site-packages/airflow/example_dags/example_xcomargs.py took 0.162 seconds
[2024-08-08T22:14:44.913+0400] {processor.py:157} INFO - Started process (PID=12503) to work on /home/eduardo/airflow_venv/lib/python3.10/site-packages/airflow/example_dags/example_xcomargs.py
[2024-08-08T22:14:44.916+0400] {processor.py:829} INFO - Processing file /home/eduardo/airflow_venv/lib/python3.10/site-packages/airflow/example_dags/example_xcomargs.py for tasks to queue
[2024-08-08T22:14:44.918+0400] {logging_mixin.py:151} INFO - [2024-08-08T22:14:44.917+0400] {dagbag.py:539} INFO - Filling up the DagBag from /home/eduardo/airflow_venv/lib/python3.10/site-packages/airflow/example_dags/example_xcomargs.py
[2024-08-08T22:14:44.937+0400] {processor.py:839} INFO - DAG(s) dict_keys(['example_xcom_args', 'example_xcom_args_with_operators']) retrieved from /home/eduardo/airflow_venv/lib/python3.10/site-packages/airflow/example_dags/example_xcomargs.py
[2024-08-08T22:14:44.974+0400] {logging_mixin.py:151} INFO - [2024-08-08T22:14:44.973+0400] {dag.py:2915} INFO - Sync 2 DAGs
[2024-08-08T22:14:44.990+0400] {logging_mixin.py:151} INFO - [2024-08-08T22:14:44.990+0400] {dag.py:3696} INFO - Setting next_dagrun for example_xcom_args to None, run_after=None
[2024-08-08T22:14:44.995+0400] {logging_mixin.py:151} INFO - [2024-08-08T22:14:44.995+0400] {dag.py:3696} INFO - Setting next_dagrun for example_xcom_args_with_operators to None, run_after=None
[2024-08-08T22:14:45.040+0400] {processor.py:179} INFO - Processing /home/eduardo/airflow_venv/lib/python3.10/site-packages/airflow/example_dags/example_xcomargs.py took 0.132 seconds
[2024-08-08T22:15:18.569+0400] {processor.py:157} INFO - Started process (PID=12766) to work on /home/eduardo/airflow_venv/lib/python3.10/site-packages/airflow/example_dags/example_xcomargs.py
[2024-08-08T22:15:18.570+0400] {processor.py:829} INFO - Processing file /home/eduardo/airflow_venv/lib/python3.10/site-packages/airflow/example_dags/example_xcomargs.py for tasks to queue
[2024-08-08T22:15:18.571+0400] {logging_mixin.py:151} INFO - [2024-08-08T22:15:18.571+0400] {dagbag.py:539} INFO - Filling up the DagBag from /home/eduardo/airflow_venv/lib/python3.10/site-packages/airflow/example_dags/example_xcomargs.py
[2024-08-08T22:15:18.578+0400] {processor.py:839} INFO - DAG(s) dict_keys(['example_xcom_args_with_operators', 'example_xcom_args']) retrieved from /home/eduardo/airflow_venv/lib/python3.10/site-packages/airflow/example_dags/example_xcomargs.py
[2024-08-08T22:15:18.594+0400] {logging_mixin.py:151} INFO - [2024-08-08T22:15:18.593+0400] {dag.py:2915} INFO - Sync 2 DAGs
[2024-08-08T22:15:18.602+0400] {logging_mixin.py:151} INFO - [2024-08-08T22:15:18.602+0400] {dag.py:3696} INFO - Setting next_dagrun for example_xcom_args to None, run_after=None
[2024-08-08T22:15:18.605+0400] {logging_mixin.py:151} INFO - [2024-08-08T22:15:18.604+0400] {dag.py:3696} INFO - Setting next_dagrun for example_xcom_args_with_operators to None, run_after=None
[2024-08-08T22:15:18.632+0400] {processor.py:179} INFO - Processing /home/eduardo/airflow_venv/lib/python3.10/site-packages/airflow/example_dags/example_xcomargs.py took 0.066 seconds
[2024-08-08T22:15:53.942+0400] {processor.py:157} INFO - Started process (PID=13130) to work on /home/eduardo/airflow_venv/lib/python3.10/site-packages/airflow/example_dags/example_xcomargs.py
[2024-08-08T22:15:53.945+0400] {processor.py:829} INFO - Processing file /home/eduardo/airflow_venv/lib/python3.10/site-packages/airflow/example_dags/example_xcomargs.py for tasks to queue
[2024-08-08T22:15:53.945+0400] {logging_mixin.py:151} INFO - [2024-08-08T22:15:53.945+0400] {dagbag.py:539} INFO - Filling up the DagBag from /home/eduardo/airflow_venv/lib/python3.10/site-packages/airflow/example_dags/example_xcomargs.py
[2024-08-08T22:15:53.953+0400] {processor.py:839} INFO - DAG(s) dict_keys(['example_xcom_args', 'example_xcom_args_with_operators']) retrieved from /home/eduardo/airflow_venv/lib/python3.10/site-packages/airflow/example_dags/example_xcomargs.py
[2024-08-08T22:15:53.972+0400] {logging_mixin.py:151} INFO - [2024-08-08T22:15:53.972+0400] {dag.py:2915} INFO - Sync 2 DAGs
[2024-08-08T22:15:53.981+0400] {logging_mixin.py:151} INFO - [2024-08-08T22:15:53.980+0400] {dag.py:3696} INFO - Setting next_dagrun for example_xcom_args to None, run_after=None
[2024-08-08T22:15:53.983+0400] {logging_mixin.py:151} INFO - [2024-08-08T22:15:53.983+0400] {dag.py:3696} INFO - Setting next_dagrun for example_xcom_args_with_operators to None, run_after=None
[2024-08-08T22:15:54.013+0400] {processor.py:179} INFO - Processing /home/eduardo/airflow_venv/lib/python3.10/site-packages/airflow/example_dags/example_xcomargs.py took 0.074 seconds
[2024-08-08T22:16:26.619+0400] {processor.py:157} INFO - Started process (PID=13379) to work on /home/eduardo/airflow_venv/lib/python3.10/site-packages/airflow/example_dags/example_xcomargs.py
[2024-08-08T22:16:26.621+0400] {processor.py:829} INFO - Processing file /home/eduardo/airflow_venv/lib/python3.10/site-packages/airflow/example_dags/example_xcomargs.py for tasks to queue
[2024-08-08T22:16:26.622+0400] {logging_mixin.py:151} INFO - [2024-08-08T22:16:26.622+0400] {dagbag.py:539} INFO - Filling up the DagBag from /home/eduardo/airflow_venv/lib/python3.10/site-packages/airflow/example_dags/example_xcomargs.py
[2024-08-08T22:16:26.634+0400] {processor.py:839} INFO - DAG(s) dict_keys(['example_xcom_args', 'example_xcom_args_with_operators']) retrieved from /home/eduardo/airflow_venv/lib/python3.10/site-packages/airflow/example_dags/example_xcomargs.py
[2024-08-08T22:16:26.661+0400] {logging_mixin.py:151} INFO - [2024-08-08T22:16:26.661+0400] {dag.py:2915} INFO - Sync 2 DAGs
[2024-08-08T22:16:26.674+0400] {logging_mixin.py:151} INFO - [2024-08-08T22:16:26.674+0400] {dag.py:3696} INFO - Setting next_dagrun for example_xcom_args to None, run_after=None
[2024-08-08T22:16:26.677+0400] {logging_mixin.py:151} INFO - [2024-08-08T22:16:26.677+0400] {dag.py:3696} INFO - Setting next_dagrun for example_xcom_args_with_operators to None, run_after=None
[2024-08-08T22:16:26.706+0400] {processor.py:179} INFO - Processing /home/eduardo/airflow_venv/lib/python3.10/site-packages/airflow/example_dags/example_xcomargs.py took 0.091 seconds
[2024-08-08T22:17:01.374+0400] {processor.py:157} INFO - Started process (PID=13823) to work on /home/eduardo/airflow_venv/lib/python3.10/site-packages/airflow/example_dags/example_xcomargs.py
[2024-08-08T22:17:01.375+0400] {processor.py:829} INFO - Processing file /home/eduardo/airflow_venv/lib/python3.10/site-packages/airflow/example_dags/example_xcomargs.py for tasks to queue
[2024-08-08T22:17:01.375+0400] {logging_mixin.py:151} INFO - [2024-08-08T22:17:01.375+0400] {dagbag.py:539} INFO - Filling up the DagBag from /home/eduardo/airflow_venv/lib/python3.10/site-packages/airflow/example_dags/example_xcomargs.py
[2024-08-08T22:17:01.383+0400] {processor.py:839} INFO - DAG(s) dict_keys(['example_xcom_args', 'example_xcom_args_with_operators']) retrieved from /home/eduardo/airflow_venv/lib/python3.10/site-packages/airflow/example_dags/example_xcomargs.py
[2024-08-08T22:17:01.398+0400] {logging_mixin.py:151} INFO - [2024-08-08T22:17:01.398+0400] {dag.py:2915} INFO - Sync 2 DAGs
[2024-08-08T22:17:01.408+0400] {logging_mixin.py:151} INFO - [2024-08-08T22:17:01.408+0400] {dag.py:3696} INFO - Setting next_dagrun for example_xcom_args to None, run_after=None
[2024-08-08T22:17:01.410+0400] {logging_mixin.py:151} INFO - [2024-08-08T22:17:01.410+0400] {dag.py:3696} INFO - Setting next_dagrun for example_xcom_args_with_operators to None, run_after=None
[2024-08-08T22:17:01.440+0400] {processor.py:179} INFO - Processing /home/eduardo/airflow_venv/lib/python3.10/site-packages/airflow/example_dags/example_xcomargs.py took 0.070 seconds
[2024-08-08T22:17:37.753+0400] {processor.py:157} INFO - Started process (PID=14135) to work on /home/eduardo/airflow_venv/lib/python3.10/site-packages/airflow/example_dags/example_xcomargs.py
[2024-08-08T22:17:37.756+0400] {processor.py:829} INFO - Processing file /home/eduardo/airflow_venv/lib/python3.10/site-packages/airflow/example_dags/example_xcomargs.py for tasks to queue
[2024-08-08T22:17:37.758+0400] {logging_mixin.py:151} INFO - [2024-08-08T22:17:37.757+0400] {dagbag.py:539} INFO - Filling up the DagBag from /home/eduardo/airflow_venv/lib/python3.10/site-packages/airflow/example_dags/example_xcomargs.py
[2024-08-08T22:17:37.772+0400] {processor.py:839} INFO - DAG(s) dict_keys(['example_xcom_args_with_operators', 'example_xcom_args']) retrieved from /home/eduardo/airflow_venv/lib/python3.10/site-packages/airflow/example_dags/example_xcomargs.py
[2024-08-08T22:17:37.797+0400] {logging_mixin.py:151} INFO - [2024-08-08T22:17:37.797+0400] {dag.py:2915} INFO - Sync 2 DAGs
[2024-08-08T22:17:37.811+0400] {logging_mixin.py:151} INFO - [2024-08-08T22:17:37.811+0400] {dag.py:3696} INFO - Setting next_dagrun for example_xcom_args to None, run_after=None
[2024-08-08T22:17:37.815+0400] {logging_mixin.py:151} INFO - [2024-08-08T22:17:37.814+0400] {dag.py:3696} INFO - Setting next_dagrun for example_xcom_args_with_operators to None, run_after=None
[2024-08-08T22:17:37.847+0400] {processor.py:179} INFO - Processing /home/eduardo/airflow_venv/lib/python3.10/site-packages/airflow/example_dags/example_xcomargs.py took 0.099 seconds
[2024-08-08T22:18:12.886+0400] {processor.py:157} INFO - Started process (PID=14408) to work on /home/eduardo/airflow_venv/lib/python3.10/site-packages/airflow/example_dags/example_xcomargs.py
[2024-08-08T22:18:12.889+0400] {processor.py:829} INFO - Processing file /home/eduardo/airflow_venv/lib/python3.10/site-packages/airflow/example_dags/example_xcomargs.py for tasks to queue
[2024-08-08T22:18:12.890+0400] {logging_mixin.py:151} INFO - [2024-08-08T22:18:12.890+0400] {dagbag.py:539} INFO - Filling up the DagBag from /home/eduardo/airflow_venv/lib/python3.10/site-packages/airflow/example_dags/example_xcomargs.py
[2024-08-08T22:18:12.901+0400] {processor.py:839} INFO - DAG(s) dict_keys(['example_xcom_args', 'example_xcom_args_with_operators']) retrieved from /home/eduardo/airflow_venv/lib/python3.10/site-packages/airflow/example_dags/example_xcomargs.py
[2024-08-08T22:18:12.924+0400] {logging_mixin.py:151} INFO - [2024-08-08T22:18:12.924+0400] {dag.py:2915} INFO - Sync 2 DAGs
[2024-08-08T22:18:12.937+0400] {logging_mixin.py:151} INFO - [2024-08-08T22:18:12.936+0400] {dag.py:3696} INFO - Setting next_dagrun for example_xcom_args to None, run_after=None
[2024-08-08T22:18:12.939+0400] {logging_mixin.py:151} INFO - [2024-08-08T22:18:12.939+0400] {dag.py:3696} INFO - Setting next_dagrun for example_xcom_args_with_operators to None, run_after=None
[2024-08-08T22:18:12.971+0400] {processor.py:179} INFO - Processing /home/eduardo/airflow_venv/lib/python3.10/site-packages/airflow/example_dags/example_xcomargs.py took 0.088 seconds
[2024-08-08T22:18:48.221+0400] {processor.py:157} INFO - Started process (PID=14683) to work on /home/eduardo/airflow_venv/lib/python3.10/site-packages/airflow/example_dags/example_xcomargs.py
[2024-08-08T22:18:48.224+0400] {processor.py:829} INFO - Processing file /home/eduardo/airflow_venv/lib/python3.10/site-packages/airflow/example_dags/example_xcomargs.py for tasks to queue
[2024-08-08T22:18:48.226+0400] {logging_mixin.py:151} INFO - [2024-08-08T22:18:48.225+0400] {dagbag.py:539} INFO - Filling up the DagBag from /home/eduardo/airflow_venv/lib/python3.10/site-packages/airflow/example_dags/example_xcomargs.py
[2024-08-08T22:18:48.235+0400] {processor.py:839} INFO - DAG(s) dict_keys(['example_xcom_args', 'example_xcom_args_with_operators']) retrieved from /home/eduardo/airflow_venv/lib/python3.10/site-packages/airflow/example_dags/example_xcomargs.py
[2024-08-08T22:18:48.257+0400] {logging_mixin.py:151} INFO - [2024-08-08T22:18:48.257+0400] {dag.py:2915} INFO - Sync 2 DAGs
[2024-08-08T22:18:48.273+0400] {logging_mixin.py:151} INFO - [2024-08-08T22:18:48.273+0400] {dag.py:3696} INFO - Setting next_dagrun for example_xcom_args to None, run_after=None
[2024-08-08T22:18:48.277+0400] {logging_mixin.py:151} INFO - [2024-08-08T22:18:48.277+0400] {dag.py:3696} INFO - Setting next_dagrun for example_xcom_args_with_operators to None, run_after=None
[2024-08-08T22:18:48.316+0400] {processor.py:179} INFO - Processing /home/eduardo/airflow_venv/lib/python3.10/site-packages/airflow/example_dags/example_xcomargs.py took 0.098 seconds
[2024-08-08T22:19:25.487+0400] {processor.py:157} INFO - Started process (PID=14975) to work on /home/eduardo/airflow_venv/lib/python3.10/site-packages/airflow/example_dags/example_xcomargs.py
[2024-08-08T22:19:25.491+0400] {processor.py:829} INFO - Processing file /home/eduardo/airflow_venv/lib/python3.10/site-packages/airflow/example_dags/example_xcomargs.py for tasks to queue
[2024-08-08T22:19:25.492+0400] {logging_mixin.py:151} INFO - [2024-08-08T22:19:25.491+0400] {dagbag.py:539} INFO - Filling up the DagBag from /home/eduardo/airflow_venv/lib/python3.10/site-packages/airflow/example_dags/example_xcomargs.py
[2024-08-08T22:19:25.501+0400] {processor.py:839} INFO - DAG(s) dict_keys(['example_xcom_args_with_operators', 'example_xcom_args']) retrieved from /home/eduardo/airflow_venv/lib/python3.10/site-packages/airflow/example_dags/example_xcomargs.py
[2024-08-08T22:19:25.524+0400] {logging_mixin.py:151} INFO - [2024-08-08T22:19:25.524+0400] {dag.py:2915} INFO - Sync 2 DAGs
[2024-08-08T22:19:25.535+0400] {logging_mixin.py:151} INFO - [2024-08-08T22:19:25.535+0400] {dag.py:3696} INFO - Setting next_dagrun for example_xcom_args to None, run_after=None
[2024-08-08T22:19:25.540+0400] {logging_mixin.py:151} INFO - [2024-08-08T22:19:25.540+0400] {dag.py:3696} INFO - Setting next_dagrun for example_xcom_args_with_operators to None, run_after=None
[2024-08-08T22:19:25.572+0400] {processor.py:179} INFO - Processing /home/eduardo/airflow_venv/lib/python3.10/site-packages/airflow/example_dags/example_xcomargs.py took 0.089 seconds
[2024-08-08T22:20:13.637+0400] {processor.py:157} INFO - Started process (PID=15375) to work on /home/eduardo/airflow_venv/lib/python3.10/site-packages/airflow/example_dags/example_xcomargs.py
[2024-08-08T22:20:13.640+0400] {processor.py:829} INFO - Processing file /home/eduardo/airflow_venv/lib/python3.10/site-packages/airflow/example_dags/example_xcomargs.py for tasks to queue
[2024-08-08T22:20:13.641+0400] {logging_mixin.py:151} INFO - [2024-08-08T22:20:13.640+0400] {dagbag.py:539} INFO - Filling up the DagBag from /home/eduardo/airflow_venv/lib/python3.10/site-packages/airflow/example_dags/example_xcomargs.py
[2024-08-08T22:20:13.649+0400] {processor.py:839} INFO - DAG(s) dict_keys(['example_xcom_args', 'example_xcom_args_with_operators']) retrieved from /home/eduardo/airflow_venv/lib/python3.10/site-packages/airflow/example_dags/example_xcomargs.py
[2024-08-08T22:20:13.669+0400] {logging_mixin.py:151} INFO - [2024-08-08T22:20:13.669+0400] {dag.py:2915} INFO - Sync 2 DAGs
[2024-08-08T22:20:13.684+0400] {logging_mixin.py:151} INFO - [2024-08-08T22:20:13.683+0400] {dag.py:3696} INFO - Setting next_dagrun for example_xcom_args to None, run_after=None
[2024-08-08T22:20:13.687+0400] {logging_mixin.py:151} INFO - [2024-08-08T22:20:13.687+0400] {dag.py:3696} INFO - Setting next_dagrun for example_xcom_args_with_operators to None, run_after=None
[2024-08-08T22:20:13.715+0400] {processor.py:179} INFO - Processing /home/eduardo/airflow_venv/lib/python3.10/site-packages/airflow/example_dags/example_xcomargs.py took 0.082 seconds
[2024-08-08T22:20:49.448+0400] {processor.py:157} INFO - Started process (PID=15664) to work on /home/eduardo/airflow_venv/lib/python3.10/site-packages/airflow/example_dags/example_xcomargs.py
[2024-08-08T22:20:49.452+0400] {processor.py:829} INFO - Processing file /home/eduardo/airflow_venv/lib/python3.10/site-packages/airflow/example_dags/example_xcomargs.py for tasks to queue
[2024-08-08T22:20:49.453+0400] {logging_mixin.py:151} INFO - [2024-08-08T22:20:49.452+0400] {dagbag.py:539} INFO - Filling up the DagBag from /home/eduardo/airflow_venv/lib/python3.10/site-packages/airflow/example_dags/example_xcomargs.py
[2024-08-08T22:20:49.464+0400] {processor.py:839} INFO - DAG(s) dict_keys(['example_xcom_args', 'example_xcom_args_with_operators']) retrieved from /home/eduardo/airflow_venv/lib/python3.10/site-packages/airflow/example_dags/example_xcomargs.py
[2024-08-08T22:20:49.484+0400] {logging_mixin.py:151} INFO - [2024-08-08T22:20:49.484+0400] {dag.py:2915} INFO - Sync 2 DAGs
[2024-08-08T22:20:49.497+0400] {logging_mixin.py:151} INFO - [2024-08-08T22:20:49.497+0400] {dag.py:3696} INFO - Setting next_dagrun for example_xcom_args to None, run_after=None
[2024-08-08T22:20:49.499+0400] {logging_mixin.py:151} INFO - [2024-08-08T22:20:49.499+0400] {dag.py:3696} INFO - Setting next_dagrun for example_xcom_args_with_operators to None, run_after=None
[2024-08-08T22:20:49.537+0400] {processor.py:179} INFO - Processing /home/eduardo/airflow_venv/lib/python3.10/site-packages/airflow/example_dags/example_xcomargs.py took 0.095 seconds
[2024-08-08T22:21:22.059+0400] {processor.py:157} INFO - Started process (PID=15999) to work on /home/eduardo/airflow_venv/lib/python3.10/site-packages/airflow/example_dags/example_xcomargs.py
[2024-08-08T22:21:22.060+0400] {processor.py:829} INFO - Processing file /home/eduardo/airflow_venv/lib/python3.10/site-packages/airflow/example_dags/example_xcomargs.py for tasks to queue
[2024-08-08T22:21:22.061+0400] {logging_mixin.py:151} INFO - [2024-08-08T22:21:22.061+0400] {dagbag.py:539} INFO - Filling up the DagBag from /home/eduardo/airflow_venv/lib/python3.10/site-packages/airflow/example_dags/example_xcomargs.py
[2024-08-08T22:21:22.069+0400] {processor.py:839} INFO - DAG(s) dict_keys(['example_xcom_args_with_operators', 'example_xcom_args']) retrieved from /home/eduardo/airflow_venv/lib/python3.10/site-packages/airflow/example_dags/example_xcomargs.py
[2024-08-08T22:21:22.090+0400] {logging_mixin.py:151} INFO - [2024-08-08T22:21:22.089+0400] {dag.py:2915} INFO - Sync 2 DAGs
[2024-08-08T22:21:22.101+0400] {logging_mixin.py:151} INFO - [2024-08-08T22:21:22.101+0400] {dag.py:3696} INFO - Setting next_dagrun for example_xcom_args to None, run_after=None
[2024-08-08T22:21:22.103+0400] {logging_mixin.py:151} INFO - [2024-08-08T22:21:22.103+0400] {dag.py:3696} INFO - Setting next_dagrun for example_xcom_args_with_operators to None, run_after=None
[2024-08-08T22:21:22.130+0400] {processor.py:179} INFO - Processing /home/eduardo/airflow_venv/lib/python3.10/site-packages/airflow/example_dags/example_xcomargs.py took 0.074 seconds
[2024-08-08T22:21:59.242+0400] {processor.py:157} INFO - Started process (PID=16319) to work on /home/eduardo/airflow_venv/lib/python3.10/site-packages/airflow/example_dags/example_xcomargs.py
[2024-08-08T22:21:59.245+0400] {processor.py:829} INFO - Processing file /home/eduardo/airflow_venv/lib/python3.10/site-packages/airflow/example_dags/example_xcomargs.py for tasks to queue
[2024-08-08T22:21:59.246+0400] {logging_mixin.py:151} INFO - [2024-08-08T22:21:59.245+0400] {dagbag.py:539} INFO - Filling up the DagBag from /home/eduardo/airflow_venv/lib/python3.10/site-packages/airflow/example_dags/example_xcomargs.py
[2024-08-08T22:21:59.252+0400] {processor.py:839} INFO - DAG(s) dict_keys(['example_xcom_args', 'example_xcom_args_with_operators']) retrieved from /home/eduardo/airflow_venv/lib/python3.10/site-packages/airflow/example_dags/example_xcomargs.py
[2024-08-08T22:21:59.269+0400] {logging_mixin.py:151} INFO - [2024-08-08T22:21:59.269+0400] {dag.py:2915} INFO - Sync 2 DAGs
[2024-08-08T22:21:59.277+0400] {logging_mixin.py:151} INFO - [2024-08-08T22:21:59.277+0400] {dag.py:3696} INFO - Setting next_dagrun for example_xcom_args to None, run_after=None
[2024-08-08T22:21:59.279+0400] {logging_mixin.py:151} INFO - [2024-08-08T22:21:59.279+0400] {dag.py:3696} INFO - Setting next_dagrun for example_xcom_args_with_operators to None, run_after=None
[2024-08-08T22:21:59.310+0400] {processor.py:179} INFO - Processing /home/eduardo/airflow_venv/lib/python3.10/site-packages/airflow/example_dags/example_xcomargs.py took 0.070 seconds
[2024-08-08T22:22:33.015+0400] {processor.py:157} INFO - Started process (PID=16580) to work on /home/eduardo/airflow_venv/lib/python3.10/site-packages/airflow/example_dags/example_xcomargs.py
[2024-08-08T22:22:33.018+0400] {processor.py:829} INFO - Processing file /home/eduardo/airflow_venv/lib/python3.10/site-packages/airflow/example_dags/example_xcomargs.py for tasks to queue
[2024-08-08T22:22:33.019+0400] {logging_mixin.py:151} INFO - [2024-08-08T22:22:33.018+0400] {dagbag.py:539} INFO - Filling up the DagBag from /home/eduardo/airflow_venv/lib/python3.10/site-packages/airflow/example_dags/example_xcomargs.py
[2024-08-08T22:22:33.025+0400] {processor.py:839} INFO - DAG(s) dict_keys(['example_xcom_args', 'example_xcom_args_with_operators']) retrieved from /home/eduardo/airflow_venv/lib/python3.10/site-packages/airflow/example_dags/example_xcomargs.py
[2024-08-08T22:22:33.040+0400] {logging_mixin.py:151} INFO - [2024-08-08T22:22:33.039+0400] {dag.py:2915} INFO - Sync 2 DAGs
[2024-08-08T22:22:33.048+0400] {logging_mixin.py:151} INFO - [2024-08-08T22:22:33.048+0400] {dag.py:3696} INFO - Setting next_dagrun for example_xcom_args to None, run_after=None
[2024-08-08T22:22:33.050+0400] {logging_mixin.py:151} INFO - [2024-08-08T22:22:33.050+0400] {dag.py:3696} INFO - Setting next_dagrun for example_xcom_args_with_operators to None, run_after=None
[2024-08-08T22:22:33.078+0400] {processor.py:179} INFO - Processing /home/eduardo/airflow_venv/lib/python3.10/site-packages/airflow/example_dags/example_xcomargs.py took 0.066 seconds
[2024-08-08T22:23:05.578+0400] {processor.py:157} INFO - Started process (PID=16831) to work on /home/eduardo/airflow_venv/lib/python3.10/site-packages/airflow/example_dags/example_xcomargs.py
[2024-08-08T22:23:05.582+0400] {processor.py:829} INFO - Processing file /home/eduardo/airflow_venv/lib/python3.10/site-packages/airflow/example_dags/example_xcomargs.py for tasks to queue
[2024-08-08T22:23:05.583+0400] {logging_mixin.py:151} INFO - [2024-08-08T22:23:05.582+0400] {dagbag.py:539} INFO - Filling up the DagBag from /home/eduardo/airflow_venv/lib/python3.10/site-packages/airflow/example_dags/example_xcomargs.py
[2024-08-08T22:23:05.590+0400] {processor.py:839} INFO - DAG(s) dict_keys(['example_xcom_args_with_operators', 'example_xcom_args']) retrieved from /home/eduardo/airflow_venv/lib/python3.10/site-packages/airflow/example_dags/example_xcomargs.py
[2024-08-08T22:23:05.605+0400] {logging_mixin.py:151} INFO - [2024-08-08T22:23:05.605+0400] {dag.py:2915} INFO - Sync 2 DAGs
[2024-08-08T22:23:05.613+0400] {logging_mixin.py:151} INFO - [2024-08-08T22:23:05.613+0400] {dag.py:3696} INFO - Setting next_dagrun for example_xcom_args to None, run_after=None
[2024-08-08T22:23:05.615+0400] {logging_mixin.py:151} INFO - [2024-08-08T22:23:05.615+0400] {dag.py:3696} INFO - Setting next_dagrun for example_xcom_args_with_operators to None, run_after=None
[2024-08-08T22:23:05.640+0400] {processor.py:179} INFO - Processing /home/eduardo/airflow_venv/lib/python3.10/site-packages/airflow/example_dags/example_xcomargs.py took 0.068 seconds
