[2024-08-08T20:19:02.679+0400] {processor.py:157} INFO - Started process (PID=6847) to work on /home/eduardo/airflow_venv/lib/python3.10/site-packages/airflow/example_dags/example_branch_operator_decorator.py
[2024-08-08T20:19:02.680+0400] {processor.py:829} INFO - Processing file /home/eduardo/airflow_venv/lib/python3.10/site-packages/airflow/example_dags/example_branch_operator_decorator.py for tasks to queue
[2024-08-08T20:19:02.680+0400] {logging_mixin.py:151} INFO - [2024-08-08T20:19:02.680+0400] {dagbag.py:539} INFO - Filling up the DagBag from /home/eduardo/airflow_venv/lib/python3.10/site-packages/airflow/example_dags/example_branch_operator_decorator.py
[2024-08-08T20:19:02.687+0400] {processor.py:839} INFO - DAG(s) dict_keys(['example_branch_python_operator_decorator']) retrieved from /home/eduardo/airflow_venv/lib/python3.10/site-packages/airflow/example_dags/example_branch_operator_decorator.py
[2024-08-08T20:19:02.777+0400] {logging_mixin.py:151} INFO - [2024-08-08T20:19:02.776+0400] {manager.py:499} INFO - Created Permission View: %s
[2024-08-08T20:19:02.795+0400] {logging_mixin.py:151} INFO - [2024-08-08T20:19:02.795+0400] {manager.py:499} INFO - Created Permission View: %s
[2024-08-08T20:19:02.812+0400] {logging_mixin.py:151} INFO - [2024-08-08T20:19:02.812+0400] {manager.py:499} INFO - Created Permission View: %s
[2024-08-08T20:19:02.813+0400] {logging_mixin.py:151} INFO - [2024-08-08T20:19:02.813+0400] {security.py:708} INFO - Not syncing DAG-level permissions for DAG 'DAG:example_branch_python_operator_decorator' as access control is unset.
[2024-08-08T20:19:02.813+0400] {logging_mixin.py:151} INFO - [2024-08-08T20:19:02.813+0400] {dag.py:2915} INFO - Sync 1 DAGs
[2024-08-08T20:19:02.819+0400] {logging_mixin.py:151} INFO - [2024-08-08T20:19:02.818+0400] {dag.py:2937} INFO - Creating ORM DAG for example_branch_python_operator_decorator
[2024-08-08T20:19:02.825+0400] {logging_mixin.py:151} INFO - [2024-08-08T20:19:02.825+0400] {dag.py:3696} INFO - Setting next_dagrun for example_branch_python_operator_decorator to 2024-08-07T00:00:00+00:00, run_after=2024-08-08T00:00:00+00:00
[2024-08-08T20:19:02.866+0400] {processor.py:179} INFO - Processing /home/eduardo/airflow_venv/lib/python3.10/site-packages/airflow/example_dags/example_branch_operator_decorator.py took 0.189 seconds
[2024-08-08T20:19:56.545+0400] {processor.py:157} INFO - Started process (PID=6903) to work on /home/eduardo/airflow_venv/lib/python3.10/site-packages/airflow/example_dags/example_branch_operator_decorator.py
[2024-08-08T20:19:56.546+0400] {processor.py:829} INFO - Processing file /home/eduardo/airflow_venv/lib/python3.10/site-packages/airflow/example_dags/example_branch_operator_decorator.py for tasks to queue
[2024-08-08T20:19:56.547+0400] {logging_mixin.py:151} INFO - [2024-08-08T20:19:56.546+0400] {dagbag.py:539} INFO - Filling up the DagBag from /home/eduardo/airflow_venv/lib/python3.10/site-packages/airflow/example_dags/example_branch_operator_decorator.py
[2024-08-08T20:19:56.553+0400] {processor.py:839} INFO - DAG(s) dict_keys(['example_branch_python_operator_decorator']) retrieved from /home/eduardo/airflow_venv/lib/python3.10/site-packages/airflow/example_dags/example_branch_operator_decorator.py
[2024-08-08T20:19:56.565+0400] {logging_mixin.py:151} INFO - [2024-08-08T20:19:56.565+0400] {dag.py:2915} INFO - Sync 1 DAGs
[2024-08-08T20:19:56.580+0400] {logging_mixin.py:151} INFO - [2024-08-08T20:19:56.579+0400] {dag.py:3696} INFO - Setting next_dagrun for example_branch_python_operator_decorator to 2024-08-07T00:00:00+00:00, run_after=2024-08-08T00:00:00+00:00
[2024-08-08T20:19:56.607+0400] {processor.py:179} INFO - Processing /home/eduardo/airflow_venv/lib/python3.10/site-packages/airflow/example_dags/example_branch_operator_decorator.py took 0.064 seconds
[2024-08-08T20:20:47.667+0400] {processor.py:157} INFO - Started process (PID=6959) to work on /home/eduardo/airflow_venv/lib/python3.10/site-packages/airflow/example_dags/example_branch_operator_decorator.py
[2024-08-08T20:20:47.669+0400] {processor.py:829} INFO - Processing file /home/eduardo/airflow_venv/lib/python3.10/site-packages/airflow/example_dags/example_branch_operator_decorator.py for tasks to queue
[2024-08-08T20:20:47.670+0400] {logging_mixin.py:151} INFO - [2024-08-08T20:20:47.669+0400] {dagbag.py:539} INFO - Filling up the DagBag from /home/eduardo/airflow_venv/lib/python3.10/site-packages/airflow/example_dags/example_branch_operator_decorator.py
[2024-08-08T20:20:47.676+0400] {processor.py:839} INFO - DAG(s) dict_keys(['example_branch_python_operator_decorator']) retrieved from /home/eduardo/airflow_venv/lib/python3.10/site-packages/airflow/example_dags/example_branch_operator_decorator.py
[2024-08-08T20:20:47.691+0400] {logging_mixin.py:151} INFO - [2024-08-08T20:20:47.690+0400] {dag.py:2915} INFO - Sync 1 DAGs
[2024-08-08T20:20:47.706+0400] {logging_mixin.py:151} INFO - [2024-08-08T20:20:47.706+0400] {dag.py:3696} INFO - Setting next_dagrun for example_branch_python_operator_decorator to 2024-08-07T00:00:00+00:00, run_after=2024-08-08T00:00:00+00:00
[2024-08-08T20:20:47.735+0400] {processor.py:179} INFO - Processing /home/eduardo/airflow_venv/lib/python3.10/site-packages/airflow/example_dags/example_branch_operator_decorator.py took 0.070 seconds
[2024-08-08T20:21:31.588+0400] {processor.py:157} INFO - Started process (PID=7005) to work on /home/eduardo/airflow_venv/lib/python3.10/site-packages/airflow/example_dags/example_branch_operator_decorator.py
[2024-08-08T20:21:31.589+0400] {processor.py:829} INFO - Processing file /home/eduardo/airflow_venv/lib/python3.10/site-packages/airflow/example_dags/example_branch_operator_decorator.py for tasks to queue
[2024-08-08T20:21:31.590+0400] {logging_mixin.py:151} INFO - [2024-08-08T20:21:31.590+0400] {dagbag.py:539} INFO - Filling up the DagBag from /home/eduardo/airflow_venv/lib/python3.10/site-packages/airflow/example_dags/example_branch_operator_decorator.py
[2024-08-08T20:21:31.596+0400] {processor.py:839} INFO - DAG(s) dict_keys(['example_branch_python_operator_decorator']) retrieved from /home/eduardo/airflow_venv/lib/python3.10/site-packages/airflow/example_dags/example_branch_operator_decorator.py
[2024-08-08T20:21:31.608+0400] {logging_mixin.py:151} INFO - [2024-08-08T20:21:31.608+0400] {dag.py:2915} INFO - Sync 1 DAGs
[2024-08-08T20:21:31.620+0400] {logging_mixin.py:151} INFO - [2024-08-08T20:21:31.620+0400] {dag.py:3696} INFO - Setting next_dagrun for example_branch_python_operator_decorator to 2024-08-07T00:00:00+00:00, run_after=2024-08-08T00:00:00+00:00
[2024-08-08T20:21:31.649+0400] {processor.py:179} INFO - Processing /home/eduardo/airflow_venv/lib/python3.10/site-packages/airflow/example_dags/example_branch_operator_decorator.py took 0.064 seconds
[2024-08-08T20:22:16.642+0400] {processor.py:157} INFO - Started process (PID=7052) to work on /home/eduardo/airflow_venv/lib/python3.10/site-packages/airflow/example_dags/example_branch_operator_decorator.py
[2024-08-08T20:22:16.643+0400] {processor.py:829} INFO - Processing file /home/eduardo/airflow_venv/lib/python3.10/site-packages/airflow/example_dags/example_branch_operator_decorator.py for tasks to queue
[2024-08-08T20:22:16.644+0400] {logging_mixin.py:151} INFO - [2024-08-08T20:22:16.644+0400] {dagbag.py:539} INFO - Filling up the DagBag from /home/eduardo/airflow_venv/lib/python3.10/site-packages/airflow/example_dags/example_branch_operator_decorator.py
[2024-08-08T20:22:16.655+0400] {processor.py:839} INFO - DAG(s) dict_keys(['example_branch_python_operator_decorator']) retrieved from /home/eduardo/airflow_venv/lib/python3.10/site-packages/airflow/example_dags/example_branch_operator_decorator.py
[2024-08-08T20:22:16.670+0400] {logging_mixin.py:151} INFO - [2024-08-08T20:22:16.670+0400] {dag.py:2915} INFO - Sync 1 DAGs
[2024-08-08T20:22:16.685+0400] {logging_mixin.py:151} INFO - [2024-08-08T20:22:16.685+0400] {dag.py:3696} INFO - Setting next_dagrun for example_branch_python_operator_decorator to 2024-08-07T00:00:00+00:00, run_after=2024-08-08T00:00:00+00:00
[2024-08-08T20:22:16.729+0400] {processor.py:179} INFO - Processing /home/eduardo/airflow_venv/lib/python3.10/site-packages/airflow/example_dags/example_branch_operator_decorator.py took 0.090 seconds
[2024-08-08T20:23:02.621+0400] {processor.py:157} INFO - Started process (PID=7117) to work on /home/eduardo/airflow_venv/lib/python3.10/site-packages/airflow/example_dags/example_branch_operator_decorator.py
[2024-08-08T20:23:02.623+0400] {processor.py:829} INFO - Processing file /home/eduardo/airflow_venv/lib/python3.10/site-packages/airflow/example_dags/example_branch_operator_decorator.py for tasks to queue
[2024-08-08T20:23:02.623+0400] {logging_mixin.py:151} INFO - [2024-08-08T20:23:02.623+0400] {dagbag.py:539} INFO - Filling up the DagBag from /home/eduardo/airflow_venv/lib/python3.10/site-packages/airflow/example_dags/example_branch_operator_decorator.py
[2024-08-08T20:23:02.631+0400] {processor.py:839} INFO - DAG(s) dict_keys(['example_branch_python_operator_decorator']) retrieved from /home/eduardo/airflow_venv/lib/python3.10/site-packages/airflow/example_dags/example_branch_operator_decorator.py
[2024-08-08T20:23:02.644+0400] {logging_mixin.py:151} INFO - [2024-08-08T20:23:02.644+0400] {dag.py:2915} INFO - Sync 1 DAGs
[2024-08-08T20:23:02.657+0400] {logging_mixin.py:151} INFO - [2024-08-08T20:23:02.656+0400] {dag.py:3696} INFO - Setting next_dagrun for example_branch_python_operator_decorator to 2024-08-07T00:00:00+00:00, run_after=2024-08-08T00:00:00+00:00
[2024-08-08T20:23:02.683+0400] {processor.py:179} INFO - Processing /home/eduardo/airflow_venv/lib/python3.10/site-packages/airflow/example_dags/example_branch_operator_decorator.py took 0.064 seconds
[2024-08-08T20:23:45.750+0400] {processor.py:157} INFO - Started process (PID=7166) to work on /home/eduardo/airflow_venv/lib/python3.10/site-packages/airflow/example_dags/example_branch_operator_decorator.py
[2024-08-08T20:23:45.751+0400] {processor.py:829} INFO - Processing file /home/eduardo/airflow_venv/lib/python3.10/site-packages/airflow/example_dags/example_branch_operator_decorator.py for tasks to queue
[2024-08-08T20:23:45.752+0400] {logging_mixin.py:151} INFO - [2024-08-08T20:23:45.752+0400] {dagbag.py:539} INFO - Filling up the DagBag from /home/eduardo/airflow_venv/lib/python3.10/site-packages/airflow/example_dags/example_branch_operator_decorator.py
[2024-08-08T20:23:45.759+0400] {processor.py:839} INFO - DAG(s) dict_keys(['example_branch_python_operator_decorator']) retrieved from /home/eduardo/airflow_venv/lib/python3.10/site-packages/airflow/example_dags/example_branch_operator_decorator.py
[2024-08-08T20:23:45.771+0400] {logging_mixin.py:151} INFO - [2024-08-08T20:23:45.770+0400] {dag.py:2915} INFO - Sync 1 DAGs
[2024-08-08T20:23:45.783+0400] {logging_mixin.py:151} INFO - [2024-08-08T20:23:45.783+0400] {dag.py:3696} INFO - Setting next_dagrun for example_branch_python_operator_decorator to 2024-08-07T00:00:00+00:00, run_after=2024-08-08T00:00:00+00:00
[2024-08-08T20:23:45.812+0400] {processor.py:179} INFO - Processing /home/eduardo/airflow_venv/lib/python3.10/site-packages/airflow/example_dags/example_branch_operator_decorator.py took 0.064 seconds
[2024-08-08T20:24:32.194+0400] {processor.py:157} INFO - Started process (PID=7214) to work on /home/eduardo/airflow_venv/lib/python3.10/site-packages/airflow/example_dags/example_branch_operator_decorator.py
[2024-08-08T20:24:32.197+0400] {processor.py:829} INFO - Processing file /home/eduardo/airflow_venv/lib/python3.10/site-packages/airflow/example_dags/example_branch_operator_decorator.py for tasks to queue
[2024-08-08T20:24:32.198+0400] {logging_mixin.py:151} INFO - [2024-08-08T20:24:32.198+0400] {dagbag.py:539} INFO - Filling up the DagBag from /home/eduardo/airflow_venv/lib/python3.10/site-packages/airflow/example_dags/example_branch_operator_decorator.py
[2024-08-08T20:24:32.204+0400] {processor.py:839} INFO - DAG(s) dict_keys(['example_branch_python_operator_decorator']) retrieved from /home/eduardo/airflow_venv/lib/python3.10/site-packages/airflow/example_dags/example_branch_operator_decorator.py
[2024-08-08T20:24:32.216+0400] {logging_mixin.py:151} INFO - [2024-08-08T20:24:32.215+0400] {dag.py:2915} INFO - Sync 1 DAGs
[2024-08-08T20:24:32.228+0400] {logging_mixin.py:151} INFO - [2024-08-08T20:24:32.228+0400] {dag.py:3696} INFO - Setting next_dagrun for example_branch_python_operator_decorator to 2024-08-07T00:00:00+00:00, run_after=2024-08-08T00:00:00+00:00
[2024-08-08T20:24:32.274+0400] {processor.py:179} INFO - Processing /home/eduardo/airflow_venv/lib/python3.10/site-packages/airflow/example_dags/example_branch_operator_decorator.py took 0.082 seconds
[2024-08-08T20:25:21.024+0400] {processor.py:157} INFO - Started process (PID=7272) to work on /home/eduardo/airflow_venv/lib/python3.10/site-packages/airflow/example_dags/example_branch_operator_decorator.py
[2024-08-08T20:25:21.026+0400] {processor.py:829} INFO - Processing file /home/eduardo/airflow_venv/lib/python3.10/site-packages/airflow/example_dags/example_branch_operator_decorator.py for tasks to queue
[2024-08-08T20:25:21.027+0400] {logging_mixin.py:151} INFO - [2024-08-08T20:25:21.026+0400] {dagbag.py:539} INFO - Filling up the DagBag from /home/eduardo/airflow_venv/lib/python3.10/site-packages/airflow/example_dags/example_branch_operator_decorator.py
[2024-08-08T20:25:21.036+0400] {processor.py:839} INFO - DAG(s) dict_keys(['example_branch_python_operator_decorator']) retrieved from /home/eduardo/airflow_venv/lib/python3.10/site-packages/airflow/example_dags/example_branch_operator_decorator.py
[2024-08-08T20:25:21.051+0400] {logging_mixin.py:151} INFO - [2024-08-08T20:25:21.051+0400] {dag.py:2915} INFO - Sync 1 DAGs
[2024-08-08T20:25:21.067+0400] {logging_mixin.py:151} INFO - [2024-08-08T20:25:21.066+0400] {dag.py:3696} INFO - Setting next_dagrun for example_branch_python_operator_decorator to 2024-08-07T00:00:00+00:00, run_after=2024-08-08T00:00:00+00:00
[2024-08-08T20:25:21.094+0400] {processor.py:179} INFO - Processing /home/eduardo/airflow_venv/lib/python3.10/site-packages/airflow/example_dags/example_branch_operator_decorator.py took 0.072 seconds
[2024-08-08T20:26:04.881+0400] {processor.py:157} INFO - Started process (PID=7318) to work on /home/eduardo/airflow_venv/lib/python3.10/site-packages/airflow/example_dags/example_branch_operator_decorator.py
[2024-08-08T20:26:04.885+0400] {processor.py:829} INFO - Processing file /home/eduardo/airflow_venv/lib/python3.10/site-packages/airflow/example_dags/example_branch_operator_decorator.py for tasks to queue
[2024-08-08T20:26:04.885+0400] {logging_mixin.py:151} INFO - [2024-08-08T20:26:04.885+0400] {dagbag.py:539} INFO - Filling up the DagBag from /home/eduardo/airflow_venv/lib/python3.10/site-packages/airflow/example_dags/example_branch_operator_decorator.py
[2024-08-08T20:26:04.897+0400] {processor.py:839} INFO - DAG(s) dict_keys(['example_branch_python_operator_decorator']) retrieved from /home/eduardo/airflow_venv/lib/python3.10/site-packages/airflow/example_dags/example_branch_operator_decorator.py
[2024-08-08T20:26:04.914+0400] {logging_mixin.py:151} INFO - [2024-08-08T20:26:04.914+0400] {dag.py:2915} INFO - Sync 1 DAGs
[2024-08-08T20:26:04.937+0400] {logging_mixin.py:151} INFO - [2024-08-08T20:26:04.937+0400] {dag.py:3696} INFO - Setting next_dagrun for example_branch_python_operator_decorator to 2024-08-07T00:00:00+00:00, run_after=2024-08-08T00:00:00+00:00
[2024-08-08T20:26:04.971+0400] {processor.py:179} INFO - Processing /home/eduardo/airflow_venv/lib/python3.10/site-packages/airflow/example_dags/example_branch_operator_decorator.py took 0.092 seconds
[2024-08-08T22:10:13.884+0400] {processor.py:157} INFO - Started process (PID=9895) to work on /home/eduardo/airflow_venv/lib/python3.10/site-packages/airflow/example_dags/example_branch_operator_decorator.py
[2024-08-08T22:10:13.888+0400] {processor.py:829} INFO - Processing file /home/eduardo/airflow_venv/lib/python3.10/site-packages/airflow/example_dags/example_branch_operator_decorator.py for tasks to queue
[2024-08-08T22:10:13.890+0400] {logging_mixin.py:151} INFO - [2024-08-08T22:10:13.889+0400] {dagbag.py:539} INFO - Filling up the DagBag from /home/eduardo/airflow_venv/lib/python3.10/site-packages/airflow/example_dags/example_branch_operator_decorator.py
[2024-08-08T22:10:13.905+0400] {processor.py:839} INFO - DAG(s) dict_keys(['example_branch_python_operator_decorator']) retrieved from /home/eduardo/airflow_venv/lib/python3.10/site-packages/airflow/example_dags/example_branch_operator_decorator.py
[2024-08-08T22:10:13.924+0400] {logging_mixin.py:151} INFO - [2024-08-08T22:10:13.924+0400] {dag.py:2915} INFO - Sync 1 DAGs
[2024-08-08T22:10:13.940+0400] {logging_mixin.py:151} INFO - [2024-08-08T22:10:13.940+0400] {dag.py:3696} INFO - Setting next_dagrun for example_branch_python_operator_decorator to 2024-08-07T00:00:00+00:00, run_after=2024-08-08T00:00:00+00:00
[2024-08-08T22:10:13.972+0400] {processor.py:179} INFO - Processing /home/eduardo/airflow_venv/lib/python3.10/site-packages/airflow/example_dags/example_branch_operator_decorator.py took 0.093 seconds
[2024-08-08T22:11:05.017+0400] {processor.py:157} INFO - Started process (PID=10416) to work on /home/eduardo/airflow_venv/lib/python3.10/site-packages/airflow/example_dags/example_branch_operator_decorator.py
[2024-08-08T22:11:05.021+0400] {processor.py:829} INFO - Processing file /home/eduardo/airflow_venv/lib/python3.10/site-packages/airflow/example_dags/example_branch_operator_decorator.py for tasks to queue
[2024-08-08T22:11:05.023+0400] {logging_mixin.py:151} INFO - [2024-08-08T22:11:05.022+0400] {dagbag.py:539} INFO - Filling up the DagBag from /home/eduardo/airflow_venv/lib/python3.10/site-packages/airflow/example_dags/example_branch_operator_decorator.py
[2024-08-08T22:11:05.039+0400] {processor.py:839} INFO - DAG(s) dict_keys(['example_branch_python_operator_decorator']) retrieved from /home/eduardo/airflow_venv/lib/python3.10/site-packages/airflow/example_dags/example_branch_operator_decorator.py
[2024-08-08T22:11:05.084+0400] {logging_mixin.py:151} INFO - [2024-08-08T22:11:05.082+0400] {dag.py:2915} INFO - Sync 1 DAGs
[2024-08-08T22:11:05.132+0400] {logging_mixin.py:151} INFO - [2024-08-08T22:11:05.132+0400] {dag.py:3696} INFO - Setting next_dagrun for example_branch_python_operator_decorator to 2024-08-07T00:00:00+00:00, run_after=2024-08-08T00:00:00+00:00
[2024-08-08T22:11:05.198+0400] {processor.py:179} INFO - Processing /home/eduardo/airflow_venv/lib/python3.10/site-packages/airflow/example_dags/example_branch_operator_decorator.py took 0.191 seconds
[2024-08-08T22:11:59.459+0400] {processor.py:157} INFO - Started process (PID=10931) to work on /home/eduardo/airflow_venv/lib/python3.10/site-packages/airflow/example_dags/example_branch_operator_decorator.py
[2024-08-08T22:11:59.462+0400] {processor.py:829} INFO - Processing file /home/eduardo/airflow_venv/lib/python3.10/site-packages/airflow/example_dags/example_branch_operator_decorator.py for tasks to queue
[2024-08-08T22:11:59.463+0400] {logging_mixin.py:151} INFO - [2024-08-08T22:11:59.462+0400] {dagbag.py:539} INFO - Filling up the DagBag from /home/eduardo/airflow_venv/lib/python3.10/site-packages/airflow/example_dags/example_branch_operator_decorator.py
[2024-08-08T22:11:59.472+0400] {processor.py:839} INFO - DAG(s) dict_keys(['example_branch_python_operator_decorator']) retrieved from /home/eduardo/airflow_venv/lib/python3.10/site-packages/airflow/example_dags/example_branch_operator_decorator.py
[2024-08-08T22:11:59.488+0400] {logging_mixin.py:151} INFO - [2024-08-08T22:11:59.488+0400] {dag.py:2915} INFO - Sync 1 DAGs
[2024-08-08T22:11:59.510+0400] {logging_mixin.py:151} INFO - [2024-08-08T22:11:59.509+0400] {dag.py:3696} INFO - Setting next_dagrun for example_branch_python_operator_decorator to 2024-08-07T00:00:00+00:00, run_after=2024-08-08T00:00:00+00:00
[2024-08-08T22:11:59.545+0400] {processor.py:179} INFO - Processing /home/eduardo/airflow_venv/lib/python3.10/site-packages/airflow/example_dags/example_branch_operator_decorator.py took 0.089 seconds
[2024-08-08T22:12:48.852+0400] {processor.py:157} INFO - Started process (PID=11316) to work on /home/eduardo/airflow_venv/lib/python3.10/site-packages/airflow/example_dags/example_branch_operator_decorator.py
[2024-08-08T22:12:48.855+0400] {processor.py:829} INFO - Processing file /home/eduardo/airflow_venv/lib/python3.10/site-packages/airflow/example_dags/example_branch_operator_decorator.py for tasks to queue
[2024-08-08T22:12:48.856+0400] {logging_mixin.py:151} INFO - [2024-08-08T22:12:48.855+0400] {dagbag.py:539} INFO - Filling up the DagBag from /home/eduardo/airflow_venv/lib/python3.10/site-packages/airflow/example_dags/example_branch_operator_decorator.py
[2024-08-08T22:12:48.864+0400] {processor.py:839} INFO - DAG(s) dict_keys(['example_branch_python_operator_decorator']) retrieved from /home/eduardo/airflow_venv/lib/python3.10/site-packages/airflow/example_dags/example_branch_operator_decorator.py
[2024-08-08T22:12:48.879+0400] {logging_mixin.py:151} INFO - [2024-08-08T22:12:48.879+0400] {dag.py:2915} INFO - Sync 1 DAGs
[2024-08-08T22:12:48.899+0400] {logging_mixin.py:151} INFO - [2024-08-08T22:12:48.899+0400] {dag.py:3696} INFO - Setting next_dagrun for example_branch_python_operator_decorator to 2024-08-07T00:00:00+00:00, run_after=2024-08-08T00:00:00+00:00
[2024-08-08T22:12:48.934+0400] {processor.py:179} INFO - Processing /home/eduardo/airflow_venv/lib/python3.10/site-packages/airflow/example_dags/example_branch_operator_decorator.py took 0.086 seconds
[2024-08-08T22:13:36.201+0400] {processor.py:157} INFO - Started process (PID=11740) to work on /home/eduardo/airflow_venv/lib/python3.10/site-packages/airflow/example_dags/example_branch_operator_decorator.py
[2024-08-08T22:13:36.204+0400] {processor.py:829} INFO - Processing file /home/eduardo/airflow_venv/lib/python3.10/site-packages/airflow/example_dags/example_branch_operator_decorator.py for tasks to queue
[2024-08-08T22:13:36.205+0400] {logging_mixin.py:151} INFO - [2024-08-08T22:13:36.205+0400] {dagbag.py:539} INFO - Filling up the DagBag from /home/eduardo/airflow_venv/lib/python3.10/site-packages/airflow/example_dags/example_branch_operator_decorator.py
[2024-08-08T22:13:36.214+0400] {processor.py:839} INFO - DAG(s) dict_keys(['example_branch_python_operator_decorator']) retrieved from /home/eduardo/airflow_venv/lib/python3.10/site-packages/airflow/example_dags/example_branch_operator_decorator.py
[2024-08-08T22:13:36.229+0400] {logging_mixin.py:151} INFO - [2024-08-08T22:13:36.229+0400] {dag.py:2915} INFO - Sync 1 DAGs
[2024-08-08T22:13:36.249+0400] {logging_mixin.py:151} INFO - [2024-08-08T22:13:36.248+0400] {dag.py:3696} INFO - Setting next_dagrun for example_branch_python_operator_decorator to 2024-08-07T00:00:00+00:00, run_after=2024-08-08T00:00:00+00:00
[2024-08-08T22:13:36.285+0400] {processor.py:179} INFO - Processing /home/eduardo/airflow_venv/lib/python3.10/site-packages/airflow/example_dags/example_branch_operator_decorator.py took 0.088 seconds
[2024-08-08T22:14:23.088+0400] {processor.py:157} INFO - Started process (PID=12305) to work on /home/eduardo/airflow_venv/lib/python3.10/site-packages/airflow/example_dags/example_branch_operator_decorator.py
[2024-08-08T22:14:23.091+0400] {processor.py:829} INFO - Processing file /home/eduardo/airflow_venv/lib/python3.10/site-packages/airflow/example_dags/example_branch_operator_decorator.py for tasks to queue
[2024-08-08T22:14:23.092+0400] {logging_mixin.py:151} INFO - [2024-08-08T22:14:23.092+0400] {dagbag.py:539} INFO - Filling up the DagBag from /home/eduardo/airflow_venv/lib/python3.10/site-packages/airflow/example_dags/example_branch_operator_decorator.py
[2024-08-08T22:14:23.102+0400] {processor.py:839} INFO - DAG(s) dict_keys(['example_branch_python_operator_decorator']) retrieved from /home/eduardo/airflow_venv/lib/python3.10/site-packages/airflow/example_dags/example_branch_operator_decorator.py
[2024-08-08T22:14:23.109+0400] {logging_mixin.py:151} INFO - [2024-08-08T22:14:23.109+0400] {dag.py:2915} INFO - Sync 1 DAGs
[2024-08-08T22:14:23.128+0400] {logging_mixin.py:151} INFO - [2024-08-08T22:14:23.128+0400] {dag.py:3696} INFO - Setting next_dagrun for example_branch_python_operator_decorator to 2024-08-07T00:00:00+00:00, run_after=2024-08-08T00:00:00+00:00
[2024-08-08T22:14:23.163+0400] {processor.py:179} INFO - Processing /home/eduardo/airflow_venv/lib/python3.10/site-packages/airflow/example_dags/example_branch_operator_decorator.py took 0.078 seconds
[2024-08-08T22:15:14.423+0400] {processor.py:157} INFO - Started process (PID=12734) to work on /home/eduardo/airflow_venv/lib/python3.10/site-packages/airflow/example_dags/example_branch_operator_decorator.py
[2024-08-08T22:15:14.424+0400] {processor.py:829} INFO - Processing file /home/eduardo/airflow_venv/lib/python3.10/site-packages/airflow/example_dags/example_branch_operator_decorator.py for tasks to queue
[2024-08-08T22:15:14.425+0400] {logging_mixin.py:151} INFO - [2024-08-08T22:15:14.425+0400] {dagbag.py:539} INFO - Filling up the DagBag from /home/eduardo/airflow_venv/lib/python3.10/site-packages/airflow/example_dags/example_branch_operator_decorator.py
[2024-08-08T22:15:14.436+0400] {processor.py:839} INFO - DAG(s) dict_keys(['example_branch_python_operator_decorator']) retrieved from /home/eduardo/airflow_venv/lib/python3.10/site-packages/airflow/example_dags/example_branch_operator_decorator.py
[2024-08-08T22:15:14.453+0400] {logging_mixin.py:151} INFO - [2024-08-08T22:15:14.452+0400] {dag.py:2915} INFO - Sync 1 DAGs
[2024-08-08T22:15:14.473+0400] {logging_mixin.py:151} INFO - [2024-08-08T22:15:14.473+0400] {dag.py:3696} INFO - Setting next_dagrun for example_branch_python_operator_decorator to 2024-08-07T00:00:00+00:00, run_after=2024-08-08T00:00:00+00:00
[2024-08-08T22:15:14.507+0400] {processor.py:179} INFO - Processing /home/eduardo/airflow_venv/lib/python3.10/site-packages/airflow/example_dags/example_branch_operator_decorator.py took 0.089 seconds
[2024-08-08T22:16:06.336+0400] {processor.py:157} INFO - Started process (PID=13220) to work on /home/eduardo/airflow_venv/lib/python3.10/site-packages/airflow/example_dags/example_branch_operator_decorator.py
[2024-08-08T22:16:06.339+0400] {processor.py:829} INFO - Processing file /home/eduardo/airflow_venv/lib/python3.10/site-packages/airflow/example_dags/example_branch_operator_decorator.py for tasks to queue
[2024-08-08T22:16:06.340+0400] {logging_mixin.py:151} INFO - [2024-08-08T22:16:06.339+0400] {dagbag.py:539} INFO - Filling up the DagBag from /home/eduardo/airflow_venv/lib/python3.10/site-packages/airflow/example_dags/example_branch_operator_decorator.py
[2024-08-08T22:16:06.349+0400] {processor.py:839} INFO - DAG(s) dict_keys(['example_branch_python_operator_decorator']) retrieved from /home/eduardo/airflow_venv/lib/python3.10/site-packages/airflow/example_dags/example_branch_operator_decorator.py
[2024-08-08T22:16:06.372+0400] {logging_mixin.py:151} INFO - [2024-08-08T22:16:06.371+0400] {dag.py:2915} INFO - Sync 1 DAGs
[2024-08-08T22:16:06.400+0400] {logging_mixin.py:151} INFO - [2024-08-08T22:16:06.399+0400] {dag.py:3696} INFO - Setting next_dagrun for example_branch_python_operator_decorator to 2024-08-07T00:00:00+00:00, run_after=2024-08-08T00:00:00+00:00
[2024-08-08T22:16:06.441+0400] {processor.py:179} INFO - Processing /home/eduardo/airflow_venv/lib/python3.10/site-packages/airflow/example_dags/example_branch_operator_decorator.py took 0.110 seconds
[2024-08-08T22:16:56.033+0400] {processor.py:157} INFO - Started process (PID=13747) to work on /home/eduardo/airflow_venv/lib/python3.10/site-packages/airflow/example_dags/example_branch_operator_decorator.py
[2024-08-08T22:16:56.037+0400] {processor.py:829} INFO - Processing file /home/eduardo/airflow_venv/lib/python3.10/site-packages/airflow/example_dags/example_branch_operator_decorator.py for tasks to queue
[2024-08-08T22:16:56.038+0400] {logging_mixin.py:151} INFO - [2024-08-08T22:16:56.038+0400] {dagbag.py:539} INFO - Filling up the DagBag from /home/eduardo/airflow_venv/lib/python3.10/site-packages/airflow/example_dags/example_branch_operator_decorator.py
[2024-08-08T22:16:56.055+0400] {processor.py:839} INFO - DAG(s) dict_keys(['example_branch_python_operator_decorator']) retrieved from /home/eduardo/airflow_venv/lib/python3.10/site-packages/airflow/example_dags/example_branch_operator_decorator.py
[2024-08-08T22:16:56.088+0400] {logging_mixin.py:151} INFO - [2024-08-08T22:16:56.087+0400] {dag.py:2915} INFO - Sync 1 DAGs
[2024-08-08T22:16:56.115+0400] {logging_mixin.py:151} INFO - [2024-08-08T22:16:56.114+0400] {dag.py:3696} INFO - Setting next_dagrun for example_branch_python_operator_decorator to 2024-08-07T00:00:00+00:00, run_after=2024-08-08T00:00:00+00:00
[2024-08-08T22:16:56.157+0400] {processor.py:179} INFO - Processing /home/eduardo/airflow_venv/lib/python3.10/site-packages/airflow/example_dags/example_branch_operator_decorator.py took 0.130 seconds
[2024-08-08T22:17:50.355+0400] {processor.py:157} INFO - Started process (PID=14232) to work on /home/eduardo/airflow_venv/lib/python3.10/site-packages/airflow/example_dags/example_branch_operator_decorator.py
[2024-08-08T22:17:50.359+0400] {processor.py:829} INFO - Processing file /home/eduardo/airflow_venv/lib/python3.10/site-packages/airflow/example_dags/example_branch_operator_decorator.py for tasks to queue
[2024-08-08T22:17:50.360+0400] {logging_mixin.py:151} INFO - [2024-08-08T22:17:50.360+0400] {dagbag.py:539} INFO - Filling up the DagBag from /home/eduardo/airflow_venv/lib/python3.10/site-packages/airflow/example_dags/example_branch_operator_decorator.py
[2024-08-08T22:17:50.376+0400] {processor.py:839} INFO - DAG(s) dict_keys(['example_branch_python_operator_decorator']) retrieved from /home/eduardo/airflow_venv/lib/python3.10/site-packages/airflow/example_dags/example_branch_operator_decorator.py
[2024-08-08T22:17:50.403+0400] {logging_mixin.py:151} INFO - [2024-08-08T22:17:50.403+0400] {dag.py:2915} INFO - Sync 1 DAGs
[2024-08-08T22:17:50.422+0400] {logging_mixin.py:151} INFO - [2024-08-08T22:17:50.422+0400] {dag.py:3696} INFO - Setting next_dagrun for example_branch_python_operator_decorator to 2024-08-07T00:00:00+00:00, run_after=2024-08-08T00:00:00+00:00
[2024-08-08T22:17:50.457+0400] {processor.py:179} INFO - Processing /home/eduardo/airflow_venv/lib/python3.10/site-packages/airflow/example_dags/example_branch_operator_decorator.py took 0.108 seconds
[2024-08-08T22:18:42.843+0400] {processor.py:157} INFO - Started process (PID=14639) to work on /home/eduardo/airflow_venv/lib/python3.10/site-packages/airflow/example_dags/example_branch_operator_decorator.py
[2024-08-08T22:18:42.847+0400] {processor.py:829} INFO - Processing file /home/eduardo/airflow_venv/lib/python3.10/site-packages/airflow/example_dags/example_branch_operator_decorator.py for tasks to queue
[2024-08-08T22:18:42.849+0400] {logging_mixin.py:151} INFO - [2024-08-08T22:18:42.848+0400] {dagbag.py:539} INFO - Filling up the DagBag from /home/eduardo/airflow_venv/lib/python3.10/site-packages/airflow/example_dags/example_branch_operator_decorator.py
[2024-08-08T22:18:42.863+0400] {processor.py:839} INFO - DAG(s) dict_keys(['example_branch_python_operator_decorator']) retrieved from /home/eduardo/airflow_venv/lib/python3.10/site-packages/airflow/example_dags/example_branch_operator_decorator.py
[2024-08-08T22:18:42.891+0400] {logging_mixin.py:151} INFO - [2024-08-08T22:18:42.891+0400] {dag.py:2915} INFO - Sync 1 DAGs
[2024-08-08T22:18:42.917+0400] {logging_mixin.py:151} INFO - [2024-08-08T22:18:42.917+0400] {dag.py:3696} INFO - Setting next_dagrun for example_branch_python_operator_decorator to 2024-08-07T00:00:00+00:00, run_after=2024-08-08T00:00:00+00:00
[2024-08-08T22:18:42.957+0400] {processor.py:179} INFO - Processing /home/eduardo/airflow_venv/lib/python3.10/site-packages/airflow/example_dags/example_branch_operator_decorator.py took 0.118 seconds
[2024-08-08T22:19:35.757+0400] {processor.py:157} INFO - Started process (PID=15083) to work on /home/eduardo/airflow_venv/lib/python3.10/site-packages/airflow/example_dags/example_branch_operator_decorator.py
[2024-08-08T22:19:35.760+0400] {processor.py:829} INFO - Processing file /home/eduardo/airflow_venv/lib/python3.10/site-packages/airflow/example_dags/example_branch_operator_decorator.py for tasks to queue
[2024-08-08T22:19:35.761+0400] {logging_mixin.py:151} INFO - [2024-08-08T22:19:35.761+0400] {dagbag.py:539} INFO - Filling up the DagBag from /home/eduardo/airflow_venv/lib/python3.10/site-packages/airflow/example_dags/example_branch_operator_decorator.py
[2024-08-08T22:19:35.774+0400] {processor.py:839} INFO - DAG(s) dict_keys(['example_branch_python_operator_decorator']) retrieved from /home/eduardo/airflow_venv/lib/python3.10/site-packages/airflow/example_dags/example_branch_operator_decorator.py
[2024-08-08T22:19:35.794+0400] {logging_mixin.py:151} INFO - [2024-08-08T22:19:35.794+0400] {dag.py:2915} INFO - Sync 1 DAGs
[2024-08-08T22:19:35.815+0400] {logging_mixin.py:151} INFO - [2024-08-08T22:19:35.815+0400] {dag.py:3696} INFO - Setting next_dagrun for example_branch_python_operator_decorator to 2024-08-07T00:00:00+00:00, run_after=2024-08-08T00:00:00+00:00
[2024-08-08T22:19:35.858+0400] {processor.py:179} INFO - Processing /home/eduardo/airflow_venv/lib/python3.10/site-packages/airflow/example_dags/example_branch_operator_decorator.py took 0.104 seconds
[2024-08-08T22:20:26.491+0400] {processor.py:157} INFO - Started process (PID=15475) to work on /home/eduardo/airflow_venv/lib/python3.10/site-packages/airflow/example_dags/example_branch_operator_decorator.py
[2024-08-08T22:20:26.494+0400] {processor.py:829} INFO - Processing file /home/eduardo/airflow_venv/lib/python3.10/site-packages/airflow/example_dags/example_branch_operator_decorator.py for tasks to queue
[2024-08-08T22:20:26.494+0400] {logging_mixin.py:151} INFO - [2024-08-08T22:20:26.494+0400] {dagbag.py:539} INFO - Filling up the DagBag from /home/eduardo/airflow_venv/lib/python3.10/site-packages/airflow/example_dags/example_branch_operator_decorator.py
[2024-08-08T22:20:26.509+0400] {processor.py:839} INFO - DAG(s) dict_keys(['example_branch_python_operator_decorator']) retrieved from /home/eduardo/airflow_venv/lib/python3.10/site-packages/airflow/example_dags/example_branch_operator_decorator.py
[2024-08-08T22:20:26.532+0400] {logging_mixin.py:151} INFO - [2024-08-08T22:20:26.532+0400] {dag.py:2915} INFO - Sync 1 DAGs
[2024-08-08T22:20:26.557+0400] {logging_mixin.py:151} INFO - [2024-08-08T22:20:26.557+0400] {dag.py:3696} INFO - Setting next_dagrun for example_branch_python_operator_decorator to 2024-08-07T00:00:00+00:00, run_after=2024-08-08T00:00:00+00:00
[2024-08-08T22:20:26.593+0400] {processor.py:179} INFO - Processing /home/eduardo/airflow_venv/lib/python3.10/site-packages/airflow/example_dags/example_branch_operator_decorator.py took 0.106 seconds
[2024-08-08T22:21:15.633+0400] {processor.py:157} INFO - Started process (PID=15938) to work on /home/eduardo/airflow_venv/lib/python3.10/site-packages/airflow/example_dags/example_branch_operator_decorator.py
[2024-08-08T22:21:15.636+0400] {processor.py:829} INFO - Processing file /home/eduardo/airflow_venv/lib/python3.10/site-packages/airflow/example_dags/example_branch_operator_decorator.py for tasks to queue
[2024-08-08T22:21:15.637+0400] {logging_mixin.py:151} INFO - [2024-08-08T22:21:15.637+0400] {dagbag.py:539} INFO - Filling up the DagBag from /home/eduardo/airflow_venv/lib/python3.10/site-packages/airflow/example_dags/example_branch_operator_decorator.py
[2024-08-08T22:21:15.652+0400] {processor.py:839} INFO - DAG(s) dict_keys(['example_branch_python_operator_decorator']) retrieved from /home/eduardo/airflow_venv/lib/python3.10/site-packages/airflow/example_dags/example_branch_operator_decorator.py
[2024-08-08T22:21:15.679+0400] {logging_mixin.py:151} INFO - [2024-08-08T22:21:15.679+0400] {dag.py:2915} INFO - Sync 1 DAGs
[2024-08-08T22:21:15.709+0400] {logging_mixin.py:151} INFO - [2024-08-08T22:21:15.709+0400] {dag.py:3696} INFO - Setting next_dagrun for example_branch_python_operator_decorator to 2024-08-07T00:00:00+00:00, run_after=2024-08-08T00:00:00+00:00
[2024-08-08T22:21:15.747+0400] {processor.py:179} INFO - Processing /home/eduardo/airflow_venv/lib/python3.10/site-packages/airflow/example_dags/example_branch_operator_decorator.py took 0.120 seconds
[2024-08-08T22:22:09.770+0400] {processor.py:157} INFO - Started process (PID=16400) to work on /home/eduardo/airflow_venv/lib/python3.10/site-packages/airflow/example_dags/example_branch_operator_decorator.py
[2024-08-08T22:22:09.773+0400] {processor.py:829} INFO - Processing file /home/eduardo/airflow_venv/lib/python3.10/site-packages/airflow/example_dags/example_branch_operator_decorator.py for tasks to queue
[2024-08-08T22:22:09.774+0400] {logging_mixin.py:151} INFO - [2024-08-08T22:22:09.774+0400] {dagbag.py:539} INFO - Filling up the DagBag from /home/eduardo/airflow_venv/lib/python3.10/site-packages/airflow/example_dags/example_branch_operator_decorator.py
[2024-08-08T22:22:09.789+0400] {processor.py:839} INFO - DAG(s) dict_keys(['example_branch_python_operator_decorator']) retrieved from /home/eduardo/airflow_venv/lib/python3.10/site-packages/airflow/example_dags/example_branch_operator_decorator.py
[2024-08-08T22:22:09.815+0400] {logging_mixin.py:151} INFO - [2024-08-08T22:22:09.815+0400] {dag.py:2915} INFO - Sync 1 DAGs
[2024-08-08T22:22:09.837+0400] {logging_mixin.py:151} INFO - [2024-08-08T22:22:09.837+0400] {dag.py:3696} INFO - Setting next_dagrun for example_branch_python_operator_decorator to 2024-08-07T00:00:00+00:00, run_after=2024-08-08T00:00:00+00:00
[2024-08-08T22:22:09.872+0400] {processor.py:179} INFO - Processing /home/eduardo/airflow_venv/lib/python3.10/site-packages/airflow/example_dags/example_branch_operator_decorator.py took 0.107 seconds
[2024-08-08T22:22:59.227+0400] {processor.py:157} INFO - Started process (PID=16782) to work on /home/eduardo/airflow_venv/lib/python3.10/site-packages/airflow/example_dags/example_branch_operator_decorator.py
[2024-08-08T22:22:59.230+0400] {processor.py:829} INFO - Processing file /home/eduardo/airflow_venv/lib/python3.10/site-packages/airflow/example_dags/example_branch_operator_decorator.py for tasks to queue
[2024-08-08T22:22:59.231+0400] {logging_mixin.py:151} INFO - [2024-08-08T22:22:59.231+0400] {dagbag.py:539} INFO - Filling up the DagBag from /home/eduardo/airflow_venv/lib/python3.10/site-packages/airflow/example_dags/example_branch_operator_decorator.py
[2024-08-08T22:22:59.240+0400] {processor.py:839} INFO - DAG(s) dict_keys(['example_branch_python_operator_decorator']) retrieved from /home/eduardo/airflow_venv/lib/python3.10/site-packages/airflow/example_dags/example_branch_operator_decorator.py
[2024-08-08T22:22:59.254+0400] {logging_mixin.py:151} INFO - [2024-08-08T22:22:59.254+0400] {dag.py:2915} INFO - Sync 1 DAGs
[2024-08-08T22:22:59.268+0400] {logging_mixin.py:151} INFO - [2024-08-08T22:22:59.268+0400] {dag.py:3696} INFO - Setting next_dagrun for example_branch_python_operator_decorator to 2024-08-07T00:00:00+00:00, run_after=2024-08-08T00:00:00+00:00
[2024-08-08T22:22:59.298+0400] {processor.py:179} INFO - Processing /home/eduardo/airflow_venv/lib/python3.10/site-packages/airflow/example_dags/example_branch_operator_decorator.py took 0.073 seconds
