[2024-08-08T20:19:03.929+0400] {processor.py:157} INFO - Started process (PID=6848) to work on /home/eduardo/airflow_venv/lib/python3.10/site-packages/airflow/example_dags/example_branch_datetime_operator.py
[2024-08-08T20:19:03.930+0400] {processor.py:829} INFO - Processing file /home/eduardo/airflow_venv/lib/python3.10/site-packages/airflow/example_dags/example_branch_datetime_operator.py for tasks to queue
[2024-08-08T20:19:03.930+0400] {logging_mixin.py:151} INFO - [2024-08-08T20:19:03.930+0400] {dagbag.py:539} INFO - Filling up the DagBag from /home/eduardo/airflow_venv/lib/python3.10/site-packages/airflow/example_dags/example_branch_datetime_operator.py
[2024-08-08T20:19:03.936+0400] {processor.py:839} INFO - DAG(s) dict_keys(['example_branch_datetime_operator', 'example_branch_datetime_operator_2', 'example_branch_datetime_operator_3']) retrieved from /home/eduardo/airflow_venv/lib/python3.10/site-packages/airflow/example_dags/example_branch_datetime_operator.py
[2024-08-08T20:19:04.026+0400] {logging_mixin.py:151} INFO - [2024-08-08T20:19:04.026+0400] {manager.py:499} INFO - Created Permission View: %s
[2024-08-08T20:19:04.045+0400] {logging_mixin.py:151} INFO - [2024-08-08T20:19:04.045+0400] {manager.py:499} INFO - Created Permission View: %s
[2024-08-08T20:19:04.064+0400] {logging_mixin.py:151} INFO - [2024-08-08T20:19:04.064+0400] {manager.py:499} INFO - Created Permission View: %s
[2024-08-08T20:19:04.065+0400] {logging_mixin.py:151} INFO - [2024-08-08T20:19:04.065+0400] {security.py:708} INFO - Not syncing DAG-level permissions for DAG 'DAG:example_branch_datetime_operator' as access control is unset.
[2024-08-08T20:19:04.108+0400] {logging_mixin.py:151} INFO - [2024-08-08T20:19:04.107+0400] {manager.py:499} INFO - Created Permission View: %s
[2024-08-08T20:19:04.124+0400] {logging_mixin.py:151} INFO - [2024-08-08T20:19:04.124+0400] {manager.py:499} INFO - Created Permission View: %s
[2024-08-08T20:19:04.173+0400] {logging_mixin.py:151} INFO - [2024-08-08T20:19:04.173+0400] {manager.py:499} INFO - Created Permission View: %s
[2024-08-08T20:19:04.174+0400] {logging_mixin.py:151} INFO - [2024-08-08T20:19:04.174+0400] {security.py:708} INFO - Not syncing DAG-level permissions for DAG 'DAG:example_branch_datetime_operator_2' as access control is unset.
[2024-08-08T20:19:04.210+0400] {logging_mixin.py:151} INFO - [2024-08-08T20:19:04.210+0400] {manager.py:499} INFO - Created Permission View: %s
[2024-08-08T20:19:04.228+0400] {logging_mixin.py:151} INFO - [2024-08-08T20:19:04.227+0400] {manager.py:499} INFO - Created Permission View: %s
[2024-08-08T20:19:04.244+0400] {logging_mixin.py:151} INFO - [2024-08-08T20:19:04.244+0400] {manager.py:499} INFO - Created Permission View: %s
[2024-08-08T20:19:04.244+0400] {logging_mixin.py:151} INFO - [2024-08-08T20:19:04.244+0400] {security.py:708} INFO - Not syncing DAG-level permissions for DAG 'DAG:example_branch_datetime_operator_3' as access control is unset.
[2024-08-08T20:19:04.244+0400] {logging_mixin.py:151} INFO - [2024-08-08T20:19:04.244+0400] {dag.py:2915} INFO - Sync 3 DAGs
[2024-08-08T20:19:04.250+0400] {logging_mixin.py:151} INFO - [2024-08-08T20:19:04.250+0400] {dag.py:2937} INFO - Creating ORM DAG for example_branch_datetime_operator
[2024-08-08T20:19:04.250+0400] {logging_mixin.py:151} INFO - [2024-08-08T20:19:04.250+0400] {dag.py:2937} INFO - Creating ORM DAG for example_branch_datetime_operator_2
[2024-08-08T20:19:04.250+0400] {logging_mixin.py:151} INFO - [2024-08-08T20:19:04.250+0400] {dag.py:2937} INFO - Creating ORM DAG for example_branch_datetime_operator_3
[2024-08-08T20:19:04.255+0400] {logging_mixin.py:151} INFO - [2024-08-08T20:19:04.255+0400] {dag.py:3696} INFO - Setting next_dagrun for example_branch_datetime_operator to 2024-08-07T00:00:00+00:00, run_after=2024-08-08T00:00:00+00:00
[2024-08-08T20:19:04.256+0400] {logging_mixin.py:151} INFO - [2024-08-08T20:19:04.256+0400] {dag.py:3696} INFO - Setting next_dagrun for example_branch_datetime_operator_2 to 2024-08-07T00:00:00+00:00, run_after=2024-08-08T00:00:00+00:00
[2024-08-08T20:19:04.257+0400] {logging_mixin.py:151} INFO - [2024-08-08T20:19:04.257+0400] {dag.py:3696} INFO - Setting next_dagrun for example_branch_datetime_operator_3 to 2024-08-07T00:00:00+00:00, run_after=2024-08-08T00:00:00+00:00
[2024-08-08T20:19:04.285+0400] {processor.py:179} INFO - Processing /home/eduardo/airflow_venv/lib/python3.10/site-packages/airflow/example_dags/example_branch_datetime_operator.py took 0.357 seconds
[2024-08-08T20:19:57.113+0400] {processor.py:157} INFO - Started process (PID=6904) to work on /home/eduardo/airflow_venv/lib/python3.10/site-packages/airflow/example_dags/example_branch_datetime_operator.py
[2024-08-08T20:19:57.114+0400] {processor.py:829} INFO - Processing file /home/eduardo/airflow_venv/lib/python3.10/site-packages/airflow/example_dags/example_branch_datetime_operator.py for tasks to queue
[2024-08-08T20:19:57.115+0400] {logging_mixin.py:151} INFO - [2024-08-08T20:19:57.115+0400] {dagbag.py:539} INFO - Filling up the DagBag from /home/eduardo/airflow_venv/lib/python3.10/site-packages/airflow/example_dags/example_branch_datetime_operator.py
[2024-08-08T20:19:57.121+0400] {processor.py:839} INFO - DAG(s) dict_keys(['example_branch_datetime_operator', 'example_branch_datetime_operator_2', 'example_branch_datetime_operator_3']) retrieved from /home/eduardo/airflow_venv/lib/python3.10/site-packages/airflow/example_dags/example_branch_datetime_operator.py
[2024-08-08T20:19:57.135+0400] {logging_mixin.py:151} INFO - [2024-08-08T20:19:57.135+0400] {dag.py:2915} INFO - Sync 3 DAGs
[2024-08-08T20:19:57.149+0400] {logging_mixin.py:151} INFO - [2024-08-08T20:19:57.149+0400] {dag.py:3696} INFO - Setting next_dagrun for example_branch_datetime_operator to 2024-08-07T00:00:00+00:00, run_after=2024-08-08T00:00:00+00:00
[2024-08-08T20:19:57.151+0400] {logging_mixin.py:151} INFO - [2024-08-08T20:19:57.151+0400] {dag.py:3696} INFO - Setting next_dagrun for example_branch_datetime_operator_2 to 2024-08-07T00:00:00+00:00, run_after=2024-08-08T00:00:00+00:00
[2024-08-08T20:19:57.152+0400] {logging_mixin.py:151} INFO - [2024-08-08T20:19:57.152+0400] {dag.py:3696} INFO - Setting next_dagrun for example_branch_datetime_operator_3 to 2024-08-07T00:00:00+00:00, run_after=2024-08-08T00:00:00+00:00
[2024-08-08T20:19:57.179+0400] {processor.py:179} INFO - Processing /home/eduardo/airflow_venv/lib/python3.10/site-packages/airflow/example_dags/example_branch_datetime_operator.py took 0.068 seconds
[2024-08-08T20:20:48.800+0400] {processor.py:157} INFO - Started process (PID=6960) to work on /home/eduardo/airflow_venv/lib/python3.10/site-packages/airflow/example_dags/example_branch_datetime_operator.py
[2024-08-08T20:20:48.801+0400] {processor.py:829} INFO - Processing file /home/eduardo/airflow_venv/lib/python3.10/site-packages/airflow/example_dags/example_branch_datetime_operator.py for tasks to queue
[2024-08-08T20:20:48.802+0400] {logging_mixin.py:151} INFO - [2024-08-08T20:20:48.802+0400] {dagbag.py:539} INFO - Filling up the DagBag from /home/eduardo/airflow_venv/lib/python3.10/site-packages/airflow/example_dags/example_branch_datetime_operator.py
[2024-08-08T20:20:48.811+0400] {processor.py:839} INFO - DAG(s) dict_keys(['example_branch_datetime_operator_3', 'example_branch_datetime_operator', 'example_branch_datetime_operator_2']) retrieved from /home/eduardo/airflow_venv/lib/python3.10/site-packages/airflow/example_dags/example_branch_datetime_operator.py
[2024-08-08T20:20:48.828+0400] {logging_mixin.py:151} INFO - [2024-08-08T20:20:48.828+0400] {dag.py:2915} INFO - Sync 3 DAGs
[2024-08-08T20:20:48.845+0400] {logging_mixin.py:151} INFO - [2024-08-08T20:20:48.845+0400] {dag.py:3696} INFO - Setting next_dagrun for example_branch_datetime_operator to 2024-08-07T00:00:00+00:00, run_after=2024-08-08T00:00:00+00:00
[2024-08-08T20:20:48.849+0400] {logging_mixin.py:151} INFO - [2024-08-08T20:20:48.849+0400] {dag.py:3696} INFO - Setting next_dagrun for example_branch_datetime_operator_2 to 2024-08-07T00:00:00+00:00, run_after=2024-08-08T00:00:00+00:00
[2024-08-08T20:20:48.851+0400] {logging_mixin.py:151} INFO - [2024-08-08T20:20:48.851+0400] {dag.py:3696} INFO - Setting next_dagrun for example_branch_datetime_operator_3 to 2024-08-07T00:00:00+00:00, run_after=2024-08-08T00:00:00+00:00
[2024-08-08T20:20:48.880+0400] {processor.py:179} INFO - Processing /home/eduardo/airflow_venv/lib/python3.10/site-packages/airflow/example_dags/example_branch_datetime_operator.py took 0.082 seconds
[2024-08-08T20:21:31.748+0400] {processor.py:157} INFO - Started process (PID=7006) to work on /home/eduardo/airflow_venv/lib/python3.10/site-packages/airflow/example_dags/example_branch_datetime_operator.py
[2024-08-08T20:21:31.749+0400] {processor.py:829} INFO - Processing file /home/eduardo/airflow_venv/lib/python3.10/site-packages/airflow/example_dags/example_branch_datetime_operator.py for tasks to queue
[2024-08-08T20:21:31.749+0400] {logging_mixin.py:151} INFO - [2024-08-08T20:21:31.749+0400] {dagbag.py:539} INFO - Filling up the DagBag from /home/eduardo/airflow_venv/lib/python3.10/site-packages/airflow/example_dags/example_branch_datetime_operator.py
[2024-08-08T20:21:31.756+0400] {processor.py:839} INFO - DAG(s) dict_keys(['example_branch_datetime_operator_2', 'example_branch_datetime_operator_3', 'example_branch_datetime_operator']) retrieved from /home/eduardo/airflow_venv/lib/python3.10/site-packages/airflow/example_dags/example_branch_datetime_operator.py
[2024-08-08T20:21:31.770+0400] {logging_mixin.py:151} INFO - [2024-08-08T20:21:31.770+0400] {dag.py:2915} INFO - Sync 3 DAGs
[2024-08-08T20:21:31.786+0400] {logging_mixin.py:151} INFO - [2024-08-08T20:21:31.785+0400] {dag.py:3696} INFO - Setting next_dagrun for example_branch_datetime_operator to 2024-08-07T00:00:00+00:00, run_after=2024-08-08T00:00:00+00:00
[2024-08-08T20:21:31.788+0400] {logging_mixin.py:151} INFO - [2024-08-08T20:21:31.788+0400] {dag.py:3696} INFO - Setting next_dagrun for example_branch_datetime_operator_2 to 2024-08-07T00:00:00+00:00, run_after=2024-08-08T00:00:00+00:00
[2024-08-08T20:21:31.790+0400] {logging_mixin.py:151} INFO - [2024-08-08T20:21:31.790+0400] {dag.py:3696} INFO - Setting next_dagrun for example_branch_datetime_operator_3 to 2024-08-07T00:00:00+00:00, run_after=2024-08-08T00:00:00+00:00
[2024-08-08T20:21:31.816+0400] {processor.py:179} INFO - Processing /home/eduardo/airflow_venv/lib/python3.10/site-packages/airflow/example_dags/example_branch_datetime_operator.py took 0.071 seconds
[2024-08-08T20:22:17.145+0400] {processor.py:157} INFO - Started process (PID=7053) to work on /home/eduardo/airflow_venv/lib/python3.10/site-packages/airflow/example_dags/example_branch_datetime_operator.py
[2024-08-08T20:22:17.162+0400] {processor.py:829} INFO - Processing file /home/eduardo/airflow_venv/lib/python3.10/site-packages/airflow/example_dags/example_branch_datetime_operator.py for tasks to queue
[2024-08-08T20:22:17.163+0400] {logging_mixin.py:151} INFO - [2024-08-08T20:22:17.162+0400] {dagbag.py:539} INFO - Filling up the DagBag from /home/eduardo/airflow_venv/lib/python3.10/site-packages/airflow/example_dags/example_branch_datetime_operator.py
[2024-08-08T20:22:17.173+0400] {processor.py:839} INFO - DAG(s) dict_keys(['example_branch_datetime_operator_2', 'example_branch_datetime_operator', 'example_branch_datetime_operator_3']) retrieved from /home/eduardo/airflow_venv/lib/python3.10/site-packages/airflow/example_dags/example_branch_datetime_operator.py
[2024-08-08T20:22:17.191+0400] {logging_mixin.py:151} INFO - [2024-08-08T20:22:17.191+0400] {dag.py:2915} INFO - Sync 3 DAGs
[2024-08-08T20:22:17.207+0400] {logging_mixin.py:151} INFO - [2024-08-08T20:22:17.207+0400] {dag.py:3696} INFO - Setting next_dagrun for example_branch_datetime_operator to 2024-08-07T00:00:00+00:00, run_after=2024-08-08T00:00:00+00:00
[2024-08-08T20:22:17.210+0400] {logging_mixin.py:151} INFO - [2024-08-08T20:22:17.210+0400] {dag.py:3696} INFO - Setting next_dagrun for example_branch_datetime_operator_2 to 2024-08-07T00:00:00+00:00, run_after=2024-08-08T00:00:00+00:00
[2024-08-08T20:22:17.211+0400] {logging_mixin.py:151} INFO - [2024-08-08T20:22:17.211+0400] {dag.py:3696} INFO - Setting next_dagrun for example_branch_datetime_operator_3 to 2024-08-07T00:00:00+00:00, run_after=2024-08-08T00:00:00+00:00
[2024-08-08T20:22:17.242+0400] {processor.py:179} INFO - Processing /home/eduardo/airflow_venv/lib/python3.10/site-packages/airflow/example_dags/example_branch_datetime_operator.py took 0.099 seconds
[2024-08-08T20:23:03.752+0400] {processor.py:157} INFO - Started process (PID=7118) to work on /home/eduardo/airflow_venv/lib/python3.10/site-packages/airflow/example_dags/example_branch_datetime_operator.py
[2024-08-08T20:23:03.753+0400] {processor.py:829} INFO - Processing file /home/eduardo/airflow_venv/lib/python3.10/site-packages/airflow/example_dags/example_branch_datetime_operator.py for tasks to queue
[2024-08-08T20:23:03.754+0400] {logging_mixin.py:151} INFO - [2024-08-08T20:23:03.754+0400] {dagbag.py:539} INFO - Filling up the DagBag from /home/eduardo/airflow_venv/lib/python3.10/site-packages/airflow/example_dags/example_branch_datetime_operator.py
[2024-08-08T20:23:03.763+0400] {processor.py:839} INFO - DAG(s) dict_keys(['example_branch_datetime_operator_2', 'example_branch_datetime_operator', 'example_branch_datetime_operator_3']) retrieved from /home/eduardo/airflow_venv/lib/python3.10/site-packages/airflow/example_dags/example_branch_datetime_operator.py
[2024-08-08T20:23:03.780+0400] {logging_mixin.py:151} INFO - [2024-08-08T20:23:03.780+0400] {dag.py:2915} INFO - Sync 3 DAGs
[2024-08-08T20:23:03.794+0400] {logging_mixin.py:151} INFO - [2024-08-08T20:23:03.794+0400] {dag.py:3696} INFO - Setting next_dagrun for example_branch_datetime_operator to 2024-08-07T00:00:00+00:00, run_after=2024-08-08T00:00:00+00:00
[2024-08-08T20:23:03.796+0400] {logging_mixin.py:151} INFO - [2024-08-08T20:23:03.796+0400] {dag.py:3696} INFO - Setting next_dagrun for example_branch_datetime_operator_2 to 2024-08-07T00:00:00+00:00, run_after=2024-08-08T00:00:00+00:00
[2024-08-08T20:23:03.797+0400] {logging_mixin.py:151} INFO - [2024-08-08T20:23:03.797+0400] {dag.py:3696} INFO - Setting next_dagrun for example_branch_datetime_operator_3 to 2024-08-07T00:00:00+00:00, run_after=2024-08-08T00:00:00+00:00
[2024-08-08T20:23:03.821+0400] {processor.py:179} INFO - Processing /home/eduardo/airflow_venv/lib/python3.10/site-packages/airflow/example_dags/example_branch_datetime_operator.py took 0.071 seconds
[2024-08-08T20:24:01.202+0400] {processor.py:157} INFO - Started process (PID=7181) to work on /home/eduardo/airflow_venv/lib/python3.10/site-packages/airflow/example_dags/example_branch_datetime_operator.py
[2024-08-08T20:24:01.204+0400] {processor.py:829} INFO - Processing file /home/eduardo/airflow_venv/lib/python3.10/site-packages/airflow/example_dags/example_branch_datetime_operator.py for tasks to queue
[2024-08-08T20:24:01.204+0400] {logging_mixin.py:151} INFO - [2024-08-08T20:24:01.204+0400] {dagbag.py:539} INFO - Filling up the DagBag from /home/eduardo/airflow_venv/lib/python3.10/site-packages/airflow/example_dags/example_branch_datetime_operator.py
[2024-08-08T20:24:01.212+0400] {processor.py:839} INFO - DAG(s) dict_keys(['example_branch_datetime_operator_2', 'example_branch_datetime_operator_3', 'example_branch_datetime_operator']) retrieved from /home/eduardo/airflow_venv/lib/python3.10/site-packages/airflow/example_dags/example_branch_datetime_operator.py
[2024-08-08T20:24:01.231+0400] {logging_mixin.py:151} INFO - [2024-08-08T20:24:01.231+0400] {dag.py:2915} INFO - Sync 3 DAGs
[2024-08-08T20:24:01.245+0400] {logging_mixin.py:151} INFO - [2024-08-08T20:24:01.245+0400] {dag.py:3696} INFO - Setting next_dagrun for example_branch_datetime_operator to 2024-08-07T00:00:00+00:00, run_after=2024-08-08T00:00:00+00:00
[2024-08-08T20:24:01.248+0400] {logging_mixin.py:151} INFO - [2024-08-08T20:24:01.248+0400] {dag.py:3696} INFO - Setting next_dagrun for example_branch_datetime_operator_2 to 2024-08-07T00:00:00+00:00, run_after=2024-08-08T00:00:00+00:00
[2024-08-08T20:24:01.250+0400] {logging_mixin.py:151} INFO - [2024-08-08T20:24:01.249+0400] {dag.py:3696} INFO - Setting next_dagrun for example_branch_datetime_operator_3 to 2024-08-07T00:00:00+00:00, run_after=2024-08-08T00:00:00+00:00
[2024-08-08T20:24:01.284+0400] {processor.py:179} INFO - Processing /home/eduardo/airflow_venv/lib/python3.10/site-packages/airflow/example_dags/example_branch_datetime_operator.py took 0.085 seconds
[2024-08-08T20:24:47.069+0400] {processor.py:157} INFO - Started process (PID=7237) to work on /home/eduardo/airflow_venv/lib/python3.10/site-packages/airflow/example_dags/example_branch_datetime_operator.py
[2024-08-08T20:24:47.071+0400] {processor.py:829} INFO - Processing file /home/eduardo/airflow_venv/lib/python3.10/site-packages/airflow/example_dags/example_branch_datetime_operator.py for tasks to queue
[2024-08-08T20:24:47.071+0400] {logging_mixin.py:151} INFO - [2024-08-08T20:24:47.071+0400] {dagbag.py:539} INFO - Filling up the DagBag from /home/eduardo/airflow_venv/lib/python3.10/site-packages/airflow/example_dags/example_branch_datetime_operator.py
[2024-08-08T20:24:47.080+0400] {processor.py:839} INFO - DAG(s) dict_keys(['example_branch_datetime_operator', 'example_branch_datetime_operator_2', 'example_branch_datetime_operator_3']) retrieved from /home/eduardo/airflow_venv/lib/python3.10/site-packages/airflow/example_dags/example_branch_datetime_operator.py
[2024-08-08T20:24:47.100+0400] {logging_mixin.py:151} INFO - [2024-08-08T20:24:47.099+0400] {dag.py:2915} INFO - Sync 3 DAGs
[2024-08-08T20:24:47.118+0400] {logging_mixin.py:151} INFO - [2024-08-08T20:24:47.118+0400] {dag.py:3696} INFO - Setting next_dagrun for example_branch_datetime_operator to 2024-08-07T00:00:00+00:00, run_after=2024-08-08T00:00:00+00:00
[2024-08-08T20:24:47.122+0400] {logging_mixin.py:151} INFO - [2024-08-08T20:24:47.122+0400] {dag.py:3696} INFO - Setting next_dagrun for example_branch_datetime_operator_2 to 2024-08-07T00:00:00+00:00, run_after=2024-08-08T00:00:00+00:00
[2024-08-08T20:24:47.124+0400] {logging_mixin.py:151} INFO - [2024-08-08T20:24:47.124+0400] {dag.py:3696} INFO - Setting next_dagrun for example_branch_datetime_operator_3 to 2024-08-07T00:00:00+00:00, run_after=2024-08-08T00:00:00+00:00
[2024-08-08T20:24:47.151+0400] {processor.py:179} INFO - Processing /home/eduardo/airflow_venv/lib/python3.10/site-packages/airflow/example_dags/example_branch_datetime_operator.py took 0.085 seconds
[2024-08-08T20:25:35.006+0400] {processor.py:157} INFO - Started process (PID=7287) to work on /home/eduardo/airflow_venv/lib/python3.10/site-packages/airflow/example_dags/example_branch_datetime_operator.py
[2024-08-08T20:25:35.007+0400] {processor.py:829} INFO - Processing file /home/eduardo/airflow_venv/lib/python3.10/site-packages/airflow/example_dags/example_branch_datetime_operator.py for tasks to queue
[2024-08-08T20:25:35.008+0400] {logging_mixin.py:151} INFO - [2024-08-08T20:25:35.008+0400] {dagbag.py:539} INFO - Filling up the DagBag from /home/eduardo/airflow_venv/lib/python3.10/site-packages/airflow/example_dags/example_branch_datetime_operator.py
[2024-08-08T20:25:35.015+0400] {processor.py:839} INFO - DAG(s) dict_keys(['example_branch_datetime_operator_2', 'example_branch_datetime_operator', 'example_branch_datetime_operator_3']) retrieved from /home/eduardo/airflow_venv/lib/python3.10/site-packages/airflow/example_dags/example_branch_datetime_operator.py
[2024-08-08T20:25:35.031+0400] {logging_mixin.py:151} INFO - [2024-08-08T20:25:35.030+0400] {dag.py:2915} INFO - Sync 3 DAGs
[2024-08-08T20:25:35.043+0400] {logging_mixin.py:151} INFO - [2024-08-08T20:25:35.042+0400] {dag.py:3696} INFO - Setting next_dagrun for example_branch_datetime_operator to 2024-08-07T00:00:00+00:00, run_after=2024-08-08T00:00:00+00:00
[2024-08-08T20:25:35.045+0400] {logging_mixin.py:151} INFO - [2024-08-08T20:25:35.045+0400] {dag.py:3696} INFO - Setting next_dagrun for example_branch_datetime_operator_2 to 2024-08-07T00:00:00+00:00, run_after=2024-08-08T00:00:00+00:00
[2024-08-08T20:25:35.046+0400] {logging_mixin.py:151} INFO - [2024-08-08T20:25:35.046+0400] {dag.py:3696} INFO - Setting next_dagrun for example_branch_datetime_operator_3 to 2024-08-07T00:00:00+00:00, run_after=2024-08-08T00:00:00+00:00
[2024-08-08T20:25:35.082+0400] {processor.py:179} INFO - Processing /home/eduardo/airflow_venv/lib/python3.10/site-packages/airflow/example_dags/example_branch_datetime_operator.py took 0.079 seconds
[2024-08-08T22:10:14.176+0400] {processor.py:157} INFO - Started process (PID=9898) to work on /home/eduardo/airflow_venv/lib/python3.10/site-packages/airflow/example_dags/example_branch_datetime_operator.py
[2024-08-08T22:10:14.178+0400] {processor.py:829} INFO - Processing file /home/eduardo/airflow_venv/lib/python3.10/site-packages/airflow/example_dags/example_branch_datetime_operator.py for tasks to queue
[2024-08-08T22:10:14.181+0400] {logging_mixin.py:151} INFO - [2024-08-08T22:10:14.180+0400] {dagbag.py:539} INFO - Filling up the DagBag from /home/eduardo/airflow_venv/lib/python3.10/site-packages/airflow/example_dags/example_branch_datetime_operator.py
[2024-08-08T22:10:14.195+0400] {processor.py:839} INFO - DAG(s) dict_keys(['example_branch_datetime_operator', 'example_branch_datetime_operator_3', 'example_branch_datetime_operator_2']) retrieved from /home/eduardo/airflow_venv/lib/python3.10/site-packages/airflow/example_dags/example_branch_datetime_operator.py
[2024-08-08T22:10:14.215+0400] {logging_mixin.py:151} INFO - [2024-08-08T22:10:14.215+0400] {dag.py:2915} INFO - Sync 3 DAGs
[2024-08-08T22:10:14.231+0400] {logging_mixin.py:151} INFO - [2024-08-08T22:10:14.231+0400] {dag.py:3696} INFO - Setting next_dagrun for example_branch_datetime_operator to 2024-08-07T00:00:00+00:00, run_after=2024-08-08T00:00:00+00:00
[2024-08-08T22:10:14.234+0400] {logging_mixin.py:151} INFO - [2024-08-08T22:10:14.234+0400] {dag.py:3696} INFO - Setting next_dagrun for example_branch_datetime_operator_2 to 2024-08-07T00:00:00+00:00, run_after=2024-08-08T00:00:00+00:00
[2024-08-08T22:10:14.236+0400] {logging_mixin.py:151} INFO - [2024-08-08T22:10:14.236+0400] {dag.py:3696} INFO - Setting next_dagrun for example_branch_datetime_operator_3 to 2024-08-07T00:00:00+00:00, run_after=2024-08-08T00:00:00+00:00
[2024-08-08T22:10:14.274+0400] {processor.py:179} INFO - Processing /home/eduardo/airflow_venv/lib/python3.10/site-packages/airflow/example_dags/example_branch_datetime_operator.py took 0.103 seconds
[2024-08-08T22:11:06.269+0400] {processor.py:157} INFO - Started process (PID=10428) to work on /home/eduardo/airflow_venv/lib/python3.10/site-packages/airflow/example_dags/example_branch_datetime_operator.py
[2024-08-08T22:11:06.272+0400] {processor.py:829} INFO - Processing file /home/eduardo/airflow_venv/lib/python3.10/site-packages/airflow/example_dags/example_branch_datetime_operator.py for tasks to queue
[2024-08-08T22:11:06.273+0400] {logging_mixin.py:151} INFO - [2024-08-08T22:11:06.273+0400] {dagbag.py:539} INFO - Filling up the DagBag from /home/eduardo/airflow_venv/lib/python3.10/site-packages/airflow/example_dags/example_branch_datetime_operator.py
[2024-08-08T22:11:06.287+0400] {processor.py:839} INFO - DAG(s) dict_keys(['example_branch_datetime_operator', 'example_branch_datetime_operator_3', 'example_branch_datetime_operator_2']) retrieved from /home/eduardo/airflow_venv/lib/python3.10/site-packages/airflow/example_dags/example_branch_datetime_operator.py
[2024-08-08T22:11:06.311+0400] {logging_mixin.py:151} INFO - [2024-08-08T22:11:06.311+0400] {dag.py:2915} INFO - Sync 3 DAGs
[2024-08-08T22:11:06.338+0400] {logging_mixin.py:151} INFO - [2024-08-08T22:11:06.338+0400] {dag.py:3696} INFO - Setting next_dagrun for example_branch_datetime_operator to 2024-08-07T00:00:00+00:00, run_after=2024-08-08T00:00:00+00:00
[2024-08-08T22:11:06.343+0400] {logging_mixin.py:151} INFO - [2024-08-08T22:11:06.343+0400] {dag.py:3696} INFO - Setting next_dagrun for example_branch_datetime_operator_2 to 2024-08-07T00:00:00+00:00, run_after=2024-08-08T00:00:00+00:00
[2024-08-08T22:11:06.346+0400] {logging_mixin.py:151} INFO - [2024-08-08T22:11:06.345+0400] {dag.py:3696} INFO - Setting next_dagrun for example_branch_datetime_operator_3 to 2024-08-07T00:00:00+00:00, run_after=2024-08-08T00:00:00+00:00
[2024-08-08T22:11:06.385+0400] {processor.py:179} INFO - Processing /home/eduardo/airflow_venv/lib/python3.10/site-packages/airflow/example_dags/example_branch_datetime_operator.py took 0.121 seconds
[2024-08-08T22:12:00.620+0400] {processor.py:157} INFO - Started process (PID=10942) to work on /home/eduardo/airflow_venv/lib/python3.10/site-packages/airflow/example_dags/example_branch_datetime_operator.py
[2024-08-08T22:12:00.624+0400] {processor.py:829} INFO - Processing file /home/eduardo/airflow_venv/lib/python3.10/site-packages/airflow/example_dags/example_branch_datetime_operator.py for tasks to queue
[2024-08-08T22:12:00.625+0400] {logging_mixin.py:151} INFO - [2024-08-08T22:12:00.625+0400] {dagbag.py:539} INFO - Filling up the DagBag from /home/eduardo/airflow_venv/lib/python3.10/site-packages/airflow/example_dags/example_branch_datetime_operator.py
[2024-08-08T22:12:00.637+0400] {processor.py:839} INFO - DAG(s) dict_keys(['example_branch_datetime_operator', 'example_branch_datetime_operator_2', 'example_branch_datetime_operator_3']) retrieved from /home/eduardo/airflow_venv/lib/python3.10/site-packages/airflow/example_dags/example_branch_datetime_operator.py
[2024-08-08T22:12:00.659+0400] {logging_mixin.py:151} INFO - [2024-08-08T22:12:00.659+0400] {dag.py:2915} INFO - Sync 3 DAGs
[2024-08-08T22:12:00.676+0400] {logging_mixin.py:151} INFO - [2024-08-08T22:12:00.676+0400] {dag.py:3696} INFO - Setting next_dagrun for example_branch_datetime_operator to 2024-08-07T00:00:00+00:00, run_after=2024-08-08T00:00:00+00:00
[2024-08-08T22:12:00.680+0400] {logging_mixin.py:151} INFO - [2024-08-08T22:12:00.680+0400] {dag.py:3696} INFO - Setting next_dagrun for example_branch_datetime_operator_2 to 2024-08-07T00:00:00+00:00, run_after=2024-08-08T00:00:00+00:00
[2024-08-08T22:12:00.682+0400] {logging_mixin.py:151} INFO - [2024-08-08T22:12:00.682+0400] {dag.py:3696} INFO - Setting next_dagrun for example_branch_datetime_operator_3 to 2024-08-07T00:00:00+00:00, run_after=2024-08-08T00:00:00+00:00
[2024-08-08T22:12:00.713+0400] {processor.py:179} INFO - Processing /home/eduardo/airflow_venv/lib/python3.10/site-packages/airflow/example_dags/example_branch_datetime_operator.py took 0.096 seconds
[2024-08-08T22:12:49.996+0400] {processor.py:157} INFO - Started process (PID=11322) to work on /home/eduardo/airflow_venv/lib/python3.10/site-packages/airflow/example_dags/example_branch_datetime_operator.py
[2024-08-08T22:12:50.001+0400] {processor.py:829} INFO - Processing file /home/eduardo/airflow_venv/lib/python3.10/site-packages/airflow/example_dags/example_branch_datetime_operator.py for tasks to queue
[2024-08-08T22:12:50.003+0400] {logging_mixin.py:151} INFO - [2024-08-08T22:12:50.002+0400] {dagbag.py:539} INFO - Filling up the DagBag from /home/eduardo/airflow_venv/lib/python3.10/site-packages/airflow/example_dags/example_branch_datetime_operator.py
[2024-08-08T22:12:50.025+0400] {processor.py:839} INFO - DAG(s) dict_keys(['example_branch_datetime_operator_3', 'example_branch_datetime_operator', 'example_branch_datetime_operator_2']) retrieved from /home/eduardo/airflow_venv/lib/python3.10/site-packages/airflow/example_dags/example_branch_datetime_operator.py
[2024-08-08T22:12:50.065+0400] {logging_mixin.py:151} INFO - [2024-08-08T22:12:50.065+0400] {dag.py:2915} INFO - Sync 3 DAGs
[2024-08-08T22:12:50.091+0400] {logging_mixin.py:151} INFO - [2024-08-08T22:12:50.091+0400] {dag.py:3696} INFO - Setting next_dagrun for example_branch_datetime_operator to 2024-08-07T00:00:00+00:00, run_after=2024-08-08T00:00:00+00:00
[2024-08-08T22:12:50.095+0400] {logging_mixin.py:151} INFO - [2024-08-08T22:12:50.095+0400] {dag.py:3696} INFO - Setting next_dagrun for example_branch_datetime_operator_2 to 2024-08-07T00:00:00+00:00, run_after=2024-08-08T00:00:00+00:00
[2024-08-08T22:12:50.097+0400] {logging_mixin.py:151} INFO - [2024-08-08T22:12:50.097+0400] {dag.py:3696} INFO - Setting next_dagrun for example_branch_datetime_operator_3 to 2024-08-07T00:00:00+00:00, run_after=2024-08-08T00:00:00+00:00
[2024-08-08T22:12:50.147+0400] {processor.py:179} INFO - Processing /home/eduardo/airflow_venv/lib/python3.10/site-packages/airflow/example_dags/example_branch_datetime_operator.py took 0.156 seconds
[2024-08-08T22:13:37.332+0400] {processor.py:157} INFO - Started process (PID=11756) to work on /home/eduardo/airflow_venv/lib/python3.10/site-packages/airflow/example_dags/example_branch_datetime_operator.py
[2024-08-08T22:13:37.335+0400] {processor.py:829} INFO - Processing file /home/eduardo/airflow_venv/lib/python3.10/site-packages/airflow/example_dags/example_branch_datetime_operator.py for tasks to queue
[2024-08-08T22:13:37.336+0400] {logging_mixin.py:151} INFO - [2024-08-08T22:13:37.335+0400] {dagbag.py:539} INFO - Filling up the DagBag from /home/eduardo/airflow_venv/lib/python3.10/site-packages/airflow/example_dags/example_branch_datetime_operator.py
[2024-08-08T22:13:37.344+0400] {processor.py:839} INFO - DAG(s) dict_keys(['example_branch_datetime_operator_2', 'example_branch_datetime_operator_3', 'example_branch_datetime_operator']) retrieved from /home/eduardo/airflow_venv/lib/python3.10/site-packages/airflow/example_dags/example_branch_datetime_operator.py
[2024-08-08T22:13:37.365+0400] {logging_mixin.py:151} INFO - [2024-08-08T22:13:37.364+0400] {dag.py:2915} INFO - Sync 3 DAGs
[2024-08-08T22:13:37.385+0400] {logging_mixin.py:151} INFO - [2024-08-08T22:13:37.385+0400] {dag.py:3696} INFO - Setting next_dagrun for example_branch_datetime_operator to 2024-08-07T00:00:00+00:00, run_after=2024-08-08T00:00:00+00:00
[2024-08-08T22:13:37.388+0400] {logging_mixin.py:151} INFO - [2024-08-08T22:13:37.388+0400] {dag.py:3696} INFO - Setting next_dagrun for example_branch_datetime_operator_2 to 2024-08-07T00:00:00+00:00, run_after=2024-08-08T00:00:00+00:00
[2024-08-08T22:13:37.390+0400] {logging_mixin.py:151} INFO - [2024-08-08T22:13:37.390+0400] {dag.py:3696} INFO - Setting next_dagrun for example_branch_datetime_operator_3 to 2024-08-07T00:00:00+00:00, run_after=2024-08-08T00:00:00+00:00
[2024-08-08T22:13:37.422+0400] {processor.py:179} INFO - Processing /home/eduardo/airflow_venv/lib/python3.10/site-packages/airflow/example_dags/example_branch_datetime_operator.py took 0.094 seconds
[2024-08-08T22:14:23.568+0400] {processor.py:157} INFO - Started process (PID=12307) to work on /home/eduardo/airflow_venv/lib/python3.10/site-packages/airflow/example_dags/example_branch_datetime_operator.py
[2024-08-08T22:14:23.571+0400] {processor.py:829} INFO - Processing file /home/eduardo/airflow_venv/lib/python3.10/site-packages/airflow/example_dags/example_branch_datetime_operator.py for tasks to queue
[2024-08-08T22:14:23.572+0400] {logging_mixin.py:151} INFO - [2024-08-08T22:14:23.572+0400] {dagbag.py:539} INFO - Filling up the DagBag from /home/eduardo/airflow_venv/lib/python3.10/site-packages/airflow/example_dags/example_branch_datetime_operator.py
[2024-08-08T22:14:23.582+0400] {processor.py:839} INFO - DAG(s) dict_keys(['example_branch_datetime_operator', 'example_branch_datetime_operator_2', 'example_branch_datetime_operator_3']) retrieved from /home/eduardo/airflow_venv/lib/python3.10/site-packages/airflow/example_dags/example_branch_datetime_operator.py
[2024-08-08T22:14:23.590+0400] {logging_mixin.py:151} INFO - [2024-08-08T22:14:23.590+0400] {dag.py:2915} INFO - Sync 3 DAGs
[2024-08-08T22:14:23.608+0400] {logging_mixin.py:151} INFO - [2024-08-08T22:14:23.608+0400] {dag.py:3696} INFO - Setting next_dagrun for example_branch_datetime_operator to 2024-08-07T00:00:00+00:00, run_after=2024-08-08T00:00:00+00:00
[2024-08-08T22:14:23.611+0400] {logging_mixin.py:151} INFO - [2024-08-08T22:14:23.611+0400] {dag.py:3696} INFO - Setting next_dagrun for example_branch_datetime_operator_2 to 2024-08-07T00:00:00+00:00, run_after=2024-08-08T00:00:00+00:00
[2024-08-08T22:14:23.612+0400] {logging_mixin.py:151} INFO - [2024-08-08T22:14:23.612+0400] {dag.py:3696} INFO - Setting next_dagrun for example_branch_datetime_operator_3 to 2024-08-07T00:00:00+00:00, run_after=2024-08-08T00:00:00+00:00
[2024-08-08T22:14:23.638+0400] {processor.py:179} INFO - Processing /home/eduardo/airflow_venv/lib/python3.10/site-packages/airflow/example_dags/example_branch_datetime_operator.py took 0.076 seconds
[2024-08-08T22:15:15.566+0400] {processor.py:157} INFO - Started process (PID=12739) to work on /home/eduardo/airflow_venv/lib/python3.10/site-packages/airflow/example_dags/example_branch_datetime_operator.py
[2024-08-08T22:15:15.569+0400] {processor.py:829} INFO - Processing file /home/eduardo/airflow_venv/lib/python3.10/site-packages/airflow/example_dags/example_branch_datetime_operator.py for tasks to queue
[2024-08-08T22:15:15.570+0400] {logging_mixin.py:151} INFO - [2024-08-08T22:15:15.569+0400] {dagbag.py:539} INFO - Filling up the DagBag from /home/eduardo/airflow_venv/lib/python3.10/site-packages/airflow/example_dags/example_branch_datetime_operator.py
[2024-08-08T22:15:15.577+0400] {processor.py:839} INFO - DAG(s) dict_keys(['example_branch_datetime_operator', 'example_branch_datetime_operator_2', 'example_branch_datetime_operator_3']) retrieved from /home/eduardo/airflow_venv/lib/python3.10/site-packages/airflow/example_dags/example_branch_datetime_operator.py
[2024-08-08T22:15:15.595+0400] {logging_mixin.py:151} INFO - [2024-08-08T22:15:15.595+0400] {dag.py:2915} INFO - Sync 3 DAGs
[2024-08-08T22:15:15.611+0400] {logging_mixin.py:151} INFO - [2024-08-08T22:15:15.610+0400] {dag.py:3696} INFO - Setting next_dagrun for example_branch_datetime_operator to 2024-08-07T00:00:00+00:00, run_after=2024-08-08T00:00:00+00:00
[2024-08-08T22:15:15.614+0400] {logging_mixin.py:151} INFO - [2024-08-08T22:15:15.613+0400] {dag.py:3696} INFO - Setting next_dagrun for example_branch_datetime_operator_2 to 2024-08-07T00:00:00+00:00, run_after=2024-08-08T00:00:00+00:00
[2024-08-08T22:15:15.615+0400] {logging_mixin.py:151} INFO - [2024-08-08T22:15:15.615+0400] {dag.py:3696} INFO - Setting next_dagrun for example_branch_datetime_operator_3 to 2024-08-07T00:00:00+00:00, run_after=2024-08-08T00:00:00+00:00
[2024-08-08T22:15:15.643+0400] {processor.py:179} INFO - Processing /home/eduardo/airflow_venv/lib/python3.10/site-packages/airflow/example_dags/example_branch_datetime_operator.py took 0.080 seconds
[2024-08-08T22:16:07.595+0400] {processor.py:157} INFO - Started process (PID=13231) to work on /home/eduardo/airflow_venv/lib/python3.10/site-packages/airflow/example_dags/example_branch_datetime_operator.py
[2024-08-08T22:16:07.597+0400] {processor.py:829} INFO - Processing file /home/eduardo/airflow_venv/lib/python3.10/site-packages/airflow/example_dags/example_branch_datetime_operator.py for tasks to queue
[2024-08-08T22:16:07.598+0400] {logging_mixin.py:151} INFO - [2024-08-08T22:16:07.597+0400] {dagbag.py:539} INFO - Filling up the DagBag from /home/eduardo/airflow_venv/lib/python3.10/site-packages/airflow/example_dags/example_branch_datetime_operator.py
[2024-08-08T22:16:07.615+0400] {processor.py:839} INFO - DAG(s) dict_keys(['example_branch_datetime_operator_3', 'example_branch_datetime_operator', 'example_branch_datetime_operator_2']) retrieved from /home/eduardo/airflow_venv/lib/python3.10/site-packages/airflow/example_dags/example_branch_datetime_operator.py
[2024-08-08T22:16:07.647+0400] {logging_mixin.py:151} INFO - [2024-08-08T22:16:07.647+0400] {dag.py:2915} INFO - Sync 3 DAGs
[2024-08-08T22:16:07.678+0400] {logging_mixin.py:151} INFO - [2024-08-08T22:16:07.677+0400] {dag.py:3696} INFO - Setting next_dagrun for example_branch_datetime_operator to 2024-08-07T00:00:00+00:00, run_after=2024-08-08T00:00:00+00:00
[2024-08-08T22:16:07.684+0400] {logging_mixin.py:151} INFO - [2024-08-08T22:16:07.684+0400] {dag.py:3696} INFO - Setting next_dagrun for example_branch_datetime_operator_2 to 2024-08-07T00:00:00+00:00, run_after=2024-08-08T00:00:00+00:00
[2024-08-08T22:16:07.686+0400] {logging_mixin.py:151} INFO - [2024-08-08T22:16:07.686+0400] {dag.py:3696} INFO - Setting next_dagrun for example_branch_datetime_operator_3 to 2024-08-07T00:00:00+00:00, run_after=2024-08-08T00:00:00+00:00
[2024-08-08T22:16:07.726+0400] {processor.py:179} INFO - Processing /home/eduardo/airflow_venv/lib/python3.10/site-packages/airflow/example_dags/example_branch_datetime_operator.py took 0.138 seconds
[2024-08-08T22:16:57.377+0400] {processor.py:157} INFO - Started process (PID=13759) to work on /home/eduardo/airflow_venv/lib/python3.10/site-packages/airflow/example_dags/example_branch_datetime_operator.py
[2024-08-08T22:16:57.379+0400] {processor.py:829} INFO - Processing file /home/eduardo/airflow_venv/lib/python3.10/site-packages/airflow/example_dags/example_branch_datetime_operator.py for tasks to queue
[2024-08-08T22:16:57.380+0400] {logging_mixin.py:151} INFO - [2024-08-08T22:16:57.380+0400] {dagbag.py:539} INFO - Filling up the DagBag from /home/eduardo/airflow_venv/lib/python3.10/site-packages/airflow/example_dags/example_branch_datetime_operator.py
[2024-08-08T22:16:57.396+0400] {processor.py:839} INFO - DAG(s) dict_keys(['example_branch_datetime_operator_2', 'example_branch_datetime_operator', 'example_branch_datetime_operator_3']) retrieved from /home/eduardo/airflow_venv/lib/python3.10/site-packages/airflow/example_dags/example_branch_datetime_operator.py
[2024-08-08T22:16:57.427+0400] {logging_mixin.py:151} INFO - [2024-08-08T22:16:57.427+0400] {dag.py:2915} INFO - Sync 3 DAGs
[2024-08-08T22:16:57.453+0400] {logging_mixin.py:151} INFO - [2024-08-08T22:16:57.452+0400] {dag.py:3696} INFO - Setting next_dagrun for example_branch_datetime_operator to 2024-08-07T00:00:00+00:00, run_after=2024-08-08T00:00:00+00:00
[2024-08-08T22:16:57.460+0400] {logging_mixin.py:151} INFO - [2024-08-08T22:16:57.460+0400] {dag.py:3696} INFO - Setting next_dagrun for example_branch_datetime_operator_2 to 2024-08-07T00:00:00+00:00, run_after=2024-08-08T00:00:00+00:00
[2024-08-08T22:16:57.464+0400] {logging_mixin.py:151} INFO - [2024-08-08T22:16:57.464+0400] {dag.py:3696} INFO - Setting next_dagrun for example_branch_datetime_operator_3 to 2024-08-07T00:00:00+00:00, run_after=2024-08-08T00:00:00+00:00
[2024-08-08T22:16:57.511+0400] {processor.py:179} INFO - Processing /home/eduardo/airflow_venv/lib/python3.10/site-packages/airflow/example_dags/example_branch_datetime_operator.py took 0.139 seconds
[2024-08-08T22:17:51.595+0400] {processor.py:157} INFO - Started process (PID=14244) to work on /home/eduardo/airflow_venv/lib/python3.10/site-packages/airflow/example_dags/example_branch_datetime_operator.py
[2024-08-08T22:17:51.598+0400] {processor.py:829} INFO - Processing file /home/eduardo/airflow_venv/lib/python3.10/site-packages/airflow/example_dags/example_branch_datetime_operator.py for tasks to queue
[2024-08-08T22:17:51.600+0400] {logging_mixin.py:151} INFO - [2024-08-08T22:17:51.599+0400] {dagbag.py:539} INFO - Filling up the DagBag from /home/eduardo/airflow_venv/lib/python3.10/site-packages/airflow/example_dags/example_branch_datetime_operator.py
[2024-08-08T22:17:51.612+0400] {processor.py:839} INFO - DAG(s) dict_keys(['example_branch_datetime_operator', 'example_branch_datetime_operator_3', 'example_branch_datetime_operator_2']) retrieved from /home/eduardo/airflow_venv/lib/python3.10/site-packages/airflow/example_dags/example_branch_datetime_operator.py
[2024-08-08T22:17:51.640+0400] {logging_mixin.py:151} INFO - [2024-08-08T22:17:51.640+0400] {dag.py:2915} INFO - Sync 3 DAGs
[2024-08-08T22:17:51.668+0400] {logging_mixin.py:151} INFO - [2024-08-08T22:17:51.668+0400] {dag.py:3696} INFO - Setting next_dagrun for example_branch_datetime_operator to 2024-08-07T00:00:00+00:00, run_after=2024-08-08T00:00:00+00:00
[2024-08-08T22:17:51.677+0400] {logging_mixin.py:151} INFO - [2024-08-08T22:17:51.676+0400] {dag.py:3696} INFO - Setting next_dagrun for example_branch_datetime_operator_2 to 2024-08-07T00:00:00+00:00, run_after=2024-08-08T00:00:00+00:00
[2024-08-08T22:17:51.681+0400] {logging_mixin.py:151} INFO - [2024-08-08T22:17:51.680+0400] {dag.py:3696} INFO - Setting next_dagrun for example_branch_datetime_operator_3 to 2024-08-07T00:00:00+00:00, run_after=2024-08-08T00:00:00+00:00
[2024-08-08T22:17:51.723+0400] {processor.py:179} INFO - Processing /home/eduardo/airflow_venv/lib/python3.10/site-packages/airflow/example_dags/example_branch_datetime_operator.py took 0.131 seconds
[2024-08-08T22:18:44.078+0400] {processor.py:157} INFO - Started process (PID=14651) to work on /home/eduardo/airflow_venv/lib/python3.10/site-packages/airflow/example_dags/example_branch_datetime_operator.py
[2024-08-08T22:18:44.081+0400] {processor.py:829} INFO - Processing file /home/eduardo/airflow_venv/lib/python3.10/site-packages/airflow/example_dags/example_branch_datetime_operator.py for tasks to queue
[2024-08-08T22:18:44.082+0400] {logging_mixin.py:151} INFO - [2024-08-08T22:18:44.082+0400] {dagbag.py:539} INFO - Filling up the DagBag from /home/eduardo/airflow_venv/lib/python3.10/site-packages/airflow/example_dags/example_branch_datetime_operator.py
[2024-08-08T22:18:44.093+0400] {processor.py:839} INFO - DAG(s) dict_keys(['example_branch_datetime_operator', 'example_branch_datetime_operator_3', 'example_branch_datetime_operator_2']) retrieved from /home/eduardo/airflow_venv/lib/python3.10/site-packages/airflow/example_dags/example_branch_datetime_operator.py
[2024-08-08T22:18:44.118+0400] {logging_mixin.py:151} INFO - [2024-08-08T22:18:44.118+0400] {dag.py:2915} INFO - Sync 3 DAGs
[2024-08-08T22:18:44.137+0400] {logging_mixin.py:151} INFO - [2024-08-08T22:18:44.136+0400] {dag.py:3696} INFO - Setting next_dagrun for example_branch_datetime_operator to 2024-08-07T00:00:00+00:00, run_after=2024-08-08T00:00:00+00:00
[2024-08-08T22:18:44.140+0400] {logging_mixin.py:151} INFO - [2024-08-08T22:18:44.140+0400] {dag.py:3696} INFO - Setting next_dagrun for example_branch_datetime_operator_2 to 2024-08-07T00:00:00+00:00, run_after=2024-08-08T00:00:00+00:00
[2024-08-08T22:18:44.142+0400] {logging_mixin.py:151} INFO - [2024-08-08T22:18:44.142+0400] {dag.py:3696} INFO - Setting next_dagrun for example_branch_datetime_operator_3 to 2024-08-07T00:00:00+00:00, run_after=2024-08-08T00:00:00+00:00
[2024-08-08T22:18:44.174+0400] {processor.py:179} INFO - Processing /home/eduardo/airflow_venv/lib/python3.10/site-packages/airflow/example_dags/example_branch_datetime_operator.py took 0.100 seconds
[2024-08-08T22:19:36.555+0400] {processor.py:157} INFO - Started process (PID=15087) to work on /home/eduardo/airflow_venv/lib/python3.10/site-packages/airflow/example_dags/example_branch_datetime_operator.py
[2024-08-08T22:19:36.558+0400] {processor.py:829} INFO - Processing file /home/eduardo/airflow_venv/lib/python3.10/site-packages/airflow/example_dags/example_branch_datetime_operator.py for tasks to queue
[2024-08-08T22:19:36.559+0400] {logging_mixin.py:151} INFO - [2024-08-08T22:19:36.559+0400] {dagbag.py:539} INFO - Filling up the DagBag from /home/eduardo/airflow_venv/lib/python3.10/site-packages/airflow/example_dags/example_branch_datetime_operator.py
[2024-08-08T22:19:36.569+0400] {processor.py:839} INFO - DAG(s) dict_keys(['example_branch_datetime_operator', 'example_branch_datetime_operator_3', 'example_branch_datetime_operator_2']) retrieved from /home/eduardo/airflow_venv/lib/python3.10/site-packages/airflow/example_dags/example_branch_datetime_operator.py
[2024-08-08T22:19:36.591+0400] {logging_mixin.py:151} INFO - [2024-08-08T22:19:36.591+0400] {dag.py:2915} INFO - Sync 3 DAGs
[2024-08-08T22:19:36.612+0400] {logging_mixin.py:151} INFO - [2024-08-08T22:19:36.612+0400] {dag.py:3696} INFO - Setting next_dagrun for example_branch_datetime_operator to 2024-08-07T00:00:00+00:00, run_after=2024-08-08T00:00:00+00:00
[2024-08-08T22:19:36.616+0400] {logging_mixin.py:151} INFO - [2024-08-08T22:19:36.616+0400] {dag.py:3696} INFO - Setting next_dagrun for example_branch_datetime_operator_2 to 2024-08-07T00:00:00+00:00, run_after=2024-08-08T00:00:00+00:00
[2024-08-08T22:19:36.617+0400] {logging_mixin.py:151} INFO - [2024-08-08T22:19:36.617+0400] {dag.py:3696} INFO - Setting next_dagrun for example_branch_datetime_operator_3 to 2024-08-07T00:00:00+00:00, run_after=2024-08-08T00:00:00+00:00
[2024-08-08T22:19:36.655+0400] {processor.py:179} INFO - Processing /home/eduardo/airflow_venv/lib/python3.10/site-packages/airflow/example_dags/example_branch_datetime_operator.py took 0.103 seconds
[2024-08-08T22:20:27.745+0400] {processor.py:157} INFO - Started process (PID=15487) to work on /home/eduardo/airflow_venv/lib/python3.10/site-packages/airflow/example_dags/example_branch_datetime_operator.py
[2024-08-08T22:20:27.748+0400] {processor.py:829} INFO - Processing file /home/eduardo/airflow_venv/lib/python3.10/site-packages/airflow/example_dags/example_branch_datetime_operator.py for tasks to queue
[2024-08-08T22:20:27.749+0400] {logging_mixin.py:151} INFO - [2024-08-08T22:20:27.748+0400] {dagbag.py:539} INFO - Filling up the DagBag from /home/eduardo/airflow_venv/lib/python3.10/site-packages/airflow/example_dags/example_branch_datetime_operator.py
[2024-08-08T22:20:27.760+0400] {processor.py:839} INFO - DAG(s) dict_keys(['example_branch_datetime_operator_2', 'example_branch_datetime_operator_3', 'example_branch_datetime_operator']) retrieved from /home/eduardo/airflow_venv/lib/python3.10/site-packages/airflow/example_dags/example_branch_datetime_operator.py
[2024-08-08T22:20:27.786+0400] {logging_mixin.py:151} INFO - [2024-08-08T22:20:27.786+0400] {dag.py:2915} INFO - Sync 3 DAGs
[2024-08-08T22:20:27.804+0400] {logging_mixin.py:151} INFO - [2024-08-08T22:20:27.803+0400] {dag.py:3696} INFO - Setting next_dagrun for example_branch_datetime_operator to 2024-08-07T00:00:00+00:00, run_after=2024-08-08T00:00:00+00:00
[2024-08-08T22:20:27.807+0400] {logging_mixin.py:151} INFO - [2024-08-08T22:20:27.806+0400] {dag.py:3696} INFO - Setting next_dagrun for example_branch_datetime_operator_2 to 2024-08-07T00:00:00+00:00, run_after=2024-08-08T00:00:00+00:00
[2024-08-08T22:20:27.808+0400] {logging_mixin.py:151} INFO - [2024-08-08T22:20:27.808+0400] {dag.py:3696} INFO - Setting next_dagrun for example_branch_datetime_operator_3 to 2024-08-07T00:00:00+00:00, run_after=2024-08-08T00:00:00+00:00
[2024-08-08T22:20:27.843+0400] {processor.py:179} INFO - Processing /home/eduardo/airflow_venv/lib/python3.10/site-packages/airflow/example_dags/example_branch_datetime_operator.py took 0.104 seconds
[2024-08-08T22:21:16.894+0400] {processor.py:157} INFO - Started process (PID=15944) to work on /home/eduardo/airflow_venv/lib/python3.10/site-packages/airflow/example_dags/example_branch_datetime_operator.py
[2024-08-08T22:21:16.897+0400] {processor.py:829} INFO - Processing file /home/eduardo/airflow_venv/lib/python3.10/site-packages/airflow/example_dags/example_branch_datetime_operator.py for tasks to queue
[2024-08-08T22:21:16.898+0400] {logging_mixin.py:151} INFO - [2024-08-08T22:21:16.897+0400] {dagbag.py:539} INFO - Filling up the DagBag from /home/eduardo/airflow_venv/lib/python3.10/site-packages/airflow/example_dags/example_branch_datetime_operator.py
[2024-08-08T22:21:16.910+0400] {processor.py:839} INFO - DAG(s) dict_keys(['example_branch_datetime_operator_2', 'example_branch_datetime_operator', 'example_branch_datetime_operator_3']) retrieved from /home/eduardo/airflow_venv/lib/python3.10/site-packages/airflow/example_dags/example_branch_datetime_operator.py
[2024-08-08T22:21:16.939+0400] {logging_mixin.py:151} INFO - [2024-08-08T22:21:16.938+0400] {dag.py:2915} INFO - Sync 3 DAGs
[2024-08-08T22:21:16.967+0400] {logging_mixin.py:151} INFO - [2024-08-08T22:21:16.967+0400] {dag.py:3696} INFO - Setting next_dagrun for example_branch_datetime_operator to 2024-08-07T00:00:00+00:00, run_after=2024-08-08T00:00:00+00:00
[2024-08-08T22:21:16.972+0400] {logging_mixin.py:151} INFO - [2024-08-08T22:21:16.972+0400] {dag.py:3696} INFO - Setting next_dagrun for example_branch_datetime_operator_2 to 2024-08-07T00:00:00+00:00, run_after=2024-08-08T00:00:00+00:00
[2024-08-08T22:21:16.975+0400] {logging_mixin.py:151} INFO - [2024-08-08T22:21:16.975+0400] {dag.py:3696} INFO - Setting next_dagrun for example_branch_datetime_operator_3 to 2024-08-07T00:00:00+00:00, run_after=2024-08-08T00:00:00+00:00
[2024-08-08T22:21:17.011+0400] {processor.py:179} INFO - Processing /home/eduardo/airflow_venv/lib/python3.10/site-packages/airflow/example_dags/example_branch_datetime_operator.py took 0.122 seconds
[2024-08-08T22:22:11.012+0400] {processor.py:157} INFO - Started process (PID=16406) to work on /home/eduardo/airflow_venv/lib/python3.10/site-packages/airflow/example_dags/example_branch_datetime_operator.py
[2024-08-08T22:22:11.015+0400] {processor.py:829} INFO - Processing file /home/eduardo/airflow_venv/lib/python3.10/site-packages/airflow/example_dags/example_branch_datetime_operator.py for tasks to queue
[2024-08-08T22:22:11.016+0400] {logging_mixin.py:151} INFO - [2024-08-08T22:22:11.015+0400] {dagbag.py:539} INFO - Filling up the DagBag from /home/eduardo/airflow_venv/lib/python3.10/site-packages/airflow/example_dags/example_branch_datetime_operator.py
[2024-08-08T22:22:11.029+0400] {processor.py:839} INFO - DAG(s) dict_keys(['example_branch_datetime_operator_3', 'example_branch_datetime_operator_2', 'example_branch_datetime_operator']) retrieved from /home/eduardo/airflow_venv/lib/python3.10/site-packages/airflow/example_dags/example_branch_datetime_operator.py
[2024-08-08T22:22:11.055+0400] {logging_mixin.py:151} INFO - [2024-08-08T22:22:11.054+0400] {dag.py:2915} INFO - Sync 3 DAGs
[2024-08-08T22:22:11.086+0400] {logging_mixin.py:151} INFO - [2024-08-08T22:22:11.086+0400] {dag.py:3696} INFO - Setting next_dagrun for example_branch_datetime_operator to 2024-08-07T00:00:00+00:00, run_after=2024-08-08T00:00:00+00:00
[2024-08-08T22:22:11.089+0400] {logging_mixin.py:151} INFO - [2024-08-08T22:22:11.089+0400] {dag.py:3696} INFO - Setting next_dagrun for example_branch_datetime_operator_2 to 2024-08-07T00:00:00+00:00, run_after=2024-08-08T00:00:00+00:00
[2024-08-08T22:22:11.091+0400] {logging_mixin.py:151} INFO - [2024-08-08T22:22:11.091+0400] {dag.py:3696} INFO - Setting next_dagrun for example_branch_datetime_operator_3 to 2024-08-07T00:00:00+00:00, run_after=2024-08-08T00:00:00+00:00
[2024-08-08T22:22:11.126+0400] {processor.py:179} INFO - Processing /home/eduardo/airflow_venv/lib/python3.10/site-packages/airflow/example_dags/example_branch_datetime_operator.py took 0.118 seconds
[2024-08-08T22:23:00.383+0400] {processor.py:157} INFO - Started process (PID=16794) to work on /home/eduardo/airflow_venv/lib/python3.10/site-packages/airflow/example_dags/example_branch_datetime_operator.py
[2024-08-08T22:23:00.386+0400] {processor.py:829} INFO - Processing file /home/eduardo/airflow_venv/lib/python3.10/site-packages/airflow/example_dags/example_branch_datetime_operator.py for tasks to queue
[2024-08-08T22:23:00.387+0400] {logging_mixin.py:151} INFO - [2024-08-08T22:23:00.386+0400] {dagbag.py:539} INFO - Filling up the DagBag from /home/eduardo/airflow_venv/lib/python3.10/site-packages/airflow/example_dags/example_branch_datetime_operator.py
[2024-08-08T22:23:00.394+0400] {processor.py:839} INFO - DAG(s) dict_keys(['example_branch_datetime_operator_3', 'example_branch_datetime_operator_2', 'example_branch_datetime_operator']) retrieved from /home/eduardo/airflow_venv/lib/python3.10/site-packages/airflow/example_dags/example_branch_datetime_operator.py
[2024-08-08T22:23:00.413+0400] {logging_mixin.py:151} INFO - [2024-08-08T22:23:00.413+0400] {dag.py:2915} INFO - Sync 3 DAGs
[2024-08-08T22:23:00.436+0400] {logging_mixin.py:151} INFO - [2024-08-08T22:23:00.435+0400] {dag.py:3696} INFO - Setting next_dagrun for example_branch_datetime_operator to 2024-08-07T00:00:00+00:00, run_after=2024-08-08T00:00:00+00:00
[2024-08-08T22:23:00.439+0400] {logging_mixin.py:151} INFO - [2024-08-08T22:23:00.439+0400] {dag.py:3696} INFO - Setting next_dagrun for example_branch_datetime_operator_2 to 2024-08-07T00:00:00+00:00, run_after=2024-08-08T00:00:00+00:00
[2024-08-08T22:23:00.441+0400] {logging_mixin.py:151} INFO - [2024-08-08T22:23:00.441+0400] {dag.py:3696} INFO - Setting next_dagrun for example_branch_datetime_operator_3 to 2024-08-07T00:00:00+00:00, run_after=2024-08-08T00:00:00+00:00
[2024-08-08T22:23:00.473+0400] {processor.py:179} INFO - Processing /home/eduardo/airflow_venv/lib/python3.10/site-packages/airflow/example_dags/example_branch_datetime_operator.py took 0.093 seconds
