[2024-08-08T20:18:34.643+0400] {processor.py:157} INFO - Started process (PID=6820) to work on /home/eduardo/airflow_venv/lib/python3.10/site-packages/airflow/example_dags/example_external_task_marker_dag.py
[2024-08-08T20:18:34.644+0400] {processor.py:829} INFO - Processing file /home/eduardo/airflow_venv/lib/python3.10/site-packages/airflow/example_dags/example_external_task_marker_dag.py for tasks to queue
[2024-08-08T20:18:34.645+0400] {logging_mixin.py:151} INFO - [2024-08-08T20:18:34.645+0400] {dagbag.py:539} INFO - Filling up the DagBag from /home/eduardo/airflow_venv/lib/python3.10/site-packages/airflow/example_dags/example_external_task_marker_dag.py
[2024-08-08T20:18:34.652+0400] {processor.py:839} INFO - DAG(s) dict_keys(['example_external_task_marker_parent', 'example_external_task_marker_child']) retrieved from /home/eduardo/airflow_venv/lib/python3.10/site-packages/airflow/example_dags/example_external_task_marker_dag.py
[2024-08-08T20:18:34.806+0400] {logging_mixin.py:151} INFO - [2024-08-08T20:18:34.806+0400] {manager.py:499} INFO - Created Permission View: %s
[2024-08-08T20:18:34.830+0400] {logging_mixin.py:151} INFO - [2024-08-08T20:18:34.829+0400] {manager.py:499} INFO - Created Permission View: %s
[2024-08-08T20:18:34.861+0400] {logging_mixin.py:151} INFO - [2024-08-08T20:18:34.861+0400] {manager.py:499} INFO - Created Permission View: %s
[2024-08-08T20:18:34.862+0400] {logging_mixin.py:151} INFO - [2024-08-08T20:18:34.861+0400] {security.py:708} INFO - Not syncing DAG-level permissions for DAG 'DAG:example_external_task_marker_parent' as access control is unset.
[2024-08-08T20:18:34.919+0400] {logging_mixin.py:151} INFO - [2024-08-08T20:18:34.919+0400] {manager.py:499} INFO - Created Permission View: %s
[2024-08-08T20:18:34.936+0400] {logging_mixin.py:151} INFO - [2024-08-08T20:18:34.936+0400] {manager.py:499} INFO - Created Permission View: %s
[2024-08-08T20:18:34.959+0400] {logging_mixin.py:151} INFO - [2024-08-08T20:18:34.959+0400] {manager.py:499} INFO - Created Permission View: %s
[2024-08-08T20:18:34.959+0400] {logging_mixin.py:151} INFO - [2024-08-08T20:18:34.959+0400] {security.py:708} INFO - Not syncing DAG-level permissions for DAG 'DAG:example_external_task_marker_child' as access control is unset.
[2024-08-08T20:18:34.959+0400] {logging_mixin.py:151} INFO - [2024-08-08T20:18:34.959+0400] {dag.py:2915} INFO - Sync 2 DAGs
[2024-08-08T20:18:34.986+0400] {logging_mixin.py:151} INFO - [2024-08-08T20:18:34.986+0400] {dag.py:2937} INFO - Creating ORM DAG for example_external_task_marker_parent
[2024-08-08T20:18:34.986+0400] {logging_mixin.py:151} INFO - [2024-08-08T20:18:34.986+0400] {dag.py:2937} INFO - Creating ORM DAG for example_external_task_marker_child
[2024-08-08T20:18:34.986+0400] {logging_mixin.py:151} INFO - [2024-08-08T20:18:34.986+0400] {dag.py:3696} INFO - Setting next_dagrun for example_external_task_marker_child to None, run_after=None
[2024-08-08T20:18:34.987+0400] {logging_mixin.py:151} INFO - [2024-08-08T20:18:34.987+0400] {dag.py:3696} INFO - Setting next_dagrun for example_external_task_marker_parent to None, run_after=None
[2024-08-08T20:18:35.042+0400] {processor.py:179} INFO - Processing /home/eduardo/airflow_venv/lib/python3.10/site-packages/airflow/example_dags/example_external_task_marker_dag.py took 0.401 seconds
[2024-08-08T20:19:23.359+0400] {processor.py:157} INFO - Started process (PID=6868) to work on /home/eduardo/airflow_venv/lib/python3.10/site-packages/airflow/example_dags/example_external_task_marker_dag.py
[2024-08-08T20:19:23.360+0400] {processor.py:829} INFO - Processing file /home/eduardo/airflow_venv/lib/python3.10/site-packages/airflow/example_dags/example_external_task_marker_dag.py for tasks to queue
[2024-08-08T20:19:23.361+0400] {logging_mixin.py:151} INFO - [2024-08-08T20:19:23.360+0400] {dagbag.py:539} INFO - Filling up the DagBag from /home/eduardo/airflow_venv/lib/python3.10/site-packages/airflow/example_dags/example_external_task_marker_dag.py
[2024-08-08T20:19:23.365+0400] {processor.py:839} INFO - DAG(s) dict_keys(['example_external_task_marker_child', 'example_external_task_marker_parent']) retrieved from /home/eduardo/airflow_venv/lib/python3.10/site-packages/airflow/example_dags/example_external_task_marker_dag.py
[2024-08-08T20:19:23.377+0400] {logging_mixin.py:151} INFO - [2024-08-08T20:19:23.377+0400] {dag.py:2915} INFO - Sync 2 DAGs
[2024-08-08T20:19:23.387+0400] {logging_mixin.py:151} INFO - [2024-08-08T20:19:23.387+0400] {dag.py:3696} INFO - Setting next_dagrun for example_external_task_marker_child to None, run_after=None
[2024-08-08T20:19:23.390+0400] {logging_mixin.py:151} INFO - [2024-08-08T20:19:23.390+0400] {dag.py:3696} INFO - Setting next_dagrun for example_external_task_marker_parent to None, run_after=None
[2024-08-08T20:19:23.417+0400] {processor.py:179} INFO - Processing /home/eduardo/airflow_venv/lib/python3.10/site-packages/airflow/example_dags/example_external_task_marker_dag.py took 0.060 seconds
[2024-08-08T20:20:08.374+0400] {processor.py:157} INFO - Started process (PID=6916) to work on /home/eduardo/airflow_venv/lib/python3.10/site-packages/airflow/example_dags/example_external_task_marker_dag.py
[2024-08-08T20:20:08.375+0400] {processor.py:829} INFO - Processing file /home/eduardo/airflow_venv/lib/python3.10/site-packages/airflow/example_dags/example_external_task_marker_dag.py for tasks to queue
[2024-08-08T20:20:08.375+0400] {logging_mixin.py:151} INFO - [2024-08-08T20:20:08.375+0400] {dagbag.py:539} INFO - Filling up the DagBag from /home/eduardo/airflow_venv/lib/python3.10/site-packages/airflow/example_dags/example_external_task_marker_dag.py
[2024-08-08T20:20:08.383+0400] {processor.py:839} INFO - DAG(s) dict_keys(['example_external_task_marker_parent', 'example_external_task_marker_child']) retrieved from /home/eduardo/airflow_venv/lib/python3.10/site-packages/airflow/example_dags/example_external_task_marker_dag.py
[2024-08-08T20:20:08.400+0400] {logging_mixin.py:151} INFO - [2024-08-08T20:20:08.400+0400] {dag.py:2915} INFO - Sync 2 DAGs
[2024-08-08T20:20:08.408+0400] {logging_mixin.py:151} INFO - [2024-08-08T20:20:08.408+0400] {dag.py:3696} INFO - Setting next_dagrun for example_external_task_marker_child to None, run_after=None
[2024-08-08T20:20:08.410+0400] {logging_mixin.py:151} INFO - [2024-08-08T20:20:08.409+0400] {dag.py:3696} INFO - Setting next_dagrun for example_external_task_marker_parent to None, run_after=None
[2024-08-08T20:20:08.435+0400] {processor.py:179} INFO - Processing /home/eduardo/airflow_venv/lib/python3.10/site-packages/airflow/example_dags/example_external_task_marker_dag.py took 0.064 seconds
[2024-08-08T20:20:47.372+0400] {processor.py:157} INFO - Started process (PID=6958) to work on /home/eduardo/airflow_venv/lib/python3.10/site-packages/airflow/example_dags/example_external_task_marker_dag.py
[2024-08-08T20:20:47.373+0400] {processor.py:829} INFO - Processing file /home/eduardo/airflow_venv/lib/python3.10/site-packages/airflow/example_dags/example_external_task_marker_dag.py for tasks to queue
[2024-08-08T20:20:47.374+0400] {logging_mixin.py:151} INFO - [2024-08-08T20:20:47.373+0400] {dagbag.py:539} INFO - Filling up the DagBag from /home/eduardo/airflow_venv/lib/python3.10/site-packages/airflow/example_dags/example_external_task_marker_dag.py
[2024-08-08T20:20:47.378+0400] {processor.py:839} INFO - DAG(s) dict_keys(['example_external_task_marker_parent', 'example_external_task_marker_child']) retrieved from /home/eduardo/airflow_venv/lib/python3.10/site-packages/airflow/example_dags/example_external_task_marker_dag.py
[2024-08-08T20:20:47.391+0400] {logging_mixin.py:151} INFO - [2024-08-08T20:20:47.391+0400] {dag.py:2915} INFO - Sync 2 DAGs
[2024-08-08T20:20:47.397+0400] {logging_mixin.py:151} INFO - [2024-08-08T20:20:47.397+0400] {dag.py:3696} INFO - Setting next_dagrun for example_external_task_marker_child to None, run_after=None
[2024-08-08T20:20:47.399+0400] {logging_mixin.py:151} INFO - [2024-08-08T20:20:47.399+0400] {dag.py:3696} INFO - Setting next_dagrun for example_external_task_marker_parent to None, run_after=None
[2024-08-08T20:20:47.428+0400] {processor.py:179} INFO - Processing /home/eduardo/airflow_venv/lib/python3.10/site-packages/airflow/example_dags/example_external_task_marker_dag.py took 0.059 seconds
[2024-08-08T20:21:29.330+0400] {processor.py:157} INFO - Started process (PID=7003) to work on /home/eduardo/airflow_venv/lib/python3.10/site-packages/airflow/example_dags/example_external_task_marker_dag.py
[2024-08-08T20:21:29.332+0400] {processor.py:829} INFO - Processing file /home/eduardo/airflow_venv/lib/python3.10/site-packages/airflow/example_dags/example_external_task_marker_dag.py for tasks to queue
[2024-08-08T20:21:29.332+0400] {logging_mixin.py:151} INFO - [2024-08-08T20:21:29.332+0400] {dagbag.py:539} INFO - Filling up the DagBag from /home/eduardo/airflow_venv/lib/python3.10/site-packages/airflow/example_dags/example_external_task_marker_dag.py
[2024-08-08T20:21:29.337+0400] {processor.py:839} INFO - DAG(s) dict_keys(['example_external_task_marker_child', 'example_external_task_marker_parent']) retrieved from /home/eduardo/airflow_venv/lib/python3.10/site-packages/airflow/example_dags/example_external_task_marker_dag.py
[2024-08-08T20:21:29.350+0400] {logging_mixin.py:151} INFO - [2024-08-08T20:21:29.350+0400] {dag.py:2915} INFO - Sync 2 DAGs
[2024-08-08T20:21:29.358+0400] {logging_mixin.py:151} INFO - [2024-08-08T20:21:29.358+0400] {dag.py:3696} INFO - Setting next_dagrun for example_external_task_marker_child to None, run_after=None
[2024-08-08T20:21:29.361+0400] {logging_mixin.py:151} INFO - [2024-08-08T20:21:29.361+0400] {dag.py:3696} INFO - Setting next_dagrun for example_external_task_marker_parent to None, run_after=None
[2024-08-08T20:21:29.385+0400] {processor.py:179} INFO - Processing /home/eduardo/airflow_venv/lib/python3.10/site-packages/airflow/example_dags/example_external_task_marker_dag.py took 0.058 seconds
[2024-08-08T20:22:10.989+0400] {processor.py:157} INFO - Started process (PID=7046) to work on /home/eduardo/airflow_venv/lib/python3.10/site-packages/airflow/example_dags/example_external_task_marker_dag.py
[2024-08-08T20:22:10.991+0400] {processor.py:829} INFO - Processing file /home/eduardo/airflow_venv/lib/python3.10/site-packages/airflow/example_dags/example_external_task_marker_dag.py for tasks to queue
[2024-08-08T20:22:10.991+0400] {logging_mixin.py:151} INFO - [2024-08-08T20:22:10.991+0400] {dagbag.py:539} INFO - Filling up the DagBag from /home/eduardo/airflow_venv/lib/python3.10/site-packages/airflow/example_dags/example_external_task_marker_dag.py
[2024-08-08T20:22:10.997+0400] {processor.py:839} INFO - DAG(s) dict_keys(['example_external_task_marker_parent', 'example_external_task_marker_child']) retrieved from /home/eduardo/airflow_venv/lib/python3.10/site-packages/airflow/example_dags/example_external_task_marker_dag.py
[2024-08-08T20:22:11.014+0400] {logging_mixin.py:151} INFO - [2024-08-08T20:22:11.014+0400] {dag.py:2915} INFO - Sync 2 DAGs
[2024-08-08T20:22:11.023+0400] {logging_mixin.py:151} INFO - [2024-08-08T20:22:11.022+0400] {dag.py:3696} INFO - Setting next_dagrun for example_external_task_marker_child to None, run_after=None
[2024-08-08T20:22:11.025+0400] {logging_mixin.py:151} INFO - [2024-08-08T20:22:11.024+0400] {dag.py:3696} INFO - Setting next_dagrun for example_external_task_marker_parent to None, run_after=None
[2024-08-08T20:22:11.053+0400] {processor.py:179} INFO - Processing /home/eduardo/airflow_venv/lib/python3.10/site-packages/airflow/example_dags/example_external_task_marker_dag.py took 0.068 seconds
[2024-08-08T20:22:56.557+0400] {processor.py:157} INFO - Started process (PID=7111) to work on /home/eduardo/airflow_venv/lib/python3.10/site-packages/airflow/example_dags/example_external_task_marker_dag.py
[2024-08-08T20:22:56.558+0400] {processor.py:829} INFO - Processing file /home/eduardo/airflow_venv/lib/python3.10/site-packages/airflow/example_dags/example_external_task_marker_dag.py for tasks to queue
[2024-08-08T20:22:56.559+0400] {logging_mixin.py:151} INFO - [2024-08-08T20:22:56.558+0400] {dagbag.py:539} INFO - Filling up the DagBag from /home/eduardo/airflow_venv/lib/python3.10/site-packages/airflow/example_dags/example_external_task_marker_dag.py
[2024-08-08T20:22:56.564+0400] {processor.py:839} INFO - DAG(s) dict_keys(['example_external_task_marker_parent', 'example_external_task_marker_child']) retrieved from /home/eduardo/airflow_venv/lib/python3.10/site-packages/airflow/example_dags/example_external_task_marker_dag.py
[2024-08-08T20:22:56.580+0400] {logging_mixin.py:151} INFO - [2024-08-08T20:22:56.580+0400] {dag.py:2915} INFO - Sync 2 DAGs
[2024-08-08T20:22:56.588+0400] {logging_mixin.py:151} INFO - [2024-08-08T20:22:56.587+0400] {dag.py:3696} INFO - Setting next_dagrun for example_external_task_marker_child to None, run_after=None
[2024-08-08T20:22:56.589+0400] {logging_mixin.py:151} INFO - [2024-08-08T20:22:56.589+0400] {dag.py:3696} INFO - Setting next_dagrun for example_external_task_marker_parent to None, run_after=None
[2024-08-08T20:22:56.614+0400] {processor.py:179} INFO - Processing /home/eduardo/airflow_venv/lib/python3.10/site-packages/airflow/example_dags/example_external_task_marker_dag.py took 0.060 seconds
[2024-08-08T20:23:39.822+0400] {processor.py:157} INFO - Started process (PID=7160) to work on /home/eduardo/airflow_venv/lib/python3.10/site-packages/airflow/example_dags/example_external_task_marker_dag.py
[2024-08-08T20:23:39.823+0400] {processor.py:829} INFO - Processing file /home/eduardo/airflow_venv/lib/python3.10/site-packages/airflow/example_dags/example_external_task_marker_dag.py for tasks to queue
[2024-08-08T20:23:39.824+0400] {logging_mixin.py:151} INFO - [2024-08-08T20:23:39.824+0400] {dagbag.py:539} INFO - Filling up the DagBag from /home/eduardo/airflow_venv/lib/python3.10/site-packages/airflow/example_dags/example_external_task_marker_dag.py
[2024-08-08T20:23:39.828+0400] {processor.py:839} INFO - DAG(s) dict_keys(['example_external_task_marker_child', 'example_external_task_marker_parent']) retrieved from /home/eduardo/airflow_venv/lib/python3.10/site-packages/airflow/example_dags/example_external_task_marker_dag.py
[2024-08-08T20:23:39.841+0400] {logging_mixin.py:151} INFO - [2024-08-08T20:23:39.841+0400] {dag.py:2915} INFO - Sync 2 DAGs
[2024-08-08T20:23:39.848+0400] {logging_mixin.py:151} INFO - [2024-08-08T20:23:39.848+0400] {dag.py:3696} INFO - Setting next_dagrun for example_external_task_marker_child to None, run_after=None
[2024-08-08T20:23:39.850+0400] {logging_mixin.py:151} INFO - [2024-08-08T20:23:39.850+0400] {dag.py:3696} INFO - Setting next_dagrun for example_external_task_marker_parent to None, run_after=None
[2024-08-08T20:23:39.873+0400] {processor.py:179} INFO - Processing /home/eduardo/airflow_venv/lib/python3.10/site-packages/airflow/example_dags/example_external_task_marker_dag.py took 0.053 seconds
[2024-08-08T20:24:25.303+0400] {processor.py:157} INFO - Started process (PID=7207) to work on /home/eduardo/airflow_venv/lib/python3.10/site-packages/airflow/example_dags/example_external_task_marker_dag.py
[2024-08-08T20:24:25.304+0400] {processor.py:829} INFO - Processing file /home/eduardo/airflow_venv/lib/python3.10/site-packages/airflow/example_dags/example_external_task_marker_dag.py for tasks to queue
[2024-08-08T20:24:25.304+0400] {logging_mixin.py:151} INFO - [2024-08-08T20:24:25.304+0400] {dagbag.py:539} INFO - Filling up the DagBag from /home/eduardo/airflow_venv/lib/python3.10/site-packages/airflow/example_dags/example_external_task_marker_dag.py
[2024-08-08T20:24:25.309+0400] {processor.py:839} INFO - DAG(s) dict_keys(['example_external_task_marker_child', 'example_external_task_marker_parent']) retrieved from /home/eduardo/airflow_venv/lib/python3.10/site-packages/airflow/example_dags/example_external_task_marker_dag.py
[2024-08-08T20:24:25.322+0400] {logging_mixin.py:151} INFO - [2024-08-08T20:24:25.322+0400] {dag.py:2915} INFO - Sync 2 DAGs
[2024-08-08T20:24:25.330+0400] {logging_mixin.py:151} INFO - [2024-08-08T20:24:25.330+0400] {dag.py:3696} INFO - Setting next_dagrun for example_external_task_marker_child to None, run_after=None
[2024-08-08T20:24:25.332+0400] {logging_mixin.py:151} INFO - [2024-08-08T20:24:25.332+0400] {dag.py:3696} INFO - Setting next_dagrun for example_external_task_marker_parent to None, run_after=None
[2024-08-08T20:24:25.359+0400] {processor.py:179} INFO - Processing /home/eduardo/airflow_venv/lib/python3.10/site-packages/airflow/example_dags/example_external_task_marker_dag.py took 0.059 seconds
[2024-08-08T20:25:13.253+0400] {processor.py:157} INFO - Started process (PID=7263) to work on /home/eduardo/airflow_venv/lib/python3.10/site-packages/airflow/example_dags/example_external_task_marker_dag.py
[2024-08-08T20:25:13.254+0400] {processor.py:829} INFO - Processing file /home/eduardo/airflow_venv/lib/python3.10/site-packages/airflow/example_dags/example_external_task_marker_dag.py for tasks to queue
[2024-08-08T20:25:13.255+0400] {logging_mixin.py:151} INFO - [2024-08-08T20:25:13.255+0400] {dagbag.py:539} INFO - Filling up the DagBag from /home/eduardo/airflow_venv/lib/python3.10/site-packages/airflow/example_dags/example_external_task_marker_dag.py
[2024-08-08T20:25:13.260+0400] {processor.py:839} INFO - DAG(s) dict_keys(['example_external_task_marker_parent', 'example_external_task_marker_child']) retrieved from /home/eduardo/airflow_venv/lib/python3.10/site-packages/airflow/example_dags/example_external_task_marker_dag.py
[2024-08-08T20:25:13.275+0400] {logging_mixin.py:151} INFO - [2024-08-08T20:25:13.275+0400] {dag.py:2915} INFO - Sync 2 DAGs
[2024-08-08T20:25:13.285+0400] {logging_mixin.py:151} INFO - [2024-08-08T20:25:13.285+0400] {dag.py:3696} INFO - Setting next_dagrun for example_external_task_marker_child to None, run_after=None
[2024-08-08T20:25:13.288+0400] {logging_mixin.py:151} INFO - [2024-08-08T20:25:13.287+0400] {dag.py:3696} INFO - Setting next_dagrun for example_external_task_marker_parent to None, run_after=None
[2024-08-08T20:25:13.316+0400] {processor.py:179} INFO - Processing /home/eduardo/airflow_venv/lib/python3.10/site-packages/airflow/example_dags/example_external_task_marker_dag.py took 0.066 seconds
[2024-08-08T20:25:56.865+0400] {processor.py:157} INFO - Started process (PID=7309) to work on /home/eduardo/airflow_venv/lib/python3.10/site-packages/airflow/example_dags/example_external_task_marker_dag.py
[2024-08-08T20:25:56.866+0400] {processor.py:829} INFO - Processing file /home/eduardo/airflow_venv/lib/python3.10/site-packages/airflow/example_dags/example_external_task_marker_dag.py for tasks to queue
[2024-08-08T20:25:56.867+0400] {logging_mixin.py:151} INFO - [2024-08-08T20:25:56.867+0400] {dagbag.py:539} INFO - Filling up the DagBag from /home/eduardo/airflow_venv/lib/python3.10/site-packages/airflow/example_dags/example_external_task_marker_dag.py
[2024-08-08T20:25:56.875+0400] {processor.py:839} INFO - DAG(s) dict_keys(['example_external_task_marker_child', 'example_external_task_marker_parent']) retrieved from /home/eduardo/airflow_venv/lib/python3.10/site-packages/airflow/example_dags/example_external_task_marker_dag.py
[2024-08-08T20:25:56.893+0400] {logging_mixin.py:151} INFO - [2024-08-08T20:25:56.893+0400] {dag.py:2915} INFO - Sync 2 DAGs
[2024-08-08T20:25:56.903+0400] {logging_mixin.py:151} INFO - [2024-08-08T20:25:56.903+0400] {dag.py:3696} INFO - Setting next_dagrun for example_external_task_marker_child to None, run_after=None
[2024-08-08T20:25:56.906+0400] {logging_mixin.py:151} INFO - [2024-08-08T20:25:56.906+0400] {dag.py:3696} INFO - Setting next_dagrun for example_external_task_marker_parent to None, run_after=None
[2024-08-08T20:25:56.943+0400] {processor.py:179} INFO - Processing /home/eduardo/airflow_venv/lib/python3.10/site-packages/airflow/example_dags/example_external_task_marker_dag.py took 0.081 seconds
[2024-08-08T22:09:47.838+0400] {processor.py:157} INFO - Started process (PID=9574) to work on /home/eduardo/airflow_venv/lib/python3.10/site-packages/airflow/example_dags/example_external_task_marker_dag.py
[2024-08-08T22:09:47.841+0400] {processor.py:829} INFO - Processing file /home/eduardo/airflow_venv/lib/python3.10/site-packages/airflow/example_dags/example_external_task_marker_dag.py for tasks to queue
[2024-08-08T22:09:47.842+0400] {logging_mixin.py:151} INFO - [2024-08-08T22:09:47.842+0400] {dagbag.py:539} INFO - Filling up the DagBag from /home/eduardo/airflow_venv/lib/python3.10/site-packages/airflow/example_dags/example_external_task_marker_dag.py
[2024-08-08T22:09:47.849+0400] {processor.py:839} INFO - DAG(s) dict_keys(['example_external_task_marker_parent', 'example_external_task_marker_child']) retrieved from /home/eduardo/airflow_venv/lib/python3.10/site-packages/airflow/example_dags/example_external_task_marker_dag.py
[2024-08-08T22:09:47.866+0400] {logging_mixin.py:151} INFO - [2024-08-08T22:09:47.866+0400] {dag.py:2915} INFO - Sync 2 DAGs
[2024-08-08T22:09:47.875+0400] {logging_mixin.py:151} INFO - [2024-08-08T22:09:47.874+0400] {dag.py:3696} INFO - Setting next_dagrun for example_external_task_marker_child to None, run_after=None
[2024-08-08T22:09:47.877+0400] {logging_mixin.py:151} INFO - [2024-08-08T22:09:47.877+0400] {dag.py:3696} INFO - Setting next_dagrun for example_external_task_marker_parent to None, run_after=None
[2024-08-08T22:09:47.905+0400] {processor.py:179} INFO - Processing /home/eduardo/airflow_venv/lib/python3.10/site-packages/airflow/example_dags/example_external_task_marker_dag.py took 0.070 seconds
[2024-08-08T22:10:34.577+0400] {processor.py:157} INFO - Started process (PID=10110) to work on /home/eduardo/airflow_venv/lib/python3.10/site-packages/airflow/example_dags/example_external_task_marker_dag.py
[2024-08-08T22:10:34.581+0400] {processor.py:829} INFO - Processing file /home/eduardo/airflow_venv/lib/python3.10/site-packages/airflow/example_dags/example_external_task_marker_dag.py for tasks to queue
[2024-08-08T22:10:34.582+0400] {logging_mixin.py:151} INFO - [2024-08-08T22:10:34.581+0400] {dagbag.py:539} INFO - Filling up the DagBag from /home/eduardo/airflow_venv/lib/python3.10/site-packages/airflow/example_dags/example_external_task_marker_dag.py
[2024-08-08T22:10:34.591+0400] {processor.py:839} INFO - DAG(s) dict_keys(['example_external_task_marker_parent', 'example_external_task_marker_child']) retrieved from /home/eduardo/airflow_venv/lib/python3.10/site-packages/airflow/example_dags/example_external_task_marker_dag.py
[2024-08-08T22:10:34.615+0400] {logging_mixin.py:151} INFO - [2024-08-08T22:10:34.615+0400] {dag.py:2915} INFO - Sync 2 DAGs
[2024-08-08T22:10:34.631+0400] {logging_mixin.py:151} INFO - [2024-08-08T22:10:34.631+0400] {dag.py:3696} INFO - Setting next_dagrun for example_external_task_marker_child to None, run_after=None
[2024-08-08T22:10:34.634+0400] {logging_mixin.py:151} INFO - [2024-08-08T22:10:34.634+0400] {dag.py:3696} INFO - Setting next_dagrun for example_external_task_marker_parent to None, run_after=None
[2024-08-08T22:10:34.675+0400] {processor.py:179} INFO - Processing /home/eduardo/airflow_venv/lib/python3.10/site-packages/airflow/example_dags/example_external_task_marker_dag.py took 0.101 seconds
[2024-08-08T22:11:22.999+0400] {processor.py:157} INFO - Started process (PID=10618) to work on /home/eduardo/airflow_venv/lib/python3.10/site-packages/airflow/example_dags/example_external_task_marker_dag.py
[2024-08-08T22:11:23.002+0400] {processor.py:829} INFO - Processing file /home/eduardo/airflow_venv/lib/python3.10/site-packages/airflow/example_dags/example_external_task_marker_dag.py for tasks to queue
[2024-08-08T22:11:23.003+0400] {logging_mixin.py:151} INFO - [2024-08-08T22:11:23.002+0400] {dagbag.py:539} INFO - Filling up the DagBag from /home/eduardo/airflow_venv/lib/python3.10/site-packages/airflow/example_dags/example_external_task_marker_dag.py
[2024-08-08T22:11:23.014+0400] {processor.py:839} INFO - DAG(s) dict_keys(['example_external_task_marker_child', 'example_external_task_marker_parent']) retrieved from /home/eduardo/airflow_venv/lib/python3.10/site-packages/airflow/example_dags/example_external_task_marker_dag.py
[2024-08-08T22:11:23.040+0400] {logging_mixin.py:151} INFO - [2024-08-08T22:11:23.039+0400] {dag.py:2915} INFO - Sync 2 DAGs
[2024-08-08T22:11:23.054+0400] {logging_mixin.py:151} INFO - [2024-08-08T22:11:23.054+0400] {dag.py:3696} INFO - Setting next_dagrun for example_external_task_marker_child to None, run_after=None
[2024-08-08T22:11:23.056+0400] {logging_mixin.py:151} INFO - [2024-08-08T22:11:23.056+0400] {dag.py:3696} INFO - Setting next_dagrun for example_external_task_marker_parent to None, run_after=None
[2024-08-08T22:11:23.091+0400] {processor.py:179} INFO - Processing /home/eduardo/airflow_venv/lib/python3.10/site-packages/airflow/example_dags/example_external_task_marker_dag.py took 0.097 seconds
[2024-08-08T22:12:13.444+0400] {processor.py:157} INFO - Started process (PID=11041) to work on /home/eduardo/airflow_venv/lib/python3.10/site-packages/airflow/example_dags/example_external_task_marker_dag.py
[2024-08-08T22:12:13.448+0400] {processor.py:829} INFO - Processing file /home/eduardo/airflow_venv/lib/python3.10/site-packages/airflow/example_dags/example_external_task_marker_dag.py for tasks to queue
[2024-08-08T22:12:13.449+0400] {logging_mixin.py:151} INFO - [2024-08-08T22:12:13.448+0400] {dagbag.py:539} INFO - Filling up the DagBag from /home/eduardo/airflow_venv/lib/python3.10/site-packages/airflow/example_dags/example_external_task_marker_dag.py
[2024-08-08T22:12:13.455+0400] {processor.py:839} INFO - DAG(s) dict_keys(['example_external_task_marker_child', 'example_external_task_marker_parent']) retrieved from /home/eduardo/airflow_venv/lib/python3.10/site-packages/airflow/example_dags/example_external_task_marker_dag.py
[2024-08-08T22:12:13.473+0400] {logging_mixin.py:151} INFO - [2024-08-08T22:12:13.473+0400] {dag.py:2915} INFO - Sync 2 DAGs
[2024-08-08T22:12:13.482+0400] {logging_mixin.py:151} INFO - [2024-08-08T22:12:13.482+0400] {dag.py:3696} INFO - Setting next_dagrun for example_external_task_marker_child to None, run_after=None
[2024-08-08T22:12:13.485+0400] {logging_mixin.py:151} INFO - [2024-08-08T22:12:13.484+0400] {dag.py:3696} INFO - Setting next_dagrun for example_external_task_marker_parent to None, run_after=None
[2024-08-08T22:12:13.517+0400] {processor.py:179} INFO - Processing /home/eduardo/airflow_venv/lib/python3.10/site-packages/airflow/example_dags/example_external_task_marker_dag.py took 0.079 seconds
[2024-08-08T22:13:01.993+0400] {processor.py:157} INFO - Started process (PID=11416) to work on /home/eduardo/airflow_venv/lib/python3.10/site-packages/airflow/example_dags/example_external_task_marker_dag.py
[2024-08-08T22:13:01.996+0400] {processor.py:829} INFO - Processing file /home/eduardo/airflow_venv/lib/python3.10/site-packages/airflow/example_dags/example_external_task_marker_dag.py for tasks to queue
[2024-08-08T22:13:01.997+0400] {logging_mixin.py:151} INFO - [2024-08-08T22:13:01.997+0400] {dagbag.py:539} INFO - Filling up the DagBag from /home/eduardo/airflow_venv/lib/python3.10/site-packages/airflow/example_dags/example_external_task_marker_dag.py
[2024-08-08T22:13:02.004+0400] {processor.py:839} INFO - DAG(s) dict_keys(['example_external_task_marker_child', 'example_external_task_marker_parent']) retrieved from /home/eduardo/airflow_venv/lib/python3.10/site-packages/airflow/example_dags/example_external_task_marker_dag.py
[2024-08-08T22:13:02.031+0400] {logging_mixin.py:151} INFO - [2024-08-08T22:13:02.031+0400] {dag.py:2915} INFO - Sync 2 DAGs
[2024-08-08T22:13:02.042+0400] {logging_mixin.py:151} INFO - [2024-08-08T22:13:02.042+0400] {dag.py:3696} INFO - Setting next_dagrun for example_external_task_marker_child to None, run_after=None
[2024-08-08T22:13:02.045+0400] {logging_mixin.py:151} INFO - [2024-08-08T22:13:02.045+0400] {dag.py:3696} INFO - Setting next_dagrun for example_external_task_marker_parent to None, run_after=None
[2024-08-08T22:13:02.074+0400] {processor.py:179} INFO - Processing /home/eduardo/airflow_venv/lib/python3.10/site-packages/airflow/example_dags/example_external_task_marker_dag.py took 0.085 seconds
[2024-08-08T22:13:49.301+0400] {processor.py:157} INFO - Started process (PID=11895) to work on /home/eduardo/airflow_venv/lib/python3.10/site-packages/airflow/example_dags/example_external_task_marker_dag.py
[2024-08-08T22:13:49.305+0400] {processor.py:829} INFO - Processing file /home/eduardo/airflow_venv/lib/python3.10/site-packages/airflow/example_dags/example_external_task_marker_dag.py for tasks to queue
[2024-08-08T22:13:49.305+0400] {logging_mixin.py:151} INFO - [2024-08-08T22:13:49.305+0400] {dagbag.py:539} INFO - Filling up the DagBag from /home/eduardo/airflow_venv/lib/python3.10/site-packages/airflow/example_dags/example_external_task_marker_dag.py
[2024-08-08T22:13:49.313+0400] {processor.py:839} INFO - DAG(s) dict_keys(['example_external_task_marker_child', 'example_external_task_marker_parent']) retrieved from /home/eduardo/airflow_venv/lib/python3.10/site-packages/airflow/example_dags/example_external_task_marker_dag.py
[2024-08-08T22:13:49.331+0400] {logging_mixin.py:151} INFO - [2024-08-08T22:13:49.331+0400] {dag.py:2915} INFO - Sync 2 DAGs
[2024-08-08T22:13:49.341+0400] {logging_mixin.py:151} INFO - [2024-08-08T22:13:49.341+0400] {dag.py:3696} INFO - Setting next_dagrun for example_external_task_marker_child to None, run_after=None
[2024-08-08T22:13:49.345+0400] {logging_mixin.py:151} INFO - [2024-08-08T22:13:49.345+0400] {dag.py:3696} INFO - Setting next_dagrun for example_external_task_marker_parent to None, run_after=None
[2024-08-08T22:13:49.384+0400] {processor.py:179} INFO - Processing /home/eduardo/airflow_venv/lib/python3.10/site-packages/airflow/example_dags/example_external_task_marker_dag.py took 0.087 seconds
[2024-08-08T22:14:36.304+0400] {processor.py:157} INFO - Started process (PID=12435) to work on /home/eduardo/airflow_venv/lib/python3.10/site-packages/airflow/example_dags/example_external_task_marker_dag.py
[2024-08-08T22:14:36.307+0400] {processor.py:829} INFO - Processing file /home/eduardo/airflow_venv/lib/python3.10/site-packages/airflow/example_dags/example_external_task_marker_dag.py for tasks to queue
[2024-08-08T22:14:36.308+0400] {logging_mixin.py:151} INFO - [2024-08-08T22:14:36.308+0400] {dagbag.py:539} INFO - Filling up the DagBag from /home/eduardo/airflow_venv/lib/python3.10/site-packages/airflow/example_dags/example_external_task_marker_dag.py
[2024-08-08T22:14:36.315+0400] {processor.py:839} INFO - DAG(s) dict_keys(['example_external_task_marker_parent', 'example_external_task_marker_child']) retrieved from /home/eduardo/airflow_venv/lib/python3.10/site-packages/airflow/example_dags/example_external_task_marker_dag.py
[2024-08-08T22:14:36.324+0400] {logging_mixin.py:151} INFO - [2024-08-08T22:14:36.324+0400] {dag.py:2915} INFO - Sync 2 DAGs
[2024-08-08T22:14:36.335+0400] {logging_mixin.py:151} INFO - [2024-08-08T22:14:36.335+0400] {dag.py:3696} INFO - Setting next_dagrun for example_external_task_marker_child to None, run_after=None
[2024-08-08T22:14:36.338+0400] {logging_mixin.py:151} INFO - [2024-08-08T22:14:36.337+0400] {dag.py:3696} INFO - Setting next_dagrun for example_external_task_marker_parent to None, run_after=None
[2024-08-08T22:14:36.367+0400] {processor.py:179} INFO - Processing /home/eduardo/airflow_venv/lib/python3.10/site-packages/airflow/example_dags/example_external_task_marker_dag.py took 0.067 seconds
[2024-08-08T22:15:29.150+0400] {processor.py:157} INFO - Started process (PID=12887) to work on /home/eduardo/airflow_venv/lib/python3.10/site-packages/airflow/example_dags/example_external_task_marker_dag.py
[2024-08-08T22:15:29.152+0400] {processor.py:829} INFO - Processing file /home/eduardo/airflow_venv/lib/python3.10/site-packages/airflow/example_dags/example_external_task_marker_dag.py for tasks to queue
[2024-08-08T22:15:29.152+0400] {logging_mixin.py:151} INFO - [2024-08-08T22:15:29.152+0400] {dagbag.py:539} INFO - Filling up the DagBag from /home/eduardo/airflow_venv/lib/python3.10/site-packages/airflow/example_dags/example_external_task_marker_dag.py
[2024-08-08T22:15:29.158+0400] {processor.py:839} INFO - DAG(s) dict_keys(['example_external_task_marker_child', 'example_external_task_marker_parent']) retrieved from /home/eduardo/airflow_venv/lib/python3.10/site-packages/airflow/example_dags/example_external_task_marker_dag.py
[2024-08-08T22:15:29.177+0400] {logging_mixin.py:151} INFO - [2024-08-08T22:15:29.177+0400] {dag.py:2915} INFO - Sync 2 DAGs
[2024-08-08T22:15:29.188+0400] {logging_mixin.py:151} INFO - [2024-08-08T22:15:29.188+0400] {dag.py:3696} INFO - Setting next_dagrun for example_external_task_marker_child to None, run_after=None
[2024-08-08T22:15:29.190+0400] {logging_mixin.py:151} INFO - [2024-08-08T22:15:29.190+0400] {dag.py:3696} INFO - Setting next_dagrun for example_external_task_marker_parent to None, run_after=None
[2024-08-08T22:15:29.224+0400] {processor.py:179} INFO - Processing /home/eduardo/airflow_venv/lib/python3.10/site-packages/airflow/example_dags/example_external_task_marker_dag.py took 0.076 seconds
[2024-08-08T22:16:19.069+0400] {processor.py:157} INFO - Started process (PID=13324) to work on /home/eduardo/airflow_venv/lib/python3.10/site-packages/airflow/example_dags/example_external_task_marker_dag.py
[2024-08-08T22:16:19.072+0400] {processor.py:829} INFO - Processing file /home/eduardo/airflow_venv/lib/python3.10/site-packages/airflow/example_dags/example_external_task_marker_dag.py for tasks to queue
[2024-08-08T22:16:19.074+0400] {logging_mixin.py:151} INFO - [2024-08-08T22:16:19.073+0400] {dagbag.py:539} INFO - Filling up the DagBag from /home/eduardo/airflow_venv/lib/python3.10/site-packages/airflow/example_dags/example_external_task_marker_dag.py
[2024-08-08T22:16:19.083+0400] {processor.py:839} INFO - DAG(s) dict_keys(['example_external_task_marker_child', 'example_external_task_marker_parent']) retrieved from /home/eduardo/airflow_venv/lib/python3.10/site-packages/airflow/example_dags/example_external_task_marker_dag.py
[2024-08-08T22:16:19.117+0400] {logging_mixin.py:151} INFO - [2024-08-08T22:16:19.117+0400] {dag.py:2915} INFO - Sync 2 DAGs
[2024-08-08T22:16:19.132+0400] {logging_mixin.py:151} INFO - [2024-08-08T22:16:19.132+0400] {dag.py:3696} INFO - Setting next_dagrun for example_external_task_marker_child to None, run_after=None
[2024-08-08T22:16:19.135+0400] {logging_mixin.py:151} INFO - [2024-08-08T22:16:19.135+0400] {dag.py:3696} INFO - Setting next_dagrun for example_external_task_marker_parent to None, run_after=None
[2024-08-08T22:16:19.174+0400] {processor.py:179} INFO - Processing /home/eduardo/airflow_venv/lib/python3.10/site-packages/airflow/example_dags/example_external_task_marker_dag.py took 0.109 seconds
[2024-08-08T22:17:11.129+0400] {processor.py:157} INFO - Started process (PID=13927) to work on /home/eduardo/airflow_venv/lib/python3.10/site-packages/airflow/example_dags/example_external_task_marker_dag.py
[2024-08-08T22:17:11.132+0400] {processor.py:829} INFO - Processing file /home/eduardo/airflow_venv/lib/python3.10/site-packages/airflow/example_dags/example_external_task_marker_dag.py for tasks to queue
[2024-08-08T22:17:11.133+0400] {logging_mixin.py:151} INFO - [2024-08-08T22:17:11.132+0400] {dagbag.py:539} INFO - Filling up the DagBag from /home/eduardo/airflow_venv/lib/python3.10/site-packages/airflow/example_dags/example_external_task_marker_dag.py
[2024-08-08T22:17:11.138+0400] {processor.py:839} INFO - DAG(s) dict_keys(['example_external_task_marker_parent', 'example_external_task_marker_child']) retrieved from /home/eduardo/airflow_venv/lib/python3.10/site-packages/airflow/example_dags/example_external_task_marker_dag.py
[2024-08-08T22:17:11.153+0400] {logging_mixin.py:151} INFO - [2024-08-08T22:17:11.153+0400] {dag.py:2915} INFO - Sync 2 DAGs
[2024-08-08T22:17:11.161+0400] {logging_mixin.py:151} INFO - [2024-08-08T22:17:11.161+0400] {dag.py:3696} INFO - Setting next_dagrun for example_external_task_marker_child to None, run_after=None
[2024-08-08T22:17:11.163+0400] {logging_mixin.py:151} INFO - [2024-08-08T22:17:11.163+0400] {dag.py:3696} INFO - Setting next_dagrun for example_external_task_marker_parent to None, run_after=None
[2024-08-08T22:17:11.194+0400] {processor.py:179} INFO - Processing /home/eduardo/airflow_venv/lib/python3.10/site-packages/airflow/example_dags/example_external_task_marker_dag.py took 0.068 seconds
[2024-08-08T22:18:03.962+0400] {processor.py:157} INFO - Started process (PID=14340) to work on /home/eduardo/airflow_venv/lib/python3.10/site-packages/airflow/example_dags/example_external_task_marker_dag.py
[2024-08-08T22:18:03.964+0400] {processor.py:829} INFO - Processing file /home/eduardo/airflow_venv/lib/python3.10/site-packages/airflow/example_dags/example_external_task_marker_dag.py for tasks to queue
[2024-08-08T22:18:03.966+0400] {logging_mixin.py:151} INFO - [2024-08-08T22:18:03.965+0400] {dagbag.py:539} INFO - Filling up the DagBag from /home/eduardo/airflow_venv/lib/python3.10/site-packages/airflow/example_dags/example_external_task_marker_dag.py
[2024-08-08T22:18:03.972+0400] {processor.py:839} INFO - DAG(s) dict_keys(['example_external_task_marker_parent', 'example_external_task_marker_child']) retrieved from /home/eduardo/airflow_venv/lib/python3.10/site-packages/airflow/example_dags/example_external_task_marker_dag.py
[2024-08-08T22:18:03.992+0400] {logging_mixin.py:151} INFO - [2024-08-08T22:18:03.991+0400] {dag.py:2915} INFO - Sync 2 DAGs
[2024-08-08T22:18:04.009+0400] {logging_mixin.py:151} INFO - [2024-08-08T22:18:04.009+0400] {dag.py:3696} INFO - Setting next_dagrun for example_external_task_marker_child to None, run_after=None
[2024-08-08T22:18:04.013+0400] {logging_mixin.py:151} INFO - [2024-08-08T22:18:04.013+0400] {dag.py:3696} INFO - Setting next_dagrun for example_external_task_marker_parent to None, run_after=None
[2024-08-08T22:18:04.047+0400] {processor.py:179} INFO - Processing /home/eduardo/airflow_venv/lib/python3.10/site-packages/airflow/example_dags/example_external_task_marker_dag.py took 0.089 seconds
[2024-08-08T22:18:56.924+0400] {processor.py:157} INFO - Started process (PID=14749) to work on /home/eduardo/airflow_venv/lib/python3.10/site-packages/airflow/example_dags/example_external_task_marker_dag.py
[2024-08-08T22:18:56.926+0400] {processor.py:829} INFO - Processing file /home/eduardo/airflow_venv/lib/python3.10/site-packages/airflow/example_dags/example_external_task_marker_dag.py for tasks to queue
[2024-08-08T22:18:56.927+0400] {logging_mixin.py:151} INFO - [2024-08-08T22:18:56.927+0400] {dagbag.py:539} INFO - Filling up the DagBag from /home/eduardo/airflow_venv/lib/python3.10/site-packages/airflow/example_dags/example_external_task_marker_dag.py
[2024-08-08T22:18:56.932+0400] {processor.py:839} INFO - DAG(s) dict_keys(['example_external_task_marker_child', 'example_external_task_marker_parent']) retrieved from /home/eduardo/airflow_venv/lib/python3.10/site-packages/airflow/example_dags/example_external_task_marker_dag.py
[2024-08-08T22:18:56.946+0400] {logging_mixin.py:151} INFO - [2024-08-08T22:18:56.946+0400] {dag.py:2915} INFO - Sync 2 DAGs
[2024-08-08T22:18:56.955+0400] {logging_mixin.py:151} INFO - [2024-08-08T22:18:56.955+0400] {dag.py:3696} INFO - Setting next_dagrun for example_external_task_marker_child to None, run_after=None
[2024-08-08T22:18:56.957+0400] {logging_mixin.py:151} INFO - [2024-08-08T22:18:56.957+0400] {dag.py:3696} INFO - Setting next_dagrun for example_external_task_marker_parent to None, run_after=None
[2024-08-08T22:18:56.983+0400] {processor.py:179} INFO - Processing /home/eduardo/airflow_venv/lib/python3.10/site-packages/airflow/example_dags/example_external_task_marker_dag.py took 0.062 seconds
[2024-08-08T22:19:44.920+0400] {processor.py:157} INFO - Started process (PID=15152) to work on /home/eduardo/airflow_venv/lib/python3.10/site-packages/airflow/example_dags/example_external_task_marker_dag.py
[2024-08-08T22:19:44.923+0400] {processor.py:829} INFO - Processing file /home/eduardo/airflow_venv/lib/python3.10/site-packages/airflow/example_dags/example_external_task_marker_dag.py for tasks to queue
[2024-08-08T22:19:44.925+0400] {logging_mixin.py:151} INFO - [2024-08-08T22:19:44.924+0400] {dagbag.py:539} INFO - Filling up the DagBag from /home/eduardo/airflow_venv/lib/python3.10/site-packages/airflow/example_dags/example_external_task_marker_dag.py
[2024-08-08T22:19:44.932+0400] {processor.py:839} INFO - DAG(s) dict_keys(['example_external_task_marker_child', 'example_external_task_marker_parent']) retrieved from /home/eduardo/airflow_venv/lib/python3.10/site-packages/airflow/example_dags/example_external_task_marker_dag.py
[2024-08-08T22:19:44.958+0400] {logging_mixin.py:151} INFO - [2024-08-08T22:19:44.958+0400] {dag.py:2915} INFO - Sync 2 DAGs
[2024-08-08T22:19:44.977+0400] {logging_mixin.py:151} INFO - [2024-08-08T22:19:44.976+0400] {dag.py:3696} INFO - Setting next_dagrun for example_external_task_marker_child to None, run_after=None
[2024-08-08T22:19:44.984+0400] {logging_mixin.py:151} INFO - [2024-08-08T22:19:44.983+0400] {dag.py:3696} INFO - Setting next_dagrun for example_external_task_marker_parent to None, run_after=None
[2024-08-08T22:19:45.017+0400] {processor.py:179} INFO - Processing /home/eduardo/airflow_venv/lib/python3.10/site-packages/airflow/example_dags/example_external_task_marker_dag.py took 0.101 seconds
[2024-08-08T22:20:36.940+0400] {processor.py:157} INFO - Started process (PID=15556) to work on /home/eduardo/airflow_venv/lib/python3.10/site-packages/airflow/example_dags/example_external_task_marker_dag.py
[2024-08-08T22:20:36.944+0400] {processor.py:829} INFO - Processing file /home/eduardo/airflow_venv/lib/python3.10/site-packages/airflow/example_dags/example_external_task_marker_dag.py for tasks to queue
[2024-08-08T22:20:36.945+0400] {logging_mixin.py:151} INFO - [2024-08-08T22:20:36.945+0400] {dagbag.py:539} INFO - Filling up the DagBag from /home/eduardo/airflow_venv/lib/python3.10/site-packages/airflow/example_dags/example_external_task_marker_dag.py
[2024-08-08T22:20:36.951+0400] {processor.py:839} INFO - DAG(s) dict_keys(['example_external_task_marker_parent', 'example_external_task_marker_child']) retrieved from /home/eduardo/airflow_venv/lib/python3.10/site-packages/airflow/example_dags/example_external_task_marker_dag.py
[2024-08-08T22:20:36.971+0400] {logging_mixin.py:151} INFO - [2024-08-08T22:20:36.971+0400] {dag.py:2915} INFO - Sync 2 DAGs
[2024-08-08T22:20:36.982+0400] {logging_mixin.py:151} INFO - [2024-08-08T22:20:36.982+0400] {dag.py:3696} INFO - Setting next_dagrun for example_external_task_marker_child to None, run_after=None
[2024-08-08T22:20:36.985+0400] {logging_mixin.py:151} INFO - [2024-08-08T22:20:36.985+0400] {dag.py:3696} INFO - Setting next_dagrun for example_external_task_marker_parent to None, run_after=None
[2024-08-08T22:20:37.013+0400] {processor.py:179} INFO - Processing /home/eduardo/airflow_venv/lib/python3.10/site-packages/airflow/example_dags/example_external_task_marker_dag.py took 0.076 seconds
[2024-08-08T22:21:29.515+0400] {processor.py:157} INFO - Started process (PID=16083) to work on /home/eduardo/airflow_venv/lib/python3.10/site-packages/airflow/example_dags/example_external_task_marker_dag.py
[2024-08-08T22:21:29.518+0400] {processor.py:829} INFO - Processing file /home/eduardo/airflow_venv/lib/python3.10/site-packages/airflow/example_dags/example_external_task_marker_dag.py for tasks to queue
[2024-08-08T22:21:29.519+0400] {logging_mixin.py:151} INFO - [2024-08-08T22:21:29.519+0400] {dagbag.py:539} INFO - Filling up the DagBag from /home/eduardo/airflow_venv/lib/python3.10/site-packages/airflow/example_dags/example_external_task_marker_dag.py
[2024-08-08T22:21:29.524+0400] {processor.py:839} INFO - DAG(s) dict_keys(['example_external_task_marker_parent', 'example_external_task_marker_child']) retrieved from /home/eduardo/airflow_venv/lib/python3.10/site-packages/airflow/example_dags/example_external_task_marker_dag.py
[2024-08-08T22:21:29.539+0400] {logging_mixin.py:151} INFO - [2024-08-08T22:21:29.539+0400] {dag.py:2915} INFO - Sync 2 DAGs
[2024-08-08T22:21:29.549+0400] {logging_mixin.py:151} INFO - [2024-08-08T22:21:29.549+0400] {dag.py:3696} INFO - Setting next_dagrun for example_external_task_marker_child to None, run_after=None
[2024-08-08T22:21:29.551+0400] {logging_mixin.py:151} INFO - [2024-08-08T22:21:29.551+0400] {dag.py:3696} INFO - Setting next_dagrun for example_external_task_marker_parent to None, run_after=None
[2024-08-08T22:21:29.578+0400] {processor.py:179} INFO - Processing /home/eduardo/airflow_venv/lib/python3.10/site-packages/airflow/example_dags/example_external_task_marker_dag.py took 0.065 seconds
[2024-08-08T22:22:21.334+0400] {processor.py:157} INFO - Started process (PID=16486) to work on /home/eduardo/airflow_venv/lib/python3.10/site-packages/airflow/example_dags/example_external_task_marker_dag.py
[2024-08-08T22:22:21.336+0400] {processor.py:829} INFO - Processing file /home/eduardo/airflow_venv/lib/python3.10/site-packages/airflow/example_dags/example_external_task_marker_dag.py for tasks to queue
[2024-08-08T22:22:21.337+0400] {logging_mixin.py:151} INFO - [2024-08-08T22:22:21.337+0400] {dagbag.py:539} INFO - Filling up the DagBag from /home/eduardo/airflow_venv/lib/python3.10/site-packages/airflow/example_dags/example_external_task_marker_dag.py
[2024-08-08T22:22:21.342+0400] {processor.py:839} INFO - DAG(s) dict_keys(['example_external_task_marker_parent', 'example_external_task_marker_child']) retrieved from /home/eduardo/airflow_venv/lib/python3.10/site-packages/airflow/example_dags/example_external_task_marker_dag.py
[2024-08-08T22:22:21.369+0400] {logging_mixin.py:151} INFO - [2024-08-08T22:22:21.369+0400] {dag.py:2915} INFO - Sync 2 DAGs
[2024-08-08T22:22:21.386+0400] {logging_mixin.py:151} INFO - [2024-08-08T22:22:21.386+0400] {dag.py:3696} INFO - Setting next_dagrun for example_external_task_marker_child to None, run_after=None
[2024-08-08T22:22:21.389+0400] {logging_mixin.py:151} INFO - [2024-08-08T22:22:21.388+0400] {dag.py:3696} INFO - Setting next_dagrun for example_external_task_marker_parent to None, run_after=None
[2024-08-08T22:22:21.424+0400] {processor.py:179} INFO - Processing /home/eduardo/airflow_venv/lib/python3.10/site-packages/airflow/example_dags/example_external_task_marker_dag.py took 0.095 seconds
[2024-08-08T22:23:10.743+0400] {processor.py:157} INFO - Started process (PID=16874) to work on /home/eduardo/airflow_venv/lib/python3.10/site-packages/airflow/example_dags/example_external_task_marker_dag.py
[2024-08-08T22:23:10.746+0400] {processor.py:829} INFO - Processing file /home/eduardo/airflow_venv/lib/python3.10/site-packages/airflow/example_dags/example_external_task_marker_dag.py for tasks to queue
[2024-08-08T22:23:10.747+0400] {logging_mixin.py:151} INFO - [2024-08-08T22:23:10.747+0400] {dagbag.py:539} INFO - Filling up the DagBag from /home/eduardo/airflow_venv/lib/python3.10/site-packages/airflow/example_dags/example_external_task_marker_dag.py
[2024-08-08T22:23:10.755+0400] {processor.py:839} INFO - DAG(s) dict_keys(['example_external_task_marker_parent', 'example_external_task_marker_child']) retrieved from /home/eduardo/airflow_venv/lib/python3.10/site-packages/airflow/example_dags/example_external_task_marker_dag.py
[2024-08-08T22:23:10.777+0400] {logging_mixin.py:151} INFO - [2024-08-08T22:23:10.776+0400] {dag.py:2915} INFO - Sync 2 DAGs
[2024-08-08T22:23:10.788+0400] {logging_mixin.py:151} INFO - [2024-08-08T22:23:10.788+0400] {dag.py:3696} INFO - Setting next_dagrun for example_external_task_marker_child to None, run_after=None
[2024-08-08T22:23:10.792+0400] {logging_mixin.py:151} INFO - [2024-08-08T22:23:10.791+0400] {dag.py:3696} INFO - Setting next_dagrun for example_external_task_marker_parent to None, run_after=None
[2024-08-08T22:23:10.822+0400] {processor.py:179} INFO - Processing /home/eduardo/airflow_venv/lib/python3.10/site-packages/airflow/example_dags/example_external_task_marker_dag.py took 0.083 seconds
