[2024-08-08T20:18:27.920+0400] {processor.py:157} INFO - Started process (PID=6807) to work on /home/eduardo/airflow_venv/lib/python3.10/site-packages/airflow/example_dags/example_python_operator.py
[2024-08-08T20:18:27.920+0400] {processor.py:829} INFO - Processing file /home/eduardo/airflow_venv/lib/python3.10/site-packages/airflow/example_dags/example_python_operator.py for tasks to queue
[2024-08-08T20:18:27.921+0400] {logging_mixin.py:151} INFO - [2024-08-08T20:18:27.921+0400] {dagbag.py:539} INFO - Filling up the DagBag from /home/eduardo/airflow_venv/lib/python3.10/site-packages/airflow/example_dags/example_python_operator.py
[2024-08-08T20:18:27.963+0400] {logging_mixin.py:151} INFO - [2024-08-08T20:18:27.963+0400] {example_python_operator.py:89} WARNING - The virtalenv_python example task requires virtualenv, please install it.
[2024-08-08T20:18:27.965+0400] {processor.py:839} INFO - DAG(s) dict_keys(['example_python_operator']) retrieved from /home/eduardo/airflow_venv/lib/python3.10/site-packages/airflow/example_dags/example_python_operator.py
[2024-08-08T20:18:28.063+0400] {logging_mixin.py:151} INFO - [2024-08-08T20:18:28.063+0400] {manager.py:499} INFO - Created Permission View: %s
[2024-08-08T20:18:28.084+0400] {logging_mixin.py:151} INFO - [2024-08-08T20:18:28.084+0400] {manager.py:499} INFO - Created Permission View: %s
[2024-08-08T20:18:28.109+0400] {logging_mixin.py:151} INFO - [2024-08-08T20:18:28.108+0400] {manager.py:499} INFO - Created Permission View: %s
[2024-08-08T20:18:28.109+0400] {logging_mixin.py:151} INFO - [2024-08-08T20:18:28.109+0400] {security.py:708} INFO - Not syncing DAG-level permissions for DAG 'DAG:example_python_operator' as access control is unset.
[2024-08-08T20:18:28.109+0400] {logging_mixin.py:151} INFO - [2024-08-08T20:18:28.109+0400] {dag.py:2915} INFO - Sync 1 DAGs
[2024-08-08T20:18:28.115+0400] {logging_mixin.py:151} INFO - [2024-08-08T20:18:28.115+0400] {dag.py:2937} INFO - Creating ORM DAG for example_python_operator
[2024-08-08T20:18:28.115+0400] {logging_mixin.py:151} INFO - [2024-08-08T20:18:28.115+0400] {dag.py:3696} INFO - Setting next_dagrun for example_python_operator to None, run_after=None
[2024-08-08T20:18:28.144+0400] {processor.py:179} INFO - Processing /home/eduardo/airflow_venv/lib/python3.10/site-packages/airflow/example_dags/example_python_operator.py took 0.227 seconds
[2024-08-08T20:19:17.709+0400] {processor.py:157} INFO - Started process (PID=6862) to work on /home/eduardo/airflow_venv/lib/python3.10/site-packages/airflow/example_dags/example_python_operator.py
[2024-08-08T20:19:17.710+0400] {processor.py:829} INFO - Processing file /home/eduardo/airflow_venv/lib/python3.10/site-packages/airflow/example_dags/example_python_operator.py for tasks to queue
[2024-08-08T20:19:17.711+0400] {logging_mixin.py:151} INFO - [2024-08-08T20:19:17.710+0400] {dagbag.py:539} INFO - Filling up the DagBag from /home/eduardo/airflow_venv/lib/python3.10/site-packages/airflow/example_dags/example_python_operator.py
[2024-08-08T20:19:17.752+0400] {logging_mixin.py:151} INFO - [2024-08-08T20:19:17.752+0400] {example_python_operator.py:89} WARNING - The virtalenv_python example task requires virtualenv, please install it.
[2024-08-08T20:19:17.753+0400] {processor.py:839} INFO - DAG(s) dict_keys(['example_python_operator']) retrieved from /home/eduardo/airflow_venv/lib/python3.10/site-packages/airflow/example_dags/example_python_operator.py
[2024-08-08T20:19:17.764+0400] {logging_mixin.py:151} INFO - [2024-08-08T20:19:17.764+0400] {dag.py:2915} INFO - Sync 1 DAGs
[2024-08-08T20:19:17.772+0400] {logging_mixin.py:151} INFO - [2024-08-08T20:19:17.772+0400] {dag.py:3696} INFO - Setting next_dagrun for example_python_operator to None, run_after=None
[2024-08-08T20:19:17.796+0400] {processor.py:179} INFO - Processing /home/eduardo/airflow_venv/lib/python3.10/site-packages/airflow/example_dags/example_python_operator.py took 0.088 seconds
[2024-08-08T20:20:03.101+0400] {processor.py:157} INFO - Started process (PID=6910) to work on /home/eduardo/airflow_venv/lib/python3.10/site-packages/airflow/example_dags/example_python_operator.py
[2024-08-08T20:20:03.102+0400] {processor.py:829} INFO - Processing file /home/eduardo/airflow_venv/lib/python3.10/site-packages/airflow/example_dags/example_python_operator.py for tasks to queue
[2024-08-08T20:20:03.103+0400] {logging_mixin.py:151} INFO - [2024-08-08T20:20:03.103+0400] {dagbag.py:539} INFO - Filling up the DagBag from /home/eduardo/airflow_venv/lib/python3.10/site-packages/airflow/example_dags/example_python_operator.py
[2024-08-08T20:20:03.143+0400] {logging_mixin.py:151} INFO - [2024-08-08T20:20:03.143+0400] {example_python_operator.py:89} WARNING - The virtalenv_python example task requires virtualenv, please install it.
[2024-08-08T20:20:03.144+0400] {processor.py:839} INFO - DAG(s) dict_keys(['example_python_operator']) retrieved from /home/eduardo/airflow_venv/lib/python3.10/site-packages/airflow/example_dags/example_python_operator.py
[2024-08-08T20:20:03.157+0400] {logging_mixin.py:151} INFO - [2024-08-08T20:20:03.157+0400] {dag.py:2915} INFO - Sync 1 DAGs
[2024-08-08T20:20:03.165+0400] {logging_mixin.py:151} INFO - [2024-08-08T20:20:03.164+0400] {dag.py:3696} INFO - Setting next_dagrun for example_python_operator to None, run_after=None
[2024-08-08T20:20:03.187+0400] {processor.py:179} INFO - Processing /home/eduardo/airflow_venv/lib/python3.10/site-packages/airflow/example_dags/example_python_operator.py took 0.089 seconds
[2024-08-08T20:20:41.715+0400] {processor.py:157} INFO - Started process (PID=6952) to work on /home/eduardo/airflow_venv/lib/python3.10/site-packages/airflow/example_dags/example_python_operator.py
[2024-08-08T20:20:41.716+0400] {processor.py:829} INFO - Processing file /home/eduardo/airflow_venv/lib/python3.10/site-packages/airflow/example_dags/example_python_operator.py for tasks to queue
[2024-08-08T20:20:41.716+0400] {logging_mixin.py:151} INFO - [2024-08-08T20:20:41.716+0400] {dagbag.py:539} INFO - Filling up the DagBag from /home/eduardo/airflow_venv/lib/python3.10/site-packages/airflow/example_dags/example_python_operator.py
[2024-08-08T20:20:41.756+0400] {logging_mixin.py:151} INFO - [2024-08-08T20:20:41.756+0400] {example_python_operator.py:89} WARNING - The virtalenv_python example task requires virtualenv, please install it.
[2024-08-08T20:20:41.757+0400] {processor.py:839} INFO - DAG(s) dict_keys(['example_python_operator']) retrieved from /home/eduardo/airflow_venv/lib/python3.10/site-packages/airflow/example_dags/example_python_operator.py
[2024-08-08T20:20:41.769+0400] {logging_mixin.py:151} INFO - [2024-08-08T20:20:41.769+0400] {dag.py:2915} INFO - Sync 1 DAGs
[2024-08-08T20:20:41.777+0400] {logging_mixin.py:151} INFO - [2024-08-08T20:20:41.777+0400] {dag.py:3696} INFO - Setting next_dagrun for example_python_operator to None, run_after=None
[2024-08-08T20:20:41.800+0400] {processor.py:179} INFO - Processing /home/eduardo/airflow_venv/lib/python3.10/site-packages/airflow/example_dags/example_python_operator.py took 0.088 seconds
[2024-08-08T20:21:24.028+0400] {processor.py:157} INFO - Started process (PID=6997) to work on /home/eduardo/airflow_venv/lib/python3.10/site-packages/airflow/example_dags/example_python_operator.py
[2024-08-08T20:21:24.029+0400] {processor.py:829} INFO - Processing file /home/eduardo/airflow_venv/lib/python3.10/site-packages/airflow/example_dags/example_python_operator.py for tasks to queue
[2024-08-08T20:21:24.030+0400] {logging_mixin.py:151} INFO - [2024-08-08T20:21:24.029+0400] {dagbag.py:539} INFO - Filling up the DagBag from /home/eduardo/airflow_venv/lib/python3.10/site-packages/airflow/example_dags/example_python_operator.py
[2024-08-08T20:21:24.082+0400] {logging_mixin.py:151} INFO - [2024-08-08T20:21:24.082+0400] {example_python_operator.py:89} WARNING - The virtalenv_python example task requires virtualenv, please install it.
[2024-08-08T20:21:24.083+0400] {processor.py:839} INFO - DAG(s) dict_keys(['example_python_operator']) retrieved from /home/eduardo/airflow_venv/lib/python3.10/site-packages/airflow/example_dags/example_python_operator.py
[2024-08-08T20:21:24.098+0400] {logging_mixin.py:151} INFO - [2024-08-08T20:21:24.097+0400] {dag.py:2915} INFO - Sync 1 DAGs
[2024-08-08T20:21:24.107+0400] {logging_mixin.py:151} INFO - [2024-08-08T20:21:24.107+0400] {dag.py:3696} INFO - Setting next_dagrun for example_python_operator to None, run_after=None
[2024-08-08T20:21:24.140+0400] {processor.py:179} INFO - Processing /home/eduardo/airflow_venv/lib/python3.10/site-packages/airflow/example_dags/example_python_operator.py took 0.115 seconds
[2024-08-08T20:22:05.260+0400] {processor.py:157} INFO - Started process (PID=7040) to work on /home/eduardo/airflow_venv/lib/python3.10/site-packages/airflow/example_dags/example_python_operator.py
[2024-08-08T20:22:05.261+0400] {processor.py:829} INFO - Processing file /home/eduardo/airflow_venv/lib/python3.10/site-packages/airflow/example_dags/example_python_operator.py for tasks to queue
[2024-08-08T20:22:05.262+0400] {logging_mixin.py:151} INFO - [2024-08-08T20:22:05.261+0400] {dagbag.py:539} INFO - Filling up the DagBag from /home/eduardo/airflow_venv/lib/python3.10/site-packages/airflow/example_dags/example_python_operator.py
[2024-08-08T20:22:05.303+0400] {logging_mixin.py:151} INFO - [2024-08-08T20:22:05.303+0400] {example_python_operator.py:89} WARNING - The virtalenv_python example task requires virtualenv, please install it.
[2024-08-08T20:22:05.304+0400] {processor.py:839} INFO - DAG(s) dict_keys(['example_python_operator']) retrieved from /home/eduardo/airflow_venv/lib/python3.10/site-packages/airflow/example_dags/example_python_operator.py
[2024-08-08T20:22:05.318+0400] {logging_mixin.py:151} INFO - [2024-08-08T20:22:05.318+0400] {dag.py:2915} INFO - Sync 1 DAGs
[2024-08-08T20:22:05.325+0400] {logging_mixin.py:151} INFO - [2024-08-08T20:22:05.325+0400] {dag.py:3696} INFO - Setting next_dagrun for example_python_operator to None, run_after=None
[2024-08-08T20:22:05.354+0400] {processor.py:179} INFO - Processing /home/eduardo/airflow_venv/lib/python3.10/site-packages/airflow/example_dags/example_python_operator.py took 0.095 seconds
[2024-08-08T20:22:50.287+0400] {processor.py:157} INFO - Started process (PID=7087) to work on /home/eduardo/airflow_venv/lib/python3.10/site-packages/airflow/example_dags/example_python_operator.py
[2024-08-08T20:22:50.288+0400] {processor.py:829} INFO - Processing file /home/eduardo/airflow_venv/lib/python3.10/site-packages/airflow/example_dags/example_python_operator.py for tasks to queue
[2024-08-08T20:22:50.289+0400] {logging_mixin.py:151} INFO - [2024-08-08T20:22:50.289+0400] {dagbag.py:539} INFO - Filling up the DagBag from /home/eduardo/airflow_venv/lib/python3.10/site-packages/airflow/example_dags/example_python_operator.py
[2024-08-08T20:22:50.339+0400] {logging_mixin.py:151} INFO - [2024-08-08T20:22:50.338+0400] {example_python_operator.py:89} WARNING - The virtalenv_python example task requires virtualenv, please install it.
[2024-08-08T20:22:50.339+0400] {processor.py:839} INFO - DAG(s) dict_keys(['example_python_operator']) retrieved from /home/eduardo/airflow_venv/lib/python3.10/site-packages/airflow/example_dags/example_python_operator.py
[2024-08-08T20:22:50.351+0400] {logging_mixin.py:151} INFO - [2024-08-08T20:22:50.350+0400] {dag.py:2915} INFO - Sync 1 DAGs
[2024-08-08T20:22:50.357+0400] {logging_mixin.py:151} INFO - [2024-08-08T20:22:50.357+0400] {dag.py:3696} INFO - Setting next_dagrun for example_python_operator to None, run_after=None
[2024-08-08T20:22:50.383+0400] {processor.py:179} INFO - Processing /home/eduardo/airflow_venv/lib/python3.10/site-packages/airflow/example_dags/example_python_operator.py took 0.098 seconds
[2024-08-08T20:23:34.013+0400] {processor.py:157} INFO - Started process (PID=7154) to work on /home/eduardo/airflow_venv/lib/python3.10/site-packages/airflow/example_dags/example_python_operator.py
[2024-08-08T20:23:34.015+0400] {processor.py:829} INFO - Processing file /home/eduardo/airflow_venv/lib/python3.10/site-packages/airflow/example_dags/example_python_operator.py for tasks to queue
[2024-08-08T20:23:34.015+0400] {logging_mixin.py:151} INFO - [2024-08-08T20:23:34.015+0400] {dagbag.py:539} INFO - Filling up the DagBag from /home/eduardo/airflow_venv/lib/python3.10/site-packages/airflow/example_dags/example_python_operator.py
[2024-08-08T20:23:34.048+0400] {logging_mixin.py:151} INFO - [2024-08-08T20:23:34.048+0400] {example_python_operator.py:89} WARNING - The virtalenv_python example task requires virtualenv, please install it.
[2024-08-08T20:23:34.048+0400] {processor.py:839} INFO - DAG(s) dict_keys(['example_python_operator']) retrieved from /home/eduardo/airflow_venv/lib/python3.10/site-packages/airflow/example_dags/example_python_operator.py
[2024-08-08T20:23:34.060+0400] {logging_mixin.py:151} INFO - [2024-08-08T20:23:34.060+0400] {dag.py:2915} INFO - Sync 1 DAGs
[2024-08-08T20:23:34.067+0400] {logging_mixin.py:151} INFO - [2024-08-08T20:23:34.067+0400] {dag.py:3696} INFO - Setting next_dagrun for example_python_operator to None, run_after=None
[2024-08-08T20:23:34.095+0400] {processor.py:179} INFO - Processing /home/eduardo/airflow_venv/lib/python3.10/site-packages/airflow/example_dags/example_python_operator.py took 0.084 seconds
[2024-08-08T20:24:19.407+0400] {processor.py:157} INFO - Started process (PID=7201) to work on /home/eduardo/airflow_venv/lib/python3.10/site-packages/airflow/example_dags/example_python_operator.py
[2024-08-08T20:24:19.408+0400] {processor.py:829} INFO - Processing file /home/eduardo/airflow_venv/lib/python3.10/site-packages/airflow/example_dags/example_python_operator.py for tasks to queue
[2024-08-08T20:24:19.409+0400] {logging_mixin.py:151} INFO - [2024-08-08T20:24:19.408+0400] {dagbag.py:539} INFO - Filling up the DagBag from /home/eduardo/airflow_venv/lib/python3.10/site-packages/airflow/example_dags/example_python_operator.py
[2024-08-08T20:24:19.441+0400] {logging_mixin.py:151} INFO - [2024-08-08T20:24:19.441+0400] {example_python_operator.py:89} WARNING - The virtalenv_python example task requires virtualenv, please install it.
[2024-08-08T20:24:19.442+0400] {processor.py:839} INFO - DAG(s) dict_keys(['example_python_operator']) retrieved from /home/eduardo/airflow_venv/lib/python3.10/site-packages/airflow/example_dags/example_python_operator.py
[2024-08-08T20:24:19.457+0400] {logging_mixin.py:151} INFO - [2024-08-08T20:24:19.457+0400] {dag.py:2915} INFO - Sync 1 DAGs
[2024-08-08T20:24:19.467+0400] {logging_mixin.py:151} INFO - [2024-08-08T20:24:19.466+0400] {dag.py:3696} INFO - Setting next_dagrun for example_python_operator to None, run_after=None
[2024-08-08T20:24:19.494+0400] {processor.py:179} INFO - Processing /home/eduardo/airflow_venv/lib/python3.10/site-packages/airflow/example_dags/example_python_operator.py took 0.090 seconds
[2024-08-08T20:25:07.018+0400] {processor.py:157} INFO - Started process (PID=7257) to work on /home/eduardo/airflow_venv/lib/python3.10/site-packages/airflow/example_dags/example_python_operator.py
[2024-08-08T20:25:07.019+0400] {processor.py:829} INFO - Processing file /home/eduardo/airflow_venv/lib/python3.10/site-packages/airflow/example_dags/example_python_operator.py for tasks to queue
[2024-08-08T20:25:07.019+0400] {logging_mixin.py:151} INFO - [2024-08-08T20:25:07.019+0400] {dagbag.py:539} INFO - Filling up the DagBag from /home/eduardo/airflow_venv/lib/python3.10/site-packages/airflow/example_dags/example_python_operator.py
[2024-08-08T20:25:07.058+0400] {logging_mixin.py:151} INFO - [2024-08-08T20:25:07.058+0400] {example_python_operator.py:89} WARNING - The virtalenv_python example task requires virtualenv, please install it.
[2024-08-08T20:25:07.059+0400] {processor.py:839} INFO - DAG(s) dict_keys(['example_python_operator']) retrieved from /home/eduardo/airflow_venv/lib/python3.10/site-packages/airflow/example_dags/example_python_operator.py
[2024-08-08T20:25:07.071+0400] {logging_mixin.py:151} INFO - [2024-08-08T20:25:07.071+0400] {dag.py:2915} INFO - Sync 1 DAGs
[2024-08-08T20:25:07.080+0400] {logging_mixin.py:151} INFO - [2024-08-08T20:25:07.080+0400] {dag.py:3696} INFO - Setting next_dagrun for example_python_operator to None, run_after=None
[2024-08-08T20:25:07.108+0400] {processor.py:179} INFO - Processing /home/eduardo/airflow_venv/lib/python3.10/site-packages/airflow/example_dags/example_python_operator.py took 0.093 seconds
[2024-08-08T20:25:44.150+0400] {processor.py:157} INFO - Started process (PID=7296) to work on /home/eduardo/airflow_venv/lib/python3.10/site-packages/airflow/example_dags/example_python_operator.py
[2024-08-08T20:25:44.151+0400] {processor.py:829} INFO - Processing file /home/eduardo/airflow_venv/lib/python3.10/site-packages/airflow/example_dags/example_python_operator.py for tasks to queue
[2024-08-08T20:25:44.152+0400] {logging_mixin.py:151} INFO - [2024-08-08T20:25:44.152+0400] {dagbag.py:539} INFO - Filling up the DagBag from /home/eduardo/airflow_venv/lib/python3.10/site-packages/airflow/example_dags/example_python_operator.py
[2024-08-08T20:25:44.181+0400] {logging_mixin.py:151} INFO - [2024-08-08T20:25:44.181+0400] {example_python_operator.py:89} WARNING - The virtalenv_python example task requires virtualenv, please install it.
[2024-08-08T20:25:44.182+0400] {processor.py:839} INFO - DAG(s) dict_keys(['example_python_operator']) retrieved from /home/eduardo/airflow_venv/lib/python3.10/site-packages/airflow/example_dags/example_python_operator.py
[2024-08-08T20:25:44.194+0400] {logging_mixin.py:151} INFO - [2024-08-08T20:25:44.193+0400] {dag.py:2915} INFO - Sync 1 DAGs
[2024-08-08T20:25:44.201+0400] {logging_mixin.py:151} INFO - [2024-08-08T20:25:44.201+0400] {dag.py:3696} INFO - Setting next_dagrun for example_python_operator to None, run_after=None
[2024-08-08T20:25:44.228+0400] {processor.py:179} INFO - Processing /home/eduardo/airflow_venv/lib/python3.10/site-packages/airflow/example_dags/example_python_operator.py took 0.080 seconds
[2024-08-08T22:09:41.527+0400] {processor.py:157} INFO - Started process (PID=9499) to work on /home/eduardo/airflow_venv/lib/python3.10/site-packages/airflow/example_dags/example_python_operator.py
[2024-08-08T22:09:41.531+0400] {processor.py:829} INFO - Processing file /home/eduardo/airflow_venv/lib/python3.10/site-packages/airflow/example_dags/example_python_operator.py for tasks to queue
[2024-08-08T22:09:41.532+0400] {logging_mixin.py:151} INFO - [2024-08-08T22:09:41.532+0400] {dagbag.py:539} INFO - Filling up the DagBag from /home/eduardo/airflow_venv/lib/python3.10/site-packages/airflow/example_dags/example_python_operator.py
[2024-08-08T22:09:41.627+0400] {logging_mixin.py:151} INFO - [2024-08-08T22:09:41.627+0400] {example_python_operator.py:89} WARNING - The virtalenv_python example task requires virtualenv, please install it.
[2024-08-08T22:09:41.631+0400] {processor.py:839} INFO - DAG(s) dict_keys(['example_python_operator']) retrieved from /home/eduardo/airflow_venv/lib/python3.10/site-packages/airflow/example_dags/example_python_operator.py
[2024-08-08T22:09:41.655+0400] {logging_mixin.py:151} INFO - [2024-08-08T22:09:41.655+0400] {dag.py:2915} INFO - Sync 1 DAGs
[2024-08-08T22:09:41.667+0400] {logging_mixin.py:151} INFO - [2024-08-08T22:09:41.667+0400] {dag.py:3696} INFO - Setting next_dagrun for example_python_operator to None, run_after=None
[2024-08-08T22:09:41.709+0400] {processor.py:179} INFO - Processing /home/eduardo/airflow_venv/lib/python3.10/site-packages/airflow/example_dags/example_python_operator.py took 0.185 seconds
[2024-08-08T22:10:28.751+0400] {processor.py:157} INFO - Started process (PID=10063) to work on /home/eduardo/airflow_venv/lib/python3.10/site-packages/airflow/example_dags/example_python_operator.py
[2024-08-08T22:10:28.754+0400] {processor.py:829} INFO - Processing file /home/eduardo/airflow_venv/lib/python3.10/site-packages/airflow/example_dags/example_python_operator.py for tasks to queue
[2024-08-08T22:10:28.755+0400] {logging_mixin.py:151} INFO - [2024-08-08T22:10:28.755+0400] {dagbag.py:539} INFO - Filling up the DagBag from /home/eduardo/airflow_venv/lib/python3.10/site-packages/airflow/example_dags/example_python_operator.py
[2024-08-08T22:10:28.849+0400] {logging_mixin.py:151} INFO - [2024-08-08T22:10:28.849+0400] {example_python_operator.py:89} WARNING - The virtalenv_python example task requires virtualenv, please install it.
[2024-08-08T22:10:28.849+0400] {processor.py:839} INFO - DAG(s) dict_keys(['example_python_operator']) retrieved from /home/eduardo/airflow_venv/lib/python3.10/site-packages/airflow/example_dags/example_python_operator.py
[2024-08-08T22:10:28.873+0400] {logging_mixin.py:151} INFO - [2024-08-08T22:10:28.873+0400] {dag.py:2915} INFO - Sync 1 DAGs
[2024-08-08T22:10:28.900+0400] {logging_mixin.py:151} INFO - [2024-08-08T22:10:28.899+0400] {dag.py:3696} INFO - Setting next_dagrun for example_python_operator to None, run_after=None
[2024-08-08T22:10:28.948+0400] {processor.py:179} INFO - Processing /home/eduardo/airflow_venv/lib/python3.10/site-packages/airflow/example_dags/example_python_operator.py took 0.202 seconds
[2024-08-08T22:11:17.502+0400] {processor.py:157} INFO - Started process (PID=10572) to work on /home/eduardo/airflow_venv/lib/python3.10/site-packages/airflow/example_dags/example_python_operator.py
[2024-08-08T22:11:17.505+0400] {processor.py:829} INFO - Processing file /home/eduardo/airflow_venv/lib/python3.10/site-packages/airflow/example_dags/example_python_operator.py for tasks to queue
[2024-08-08T22:11:17.506+0400] {logging_mixin.py:151} INFO - [2024-08-08T22:11:17.506+0400] {dagbag.py:539} INFO - Filling up the DagBag from /home/eduardo/airflow_venv/lib/python3.10/site-packages/airflow/example_dags/example_python_operator.py
[2024-08-08T22:11:17.571+0400] {logging_mixin.py:151} INFO - [2024-08-08T22:11:17.571+0400] {example_python_operator.py:89} WARNING - The virtalenv_python example task requires virtualenv, please install it.
[2024-08-08T22:11:17.572+0400] {processor.py:839} INFO - DAG(s) dict_keys(['example_python_operator']) retrieved from /home/eduardo/airflow_venv/lib/python3.10/site-packages/airflow/example_dags/example_python_operator.py
[2024-08-08T22:11:17.591+0400] {logging_mixin.py:151} INFO - [2024-08-08T22:11:17.591+0400] {dag.py:2915} INFO - Sync 1 DAGs
[2024-08-08T22:11:17.608+0400] {logging_mixin.py:151} INFO - [2024-08-08T22:11:17.608+0400] {dag.py:3696} INFO - Setting next_dagrun for example_python_operator to None, run_after=None
[2024-08-08T22:11:17.652+0400] {processor.py:179} INFO - Processing /home/eduardo/airflow_venv/lib/python3.10/site-packages/airflow/example_dags/example_python_operator.py took 0.155 seconds
[2024-08-08T22:12:07.010+0400] {processor.py:157} INFO - Started process (PID=10992) to work on /home/eduardo/airflow_venv/lib/python3.10/site-packages/airflow/example_dags/example_python_operator.py
[2024-08-08T22:12:07.014+0400] {processor.py:829} INFO - Processing file /home/eduardo/airflow_venv/lib/python3.10/site-packages/airflow/example_dags/example_python_operator.py for tasks to queue
[2024-08-08T22:12:07.016+0400] {logging_mixin.py:151} INFO - [2024-08-08T22:12:07.015+0400] {dagbag.py:539} INFO - Filling up the DagBag from /home/eduardo/airflow_venv/lib/python3.10/site-packages/airflow/example_dags/example_python_operator.py
[2024-08-08T22:12:07.098+0400] {logging_mixin.py:151} INFO - [2024-08-08T22:12:07.098+0400] {example_python_operator.py:89} WARNING - The virtalenv_python example task requires virtualenv, please install it.
[2024-08-08T22:12:07.099+0400] {processor.py:839} INFO - DAG(s) dict_keys(['example_python_operator']) retrieved from /home/eduardo/airflow_venv/lib/python3.10/site-packages/airflow/example_dags/example_python_operator.py
[2024-08-08T22:12:07.121+0400] {logging_mixin.py:151} INFO - [2024-08-08T22:12:07.121+0400] {dag.py:2915} INFO - Sync 1 DAGs
[2024-08-08T22:12:07.132+0400] {logging_mixin.py:151} INFO - [2024-08-08T22:12:07.131+0400] {dag.py:3696} INFO - Setting next_dagrun for example_python_operator to None, run_after=None
[2024-08-08T22:12:07.166+0400] {processor.py:179} INFO - Processing /home/eduardo/airflow_venv/lib/python3.10/site-packages/airflow/example_dags/example_python_operator.py took 0.160 seconds
[2024-08-08T22:12:56.621+0400] {processor.py:157} INFO - Started process (PID=11378) to work on /home/eduardo/airflow_venv/lib/python3.10/site-packages/airflow/example_dags/example_python_operator.py
[2024-08-08T22:12:56.624+0400] {processor.py:829} INFO - Processing file /home/eduardo/airflow_venv/lib/python3.10/site-packages/airflow/example_dags/example_python_operator.py for tasks to queue
[2024-08-08T22:12:56.625+0400] {logging_mixin.py:151} INFO - [2024-08-08T22:12:56.624+0400] {dagbag.py:539} INFO - Filling up the DagBag from /home/eduardo/airflow_venv/lib/python3.10/site-packages/airflow/example_dags/example_python_operator.py
[2024-08-08T22:12:56.704+0400] {logging_mixin.py:151} INFO - [2024-08-08T22:12:56.704+0400] {example_python_operator.py:89} WARNING - The virtalenv_python example task requires virtualenv, please install it.
[2024-08-08T22:12:56.705+0400] {processor.py:839} INFO - DAG(s) dict_keys(['example_python_operator']) retrieved from /home/eduardo/airflow_venv/lib/python3.10/site-packages/airflow/example_dags/example_python_operator.py
[2024-08-08T22:12:56.722+0400] {logging_mixin.py:151} INFO - [2024-08-08T22:12:56.722+0400] {dag.py:2915} INFO - Sync 1 DAGs
[2024-08-08T22:12:56.735+0400] {logging_mixin.py:151} INFO - [2024-08-08T22:12:56.735+0400] {dag.py:3696} INFO - Setting next_dagrun for example_python_operator to None, run_after=None
[2024-08-08T22:12:56.775+0400] {processor.py:179} INFO - Processing /home/eduardo/airflow_venv/lib/python3.10/site-packages/airflow/example_dags/example_python_operator.py took 0.157 seconds
[2024-08-08T22:13:42.774+0400] {processor.py:157} INFO - Started process (PID=11816) to work on /home/eduardo/airflow_venv/lib/python3.10/site-packages/airflow/example_dags/example_python_operator.py
[2024-08-08T22:13:42.777+0400] {processor.py:829} INFO - Processing file /home/eduardo/airflow_venv/lib/python3.10/site-packages/airflow/example_dags/example_python_operator.py for tasks to queue
[2024-08-08T22:13:42.778+0400] {logging_mixin.py:151} INFO - [2024-08-08T22:13:42.778+0400] {dagbag.py:539} INFO - Filling up the DagBag from /home/eduardo/airflow_venv/lib/python3.10/site-packages/airflow/example_dags/example_python_operator.py
[2024-08-08T22:13:42.857+0400] {logging_mixin.py:151} INFO - [2024-08-08T22:13:42.856+0400] {example_python_operator.py:89} WARNING - The virtalenv_python example task requires virtualenv, please install it.
[2024-08-08T22:13:42.857+0400] {processor.py:839} INFO - DAG(s) dict_keys(['example_python_operator']) retrieved from /home/eduardo/airflow_venv/lib/python3.10/site-packages/airflow/example_dags/example_python_operator.py
[2024-08-08T22:13:42.878+0400] {logging_mixin.py:151} INFO - [2024-08-08T22:13:42.878+0400] {dag.py:2915} INFO - Sync 1 DAGs
[2024-08-08T22:13:42.891+0400] {logging_mixin.py:151} INFO - [2024-08-08T22:13:42.891+0400] {dag.py:3696} INFO - Setting next_dagrun for example_python_operator to None, run_after=None
[2024-08-08T22:13:42.925+0400] {processor.py:179} INFO - Processing /home/eduardo/airflow_venv/lib/python3.10/site-packages/airflow/example_dags/example_python_operator.py took 0.155 seconds
[2024-08-08T22:14:31.035+0400] {processor.py:157} INFO - Started process (PID=12396) to work on /home/eduardo/airflow_venv/lib/python3.10/site-packages/airflow/example_dags/example_python_operator.py
[2024-08-08T22:14:31.039+0400] {processor.py:829} INFO - Processing file /home/eduardo/airflow_venv/lib/python3.10/site-packages/airflow/example_dags/example_python_operator.py for tasks to queue
[2024-08-08T22:14:31.039+0400] {logging_mixin.py:151} INFO - [2024-08-08T22:14:31.039+0400] {dagbag.py:539} INFO - Filling up the DagBag from /home/eduardo/airflow_venv/lib/python3.10/site-packages/airflow/example_dags/example_python_operator.py
[2024-08-08T22:14:31.124+0400] {logging_mixin.py:151} INFO - [2024-08-08T22:14:31.124+0400] {example_python_operator.py:89} WARNING - The virtalenv_python example task requires virtualenv, please install it.
[2024-08-08T22:14:31.125+0400] {processor.py:839} INFO - DAG(s) dict_keys(['example_python_operator']) retrieved from /home/eduardo/airflow_venv/lib/python3.10/site-packages/airflow/example_dags/example_python_operator.py
[2024-08-08T22:14:31.134+0400] {logging_mixin.py:151} INFO - [2024-08-08T22:14:31.133+0400] {dag.py:2915} INFO - Sync 1 DAGs
[2024-08-08T22:14:31.147+0400] {logging_mixin.py:151} INFO - [2024-08-08T22:14:31.146+0400] {dag.py:3696} INFO - Setting next_dagrun for example_python_operator to None, run_after=None
[2024-08-08T22:14:31.184+0400] {processor.py:179} INFO - Processing /home/eduardo/airflow_venv/lib/python3.10/site-packages/airflow/example_dags/example_python_operator.py took 0.152 seconds
[2024-08-08T22:15:08.618+0400] {processor.py:157} INFO - Started process (PID=12687) to work on /home/eduardo/airflow_venv/lib/python3.10/site-packages/airflow/example_dags/example_python_operator.py
[2024-08-08T22:15:08.622+0400] {processor.py:829} INFO - Processing file /home/eduardo/airflow_venv/lib/python3.10/site-packages/airflow/example_dags/example_python_operator.py for tasks to queue
[2024-08-08T22:15:08.624+0400] {logging_mixin.py:151} INFO - [2024-08-08T22:15:08.623+0400] {dagbag.py:539} INFO - Filling up the DagBag from /home/eduardo/airflow_venv/lib/python3.10/site-packages/airflow/example_dags/example_python_operator.py
[2024-08-08T22:15:08.707+0400] {logging_mixin.py:151} INFO - [2024-08-08T22:15:08.706+0400] {example_python_operator.py:89} WARNING - The virtalenv_python example task requires virtualenv, please install it.
[2024-08-08T22:15:08.707+0400] {processor.py:839} INFO - DAG(s) dict_keys(['example_python_operator']) retrieved from /home/eduardo/airflow_venv/lib/python3.10/site-packages/airflow/example_dags/example_python_operator.py
[2024-08-08T22:15:08.725+0400] {logging_mixin.py:151} INFO - [2024-08-08T22:15:08.725+0400] {dag.py:2915} INFO - Sync 1 DAGs
[2024-08-08T22:15:08.739+0400] {logging_mixin.py:151} INFO - [2024-08-08T22:15:08.739+0400] {dag.py:3696} INFO - Setting next_dagrun for example_python_operator to None, run_after=None
[2024-08-08T22:15:08.779+0400] {processor.py:179} INFO - Processing /home/eduardo/airflow_venv/lib/python3.10/site-packages/airflow/example_dags/example_python_operator.py took 0.168 seconds
[2024-08-08T22:16:00.282+0400] {processor.py:157} INFO - Started process (PID=13178) to work on /home/eduardo/airflow_venv/lib/python3.10/site-packages/airflow/example_dags/example_python_operator.py
[2024-08-08T22:16:00.285+0400] {processor.py:829} INFO - Processing file /home/eduardo/airflow_venv/lib/python3.10/site-packages/airflow/example_dags/example_python_operator.py for tasks to queue
[2024-08-08T22:16:00.286+0400] {logging_mixin.py:151} INFO - [2024-08-08T22:16:00.285+0400] {dagbag.py:539} INFO - Filling up the DagBag from /home/eduardo/airflow_venv/lib/python3.10/site-packages/airflow/example_dags/example_python_operator.py
[2024-08-08T22:16:00.367+0400] {logging_mixin.py:151} INFO - [2024-08-08T22:16:00.367+0400] {example_python_operator.py:89} WARNING - The virtalenv_python example task requires virtualenv, please install it.
[2024-08-08T22:16:00.368+0400] {processor.py:839} INFO - DAG(s) dict_keys(['example_python_operator']) retrieved from /home/eduardo/airflow_venv/lib/python3.10/site-packages/airflow/example_dags/example_python_operator.py
[2024-08-08T22:16:00.385+0400] {logging_mixin.py:151} INFO - [2024-08-08T22:16:00.385+0400] {dag.py:2915} INFO - Sync 1 DAGs
[2024-08-08T22:16:00.393+0400] {logging_mixin.py:151} INFO - [2024-08-08T22:16:00.393+0400] {dag.py:3696} INFO - Setting next_dagrun for example_python_operator to None, run_after=None
[2024-08-08T22:16:00.429+0400] {processor.py:179} INFO - Processing /home/eduardo/airflow_venv/lib/python3.10/site-packages/airflow/example_dags/example_python_operator.py took 0.150 seconds
[2024-08-08T22:16:48.191+0400] {processor.py:157} INFO - Started process (PID=13624) to work on /home/eduardo/airflow_venv/lib/python3.10/site-packages/airflow/example_dags/example_python_operator.py
[2024-08-08T22:16:48.195+0400] {processor.py:829} INFO - Processing file /home/eduardo/airflow_venv/lib/python3.10/site-packages/airflow/example_dags/example_python_operator.py for tasks to queue
[2024-08-08T22:16:48.196+0400] {logging_mixin.py:151} INFO - [2024-08-08T22:16:48.195+0400] {dagbag.py:539} INFO - Filling up the DagBag from /home/eduardo/airflow_venv/lib/python3.10/site-packages/airflow/example_dags/example_python_operator.py
[2024-08-08T22:16:48.263+0400] {logging_mixin.py:151} INFO - [2024-08-08T22:16:48.263+0400] {example_python_operator.py:89} WARNING - The virtalenv_python example task requires virtualenv, please install it.
[2024-08-08T22:16:48.264+0400] {processor.py:839} INFO - DAG(s) dict_keys(['example_python_operator']) retrieved from /home/eduardo/airflow_venv/lib/python3.10/site-packages/airflow/example_dags/example_python_operator.py
[2024-08-08T22:16:48.295+0400] {logging_mixin.py:151} INFO - [2024-08-08T22:16:48.294+0400] {dag.py:2915} INFO - Sync 1 DAGs
[2024-08-08T22:16:48.317+0400] {logging_mixin.py:151} INFO - [2024-08-08T22:16:48.317+0400] {dag.py:3696} INFO - Setting next_dagrun for example_python_operator to None, run_after=None
[2024-08-08T22:16:48.384+0400] {processor.py:179} INFO - Processing /home/eduardo/airflow_venv/lib/python3.10/site-packages/airflow/example_dags/example_python_operator.py took 0.199 seconds
[2024-08-08T22:17:24.447+0400] {processor.py:157} INFO - Started process (PID=14034) to work on /home/eduardo/airflow_venv/lib/python3.10/site-packages/airflow/example_dags/example_python_operator.py
[2024-08-08T22:17:24.451+0400] {processor.py:829} INFO - Processing file /home/eduardo/airflow_venv/lib/python3.10/site-packages/airflow/example_dags/example_python_operator.py for tasks to queue
[2024-08-08T22:17:24.453+0400] {logging_mixin.py:151} INFO - [2024-08-08T22:17:24.452+0400] {dagbag.py:539} INFO - Filling up the DagBag from /home/eduardo/airflow_venv/lib/python3.10/site-packages/airflow/example_dags/example_python_operator.py
[2024-08-08T22:17:24.532+0400] {logging_mixin.py:151} INFO - [2024-08-08T22:17:24.531+0400] {example_python_operator.py:89} WARNING - The virtalenv_python example task requires virtualenv, please install it.
[2024-08-08T22:17:24.533+0400] {processor.py:839} INFO - DAG(s) dict_keys(['example_python_operator']) retrieved from /home/eduardo/airflow_venv/lib/python3.10/site-packages/airflow/example_dags/example_python_operator.py
[2024-08-08T22:17:24.566+0400] {logging_mixin.py:151} INFO - [2024-08-08T22:17:24.566+0400] {dag.py:2915} INFO - Sync 1 DAGs
[2024-08-08T22:17:24.593+0400] {logging_mixin.py:151} INFO - [2024-08-08T22:17:24.593+0400] {dag.py:3696} INFO - Setting next_dagrun for example_python_operator to None, run_after=None
[2024-08-08T22:17:24.642+0400] {processor.py:179} INFO - Processing /home/eduardo/airflow_venv/lib/python3.10/site-packages/airflow/example_dags/example_python_operator.py took 0.200 seconds
[2024-08-08T22:17:59.963+0400] {processor.py:157} INFO - Started process (PID=14309) to work on /home/eduardo/airflow_venv/lib/python3.10/site-packages/airflow/example_dags/example_python_operator.py
[2024-08-08T22:17:59.966+0400] {processor.py:829} INFO - Processing file /home/eduardo/airflow_venv/lib/python3.10/site-packages/airflow/example_dags/example_python_operator.py for tasks to queue
[2024-08-08T22:17:59.967+0400] {logging_mixin.py:151} INFO - [2024-08-08T22:17:59.966+0400] {dagbag.py:539} INFO - Filling up the DagBag from /home/eduardo/airflow_venv/lib/python3.10/site-packages/airflow/example_dags/example_python_operator.py
[2024-08-08T22:18:00.030+0400] {logging_mixin.py:151} INFO - [2024-08-08T22:18:00.030+0400] {example_python_operator.py:89} WARNING - The virtalenv_python example task requires virtualenv, please install it.
[2024-08-08T22:18:00.031+0400] {processor.py:839} INFO - DAG(s) dict_keys(['example_python_operator']) retrieved from /home/eduardo/airflow_venv/lib/python3.10/site-packages/airflow/example_dags/example_python_operator.py
[2024-08-08T22:18:00.055+0400] {logging_mixin.py:151} INFO - [2024-08-08T22:18:00.055+0400] {dag.py:2915} INFO - Sync 1 DAGs
[2024-08-08T22:18:00.067+0400] {logging_mixin.py:151} INFO - [2024-08-08T22:18:00.066+0400] {dag.py:3696} INFO - Setting next_dagrun for example_python_operator to None, run_after=None
[2024-08-08T22:18:00.108+0400] {processor.py:179} INFO - Processing /home/eduardo/airflow_venv/lib/python3.10/site-packages/airflow/example_dags/example_python_operator.py took 0.148 seconds
[2024-08-08T22:18:52.265+0400] {processor.py:157} INFO - Started process (PID=14715) to work on /home/eduardo/airflow_venv/lib/python3.10/site-packages/airflow/example_dags/example_python_operator.py
[2024-08-08T22:18:52.268+0400] {processor.py:829} INFO - Processing file /home/eduardo/airflow_venv/lib/python3.10/site-packages/airflow/example_dags/example_python_operator.py for tasks to queue
[2024-08-08T22:18:52.269+0400] {logging_mixin.py:151} INFO - [2024-08-08T22:18:52.268+0400] {dagbag.py:539} INFO - Filling up the DagBag from /home/eduardo/airflow_venv/lib/python3.10/site-packages/airflow/example_dags/example_python_operator.py
[2024-08-08T22:18:52.314+0400] {logging_mixin.py:151} INFO - [2024-08-08T22:18:52.313+0400] {example_python_operator.py:89} WARNING - The virtalenv_python example task requires virtualenv, please install it.
[2024-08-08T22:18:52.314+0400] {processor.py:839} INFO - DAG(s) dict_keys(['example_python_operator']) retrieved from /home/eduardo/airflow_venv/lib/python3.10/site-packages/airflow/example_dags/example_python_operator.py
[2024-08-08T22:18:52.331+0400] {logging_mixin.py:151} INFO - [2024-08-08T22:18:52.331+0400] {dag.py:2915} INFO - Sync 1 DAGs
[2024-08-08T22:18:52.349+0400] {logging_mixin.py:151} INFO - [2024-08-08T22:18:52.349+0400] {dag.py:3696} INFO - Setting next_dagrun for example_python_operator to None, run_after=None
[2024-08-08T22:18:52.385+0400] {processor.py:179} INFO - Processing /home/eduardo/airflow_venv/lib/python3.10/site-packages/airflow/example_dags/example_python_operator.py took 0.125 seconds
[2024-08-08T22:19:28.950+0400] {processor.py:157} INFO - Started process (PID=15004) to work on /home/eduardo/airflow_venv/lib/python3.10/site-packages/airflow/example_dags/example_python_operator.py
[2024-08-08T22:19:28.954+0400] {processor.py:829} INFO - Processing file /home/eduardo/airflow_venv/lib/python3.10/site-packages/airflow/example_dags/example_python_operator.py for tasks to queue
[2024-08-08T22:19:28.956+0400] {logging_mixin.py:151} INFO - [2024-08-08T22:19:28.955+0400] {dagbag.py:539} INFO - Filling up the DagBag from /home/eduardo/airflow_venv/lib/python3.10/site-packages/airflow/example_dags/example_python_operator.py
[2024-08-08T22:19:29.027+0400] {logging_mixin.py:151} INFO - [2024-08-08T22:19:29.027+0400] {example_python_operator.py:89} WARNING - The virtalenv_python example task requires virtualenv, please install it.
[2024-08-08T22:19:29.028+0400] {processor.py:839} INFO - DAG(s) dict_keys(['example_python_operator']) retrieved from /home/eduardo/airflow_venv/lib/python3.10/site-packages/airflow/example_dags/example_python_operator.py
[2024-08-08T22:19:29.052+0400] {logging_mixin.py:151} INFO - [2024-08-08T22:19:29.052+0400] {dag.py:2915} INFO - Sync 1 DAGs
[2024-08-08T22:19:29.068+0400] {logging_mixin.py:151} INFO - [2024-08-08T22:19:29.068+0400] {dag.py:3696} INFO - Setting next_dagrun for example_python_operator to None, run_after=None
[2024-08-08T22:19:29.107+0400] {processor.py:179} INFO - Processing /home/eduardo/airflow_venv/lib/python3.10/site-packages/airflow/example_dags/example_python_operator.py took 0.161 seconds
[2024-08-08T22:20:18.803+0400] {processor.py:157} INFO - Started process (PID=15412) to work on /home/eduardo/airflow_venv/lib/python3.10/site-packages/airflow/example_dags/example_python_operator.py
[2024-08-08T22:20:18.806+0400] {processor.py:829} INFO - Processing file /home/eduardo/airflow_venv/lib/python3.10/site-packages/airflow/example_dags/example_python_operator.py for tasks to queue
[2024-08-08T22:20:18.807+0400] {logging_mixin.py:151} INFO - [2024-08-08T22:20:18.806+0400] {dagbag.py:539} INFO - Filling up the DagBag from /home/eduardo/airflow_venv/lib/python3.10/site-packages/airflow/example_dags/example_python_operator.py
[2024-08-08T22:20:18.870+0400] {logging_mixin.py:151} INFO - [2024-08-08T22:20:18.870+0400] {example_python_operator.py:89} WARNING - The virtalenv_python example task requires virtualenv, please install it.
[2024-08-08T22:20:18.870+0400] {processor.py:839} INFO - DAG(s) dict_keys(['example_python_operator']) retrieved from /home/eduardo/airflow_venv/lib/python3.10/site-packages/airflow/example_dags/example_python_operator.py
[2024-08-08T22:20:18.895+0400] {logging_mixin.py:151} INFO - [2024-08-08T22:20:18.895+0400] {dag.py:2915} INFO - Sync 1 DAGs
[2024-08-08T22:20:18.914+0400] {logging_mixin.py:151} INFO - [2024-08-08T22:20:18.914+0400] {dag.py:3696} INFO - Setting next_dagrun for example_python_operator to None, run_after=None
[2024-08-08T22:20:18.953+0400] {processor.py:179} INFO - Processing /home/eduardo/airflow_venv/lib/python3.10/site-packages/airflow/example_dags/example_python_operator.py took 0.153 seconds
[2024-08-08T22:21:07.662+0400] {processor.py:157} INFO - Started process (PID=15864) to work on /home/eduardo/airflow_venv/lib/python3.10/site-packages/airflow/example_dags/example_python_operator.py
[2024-08-08T22:21:07.664+0400] {processor.py:829} INFO - Processing file /home/eduardo/airflow_venv/lib/python3.10/site-packages/airflow/example_dags/example_python_operator.py for tasks to queue
[2024-08-08T22:21:07.665+0400] {logging_mixin.py:151} INFO - [2024-08-08T22:21:07.665+0400] {dagbag.py:539} INFO - Filling up the DagBag from /home/eduardo/airflow_venv/lib/python3.10/site-packages/airflow/example_dags/example_python_operator.py
[2024-08-08T22:21:07.749+0400] {logging_mixin.py:151} INFO - [2024-08-08T22:21:07.749+0400] {example_python_operator.py:89} WARNING - The virtalenv_python example task requires virtualenv, please install it.
[2024-08-08T22:21:07.749+0400] {processor.py:839} INFO - DAG(s) dict_keys(['example_python_operator']) retrieved from /home/eduardo/airflow_venv/lib/python3.10/site-packages/airflow/example_dags/example_python_operator.py
[2024-08-08T22:21:07.767+0400] {logging_mixin.py:151} INFO - [2024-08-08T22:21:07.767+0400] {dag.py:2915} INFO - Sync 1 DAGs
[2024-08-08T22:21:07.781+0400] {logging_mixin.py:151} INFO - [2024-08-08T22:21:07.780+0400] {dag.py:3696} INFO - Setting next_dagrun for example_python_operator to None, run_after=None
[2024-08-08T22:21:07.818+0400] {processor.py:179} INFO - Processing /home/eduardo/airflow_venv/lib/python3.10/site-packages/airflow/example_dags/example_python_operator.py took 0.161 seconds
[2024-08-08T22:21:43.721+0400] {processor.py:157} INFO - Started process (PID=16196) to work on /home/eduardo/airflow_venv/lib/python3.10/site-packages/airflow/example_dags/example_python_operator.py
[2024-08-08T22:21:43.724+0400] {processor.py:829} INFO - Processing file /home/eduardo/airflow_venv/lib/python3.10/site-packages/airflow/example_dags/example_python_operator.py for tasks to queue
[2024-08-08T22:21:43.725+0400] {logging_mixin.py:151} INFO - [2024-08-08T22:21:43.725+0400] {dagbag.py:539} INFO - Filling up the DagBag from /home/eduardo/airflow_venv/lib/python3.10/site-packages/airflow/example_dags/example_python_operator.py
[2024-08-08T22:21:43.751+0400] {logging_mixin.py:151} INFO - [2024-08-08T22:21:43.751+0400] {example_python_operator.py:89} WARNING - The virtalenv_python example task requires virtualenv, please install it.
[2024-08-08T22:21:43.752+0400] {processor.py:839} INFO - DAG(s) dict_keys(['example_python_operator']) retrieved from /home/eduardo/airflow_venv/lib/python3.10/site-packages/airflow/example_dags/example_python_operator.py
[2024-08-08T22:21:43.765+0400] {logging_mixin.py:151} INFO - [2024-08-08T22:21:43.765+0400] {dag.py:2915} INFO - Sync 1 DAGs
[2024-08-08T22:21:43.773+0400] {logging_mixin.py:151} INFO - [2024-08-08T22:21:43.773+0400] {dag.py:3696} INFO - Setting next_dagrun for example_python_operator to None, run_after=None
[2024-08-08T22:21:43.800+0400] {processor.py:179} INFO - Processing /home/eduardo/airflow_venv/lib/python3.10/site-packages/airflow/example_dags/example_python_operator.py took 0.082 seconds
[2024-08-08T22:22:34.473+0400] {processor.py:157} INFO - Started process (PID=16592) to work on /home/eduardo/airflow_venv/lib/python3.10/site-packages/airflow/example_dags/example_python_operator.py
[2024-08-08T22:22:34.475+0400] {processor.py:829} INFO - Processing file /home/eduardo/airflow_venv/lib/python3.10/site-packages/airflow/example_dags/example_python_operator.py for tasks to queue
[2024-08-08T22:22:34.476+0400] {logging_mixin.py:151} INFO - [2024-08-08T22:22:34.476+0400] {dagbag.py:539} INFO - Filling up the DagBag from /home/eduardo/airflow_venv/lib/python3.10/site-packages/airflow/example_dags/example_python_operator.py
[2024-08-08T22:22:34.556+0400] {logging_mixin.py:151} INFO - [2024-08-08T22:22:34.556+0400] {example_python_operator.py:89} WARNING - The virtalenv_python example task requires virtualenv, please install it.
[2024-08-08T22:22:34.557+0400] {processor.py:839} INFO - DAG(s) dict_keys(['example_python_operator']) retrieved from /home/eduardo/airflow_venv/lib/python3.10/site-packages/airflow/example_dags/example_python_operator.py
[2024-08-08T22:22:34.571+0400] {logging_mixin.py:151} INFO - [2024-08-08T22:22:34.571+0400] {dag.py:2915} INFO - Sync 1 DAGs
[2024-08-08T22:22:34.579+0400] {logging_mixin.py:151} INFO - [2024-08-08T22:22:34.579+0400] {dag.py:3696} INFO - Setting next_dagrun for example_python_operator to None, run_after=None
[2024-08-08T22:22:34.607+0400] {processor.py:179} INFO - Processing /home/eduardo/airflow_venv/lib/python3.10/site-packages/airflow/example_dags/example_python_operator.py took 0.139 seconds
[2024-08-08T22:23:25.233+0400] {processor.py:157} INFO - Started process (PID=17065) to work on /home/eduardo/airflow_venv/lib/python3.10/site-packages/airflow/example_dags/example_python_operator.py
[2024-08-08T22:23:25.235+0400] {processor.py:829} INFO - Processing file /home/eduardo/airflow_venv/lib/python3.10/site-packages/airflow/example_dags/example_python_operator.py for tasks to queue
[2024-08-08T22:23:25.236+0400] {logging_mixin.py:151} INFO - [2024-08-08T22:23:25.236+0400] {dagbag.py:539} INFO - Filling up the DagBag from /home/eduardo/airflow_venv/lib/python3.10/site-packages/airflow/example_dags/example_python_operator.py
[2024-08-08T22:23:25.338+0400] {logging_mixin.py:151} INFO - [2024-08-08T22:23:25.338+0400] {example_python_operator.py:89} WARNING - The virtalenv_python example task requires virtualenv, please install it.
[2024-08-08T22:23:25.339+0400] {processor.py:839} INFO - DAG(s) dict_keys(['example_python_operator']) retrieved from /home/eduardo/airflow_venv/lib/python3.10/site-packages/airflow/example_dags/example_python_operator.py
[2024-08-08T22:23:25.355+0400] {logging_mixin.py:151} INFO - [2024-08-08T22:23:25.354+0400] {dag.py:2915} INFO - Sync 1 DAGs
[2024-08-08T22:23:25.363+0400] {logging_mixin.py:151} INFO - [2024-08-08T22:23:25.363+0400] {dag.py:3696} INFO - Setting next_dagrun for example_python_operator to None, run_after=None
[2024-08-08T22:23:25.395+0400] {processor.py:179} INFO - Processing /home/eduardo/airflow_venv/lib/python3.10/site-packages/airflow/example_dags/example_python_operator.py took 0.168 seconds
