[2024-08-08T20:18:56.213+0400] {processor.py:157} INFO - Started process (PID=6842) to work on /home/eduardo/airflow_venv/lib/python3.10/site-packages/airflow/example_dags/example_dynamic_task_mapping.py
[2024-08-08T20:18:56.213+0400] {processor.py:829} INFO - Processing file /home/eduardo/airflow_venv/lib/python3.10/site-packages/airflow/example_dags/example_dynamic_task_mapping.py for tasks to queue
[2024-08-08T20:18:56.214+0400] {logging_mixin.py:151} INFO - [2024-08-08T20:18:56.214+0400] {dagbag.py:539} INFO - Filling up the DagBag from /home/eduardo/airflow_venv/lib/python3.10/site-packages/airflow/example_dags/example_dynamic_task_mapping.py
[2024-08-08T20:18:56.221+0400] {processor.py:839} INFO - DAG(s) dict_keys(['example_dynamic_task_mapping']) retrieved from /home/eduardo/airflow_venv/lib/python3.10/site-packages/airflow/example_dags/example_dynamic_task_mapping.py
[2024-08-08T20:18:56.322+0400] {logging_mixin.py:151} INFO - [2024-08-08T20:18:56.322+0400] {manager.py:499} INFO - Created Permission View: %s
[2024-08-08T20:18:56.342+0400] {logging_mixin.py:151} INFO - [2024-08-08T20:18:56.342+0400] {manager.py:499} INFO - Created Permission View: %s
[2024-08-08T20:18:56.363+0400] {logging_mixin.py:151} INFO - [2024-08-08T20:18:56.363+0400] {manager.py:499} INFO - Created Permission View: %s
[2024-08-08T20:18:56.363+0400] {logging_mixin.py:151} INFO - [2024-08-08T20:18:56.363+0400] {security.py:708} INFO - Not syncing DAG-level permissions for DAG 'DAG:example_dynamic_task_mapping' as access control is unset.
[2024-08-08T20:18:56.363+0400] {logging_mixin.py:151} INFO - [2024-08-08T20:18:56.363+0400] {dag.py:2915} INFO - Sync 1 DAGs
[2024-08-08T20:18:56.373+0400] {logging_mixin.py:151} INFO - [2024-08-08T20:18:56.372+0400] {dag.py:2937} INFO - Creating ORM DAG for example_dynamic_task_mapping
[2024-08-08T20:18:56.379+0400] {logging_mixin.py:151} INFO - [2024-08-08T20:18:56.379+0400] {dag.py:3696} INFO - Setting next_dagrun for example_dynamic_task_mapping to 2022-03-04T00:00:00+00:00, run_after=2022-03-05T00:00:00+00:00
[2024-08-08T20:18:56.403+0400] {processor.py:179} INFO - Processing /home/eduardo/airflow_venv/lib/python3.10/site-packages/airflow/example_dags/example_dynamic_task_mapping.py took 0.193 seconds
[2024-08-08T20:19:43.943+0400] {processor.py:157} INFO - Started process (PID=6890) to work on /home/eduardo/airflow_venv/lib/python3.10/site-packages/airflow/example_dags/example_dynamic_task_mapping.py
[2024-08-08T20:19:43.945+0400] {processor.py:829} INFO - Processing file /home/eduardo/airflow_venv/lib/python3.10/site-packages/airflow/example_dags/example_dynamic_task_mapping.py for tasks to queue
[2024-08-08T20:19:43.945+0400] {logging_mixin.py:151} INFO - [2024-08-08T20:19:43.945+0400] {dagbag.py:539} INFO - Filling up the DagBag from /home/eduardo/airflow_venv/lib/python3.10/site-packages/airflow/example_dags/example_dynamic_task_mapping.py
[2024-08-08T20:19:43.950+0400] {processor.py:839} INFO - DAG(s) dict_keys(['example_dynamic_task_mapping']) retrieved from /home/eduardo/airflow_venv/lib/python3.10/site-packages/airflow/example_dags/example_dynamic_task_mapping.py
[2024-08-08T20:19:43.960+0400] {logging_mixin.py:151} INFO - [2024-08-08T20:19:43.959+0400] {dag.py:2915} INFO - Sync 1 DAGs
[2024-08-08T20:19:43.971+0400] {logging_mixin.py:151} INFO - [2024-08-08T20:19:43.971+0400] {dag.py:3696} INFO - Setting next_dagrun for example_dynamic_task_mapping to 2022-03-04T00:00:00+00:00, run_after=2022-03-05T00:00:00+00:00
[2024-08-08T20:19:43.998+0400] {processor.py:179} INFO - Processing /home/eduardo/airflow_venv/lib/python3.10/site-packages/airflow/example_dags/example_dynamic_task_mapping.py took 0.057 seconds
[2024-08-08T20:20:25.126+0400] {processor.py:157} INFO - Started process (PID=6936) to work on /home/eduardo/airflow_venv/lib/python3.10/site-packages/airflow/example_dags/example_dynamic_task_mapping.py
[2024-08-08T20:20:25.127+0400] {processor.py:829} INFO - Processing file /home/eduardo/airflow_venv/lib/python3.10/site-packages/airflow/example_dags/example_dynamic_task_mapping.py for tasks to queue
[2024-08-08T20:20:25.128+0400] {logging_mixin.py:151} INFO - [2024-08-08T20:20:25.128+0400] {dagbag.py:539} INFO - Filling up the DagBag from /home/eduardo/airflow_venv/lib/python3.10/site-packages/airflow/example_dags/example_dynamic_task_mapping.py
[2024-08-08T20:20:25.135+0400] {processor.py:839} INFO - DAG(s) dict_keys(['example_dynamic_task_mapping']) retrieved from /home/eduardo/airflow_venv/lib/python3.10/site-packages/airflow/example_dags/example_dynamic_task_mapping.py
[2024-08-08T20:20:25.147+0400] {logging_mixin.py:151} INFO - [2024-08-08T20:20:25.146+0400] {dag.py:2915} INFO - Sync 1 DAGs
[2024-08-08T20:20:25.161+0400] {logging_mixin.py:151} INFO - [2024-08-08T20:20:25.161+0400] {dag.py:3696} INFO - Setting next_dagrun for example_dynamic_task_mapping to 2022-03-04T00:00:00+00:00, run_after=2022-03-05T00:00:00+00:00
[2024-08-08T20:20:25.188+0400] {processor.py:179} INFO - Processing /home/eduardo/airflow_venv/lib/python3.10/site-packages/airflow/example_dags/example_dynamic_task_mapping.py took 0.064 seconds
[2024-08-08T20:21:17.751+0400] {processor.py:157} INFO - Started process (PID=6990) to work on /home/eduardo/airflow_venv/lib/python3.10/site-packages/airflow/example_dags/example_dynamic_task_mapping.py
[2024-08-08T20:21:17.753+0400] {processor.py:829} INFO - Processing file /home/eduardo/airflow_venv/lib/python3.10/site-packages/airflow/example_dags/example_dynamic_task_mapping.py for tasks to queue
[2024-08-08T20:21:17.753+0400] {logging_mixin.py:151} INFO - [2024-08-08T20:21:17.753+0400] {dagbag.py:539} INFO - Filling up the DagBag from /home/eduardo/airflow_venv/lib/python3.10/site-packages/airflow/example_dags/example_dynamic_task_mapping.py
[2024-08-08T20:21:17.761+0400] {processor.py:839} INFO - DAG(s) dict_keys(['example_dynamic_task_mapping']) retrieved from /home/eduardo/airflow_venv/lib/python3.10/site-packages/airflow/example_dags/example_dynamic_task_mapping.py
[2024-08-08T20:21:17.778+0400] {logging_mixin.py:151} INFO - [2024-08-08T20:21:17.777+0400] {dag.py:2915} INFO - Sync 1 DAGs
[2024-08-08T20:21:17.794+0400] {logging_mixin.py:151} INFO - [2024-08-08T20:21:17.794+0400] {dag.py:3696} INFO - Setting next_dagrun for example_dynamic_task_mapping to 2022-03-04T00:00:00+00:00, run_after=2022-03-05T00:00:00+00:00
[2024-08-08T20:21:17.826+0400] {processor.py:179} INFO - Processing /home/eduardo/airflow_venv/lib/python3.10/site-packages/airflow/example_dags/example_dynamic_task_mapping.py took 0.077 seconds
[2024-08-08T20:22:12.115+0400] {processor.py:157} INFO - Started process (PID=7047) to work on /home/eduardo/airflow_venv/lib/python3.10/site-packages/airflow/example_dags/example_dynamic_task_mapping.py
[2024-08-08T20:22:12.135+0400] {processor.py:829} INFO - Processing file /home/eduardo/airflow_venv/lib/python3.10/site-packages/airflow/example_dags/example_dynamic_task_mapping.py for tasks to queue
[2024-08-08T20:22:12.135+0400] {logging_mixin.py:151} INFO - [2024-08-08T20:22:12.135+0400] {dagbag.py:539} INFO - Filling up the DagBag from /home/eduardo/airflow_venv/lib/python3.10/site-packages/airflow/example_dags/example_dynamic_task_mapping.py
[2024-08-08T20:22:12.140+0400] {processor.py:839} INFO - DAG(s) dict_keys(['example_dynamic_task_mapping']) retrieved from /home/eduardo/airflow_venv/lib/python3.10/site-packages/airflow/example_dags/example_dynamic_task_mapping.py
[2024-08-08T20:22:12.150+0400] {logging_mixin.py:151} INFO - [2024-08-08T20:22:12.150+0400] {dag.py:2915} INFO - Sync 1 DAGs
[2024-08-08T20:22:12.162+0400] {logging_mixin.py:151} INFO - [2024-08-08T20:22:12.162+0400] {dag.py:3696} INFO - Setting next_dagrun for example_dynamic_task_mapping to 2022-03-04T00:00:00+00:00, run_after=2022-03-05T00:00:00+00:00
[2024-08-08T20:22:12.190+0400] {processor.py:179} INFO - Processing /home/eduardo/airflow_venv/lib/python3.10/site-packages/airflow/example_dags/example_dynamic_task_mapping.py took 0.077 seconds
[2024-08-08T20:22:57.689+0400] {processor.py:157} INFO - Started process (PID=7112) to work on /home/eduardo/airflow_venv/lib/python3.10/site-packages/airflow/example_dags/example_dynamic_task_mapping.py
[2024-08-08T20:22:57.691+0400] {processor.py:829} INFO - Processing file /home/eduardo/airflow_venv/lib/python3.10/site-packages/airflow/example_dags/example_dynamic_task_mapping.py for tasks to queue
[2024-08-08T20:22:57.691+0400] {logging_mixin.py:151} INFO - [2024-08-08T20:22:57.691+0400] {dagbag.py:539} INFO - Filling up the DagBag from /home/eduardo/airflow_venv/lib/python3.10/site-packages/airflow/example_dags/example_dynamic_task_mapping.py
[2024-08-08T20:22:57.696+0400] {processor.py:839} INFO - DAG(s) dict_keys(['example_dynamic_task_mapping']) retrieved from /home/eduardo/airflow_venv/lib/python3.10/site-packages/airflow/example_dags/example_dynamic_task_mapping.py
[2024-08-08T20:22:57.707+0400] {logging_mixin.py:151} INFO - [2024-08-08T20:22:57.707+0400] {dag.py:2915} INFO - Sync 1 DAGs
[2024-08-08T20:22:57.719+0400] {logging_mixin.py:151} INFO - [2024-08-08T20:22:57.719+0400] {dag.py:3696} INFO - Setting next_dagrun for example_dynamic_task_mapping to 2022-03-04T00:00:00+00:00, run_after=2022-03-05T00:00:00+00:00
[2024-08-08T20:22:57.748+0400] {processor.py:179} INFO - Processing /home/eduardo/airflow_venv/lib/python3.10/site-packages/airflow/example_dags/example_dynamic_task_mapping.py took 0.062 seconds
[2024-08-08T20:23:40.600+0400] {processor.py:157} INFO - Started process (PID=7161) to work on /home/eduardo/airflow_venv/lib/python3.10/site-packages/airflow/example_dags/example_dynamic_task_mapping.py
[2024-08-08T20:23:40.601+0400] {processor.py:829} INFO - Processing file /home/eduardo/airflow_venv/lib/python3.10/site-packages/airflow/example_dags/example_dynamic_task_mapping.py for tasks to queue
[2024-08-08T20:23:40.602+0400] {logging_mixin.py:151} INFO - [2024-08-08T20:23:40.602+0400] {dagbag.py:539} INFO - Filling up the DagBag from /home/eduardo/airflow_venv/lib/python3.10/site-packages/airflow/example_dags/example_dynamic_task_mapping.py
[2024-08-08T20:23:40.608+0400] {processor.py:839} INFO - DAG(s) dict_keys(['example_dynamic_task_mapping']) retrieved from /home/eduardo/airflow_venv/lib/python3.10/site-packages/airflow/example_dags/example_dynamic_task_mapping.py
[2024-08-08T20:23:40.619+0400] {logging_mixin.py:151} INFO - [2024-08-08T20:23:40.619+0400] {dag.py:2915} INFO - Sync 1 DAGs
[2024-08-08T20:23:40.631+0400] {logging_mixin.py:151} INFO - [2024-08-08T20:23:40.631+0400] {dag.py:3696} INFO - Setting next_dagrun for example_dynamic_task_mapping to 2022-03-04T00:00:00+00:00, run_after=2022-03-05T00:00:00+00:00
[2024-08-08T20:23:40.660+0400] {processor.py:179} INFO - Processing /home/eduardo/airflow_venv/lib/python3.10/site-packages/airflow/example_dags/example_dynamic_task_mapping.py took 0.063 seconds
[2024-08-08T20:24:27.046+0400] {processor.py:157} INFO - Started process (PID=7209) to work on /home/eduardo/airflow_venv/lib/python3.10/site-packages/airflow/example_dags/example_dynamic_task_mapping.py
[2024-08-08T20:24:27.047+0400] {processor.py:829} INFO - Processing file /home/eduardo/airflow_venv/lib/python3.10/site-packages/airflow/example_dags/example_dynamic_task_mapping.py for tasks to queue
[2024-08-08T20:24:27.047+0400] {logging_mixin.py:151} INFO - [2024-08-08T20:24:27.047+0400] {dagbag.py:539} INFO - Filling up the DagBag from /home/eduardo/airflow_venv/lib/python3.10/site-packages/airflow/example_dags/example_dynamic_task_mapping.py
[2024-08-08T20:24:27.053+0400] {processor.py:839} INFO - DAG(s) dict_keys(['example_dynamic_task_mapping']) retrieved from /home/eduardo/airflow_venv/lib/python3.10/site-packages/airflow/example_dags/example_dynamic_task_mapping.py
[2024-08-08T20:24:27.063+0400] {logging_mixin.py:151} INFO - [2024-08-08T20:24:27.062+0400] {dag.py:2915} INFO - Sync 1 DAGs
[2024-08-08T20:24:27.074+0400] {logging_mixin.py:151} INFO - [2024-08-08T20:24:27.074+0400] {dag.py:3696} INFO - Setting next_dagrun for example_dynamic_task_mapping to 2022-03-04T00:00:00+00:00, run_after=2022-03-05T00:00:00+00:00
[2024-08-08T20:24:27.102+0400] {processor.py:179} INFO - Processing /home/eduardo/airflow_venv/lib/python3.10/site-packages/airflow/example_dags/example_dynamic_task_mapping.py took 0.058 seconds
[2024-08-08T20:25:17.038+0400] {processor.py:157} INFO - Started process (PID=7267) to work on /home/eduardo/airflow_venv/lib/python3.10/site-packages/airflow/example_dags/example_dynamic_task_mapping.py
[2024-08-08T20:25:17.039+0400] {processor.py:829} INFO - Processing file /home/eduardo/airflow_venv/lib/python3.10/site-packages/airflow/example_dags/example_dynamic_task_mapping.py for tasks to queue
[2024-08-08T20:25:17.040+0400] {logging_mixin.py:151} INFO - [2024-08-08T20:25:17.040+0400] {dagbag.py:539} INFO - Filling up the DagBag from /home/eduardo/airflow_venv/lib/python3.10/site-packages/airflow/example_dags/example_dynamic_task_mapping.py
[2024-08-08T20:25:17.047+0400] {processor.py:839} INFO - DAG(s) dict_keys(['example_dynamic_task_mapping']) retrieved from /home/eduardo/airflow_venv/lib/python3.10/site-packages/airflow/example_dags/example_dynamic_task_mapping.py
[2024-08-08T20:25:17.058+0400] {logging_mixin.py:151} INFO - [2024-08-08T20:25:17.058+0400] {dag.py:2915} INFO - Sync 1 DAGs
[2024-08-08T20:25:17.072+0400] {logging_mixin.py:151} INFO - [2024-08-08T20:25:17.072+0400] {dag.py:3696} INFO - Setting next_dagrun for example_dynamic_task_mapping to 2022-03-04T00:00:00+00:00, run_after=2022-03-05T00:00:00+00:00
[2024-08-08T20:25:17.099+0400] {processor.py:179} INFO - Processing /home/eduardo/airflow_venv/lib/python3.10/site-packages/airflow/example_dags/example_dynamic_task_mapping.py took 0.063 seconds
[2024-08-08T20:26:00.886+0400] {processor.py:157} INFO - Started process (PID=7313) to work on /home/eduardo/airflow_venv/lib/python3.10/site-packages/airflow/example_dags/example_dynamic_task_mapping.py
[2024-08-08T20:26:00.888+0400] {processor.py:829} INFO - Processing file /home/eduardo/airflow_venv/lib/python3.10/site-packages/airflow/example_dags/example_dynamic_task_mapping.py for tasks to queue
[2024-08-08T20:26:00.889+0400] {logging_mixin.py:151} INFO - [2024-08-08T20:26:00.889+0400] {dagbag.py:539} INFO - Filling up the DagBag from /home/eduardo/airflow_venv/lib/python3.10/site-packages/airflow/example_dags/example_dynamic_task_mapping.py
[2024-08-08T20:26:00.897+0400] {processor.py:839} INFO - DAG(s) dict_keys(['example_dynamic_task_mapping']) retrieved from /home/eduardo/airflow_venv/lib/python3.10/site-packages/airflow/example_dags/example_dynamic_task_mapping.py
[2024-08-08T20:26:00.910+0400] {logging_mixin.py:151} INFO - [2024-08-08T20:26:00.909+0400] {dag.py:2915} INFO - Sync 1 DAGs
[2024-08-08T20:26:00.924+0400] {logging_mixin.py:151} INFO - [2024-08-08T20:26:00.923+0400] {dag.py:3696} INFO - Setting next_dagrun for example_dynamic_task_mapping to 2022-03-04T00:00:00+00:00, run_after=2022-03-05T00:00:00+00:00
[2024-08-08T20:26:00.951+0400] {processor.py:179} INFO - Processing /home/eduardo/airflow_venv/lib/python3.10/site-packages/airflow/example_dags/example_dynamic_task_mapping.py took 0.070 seconds
[2024-08-08T22:10:08.834+0400] {processor.py:157} INFO - Started process (PID=9853) to work on /home/eduardo/airflow_venv/lib/python3.10/site-packages/airflow/example_dags/example_dynamic_task_mapping.py
[2024-08-08T22:10:08.838+0400] {processor.py:829} INFO - Processing file /home/eduardo/airflow_venv/lib/python3.10/site-packages/airflow/example_dags/example_dynamic_task_mapping.py for tasks to queue
[2024-08-08T22:10:08.838+0400] {logging_mixin.py:151} INFO - [2024-08-08T22:10:08.838+0400] {dagbag.py:539} INFO - Filling up the DagBag from /home/eduardo/airflow_venv/lib/python3.10/site-packages/airflow/example_dags/example_dynamic_task_mapping.py
[2024-08-08T22:10:08.845+0400] {processor.py:839} INFO - DAG(s) dict_keys(['example_dynamic_task_mapping']) retrieved from /home/eduardo/airflow_venv/lib/python3.10/site-packages/airflow/example_dags/example_dynamic_task_mapping.py
[2024-08-08T22:10:08.858+0400] {logging_mixin.py:151} INFO - [2024-08-08T22:10:08.858+0400] {dag.py:2915} INFO - Sync 1 DAGs
[2024-08-08T22:10:08.874+0400] {logging_mixin.py:151} INFO - [2024-08-08T22:10:08.874+0400] {dag.py:3696} INFO - Setting next_dagrun for example_dynamic_task_mapping to 2022-03-04T00:00:00+00:00, run_after=2022-03-05T00:00:00+00:00
[2024-08-08T22:10:08.907+0400] {processor.py:179} INFO - Processing /home/eduardo/airflow_venv/lib/python3.10/site-packages/airflow/example_dags/example_dynamic_task_mapping.py took 0.077 seconds
[2024-08-08T22:10:59.769+0400] {processor.py:157} INFO - Started process (PID=10346) to work on /home/eduardo/airflow_venv/lib/python3.10/site-packages/airflow/example_dags/example_dynamic_task_mapping.py
[2024-08-08T22:10:59.772+0400] {processor.py:829} INFO - Processing file /home/eduardo/airflow_venv/lib/python3.10/site-packages/airflow/example_dags/example_dynamic_task_mapping.py for tasks to queue
[2024-08-08T22:10:59.773+0400] {logging_mixin.py:151} INFO - [2024-08-08T22:10:59.772+0400] {dagbag.py:539} INFO - Filling up the DagBag from /home/eduardo/airflow_venv/lib/python3.10/site-packages/airflow/example_dags/example_dynamic_task_mapping.py
[2024-08-08T22:10:59.781+0400] {processor.py:839} INFO - DAG(s) dict_keys(['example_dynamic_task_mapping']) retrieved from /home/eduardo/airflow_venv/lib/python3.10/site-packages/airflow/example_dags/example_dynamic_task_mapping.py
[2024-08-08T22:10:59.796+0400] {logging_mixin.py:151} INFO - [2024-08-08T22:10:59.796+0400] {dag.py:2915} INFO - Sync 1 DAGs
[2024-08-08T22:10:59.813+0400] {logging_mixin.py:151} INFO - [2024-08-08T22:10:59.813+0400] {dag.py:3696} INFO - Setting next_dagrun for example_dynamic_task_mapping to 2022-03-04T00:00:00+00:00, run_after=2022-03-05T00:00:00+00:00
[2024-08-08T22:10:59.851+0400] {processor.py:179} INFO - Processing /home/eduardo/airflow_venv/lib/python3.10/site-packages/airflow/example_dags/example_dynamic_task_mapping.py took 0.085 seconds
[2024-08-08T22:11:54.192+0400] {processor.py:157} INFO - Started process (PID=10894) to work on /home/eduardo/airflow_venv/lib/python3.10/site-packages/airflow/example_dags/example_dynamic_task_mapping.py
[2024-08-08T22:11:54.195+0400] {processor.py:829} INFO - Processing file /home/eduardo/airflow_venv/lib/python3.10/site-packages/airflow/example_dags/example_dynamic_task_mapping.py for tasks to queue
[2024-08-08T22:11:54.198+0400] {logging_mixin.py:151} INFO - [2024-08-08T22:11:54.197+0400] {dagbag.py:539} INFO - Filling up the DagBag from /home/eduardo/airflow_venv/lib/python3.10/site-packages/airflow/example_dags/example_dynamic_task_mapping.py
[2024-08-08T22:11:54.207+0400] {processor.py:839} INFO - DAG(s) dict_keys(['example_dynamic_task_mapping']) retrieved from /home/eduardo/airflow_venv/lib/python3.10/site-packages/airflow/example_dags/example_dynamic_task_mapping.py
[2024-08-08T22:11:54.222+0400] {logging_mixin.py:151} INFO - [2024-08-08T22:11:54.222+0400] {dag.py:2915} INFO - Sync 1 DAGs
[2024-08-08T22:11:54.249+0400] {logging_mixin.py:151} INFO - [2024-08-08T22:11:54.249+0400] {dag.py:3696} INFO - Setting next_dagrun for example_dynamic_task_mapping to 2022-03-04T00:00:00+00:00, run_after=2022-03-05T00:00:00+00:00
[2024-08-08T22:11:54.291+0400] {processor.py:179} INFO - Processing /home/eduardo/airflow_venv/lib/python3.10/site-packages/airflow/example_dags/example_dynamic_task_mapping.py took 0.104 seconds
[2024-08-08T22:12:43.897+0400] {processor.py:157} INFO - Started process (PID=11274) to work on /home/eduardo/airflow_venv/lib/python3.10/site-packages/airflow/example_dags/example_dynamic_task_mapping.py
[2024-08-08T22:12:43.900+0400] {processor.py:829} INFO - Processing file /home/eduardo/airflow_venv/lib/python3.10/site-packages/airflow/example_dags/example_dynamic_task_mapping.py for tasks to queue
[2024-08-08T22:12:43.901+0400] {logging_mixin.py:151} INFO - [2024-08-08T22:12:43.901+0400] {dagbag.py:539} INFO - Filling up the DagBag from /home/eduardo/airflow_venv/lib/python3.10/site-packages/airflow/example_dags/example_dynamic_task_mapping.py
[2024-08-08T22:12:43.908+0400] {processor.py:839} INFO - DAG(s) dict_keys(['example_dynamic_task_mapping']) retrieved from /home/eduardo/airflow_venv/lib/python3.10/site-packages/airflow/example_dags/example_dynamic_task_mapping.py
[2024-08-08T22:12:43.921+0400] {logging_mixin.py:151} INFO - [2024-08-08T22:12:43.920+0400] {dag.py:2915} INFO - Sync 1 DAGs
[2024-08-08T22:12:43.938+0400] {logging_mixin.py:151} INFO - [2024-08-08T22:12:43.937+0400] {dag.py:3696} INFO - Setting next_dagrun for example_dynamic_task_mapping to 2022-03-04T00:00:00+00:00, run_after=2022-03-05T00:00:00+00:00
[2024-08-08T22:12:43.978+0400] {processor.py:179} INFO - Processing /home/eduardo/airflow_venv/lib/python3.10/site-packages/airflow/example_dags/example_dynamic_task_mapping.py took 0.086 seconds
[2024-08-08T22:13:31.925+0400] {processor.py:157} INFO - Started process (PID=11688) to work on /home/eduardo/airflow_venv/lib/python3.10/site-packages/airflow/example_dags/example_dynamic_task_mapping.py
[2024-08-08T22:13:31.928+0400] {processor.py:829} INFO - Processing file /home/eduardo/airflow_venv/lib/python3.10/site-packages/airflow/example_dags/example_dynamic_task_mapping.py for tasks to queue
[2024-08-08T22:13:31.929+0400] {logging_mixin.py:151} INFO - [2024-08-08T22:13:31.929+0400] {dagbag.py:539} INFO - Filling up the DagBag from /home/eduardo/airflow_venv/lib/python3.10/site-packages/airflow/example_dags/example_dynamic_task_mapping.py
[2024-08-08T22:13:31.936+0400] {processor.py:839} INFO - DAG(s) dict_keys(['example_dynamic_task_mapping']) retrieved from /home/eduardo/airflow_venv/lib/python3.10/site-packages/airflow/example_dags/example_dynamic_task_mapping.py
[2024-08-08T22:13:31.950+0400] {logging_mixin.py:151} INFO - [2024-08-08T22:13:31.950+0400] {dag.py:2915} INFO - Sync 1 DAGs
[2024-08-08T22:13:31.965+0400] {logging_mixin.py:151} INFO - [2024-08-08T22:13:31.965+0400] {dag.py:3696} INFO - Setting next_dagrun for example_dynamic_task_mapping to 2022-03-04T00:00:00+00:00, run_after=2022-03-05T00:00:00+00:00
[2024-08-08T22:13:31.998+0400] {processor.py:179} INFO - Processing /home/eduardo/airflow_venv/lib/python3.10/site-packages/airflow/example_dags/example_dynamic_task_mapping.py took 0.075 seconds
[2024-08-08T22:14:17.771+0400] {processor.py:157} INFO - Started process (PID=12249) to work on /home/eduardo/airflow_venv/lib/python3.10/site-packages/airflow/example_dags/example_dynamic_task_mapping.py
[2024-08-08T22:14:17.775+0400] {processor.py:829} INFO - Processing file /home/eduardo/airflow_venv/lib/python3.10/site-packages/airflow/example_dags/example_dynamic_task_mapping.py for tasks to queue
[2024-08-08T22:14:17.776+0400] {logging_mixin.py:151} INFO - [2024-08-08T22:14:17.775+0400] {dagbag.py:539} INFO - Filling up the DagBag from /home/eduardo/airflow_venv/lib/python3.10/site-packages/airflow/example_dags/example_dynamic_task_mapping.py
[2024-08-08T22:14:17.783+0400] {processor.py:839} INFO - DAG(s) dict_keys(['example_dynamic_task_mapping']) retrieved from /home/eduardo/airflow_venv/lib/python3.10/site-packages/airflow/example_dags/example_dynamic_task_mapping.py
[2024-08-08T22:14:17.790+0400] {logging_mixin.py:151} INFO - [2024-08-08T22:14:17.789+0400] {dag.py:2915} INFO - Sync 1 DAGs
[2024-08-08T22:14:17.805+0400] {logging_mixin.py:151} INFO - [2024-08-08T22:14:17.805+0400] {dag.py:3696} INFO - Setting next_dagrun for example_dynamic_task_mapping to 2022-03-04T00:00:00+00:00, run_after=2022-03-05T00:00:00+00:00
[2024-08-08T22:14:17.838+0400] {processor.py:179} INFO - Processing /home/eduardo/airflow_venv/lib/python3.10/site-packages/airflow/example_dags/example_dynamic_task_mapping.py took 0.071 seconds
[2024-08-08T22:15:09.862+0400] {processor.py:157} INFO - Started process (PID=12693) to work on /home/eduardo/airflow_venv/lib/python3.10/site-packages/airflow/example_dags/example_dynamic_task_mapping.py
[2024-08-08T22:15:09.865+0400] {processor.py:829} INFO - Processing file /home/eduardo/airflow_venv/lib/python3.10/site-packages/airflow/example_dags/example_dynamic_task_mapping.py for tasks to queue
[2024-08-08T22:15:09.867+0400] {logging_mixin.py:151} INFO - [2024-08-08T22:15:09.866+0400] {dagbag.py:539} INFO - Filling up the DagBag from /home/eduardo/airflow_venv/lib/python3.10/site-packages/airflow/example_dags/example_dynamic_task_mapping.py
[2024-08-08T22:15:09.876+0400] {processor.py:839} INFO - DAG(s) dict_keys(['example_dynamic_task_mapping']) retrieved from /home/eduardo/airflow_venv/lib/python3.10/site-packages/airflow/example_dags/example_dynamic_task_mapping.py
[2024-08-08T22:15:09.901+0400] {logging_mixin.py:151} INFO - [2024-08-08T22:15:09.900+0400] {dag.py:2915} INFO - Sync 1 DAGs
[2024-08-08T22:15:09.941+0400] {logging_mixin.py:151} INFO - [2024-08-08T22:15:09.941+0400] {dag.py:3696} INFO - Setting next_dagrun for example_dynamic_task_mapping to 2022-03-04T00:00:00+00:00, run_after=2022-03-05T00:00:00+00:00
[2024-08-08T22:15:09.983+0400] {processor.py:179} INFO - Processing /home/eduardo/airflow_venv/lib/python3.10/site-packages/airflow/example_dags/example_dynamic_task_mapping.py took 0.124 seconds
[2024-08-08T22:16:01.538+0400] {processor.py:157} INFO - Started process (PID=13184) to work on /home/eduardo/airflow_venv/lib/python3.10/site-packages/airflow/example_dags/example_dynamic_task_mapping.py
[2024-08-08T22:16:01.541+0400] {processor.py:829} INFO - Processing file /home/eduardo/airflow_venv/lib/python3.10/site-packages/airflow/example_dags/example_dynamic_task_mapping.py for tasks to queue
[2024-08-08T22:16:01.542+0400] {logging_mixin.py:151} INFO - [2024-08-08T22:16:01.542+0400] {dagbag.py:539} INFO - Filling up the DagBag from /home/eduardo/airflow_venv/lib/python3.10/site-packages/airflow/example_dags/example_dynamic_task_mapping.py
[2024-08-08T22:16:01.550+0400] {processor.py:839} INFO - DAG(s) dict_keys(['example_dynamic_task_mapping']) retrieved from /home/eduardo/airflow_venv/lib/python3.10/site-packages/airflow/example_dags/example_dynamic_task_mapping.py
[2024-08-08T22:16:01.562+0400] {logging_mixin.py:151} INFO - [2024-08-08T22:16:01.562+0400] {dag.py:2915} INFO - Sync 1 DAGs
[2024-08-08T22:16:01.577+0400] {logging_mixin.py:151} INFO - [2024-08-08T22:16:01.577+0400] {dag.py:3696} INFO - Setting next_dagrun for example_dynamic_task_mapping to 2022-03-04T00:00:00+00:00, run_after=2022-03-05T00:00:00+00:00
[2024-08-08T22:16:01.613+0400] {processor.py:179} INFO - Processing /home/eduardo/airflow_venv/lib/python3.10/site-packages/airflow/example_dags/example_dynamic_task_mapping.py took 0.079 seconds
[2024-08-08T22:16:49.563+0400] {processor.py:157} INFO - Started process (PID=13652) to work on /home/eduardo/airflow_venv/lib/python3.10/site-packages/airflow/example_dags/example_dynamic_task_mapping.py
[2024-08-08T22:16:49.568+0400] {processor.py:829} INFO - Processing file /home/eduardo/airflow_venv/lib/python3.10/site-packages/airflow/example_dags/example_dynamic_task_mapping.py for tasks to queue
[2024-08-08T22:16:49.570+0400] {logging_mixin.py:151} INFO - [2024-08-08T22:16:49.569+0400] {dagbag.py:539} INFO - Filling up the DagBag from /home/eduardo/airflow_venv/lib/python3.10/site-packages/airflow/example_dags/example_dynamic_task_mapping.py
[2024-08-08T22:16:49.590+0400] {processor.py:839} INFO - DAG(s) dict_keys(['example_dynamic_task_mapping']) retrieved from /home/eduardo/airflow_venv/lib/python3.10/site-packages/airflow/example_dags/example_dynamic_task_mapping.py
[2024-08-08T22:16:49.617+0400] {logging_mixin.py:151} INFO - [2024-08-08T22:16:49.617+0400] {dag.py:2915} INFO - Sync 1 DAGs
[2024-08-08T22:16:49.656+0400] {logging_mixin.py:151} INFO - [2024-08-08T22:16:49.655+0400] {dag.py:3696} INFO - Setting next_dagrun for example_dynamic_task_mapping to 2022-03-04T00:00:00+00:00, run_after=2022-03-05T00:00:00+00:00
[2024-08-08T22:16:49.692+0400] {processor.py:179} INFO - Processing /home/eduardo/airflow_venv/lib/python3.10/site-packages/airflow/example_dags/example_dynamic_task_mapping.py took 0.135 seconds
[2024-08-08T22:17:45.432+0400] {processor.py:157} INFO - Started process (PID=14196) to work on /home/eduardo/airflow_venv/lib/python3.10/site-packages/airflow/example_dags/example_dynamic_task_mapping.py
[2024-08-08T22:17:45.434+0400] {processor.py:829} INFO - Processing file /home/eduardo/airflow_venv/lib/python3.10/site-packages/airflow/example_dags/example_dynamic_task_mapping.py for tasks to queue
[2024-08-08T22:17:45.435+0400] {logging_mixin.py:151} INFO - [2024-08-08T22:17:45.434+0400] {dagbag.py:539} INFO - Filling up the DagBag from /home/eduardo/airflow_venv/lib/python3.10/site-packages/airflow/example_dags/example_dynamic_task_mapping.py
[2024-08-08T22:17:45.441+0400] {processor.py:839} INFO - DAG(s) dict_keys(['example_dynamic_task_mapping']) retrieved from /home/eduardo/airflow_venv/lib/python3.10/site-packages/airflow/example_dags/example_dynamic_task_mapping.py
[2024-08-08T22:17:45.454+0400] {logging_mixin.py:151} INFO - [2024-08-08T22:17:45.454+0400] {dag.py:2915} INFO - Sync 1 DAGs
[2024-08-08T22:17:45.470+0400] {logging_mixin.py:151} INFO - [2024-08-08T22:17:45.470+0400] {dag.py:3696} INFO - Setting next_dagrun for example_dynamic_task_mapping to 2022-03-04T00:00:00+00:00, run_after=2022-03-05T00:00:00+00:00
[2024-08-08T22:17:45.498+0400] {processor.py:179} INFO - Processing /home/eduardo/airflow_venv/lib/python3.10/site-packages/airflow/example_dags/example_dynamic_task_mapping.py took 0.070 seconds
[2024-08-08T22:18:37.128+0400] {processor.py:157} INFO - Started process (PID=14600) to work on /home/eduardo/airflow_venv/lib/python3.10/site-packages/airflow/example_dags/example_dynamic_task_mapping.py
[2024-08-08T22:18:37.131+0400] {processor.py:829} INFO - Processing file /home/eduardo/airflow_venv/lib/python3.10/site-packages/airflow/example_dags/example_dynamic_task_mapping.py for tasks to queue
[2024-08-08T22:18:37.132+0400] {logging_mixin.py:151} INFO - [2024-08-08T22:18:37.132+0400] {dagbag.py:539} INFO - Filling up the DagBag from /home/eduardo/airflow_venv/lib/python3.10/site-packages/airflow/example_dags/example_dynamic_task_mapping.py
[2024-08-08T22:18:37.141+0400] {processor.py:839} INFO - DAG(s) dict_keys(['example_dynamic_task_mapping']) retrieved from /home/eduardo/airflow_venv/lib/python3.10/site-packages/airflow/example_dags/example_dynamic_task_mapping.py
[2024-08-08T22:18:37.153+0400] {logging_mixin.py:151} INFO - [2024-08-08T22:18:37.153+0400] {dag.py:2915} INFO - Sync 1 DAGs
[2024-08-08T22:18:37.167+0400] {logging_mixin.py:151} INFO - [2024-08-08T22:18:37.167+0400] {dag.py:3696} INFO - Setting next_dagrun for example_dynamic_task_mapping to 2022-03-04T00:00:00+00:00, run_after=2022-03-05T00:00:00+00:00
[2024-08-08T22:18:37.197+0400] {processor.py:179} INFO - Processing /home/eduardo/airflow_venv/lib/python3.10/site-packages/airflow/example_dags/example_dynamic_task_mapping.py took 0.074 seconds
[2024-08-08T22:19:30.564+0400] {processor.py:157} INFO - Started process (PID=15027) to work on /home/eduardo/airflow_venv/lib/python3.10/site-packages/airflow/example_dags/example_dynamic_task_mapping.py
[2024-08-08T22:19:30.566+0400] {processor.py:829} INFO - Processing file /home/eduardo/airflow_venv/lib/python3.10/site-packages/airflow/example_dags/example_dynamic_task_mapping.py for tasks to queue
[2024-08-08T22:19:30.567+0400] {logging_mixin.py:151} INFO - [2024-08-08T22:19:30.566+0400] {dagbag.py:539} INFO - Filling up the DagBag from /home/eduardo/airflow_venv/lib/python3.10/site-packages/airflow/example_dags/example_dynamic_task_mapping.py
[2024-08-08T22:19:30.579+0400] {processor.py:839} INFO - DAG(s) dict_keys(['example_dynamic_task_mapping']) retrieved from /home/eduardo/airflow_venv/lib/python3.10/site-packages/airflow/example_dags/example_dynamic_task_mapping.py
[2024-08-08T22:19:30.606+0400] {logging_mixin.py:151} INFO - [2024-08-08T22:19:30.606+0400] {dag.py:2915} INFO - Sync 1 DAGs
[2024-08-08T22:19:30.635+0400] {logging_mixin.py:151} INFO - [2024-08-08T22:19:30.635+0400] {dag.py:3696} INFO - Setting next_dagrun for example_dynamic_task_mapping to 2022-03-04T00:00:00+00:00, run_after=2022-03-05T00:00:00+00:00
[2024-08-08T22:19:30.678+0400] {processor.py:179} INFO - Processing /home/eduardo/airflow_venv/lib/python3.10/site-packages/airflow/example_dags/example_dynamic_task_mapping.py took 0.118 seconds
[2024-08-08T22:20:20.943+0400] {processor.py:157} INFO - Started process (PID=15428) to work on /home/eduardo/airflow_venv/lib/python3.10/site-packages/airflow/example_dags/example_dynamic_task_mapping.py
[2024-08-08T22:20:20.946+0400] {processor.py:829} INFO - Processing file /home/eduardo/airflow_venv/lib/python3.10/site-packages/airflow/example_dags/example_dynamic_task_mapping.py for tasks to queue
[2024-08-08T22:20:20.947+0400] {logging_mixin.py:151} INFO - [2024-08-08T22:20:20.947+0400] {dagbag.py:539} INFO - Filling up the DagBag from /home/eduardo/airflow_venv/lib/python3.10/site-packages/airflow/example_dags/example_dynamic_task_mapping.py
[2024-08-08T22:20:20.954+0400] {processor.py:839} INFO - DAG(s) dict_keys(['example_dynamic_task_mapping']) retrieved from /home/eduardo/airflow_venv/lib/python3.10/site-packages/airflow/example_dags/example_dynamic_task_mapping.py
[2024-08-08T22:20:20.971+0400] {logging_mixin.py:151} INFO - [2024-08-08T22:20:20.971+0400] {dag.py:2915} INFO - Sync 1 DAGs
[2024-08-08T22:20:20.996+0400] {logging_mixin.py:151} INFO - [2024-08-08T22:20:20.995+0400] {dag.py:3696} INFO - Setting next_dagrun for example_dynamic_task_mapping to 2022-03-04T00:00:00+00:00, run_after=2022-03-05T00:00:00+00:00
[2024-08-08T22:20:21.024+0400] {processor.py:179} INFO - Processing /home/eduardo/airflow_venv/lib/python3.10/site-packages/airflow/example_dags/example_dynamic_task_mapping.py took 0.085 seconds
[2024-08-08T22:21:10.145+0400] {processor.py:157} INFO - Started process (PID=15894) to work on /home/eduardo/airflow_venv/lib/python3.10/site-packages/airflow/example_dags/example_dynamic_task_mapping.py
[2024-08-08T22:21:10.147+0400] {processor.py:829} INFO - Processing file /home/eduardo/airflow_venv/lib/python3.10/site-packages/airflow/example_dags/example_dynamic_task_mapping.py for tasks to queue
[2024-08-08T22:21:10.148+0400] {logging_mixin.py:151} INFO - [2024-08-08T22:21:10.148+0400] {dagbag.py:539} INFO - Filling up the DagBag from /home/eduardo/airflow_venv/lib/python3.10/site-packages/airflow/example_dags/example_dynamic_task_mapping.py
[2024-08-08T22:21:10.157+0400] {processor.py:839} INFO - DAG(s) dict_keys(['example_dynamic_task_mapping']) retrieved from /home/eduardo/airflow_venv/lib/python3.10/site-packages/airflow/example_dags/example_dynamic_task_mapping.py
[2024-08-08T22:21:10.174+0400] {logging_mixin.py:151} INFO - [2024-08-08T22:21:10.174+0400] {dag.py:2915} INFO - Sync 1 DAGs
[2024-08-08T22:21:10.197+0400] {logging_mixin.py:151} INFO - [2024-08-08T22:21:10.197+0400] {dag.py:3696} INFO - Setting next_dagrun for example_dynamic_task_mapping to 2022-03-04T00:00:00+00:00, run_after=2022-03-05T00:00:00+00:00
[2024-08-08T22:21:10.232+0400] {processor.py:179} INFO - Processing /home/eduardo/airflow_venv/lib/python3.10/site-packages/airflow/example_dags/example_dynamic_task_mapping.py took 0.092 seconds
[2024-08-08T22:22:04.387+0400] {processor.py:157} INFO - Started process (PID=16356) to work on /home/eduardo/airflow_venv/lib/python3.10/site-packages/airflow/example_dags/example_dynamic_task_mapping.py
[2024-08-08T22:22:04.391+0400] {processor.py:829} INFO - Processing file /home/eduardo/airflow_venv/lib/python3.10/site-packages/airflow/example_dags/example_dynamic_task_mapping.py for tasks to queue
[2024-08-08T22:22:04.392+0400] {logging_mixin.py:151} INFO - [2024-08-08T22:22:04.392+0400] {dagbag.py:539} INFO - Filling up the DagBag from /home/eduardo/airflow_venv/lib/python3.10/site-packages/airflow/example_dags/example_dynamic_task_mapping.py
[2024-08-08T22:22:04.402+0400] {processor.py:839} INFO - DAG(s) dict_keys(['example_dynamic_task_mapping']) retrieved from /home/eduardo/airflow_venv/lib/python3.10/site-packages/airflow/example_dags/example_dynamic_task_mapping.py
[2024-08-08T22:22:04.418+0400] {logging_mixin.py:151} INFO - [2024-08-08T22:22:04.418+0400] {dag.py:2915} INFO - Sync 1 DAGs
[2024-08-08T22:22:04.436+0400] {logging_mixin.py:151} INFO - [2024-08-08T22:22:04.436+0400] {dag.py:3696} INFO - Setting next_dagrun for example_dynamic_task_mapping to 2022-03-04T00:00:00+00:00, run_after=2022-03-05T00:00:00+00:00
[2024-08-08T22:22:04.473+0400] {processor.py:179} INFO - Processing /home/eduardo/airflow_venv/lib/python3.10/site-packages/airflow/example_dags/example_dynamic_task_mapping.py took 0.091 seconds
[2024-08-08T22:22:54.063+0400] {processor.py:157} INFO - Started process (PID=16745) to work on /home/eduardo/airflow_venv/lib/python3.10/site-packages/airflow/example_dags/example_dynamic_task_mapping.py
[2024-08-08T22:22:54.067+0400] {processor.py:829} INFO - Processing file /home/eduardo/airflow_venv/lib/python3.10/site-packages/airflow/example_dags/example_dynamic_task_mapping.py for tasks to queue
[2024-08-08T22:22:54.068+0400] {logging_mixin.py:151} INFO - [2024-08-08T22:22:54.067+0400] {dagbag.py:539} INFO - Filling up the DagBag from /home/eduardo/airflow_venv/lib/python3.10/site-packages/airflow/example_dags/example_dynamic_task_mapping.py
[2024-08-08T22:22:54.079+0400] {processor.py:839} INFO - DAG(s) dict_keys(['example_dynamic_task_mapping']) retrieved from /home/eduardo/airflow_venv/lib/python3.10/site-packages/airflow/example_dags/example_dynamic_task_mapping.py
[2024-08-08T22:22:54.093+0400] {logging_mixin.py:151} INFO - [2024-08-08T22:22:54.093+0400] {dag.py:2915} INFO - Sync 1 DAGs
[2024-08-08T22:22:54.112+0400] {logging_mixin.py:151} INFO - [2024-08-08T22:22:54.112+0400] {dag.py:3696} INFO - Setting next_dagrun for example_dynamic_task_mapping to 2022-03-04T00:00:00+00:00, run_after=2022-03-05T00:00:00+00:00
[2024-08-08T22:22:54.145+0400] {processor.py:179} INFO - Processing /home/eduardo/airflow_venv/lib/python3.10/site-packages/airflow/example_dags/example_dynamic_task_mapping.py took 0.087 seconds
