[2024-08-08T20:18:46.689+0400] {processor.py:157} INFO - Started process (PID=6833) to work on /home/eduardo/airflow_venv/lib/python3.10/site-packages/airflow/example_dags/example_setup_teardown.py
[2024-08-08T20:18:46.689+0400] {processor.py:829} INFO - Processing file /home/eduardo/airflow_venv/lib/python3.10/site-packages/airflow/example_dags/example_setup_teardown.py for tasks to queue
[2024-08-08T20:18:46.690+0400] {logging_mixin.py:151} INFO - [2024-08-08T20:18:46.689+0400] {dagbag.py:539} INFO - Filling up the DagBag from /home/eduardo/airflow_venv/lib/python3.10/site-packages/airflow/example_dags/example_setup_teardown.py
[2024-08-08T20:18:46.695+0400] {processor.py:839} INFO - DAG(s) dict_keys(['example_setup_teardown']) retrieved from /home/eduardo/airflow_venv/lib/python3.10/site-packages/airflow/example_dags/example_setup_teardown.py
[2024-08-08T20:18:46.789+0400] {logging_mixin.py:151} INFO - [2024-08-08T20:18:46.789+0400] {manager.py:499} INFO - Created Permission View: %s
[2024-08-08T20:18:46.809+0400] {logging_mixin.py:151} INFO - [2024-08-08T20:18:46.809+0400] {manager.py:499} INFO - Created Permission View: %s
[2024-08-08T20:18:46.830+0400] {logging_mixin.py:151} INFO - [2024-08-08T20:18:46.829+0400] {manager.py:499} INFO - Created Permission View: %s
[2024-08-08T20:18:46.830+0400] {logging_mixin.py:151} INFO - [2024-08-08T20:18:46.830+0400] {security.py:708} INFO - Not syncing DAG-level permissions for DAG 'DAG:example_setup_teardown' as access control is unset.
[2024-08-08T20:18:46.830+0400] {logging_mixin.py:151} INFO - [2024-08-08T20:18:46.830+0400] {dag.py:2915} INFO - Sync 1 DAGs
[2024-08-08T20:18:46.836+0400] {logging_mixin.py:151} INFO - [2024-08-08T20:18:46.836+0400] {dag.py:2937} INFO - Creating ORM DAG for example_setup_teardown
[2024-08-08T20:18:46.845+0400] {logging_mixin.py:151} INFO - [2024-08-08T20:18:46.845+0400] {dag.py:3696} INFO - Setting next_dagrun for example_setup_teardown to 2024-08-07T16:18:46.844955+00:00, run_after=2024-08-08T16:18:46.844955+00:00
[2024-08-08T20:18:46.872+0400] {processor.py:179} INFO - Processing /home/eduardo/airflow_venv/lib/python3.10/site-packages/airflow/example_dags/example_setup_teardown.py took 0.185 seconds
[2024-08-08T20:19:34.797+0400] {processor.py:157} INFO - Started process (PID=6879) to work on /home/eduardo/airflow_venv/lib/python3.10/site-packages/airflow/example_dags/example_setup_teardown.py
[2024-08-08T20:19:34.799+0400] {processor.py:829} INFO - Processing file /home/eduardo/airflow_venv/lib/python3.10/site-packages/airflow/example_dags/example_setup_teardown.py for tasks to queue
[2024-08-08T20:19:34.800+0400] {logging_mixin.py:151} INFO - [2024-08-08T20:19:34.800+0400] {dagbag.py:539} INFO - Filling up the DagBag from /home/eduardo/airflow_venv/lib/python3.10/site-packages/airflow/example_dags/example_setup_teardown.py
[2024-08-08T20:19:34.804+0400] {processor.py:839} INFO - DAG(s) dict_keys(['example_setup_teardown']) retrieved from /home/eduardo/airflow_venv/lib/python3.10/site-packages/airflow/example_dags/example_setup_teardown.py
[2024-08-08T20:19:34.815+0400] {logging_mixin.py:151} INFO - [2024-08-08T20:19:34.815+0400] {dag.py:2915} INFO - Sync 1 DAGs
[2024-08-08T20:19:34.826+0400] {logging_mixin.py:151} INFO - [2024-08-08T20:19:34.826+0400] {dag.py:3696} INFO - Setting next_dagrun for example_setup_teardown to 2024-08-07T16:19:34.826583+00:00, run_after=2024-08-08T16:19:34.826583+00:00
[2024-08-08T20:19:34.853+0400] {processor.py:179} INFO - Processing /home/eduardo/airflow_venv/lib/python3.10/site-packages/airflow/example_dags/example_setup_teardown.py took 0.059 seconds
[2024-08-08T20:20:17.109+0400] {processor.py:157} INFO - Started process (PID=6927) to work on /home/eduardo/airflow_venv/lib/python3.10/site-packages/airflow/example_dags/example_setup_teardown.py
[2024-08-08T20:20:17.110+0400] {processor.py:829} INFO - Processing file /home/eduardo/airflow_venv/lib/python3.10/site-packages/airflow/example_dags/example_setup_teardown.py for tasks to queue
[2024-08-08T20:20:17.111+0400] {logging_mixin.py:151} INFO - [2024-08-08T20:20:17.111+0400] {dagbag.py:539} INFO - Filling up the DagBag from /home/eduardo/airflow_venv/lib/python3.10/site-packages/airflow/example_dags/example_setup_teardown.py
[2024-08-08T20:20:17.117+0400] {processor.py:839} INFO - DAG(s) dict_keys(['example_setup_teardown']) retrieved from /home/eduardo/airflow_venv/lib/python3.10/site-packages/airflow/example_dags/example_setup_teardown.py
[2024-08-08T20:20:17.128+0400] {logging_mixin.py:151} INFO - [2024-08-08T20:20:17.127+0400] {dag.py:2915} INFO - Sync 1 DAGs
[2024-08-08T20:20:17.138+0400] {logging_mixin.py:151} INFO - [2024-08-08T20:20:17.138+0400] {dag.py:3696} INFO - Setting next_dagrun for example_setup_teardown to 2024-08-07T16:20:17.138706+00:00, run_after=2024-08-08T16:20:17.138706+00:00
[2024-08-08T20:20:17.208+0400] {processor.py:179} INFO - Processing /home/eduardo/airflow_venv/lib/python3.10/site-packages/airflow/example_dags/example_setup_teardown.py took 0.101 seconds
[2024-08-08T20:21:01.371+0400] {processor.py:157} INFO - Started process (PID=6973) to work on /home/eduardo/airflow_venv/lib/python3.10/site-packages/airflow/example_dags/example_setup_teardown.py
[2024-08-08T20:21:01.373+0400] {processor.py:829} INFO - Processing file /home/eduardo/airflow_venv/lib/python3.10/site-packages/airflow/example_dags/example_setup_teardown.py for tasks to queue
[2024-08-08T20:21:01.374+0400] {logging_mixin.py:151} INFO - [2024-08-08T20:21:01.373+0400] {dagbag.py:539} INFO - Filling up the DagBag from /home/eduardo/airflow_venv/lib/python3.10/site-packages/airflow/example_dags/example_setup_teardown.py
[2024-08-08T20:21:01.381+0400] {processor.py:839} INFO - DAG(s) dict_keys(['example_setup_teardown']) retrieved from /home/eduardo/airflow_venv/lib/python3.10/site-packages/airflow/example_dags/example_setup_teardown.py
[2024-08-08T20:21:01.392+0400] {logging_mixin.py:151} INFO - [2024-08-08T20:21:01.392+0400] {dag.py:2915} INFO - Sync 1 DAGs
[2024-08-08T20:21:01.405+0400] {logging_mixin.py:151} INFO - [2024-08-08T20:21:01.405+0400] {dag.py:3696} INFO - Setting next_dagrun for example_setup_teardown to 2024-08-07T16:21:01.405093+00:00, run_after=2024-08-08T16:21:01.405093+00:00
[2024-08-08T20:21:01.438+0400] {processor.py:179} INFO - Processing /home/eduardo/airflow_venv/lib/python3.10/site-packages/airflow/example_dags/example_setup_teardown.py took 0.070 seconds
[2024-08-08T20:21:44.636+0400] {processor.py:157} INFO - Started process (PID=7019) to work on /home/eduardo/airflow_venv/lib/python3.10/site-packages/airflow/example_dags/example_setup_teardown.py
[2024-08-08T20:21:44.639+0400] {processor.py:829} INFO - Processing file /home/eduardo/airflow_venv/lib/python3.10/site-packages/airflow/example_dags/example_setup_teardown.py for tasks to queue
[2024-08-08T20:21:44.639+0400] {logging_mixin.py:151} INFO - [2024-08-08T20:21:44.639+0400] {dagbag.py:539} INFO - Filling up the DagBag from /home/eduardo/airflow_venv/lib/python3.10/site-packages/airflow/example_dags/example_setup_teardown.py
[2024-08-08T20:21:44.645+0400] {processor.py:839} INFO - DAG(s) dict_keys(['example_setup_teardown']) retrieved from /home/eduardo/airflow_venv/lib/python3.10/site-packages/airflow/example_dags/example_setup_teardown.py
[2024-08-08T20:21:44.659+0400] {logging_mixin.py:151} INFO - [2024-08-08T20:21:44.659+0400] {dag.py:2915} INFO - Sync 1 DAGs
[2024-08-08T20:21:44.673+0400] {logging_mixin.py:151} INFO - [2024-08-08T20:21:44.672+0400] {dag.py:3696} INFO - Setting next_dagrun for example_setup_teardown to 2024-08-07T16:21:44.672841+00:00, run_after=2024-08-08T16:21:44.672841+00:00
[2024-08-08T20:21:44.701+0400] {processor.py:179} INFO - Processing /home/eduardo/airflow_venv/lib/python3.10/site-packages/airflow/example_dags/example_setup_teardown.py took 0.068 seconds
[2024-08-08T20:22:28.984+0400] {processor.py:157} INFO - Started process (PID=7065) to work on /home/eduardo/airflow_venv/lib/python3.10/site-packages/airflow/example_dags/example_setup_teardown.py
[2024-08-08T20:22:28.985+0400] {processor.py:829} INFO - Processing file /home/eduardo/airflow_venv/lib/python3.10/site-packages/airflow/example_dags/example_setup_teardown.py for tasks to queue
[2024-08-08T20:22:28.986+0400] {logging_mixin.py:151} INFO - [2024-08-08T20:22:28.986+0400] {dagbag.py:539} INFO - Filling up the DagBag from /home/eduardo/airflow_venv/lib/python3.10/site-packages/airflow/example_dags/example_setup_teardown.py
[2024-08-08T20:22:28.992+0400] {processor.py:839} INFO - DAG(s) dict_keys(['example_setup_teardown']) retrieved from /home/eduardo/airflow_venv/lib/python3.10/site-packages/airflow/example_dags/example_setup_teardown.py
[2024-08-08T20:22:29.004+0400] {logging_mixin.py:151} INFO - [2024-08-08T20:22:29.004+0400] {dag.py:2915} INFO - Sync 1 DAGs
[2024-08-08T20:22:29.018+0400] {logging_mixin.py:151} INFO - [2024-08-08T20:22:29.018+0400] {dag.py:3696} INFO - Setting next_dagrun for example_setup_teardown to 2024-08-07T16:22:29.018175+00:00, run_after=2024-08-08T16:22:29.018175+00:00
[2024-08-08T20:22:29.048+0400] {processor.py:179} INFO - Processing /home/eduardo/airflow_venv/lib/python3.10/site-packages/airflow/example_dags/example_setup_teardown.py took 0.066 seconds
[2024-08-08T20:23:14.839+0400] {processor.py:157} INFO - Started process (PID=7132) to work on /home/eduardo/airflow_venv/lib/python3.10/site-packages/airflow/example_dags/example_setup_teardown.py
[2024-08-08T20:23:14.840+0400] {processor.py:829} INFO - Processing file /home/eduardo/airflow_venv/lib/python3.10/site-packages/airflow/example_dags/example_setup_teardown.py for tasks to queue
[2024-08-08T20:23:14.841+0400] {logging_mixin.py:151} INFO - [2024-08-08T20:23:14.841+0400] {dagbag.py:539} INFO - Filling up the DagBag from /home/eduardo/airflow_venv/lib/python3.10/site-packages/airflow/example_dags/example_setup_teardown.py
[2024-08-08T20:23:14.847+0400] {processor.py:839} INFO - DAG(s) dict_keys(['example_setup_teardown']) retrieved from /home/eduardo/airflow_venv/lib/python3.10/site-packages/airflow/example_dags/example_setup_teardown.py
[2024-08-08T20:23:14.858+0400] {logging_mixin.py:151} INFO - [2024-08-08T20:23:14.858+0400] {dag.py:2915} INFO - Sync 1 DAGs
[2024-08-08T20:23:14.869+0400] {logging_mixin.py:151} INFO - [2024-08-08T20:23:14.869+0400] {dag.py:3696} INFO - Setting next_dagrun for example_setup_teardown to 2024-08-07T16:23:14.869215+00:00, run_after=2024-08-08T16:23:14.869215+00:00
[2024-08-08T20:23:14.898+0400] {processor.py:179} INFO - Processing /home/eduardo/airflow_venv/lib/python3.10/site-packages/airflow/example_dags/example_setup_teardown.py took 0.062 seconds
[2024-08-08T20:23:58.330+0400] {processor.py:157} INFO - Started process (PID=7178) to work on /home/eduardo/airflow_venv/lib/python3.10/site-packages/airflow/example_dags/example_setup_teardown.py
[2024-08-08T20:23:58.332+0400] {processor.py:829} INFO - Processing file /home/eduardo/airflow_venv/lib/python3.10/site-packages/airflow/example_dags/example_setup_teardown.py for tasks to queue
[2024-08-08T20:23:58.332+0400] {logging_mixin.py:151} INFO - [2024-08-08T20:23:58.332+0400] {dagbag.py:539} INFO - Filling up the DagBag from /home/eduardo/airflow_venv/lib/python3.10/site-packages/airflow/example_dags/example_setup_teardown.py
[2024-08-08T20:23:58.337+0400] {processor.py:839} INFO - DAG(s) dict_keys(['example_setup_teardown']) retrieved from /home/eduardo/airflow_venv/lib/python3.10/site-packages/airflow/example_dags/example_setup_teardown.py
[2024-08-08T20:23:58.349+0400] {logging_mixin.py:151} INFO - [2024-08-08T20:23:58.349+0400] {dag.py:2915} INFO - Sync 1 DAGs
[2024-08-08T20:23:58.362+0400] {logging_mixin.py:151} INFO - [2024-08-08T20:23:58.362+0400] {dag.py:3696} INFO - Setting next_dagrun for example_setup_teardown to 2024-08-07T16:23:58.362419+00:00, run_after=2024-08-08T16:23:58.362419+00:00
[2024-08-08T20:23:58.392+0400] {processor.py:179} INFO - Processing /home/eduardo/airflow_venv/lib/python3.10/site-packages/airflow/example_dags/example_setup_teardown.py took 0.064 seconds
[2024-08-08T20:24:43.666+0400] {processor.py:157} INFO - Started process (PID=7233) to work on /home/eduardo/airflow_venv/lib/python3.10/site-packages/airflow/example_dags/example_setup_teardown.py
[2024-08-08T20:24:43.667+0400] {processor.py:829} INFO - Processing file /home/eduardo/airflow_venv/lib/python3.10/site-packages/airflow/example_dags/example_setup_teardown.py for tasks to queue
[2024-08-08T20:24:43.667+0400] {logging_mixin.py:151} INFO - [2024-08-08T20:24:43.667+0400] {dagbag.py:539} INFO - Filling up the DagBag from /home/eduardo/airflow_venv/lib/python3.10/site-packages/airflow/example_dags/example_setup_teardown.py
[2024-08-08T20:24:43.672+0400] {processor.py:839} INFO - DAG(s) dict_keys(['example_setup_teardown']) retrieved from /home/eduardo/airflow_venv/lib/python3.10/site-packages/airflow/example_dags/example_setup_teardown.py
[2024-08-08T20:24:43.683+0400] {logging_mixin.py:151} INFO - [2024-08-08T20:24:43.682+0400] {dag.py:2915} INFO - Sync 1 DAGs
[2024-08-08T20:24:43.698+0400] {logging_mixin.py:151} INFO - [2024-08-08T20:24:43.698+0400] {dag.py:3696} INFO - Setting next_dagrun for example_setup_teardown to 2024-08-07T16:24:43.697877+00:00, run_after=2024-08-08T16:24:43.697877+00:00
[2024-08-08T20:24:43.723+0400] {processor.py:179} INFO - Processing /home/eduardo/airflow_venv/lib/python3.10/site-packages/airflow/example_dags/example_setup_teardown.py took 0.060 seconds
[2024-08-08T20:25:32.300+0400] {processor.py:157} INFO - Started process (PID=7284) to work on /home/eduardo/airflow_venv/lib/python3.10/site-packages/airflow/example_dags/example_setup_teardown.py
[2024-08-08T20:25:32.301+0400] {processor.py:829} INFO - Processing file /home/eduardo/airflow_venv/lib/python3.10/site-packages/airflow/example_dags/example_setup_teardown.py for tasks to queue
[2024-08-08T20:25:32.302+0400] {logging_mixin.py:151} INFO - [2024-08-08T20:25:32.301+0400] {dagbag.py:539} INFO - Filling up the DagBag from /home/eduardo/airflow_venv/lib/python3.10/site-packages/airflow/example_dags/example_setup_teardown.py
[2024-08-08T20:25:32.311+0400] {processor.py:839} INFO - DAG(s) dict_keys(['example_setup_teardown']) retrieved from /home/eduardo/airflow_venv/lib/python3.10/site-packages/airflow/example_dags/example_setup_teardown.py
[2024-08-08T20:25:32.327+0400] {logging_mixin.py:151} INFO - [2024-08-08T20:25:32.327+0400] {dag.py:2915} INFO - Sync 1 DAGs
[2024-08-08T20:25:32.340+0400] {logging_mixin.py:151} INFO - [2024-08-08T20:25:32.340+0400] {dag.py:3696} INFO - Setting next_dagrun for example_setup_teardown to 2024-08-07T16:25:32.340139+00:00, run_after=2024-08-08T16:25:32.340139+00:00
[2024-08-08T20:25:32.366+0400] {processor.py:179} INFO - Processing /home/eduardo/airflow_venv/lib/python3.10/site-packages/airflow/example_dags/example_setup_teardown.py took 0.069 seconds
[2024-08-08T22:09:58.899+0400] {processor.py:157} INFO - Started process (PID=9703) to work on /home/eduardo/airflow_venv/lib/python3.10/site-packages/airflow/example_dags/example_setup_teardown.py
[2024-08-08T22:09:58.902+0400] {processor.py:829} INFO - Processing file /home/eduardo/airflow_venv/lib/python3.10/site-packages/airflow/example_dags/example_setup_teardown.py for tasks to queue
[2024-08-08T22:09:58.904+0400] {logging_mixin.py:151} INFO - [2024-08-08T22:09:58.903+0400] {dagbag.py:539} INFO - Filling up the DagBag from /home/eduardo/airflow_venv/lib/python3.10/site-packages/airflow/example_dags/example_setup_teardown.py
[2024-08-08T22:09:58.915+0400] {processor.py:839} INFO - DAG(s) dict_keys(['example_setup_teardown']) retrieved from /home/eduardo/airflow_venv/lib/python3.10/site-packages/airflow/example_dags/example_setup_teardown.py
[2024-08-08T22:09:58.936+0400] {logging_mixin.py:151} INFO - [2024-08-08T22:09:58.936+0400] {dag.py:2915} INFO - Sync 1 DAGs
[2024-08-08T22:09:58.965+0400] {logging_mixin.py:151} INFO - [2024-08-08T22:09:58.965+0400] {dag.py:3696} INFO - Setting next_dagrun for example_setup_teardown to 2024-08-07T18:09:58.965133+00:00, run_after=2024-08-08T18:09:58.965133+00:00
[2024-08-08T22:09:59.006+0400] {processor.py:179} INFO - Processing /home/eduardo/airflow_venv/lib/python3.10/site-packages/airflow/example_dags/example_setup_teardown.py took 0.111 seconds
[2024-08-08T22:10:45.927+0400] {processor.py:157} INFO - Started process (PID=10195) to work on /home/eduardo/airflow_venv/lib/python3.10/site-packages/airflow/example_dags/example_setup_teardown.py
[2024-08-08T22:10:45.929+0400] {processor.py:829} INFO - Processing file /home/eduardo/airflow_venv/lib/python3.10/site-packages/airflow/example_dags/example_setup_teardown.py for tasks to queue
[2024-08-08T22:10:45.930+0400] {logging_mixin.py:151} INFO - [2024-08-08T22:10:45.929+0400] {dagbag.py:539} INFO - Filling up the DagBag from /home/eduardo/airflow_venv/lib/python3.10/site-packages/airflow/example_dags/example_setup_teardown.py
[2024-08-08T22:10:45.945+0400] {processor.py:839} INFO - DAG(s) dict_keys(['example_setup_teardown']) retrieved from /home/eduardo/airflow_venv/lib/python3.10/site-packages/airflow/example_dags/example_setup_teardown.py
[2024-08-08T22:10:45.968+0400] {logging_mixin.py:151} INFO - [2024-08-08T22:10:45.968+0400] {dag.py:2915} INFO - Sync 1 DAGs
[2024-08-08T22:10:45.995+0400] {logging_mixin.py:151} INFO - [2024-08-08T22:10:45.995+0400] {dag.py:3696} INFO - Setting next_dagrun for example_setup_teardown to 2024-08-07T18:10:45.995361+00:00, run_after=2024-08-08T18:10:45.995361+00:00
[2024-08-08T22:10:46.043+0400] {processor.py:179} INFO - Processing /home/eduardo/airflow_venv/lib/python3.10/site-packages/airflow/example_dags/example_setup_teardown.py took 0.123 seconds
[2024-08-08T22:11:38.443+0400] {processor.py:157} INFO - Started process (PID=10767) to work on /home/eduardo/airflow_venv/lib/python3.10/site-packages/airflow/example_dags/example_setup_teardown.py
[2024-08-08T22:11:38.445+0400] {processor.py:829} INFO - Processing file /home/eduardo/airflow_venv/lib/python3.10/site-packages/airflow/example_dags/example_setup_teardown.py for tasks to queue
[2024-08-08T22:11:38.446+0400] {logging_mixin.py:151} INFO - [2024-08-08T22:11:38.445+0400] {dagbag.py:539} INFO - Filling up the DagBag from /home/eduardo/airflow_venv/lib/python3.10/site-packages/airflow/example_dags/example_setup_teardown.py
[2024-08-08T22:11:38.454+0400] {processor.py:839} INFO - DAG(s) dict_keys(['example_setup_teardown']) retrieved from /home/eduardo/airflow_venv/lib/python3.10/site-packages/airflow/example_dags/example_setup_teardown.py
[2024-08-08T22:11:38.472+0400] {logging_mixin.py:151} INFO - [2024-08-08T22:11:38.472+0400] {dag.py:2915} INFO - Sync 1 DAGs
[2024-08-08T22:11:38.497+0400] {logging_mixin.py:151} INFO - [2024-08-08T22:11:38.497+0400] {dag.py:3696} INFO - Setting next_dagrun for example_setup_teardown to 2024-08-07T18:11:38.497165+00:00, run_after=2024-08-08T18:11:38.497165+00:00
[2024-08-08T22:11:38.547+0400] {processor.py:179} INFO - Processing /home/eduardo/airflow_venv/lib/python3.10/site-packages/airflow/example_dags/example_setup_teardown.py took 0.109 seconds
[2024-08-08T22:12:28.089+0400] {processor.py:157} INFO - Started process (PID=11154) to work on /home/eduardo/airflow_venv/lib/python3.10/site-packages/airflow/example_dags/example_setup_teardown.py
[2024-08-08T22:12:28.092+0400] {processor.py:829} INFO - Processing file /home/eduardo/airflow_venv/lib/python3.10/site-packages/airflow/example_dags/example_setup_teardown.py for tasks to queue
[2024-08-08T22:12:28.093+0400] {logging_mixin.py:151} INFO - [2024-08-08T22:12:28.092+0400] {dagbag.py:539} INFO - Filling up the DagBag from /home/eduardo/airflow_venv/lib/python3.10/site-packages/airflow/example_dags/example_setup_teardown.py
[2024-08-08T22:12:28.100+0400] {processor.py:839} INFO - DAG(s) dict_keys(['example_setup_teardown']) retrieved from /home/eduardo/airflow_venv/lib/python3.10/site-packages/airflow/example_dags/example_setup_teardown.py
[2024-08-08T22:12:28.113+0400] {logging_mixin.py:151} INFO - [2024-08-08T22:12:28.112+0400] {dag.py:2915} INFO - Sync 1 DAGs
[2024-08-08T22:12:28.129+0400] {logging_mixin.py:151} INFO - [2024-08-08T22:12:28.128+0400] {dag.py:3696} INFO - Setting next_dagrun for example_setup_teardown to 2024-08-07T18:12:28.128703+00:00, run_after=2024-08-08T18:12:28.128703+00:00
[2024-08-08T22:12:28.165+0400] {processor.py:179} INFO - Processing /home/eduardo/airflow_venv/lib/python3.10/site-packages/airflow/example_dags/example_setup_teardown.py took 0.080 seconds
[2024-08-08T22:13:15.013+0400] {processor.py:157} INFO - Started process (PID=11516) to work on /home/eduardo/airflow_venv/lib/python3.10/site-packages/airflow/example_dags/example_setup_teardown.py
[2024-08-08T22:13:15.017+0400] {processor.py:829} INFO - Processing file /home/eduardo/airflow_venv/lib/python3.10/site-packages/airflow/example_dags/example_setup_teardown.py for tasks to queue
[2024-08-08T22:13:15.018+0400] {logging_mixin.py:151} INFO - [2024-08-08T22:13:15.018+0400] {dagbag.py:539} INFO - Filling up the DagBag from /home/eduardo/airflow_venv/lib/python3.10/site-packages/airflow/example_dags/example_setup_teardown.py
[2024-08-08T22:13:15.027+0400] {processor.py:839} INFO - DAG(s) dict_keys(['example_setup_teardown']) retrieved from /home/eduardo/airflow_venv/lib/python3.10/site-packages/airflow/example_dags/example_setup_teardown.py
[2024-08-08T22:13:15.051+0400] {logging_mixin.py:151} INFO - [2024-08-08T22:13:15.051+0400] {dag.py:2915} INFO - Sync 1 DAGs
[2024-08-08T22:13:15.070+0400] {logging_mixin.py:151} INFO - [2024-08-08T22:13:15.070+0400] {dag.py:3696} INFO - Setting next_dagrun for example_setup_teardown to 2024-08-07T18:13:15.070189+00:00, run_after=2024-08-08T18:13:15.070189+00:00
[2024-08-08T22:13:15.109+0400] {processor.py:179} INFO - Processing /home/eduardo/airflow_venv/lib/python3.10/site-packages/airflow/example_dags/example_setup_teardown.py took 0.100 seconds
[2024-08-08T22:14:00.825+0400] {processor.py:157} INFO - Started process (PID=12037) to work on /home/eduardo/airflow_venv/lib/python3.10/site-packages/airflow/example_dags/example_setup_teardown.py
[2024-08-08T22:14:00.828+0400] {processor.py:829} INFO - Processing file /home/eduardo/airflow_venv/lib/python3.10/site-packages/airflow/example_dags/example_setup_teardown.py for tasks to queue
[2024-08-08T22:14:00.829+0400] {logging_mixin.py:151} INFO - [2024-08-08T22:14:00.829+0400] {dagbag.py:539} INFO - Filling up the DagBag from /home/eduardo/airflow_venv/lib/python3.10/site-packages/airflow/example_dags/example_setup_teardown.py
[2024-08-08T22:14:00.841+0400] {processor.py:839} INFO - DAG(s) dict_keys(['example_setup_teardown']) retrieved from /home/eduardo/airflow_venv/lib/python3.10/site-packages/airflow/example_dags/example_setup_teardown.py
[2024-08-08T22:14:00.857+0400] {logging_mixin.py:151} INFO - [2024-08-08T22:14:00.857+0400] {dag.py:2915} INFO - Sync 1 DAGs
[2024-08-08T22:14:00.875+0400] {logging_mixin.py:151} INFO - [2024-08-08T22:14:00.874+0400] {dag.py:3696} INFO - Setting next_dagrun for example_setup_teardown to 2024-08-07T18:14:00.874730+00:00, run_after=2024-08-08T18:14:00.874730+00:00
[2024-08-08T22:14:00.912+0400] {processor.py:179} INFO - Processing /home/eduardo/airflow_venv/lib/python3.10/site-packages/airflow/example_dags/example_setup_teardown.py took 0.093 seconds
[2024-08-08T22:14:52.961+0400] {processor.py:157} INFO - Started process (PID=12563) to work on /home/eduardo/airflow_venv/lib/python3.10/site-packages/airflow/example_dags/example_setup_teardown.py
[2024-08-08T22:14:52.963+0400] {processor.py:829} INFO - Processing file /home/eduardo/airflow_venv/lib/python3.10/site-packages/airflow/example_dags/example_setup_teardown.py for tasks to queue
[2024-08-08T22:14:52.964+0400] {logging_mixin.py:151} INFO - [2024-08-08T22:14:52.964+0400] {dagbag.py:539} INFO - Filling up the DagBag from /home/eduardo/airflow_venv/lib/python3.10/site-packages/airflow/example_dags/example_setup_teardown.py
[2024-08-08T22:14:52.974+0400] {processor.py:839} INFO - DAG(s) dict_keys(['example_setup_teardown']) retrieved from /home/eduardo/airflow_venv/lib/python3.10/site-packages/airflow/example_dags/example_setup_teardown.py
[2024-08-08T22:14:52.989+0400] {logging_mixin.py:151} INFO - [2024-08-08T22:14:52.989+0400] {dag.py:2915} INFO - Sync 1 DAGs
[2024-08-08T22:14:53.005+0400] {logging_mixin.py:151} INFO - [2024-08-08T22:14:53.004+0400] {dag.py:3696} INFO - Setting next_dagrun for example_setup_teardown to 2024-08-07T18:14:53.004677+00:00, run_after=2024-08-08T18:14:53.004677+00:00
[2024-08-08T22:14:53.037+0400] {processor.py:179} INFO - Processing /home/eduardo/airflow_venv/lib/python3.10/site-packages/airflow/example_dags/example_setup_teardown.py took 0.078 seconds
[2024-08-08T22:15:44.779+0400] {processor.py:157} INFO - Started process (PID=13054) to work on /home/eduardo/airflow_venv/lib/python3.10/site-packages/airflow/example_dags/example_setup_teardown.py
[2024-08-08T22:15:44.781+0400] {processor.py:829} INFO - Processing file /home/eduardo/airflow_venv/lib/python3.10/site-packages/airflow/example_dags/example_setup_teardown.py for tasks to queue
[2024-08-08T22:15:44.782+0400] {logging_mixin.py:151} INFO - [2024-08-08T22:15:44.782+0400] {dagbag.py:539} INFO - Filling up the DagBag from /home/eduardo/airflow_venv/lib/python3.10/site-packages/airflow/example_dags/example_setup_teardown.py
[2024-08-08T22:15:44.788+0400] {processor.py:839} INFO - DAG(s) dict_keys(['example_setup_teardown']) retrieved from /home/eduardo/airflow_venv/lib/python3.10/site-packages/airflow/example_dags/example_setup_teardown.py
[2024-08-08T22:15:44.801+0400] {logging_mixin.py:151} INFO - [2024-08-08T22:15:44.800+0400] {dag.py:2915} INFO - Sync 1 DAGs
[2024-08-08T22:15:44.816+0400] {logging_mixin.py:151} INFO - [2024-08-08T22:15:44.815+0400] {dag.py:3696} INFO - Setting next_dagrun for example_setup_teardown to 2024-08-07T18:15:44.815810+00:00, run_after=2024-08-08T18:15:44.815810+00:00
[2024-08-08T22:15:44.844+0400] {processor.py:179} INFO - Processing /home/eduardo/airflow_venv/lib/python3.10/site-packages/airflow/example_dags/example_setup_teardown.py took 0.068 seconds
[2024-08-08T22:16:34.320+0400] {processor.py:157} INFO - Started process (PID=13440) to work on /home/eduardo/airflow_venv/lib/python3.10/site-packages/airflow/example_dags/example_setup_teardown.py
[2024-08-08T22:16:34.323+0400] {processor.py:829} INFO - Processing file /home/eduardo/airflow_venv/lib/python3.10/site-packages/airflow/example_dags/example_setup_teardown.py for tasks to queue
[2024-08-08T22:16:34.325+0400] {logging_mixin.py:151} INFO - [2024-08-08T22:16:34.325+0400] {dagbag.py:539} INFO - Filling up the DagBag from /home/eduardo/airflow_venv/lib/python3.10/site-packages/airflow/example_dags/example_setup_teardown.py
[2024-08-08T22:16:34.338+0400] {processor.py:839} INFO - DAG(s) dict_keys(['example_setup_teardown']) retrieved from /home/eduardo/airflow_venv/lib/python3.10/site-packages/airflow/example_dags/example_setup_teardown.py
[2024-08-08T22:16:34.360+0400] {logging_mixin.py:151} INFO - [2024-08-08T22:16:34.359+0400] {dag.py:2915} INFO - Sync 1 DAGs
[2024-08-08T22:16:34.382+0400] {logging_mixin.py:151} INFO - [2024-08-08T22:16:34.382+0400] {dag.py:3696} INFO - Setting next_dagrun for example_setup_teardown to 2024-08-07T18:16:34.382206+00:00, run_after=2024-08-08T18:16:34.382206+00:00
[2024-08-08T22:16:34.425+0400] {processor.py:179} INFO - Processing /home/eduardo/airflow_venv/lib/python3.10/site-packages/airflow/example_dags/example_setup_teardown.py took 0.109 seconds
[2024-08-08T22:17:28.579+0400] {processor.py:157} INFO - Started process (PID=14066) to work on /home/eduardo/airflow_venv/lib/python3.10/site-packages/airflow/example_dags/example_setup_teardown.py
[2024-08-08T22:17:28.582+0400] {processor.py:829} INFO - Processing file /home/eduardo/airflow_venv/lib/python3.10/site-packages/airflow/example_dags/example_setup_teardown.py for tasks to queue
[2024-08-08T22:17:28.582+0400] {logging_mixin.py:151} INFO - [2024-08-08T22:17:28.582+0400] {dagbag.py:539} INFO - Filling up the DagBag from /home/eduardo/airflow_venv/lib/python3.10/site-packages/airflow/example_dags/example_setup_teardown.py
[2024-08-08T22:17:28.592+0400] {processor.py:839} INFO - DAG(s) dict_keys(['example_setup_teardown']) retrieved from /home/eduardo/airflow_venv/lib/python3.10/site-packages/airflow/example_dags/example_setup_teardown.py
[2024-08-08T22:17:28.606+0400] {logging_mixin.py:151} INFO - [2024-08-08T22:17:28.605+0400] {dag.py:2915} INFO - Sync 1 DAGs
[2024-08-08T22:17:28.626+0400] {logging_mixin.py:151} INFO - [2024-08-08T22:17:28.625+0400] {dag.py:3696} INFO - Setting next_dagrun for example_setup_teardown to 2024-08-07T18:17:28.625776+00:00, run_after=2024-08-08T18:17:28.625776+00:00
[2024-08-08T22:17:28.654+0400] {processor.py:179} INFO - Processing /home/eduardo/airflow_venv/lib/python3.10/site-packages/airflow/example_dags/example_setup_teardown.py took 0.079 seconds
[2024-08-08T22:18:19.552+0400] {processor.py:157} INFO - Started process (PID=14461) to work on /home/eduardo/airflow_venv/lib/python3.10/site-packages/airflow/example_dags/example_setup_teardown.py
[2024-08-08T22:18:19.553+0400] {processor.py:829} INFO - Processing file /home/eduardo/airflow_venv/lib/python3.10/site-packages/airflow/example_dags/example_setup_teardown.py for tasks to queue
[2024-08-08T22:18:19.554+0400] {logging_mixin.py:151} INFO - [2024-08-08T22:18:19.554+0400] {dagbag.py:539} INFO - Filling up the DagBag from /home/eduardo/airflow_venv/lib/python3.10/site-packages/airflow/example_dags/example_setup_teardown.py
[2024-08-08T22:18:19.565+0400] {processor.py:839} INFO - DAG(s) dict_keys(['example_setup_teardown']) retrieved from /home/eduardo/airflow_venv/lib/python3.10/site-packages/airflow/example_dags/example_setup_teardown.py
[2024-08-08T22:18:19.585+0400] {logging_mixin.py:151} INFO - [2024-08-08T22:18:19.585+0400] {dag.py:2915} INFO - Sync 1 DAGs
[2024-08-08T22:18:19.607+0400] {logging_mixin.py:151} INFO - [2024-08-08T22:18:19.607+0400] {dag.py:3696} INFO - Setting next_dagrun for example_setup_teardown to 2024-08-07T18:18:19.606915+00:00, run_after=2024-08-08T18:18:19.606915+00:00
[2024-08-08T22:18:19.650+0400] {processor.py:179} INFO - Processing /home/eduardo/airflow_venv/lib/python3.10/site-packages/airflow/example_dags/example_setup_teardown.py took 0.101 seconds
[2024-08-08T22:19:15.875+0400] {processor.py:157} INFO - Started process (PID=14898) to work on /home/eduardo/airflow_venv/lib/python3.10/site-packages/airflow/example_dags/example_setup_teardown.py
[2024-08-08T22:19:15.878+0400] {processor.py:829} INFO - Processing file /home/eduardo/airflow_venv/lib/python3.10/site-packages/airflow/example_dags/example_setup_teardown.py for tasks to queue
[2024-08-08T22:19:15.879+0400] {logging_mixin.py:151} INFO - [2024-08-08T22:19:15.879+0400] {dagbag.py:539} INFO - Filling up the DagBag from /home/eduardo/airflow_venv/lib/python3.10/site-packages/airflow/example_dags/example_setup_teardown.py
[2024-08-08T22:19:15.888+0400] {processor.py:839} INFO - DAG(s) dict_keys(['example_setup_teardown']) retrieved from /home/eduardo/airflow_venv/lib/python3.10/site-packages/airflow/example_dags/example_setup_teardown.py
[2024-08-08T22:19:15.907+0400] {logging_mixin.py:151} INFO - [2024-08-08T22:19:15.907+0400] {dag.py:2915} INFO - Sync 1 DAGs
[2024-08-08T22:19:15.928+0400] {logging_mixin.py:151} INFO - [2024-08-08T22:19:15.928+0400] {dag.py:3696} INFO - Setting next_dagrun for example_setup_teardown to 2024-08-07T18:19:15.928350+00:00, run_after=2024-08-08T18:19:15.928350+00:00
[2024-08-08T22:19:15.964+0400] {processor.py:179} INFO - Processing /home/eduardo/airflow_venv/lib/python3.10/site-packages/airflow/example_dags/example_setup_teardown.py took 0.094 seconds
[2024-08-08T22:20:02.945+0400] {processor.py:157} INFO - Started process (PID=15292) to work on /home/eduardo/airflow_venv/lib/python3.10/site-packages/airflow/example_dags/example_setup_teardown.py
[2024-08-08T22:20:02.948+0400] {processor.py:829} INFO - Processing file /home/eduardo/airflow_venv/lib/python3.10/site-packages/airflow/example_dags/example_setup_teardown.py for tasks to queue
[2024-08-08T22:20:02.948+0400] {logging_mixin.py:151} INFO - [2024-08-08T22:20:02.948+0400] {dagbag.py:539} INFO - Filling up the DagBag from /home/eduardo/airflow_venv/lib/python3.10/site-packages/airflow/example_dags/example_setup_teardown.py
[2024-08-08T22:20:02.956+0400] {processor.py:839} INFO - DAG(s) dict_keys(['example_setup_teardown']) retrieved from /home/eduardo/airflow_venv/lib/python3.10/site-packages/airflow/example_dags/example_setup_teardown.py
[2024-08-08T22:20:02.972+0400] {logging_mixin.py:151} INFO - [2024-08-08T22:20:02.972+0400] {dag.py:2915} INFO - Sync 1 DAGs
[2024-08-08T22:20:02.994+0400] {logging_mixin.py:151} INFO - [2024-08-08T22:20:02.994+0400] {dag.py:3696} INFO - Setting next_dagrun for example_setup_teardown to 2024-08-07T18:20:02.993835+00:00, run_after=2024-08-08T18:20:02.993835+00:00
[2024-08-08T22:20:03.023+0400] {processor.py:179} INFO - Processing /home/eduardo/airflow_venv/lib/python3.10/site-packages/airflow/example_dags/example_setup_teardown.py took 0.082 seconds
[2024-08-08T22:20:53.647+0400] {processor.py:157} INFO - Started process (PID=15711) to work on /home/eduardo/airflow_venv/lib/python3.10/site-packages/airflow/example_dags/example_setup_teardown.py
[2024-08-08T22:20:53.649+0400] {processor.py:829} INFO - Processing file /home/eduardo/airflow_venv/lib/python3.10/site-packages/airflow/example_dags/example_setup_teardown.py for tasks to queue
[2024-08-08T22:20:53.649+0400] {logging_mixin.py:151} INFO - [2024-08-08T22:20:53.649+0400] {dagbag.py:539} INFO - Filling up the DagBag from /home/eduardo/airflow_venv/lib/python3.10/site-packages/airflow/example_dags/example_setup_teardown.py
[2024-08-08T22:20:53.658+0400] {processor.py:839} INFO - DAG(s) dict_keys(['example_setup_teardown']) retrieved from /home/eduardo/airflow_venv/lib/python3.10/site-packages/airflow/example_dags/example_setup_teardown.py
[2024-08-08T22:20:53.676+0400] {logging_mixin.py:151} INFO - [2024-08-08T22:20:53.676+0400] {dag.py:2915} INFO - Sync 1 DAGs
[2024-08-08T22:20:53.697+0400] {logging_mixin.py:151} INFO - [2024-08-08T22:20:53.696+0400] {dag.py:3696} INFO - Setting next_dagrun for example_setup_teardown to 2024-08-07T18:20:53.696644+00:00, run_after=2024-08-08T18:20:53.696644+00:00
[2024-08-08T22:20:53.729+0400] {processor.py:179} INFO - Processing /home/eduardo/airflow_venv/lib/python3.10/site-packages/airflow/example_dags/example_setup_teardown.py took 0.085 seconds
[2024-08-08T22:21:47.743+0400] {processor.py:157} INFO - Started process (PID=16228) to work on /home/eduardo/airflow_venv/lib/python3.10/site-packages/airflow/example_dags/example_setup_teardown.py
[2024-08-08T22:21:47.745+0400] {processor.py:829} INFO - Processing file /home/eduardo/airflow_venv/lib/python3.10/site-packages/airflow/example_dags/example_setup_teardown.py for tasks to queue
[2024-08-08T22:21:47.746+0400] {logging_mixin.py:151} INFO - [2024-08-08T22:21:47.746+0400] {dagbag.py:539} INFO - Filling up the DagBag from /home/eduardo/airflow_venv/lib/python3.10/site-packages/airflow/example_dags/example_setup_teardown.py
[2024-08-08T22:21:47.753+0400] {processor.py:839} INFO - DAG(s) dict_keys(['example_setup_teardown']) retrieved from /home/eduardo/airflow_venv/lib/python3.10/site-packages/airflow/example_dags/example_setup_teardown.py
[2024-08-08T22:21:47.769+0400] {logging_mixin.py:151} INFO - [2024-08-08T22:21:47.769+0400] {dag.py:2915} INFO - Sync 1 DAGs
[2024-08-08T22:21:47.784+0400] {logging_mixin.py:151} INFO - [2024-08-08T22:21:47.784+0400] {dag.py:3696} INFO - Setting next_dagrun for example_setup_teardown to 2024-08-07T18:21:47.784366+00:00, run_after=2024-08-08T18:21:47.784366+00:00
[2024-08-08T22:21:47.819+0400] {processor.py:179} INFO - Processing /home/eduardo/airflow_venv/lib/python3.10/site-packages/airflow/example_dags/example_setup_teardown.py took 0.080 seconds
[2024-08-08T22:22:38.478+0400] {processor.py:157} INFO - Started process (PID=16621) to work on /home/eduardo/airflow_venv/lib/python3.10/site-packages/airflow/example_dags/example_setup_teardown.py
[2024-08-08T22:22:38.480+0400] {processor.py:829} INFO - Processing file /home/eduardo/airflow_venv/lib/python3.10/site-packages/airflow/example_dags/example_setup_teardown.py for tasks to queue
[2024-08-08T22:22:38.483+0400] {logging_mixin.py:151} INFO - [2024-08-08T22:22:38.482+0400] {dagbag.py:539} INFO - Filling up the DagBag from /home/eduardo/airflow_venv/lib/python3.10/site-packages/airflow/example_dags/example_setup_teardown.py
[2024-08-08T22:22:38.492+0400] {processor.py:839} INFO - DAG(s) dict_keys(['example_setup_teardown']) retrieved from /home/eduardo/airflow_venv/lib/python3.10/site-packages/airflow/example_dags/example_setup_teardown.py
[2024-08-08T22:22:38.512+0400] {logging_mixin.py:151} INFO - [2024-08-08T22:22:38.512+0400] {dag.py:2915} INFO - Sync 1 DAGs
[2024-08-08T22:22:38.546+0400] {logging_mixin.py:151} INFO - [2024-08-08T22:22:38.546+0400] {dag.py:3696} INFO - Setting next_dagrun for example_setup_teardown to 2024-08-07T18:22:38.546133+00:00, run_after=2024-08-08T18:22:38.546133+00:00
[2024-08-08T22:22:38.594+0400] {processor.py:179} INFO - Processing /home/eduardo/airflow_venv/lib/python3.10/site-packages/airflow/example_dags/example_setup_teardown.py took 0.121 seconds
[2024-08-08T22:23:29.665+0400] {processor.py:157} INFO - Started process (PID=17114) to work on /home/eduardo/airflow_venv/lib/python3.10/site-packages/airflow/example_dags/example_setup_teardown.py
[2024-08-08T22:23:29.668+0400] {processor.py:829} INFO - Processing file /home/eduardo/airflow_venv/lib/python3.10/site-packages/airflow/example_dags/example_setup_teardown.py for tasks to queue
[2024-08-08T22:23:29.669+0400] {logging_mixin.py:151} INFO - [2024-08-08T22:23:29.668+0400] {dagbag.py:539} INFO - Filling up the DagBag from /home/eduardo/airflow_venv/lib/python3.10/site-packages/airflow/example_dags/example_setup_teardown.py
[2024-08-08T22:23:29.676+0400] {processor.py:839} INFO - DAG(s) dict_keys(['example_setup_teardown']) retrieved from /home/eduardo/airflow_venv/lib/python3.10/site-packages/airflow/example_dags/example_setup_teardown.py
[2024-08-08T22:23:29.695+0400] {logging_mixin.py:151} INFO - [2024-08-08T22:23:29.694+0400] {dag.py:2915} INFO - Sync 1 DAGs
[2024-08-08T22:23:29.709+0400] {logging_mixin.py:151} INFO - [2024-08-08T22:23:29.709+0400] {dag.py:3696} INFO - Setting next_dagrun for example_setup_teardown to 2024-08-07T18:23:29.709444+00:00, run_after=2024-08-08T18:23:29.709444+00:00
[2024-08-08T22:23:29.743+0400] {processor.py:179} INFO - Processing /home/eduardo/airflow_venv/lib/python3.10/site-packages/airflow/example_dags/example_setup_teardown.py took 0.081 seconds
