[2024-08-08T20:18:21.444+0400] {processor.py:157} INFO - Started process (PID=6801) to work on /home/eduardo/airflow_venv/lib/python3.10/site-packages/airflow/example_dags/example_latest_only_with_trigger.py
[2024-08-08T20:18:21.445+0400] {processor.py:829} INFO - Processing file /home/eduardo/airflow_venv/lib/python3.10/site-packages/airflow/example_dags/example_latest_only_with_trigger.py for tasks to queue
[2024-08-08T20:18:21.445+0400] {logging_mixin.py:151} INFO - [2024-08-08T20:18:21.445+0400] {dagbag.py:539} INFO - Filling up the DagBag from /home/eduardo/airflow_venv/lib/python3.10/site-packages/airflow/example_dags/example_latest_only_with_trigger.py
[2024-08-08T20:18:21.451+0400] {processor.py:839} INFO - DAG(s) dict_keys(['latest_only_with_trigger']) retrieved from /home/eduardo/airflow_venv/lib/python3.10/site-packages/airflow/example_dags/example_latest_only_with_trigger.py
[2024-08-08T20:18:21.560+0400] {logging_mixin.py:151} INFO - [2024-08-08T20:18:21.559+0400] {manager.py:499} INFO - Created Permission View: %s
[2024-08-08T20:18:21.581+0400] {logging_mixin.py:151} INFO - [2024-08-08T20:18:21.581+0400] {manager.py:499} INFO - Created Permission View: %s
[2024-08-08T20:18:21.600+0400] {logging_mixin.py:151} INFO - [2024-08-08T20:18:21.600+0400] {manager.py:499} INFO - Created Permission View: %s
[2024-08-08T20:18:21.600+0400] {logging_mixin.py:151} INFO - [2024-08-08T20:18:21.600+0400] {security.py:708} INFO - Not syncing DAG-level permissions for DAG 'DAG:latest_only_with_trigger' as access control is unset.
[2024-08-08T20:18:21.601+0400] {logging_mixin.py:151} INFO - [2024-08-08T20:18:21.601+0400] {dag.py:2915} INFO - Sync 1 DAGs
[2024-08-08T20:18:21.608+0400] {logging_mixin.py:151} INFO - [2024-08-08T20:18:21.608+0400] {dag.py:2937} INFO - Creating ORM DAG for latest_only_with_trigger
[2024-08-08T20:18:21.616+0400] {logging_mixin.py:151} INFO - [2024-08-08T20:18:21.615+0400] {dag.py:3696} INFO - Setting next_dagrun for latest_only_with_trigger to 2024-08-08T12:18:21.615820+00:00, run_after=2024-08-08T16:18:21.615820+00:00
[2024-08-08T20:18:21.646+0400] {processor.py:179} INFO - Processing /home/eduardo/airflow_venv/lib/python3.10/site-packages/airflow/example_dags/example_latest_only_with_trigger.py took 0.204 seconds
[2024-08-08T20:19:12.456+0400] {processor.py:157} INFO - Started process (PID=6856) to work on /home/eduardo/airflow_venv/lib/python3.10/site-packages/airflow/example_dags/example_latest_only_with_trigger.py
[2024-08-08T20:19:12.457+0400] {processor.py:829} INFO - Processing file /home/eduardo/airflow_venv/lib/python3.10/site-packages/airflow/example_dags/example_latest_only_with_trigger.py for tasks to queue
[2024-08-08T20:19:12.458+0400] {logging_mixin.py:151} INFO - [2024-08-08T20:19:12.457+0400] {dagbag.py:539} INFO - Filling up the DagBag from /home/eduardo/airflow_venv/lib/python3.10/site-packages/airflow/example_dags/example_latest_only_with_trigger.py
[2024-08-08T20:19:12.462+0400] {processor.py:839} INFO - DAG(s) dict_keys(['latest_only_with_trigger']) retrieved from /home/eduardo/airflow_venv/lib/python3.10/site-packages/airflow/example_dags/example_latest_only_with_trigger.py
[2024-08-08T20:19:12.472+0400] {logging_mixin.py:151} INFO - [2024-08-08T20:19:12.472+0400] {dag.py:2915} INFO - Sync 1 DAGs
[2024-08-08T20:19:12.483+0400] {logging_mixin.py:151} INFO - [2024-08-08T20:19:12.483+0400] {dag.py:3696} INFO - Setting next_dagrun for latest_only_with_trigger to 2024-08-08T12:19:12.483196+00:00, run_after=2024-08-08T16:19:12.483196+00:00
[2024-08-08T20:19:12.523+0400] {processor.py:179} INFO - Processing /home/eduardo/airflow_venv/lib/python3.10/site-packages/airflow/example_dags/example_latest_only_with_trigger.py took 0.069 seconds
[2024-08-08T20:19:49.115+0400] {processor.py:157} INFO - Started process (PID=6896) to work on /home/eduardo/airflow_venv/lib/python3.10/site-packages/airflow/example_dags/example_latest_only_with_trigger.py
[2024-08-08T20:19:49.116+0400] {processor.py:829} INFO - Processing file /home/eduardo/airflow_venv/lib/python3.10/site-packages/airflow/example_dags/example_latest_only_with_trigger.py for tasks to queue
[2024-08-08T20:19:49.117+0400] {logging_mixin.py:151} INFO - [2024-08-08T20:19:49.117+0400] {dagbag.py:539} INFO - Filling up the DagBag from /home/eduardo/airflow_venv/lib/python3.10/site-packages/airflow/example_dags/example_latest_only_with_trigger.py
[2024-08-08T20:19:49.122+0400] {processor.py:839} INFO - DAG(s) dict_keys(['latest_only_with_trigger']) retrieved from /home/eduardo/airflow_venv/lib/python3.10/site-packages/airflow/example_dags/example_latest_only_with_trigger.py
[2024-08-08T20:19:49.133+0400] {logging_mixin.py:151} INFO - [2024-08-08T20:19:49.133+0400] {dag.py:2915} INFO - Sync 1 DAGs
[2024-08-08T20:19:49.144+0400] {logging_mixin.py:151} INFO - [2024-08-08T20:19:49.144+0400] {dag.py:3696} INFO - Setting next_dagrun for latest_only_with_trigger to 2024-08-08T12:19:49.144586+00:00, run_after=2024-08-08T16:19:49.144586+00:00
[2024-08-08T20:19:49.170+0400] {processor.py:179} INFO - Processing /home/eduardo/airflow_venv/lib/python3.10/site-packages/airflow/example_dags/example_latest_only_with_trigger.py took 0.057 seconds
[2024-08-08T20:20:31.109+0400] {processor.py:157} INFO - Started process (PID=6942) to work on /home/eduardo/airflow_venv/lib/python3.10/site-packages/airflow/example_dags/example_latest_only_with_trigger.py
[2024-08-08T20:20:31.110+0400] {processor.py:829} INFO - Processing file /home/eduardo/airflow_venv/lib/python3.10/site-packages/airflow/example_dags/example_latest_only_with_trigger.py for tasks to queue
[2024-08-08T20:20:31.111+0400] {logging_mixin.py:151} INFO - [2024-08-08T20:20:31.110+0400] {dagbag.py:539} INFO - Filling up the DagBag from /home/eduardo/airflow_venv/lib/python3.10/site-packages/airflow/example_dags/example_latest_only_with_trigger.py
[2024-08-08T20:20:31.115+0400] {processor.py:839} INFO - DAG(s) dict_keys(['latest_only_with_trigger']) retrieved from /home/eduardo/airflow_venv/lib/python3.10/site-packages/airflow/example_dags/example_latest_only_with_trigger.py
[2024-08-08T20:20:31.127+0400] {logging_mixin.py:151} INFO - [2024-08-08T20:20:31.127+0400] {dag.py:2915} INFO - Sync 1 DAGs
[2024-08-08T20:20:31.141+0400] {logging_mixin.py:151} INFO - [2024-08-08T20:20:31.141+0400] {dag.py:3696} INFO - Setting next_dagrun for latest_only_with_trigger to 2024-08-08T12:20:31.141283+00:00, run_after=2024-08-08T16:20:31.141283+00:00
[2024-08-08T20:20:31.189+0400] {processor.py:179} INFO - Processing /home/eduardo/airflow_venv/lib/python3.10/site-packages/airflow/example_dags/example_latest_only_with_trigger.py took 0.082 seconds
[2024-08-08T20:21:11.484+0400] {processor.py:157} INFO - Started process (PID=6984) to work on /home/eduardo/airflow_venv/lib/python3.10/site-packages/airflow/example_dags/example_latest_only_with_trigger.py
[2024-08-08T20:21:11.485+0400] {processor.py:829} INFO - Processing file /home/eduardo/airflow_venv/lib/python3.10/site-packages/airflow/example_dags/example_latest_only_with_trigger.py for tasks to queue
[2024-08-08T20:21:11.486+0400] {logging_mixin.py:151} INFO - [2024-08-08T20:21:11.486+0400] {dagbag.py:539} INFO - Filling up the DagBag from /home/eduardo/airflow_venv/lib/python3.10/site-packages/airflow/example_dags/example_latest_only_with_trigger.py
[2024-08-08T20:21:11.491+0400] {processor.py:839} INFO - DAG(s) dict_keys(['latest_only_with_trigger']) retrieved from /home/eduardo/airflow_venv/lib/python3.10/site-packages/airflow/example_dags/example_latest_only_with_trigger.py
[2024-08-08T20:21:11.502+0400] {logging_mixin.py:151} INFO - [2024-08-08T20:21:11.501+0400] {dag.py:2915} INFO - Sync 1 DAGs
[2024-08-08T20:21:11.515+0400] {logging_mixin.py:151} INFO - [2024-08-08T20:21:11.514+0400] {dag.py:3696} INFO - Setting next_dagrun for latest_only_with_trigger to 2024-08-08T12:21:11.514847+00:00, run_after=2024-08-08T16:21:11.514847+00:00
[2024-08-08T20:21:11.542+0400] {processor.py:179} INFO - Processing /home/eduardo/airflow_venv/lib/python3.10/site-packages/airflow/example_dags/example_latest_only_with_trigger.py took 0.060 seconds
[2024-08-08T20:21:52.684+0400] {processor.py:157} INFO - Started process (PID=7027) to work on /home/eduardo/airflow_venv/lib/python3.10/site-packages/airflow/example_dags/example_latest_only_with_trigger.py
[2024-08-08T20:21:52.685+0400] {processor.py:829} INFO - Processing file /home/eduardo/airflow_venv/lib/python3.10/site-packages/airflow/example_dags/example_latest_only_with_trigger.py for tasks to queue
[2024-08-08T20:21:52.685+0400] {logging_mixin.py:151} INFO - [2024-08-08T20:21:52.685+0400] {dagbag.py:539} INFO - Filling up the DagBag from /home/eduardo/airflow_venv/lib/python3.10/site-packages/airflow/example_dags/example_latest_only_with_trigger.py
[2024-08-08T20:21:52.690+0400] {processor.py:839} INFO - DAG(s) dict_keys(['latest_only_with_trigger']) retrieved from /home/eduardo/airflow_venv/lib/python3.10/site-packages/airflow/example_dags/example_latest_only_with_trigger.py
[2024-08-08T20:21:52.700+0400] {logging_mixin.py:151} INFO - [2024-08-08T20:21:52.700+0400] {dag.py:2915} INFO - Sync 1 DAGs
[2024-08-08T20:21:52.712+0400] {logging_mixin.py:151} INFO - [2024-08-08T20:21:52.711+0400] {dag.py:3696} INFO - Setting next_dagrun for latest_only_with_trigger to 2024-08-08T12:21:52.711833+00:00, run_after=2024-08-08T16:21:52.711833+00:00
[2024-08-08T20:21:52.739+0400] {processor.py:179} INFO - Processing /home/eduardo/airflow_venv/lib/python3.10/site-packages/airflow/example_dags/example_latest_only_with_trigger.py took 0.057 seconds
[2024-08-08T20:22:38.213+0400] {processor.py:157} INFO - Started process (PID=7074) to work on /home/eduardo/airflow_venv/lib/python3.10/site-packages/airflow/example_dags/example_latest_only_with_trigger.py
[2024-08-08T20:22:38.215+0400] {processor.py:829} INFO - Processing file /home/eduardo/airflow_venv/lib/python3.10/site-packages/airflow/example_dags/example_latest_only_with_trigger.py for tasks to queue
[2024-08-08T20:22:38.217+0400] {logging_mixin.py:151} INFO - [2024-08-08T20:22:38.216+0400] {dagbag.py:539} INFO - Filling up the DagBag from /home/eduardo/airflow_venv/lib/python3.10/site-packages/airflow/example_dags/example_latest_only_with_trigger.py
[2024-08-08T20:22:38.221+0400] {processor.py:839} INFO - DAG(s) dict_keys(['latest_only_with_trigger']) retrieved from /home/eduardo/airflow_venv/lib/python3.10/site-packages/airflow/example_dags/example_latest_only_with_trigger.py
[2024-08-08T20:22:38.233+0400] {logging_mixin.py:151} INFO - [2024-08-08T20:22:38.233+0400] {dag.py:2915} INFO - Sync 1 DAGs
[2024-08-08T20:22:38.248+0400] {logging_mixin.py:151} INFO - [2024-08-08T20:22:38.248+0400] {dag.py:3696} INFO - Setting next_dagrun for latest_only_with_trigger to 2024-08-08T12:22:38.248066+00:00, run_after=2024-08-08T16:22:38.248066+00:00
[2024-08-08T20:22:38.276+0400] {processor.py:179} INFO - Processing /home/eduardo/airflow_venv/lib/python3.10/site-packages/airflow/example_dags/example_latest_only_with_trigger.py took 0.065 seconds
[2024-08-08T20:23:22.259+0400] {processor.py:157} INFO - Started process (PID=7141) to work on /home/eduardo/airflow_venv/lib/python3.10/site-packages/airflow/example_dags/example_latest_only_with_trigger.py
[2024-08-08T20:23:22.260+0400] {processor.py:829} INFO - Processing file /home/eduardo/airflow_venv/lib/python3.10/site-packages/airflow/example_dags/example_latest_only_with_trigger.py for tasks to queue
[2024-08-08T20:23:22.261+0400] {logging_mixin.py:151} INFO - [2024-08-08T20:23:22.261+0400] {dagbag.py:539} INFO - Filling up the DagBag from /home/eduardo/airflow_venv/lib/python3.10/site-packages/airflow/example_dags/example_latest_only_with_trigger.py
[2024-08-08T20:23:22.268+0400] {processor.py:839} INFO - DAG(s) dict_keys(['latest_only_with_trigger']) retrieved from /home/eduardo/airflow_venv/lib/python3.10/site-packages/airflow/example_dags/example_latest_only_with_trigger.py
[2024-08-08T20:23:22.282+0400] {logging_mixin.py:151} INFO - [2024-08-08T20:23:22.281+0400] {dag.py:2915} INFO - Sync 1 DAGs
[2024-08-08T20:23:22.299+0400] {logging_mixin.py:151} INFO - [2024-08-08T20:23:22.299+0400] {dag.py:3696} INFO - Setting next_dagrun for latest_only_with_trigger to 2024-08-08T12:23:22.299443+00:00, run_after=2024-08-08T16:23:22.299443+00:00
[2024-08-08T20:23:22.331+0400] {processor.py:179} INFO - Processing /home/eduardo/airflow_venv/lib/python3.10/site-packages/airflow/example_dags/example_latest_only_with_trigger.py took 0.074 seconds
[2024-08-08T20:24:07.501+0400] {processor.py:157} INFO - Started process (PID=7187) to work on /home/eduardo/airflow_venv/lib/python3.10/site-packages/airflow/example_dags/example_latest_only_with_trigger.py
[2024-08-08T20:24:07.502+0400] {processor.py:829} INFO - Processing file /home/eduardo/airflow_venv/lib/python3.10/site-packages/airflow/example_dags/example_latest_only_with_trigger.py for tasks to queue
[2024-08-08T20:24:07.503+0400] {logging_mixin.py:151} INFO - [2024-08-08T20:24:07.502+0400] {dagbag.py:539} INFO - Filling up the DagBag from /home/eduardo/airflow_venv/lib/python3.10/site-packages/airflow/example_dags/example_latest_only_with_trigger.py
[2024-08-08T20:24:07.507+0400] {processor.py:839} INFO - DAG(s) dict_keys(['latest_only_with_trigger']) retrieved from /home/eduardo/airflow_venv/lib/python3.10/site-packages/airflow/example_dags/example_latest_only_with_trigger.py
[2024-08-08T20:24:07.517+0400] {logging_mixin.py:151} INFO - [2024-08-08T20:24:07.516+0400] {dag.py:2915} INFO - Sync 1 DAGs
[2024-08-08T20:24:07.527+0400] {logging_mixin.py:151} INFO - [2024-08-08T20:24:07.527+0400] {dag.py:3696} INFO - Setting next_dagrun for latest_only_with_trigger to 2024-08-08T12:24:07.527258+00:00, run_after=2024-08-08T16:24:07.527258+00:00
[2024-08-08T20:24:07.554+0400] {processor.py:179} INFO - Processing /home/eduardo/airflow_venv/lib/python3.10/site-packages/airflow/example_dags/example_latest_only_with_trigger.py took 0.056 seconds
[2024-08-08T20:24:52.815+0400] {processor.py:157} INFO - Started process (PID=7243) to work on /home/eduardo/airflow_venv/lib/python3.10/site-packages/airflow/example_dags/example_latest_only_with_trigger.py
[2024-08-08T20:24:52.820+0400] {processor.py:829} INFO - Processing file /home/eduardo/airflow_venv/lib/python3.10/site-packages/airflow/example_dags/example_latest_only_with_trigger.py for tasks to queue
[2024-08-08T20:24:52.821+0400] {logging_mixin.py:151} INFO - [2024-08-08T20:24:52.821+0400] {dagbag.py:539} INFO - Filling up the DagBag from /home/eduardo/airflow_venv/lib/python3.10/site-packages/airflow/example_dags/example_latest_only_with_trigger.py
[2024-08-08T20:24:52.826+0400] {processor.py:839} INFO - DAG(s) dict_keys(['latest_only_with_trigger']) retrieved from /home/eduardo/airflow_venv/lib/python3.10/site-packages/airflow/example_dags/example_latest_only_with_trigger.py
[2024-08-08T20:24:52.838+0400] {logging_mixin.py:151} INFO - [2024-08-08T20:24:52.838+0400] {dag.py:2915} INFO - Sync 1 DAGs
[2024-08-08T20:24:52.852+0400] {logging_mixin.py:151} INFO - [2024-08-08T20:24:52.852+0400] {dag.py:3696} INFO - Setting next_dagrun for latest_only_with_trigger to 2024-08-08T12:24:52.852606+00:00, run_after=2024-08-08T16:24:52.852606+00:00
[2024-08-08T20:24:52.879+0400] {processor.py:179} INFO - Processing /home/eduardo/airflow_venv/lib/python3.10/site-packages/airflow/example_dags/example_latest_only_with_trigger.py took 0.067 seconds
[2024-08-08T20:25:38.388+0400] {processor.py:157} INFO - Started process (PID=7290) to work on /home/eduardo/airflow_venv/lib/python3.10/site-packages/airflow/example_dags/example_latest_only_with_trigger.py
[2024-08-08T20:25:38.389+0400] {processor.py:829} INFO - Processing file /home/eduardo/airflow_venv/lib/python3.10/site-packages/airflow/example_dags/example_latest_only_with_trigger.py for tasks to queue
[2024-08-08T20:25:38.389+0400] {logging_mixin.py:151} INFO - [2024-08-08T20:25:38.389+0400] {dagbag.py:539} INFO - Filling up the DagBag from /home/eduardo/airflow_venv/lib/python3.10/site-packages/airflow/example_dags/example_latest_only_with_trigger.py
[2024-08-08T20:25:38.394+0400] {processor.py:839} INFO - DAG(s) dict_keys(['latest_only_with_trigger']) retrieved from /home/eduardo/airflow_venv/lib/python3.10/site-packages/airflow/example_dags/example_latest_only_with_trigger.py
[2024-08-08T20:25:38.404+0400] {logging_mixin.py:151} INFO - [2024-08-08T20:25:38.403+0400] {dag.py:2915} INFO - Sync 1 DAGs
[2024-08-08T20:25:38.415+0400] {logging_mixin.py:151} INFO - [2024-08-08T20:25:38.414+0400] {dag.py:3696} INFO - Setting next_dagrun for latest_only_with_trigger to 2024-08-08T12:25:38.414705+00:00, run_after=2024-08-08T16:25:38.414705+00:00
[2024-08-08T20:25:38.445+0400] {processor.py:179} INFO - Processing /home/eduardo/airflow_venv/lib/python3.10/site-packages/airflow/example_dags/example_latest_only_with_trigger.py took 0.059 seconds
[2024-08-08T22:09:35.010+0400] {processor.py:157} INFO - Started process (PID=9426) to work on /home/eduardo/airflow_venv/lib/python3.10/site-packages/airflow/example_dags/example_latest_only_with_trigger.py
[2024-08-08T22:09:35.013+0400] {processor.py:829} INFO - Processing file /home/eduardo/airflow_venv/lib/python3.10/site-packages/airflow/example_dags/example_latest_only_with_trigger.py for tasks to queue
[2024-08-08T22:09:35.014+0400] {logging_mixin.py:151} INFO - [2024-08-08T22:09:35.013+0400] {dagbag.py:539} INFO - Filling up the DagBag from /home/eduardo/airflow_venv/lib/python3.10/site-packages/airflow/example_dags/example_latest_only_with_trigger.py
[2024-08-08T22:09:35.030+0400] {processor.py:839} INFO - DAG(s) dict_keys(['latest_only_with_trigger']) retrieved from /home/eduardo/airflow_venv/lib/python3.10/site-packages/airflow/example_dags/example_latest_only_with_trigger.py
[2024-08-08T22:09:35.053+0400] {logging_mixin.py:151} INFO - [2024-08-08T22:09:35.053+0400] {dag.py:2915} INFO - Sync 1 DAGs
[2024-08-08T22:09:35.068+0400] {logging_mixin.py:151} INFO - [2024-08-08T22:09:35.068+0400] {dag.py:3696} INFO - Setting next_dagrun for latest_only_with_trigger to 2024-08-08T14:09:35.068114+00:00, run_after=2024-08-08T18:09:35.068114+00:00
[2024-08-08T22:09:35.103+0400] {processor.py:179} INFO - Processing /home/eduardo/airflow_venv/lib/python3.10/site-packages/airflow/example_dags/example_latest_only_with_trigger.py took 0.097 seconds
[2024-08-08T22:10:22.782+0400] {processor.py:157} INFO - Started process (PID=9980) to work on /home/eduardo/airflow_venv/lib/python3.10/site-packages/airflow/example_dags/example_latest_only_with_trigger.py
[2024-08-08T22:10:22.784+0400] {processor.py:829} INFO - Processing file /home/eduardo/airflow_venv/lib/python3.10/site-packages/airflow/example_dags/example_latest_only_with_trigger.py for tasks to queue
[2024-08-08T22:10:22.785+0400] {logging_mixin.py:151} INFO - [2024-08-08T22:10:22.785+0400] {dagbag.py:539} INFO - Filling up the DagBag from /home/eduardo/airflow_venv/lib/python3.10/site-packages/airflow/example_dags/example_latest_only_with_trigger.py
[2024-08-08T22:10:22.792+0400] {processor.py:839} INFO - DAG(s) dict_keys(['latest_only_with_trigger']) retrieved from /home/eduardo/airflow_venv/lib/python3.10/site-packages/airflow/example_dags/example_latest_only_with_trigger.py
[2024-08-08T22:10:22.809+0400] {logging_mixin.py:151} INFO - [2024-08-08T22:10:22.809+0400] {dag.py:2915} INFO - Sync 1 DAGs
[2024-08-08T22:10:22.828+0400] {logging_mixin.py:151} INFO - [2024-08-08T22:10:22.828+0400] {dag.py:3696} INFO - Setting next_dagrun for latest_only_with_trigger to 2024-08-08T14:10:22.828411+00:00, run_after=2024-08-08T18:10:22.828411+00:00
[2024-08-08T22:10:22.860+0400] {processor.py:179} INFO - Processing /home/eduardo/airflow_venv/lib/python3.10/site-packages/airflow/example_dags/example_latest_only_with_trigger.py took 0.081 seconds
[2024-08-08T22:11:10.175+0400] {processor.py:157} INFO - Started process (PID=10490) to work on /home/eduardo/airflow_venv/lib/python3.10/site-packages/airflow/example_dags/example_latest_only_with_trigger.py
[2024-08-08T22:11:10.179+0400] {processor.py:829} INFO - Processing file /home/eduardo/airflow_venv/lib/python3.10/site-packages/airflow/example_dags/example_latest_only_with_trigger.py for tasks to queue
[2024-08-08T22:11:10.180+0400] {logging_mixin.py:151} INFO - [2024-08-08T22:11:10.180+0400] {dagbag.py:539} INFO - Filling up the DagBag from /home/eduardo/airflow_venv/lib/python3.10/site-packages/airflow/example_dags/example_latest_only_with_trigger.py
[2024-08-08T22:11:10.189+0400] {processor.py:839} INFO - DAG(s) dict_keys(['latest_only_with_trigger']) retrieved from /home/eduardo/airflow_venv/lib/python3.10/site-packages/airflow/example_dags/example_latest_only_with_trigger.py
[2024-08-08T22:11:10.207+0400] {logging_mixin.py:151} INFO - [2024-08-08T22:11:10.206+0400] {dag.py:2915} INFO - Sync 1 DAGs
[2024-08-08T22:11:10.224+0400] {logging_mixin.py:151} INFO - [2024-08-08T22:11:10.224+0400] {dag.py:3696} INFO - Setting next_dagrun for latest_only_with_trigger to 2024-08-08T14:11:10.224254+00:00, run_after=2024-08-08T18:11:10.224254+00:00
[2024-08-08T22:11:10.260+0400] {processor.py:179} INFO - Processing /home/eduardo/airflow_venv/lib/python3.10/site-packages/airflow/example_dags/example_latest_only_with_trigger.py took 0.089 seconds
[2024-08-08T22:11:48.304+0400] {processor.py:157} INFO - Started process (PID=10847) to work on /home/eduardo/airflow_venv/lib/python3.10/site-packages/airflow/example_dags/example_latest_only_with_trigger.py
[2024-08-08T22:11:48.307+0400] {processor.py:829} INFO - Processing file /home/eduardo/airflow_venv/lib/python3.10/site-packages/airflow/example_dags/example_latest_only_with_trigger.py for tasks to queue
[2024-08-08T22:11:48.308+0400] {logging_mixin.py:151} INFO - [2024-08-08T22:11:48.308+0400] {dagbag.py:539} INFO - Filling up the DagBag from /home/eduardo/airflow_venv/lib/python3.10/site-packages/airflow/example_dags/example_latest_only_with_trigger.py
[2024-08-08T22:11:48.317+0400] {processor.py:839} INFO - DAG(s) dict_keys(['latest_only_with_trigger']) retrieved from /home/eduardo/airflow_venv/lib/python3.10/site-packages/airflow/example_dags/example_latest_only_with_trigger.py
[2024-08-08T22:11:48.330+0400] {logging_mixin.py:151} INFO - [2024-08-08T22:11:48.330+0400] {dag.py:2915} INFO - Sync 1 DAGs
[2024-08-08T22:11:48.345+0400] {logging_mixin.py:151} INFO - [2024-08-08T22:11:48.344+0400] {dag.py:3696} INFO - Setting next_dagrun for latest_only_with_trigger to 2024-08-08T14:11:48.344797+00:00, run_after=2024-08-08T18:11:48.344797+00:00
[2024-08-08T22:11:48.374+0400] {processor.py:179} INFO - Processing /home/eduardo/airflow_venv/lib/python3.10/site-packages/airflow/example_dags/example_latest_only_with_trigger.py took 0.075 seconds
[2024-08-08T22:12:20.409+0400] {processor.py:157} INFO - Started process (PID=11093) to work on /home/eduardo/airflow_venv/lib/python3.10/site-packages/airflow/example_dags/example_latest_only_with_trigger.py
[2024-08-08T22:12:20.412+0400] {processor.py:829} INFO - Processing file /home/eduardo/airflow_venv/lib/python3.10/site-packages/airflow/example_dags/example_latest_only_with_trigger.py for tasks to queue
[2024-08-08T22:12:20.413+0400] {logging_mixin.py:151} INFO - [2024-08-08T22:12:20.413+0400] {dagbag.py:539} INFO - Filling up the DagBag from /home/eduardo/airflow_venv/lib/python3.10/site-packages/airflow/example_dags/example_latest_only_with_trigger.py
[2024-08-08T22:12:20.421+0400] {processor.py:839} INFO - DAG(s) dict_keys(['latest_only_with_trigger']) retrieved from /home/eduardo/airflow_venv/lib/python3.10/site-packages/airflow/example_dags/example_latest_only_with_trigger.py
[2024-08-08T22:12:20.445+0400] {logging_mixin.py:151} INFO - [2024-08-08T22:12:20.445+0400] {dag.py:2915} INFO - Sync 1 DAGs
[2024-08-08T22:12:20.474+0400] {logging_mixin.py:151} INFO - [2024-08-08T22:12:20.473+0400] {dag.py:3696} INFO - Setting next_dagrun for latest_only_with_trigger to 2024-08-08T14:12:20.473511+00:00, run_after=2024-08-08T18:12:20.473511+00:00
[2024-08-08T22:12:20.513+0400] {processor.py:179} INFO - Processing /home/eduardo/airflow_venv/lib/python3.10/site-packages/airflow/example_dags/example_latest_only_with_trigger.py took 0.108 seconds
[2024-08-08T22:12:54.239+0400] {processor.py:157} INFO - Started process (PID=11354) to work on /home/eduardo/airflow_venv/lib/python3.10/site-packages/airflow/example_dags/example_latest_only_with_trigger.py
[2024-08-08T22:12:54.242+0400] {processor.py:829} INFO - Processing file /home/eduardo/airflow_venv/lib/python3.10/site-packages/airflow/example_dags/example_latest_only_with_trigger.py for tasks to queue
[2024-08-08T22:12:54.243+0400] {logging_mixin.py:151} INFO - [2024-08-08T22:12:54.243+0400] {dagbag.py:539} INFO - Filling up the DagBag from /home/eduardo/airflow_venv/lib/python3.10/site-packages/airflow/example_dags/example_latest_only_with_trigger.py
[2024-08-08T22:12:54.251+0400] {processor.py:839} INFO - DAG(s) dict_keys(['latest_only_with_trigger']) retrieved from /home/eduardo/airflow_venv/lib/python3.10/site-packages/airflow/example_dags/example_latest_only_with_trigger.py
[2024-08-08T22:12:54.265+0400] {logging_mixin.py:151} INFO - [2024-08-08T22:12:54.265+0400] {dag.py:2915} INFO - Sync 1 DAGs
[2024-08-08T22:12:54.283+0400] {logging_mixin.py:151} INFO - [2024-08-08T22:12:54.282+0400] {dag.py:3696} INFO - Setting next_dagrun for latest_only_with_trigger to 2024-08-08T14:12:54.282683+00:00, run_after=2024-08-08T18:12:54.282683+00:00
[2024-08-08T22:12:54.314+0400] {processor.py:179} INFO - Processing /home/eduardo/airflow_venv/lib/python3.10/site-packages/airflow/example_dags/example_latest_only_with_trigger.py took 0.079 seconds
[2024-08-08T22:13:28.257+0400] {processor.py:157} INFO - Started process (PID=11649) to work on /home/eduardo/airflow_venv/lib/python3.10/site-packages/airflow/example_dags/example_latest_only_with_trigger.py
[2024-08-08T22:13:28.260+0400] {processor.py:829} INFO - Processing file /home/eduardo/airflow_venv/lib/python3.10/site-packages/airflow/example_dags/example_latest_only_with_trigger.py for tasks to queue
[2024-08-08T22:13:28.261+0400] {logging_mixin.py:151} INFO - [2024-08-08T22:13:28.261+0400] {dagbag.py:539} INFO - Filling up the DagBag from /home/eduardo/airflow_venv/lib/python3.10/site-packages/airflow/example_dags/example_latest_only_with_trigger.py
[2024-08-08T22:13:28.267+0400] {processor.py:839} INFO - DAG(s) dict_keys(['latest_only_with_trigger']) retrieved from /home/eduardo/airflow_venv/lib/python3.10/site-packages/airflow/example_dags/example_latest_only_with_trigger.py
[2024-08-08T22:13:28.280+0400] {logging_mixin.py:151} INFO - [2024-08-08T22:13:28.280+0400] {dag.py:2915} INFO - Sync 1 DAGs
[2024-08-08T22:13:28.295+0400] {logging_mixin.py:151} INFO - [2024-08-08T22:13:28.295+0400] {dag.py:3696} INFO - Setting next_dagrun for latest_only_with_trigger to 2024-08-08T14:13:28.295054+00:00, run_after=2024-08-08T18:13:28.295054+00:00
[2024-08-08T22:13:28.327+0400] {processor.py:179} INFO - Processing /home/eduardo/airflow_venv/lib/python3.10/site-packages/airflow/example_dags/example_latest_only_with_trigger.py took 0.073 seconds
[2024-08-08T22:14:11.261+0400] {processor.py:157} INFO - Started process (PID=12159) to work on /home/eduardo/airflow_venv/lib/python3.10/site-packages/airflow/example_dags/example_latest_only_with_trigger.py
[2024-08-08T22:14:11.264+0400] {processor.py:829} INFO - Processing file /home/eduardo/airflow_venv/lib/python3.10/site-packages/airflow/example_dags/example_latest_only_with_trigger.py for tasks to queue
[2024-08-08T22:14:11.265+0400] {logging_mixin.py:151} INFO - [2024-08-08T22:14:11.265+0400] {dagbag.py:539} INFO - Filling up the DagBag from /home/eduardo/airflow_venv/lib/python3.10/site-packages/airflow/example_dags/example_latest_only_with_trigger.py
[2024-08-08T22:14:11.275+0400] {processor.py:839} INFO - DAG(s) dict_keys(['latest_only_with_trigger']) retrieved from /home/eduardo/airflow_venv/lib/python3.10/site-packages/airflow/example_dags/example_latest_only_with_trigger.py
[2024-08-08T22:14:11.295+0400] {logging_mixin.py:151} INFO - [2024-08-08T22:14:11.295+0400] {dag.py:2915} INFO - Sync 1 DAGs
[2024-08-08T22:14:11.318+0400] {logging_mixin.py:151} INFO - [2024-08-08T22:14:11.318+0400] {dag.py:3696} INFO - Setting next_dagrun for latest_only_with_trigger to 2024-08-08T14:14:11.317832+00:00, run_after=2024-08-08T18:14:11.317832+00:00
[2024-08-08T22:14:11.349+0400] {processor.py:179} INFO - Processing /home/eduardo/airflow_venv/lib/python3.10/site-packages/airflow/example_dags/example_latest_only_with_trigger.py took 0.092 seconds
[2024-08-08T22:14:46.622+0400] {processor.py:157} INFO - Started process (PID=12515) to work on /home/eduardo/airflow_venv/lib/python3.10/site-packages/airflow/example_dags/example_latest_only_with_trigger.py
[2024-08-08T22:14:46.625+0400] {processor.py:829} INFO - Processing file /home/eduardo/airflow_venv/lib/python3.10/site-packages/airflow/example_dags/example_latest_only_with_trigger.py for tasks to queue
[2024-08-08T22:14:46.626+0400] {logging_mixin.py:151} INFO - [2024-08-08T22:14:46.626+0400] {dagbag.py:539} INFO - Filling up the DagBag from /home/eduardo/airflow_venv/lib/python3.10/site-packages/airflow/example_dags/example_latest_only_with_trigger.py
[2024-08-08T22:14:46.632+0400] {processor.py:839} INFO - DAG(s) dict_keys(['latest_only_with_trigger']) retrieved from /home/eduardo/airflow_venv/lib/python3.10/site-packages/airflow/example_dags/example_latest_only_with_trigger.py
[2024-08-08T22:14:46.646+0400] {logging_mixin.py:151} INFO - [2024-08-08T22:14:46.646+0400] {dag.py:2915} INFO - Sync 1 DAGs
[2024-08-08T22:14:46.667+0400] {logging_mixin.py:151} INFO - [2024-08-08T22:14:46.666+0400] {dag.py:3696} INFO - Setting next_dagrun for latest_only_with_trigger to 2024-08-08T14:14:46.666712+00:00, run_after=2024-08-08T18:14:46.666712+00:00
[2024-08-08T22:14:46.703+0400] {processor.py:179} INFO - Processing /home/eduardo/airflow_venv/lib/python3.10/site-packages/airflow/example_dags/example_latest_only_with_trigger.py took 0.084 seconds
[2024-08-08T22:15:20.866+0400] {processor.py:157} INFO - Started process (PID=12783) to work on /home/eduardo/airflow_venv/lib/python3.10/site-packages/airflow/example_dags/example_latest_only_with_trigger.py
[2024-08-08T22:15:20.869+0400] {processor.py:829} INFO - Processing file /home/eduardo/airflow_venv/lib/python3.10/site-packages/airflow/example_dags/example_latest_only_with_trigger.py for tasks to queue
[2024-08-08T22:15:20.869+0400] {logging_mixin.py:151} INFO - [2024-08-08T22:15:20.869+0400] {dagbag.py:539} INFO - Filling up the DagBag from /home/eduardo/airflow_venv/lib/python3.10/site-packages/airflow/example_dags/example_latest_only_with_trigger.py
[2024-08-08T22:15:20.875+0400] {processor.py:839} INFO - DAG(s) dict_keys(['latest_only_with_trigger']) retrieved from /home/eduardo/airflow_venv/lib/python3.10/site-packages/airflow/example_dags/example_latest_only_with_trigger.py
[2024-08-08T22:15:20.888+0400] {logging_mixin.py:151} INFO - [2024-08-08T22:15:20.888+0400] {dag.py:2915} INFO - Sync 1 DAGs
[2024-08-08T22:15:20.902+0400] {logging_mixin.py:151} INFO - [2024-08-08T22:15:20.902+0400] {dag.py:3696} INFO - Setting next_dagrun for latest_only_with_trigger to 2024-08-08T14:15:20.902531+00:00, run_after=2024-08-08T18:15:20.902531+00:00
[2024-08-08T22:15:20.936+0400] {processor.py:179} INFO - Processing /home/eduardo/airflow_venv/lib/python3.10/site-packages/airflow/example_dags/example_latest_only_with_trigger.py took 0.072 seconds
[2024-08-08T22:15:56.073+0400] {processor.py:157} INFO - Started process (PID=13146) to work on /home/eduardo/airflow_venv/lib/python3.10/site-packages/airflow/example_dags/example_latest_only_with_trigger.py
[2024-08-08T22:15:56.076+0400] {processor.py:829} INFO - Processing file /home/eduardo/airflow_venv/lib/python3.10/site-packages/airflow/example_dags/example_latest_only_with_trigger.py for tasks to queue
[2024-08-08T22:15:56.078+0400] {logging_mixin.py:151} INFO - [2024-08-08T22:15:56.077+0400] {dagbag.py:539} INFO - Filling up the DagBag from /home/eduardo/airflow_venv/lib/python3.10/site-packages/airflow/example_dags/example_latest_only_with_trigger.py
[2024-08-08T22:15:56.087+0400] {processor.py:839} INFO - DAG(s) dict_keys(['latest_only_with_trigger']) retrieved from /home/eduardo/airflow_venv/lib/python3.10/site-packages/airflow/example_dags/example_latest_only_with_trigger.py
[2024-08-08T22:15:56.109+0400] {logging_mixin.py:151} INFO - [2024-08-08T22:15:56.108+0400] {dag.py:2915} INFO - Sync 1 DAGs
[2024-08-08T22:15:56.137+0400] {logging_mixin.py:151} INFO - [2024-08-08T22:15:56.137+0400] {dag.py:3696} INFO - Setting next_dagrun for latest_only_with_trigger to 2024-08-08T14:15:56.136765+00:00, run_after=2024-08-08T18:15:56.136765+00:00
[2024-08-08T22:15:56.177+0400] {processor.py:179} INFO - Processing /home/eduardo/airflow_venv/lib/python3.10/site-packages/airflow/example_dags/example_latest_only_with_trigger.py took 0.107 seconds
[2024-08-08T22:16:28.895+0400] {processor.py:157} INFO - Started process (PID=13396) to work on /home/eduardo/airflow_venv/lib/python3.10/site-packages/airflow/example_dags/example_latest_only_with_trigger.py
[2024-08-08T22:16:28.898+0400] {processor.py:829} INFO - Processing file /home/eduardo/airflow_venv/lib/python3.10/site-packages/airflow/example_dags/example_latest_only_with_trigger.py for tasks to queue
[2024-08-08T22:16:28.899+0400] {logging_mixin.py:151} INFO - [2024-08-08T22:16:28.899+0400] {dagbag.py:539} INFO - Filling up the DagBag from /home/eduardo/airflow_venv/lib/python3.10/site-packages/airflow/example_dags/example_latest_only_with_trigger.py
[2024-08-08T22:16:28.906+0400] {processor.py:839} INFO - DAG(s) dict_keys(['latest_only_with_trigger']) retrieved from /home/eduardo/airflow_venv/lib/python3.10/site-packages/airflow/example_dags/example_latest_only_with_trigger.py
[2024-08-08T22:16:28.919+0400] {logging_mixin.py:151} INFO - [2024-08-08T22:16:28.919+0400] {dag.py:2915} INFO - Sync 1 DAGs
[2024-08-08T22:16:28.934+0400] {logging_mixin.py:151} INFO - [2024-08-08T22:16:28.934+0400] {dag.py:3696} INFO - Setting next_dagrun for latest_only_with_trigger to 2024-08-08T14:16:28.934186+00:00, run_after=2024-08-08T18:16:28.934186+00:00
[2024-08-08T22:16:28.964+0400] {processor.py:179} INFO - Processing /home/eduardo/airflow_venv/lib/python3.10/site-packages/airflow/example_dags/example_latest_only_with_trigger.py took 0.072 seconds
[2024-08-08T22:17:03.667+0400] {processor.py:157} INFO - Started process (PID=13840) to work on /home/eduardo/airflow_venv/lib/python3.10/site-packages/airflow/example_dags/example_latest_only_with_trigger.py
[2024-08-08T22:17:03.670+0400] {processor.py:829} INFO - Processing file /home/eduardo/airflow_venv/lib/python3.10/site-packages/airflow/example_dags/example_latest_only_with_trigger.py for tasks to queue
[2024-08-08T22:17:03.671+0400] {logging_mixin.py:151} INFO - [2024-08-08T22:17:03.671+0400] {dagbag.py:539} INFO - Filling up the DagBag from /home/eduardo/airflow_venv/lib/python3.10/site-packages/airflow/example_dags/example_latest_only_with_trigger.py
[2024-08-08T22:17:03.678+0400] {processor.py:839} INFO - DAG(s) dict_keys(['latest_only_with_trigger']) retrieved from /home/eduardo/airflow_venv/lib/python3.10/site-packages/airflow/example_dags/example_latest_only_with_trigger.py
[2024-08-08T22:17:03.693+0400] {logging_mixin.py:151} INFO - [2024-08-08T22:17:03.693+0400] {dag.py:2915} INFO - Sync 1 DAGs
[2024-08-08T22:17:03.708+0400] {logging_mixin.py:151} INFO - [2024-08-08T22:17:03.707+0400] {dag.py:3696} INFO - Setting next_dagrun for latest_only_with_trigger to 2024-08-08T14:17:03.707703+00:00, run_after=2024-08-08T18:17:03.707703+00:00
[2024-08-08T22:17:03.737+0400] {processor.py:179} INFO - Processing /home/eduardo/airflow_venv/lib/python3.10/site-packages/airflow/example_dags/example_latest_only_with_trigger.py took 0.073 seconds
[2024-08-08T22:17:40.277+0400] {processor.py:157} INFO - Started process (PID=14153) to work on /home/eduardo/airflow_venv/lib/python3.10/site-packages/airflow/example_dags/example_latest_only_with_trigger.py
[2024-08-08T22:17:40.278+0400] {processor.py:829} INFO - Processing file /home/eduardo/airflow_venv/lib/python3.10/site-packages/airflow/example_dags/example_latest_only_with_trigger.py for tasks to queue
[2024-08-08T22:17:40.279+0400] {logging_mixin.py:151} INFO - [2024-08-08T22:17:40.279+0400] {dagbag.py:539} INFO - Filling up the DagBag from /home/eduardo/airflow_venv/lib/python3.10/site-packages/airflow/example_dags/example_latest_only_with_trigger.py
[2024-08-08T22:17:40.284+0400] {processor.py:839} INFO - DAG(s) dict_keys(['latest_only_with_trigger']) retrieved from /home/eduardo/airflow_venv/lib/python3.10/site-packages/airflow/example_dags/example_latest_only_with_trigger.py
[2024-08-08T22:17:40.297+0400] {logging_mixin.py:151} INFO - [2024-08-08T22:17:40.297+0400] {dag.py:2915} INFO - Sync 1 DAGs
[2024-08-08T22:17:40.313+0400] {logging_mixin.py:151} INFO - [2024-08-08T22:17:40.313+0400] {dag.py:3696} INFO - Setting next_dagrun for latest_only_with_trigger to 2024-08-08T14:17:40.313139+00:00, run_after=2024-08-08T18:17:40.313139+00:00
[2024-08-08T22:17:40.341+0400] {processor.py:179} INFO - Processing /home/eduardo/airflow_venv/lib/python3.10/site-packages/airflow/example_dags/example_latest_only_with_trigger.py took 0.067 seconds
[2024-08-08T22:18:14.394+0400] {processor.py:157} INFO - Started process (PID=14424) to work on /home/eduardo/airflow_venv/lib/python3.10/site-packages/airflow/example_dags/example_latest_only_with_trigger.py
[2024-08-08T22:18:14.396+0400] {processor.py:829} INFO - Processing file /home/eduardo/airflow_venv/lib/python3.10/site-packages/airflow/example_dags/example_latest_only_with_trigger.py for tasks to queue
[2024-08-08T22:18:14.397+0400] {logging_mixin.py:151} INFO - [2024-08-08T22:18:14.397+0400] {dagbag.py:539} INFO - Filling up the DagBag from /home/eduardo/airflow_venv/lib/python3.10/site-packages/airflow/example_dags/example_latest_only_with_trigger.py
[2024-08-08T22:18:14.404+0400] {processor.py:839} INFO - DAG(s) dict_keys(['latest_only_with_trigger']) retrieved from /home/eduardo/airflow_venv/lib/python3.10/site-packages/airflow/example_dags/example_latest_only_with_trigger.py
[2024-08-08T22:18:14.421+0400] {logging_mixin.py:151} INFO - [2024-08-08T22:18:14.421+0400] {dag.py:2915} INFO - Sync 1 DAGs
[2024-08-08T22:18:14.441+0400] {logging_mixin.py:151} INFO - [2024-08-08T22:18:14.440+0400] {dag.py:3696} INFO - Setting next_dagrun for latest_only_with_trigger to 2024-08-08T14:18:14.440592+00:00, run_after=2024-08-08T18:18:14.440592+00:00
[2024-08-08T22:18:14.475+0400] {processor.py:179} INFO - Processing /home/eduardo/airflow_venv/lib/python3.10/site-packages/airflow/example_dags/example_latest_only_with_trigger.py took 0.085 seconds
[2024-08-08T22:18:50.599+0400] {processor.py:157} INFO - Started process (PID=14700) to work on /home/eduardo/airflow_venv/lib/python3.10/site-packages/airflow/example_dags/example_latest_only_with_trigger.py
[2024-08-08T22:18:50.601+0400] {processor.py:829} INFO - Processing file /home/eduardo/airflow_venv/lib/python3.10/site-packages/airflow/example_dags/example_latest_only_with_trigger.py for tasks to queue
[2024-08-08T22:18:50.601+0400] {logging_mixin.py:151} INFO - [2024-08-08T22:18:50.601+0400] {dagbag.py:539} INFO - Filling up the DagBag from /home/eduardo/airflow_venv/lib/python3.10/site-packages/airflow/example_dags/example_latest_only_with_trigger.py
[2024-08-08T22:18:50.608+0400] {processor.py:839} INFO - DAG(s) dict_keys(['latest_only_with_trigger']) retrieved from /home/eduardo/airflow_venv/lib/python3.10/site-packages/airflow/example_dags/example_latest_only_with_trigger.py
[2024-08-08T22:18:50.622+0400] {logging_mixin.py:151} INFO - [2024-08-08T22:18:50.622+0400] {dag.py:2915} INFO - Sync 1 DAGs
[2024-08-08T22:18:50.642+0400] {logging_mixin.py:151} INFO - [2024-08-08T22:18:50.642+0400] {dag.py:3696} INFO - Setting next_dagrun for latest_only_with_trigger to 2024-08-08T14:18:50.642082+00:00, run_after=2024-08-08T18:18:50.642082+00:00
[2024-08-08T22:18:50.676+0400] {processor.py:179} INFO - Processing /home/eduardo/airflow_venv/lib/python3.10/site-packages/airflow/example_dags/example_latest_only_with_trigger.py took 0.080 seconds
[2024-08-08T22:19:26.893+0400] {processor.py:157} INFO - Started process (PID=14988) to work on /home/eduardo/airflow_venv/lib/python3.10/site-packages/airflow/example_dags/example_latest_only_with_trigger.py
[2024-08-08T22:19:26.894+0400] {processor.py:829} INFO - Processing file /home/eduardo/airflow_venv/lib/python3.10/site-packages/airflow/example_dags/example_latest_only_with_trigger.py for tasks to queue
[2024-08-08T22:19:26.895+0400] {logging_mixin.py:151} INFO - [2024-08-08T22:19:26.895+0400] {dagbag.py:539} INFO - Filling up the DagBag from /home/eduardo/airflow_venv/lib/python3.10/site-packages/airflow/example_dags/example_latest_only_with_trigger.py
[2024-08-08T22:19:26.906+0400] {processor.py:839} INFO - DAG(s) dict_keys(['latest_only_with_trigger']) retrieved from /home/eduardo/airflow_venv/lib/python3.10/site-packages/airflow/example_dags/example_latest_only_with_trigger.py
[2024-08-08T22:19:26.931+0400] {logging_mixin.py:151} INFO - [2024-08-08T22:19:26.931+0400] {dag.py:2915} INFO - Sync 1 DAGs
[2024-08-08T22:19:26.960+0400] {logging_mixin.py:151} INFO - [2024-08-08T22:19:26.960+0400] {dag.py:3696} INFO - Setting next_dagrun for latest_only_with_trigger to 2024-08-08T14:19:26.959833+00:00, run_after=2024-08-08T18:19:26.959833+00:00
[2024-08-08T22:19:27.002+0400] {processor.py:179} INFO - Processing /home/eduardo/airflow_venv/lib/python3.10/site-packages/airflow/example_dags/example_latest_only_with_trigger.py took 0.112 seconds
[2024-08-08T22:20:16.049+0400] {processor.py:157} INFO - Started process (PID=15392) to work on /home/eduardo/airflow_venv/lib/python3.10/site-packages/airflow/example_dags/example_latest_only_with_trigger.py
[2024-08-08T22:20:16.053+0400] {processor.py:829} INFO - Processing file /home/eduardo/airflow_venv/lib/python3.10/site-packages/airflow/example_dags/example_latest_only_with_trigger.py for tasks to queue
[2024-08-08T22:20:16.054+0400] {logging_mixin.py:151} INFO - [2024-08-08T22:20:16.054+0400] {dagbag.py:539} INFO - Filling up the DagBag from /home/eduardo/airflow_venv/lib/python3.10/site-packages/airflow/example_dags/example_latest_only_with_trigger.py
[2024-08-08T22:20:16.062+0400] {processor.py:839} INFO - DAG(s) dict_keys(['latest_only_with_trigger']) retrieved from /home/eduardo/airflow_venv/lib/python3.10/site-packages/airflow/example_dags/example_latest_only_with_trigger.py
[2024-08-08T22:20:16.079+0400] {logging_mixin.py:151} INFO - [2024-08-08T22:20:16.078+0400] {dag.py:2915} INFO - Sync 1 DAGs
[2024-08-08T22:20:16.096+0400] {logging_mixin.py:151} INFO - [2024-08-08T22:20:16.096+0400] {dag.py:3696} INFO - Setting next_dagrun for latest_only_with_trigger to 2024-08-08T14:20:16.096091+00:00, run_after=2024-08-08T18:20:16.096091+00:00
[2024-08-08T22:20:16.129+0400] {processor.py:179} INFO - Processing /home/eduardo/airflow_venv/lib/python3.10/site-packages/airflow/example_dags/example_latest_only_with_trigger.py took 0.086 seconds
[2024-08-08T22:20:50.349+0400] {processor.py:157} INFO - Started process (PID=15672) to work on /home/eduardo/airflow_venv/lib/python3.10/site-packages/airflow/example_dags/example_latest_only_with_trigger.py
[2024-08-08T22:20:50.352+0400] {processor.py:829} INFO - Processing file /home/eduardo/airflow_venv/lib/python3.10/site-packages/airflow/example_dags/example_latest_only_with_trigger.py for tasks to queue
[2024-08-08T22:20:50.353+0400] {logging_mixin.py:151} INFO - [2024-08-08T22:20:50.353+0400] {dagbag.py:539} INFO - Filling up the DagBag from /home/eduardo/airflow_venv/lib/python3.10/site-packages/airflow/example_dags/example_latest_only_with_trigger.py
[2024-08-08T22:20:50.362+0400] {processor.py:839} INFO - DAG(s) dict_keys(['latest_only_with_trigger']) retrieved from /home/eduardo/airflow_venv/lib/python3.10/site-packages/airflow/example_dags/example_latest_only_with_trigger.py
[2024-08-08T22:20:50.378+0400] {logging_mixin.py:151} INFO - [2024-08-08T22:20:50.378+0400] {dag.py:2915} INFO - Sync 1 DAGs
[2024-08-08T22:20:50.394+0400] {logging_mixin.py:151} INFO - [2024-08-08T22:20:50.394+0400] {dag.py:3696} INFO - Setting next_dagrun for latest_only_with_trigger to 2024-08-08T14:20:50.394317+00:00, run_after=2024-08-08T18:20:50.394317+00:00
[2024-08-08T22:20:50.430+0400] {processor.py:179} INFO - Processing /home/eduardo/airflow_venv/lib/python3.10/site-packages/airflow/example_dags/example_latest_only_with_trigger.py took 0.087 seconds
[2024-08-08T22:21:24.153+0400] {processor.py:157} INFO - Started process (PID=16021) to work on /home/eduardo/airflow_venv/lib/python3.10/site-packages/airflow/example_dags/example_latest_only_with_trigger.py
[2024-08-08T22:21:24.155+0400] {processor.py:829} INFO - Processing file /home/eduardo/airflow_venv/lib/python3.10/site-packages/airflow/example_dags/example_latest_only_with_trigger.py for tasks to queue
[2024-08-08T22:21:24.157+0400] {logging_mixin.py:151} INFO - [2024-08-08T22:21:24.156+0400] {dagbag.py:539} INFO - Filling up the DagBag from /home/eduardo/airflow_venv/lib/python3.10/site-packages/airflow/example_dags/example_latest_only_with_trigger.py
[2024-08-08T22:21:24.165+0400] {processor.py:839} INFO - DAG(s) dict_keys(['latest_only_with_trigger']) retrieved from /home/eduardo/airflow_venv/lib/python3.10/site-packages/airflow/example_dags/example_latest_only_with_trigger.py
[2024-08-08T22:21:24.186+0400] {logging_mixin.py:151} INFO - [2024-08-08T22:21:24.186+0400] {dag.py:2915} INFO - Sync 1 DAGs
[2024-08-08T22:21:24.208+0400] {logging_mixin.py:151} INFO - [2024-08-08T22:21:24.208+0400] {dag.py:3696} INFO - Setting next_dagrun for latest_only_with_trigger to 2024-08-08T14:21:24.207797+00:00, run_after=2024-08-08T18:21:24.207797+00:00
[2024-08-08T22:21:24.239+0400] {processor.py:179} INFO - Processing /home/eduardo/airflow_venv/lib/python3.10/site-packages/airflow/example_dags/example_latest_only_with_trigger.py took 0.090 seconds
[2024-08-08T22:22:01.427+0400] {processor.py:157} INFO - Started process (PID=16336) to work on /home/eduardo/airflow_venv/lib/python3.10/site-packages/airflow/example_dags/example_latest_only_with_trigger.py
[2024-08-08T22:22:01.430+0400] {processor.py:829} INFO - Processing file /home/eduardo/airflow_venv/lib/python3.10/site-packages/airflow/example_dags/example_latest_only_with_trigger.py for tasks to queue
[2024-08-08T22:22:01.431+0400] {logging_mixin.py:151} INFO - [2024-08-08T22:22:01.431+0400] {dagbag.py:539} INFO - Filling up the DagBag from /home/eduardo/airflow_venv/lib/python3.10/site-packages/airflow/example_dags/example_latest_only_with_trigger.py
[2024-08-08T22:22:01.442+0400] {processor.py:839} INFO - DAG(s) dict_keys(['latest_only_with_trigger']) retrieved from /home/eduardo/airflow_venv/lib/python3.10/site-packages/airflow/example_dags/example_latest_only_with_trigger.py
[2024-08-08T22:22:01.461+0400] {logging_mixin.py:151} INFO - [2024-08-08T22:22:01.461+0400] {dag.py:2915} INFO - Sync 1 DAGs
[2024-08-08T22:22:01.476+0400] {logging_mixin.py:151} INFO - [2024-08-08T22:22:01.476+0400] {dag.py:3696} INFO - Setting next_dagrun for latest_only_with_trigger to 2024-08-08T14:22:01.476336+00:00, run_after=2024-08-08T18:22:01.476336+00:00
[2024-08-08T22:22:01.515+0400] {processor.py:179} INFO - Processing /home/eduardo/airflow_venv/lib/python3.10/site-packages/airflow/example_dags/example_latest_only_with_trigger.py took 0.090 seconds
[2024-08-08T22:22:48.748+0400] {processor.py:157} INFO - Started process (PID=16701) to work on /home/eduardo/airflow_venv/lib/python3.10/site-packages/airflow/example_dags/example_latest_only_with_trigger.py
[2024-08-08T22:22:48.751+0400] {processor.py:829} INFO - Processing file /home/eduardo/airflow_venv/lib/python3.10/site-packages/airflow/example_dags/example_latest_only_with_trigger.py for tasks to queue
[2024-08-08T22:22:48.752+0400] {logging_mixin.py:151} INFO - [2024-08-08T22:22:48.752+0400] {dagbag.py:539} INFO - Filling up the DagBag from /home/eduardo/airflow_venv/lib/python3.10/site-packages/airflow/example_dags/example_latest_only_with_trigger.py
[2024-08-08T22:22:48.759+0400] {processor.py:839} INFO - DAG(s) dict_keys(['latest_only_with_trigger']) retrieved from /home/eduardo/airflow_venv/lib/python3.10/site-packages/airflow/example_dags/example_latest_only_with_trigger.py
[2024-08-08T22:22:48.774+0400] {logging_mixin.py:151} INFO - [2024-08-08T22:22:48.774+0400] {dag.py:2915} INFO - Sync 1 DAGs
[2024-08-08T22:22:48.790+0400] {logging_mixin.py:151} INFO - [2024-08-08T22:22:48.790+0400] {dag.py:3696} INFO - Setting next_dagrun for latest_only_with_trigger to 2024-08-08T14:22:48.790421+00:00, run_after=2024-08-08T18:22:48.790421+00:00
[2024-08-08T22:22:48.820+0400] {processor.py:179} INFO - Processing /home/eduardo/airflow_venv/lib/python3.10/site-packages/airflow/example_dags/example_latest_only_with_trigger.py took 0.076 seconds
[2024-08-08T22:23:22.460+0400] {processor.py:157} INFO - Started process (PID=17028) to work on /home/eduardo/airflow_venv/lib/python3.10/site-packages/airflow/example_dags/example_latest_only_with_trigger.py
[2024-08-08T22:23:22.462+0400] {processor.py:829} INFO - Processing file /home/eduardo/airflow_venv/lib/python3.10/site-packages/airflow/example_dags/example_latest_only_with_trigger.py for tasks to queue
[2024-08-08T22:23:22.463+0400] {logging_mixin.py:151} INFO - [2024-08-08T22:23:22.462+0400] {dagbag.py:539} INFO - Filling up the DagBag from /home/eduardo/airflow_venv/lib/python3.10/site-packages/airflow/example_dags/example_latest_only_with_trigger.py
[2024-08-08T22:23:22.472+0400] {processor.py:839} INFO - DAG(s) dict_keys(['latest_only_with_trigger']) retrieved from /home/eduardo/airflow_venv/lib/python3.10/site-packages/airflow/example_dags/example_latest_only_with_trigger.py
[2024-08-08T22:23:22.493+0400] {logging_mixin.py:151} INFO - [2024-08-08T22:23:22.493+0400] {dag.py:2915} INFO - Sync 1 DAGs
[2024-08-08T22:23:22.508+0400] {logging_mixin.py:151} INFO - [2024-08-08T22:23:22.508+0400] {dag.py:3696} INFO - Setting next_dagrun for latest_only_with_trigger to 2024-08-08T14:23:22.507856+00:00, run_after=2024-08-08T18:23:22.507856+00:00
[2024-08-08T22:23:22.539+0400] {processor.py:179} INFO - Processing /home/eduardo/airflow_venv/lib/python3.10/site-packages/airflow/example_dags/example_latest_only_with_trigger.py took 0.083 seconds
