[2024-08-08T20:18:47.932+0400] {processor.py:157} INFO - Started process (PID=6834) to work on /home/eduardo/airflow_venv/lib/python3.10/site-packages/airflow/example_dags/example_sla_dag.py
[2024-08-08T20:18:47.933+0400] {processor.py:829} INFO - Processing file /home/eduardo/airflow_venv/lib/python3.10/site-packages/airflow/example_dags/example_sla_dag.py for tasks to queue
[2024-08-08T20:18:47.933+0400] {logging_mixin.py:151} INFO - [2024-08-08T20:18:47.933+0400] {dagbag.py:539} INFO - Filling up the DagBag from /home/eduardo/airflow_venv/lib/python3.10/site-packages/airflow/example_dags/example_sla_dag.py
[2024-08-08T20:18:47.940+0400] {processor.py:839} INFO - DAG(s) dict_keys(['example_sla_dag']) retrieved from /home/eduardo/airflow_venv/lib/python3.10/site-packages/airflow/example_dags/example_sla_dag.py
[2024-08-08T20:18:48.024+0400] {logging_mixin.py:151} INFO - [2024-08-08T20:18:48.023+0400] {manager.py:499} INFO - Created Permission View: %s
[2024-08-08T20:18:48.041+0400] {logging_mixin.py:151} INFO - [2024-08-08T20:18:48.041+0400] {manager.py:499} INFO - Created Permission View: %s
[2024-08-08T20:18:48.062+0400] {logging_mixin.py:151} INFO - [2024-08-08T20:18:48.062+0400] {manager.py:499} INFO - Created Permission View: %s
[2024-08-08T20:18:48.062+0400] {logging_mixin.py:151} INFO - [2024-08-08T20:18:48.062+0400] {security.py:708} INFO - Not syncing DAG-level permissions for DAG 'DAG:example_sla_dag' as access control is unset.
[2024-08-08T20:18:48.062+0400] {logging_mixin.py:151} INFO - [2024-08-08T20:18:48.062+0400] {dag.py:2915} INFO - Sync 1 DAGs
[2024-08-08T20:18:48.068+0400] {logging_mixin.py:151} INFO - [2024-08-08T20:18:48.068+0400] {dag.py:2937} INFO - Creating ORM DAG for example_sla_dag
[2024-08-08T20:18:48.074+0400] {logging_mixin.py:151} INFO - [2024-08-08T20:18:48.074+0400] {dag.py:3696} INFO - Setting next_dagrun for example_sla_dag to 2024-08-08T16:16:00+00:00, run_after=2024-08-08T16:18:00+00:00
[2024-08-08T20:18:48.106+0400] {processor.py:179} INFO - Processing /home/eduardo/airflow_venv/lib/python3.10/site-packages/airflow/example_dags/example_sla_dag.py took 0.177 seconds
[2024-08-08T20:19:35.927+0400] {processor.py:157} INFO - Started process (PID=6880) to work on /home/eduardo/airflow_venv/lib/python3.10/site-packages/airflow/example_dags/example_sla_dag.py
[2024-08-08T20:19:35.928+0400] {processor.py:829} INFO - Processing file /home/eduardo/airflow_venv/lib/python3.10/site-packages/airflow/example_dags/example_sla_dag.py for tasks to queue
[2024-08-08T20:19:35.929+0400] {logging_mixin.py:151} INFO - [2024-08-08T20:19:35.929+0400] {dagbag.py:539} INFO - Filling up the DagBag from /home/eduardo/airflow_venv/lib/python3.10/site-packages/airflow/example_dags/example_sla_dag.py
[2024-08-08T20:19:35.935+0400] {processor.py:839} INFO - DAG(s) dict_keys(['example_sla_dag']) retrieved from /home/eduardo/airflow_venv/lib/python3.10/site-packages/airflow/example_dags/example_sla_dag.py
[2024-08-08T20:19:35.946+0400] {logging_mixin.py:151} INFO - [2024-08-08T20:19:35.946+0400] {dag.py:2915} INFO - Sync 1 DAGs
[2024-08-08T20:19:35.960+0400] {logging_mixin.py:151} INFO - [2024-08-08T20:19:35.960+0400] {dag.py:3696} INFO - Setting next_dagrun for example_sla_dag to 2024-08-08T16:16:00+00:00, run_after=2024-08-08T16:18:00+00:00
[2024-08-08T20:19:35.989+0400] {processor.py:179} INFO - Processing /home/eduardo/airflow_venv/lib/python3.10/site-packages/airflow/example_dags/example_sla_dag.py took 0.064 seconds
[2024-08-08T20:20:17.372+0400] {processor.py:157} INFO - Started process (PID=6928) to work on /home/eduardo/airflow_venv/lib/python3.10/site-packages/airflow/example_dags/example_sla_dag.py
[2024-08-08T20:20:17.373+0400] {processor.py:829} INFO - Processing file /home/eduardo/airflow_venv/lib/python3.10/site-packages/airflow/example_dags/example_sla_dag.py for tasks to queue
[2024-08-08T20:20:17.374+0400] {logging_mixin.py:151} INFO - [2024-08-08T20:20:17.373+0400] {dagbag.py:539} INFO - Filling up the DagBag from /home/eduardo/airflow_venv/lib/python3.10/site-packages/airflow/example_dags/example_sla_dag.py
[2024-08-08T20:20:17.380+0400] {processor.py:839} INFO - DAG(s) dict_keys(['example_sla_dag']) retrieved from /home/eduardo/airflow_venv/lib/python3.10/site-packages/airflow/example_dags/example_sla_dag.py
[2024-08-08T20:20:17.394+0400] {logging_mixin.py:151} INFO - [2024-08-08T20:20:17.394+0400] {dag.py:2915} INFO - Sync 1 DAGs
[2024-08-08T20:20:17.407+0400] {logging_mixin.py:151} INFO - [2024-08-08T20:20:17.407+0400] {dag.py:3696} INFO - Setting next_dagrun for example_sla_dag to 2024-08-08T16:18:00+00:00, run_after=2024-08-08T16:20:00+00:00
[2024-08-08T20:20:17.430+0400] {processor.py:179} INFO - Processing /home/eduardo/airflow_venv/lib/python3.10/site-packages/airflow/example_dags/example_sla_dag.py took 0.060 seconds
[2024-08-08T20:21:02.500+0400] {processor.py:157} INFO - Started process (PID=6974) to work on /home/eduardo/airflow_venv/lib/python3.10/site-packages/airflow/example_dags/example_sla_dag.py
[2024-08-08T20:21:02.501+0400] {processor.py:829} INFO - Processing file /home/eduardo/airflow_venv/lib/python3.10/site-packages/airflow/example_dags/example_sla_dag.py for tasks to queue
[2024-08-08T20:21:02.502+0400] {logging_mixin.py:151} INFO - [2024-08-08T20:21:02.502+0400] {dagbag.py:539} INFO - Filling up the DagBag from /home/eduardo/airflow_venv/lib/python3.10/site-packages/airflow/example_dags/example_sla_dag.py
[2024-08-08T20:21:02.508+0400] {processor.py:839} INFO - DAG(s) dict_keys(['example_sla_dag']) retrieved from /home/eduardo/airflow_venv/lib/python3.10/site-packages/airflow/example_dags/example_sla_dag.py
[2024-08-08T20:21:02.520+0400] {logging_mixin.py:151} INFO - [2024-08-08T20:21:02.520+0400] {dag.py:2915} INFO - Sync 1 DAGs
[2024-08-08T20:21:02.536+0400] {logging_mixin.py:151} INFO - [2024-08-08T20:21:02.536+0400] {dag.py:3696} INFO - Setting next_dagrun for example_sla_dag to 2024-08-08T16:18:00+00:00, run_after=2024-08-08T16:20:00+00:00
[2024-08-08T20:21:02.565+0400] {processor.py:179} INFO - Processing /home/eduardo/airflow_venv/lib/python3.10/site-packages/airflow/example_dags/example_sla_dag.py took 0.067 seconds
[2024-08-08T20:21:45.763+0400] {processor.py:157} INFO - Started process (PID=7020) to work on /home/eduardo/airflow_venv/lib/python3.10/site-packages/airflow/example_dags/example_sla_dag.py
[2024-08-08T20:21:45.764+0400] {processor.py:829} INFO - Processing file /home/eduardo/airflow_venv/lib/python3.10/site-packages/airflow/example_dags/example_sla_dag.py for tasks to queue
[2024-08-08T20:21:45.765+0400] {logging_mixin.py:151} INFO - [2024-08-08T20:21:45.765+0400] {dagbag.py:539} INFO - Filling up the DagBag from /home/eduardo/airflow_venv/lib/python3.10/site-packages/airflow/example_dags/example_sla_dag.py
[2024-08-08T20:21:45.772+0400] {processor.py:839} INFO - DAG(s) dict_keys(['example_sla_dag']) retrieved from /home/eduardo/airflow_venv/lib/python3.10/site-packages/airflow/example_dags/example_sla_dag.py
[2024-08-08T20:21:45.784+0400] {logging_mixin.py:151} INFO - [2024-08-08T20:21:45.784+0400] {dag.py:2915} INFO - Sync 1 DAGs
[2024-08-08T20:21:45.799+0400] {logging_mixin.py:151} INFO - [2024-08-08T20:21:45.799+0400] {dag.py:3696} INFO - Setting next_dagrun for example_sla_dag to 2024-08-08T16:18:00+00:00, run_after=2024-08-08T16:20:00+00:00
[2024-08-08T20:21:45.832+0400] {processor.py:179} INFO - Processing /home/eduardo/airflow_venv/lib/python3.10/site-packages/airflow/example_dags/example_sla_dag.py took 0.070 seconds
[2024-08-08T20:22:30.115+0400] {processor.py:157} INFO - Started process (PID=7066) to work on /home/eduardo/airflow_venv/lib/python3.10/site-packages/airflow/example_dags/example_sla_dag.py
[2024-08-08T20:22:30.117+0400] {processor.py:829} INFO - Processing file /home/eduardo/airflow_venv/lib/python3.10/site-packages/airflow/example_dags/example_sla_dag.py for tasks to queue
[2024-08-08T20:22:30.117+0400] {logging_mixin.py:151} INFO - [2024-08-08T20:22:30.117+0400] {dagbag.py:539} INFO - Filling up the DagBag from /home/eduardo/airflow_venv/lib/python3.10/site-packages/airflow/example_dags/example_sla_dag.py
[2024-08-08T20:22:30.124+0400] {processor.py:839} INFO - DAG(s) dict_keys(['example_sla_dag']) retrieved from /home/eduardo/airflow_venv/lib/python3.10/site-packages/airflow/example_dags/example_sla_dag.py
[2024-08-08T20:22:30.135+0400] {logging_mixin.py:151} INFO - [2024-08-08T20:22:30.135+0400] {dag.py:2915} INFO - Sync 1 DAGs
[2024-08-08T20:22:30.149+0400] {logging_mixin.py:151} INFO - [2024-08-08T20:22:30.149+0400] {dag.py:3696} INFO - Setting next_dagrun for example_sla_dag to 2024-08-08T16:20:00+00:00, run_after=2024-08-08T16:22:00+00:00
[2024-08-08T20:22:30.177+0400] {processor.py:179} INFO - Processing /home/eduardo/airflow_venv/lib/python3.10/site-packages/airflow/example_dags/example_sla_dag.py took 0.064 seconds
[2024-08-08T20:23:15.119+0400] {processor.py:157} INFO - Started process (PID=7133) to work on /home/eduardo/airflow_venv/lib/python3.10/site-packages/airflow/example_dags/example_sla_dag.py
[2024-08-08T20:23:15.120+0400] {processor.py:829} INFO - Processing file /home/eduardo/airflow_venv/lib/python3.10/site-packages/airflow/example_dags/example_sla_dag.py for tasks to queue
[2024-08-08T20:23:15.121+0400] {logging_mixin.py:151} INFO - [2024-08-08T20:23:15.121+0400] {dagbag.py:539} INFO - Filling up the DagBag from /home/eduardo/airflow_venv/lib/python3.10/site-packages/airflow/example_dags/example_sla_dag.py
[2024-08-08T20:23:15.126+0400] {processor.py:839} INFO - DAG(s) dict_keys(['example_sla_dag']) retrieved from /home/eduardo/airflow_venv/lib/python3.10/site-packages/airflow/example_dags/example_sla_dag.py
[2024-08-08T20:23:15.136+0400] {logging_mixin.py:151} INFO - [2024-08-08T20:23:15.135+0400] {dag.py:2915} INFO - Sync 1 DAGs
[2024-08-08T20:23:15.149+0400] {logging_mixin.py:151} INFO - [2024-08-08T20:23:15.149+0400] {dag.py:3696} INFO - Setting next_dagrun for example_sla_dag to 2024-08-08T16:20:00+00:00, run_after=2024-08-08T16:22:00+00:00
[2024-08-08T20:23:15.174+0400] {processor.py:179} INFO - Processing /home/eduardo/airflow_venv/lib/python3.10/site-packages/airflow/example_dags/example_sla_dag.py took 0.057 seconds
[2024-08-08T20:23:59.466+0400] {processor.py:157} INFO - Started process (PID=7179) to work on /home/eduardo/airflow_venv/lib/python3.10/site-packages/airflow/example_dags/example_sla_dag.py
[2024-08-08T20:23:59.468+0400] {processor.py:829} INFO - Processing file /home/eduardo/airflow_venv/lib/python3.10/site-packages/airflow/example_dags/example_sla_dag.py for tasks to queue
[2024-08-08T20:23:59.469+0400] {logging_mixin.py:151} INFO - [2024-08-08T20:23:59.469+0400] {dagbag.py:539} INFO - Filling up the DagBag from /home/eduardo/airflow_venv/lib/python3.10/site-packages/airflow/example_dags/example_sla_dag.py
[2024-08-08T20:23:59.475+0400] {processor.py:839} INFO - DAG(s) dict_keys(['example_sla_dag']) retrieved from /home/eduardo/airflow_venv/lib/python3.10/site-packages/airflow/example_dags/example_sla_dag.py
[2024-08-08T20:23:59.486+0400] {logging_mixin.py:151} INFO - [2024-08-08T20:23:59.485+0400] {dag.py:2915} INFO - Sync 1 DAGs
[2024-08-08T20:23:59.500+0400] {logging_mixin.py:151} INFO - [2024-08-08T20:23:59.499+0400] {dag.py:3696} INFO - Setting next_dagrun for example_sla_dag to 2024-08-08T16:20:00+00:00, run_after=2024-08-08T16:22:00+00:00
[2024-08-08T20:23:59.529+0400] {processor.py:179} INFO - Processing /home/eduardo/airflow_venv/lib/python3.10/site-packages/airflow/example_dags/example_sla_dag.py took 0.065 seconds
[2024-08-08T20:24:44.796+0400] {processor.py:157} INFO - Started process (PID=7235) to work on /home/eduardo/airflow_venv/lib/python3.10/site-packages/airflow/example_dags/example_sla_dag.py
[2024-08-08T20:24:44.797+0400] {processor.py:829} INFO - Processing file /home/eduardo/airflow_venv/lib/python3.10/site-packages/airflow/example_dags/example_sla_dag.py for tasks to queue
[2024-08-08T20:24:44.798+0400] {logging_mixin.py:151} INFO - [2024-08-08T20:24:44.798+0400] {dagbag.py:539} INFO - Filling up the DagBag from /home/eduardo/airflow_venv/lib/python3.10/site-packages/airflow/example_dags/example_sla_dag.py
[2024-08-08T20:24:44.805+0400] {processor.py:839} INFO - DAG(s) dict_keys(['example_sla_dag']) retrieved from /home/eduardo/airflow_venv/lib/python3.10/site-packages/airflow/example_dags/example_sla_dag.py
[2024-08-08T20:24:44.816+0400] {logging_mixin.py:151} INFO - [2024-08-08T20:24:44.816+0400] {dag.py:2915} INFO - Sync 1 DAGs
[2024-08-08T20:24:44.831+0400] {logging_mixin.py:151} INFO - [2024-08-08T20:24:44.831+0400] {dag.py:3696} INFO - Setting next_dagrun for example_sla_dag to 2024-08-08T16:22:00+00:00, run_after=2024-08-08T16:24:00+00:00
[2024-08-08T20:24:44.862+0400] {processor.py:179} INFO - Processing /home/eduardo/airflow_venv/lib/python3.10/site-packages/airflow/example_dags/example_sla_dag.py took 0.068 seconds
[2024-08-08T20:25:33.431+0400] {processor.py:157} INFO - Started process (PID=7285) to work on /home/eduardo/airflow_venv/lib/python3.10/site-packages/airflow/example_dags/example_sla_dag.py
[2024-08-08T20:25:33.433+0400] {processor.py:829} INFO - Processing file /home/eduardo/airflow_venv/lib/python3.10/site-packages/airflow/example_dags/example_sla_dag.py for tasks to queue
[2024-08-08T20:25:33.433+0400] {logging_mixin.py:151} INFO - [2024-08-08T20:25:33.433+0400] {dagbag.py:539} INFO - Filling up the DagBag from /home/eduardo/airflow_venv/lib/python3.10/site-packages/airflow/example_dags/example_sla_dag.py
[2024-08-08T20:25:33.441+0400] {processor.py:839} INFO - DAG(s) dict_keys(['example_sla_dag']) retrieved from /home/eduardo/airflow_venv/lib/python3.10/site-packages/airflow/example_dags/example_sla_dag.py
[2024-08-08T20:25:33.453+0400] {logging_mixin.py:151} INFO - [2024-08-08T20:25:33.453+0400] {dag.py:2915} INFO - Sync 1 DAGs
[2024-08-08T20:25:33.468+0400] {logging_mixin.py:151} INFO - [2024-08-08T20:25:33.467+0400] {dag.py:3696} INFO - Setting next_dagrun for example_sla_dag to 2024-08-08T16:22:00+00:00, run_after=2024-08-08T16:24:00+00:00
[2024-08-08T20:25:33.494+0400] {processor.py:179} INFO - Processing /home/eduardo/airflow_venv/lib/python3.10/site-packages/airflow/example_dags/example_sla_dag.py took 0.065 seconds
[2024-08-08T22:09:59.895+0400] {processor.py:157} INFO - Started process (PID=9729) to work on /home/eduardo/airflow_venv/lib/python3.10/site-packages/airflow/example_dags/example_sla_dag.py
[2024-08-08T22:09:59.897+0400] {processor.py:829} INFO - Processing file /home/eduardo/airflow_venv/lib/python3.10/site-packages/airflow/example_dags/example_sla_dag.py for tasks to queue
[2024-08-08T22:09:59.898+0400] {logging_mixin.py:151} INFO - [2024-08-08T22:09:59.898+0400] {dagbag.py:539} INFO - Filling up the DagBag from /home/eduardo/airflow_venv/lib/python3.10/site-packages/airflow/example_dags/example_sla_dag.py
[2024-08-08T22:09:59.916+0400] {processor.py:839} INFO - DAG(s) dict_keys(['example_sla_dag']) retrieved from /home/eduardo/airflow_venv/lib/python3.10/site-packages/airflow/example_dags/example_sla_dag.py
[2024-08-08T22:09:59.938+0400] {logging_mixin.py:151} INFO - [2024-08-08T22:09:59.938+0400] {dag.py:2915} INFO - Sync 1 DAGs
[2024-08-08T22:09:59.965+0400] {logging_mixin.py:151} INFO - [2024-08-08T22:09:59.965+0400] {dag.py:3696} INFO - Setting next_dagrun for example_sla_dag to 2024-08-08T18:06:00+00:00, run_after=2024-08-08T18:08:00+00:00
[2024-08-08T22:10:00.007+0400] {processor.py:179} INFO - Processing /home/eduardo/airflow_venv/lib/python3.10/site-packages/airflow/example_dags/example_sla_dag.py took 0.117 seconds
[2024-08-08T22:10:46.714+0400] {processor.py:157} INFO - Started process (PID=10202) to work on /home/eduardo/airflow_venv/lib/python3.10/site-packages/airflow/example_dags/example_sla_dag.py
[2024-08-08T22:10:46.715+0400] {processor.py:829} INFO - Processing file /home/eduardo/airflow_venv/lib/python3.10/site-packages/airflow/example_dags/example_sla_dag.py for tasks to queue
[2024-08-08T22:10:46.716+0400] {logging_mixin.py:151} INFO - [2024-08-08T22:10:46.716+0400] {dagbag.py:539} INFO - Filling up the DagBag from /home/eduardo/airflow_venv/lib/python3.10/site-packages/airflow/example_dags/example_sla_dag.py
[2024-08-08T22:10:46.729+0400] {processor.py:839} INFO - DAG(s) dict_keys(['example_sla_dag']) retrieved from /home/eduardo/airflow_venv/lib/python3.10/site-packages/airflow/example_dags/example_sla_dag.py
[2024-08-08T22:10:46.751+0400] {logging_mixin.py:151} INFO - [2024-08-08T22:10:46.750+0400] {dag.py:2915} INFO - Sync 1 DAGs
[2024-08-08T22:10:46.782+0400] {logging_mixin.py:151} INFO - [2024-08-08T22:10:46.782+0400] {dag.py:3696} INFO - Setting next_dagrun for example_sla_dag to 2024-08-08T18:08:00+00:00, run_after=2024-08-08T18:10:00+00:00
[2024-08-08T22:10:46.819+0400] {processor.py:179} INFO - Processing /home/eduardo/airflow_venv/lib/python3.10/site-packages/airflow/example_dags/example_sla_dag.py took 0.109 seconds
[2024-08-08T22:11:38.812+0400] {processor.py:157} INFO - Started process (PID=10769) to work on /home/eduardo/airflow_venv/lib/python3.10/site-packages/airflow/example_dags/example_sla_dag.py
[2024-08-08T22:11:38.815+0400] {processor.py:829} INFO - Processing file /home/eduardo/airflow_venv/lib/python3.10/site-packages/airflow/example_dags/example_sla_dag.py for tasks to queue
[2024-08-08T22:11:38.816+0400] {logging_mixin.py:151} INFO - [2024-08-08T22:11:38.816+0400] {dagbag.py:539} INFO - Filling up the DagBag from /home/eduardo/airflow_venv/lib/python3.10/site-packages/airflow/example_dags/example_sla_dag.py
[2024-08-08T22:11:38.825+0400] {processor.py:839} INFO - DAG(s) dict_keys(['example_sla_dag']) retrieved from /home/eduardo/airflow_venv/lib/python3.10/site-packages/airflow/example_dags/example_sla_dag.py
[2024-08-08T22:11:38.842+0400] {logging_mixin.py:151} INFO - [2024-08-08T22:11:38.842+0400] {dag.py:2915} INFO - Sync 1 DAGs
[2024-08-08T22:11:38.862+0400] {logging_mixin.py:151} INFO - [2024-08-08T22:11:38.862+0400] {dag.py:3696} INFO - Setting next_dagrun for example_sla_dag to 2024-08-08T18:08:00+00:00, run_after=2024-08-08T18:10:00+00:00
[2024-08-08T22:11:38.895+0400] {processor.py:179} INFO - Processing /home/eduardo/airflow_venv/lib/python3.10/site-packages/airflow/example_dags/example_sla_dag.py took 0.089 seconds
[2024-08-08T22:12:29.228+0400] {processor.py:157} INFO - Started process (PID=11159) to work on /home/eduardo/airflow_venv/lib/python3.10/site-packages/airflow/example_dags/example_sla_dag.py
[2024-08-08T22:12:29.231+0400] {processor.py:829} INFO - Processing file /home/eduardo/airflow_venv/lib/python3.10/site-packages/airflow/example_dags/example_sla_dag.py for tasks to queue
[2024-08-08T22:12:29.232+0400] {logging_mixin.py:151} INFO - [2024-08-08T22:12:29.231+0400] {dagbag.py:539} INFO - Filling up the DagBag from /home/eduardo/airflow_venv/lib/python3.10/site-packages/airflow/example_dags/example_sla_dag.py
[2024-08-08T22:12:29.239+0400] {processor.py:839} INFO - DAG(s) dict_keys(['example_sla_dag']) retrieved from /home/eduardo/airflow_venv/lib/python3.10/site-packages/airflow/example_dags/example_sla_dag.py
[2024-08-08T22:12:29.252+0400] {logging_mixin.py:151} INFO - [2024-08-08T22:12:29.252+0400] {dag.py:2915} INFO - Sync 1 DAGs
[2024-08-08T22:12:29.278+0400] {logging_mixin.py:151} INFO - [2024-08-08T22:12:29.278+0400] {dag.py:3696} INFO - Setting next_dagrun for example_sla_dag to 2024-08-08T18:10:00+00:00, run_after=2024-08-08T18:12:00+00:00
[2024-08-08T22:12:29.311+0400] {processor.py:179} INFO - Processing /home/eduardo/airflow_venv/lib/python3.10/site-packages/airflow/example_dags/example_sla_dag.py took 0.087 seconds
[2024-08-08T22:13:16.253+0400] {processor.py:157} INFO - Started process (PID=11528) to work on /home/eduardo/airflow_venv/lib/python3.10/site-packages/airflow/example_dags/example_sla_dag.py
[2024-08-08T22:13:16.257+0400] {processor.py:829} INFO - Processing file /home/eduardo/airflow_venv/lib/python3.10/site-packages/airflow/example_dags/example_sla_dag.py for tasks to queue
[2024-08-08T22:13:16.258+0400] {logging_mixin.py:151} INFO - [2024-08-08T22:13:16.257+0400] {dagbag.py:539} INFO - Filling up the DagBag from /home/eduardo/airflow_venv/lib/python3.10/site-packages/airflow/example_dags/example_sla_dag.py
[2024-08-08T22:13:16.269+0400] {processor.py:839} INFO - DAG(s) dict_keys(['example_sla_dag']) retrieved from /home/eduardo/airflow_venv/lib/python3.10/site-packages/airflow/example_dags/example_sla_dag.py
[2024-08-08T22:13:16.284+0400] {logging_mixin.py:151} INFO - [2024-08-08T22:13:16.284+0400] {dag.py:2915} INFO - Sync 1 DAGs
[2024-08-08T22:13:16.304+0400] {logging_mixin.py:151} INFO - [2024-08-08T22:13:16.304+0400] {dag.py:3696} INFO - Setting next_dagrun for example_sla_dag to 2024-08-08T18:10:00+00:00, run_after=2024-08-08T18:12:00+00:00
[2024-08-08T22:13:16.336+0400] {processor.py:179} INFO - Processing /home/eduardo/airflow_venv/lib/python3.10/site-packages/airflow/example_dags/example_sla_dag.py took 0.086 seconds
[2024-08-08T22:14:01.964+0400] {processor.py:157} INFO - Started process (PID=12049) to work on /home/eduardo/airflow_venv/lib/python3.10/site-packages/airflow/example_dags/example_sla_dag.py
[2024-08-08T22:14:01.967+0400] {processor.py:829} INFO - Processing file /home/eduardo/airflow_venv/lib/python3.10/site-packages/airflow/example_dags/example_sla_dag.py for tasks to queue
[2024-08-08T22:14:01.968+0400] {logging_mixin.py:151} INFO - [2024-08-08T22:14:01.968+0400] {dagbag.py:539} INFO - Filling up the DagBag from /home/eduardo/airflow_venv/lib/python3.10/site-packages/airflow/example_dags/example_sla_dag.py
[2024-08-08T22:14:01.975+0400] {processor.py:839} INFO - DAG(s) dict_keys(['example_sla_dag']) retrieved from /home/eduardo/airflow_venv/lib/python3.10/site-packages/airflow/example_dags/example_sla_dag.py
[2024-08-08T22:14:01.998+0400] {logging_mixin.py:151} INFO - [2024-08-08T22:14:01.997+0400] {dag.py:2915} INFO - Sync 1 DAGs
[2024-08-08T22:14:02.025+0400] {logging_mixin.py:151} INFO - [2024-08-08T22:14:02.025+0400] {dag.py:3696} INFO - Setting next_dagrun for example_sla_dag to 2024-08-08T18:12:00+00:00, run_after=2024-08-08T18:14:00+00:00
[2024-08-08T22:14:02.065+0400] {processor.py:179} INFO - Processing /home/eduardo/airflow_venv/lib/python3.10/site-packages/airflow/example_dags/example_sla_dag.py took 0.104 seconds
[2024-08-08T22:14:53.910+0400] {processor.py:157} INFO - Started process (PID=12574) to work on /home/eduardo/airflow_venv/lib/python3.10/site-packages/airflow/example_dags/example_sla_dag.py
[2024-08-08T22:14:53.913+0400] {processor.py:829} INFO - Processing file /home/eduardo/airflow_venv/lib/python3.10/site-packages/airflow/example_dags/example_sla_dag.py for tasks to queue
[2024-08-08T22:14:53.914+0400] {logging_mixin.py:151} INFO - [2024-08-08T22:14:53.913+0400] {dagbag.py:539} INFO - Filling up the DagBag from /home/eduardo/airflow_venv/lib/python3.10/site-packages/airflow/example_dags/example_sla_dag.py
[2024-08-08T22:14:53.928+0400] {processor.py:839} INFO - DAG(s) dict_keys(['example_sla_dag']) retrieved from /home/eduardo/airflow_venv/lib/python3.10/site-packages/airflow/example_dags/example_sla_dag.py
[2024-08-08T22:14:53.955+0400] {logging_mixin.py:151} INFO - [2024-08-08T22:14:53.955+0400] {dag.py:2915} INFO - Sync 1 DAGs
[2024-08-08T22:14:53.994+0400] {logging_mixin.py:151} INFO - [2024-08-08T22:14:53.994+0400] {dag.py:3696} INFO - Setting next_dagrun for example_sla_dag to 2024-08-08T18:12:00+00:00, run_after=2024-08-08T18:14:00+00:00
[2024-08-08T22:14:54.042+0400] {processor.py:179} INFO - Processing /home/eduardo/airflow_venv/lib/python3.10/site-packages/airflow/example_dags/example_sla_dag.py took 0.136 seconds
[2024-08-08T22:15:45.935+0400] {processor.py:157} INFO - Started process (PID=13066) to work on /home/eduardo/airflow_venv/lib/python3.10/site-packages/airflow/example_dags/example_sla_dag.py
[2024-08-08T22:15:45.940+0400] {processor.py:829} INFO - Processing file /home/eduardo/airflow_venv/lib/python3.10/site-packages/airflow/example_dags/example_sla_dag.py for tasks to queue
[2024-08-08T22:15:45.943+0400] {logging_mixin.py:151} INFO - [2024-08-08T22:15:45.942+0400] {dagbag.py:539} INFO - Filling up the DagBag from /home/eduardo/airflow_venv/lib/python3.10/site-packages/airflow/example_dags/example_sla_dag.py
[2024-08-08T22:15:45.962+0400] {processor.py:839} INFO - DAG(s) dict_keys(['example_sla_dag']) retrieved from /home/eduardo/airflow_venv/lib/python3.10/site-packages/airflow/example_dags/example_sla_dag.py
[2024-08-08T22:15:45.999+0400] {logging_mixin.py:151} INFO - [2024-08-08T22:15:45.999+0400] {dag.py:2915} INFO - Sync 1 DAGs
[2024-08-08T22:15:46.026+0400] {logging_mixin.py:151} INFO - [2024-08-08T22:15:46.026+0400] {dag.py:3696} INFO - Setting next_dagrun for example_sla_dag to 2024-08-08T18:12:00+00:00, run_after=2024-08-08T18:14:00+00:00
[2024-08-08T22:15:46.069+0400] {processor.py:179} INFO - Processing /home/eduardo/airflow_venv/lib/python3.10/site-packages/airflow/example_dags/example_sla_dag.py took 0.141 seconds
[2024-08-08T22:16:35.347+0400] {processor.py:157} INFO - Started process (PID=13445) to work on /home/eduardo/airflow_venv/lib/python3.10/site-packages/airflow/example_dags/example_sla_dag.py
[2024-08-08T22:16:35.350+0400] {processor.py:829} INFO - Processing file /home/eduardo/airflow_venv/lib/python3.10/site-packages/airflow/example_dags/example_sla_dag.py for tasks to queue
[2024-08-08T22:16:35.351+0400] {logging_mixin.py:151} INFO - [2024-08-08T22:16:35.351+0400] {dagbag.py:539} INFO - Filling up the DagBag from /home/eduardo/airflow_venv/lib/python3.10/site-packages/airflow/example_dags/example_sla_dag.py
[2024-08-08T22:16:35.362+0400] {processor.py:839} INFO - DAG(s) dict_keys(['example_sla_dag']) retrieved from /home/eduardo/airflow_venv/lib/python3.10/site-packages/airflow/example_dags/example_sla_dag.py
[2024-08-08T22:16:35.383+0400] {logging_mixin.py:151} INFO - [2024-08-08T22:16:35.383+0400] {dag.py:2915} INFO - Sync 1 DAGs
[2024-08-08T22:16:35.413+0400] {logging_mixin.py:151} INFO - [2024-08-08T22:16:35.413+0400] {dag.py:3696} INFO - Setting next_dagrun for example_sla_dag to 2024-08-08T18:14:00+00:00, run_after=2024-08-08T18:16:00+00:00
[2024-08-08T22:16:35.448+0400] {processor.py:179} INFO - Processing /home/eduardo/airflow_venv/lib/python3.10/site-packages/airflow/example_dags/example_sla_dag.py took 0.104 seconds
[2024-08-08T22:17:29.285+0400] {processor.py:157} INFO - Started process (PID=14070) to work on /home/eduardo/airflow_venv/lib/python3.10/site-packages/airflow/example_dags/example_sla_dag.py
[2024-08-08T22:17:29.287+0400] {processor.py:829} INFO - Processing file /home/eduardo/airflow_venv/lib/python3.10/site-packages/airflow/example_dags/example_sla_dag.py for tasks to queue
[2024-08-08T22:17:29.288+0400] {logging_mixin.py:151} INFO - [2024-08-08T22:17:29.287+0400] {dagbag.py:539} INFO - Filling up the DagBag from /home/eduardo/airflow_venv/lib/python3.10/site-packages/airflow/example_dags/example_sla_dag.py
[2024-08-08T22:17:29.295+0400] {processor.py:839} INFO - DAG(s) dict_keys(['example_sla_dag']) retrieved from /home/eduardo/airflow_venv/lib/python3.10/site-packages/airflow/example_dags/example_sla_dag.py
[2024-08-08T22:17:29.308+0400] {logging_mixin.py:151} INFO - [2024-08-08T22:17:29.308+0400] {dag.py:2915} INFO - Sync 1 DAGs
[2024-08-08T22:17:29.326+0400] {logging_mixin.py:151} INFO - [2024-08-08T22:17:29.326+0400] {dag.py:3696} INFO - Setting next_dagrun for example_sla_dag to 2024-08-08T18:14:00+00:00, run_after=2024-08-08T18:16:00+00:00
[2024-08-08T22:17:29.356+0400] {processor.py:179} INFO - Processing /home/eduardo/airflow_venv/lib/python3.10/site-packages/airflow/example_dags/example_sla_dag.py took 0.074 seconds
[2024-08-08T22:18:20.829+0400] {processor.py:157} INFO - Started process (PID=14473) to work on /home/eduardo/airflow_venv/lib/python3.10/site-packages/airflow/example_dags/example_sla_dag.py
[2024-08-08T22:18:20.832+0400] {processor.py:829} INFO - Processing file /home/eduardo/airflow_venv/lib/python3.10/site-packages/airflow/example_dags/example_sla_dag.py for tasks to queue
[2024-08-08T22:18:20.833+0400] {logging_mixin.py:151} INFO - [2024-08-08T22:18:20.832+0400] {dagbag.py:539} INFO - Filling up the DagBag from /home/eduardo/airflow_venv/lib/python3.10/site-packages/airflow/example_dags/example_sla_dag.py
[2024-08-08T22:18:20.840+0400] {processor.py:839} INFO - DAG(s) dict_keys(['example_sla_dag']) retrieved from /home/eduardo/airflow_venv/lib/python3.10/site-packages/airflow/example_dags/example_sla_dag.py
[2024-08-08T22:18:20.856+0400] {logging_mixin.py:151} INFO - [2024-08-08T22:18:20.855+0400] {dag.py:2915} INFO - Sync 1 DAGs
[2024-08-08T22:18:20.874+0400] {logging_mixin.py:151} INFO - [2024-08-08T22:18:20.874+0400] {dag.py:3696} INFO - Setting next_dagrun for example_sla_dag to 2024-08-08T18:16:00+00:00, run_after=2024-08-08T18:18:00+00:00
[2024-08-08T22:18:20.901+0400] {processor.py:179} INFO - Processing /home/eduardo/airflow_venv/lib/python3.10/site-packages/airflow/example_dags/example_sla_dag.py took 0.075 seconds
[2024-08-08T22:19:16.356+0400] {processor.py:157} INFO - Started process (PID=14906) to work on /home/eduardo/airflow_venv/lib/python3.10/site-packages/airflow/example_dags/example_sla_dag.py
[2024-08-08T22:19:16.359+0400] {processor.py:829} INFO - Processing file /home/eduardo/airflow_venv/lib/python3.10/site-packages/airflow/example_dags/example_sla_dag.py for tasks to queue
[2024-08-08T22:19:16.360+0400] {logging_mixin.py:151} INFO - [2024-08-08T22:19:16.359+0400] {dagbag.py:539} INFO - Filling up the DagBag from /home/eduardo/airflow_venv/lib/python3.10/site-packages/airflow/example_dags/example_sla_dag.py
[2024-08-08T22:19:16.369+0400] {processor.py:839} INFO - DAG(s) dict_keys(['example_sla_dag']) retrieved from /home/eduardo/airflow_venv/lib/python3.10/site-packages/airflow/example_dags/example_sla_dag.py
[2024-08-08T22:19:16.390+0400] {logging_mixin.py:151} INFO - [2024-08-08T22:19:16.390+0400] {dag.py:2915} INFO - Sync 1 DAGs
[2024-08-08T22:19:16.416+0400] {logging_mixin.py:151} INFO - [2024-08-08T22:19:16.415+0400] {dag.py:3696} INFO - Setting next_dagrun for example_sla_dag to 2024-08-08T18:16:00+00:00, run_after=2024-08-08T18:18:00+00:00
[2024-08-08T22:19:16.454+0400] {processor.py:179} INFO - Processing /home/eduardo/airflow_venv/lib/python3.10/site-packages/airflow/example_dags/example_sla_dag.py took 0.103 seconds
[2024-08-08T22:20:03.306+0400] {processor.py:157} INFO - Started process (PID=15295) to work on /home/eduardo/airflow_venv/lib/python3.10/site-packages/airflow/example_dags/example_sla_dag.py
[2024-08-08T22:20:03.309+0400] {processor.py:829} INFO - Processing file /home/eduardo/airflow_venv/lib/python3.10/site-packages/airflow/example_dags/example_sla_dag.py for tasks to queue
[2024-08-08T22:20:03.310+0400] {logging_mixin.py:151} INFO - [2024-08-08T22:20:03.310+0400] {dagbag.py:539} INFO - Filling up the DagBag from /home/eduardo/airflow_venv/lib/python3.10/site-packages/airflow/example_dags/example_sla_dag.py
[2024-08-08T22:20:03.320+0400] {processor.py:839} INFO - DAG(s) dict_keys(['example_sla_dag']) retrieved from /home/eduardo/airflow_venv/lib/python3.10/site-packages/airflow/example_dags/example_sla_dag.py
[2024-08-08T22:20:03.337+0400] {logging_mixin.py:151} INFO - [2024-08-08T22:20:03.337+0400] {dag.py:2915} INFO - Sync 1 DAGs
[2024-08-08T22:20:03.358+0400] {logging_mixin.py:151} INFO - [2024-08-08T22:20:03.358+0400] {dag.py:3696} INFO - Setting next_dagrun for example_sla_dag to 2024-08-08T18:18:00+00:00, run_after=2024-08-08T18:20:00+00:00
[2024-08-08T22:20:03.397+0400] {processor.py:179} INFO - Processing /home/eduardo/airflow_venv/lib/python3.10/site-packages/airflow/example_dags/example_sla_dag.py took 0.094 seconds
[2024-08-08T22:20:54.788+0400] {processor.py:157} INFO - Started process (PID=15736) to work on /home/eduardo/airflow_venv/lib/python3.10/site-packages/airflow/example_dags/example_sla_dag.py
[2024-08-08T22:20:54.789+0400] {processor.py:829} INFO - Processing file /home/eduardo/airflow_venv/lib/python3.10/site-packages/airflow/example_dags/example_sla_dag.py for tasks to queue
[2024-08-08T22:20:54.790+0400] {logging_mixin.py:151} INFO - [2024-08-08T22:20:54.790+0400] {dagbag.py:539} INFO - Filling up the DagBag from /home/eduardo/airflow_venv/lib/python3.10/site-packages/airflow/example_dags/example_sla_dag.py
[2024-08-08T22:20:54.798+0400] {processor.py:839} INFO - DAG(s) dict_keys(['example_sla_dag']) retrieved from /home/eduardo/airflow_venv/lib/python3.10/site-packages/airflow/example_dags/example_sla_dag.py
[2024-08-08T22:20:54.812+0400] {logging_mixin.py:151} INFO - [2024-08-08T22:20:54.812+0400] {dag.py:2915} INFO - Sync 1 DAGs
[2024-08-08T22:20:54.833+0400] {logging_mixin.py:151} INFO - [2024-08-08T22:20:54.833+0400] {dag.py:3696} INFO - Setting next_dagrun for example_sla_dag to 2024-08-08T18:18:00+00:00, run_after=2024-08-08T18:20:00+00:00
[2024-08-08T22:20:54.867+0400] {processor.py:179} INFO - Processing /home/eduardo/airflow_venv/lib/python3.10/site-packages/airflow/example_dags/example_sla_dag.py took 0.083 seconds
[2024-08-08T22:21:48.893+0400] {processor.py:157} INFO - Started process (PID=16239) to work on /home/eduardo/airflow_venv/lib/python3.10/site-packages/airflow/example_dags/example_sla_dag.py
[2024-08-08T22:21:48.896+0400] {processor.py:829} INFO - Processing file /home/eduardo/airflow_venv/lib/python3.10/site-packages/airflow/example_dags/example_sla_dag.py for tasks to queue
[2024-08-08T22:21:48.896+0400] {logging_mixin.py:151} INFO - [2024-08-08T22:21:48.896+0400] {dagbag.py:539} INFO - Filling up the DagBag from /home/eduardo/airflow_venv/lib/python3.10/site-packages/airflow/example_dags/example_sla_dag.py
[2024-08-08T22:21:48.904+0400] {processor.py:839} INFO - DAG(s) dict_keys(['example_sla_dag']) retrieved from /home/eduardo/airflow_venv/lib/python3.10/site-packages/airflow/example_dags/example_sla_dag.py
[2024-08-08T22:21:48.918+0400] {logging_mixin.py:151} INFO - [2024-08-08T22:21:48.917+0400] {dag.py:2915} INFO - Sync 1 DAGs
[2024-08-08T22:21:48.934+0400] {logging_mixin.py:151} INFO - [2024-08-08T22:21:48.933+0400] {dag.py:3696} INFO - Setting next_dagrun for example_sla_dag to 2024-08-08T18:18:00+00:00, run_after=2024-08-08T18:20:00+00:00
[2024-08-08T22:21:48.965+0400] {processor.py:179} INFO - Processing /home/eduardo/airflow_venv/lib/python3.10/site-packages/airflow/example_dags/example_sla_dag.py took 0.074 seconds
[2024-08-08T22:22:38.918+0400] {processor.py:157} INFO - Started process (PID=16629) to work on /home/eduardo/airflow_venv/lib/python3.10/site-packages/airflow/example_dags/example_sla_dag.py
[2024-08-08T22:22:38.921+0400] {processor.py:829} INFO - Processing file /home/eduardo/airflow_venv/lib/python3.10/site-packages/airflow/example_dags/example_sla_dag.py for tasks to queue
[2024-08-08T22:22:38.922+0400] {logging_mixin.py:151} INFO - [2024-08-08T22:22:38.921+0400] {dagbag.py:539} INFO - Filling up the DagBag from /home/eduardo/airflow_venv/lib/python3.10/site-packages/airflow/example_dags/example_sla_dag.py
[2024-08-08T22:22:38.930+0400] {processor.py:839} INFO - DAG(s) dict_keys(['example_sla_dag']) retrieved from /home/eduardo/airflow_venv/lib/python3.10/site-packages/airflow/example_dags/example_sla_dag.py
[2024-08-08T22:22:38.945+0400] {logging_mixin.py:151} INFO - [2024-08-08T22:22:38.945+0400] {dag.py:2915} INFO - Sync 1 DAGs
[2024-08-08T22:22:38.969+0400] {logging_mixin.py:151} INFO - [2024-08-08T22:22:38.969+0400] {dag.py:3696} INFO - Setting next_dagrun for example_sla_dag to 2024-08-08T18:20:00+00:00, run_after=2024-08-08T18:22:00+00:00
[2024-08-08T22:22:39.002+0400] {processor.py:179} INFO - Processing /home/eduardo/airflow_venv/lib/python3.10/site-packages/airflow/example_dags/example_sla_dag.py took 0.088 seconds
[2024-08-08T22:23:30.490+0400] {processor.py:157} INFO - Started process (PID=17118) to work on /home/eduardo/airflow_venv/lib/python3.10/site-packages/airflow/example_dags/example_sla_dag.py
[2024-08-08T22:23:30.493+0400] {processor.py:829} INFO - Processing file /home/eduardo/airflow_venv/lib/python3.10/site-packages/airflow/example_dags/example_sla_dag.py for tasks to queue
[2024-08-08T22:23:30.494+0400] {logging_mixin.py:151} INFO - [2024-08-08T22:23:30.494+0400] {dagbag.py:539} INFO - Filling up the DagBag from /home/eduardo/airflow_venv/lib/python3.10/site-packages/airflow/example_dags/example_sla_dag.py
[2024-08-08T22:23:30.503+0400] {processor.py:839} INFO - DAG(s) dict_keys(['example_sla_dag']) retrieved from /home/eduardo/airflow_venv/lib/python3.10/site-packages/airflow/example_dags/example_sla_dag.py
[2024-08-08T22:23:30.520+0400] {logging_mixin.py:151} INFO - [2024-08-08T22:23:30.519+0400] {dag.py:2915} INFO - Sync 1 DAGs
[2024-08-08T22:23:30.546+0400] {logging_mixin.py:151} INFO - [2024-08-08T22:23:30.546+0400] {dag.py:3696} INFO - Setting next_dagrun for example_sla_dag to 2024-08-08T18:20:00+00:00, run_after=2024-08-08T18:22:00+00:00
[2024-08-08T22:23:30.581+0400] {processor.py:179} INFO - Processing /home/eduardo/airflow_venv/lib/python3.10/site-packages/airflow/example_dags/example_sla_dag.py took 0.094 seconds
