[2024-08-08T20:18:54.217+0400] {processor.py:157} INFO - Started process (PID=6840) to work on /home/eduardo/airflow_venv/lib/python3.10/site-packages/airflow/example_dags/example_branch_labels.py
[2024-08-08T20:18:54.218+0400] {processor.py:829} INFO - Processing file /home/eduardo/airflow_venv/lib/python3.10/site-packages/airflow/example_dags/example_branch_labels.py for tasks to queue
[2024-08-08T20:18:54.218+0400] {logging_mixin.py:151} INFO - [2024-08-08T20:18:54.218+0400] {dagbag.py:539} INFO - Filling up the DagBag from /home/eduardo/airflow_venv/lib/python3.10/site-packages/airflow/example_dags/example_branch_labels.py
[2024-08-08T20:18:54.226+0400] {processor.py:839} INFO - DAG(s) dict_keys(['example_branch_labels']) retrieved from /home/eduardo/airflow_venv/lib/python3.10/site-packages/airflow/example_dags/example_branch_labels.py
[2024-08-08T20:18:54.325+0400] {logging_mixin.py:151} INFO - [2024-08-08T20:18:54.325+0400] {manager.py:499} INFO - Created Permission View: %s
[2024-08-08T20:18:54.345+0400] {logging_mixin.py:151} INFO - [2024-08-08T20:18:54.344+0400] {manager.py:499} INFO - Created Permission View: %s
[2024-08-08T20:18:54.365+0400] {logging_mixin.py:151} INFO - [2024-08-08T20:18:54.364+0400] {manager.py:499} INFO - Created Permission View: %s
[2024-08-08T20:18:54.365+0400] {logging_mixin.py:151} INFO - [2024-08-08T20:18:54.365+0400] {security.py:708} INFO - Not syncing DAG-level permissions for DAG 'DAG:example_branch_labels' as access control is unset.
[2024-08-08T20:18:54.365+0400] {logging_mixin.py:151} INFO - [2024-08-08T20:18:54.365+0400] {dag.py:2915} INFO - Sync 1 DAGs
[2024-08-08T20:18:54.374+0400] {logging_mixin.py:151} INFO - [2024-08-08T20:18:54.374+0400] {dag.py:2937} INFO - Creating ORM DAG for example_branch_labels
[2024-08-08T20:18:54.384+0400] {logging_mixin.py:151} INFO - [2024-08-08T20:18:54.384+0400] {dag.py:3696} INFO - Setting next_dagrun for example_branch_labels to 2024-08-07T00:00:00+00:00, run_after=2024-08-08T00:00:00+00:00
[2024-08-08T20:18:54.416+0400] {processor.py:179} INFO - Processing /home/eduardo/airflow_venv/lib/python3.10/site-packages/airflow/example_dags/example_branch_labels.py took 0.200 seconds
[2024-08-08T20:19:42.197+0400] {processor.py:157} INFO - Started process (PID=6888) to work on /home/eduardo/airflow_venv/lib/python3.10/site-packages/airflow/example_dags/example_branch_labels.py
[2024-08-08T20:19:42.200+0400] {processor.py:829} INFO - Processing file /home/eduardo/airflow_venv/lib/python3.10/site-packages/airflow/example_dags/example_branch_labels.py for tasks to queue
[2024-08-08T20:19:42.200+0400] {logging_mixin.py:151} INFO - [2024-08-08T20:19:42.200+0400] {dagbag.py:539} INFO - Filling up the DagBag from /home/eduardo/airflow_venv/lib/python3.10/site-packages/airflow/example_dags/example_branch_labels.py
[2024-08-08T20:19:42.205+0400] {processor.py:839} INFO - DAG(s) dict_keys(['example_branch_labels']) retrieved from /home/eduardo/airflow_venv/lib/python3.10/site-packages/airflow/example_dags/example_branch_labels.py
[2024-08-08T20:19:42.216+0400] {logging_mixin.py:151} INFO - [2024-08-08T20:19:42.215+0400] {dag.py:2915} INFO - Sync 1 DAGs
[2024-08-08T20:19:42.227+0400] {logging_mixin.py:151} INFO - [2024-08-08T20:19:42.227+0400] {dag.py:3696} INFO - Setting next_dagrun for example_branch_labels to 2024-08-07T00:00:00+00:00, run_after=2024-08-08T00:00:00+00:00
[2024-08-08T20:19:42.252+0400] {processor.py:179} INFO - Processing /home/eduardo/airflow_venv/lib/python3.10/site-packages/airflow/example_dags/example_branch_labels.py took 0.056 seconds
[2024-08-08T20:20:23.387+0400] {processor.py:157} INFO - Started process (PID=6934) to work on /home/eduardo/airflow_venv/lib/python3.10/site-packages/airflow/example_dags/example_branch_labels.py
[2024-08-08T20:20:23.388+0400] {processor.py:829} INFO - Processing file /home/eduardo/airflow_venv/lib/python3.10/site-packages/airflow/example_dags/example_branch_labels.py for tasks to queue
[2024-08-08T20:20:23.389+0400] {logging_mixin.py:151} INFO - [2024-08-08T20:20:23.388+0400] {dagbag.py:539} INFO - Filling up the DagBag from /home/eduardo/airflow_venv/lib/python3.10/site-packages/airflow/example_dags/example_branch_labels.py
[2024-08-08T20:20:23.394+0400] {processor.py:839} INFO - DAG(s) dict_keys(['example_branch_labels']) retrieved from /home/eduardo/airflow_venv/lib/python3.10/site-packages/airflow/example_dags/example_branch_labels.py
[2024-08-08T20:20:23.407+0400] {logging_mixin.py:151} INFO - [2024-08-08T20:20:23.407+0400] {dag.py:2915} INFO - Sync 1 DAGs
[2024-08-08T20:20:23.419+0400] {logging_mixin.py:151} INFO - [2024-08-08T20:20:23.419+0400] {dag.py:3696} INFO - Setting next_dagrun for example_branch_labels to 2024-08-07T00:00:00+00:00, run_after=2024-08-08T00:00:00+00:00
[2024-08-08T20:20:23.446+0400] {processor.py:179} INFO - Processing /home/eduardo/airflow_venv/lib/python3.10/site-packages/airflow/example_dags/example_branch_labels.py took 0.062 seconds
[2024-08-08T20:21:15.375+0400] {processor.py:157} INFO - Started process (PID=6988) to work on /home/eduardo/airflow_venv/lib/python3.10/site-packages/airflow/example_dags/example_branch_labels.py
[2024-08-08T20:21:15.376+0400] {processor.py:829} INFO - Processing file /home/eduardo/airflow_venv/lib/python3.10/site-packages/airflow/example_dags/example_branch_labels.py for tasks to queue
[2024-08-08T20:21:15.377+0400] {logging_mixin.py:151} INFO - [2024-08-08T20:21:15.377+0400] {dagbag.py:539} INFO - Filling up the DagBag from /home/eduardo/airflow_venv/lib/python3.10/site-packages/airflow/example_dags/example_branch_labels.py
[2024-08-08T20:21:15.382+0400] {processor.py:839} INFO - DAG(s) dict_keys(['example_branch_labels']) retrieved from /home/eduardo/airflow_venv/lib/python3.10/site-packages/airflow/example_dags/example_branch_labels.py
[2024-08-08T20:21:15.393+0400] {logging_mixin.py:151} INFO - [2024-08-08T20:21:15.393+0400] {dag.py:2915} INFO - Sync 1 DAGs
[2024-08-08T20:21:15.405+0400] {logging_mixin.py:151} INFO - [2024-08-08T20:21:15.405+0400] {dag.py:3696} INFO - Setting next_dagrun for example_branch_labels to 2024-08-07T00:00:00+00:00, run_after=2024-08-08T00:00:00+00:00
[2024-08-08T20:21:15.434+0400] {processor.py:179} INFO - Processing /home/eduardo/airflow_venv/lib/python3.10/site-packages/airflow/example_dags/example_branch_labels.py took 0.061 seconds
[2024-08-08T20:21:59.725+0400] {processor.py:157} INFO - Started process (PID=7034) to work on /home/eduardo/airflow_venv/lib/python3.10/site-packages/airflow/example_dags/example_branch_labels.py
[2024-08-08T20:21:59.728+0400] {processor.py:829} INFO - Processing file /home/eduardo/airflow_venv/lib/python3.10/site-packages/airflow/example_dags/example_branch_labels.py for tasks to queue
[2024-08-08T20:21:59.728+0400] {logging_mixin.py:151} INFO - [2024-08-08T20:21:59.728+0400] {dagbag.py:539} INFO - Filling up the DagBag from /home/eduardo/airflow_venv/lib/python3.10/site-packages/airflow/example_dags/example_branch_labels.py
[2024-08-08T20:21:59.733+0400] {processor.py:839} INFO - DAG(s) dict_keys(['example_branch_labels']) retrieved from /home/eduardo/airflow_venv/lib/python3.10/site-packages/airflow/example_dags/example_branch_labels.py
[2024-08-08T20:21:59.746+0400] {logging_mixin.py:151} INFO - [2024-08-08T20:21:59.745+0400] {dag.py:2915} INFO - Sync 1 DAGs
[2024-08-08T20:21:59.763+0400] {logging_mixin.py:151} INFO - [2024-08-08T20:21:59.763+0400] {dag.py:3696} INFO - Setting next_dagrun for example_branch_labels to 2024-08-07T00:00:00+00:00, run_after=2024-08-08T00:00:00+00:00
[2024-08-08T20:21:59.791+0400] {processor.py:179} INFO - Processing /home/eduardo/airflow_venv/lib/python3.10/site-packages/airflow/example_dags/example_branch_labels.py took 0.068 seconds
[2024-08-08T20:22:46.261+0400] {processor.py:157} INFO - Started process (PID=7083) to work on /home/eduardo/airflow_venv/lib/python3.10/site-packages/airflow/example_dags/example_branch_labels.py
[2024-08-08T20:22:46.262+0400] {processor.py:829} INFO - Processing file /home/eduardo/airflow_venv/lib/python3.10/site-packages/airflow/example_dags/example_branch_labels.py for tasks to queue
[2024-08-08T20:22:46.262+0400] {logging_mixin.py:151} INFO - [2024-08-08T20:22:46.262+0400] {dagbag.py:539} INFO - Filling up the DagBag from /home/eduardo/airflow_venv/lib/python3.10/site-packages/airflow/example_dags/example_branch_labels.py
[2024-08-08T20:22:46.267+0400] {processor.py:839} INFO - DAG(s) dict_keys(['example_branch_labels']) retrieved from /home/eduardo/airflow_venv/lib/python3.10/site-packages/airflow/example_dags/example_branch_labels.py
[2024-08-08T20:22:46.278+0400] {logging_mixin.py:151} INFO - [2024-08-08T20:22:46.278+0400] {dag.py:2915} INFO - Sync 1 DAGs
[2024-08-08T20:22:46.289+0400] {logging_mixin.py:151} INFO - [2024-08-08T20:22:46.289+0400] {dag.py:3696} INFO - Setting next_dagrun for example_branch_labels to 2024-08-07T00:00:00+00:00, run_after=2024-08-08T00:00:00+00:00
[2024-08-08T20:22:46.318+0400] {processor.py:179} INFO - Processing /home/eduardo/airflow_venv/lib/python3.10/site-packages/airflow/example_dags/example_branch_labels.py took 0.060 seconds
[2024-08-08T20:23:31.454+0400] {processor.py:157} INFO - Started process (PID=7151) to work on /home/eduardo/airflow_venv/lib/python3.10/site-packages/airflow/example_dags/example_branch_labels.py
[2024-08-08T20:23:31.456+0400] {processor.py:829} INFO - Processing file /home/eduardo/airflow_venv/lib/python3.10/site-packages/airflow/example_dags/example_branch_labels.py for tasks to queue
[2024-08-08T20:23:31.457+0400] {logging_mixin.py:151} INFO - [2024-08-08T20:23:31.456+0400] {dagbag.py:539} INFO - Filling up the DagBag from /home/eduardo/airflow_venv/lib/python3.10/site-packages/airflow/example_dags/example_branch_labels.py
[2024-08-08T20:23:31.462+0400] {processor.py:839} INFO - DAG(s) dict_keys(['example_branch_labels']) retrieved from /home/eduardo/airflow_venv/lib/python3.10/site-packages/airflow/example_dags/example_branch_labels.py
[2024-08-08T20:23:31.478+0400] {logging_mixin.py:151} INFO - [2024-08-08T20:23:31.478+0400] {dag.py:2915} INFO - Sync 1 DAGs
[2024-08-08T20:23:31.493+0400] {logging_mixin.py:151} INFO - [2024-08-08T20:23:31.493+0400] {dag.py:3696} INFO - Setting next_dagrun for example_branch_labels to 2024-08-07T00:00:00+00:00, run_after=2024-08-08T00:00:00+00:00
[2024-08-08T20:23:31.520+0400] {processor.py:179} INFO - Processing /home/eduardo/airflow_venv/lib/python3.10/site-packages/airflow/example_dags/example_branch_labels.py took 0.068 seconds
[2024-08-08T20:24:15.765+0400] {processor.py:157} INFO - Started process (PID=7197) to work on /home/eduardo/airflow_venv/lib/python3.10/site-packages/airflow/example_dags/example_branch_labels.py
[2024-08-08T20:24:15.766+0400] {processor.py:829} INFO - Processing file /home/eduardo/airflow_venv/lib/python3.10/site-packages/airflow/example_dags/example_branch_labels.py for tasks to queue
[2024-08-08T20:24:15.766+0400] {logging_mixin.py:151} INFO - [2024-08-08T20:24:15.766+0400] {dagbag.py:539} INFO - Filling up the DagBag from /home/eduardo/airflow_venv/lib/python3.10/site-packages/airflow/example_dags/example_branch_labels.py
[2024-08-08T20:24:15.772+0400] {processor.py:839} INFO - DAG(s) dict_keys(['example_branch_labels']) retrieved from /home/eduardo/airflow_venv/lib/python3.10/site-packages/airflow/example_dags/example_branch_labels.py
[2024-08-08T20:24:15.787+0400] {logging_mixin.py:151} INFO - [2024-08-08T20:24:15.787+0400] {dag.py:2915} INFO - Sync 1 DAGs
[2024-08-08T20:24:15.799+0400] {logging_mixin.py:151} INFO - [2024-08-08T20:24:15.799+0400] {dag.py:3696} INFO - Setting next_dagrun for example_branch_labels to 2024-08-07T00:00:00+00:00, run_after=2024-08-08T00:00:00+00:00
[2024-08-08T20:24:15.824+0400] {processor.py:179} INFO - Processing /home/eduardo/airflow_venv/lib/python3.10/site-packages/airflow/example_dags/example_branch_labels.py took 0.061 seconds
[2024-08-08T20:25:03.126+0400] {processor.py:157} INFO - Started process (PID=7253) to work on /home/eduardo/airflow_venv/lib/python3.10/site-packages/airflow/example_dags/example_branch_labels.py
[2024-08-08T20:25:03.127+0400] {processor.py:829} INFO - Processing file /home/eduardo/airflow_venv/lib/python3.10/site-packages/airflow/example_dags/example_branch_labels.py for tasks to queue
[2024-08-08T20:25:03.128+0400] {logging_mixin.py:151} INFO - [2024-08-08T20:25:03.127+0400] {dagbag.py:539} INFO - Filling up the DagBag from /home/eduardo/airflow_venv/lib/python3.10/site-packages/airflow/example_dags/example_branch_labels.py
[2024-08-08T20:25:03.132+0400] {processor.py:839} INFO - DAG(s) dict_keys(['example_branch_labels']) retrieved from /home/eduardo/airflow_venv/lib/python3.10/site-packages/airflow/example_dags/example_branch_labels.py
[2024-08-08T20:25:03.144+0400] {logging_mixin.py:151} INFO - [2024-08-08T20:25:03.143+0400] {dag.py:2915} INFO - Sync 1 DAGs
[2024-08-08T20:25:03.162+0400] {logging_mixin.py:151} INFO - [2024-08-08T20:25:03.162+0400] {dag.py:3696} INFO - Setting next_dagrun for example_branch_labels to 2024-08-07T00:00:00+00:00, run_after=2024-08-08T00:00:00+00:00
[2024-08-08T20:25:03.189+0400] {processor.py:179} INFO - Processing /home/eduardo/airflow_venv/lib/python3.10/site-packages/airflow/example_dags/example_branch_labels.py took 0.066 seconds
[2024-08-08T20:25:49.006+0400] {processor.py:157} INFO - Started process (PID=7301) to work on /home/eduardo/airflow_venv/lib/python3.10/site-packages/airflow/example_dags/example_branch_labels.py
[2024-08-08T20:25:49.008+0400] {processor.py:829} INFO - Processing file /home/eduardo/airflow_venv/lib/python3.10/site-packages/airflow/example_dags/example_branch_labels.py for tasks to queue
[2024-08-08T20:25:49.009+0400] {logging_mixin.py:151} INFO - [2024-08-08T20:25:49.009+0400] {dagbag.py:539} INFO - Filling up the DagBag from /home/eduardo/airflow_venv/lib/python3.10/site-packages/airflow/example_dags/example_branch_labels.py
[2024-08-08T20:25:49.015+0400] {processor.py:839} INFO - DAG(s) dict_keys(['example_branch_labels']) retrieved from /home/eduardo/airflow_venv/lib/python3.10/site-packages/airflow/example_dags/example_branch_labels.py
[2024-08-08T20:25:49.033+0400] {logging_mixin.py:151} INFO - [2024-08-08T20:25:49.033+0400] {dag.py:2915} INFO - Sync 1 DAGs
[2024-08-08T20:25:49.055+0400] {logging_mixin.py:151} INFO - [2024-08-08T20:25:49.055+0400] {dag.py:3696} INFO - Setting next_dagrun for example_branch_labels to 2024-08-07T00:00:00+00:00, run_after=2024-08-08T00:00:00+00:00
[2024-08-08T20:25:49.085+0400] {processor.py:179} INFO - Processing /home/eduardo/airflow_venv/lib/python3.10/site-packages/airflow/example_dags/example_branch_labels.py took 0.081 seconds
[2024-08-08T22:10:06.335+0400] {processor.py:157} INFO - Started process (PID=9823) to work on /home/eduardo/airflow_venv/lib/python3.10/site-packages/airflow/example_dags/example_branch_labels.py
[2024-08-08T22:10:06.338+0400] {processor.py:829} INFO - Processing file /home/eduardo/airflow_venv/lib/python3.10/site-packages/airflow/example_dags/example_branch_labels.py for tasks to queue
[2024-08-08T22:10:06.338+0400] {logging_mixin.py:151} INFO - [2024-08-08T22:10:06.338+0400] {dagbag.py:539} INFO - Filling up the DagBag from /home/eduardo/airflow_venv/lib/python3.10/site-packages/airflow/example_dags/example_branch_labels.py
[2024-08-08T22:10:06.346+0400] {processor.py:839} INFO - DAG(s) dict_keys(['example_branch_labels']) retrieved from /home/eduardo/airflow_venv/lib/python3.10/site-packages/airflow/example_dags/example_branch_labels.py
[2024-08-08T22:10:06.361+0400] {logging_mixin.py:151} INFO - [2024-08-08T22:10:06.361+0400] {dag.py:2915} INFO - Sync 1 DAGs
[2024-08-08T22:10:06.377+0400] {logging_mixin.py:151} INFO - [2024-08-08T22:10:06.377+0400] {dag.py:3696} INFO - Setting next_dagrun for example_branch_labels to 2024-08-07T00:00:00+00:00, run_after=2024-08-08T00:00:00+00:00
[2024-08-08T22:10:06.413+0400] {processor.py:179} INFO - Processing /home/eduardo/airflow_venv/lib/python3.10/site-packages/airflow/example_dags/example_branch_labels.py took 0.081 seconds
[2024-08-08T22:10:57.168+0400] {processor.py:157} INFO - Started process (PID=10302) to work on /home/eduardo/airflow_venv/lib/python3.10/site-packages/airflow/example_dags/example_branch_labels.py
[2024-08-08T22:10:57.171+0400] {processor.py:829} INFO - Processing file /home/eduardo/airflow_venv/lib/python3.10/site-packages/airflow/example_dags/example_branch_labels.py for tasks to queue
[2024-08-08T22:10:57.173+0400] {logging_mixin.py:151} INFO - [2024-08-08T22:10:57.172+0400] {dagbag.py:539} INFO - Filling up the DagBag from /home/eduardo/airflow_venv/lib/python3.10/site-packages/airflow/example_dags/example_branch_labels.py
[2024-08-08T22:10:57.184+0400] {processor.py:839} INFO - DAG(s) dict_keys(['example_branch_labels']) retrieved from /home/eduardo/airflow_venv/lib/python3.10/site-packages/airflow/example_dags/example_branch_labels.py
[2024-08-08T22:10:57.210+0400] {logging_mixin.py:151} INFO - [2024-08-08T22:10:57.210+0400] {dag.py:2915} INFO - Sync 1 DAGs
[2024-08-08T22:10:57.232+0400] {logging_mixin.py:151} INFO - [2024-08-08T22:10:57.232+0400] {dag.py:3696} INFO - Setting next_dagrun for example_branch_labels to 2024-08-07T00:00:00+00:00, run_after=2024-08-08T00:00:00+00:00
[2024-08-08T22:10:57.269+0400] {processor.py:179} INFO - Processing /home/eduardo/airflow_venv/lib/python3.10/site-packages/airflow/example_dags/example_branch_labels.py took 0.105 seconds
[2024-08-08T22:11:45.164+0400] {processor.py:157} INFO - Started process (PID=10820) to work on /home/eduardo/airflow_venv/lib/python3.10/site-packages/airflow/example_dags/example_branch_labels.py
[2024-08-08T22:11:45.168+0400] {processor.py:829} INFO - Processing file /home/eduardo/airflow_venv/lib/python3.10/site-packages/airflow/example_dags/example_branch_labels.py for tasks to queue
[2024-08-08T22:11:45.168+0400] {logging_mixin.py:151} INFO - [2024-08-08T22:11:45.168+0400] {dagbag.py:539} INFO - Filling up the DagBag from /home/eduardo/airflow_venv/lib/python3.10/site-packages/airflow/example_dags/example_branch_labels.py
[2024-08-08T22:11:45.177+0400] {processor.py:839} INFO - DAG(s) dict_keys(['example_branch_labels']) retrieved from /home/eduardo/airflow_venv/lib/python3.10/site-packages/airflow/example_dags/example_branch_labels.py
[2024-08-08T22:11:45.192+0400] {logging_mixin.py:151} INFO - [2024-08-08T22:11:45.192+0400] {dag.py:2915} INFO - Sync 1 DAGs
[2024-08-08T22:11:45.210+0400] {logging_mixin.py:151} INFO - [2024-08-08T22:11:45.210+0400] {dag.py:3696} INFO - Setting next_dagrun for example_branch_labels to 2024-08-07T00:00:00+00:00, run_after=2024-08-08T00:00:00+00:00
[2024-08-08T22:11:45.244+0400] {processor.py:179} INFO - Processing /home/eduardo/airflow_venv/lib/python3.10/site-packages/airflow/example_dags/example_branch_labels.py took 0.084 seconds
[2024-08-08T22:12:33.751+0400] {processor.py:157} INFO - Started process (PID=11201) to work on /home/eduardo/airflow_venv/lib/python3.10/site-packages/airflow/example_dags/example_branch_labels.py
[2024-08-08T22:12:33.754+0400] {processor.py:829} INFO - Processing file /home/eduardo/airflow_venv/lib/python3.10/site-packages/airflow/example_dags/example_branch_labels.py for tasks to queue
[2024-08-08T22:12:33.755+0400] {logging_mixin.py:151} INFO - [2024-08-08T22:12:33.755+0400] {dagbag.py:539} INFO - Filling up the DagBag from /home/eduardo/airflow_venv/lib/python3.10/site-packages/airflow/example_dags/example_branch_labels.py
[2024-08-08T22:12:33.762+0400] {processor.py:839} INFO - DAG(s) dict_keys(['example_branch_labels']) retrieved from /home/eduardo/airflow_venv/lib/python3.10/site-packages/airflow/example_dags/example_branch_labels.py
[2024-08-08T22:12:33.782+0400] {logging_mixin.py:151} INFO - [2024-08-08T22:12:33.782+0400] {dag.py:2915} INFO - Sync 1 DAGs
[2024-08-08T22:12:33.801+0400] {logging_mixin.py:151} INFO - [2024-08-08T22:12:33.801+0400] {dag.py:3696} INFO - Setting next_dagrun for example_branch_labels to 2024-08-07T00:00:00+00:00, run_after=2024-08-08T00:00:00+00:00
[2024-08-08T22:12:33.837+0400] {processor.py:179} INFO - Processing /home/eduardo/airflow_venv/lib/python3.10/site-packages/airflow/example_dags/example_branch_labels.py took 0.091 seconds
[2024-08-08T22:13:22.270+0400] {processor.py:157} INFO - Started process (PID=11575) to work on /home/eduardo/airflow_venv/lib/python3.10/site-packages/airflow/example_dags/example_branch_labels.py
[2024-08-08T22:13:22.273+0400] {processor.py:829} INFO - Processing file /home/eduardo/airflow_venv/lib/python3.10/site-packages/airflow/example_dags/example_branch_labels.py for tasks to queue
[2024-08-08T22:13:22.273+0400] {logging_mixin.py:151} INFO - [2024-08-08T22:13:22.273+0400] {dagbag.py:539} INFO - Filling up the DagBag from /home/eduardo/airflow_venv/lib/python3.10/site-packages/airflow/example_dags/example_branch_labels.py
[2024-08-08T22:13:22.285+0400] {processor.py:839} INFO - DAG(s) dict_keys(['example_branch_labels']) retrieved from /home/eduardo/airflow_venv/lib/python3.10/site-packages/airflow/example_dags/example_branch_labels.py
[2024-08-08T22:13:22.310+0400] {logging_mixin.py:151} INFO - [2024-08-08T22:13:22.309+0400] {dag.py:2915} INFO - Sync 1 DAGs
[2024-08-08T22:13:22.340+0400] {logging_mixin.py:151} INFO - [2024-08-08T22:13:22.340+0400] {dag.py:3696} INFO - Setting next_dagrun for example_branch_labels to 2024-08-07T00:00:00+00:00, run_after=2024-08-08T00:00:00+00:00
[2024-08-08T22:13:22.378+0400] {processor.py:179} INFO - Processing /home/eduardo/airflow_venv/lib/python3.10/site-packages/airflow/example_dags/example_branch_labels.py took 0.113 seconds
[2024-08-08T22:14:07.138+0400] {processor.py:157} INFO - Started process (PID=12100) to work on /home/eduardo/airflow_venv/lib/python3.10/site-packages/airflow/example_dags/example_branch_labels.py
[2024-08-08T22:14:07.141+0400] {processor.py:829} INFO - Processing file /home/eduardo/airflow_venv/lib/python3.10/site-packages/airflow/example_dags/example_branch_labels.py for tasks to queue
[2024-08-08T22:14:07.143+0400] {logging_mixin.py:151} INFO - [2024-08-08T22:14:07.142+0400] {dagbag.py:539} INFO - Filling up the DagBag from /home/eduardo/airflow_venv/lib/python3.10/site-packages/airflow/example_dags/example_branch_labels.py
[2024-08-08T22:14:07.150+0400] {processor.py:839} INFO - DAG(s) dict_keys(['example_branch_labels']) retrieved from /home/eduardo/airflow_venv/lib/python3.10/site-packages/airflow/example_dags/example_branch_labels.py
[2024-08-08T22:14:07.168+0400] {logging_mixin.py:151} INFO - [2024-08-08T22:14:07.168+0400] {dag.py:2915} INFO - Sync 1 DAGs
[2024-08-08T22:14:07.189+0400] {logging_mixin.py:151} INFO - [2024-08-08T22:14:07.188+0400] {dag.py:3696} INFO - Setting next_dagrun for example_branch_labels to 2024-08-07T00:00:00+00:00, run_after=2024-08-08T00:00:00+00:00
[2024-08-08T22:14:07.227+0400] {processor.py:179} INFO - Processing /home/eduardo/airflow_venv/lib/python3.10/site-packages/airflow/example_dags/example_branch_labels.py took 0.093 seconds
[2024-08-08T22:15:00.438+0400] {processor.py:157} INFO - Started process (PID=12623) to work on /home/eduardo/airflow_venv/lib/python3.10/site-packages/airflow/example_dags/example_branch_labels.py
[2024-08-08T22:15:00.440+0400] {processor.py:829} INFO - Processing file /home/eduardo/airflow_venv/lib/python3.10/site-packages/airflow/example_dags/example_branch_labels.py for tasks to queue
[2024-08-08T22:15:00.441+0400] {logging_mixin.py:151} INFO - [2024-08-08T22:15:00.441+0400] {dagbag.py:539} INFO - Filling up the DagBag from /home/eduardo/airflow_venv/lib/python3.10/site-packages/airflow/example_dags/example_branch_labels.py
[2024-08-08T22:15:00.450+0400] {processor.py:839} INFO - DAG(s) dict_keys(['example_branch_labels']) retrieved from /home/eduardo/airflow_venv/lib/python3.10/site-packages/airflow/example_dags/example_branch_labels.py
[2024-08-08T22:15:00.481+0400] {logging_mixin.py:151} INFO - [2024-08-08T22:15:00.480+0400] {dag.py:2915} INFO - Sync 1 DAGs
[2024-08-08T22:15:00.518+0400] {logging_mixin.py:151} INFO - [2024-08-08T22:15:00.517+0400] {dag.py:3696} INFO - Setting next_dagrun for example_branch_labels to 2024-08-07T00:00:00+00:00, run_after=2024-08-08T00:00:00+00:00
[2024-08-08T22:15:00.561+0400] {processor.py:179} INFO - Processing /home/eduardo/airflow_venv/lib/python3.10/site-packages/airflow/example_dags/example_branch_labels.py took 0.127 seconds
[2024-08-08T22:15:52.245+0400] {processor.py:157} INFO - Started process (PID=13114) to work on /home/eduardo/airflow_venv/lib/python3.10/site-packages/airflow/example_dags/example_branch_labels.py
[2024-08-08T22:15:52.249+0400] {processor.py:829} INFO - Processing file /home/eduardo/airflow_venv/lib/python3.10/site-packages/airflow/example_dags/example_branch_labels.py for tasks to queue
[2024-08-08T22:15:52.250+0400] {logging_mixin.py:151} INFO - [2024-08-08T22:15:52.250+0400] {dagbag.py:539} INFO - Filling up the DagBag from /home/eduardo/airflow_venv/lib/python3.10/site-packages/airflow/example_dags/example_branch_labels.py
[2024-08-08T22:15:52.259+0400] {processor.py:839} INFO - DAG(s) dict_keys(['example_branch_labels']) retrieved from /home/eduardo/airflow_venv/lib/python3.10/site-packages/airflow/example_dags/example_branch_labels.py
[2024-08-08T22:15:52.274+0400] {logging_mixin.py:151} INFO - [2024-08-08T22:15:52.273+0400] {dag.py:2915} INFO - Sync 1 DAGs
[2024-08-08T22:15:52.290+0400] {logging_mixin.py:151} INFO - [2024-08-08T22:15:52.290+0400] {dag.py:3696} INFO - Setting next_dagrun for example_branch_labels to 2024-08-07T00:00:00+00:00, run_after=2024-08-08T00:00:00+00:00
[2024-08-08T22:15:52.324+0400] {processor.py:179} INFO - Processing /home/eduardo/airflow_venv/lib/python3.10/site-packages/airflow/example_dags/example_branch_labels.py took 0.081 seconds
[2024-08-08T22:16:40.612+0400] {processor.py:157} INFO - Started process (PID=13490) to work on /home/eduardo/airflow_venv/lib/python3.10/site-packages/airflow/example_dags/example_branch_labels.py
[2024-08-08T22:16:40.616+0400] {processor.py:829} INFO - Processing file /home/eduardo/airflow_venv/lib/python3.10/site-packages/airflow/example_dags/example_branch_labels.py for tasks to queue
[2024-08-08T22:16:40.616+0400] {logging_mixin.py:151} INFO - [2024-08-08T22:16:40.616+0400] {dagbag.py:539} INFO - Filling up the DagBag from /home/eduardo/airflow_venv/lib/python3.10/site-packages/airflow/example_dags/example_branch_labels.py
[2024-08-08T22:16:40.624+0400] {processor.py:839} INFO - DAG(s) dict_keys(['example_branch_labels']) retrieved from /home/eduardo/airflow_venv/lib/python3.10/site-packages/airflow/example_dags/example_branch_labels.py
[2024-08-08T22:16:40.642+0400] {logging_mixin.py:151} INFO - [2024-08-08T22:16:40.642+0400] {dag.py:2915} INFO - Sync 1 DAGs
[2024-08-08T22:16:40.664+0400] {logging_mixin.py:151} INFO - [2024-08-08T22:16:40.664+0400] {dag.py:3696} INFO - Setting next_dagrun for example_branch_labels to 2024-08-07T00:00:00+00:00, run_after=2024-08-08T00:00:00+00:00
[2024-08-08T22:16:40.701+0400] {processor.py:179} INFO - Processing /home/eduardo/airflow_venv/lib/python3.10/site-packages/airflow/example_dags/example_branch_labels.py took 0.094 seconds
[2024-08-08T22:17:35.097+0400] {processor.py:157} INFO - Started process (PID=14116) to work on /home/eduardo/airflow_venv/lib/python3.10/site-packages/airflow/example_dags/example_branch_labels.py
[2024-08-08T22:17:35.100+0400] {processor.py:829} INFO - Processing file /home/eduardo/airflow_venv/lib/python3.10/site-packages/airflow/example_dags/example_branch_labels.py for tasks to queue
[2024-08-08T22:17:35.101+0400] {logging_mixin.py:151} INFO - [2024-08-08T22:17:35.100+0400] {dagbag.py:539} INFO - Filling up the DagBag from /home/eduardo/airflow_venv/lib/python3.10/site-packages/airflow/example_dags/example_branch_labels.py
[2024-08-08T22:17:35.107+0400] {processor.py:839} INFO - DAG(s) dict_keys(['example_branch_labels']) retrieved from /home/eduardo/airflow_venv/lib/python3.10/site-packages/airflow/example_dags/example_branch_labels.py
[2024-08-08T22:17:35.126+0400] {logging_mixin.py:151} INFO - [2024-08-08T22:17:35.126+0400] {dag.py:2915} INFO - Sync 1 DAGs
[2024-08-08T22:17:35.153+0400] {logging_mixin.py:151} INFO - [2024-08-08T22:17:35.153+0400] {dag.py:3696} INFO - Setting next_dagrun for example_branch_labels to 2024-08-07T00:00:00+00:00, run_after=2024-08-08T00:00:00+00:00
[2024-08-08T22:17:35.194+0400] {processor.py:179} INFO - Processing /home/eduardo/airflow_venv/lib/python3.10/site-packages/airflow/example_dags/example_branch_labels.py took 0.101 seconds
[2024-08-08T22:18:27.149+0400] {processor.py:157} INFO - Started process (PID=14521) to work on /home/eduardo/airflow_venv/lib/python3.10/site-packages/airflow/example_dags/example_branch_labels.py
[2024-08-08T22:18:27.151+0400] {processor.py:829} INFO - Processing file /home/eduardo/airflow_venv/lib/python3.10/site-packages/airflow/example_dags/example_branch_labels.py for tasks to queue
[2024-08-08T22:18:27.152+0400] {logging_mixin.py:151} INFO - [2024-08-08T22:18:27.152+0400] {dagbag.py:539} INFO - Filling up the DagBag from /home/eduardo/airflow_venv/lib/python3.10/site-packages/airflow/example_dags/example_branch_labels.py
[2024-08-08T22:18:27.158+0400] {processor.py:839} INFO - DAG(s) dict_keys(['example_branch_labels']) retrieved from /home/eduardo/airflow_venv/lib/python3.10/site-packages/airflow/example_dags/example_branch_labels.py
[2024-08-08T22:18:27.172+0400] {logging_mixin.py:151} INFO - [2024-08-08T22:18:27.172+0400] {dag.py:2915} INFO - Sync 1 DAGs
[2024-08-08T22:18:27.186+0400] {logging_mixin.py:151} INFO - [2024-08-08T22:18:27.186+0400] {dag.py:3696} INFO - Setting next_dagrun for example_branch_labels to 2024-08-07T00:00:00+00:00, run_after=2024-08-08T00:00:00+00:00
[2024-08-08T22:18:27.214+0400] {processor.py:179} INFO - Processing /home/eduardo/airflow_venv/lib/python3.10/site-packages/airflow/example_dags/example_branch_labels.py took 0.068 seconds
[2024-08-08T22:19:21.632+0400] {processor.py:157} INFO - Started process (PID=14945) to work on /home/eduardo/airflow_venv/lib/python3.10/site-packages/airflow/example_dags/example_branch_labels.py
[2024-08-08T22:19:21.649+0400] {processor.py:829} INFO - Processing file /home/eduardo/airflow_venv/lib/python3.10/site-packages/airflow/example_dags/example_branch_labels.py for tasks to queue
[2024-08-08T22:19:21.650+0400] {logging_mixin.py:151} INFO - [2024-08-08T22:19:21.650+0400] {dagbag.py:539} INFO - Filling up the DagBag from /home/eduardo/airflow_venv/lib/python3.10/site-packages/airflow/example_dags/example_branch_labels.py
[2024-08-08T22:19:21.662+0400] {processor.py:839} INFO - DAG(s) dict_keys(['example_branch_labels']) retrieved from /home/eduardo/airflow_venv/lib/python3.10/site-packages/airflow/example_dags/example_branch_labels.py
[2024-08-08T22:19:21.684+0400] {logging_mixin.py:151} INFO - [2024-08-08T22:19:21.684+0400] {dag.py:2915} INFO - Sync 1 DAGs
[2024-08-08T22:19:21.708+0400] {logging_mixin.py:151} INFO - [2024-08-08T22:19:21.708+0400] {dag.py:3696} INFO - Setting next_dagrun for example_branch_labels to 2024-08-07T00:00:00+00:00, run_after=2024-08-08T00:00:00+00:00
[2024-08-08T22:19:21.739+0400] {processor.py:179} INFO - Processing /home/eduardo/airflow_venv/lib/python3.10/site-packages/airflow/example_dags/example_branch_labels.py took 0.112 seconds
[2024-08-08T22:20:09.555+0400] {processor.py:157} INFO - Started process (PID=15343) to work on /home/eduardo/airflow_venv/lib/python3.10/site-packages/airflow/example_dags/example_branch_labels.py
[2024-08-08T22:20:09.559+0400] {processor.py:829} INFO - Processing file /home/eduardo/airflow_venv/lib/python3.10/site-packages/airflow/example_dags/example_branch_labels.py for tasks to queue
[2024-08-08T22:20:09.560+0400] {logging_mixin.py:151} INFO - [2024-08-08T22:20:09.559+0400] {dagbag.py:539} INFO - Filling up the DagBag from /home/eduardo/airflow_venv/lib/python3.10/site-packages/airflow/example_dags/example_branch_labels.py
[2024-08-08T22:20:09.569+0400] {processor.py:839} INFO - DAG(s) dict_keys(['example_branch_labels']) retrieved from /home/eduardo/airflow_venv/lib/python3.10/site-packages/airflow/example_dags/example_branch_labels.py
[2024-08-08T22:20:09.590+0400] {logging_mixin.py:151} INFO - [2024-08-08T22:20:09.590+0400] {dag.py:2915} INFO - Sync 1 DAGs
[2024-08-08T22:20:09.622+0400] {logging_mixin.py:151} INFO - [2024-08-08T22:20:09.622+0400] {dag.py:3696} INFO - Setting next_dagrun for example_branch_labels to 2024-08-07T00:00:00+00:00, run_after=2024-08-08T00:00:00+00:00
[2024-08-08T22:20:09.672+0400] {processor.py:179} INFO - Processing /home/eduardo/airflow_venv/lib/python3.10/site-packages/airflow/example_dags/example_branch_labels.py took 0.121 seconds
[2024-08-08T22:21:00.458+0400] {processor.py:157} INFO - Started process (PID=15793) to work on /home/eduardo/airflow_venv/lib/python3.10/site-packages/airflow/example_dags/example_branch_labels.py
[2024-08-08T22:21:00.461+0400] {processor.py:829} INFO - Processing file /home/eduardo/airflow_venv/lib/python3.10/site-packages/airflow/example_dags/example_branch_labels.py for tasks to queue
[2024-08-08T22:21:00.462+0400] {logging_mixin.py:151} INFO - [2024-08-08T22:21:00.462+0400] {dagbag.py:539} INFO - Filling up the DagBag from /home/eduardo/airflow_venv/lib/python3.10/site-packages/airflow/example_dags/example_branch_labels.py
[2024-08-08T22:21:00.470+0400] {processor.py:839} INFO - DAG(s) dict_keys(['example_branch_labels']) retrieved from /home/eduardo/airflow_venv/lib/python3.10/site-packages/airflow/example_dags/example_branch_labels.py
[2024-08-08T22:21:00.484+0400] {logging_mixin.py:151} INFO - [2024-08-08T22:21:00.484+0400] {dag.py:2915} INFO - Sync 1 DAGs
[2024-08-08T22:21:00.499+0400] {logging_mixin.py:151} INFO - [2024-08-08T22:21:00.499+0400] {dag.py:3696} INFO - Setting next_dagrun for example_branch_labels to 2024-08-07T00:00:00+00:00, run_after=2024-08-08T00:00:00+00:00
[2024-08-08T22:21:00.526+0400] {processor.py:179} INFO - Processing /home/eduardo/airflow_venv/lib/python3.10/site-packages/airflow/example_dags/example_branch_labels.py took 0.074 seconds
[2024-08-08T22:21:54.556+0400] {processor.py:157} INFO - Started process (PID=16279) to work on /home/eduardo/airflow_venv/lib/python3.10/site-packages/airflow/example_dags/example_branch_labels.py
[2024-08-08T22:21:54.559+0400] {processor.py:829} INFO - Processing file /home/eduardo/airflow_venv/lib/python3.10/site-packages/airflow/example_dags/example_branch_labels.py for tasks to queue
[2024-08-08T22:21:54.560+0400] {logging_mixin.py:151} INFO - [2024-08-08T22:21:54.560+0400] {dagbag.py:539} INFO - Filling up the DagBag from /home/eduardo/airflow_venv/lib/python3.10/site-packages/airflow/example_dags/example_branch_labels.py
[2024-08-08T22:21:54.567+0400] {processor.py:839} INFO - DAG(s) dict_keys(['example_branch_labels']) retrieved from /home/eduardo/airflow_venv/lib/python3.10/site-packages/airflow/example_dags/example_branch_labels.py
[2024-08-08T22:21:54.582+0400] {logging_mixin.py:151} INFO - [2024-08-08T22:21:54.582+0400] {dag.py:2915} INFO - Sync 1 DAGs
[2024-08-08T22:21:54.599+0400] {logging_mixin.py:151} INFO - [2024-08-08T22:21:54.599+0400] {dag.py:3696} INFO - Setting next_dagrun for example_branch_labels to 2024-08-07T00:00:00+00:00, run_after=2024-08-08T00:00:00+00:00
[2024-08-08T22:21:54.629+0400] {processor.py:179} INFO - Processing /home/eduardo/airflow_venv/lib/python3.10/site-packages/airflow/example_dags/example_branch_labels.py took 0.076 seconds
[2024-08-08T22:22:44.917+0400] {processor.py:157} INFO - Started process (PID=16674) to work on /home/eduardo/airflow_venv/lib/python3.10/site-packages/airflow/example_dags/example_branch_labels.py
[2024-08-08T22:22:44.921+0400] {processor.py:829} INFO - Processing file /home/eduardo/airflow_venv/lib/python3.10/site-packages/airflow/example_dags/example_branch_labels.py for tasks to queue
[2024-08-08T22:22:44.922+0400] {logging_mixin.py:151} INFO - [2024-08-08T22:22:44.922+0400] {dagbag.py:539} INFO - Filling up the DagBag from /home/eduardo/airflow_venv/lib/python3.10/site-packages/airflow/example_dags/example_branch_labels.py
[2024-08-08T22:22:44.935+0400] {processor.py:839} INFO - DAG(s) dict_keys(['example_branch_labels']) retrieved from /home/eduardo/airflow_venv/lib/python3.10/site-packages/airflow/example_dags/example_branch_labels.py
[2024-08-08T22:22:44.956+0400] {logging_mixin.py:151} INFO - [2024-08-08T22:22:44.956+0400] {dag.py:2915} INFO - Sync 1 DAGs
[2024-08-08T22:22:44.980+0400] {logging_mixin.py:151} INFO - [2024-08-08T22:22:44.980+0400] {dag.py:3696} INFO - Setting next_dagrun for example_branch_labels to 2024-08-07T00:00:00+00:00, run_after=2024-08-08T00:00:00+00:00
[2024-08-08T22:22:45.012+0400] {processor.py:179} INFO - Processing /home/eduardo/airflow_venv/lib/python3.10/site-packages/airflow/example_dags/example_branch_labels.py took 0.100 seconds
[2024-08-08T22:23:36.832+0400] {processor.py:157} INFO - Started process (PID=17218) to work on /home/eduardo/airflow_venv/lib/python3.10/site-packages/airflow/example_dags/example_branch_labels.py
[2024-08-08T22:23:36.834+0400] {processor.py:829} INFO - Processing file /home/eduardo/airflow_venv/lib/python3.10/site-packages/airflow/example_dags/example_branch_labels.py for tasks to queue
[2024-08-08T22:23:36.835+0400] {logging_mixin.py:151} INFO - [2024-08-08T22:23:36.835+0400] {dagbag.py:539} INFO - Filling up the DagBag from /home/eduardo/airflow_venv/lib/python3.10/site-packages/airflow/example_dags/example_branch_labels.py
[2024-08-08T22:23:36.844+0400] {processor.py:839} INFO - DAG(s) dict_keys(['example_branch_labels']) retrieved from /home/eduardo/airflow_venv/lib/python3.10/site-packages/airflow/example_dags/example_branch_labels.py
[2024-08-08T22:23:36.863+0400] {logging_mixin.py:151} INFO - [2024-08-08T22:23:36.863+0400] {dag.py:2915} INFO - Sync 1 DAGs
[2024-08-08T22:23:36.882+0400] {logging_mixin.py:151} INFO - [2024-08-08T22:23:36.882+0400] {dag.py:3696} INFO - Setting next_dagrun for example_branch_labels to 2024-08-07T00:00:00+00:00, run_after=2024-08-08T00:00:00+00:00
[2024-08-08T22:23:36.913+0400] {processor.py:179} INFO - Processing /home/eduardo/airflow_venv/lib/python3.10/site-packages/airflow/example_dags/example_branch_labels.py took 0.083 seconds
