[2024-08-08T20:18:40.108+0400] {processor.py:157} INFO - Started process (PID=6827) to work on /home/eduardo/airflow_venv/lib/python3.10/site-packages/airflow/example_dags/example_latest_only.py
[2024-08-08T20:18:40.109+0400] {processor.py:829} INFO - Processing file /home/eduardo/airflow_venv/lib/python3.10/site-packages/airflow/example_dags/example_latest_only.py for tasks to queue
[2024-08-08T20:18:40.109+0400] {logging_mixin.py:151} INFO - [2024-08-08T20:18:40.109+0400] {dagbag.py:539} INFO - Filling up the DagBag from /home/eduardo/airflow_venv/lib/python3.10/site-packages/airflow/example_dags/example_latest_only.py
[2024-08-08T20:18:40.114+0400] {processor.py:839} INFO - DAG(s) dict_keys(['latest_only']) retrieved from /home/eduardo/airflow_venv/lib/python3.10/site-packages/airflow/example_dags/example_latest_only.py
[2024-08-08T20:18:40.208+0400] {logging_mixin.py:151} INFO - [2024-08-08T20:18:40.208+0400] {manager.py:499} INFO - Created Permission View: %s
[2024-08-08T20:18:40.236+0400] {logging_mixin.py:151} INFO - [2024-08-08T20:18:40.236+0400] {manager.py:499} INFO - Created Permission View: %s
[2024-08-08T20:18:40.256+0400] {logging_mixin.py:151} INFO - [2024-08-08T20:18:40.256+0400] {manager.py:499} INFO - Created Permission View: %s
[2024-08-08T20:18:40.257+0400] {logging_mixin.py:151} INFO - [2024-08-08T20:18:40.257+0400] {security.py:708} INFO - Not syncing DAG-level permissions for DAG 'DAG:latest_only' as access control is unset.
[2024-08-08T20:18:40.257+0400] {logging_mixin.py:151} INFO - [2024-08-08T20:18:40.257+0400] {dag.py:2915} INFO - Sync 1 DAGs
[2024-08-08T20:18:40.264+0400] {logging_mixin.py:151} INFO - [2024-08-08T20:18:40.264+0400] {dag.py:2937} INFO - Creating ORM DAG for latest_only
[2024-08-08T20:18:40.269+0400] {logging_mixin.py:151} INFO - [2024-08-08T20:18:40.269+0400] {dag.py:3696} INFO - Setting next_dagrun for latest_only to 2024-08-08T12:18:40.269259+00:00, run_after=2024-08-08T16:18:40.269259+00:00
[2024-08-08T20:18:40.292+0400] {processor.py:179} INFO - Processing /home/eduardo/airflow_venv/lib/python3.10/site-packages/airflow/example_dags/example_latest_only.py took 0.186 seconds
[2024-08-08T20:19:28.501+0400] {processor.py:157} INFO - Started process (PID=6873) to work on /home/eduardo/airflow_venv/lib/python3.10/site-packages/airflow/example_dags/example_latest_only.py
[2024-08-08T20:19:28.502+0400] {processor.py:829} INFO - Processing file /home/eduardo/airflow_venv/lib/python3.10/site-packages/airflow/example_dags/example_latest_only.py for tasks to queue
[2024-08-08T20:19:28.503+0400] {logging_mixin.py:151} INFO - [2024-08-08T20:19:28.502+0400] {dagbag.py:539} INFO - Filling up the DagBag from /home/eduardo/airflow_venv/lib/python3.10/site-packages/airflow/example_dags/example_latest_only.py
[2024-08-08T20:19:28.507+0400] {processor.py:839} INFO - DAG(s) dict_keys(['latest_only']) retrieved from /home/eduardo/airflow_venv/lib/python3.10/site-packages/airflow/example_dags/example_latest_only.py
[2024-08-08T20:19:28.516+0400] {logging_mixin.py:151} INFO - [2024-08-08T20:19:28.516+0400] {dag.py:2915} INFO - Sync 1 DAGs
[2024-08-08T20:19:28.527+0400] {logging_mixin.py:151} INFO - [2024-08-08T20:19:28.527+0400] {dag.py:3696} INFO - Setting next_dagrun for latest_only to 2024-08-08T12:19:28.527219+00:00, run_after=2024-08-08T16:19:28.527219+00:00
[2024-08-08T20:19:28.552+0400] {processor.py:179} INFO - Processing /home/eduardo/airflow_venv/lib/python3.10/site-packages/airflow/example_dags/example_latest_only.py took 0.053 seconds
[2024-08-08T20:20:13.095+0400] {processor.py:157} INFO - Started process (PID=6921) to work on /home/eduardo/airflow_venv/lib/python3.10/site-packages/airflow/example_dags/example_latest_only.py
[2024-08-08T20:20:13.096+0400] {processor.py:829} INFO - Processing file /home/eduardo/airflow_venv/lib/python3.10/site-packages/airflow/example_dags/example_latest_only.py for tasks to queue
[2024-08-08T20:20:13.098+0400] {logging_mixin.py:151} INFO - [2024-08-08T20:20:13.097+0400] {dagbag.py:539} INFO - Filling up the DagBag from /home/eduardo/airflow_venv/lib/python3.10/site-packages/airflow/example_dags/example_latest_only.py
[2024-08-08T20:20:13.102+0400] {processor.py:839} INFO - DAG(s) dict_keys(['latest_only']) retrieved from /home/eduardo/airflow_venv/lib/python3.10/site-packages/airflow/example_dags/example_latest_only.py
[2024-08-08T20:20:13.113+0400] {logging_mixin.py:151} INFO - [2024-08-08T20:20:13.113+0400] {dag.py:2915} INFO - Sync 1 DAGs
[2024-08-08T20:20:13.125+0400] {logging_mixin.py:151} INFO - [2024-08-08T20:20:13.125+0400] {dag.py:3696} INFO - Setting next_dagrun for latest_only to 2024-08-08T12:20:13.124933+00:00, run_after=2024-08-08T16:20:13.124933+00:00
[2024-08-08T20:20:13.153+0400] {processor.py:179} INFO - Processing /home/eduardo/airflow_venv/lib/python3.10/site-packages/airflow/example_dags/example_latest_only.py took 0.060 seconds
[2024-08-08T20:20:56.028+0400] {processor.py:157} INFO - Started process (PID=6967) to work on /home/eduardo/airflow_venv/lib/python3.10/site-packages/airflow/example_dags/example_latest_only.py
[2024-08-08T20:20:56.030+0400] {processor.py:829} INFO - Processing file /home/eduardo/airflow_venv/lib/python3.10/site-packages/airflow/example_dags/example_latest_only.py for tasks to queue
[2024-08-08T20:20:56.030+0400] {logging_mixin.py:151} INFO - [2024-08-08T20:20:56.030+0400] {dagbag.py:539} INFO - Filling up the DagBag from /home/eduardo/airflow_venv/lib/python3.10/site-packages/airflow/example_dags/example_latest_only.py
[2024-08-08T20:20:56.034+0400] {processor.py:839} INFO - DAG(s) dict_keys(['latest_only']) retrieved from /home/eduardo/airflow_venv/lib/python3.10/site-packages/airflow/example_dags/example_latest_only.py
[2024-08-08T20:20:56.045+0400] {logging_mixin.py:151} INFO - [2024-08-08T20:20:56.045+0400] {dag.py:2915} INFO - Sync 1 DAGs
[2024-08-08T20:20:56.060+0400] {logging_mixin.py:151} INFO - [2024-08-08T20:20:56.059+0400] {dag.py:3696} INFO - Setting next_dagrun for latest_only to 2024-08-08T12:20:56.059750+00:00, run_after=2024-08-08T16:20:56.059750+00:00
[2024-08-08T20:20:56.091+0400] {processor.py:179} INFO - Processing /home/eduardo/airflow_venv/lib/python3.10/site-packages/airflow/example_dags/example_latest_only.py took 0.066 seconds
[2024-08-08T20:21:38.330+0400] {processor.py:157} INFO - Started process (PID=7013) to work on /home/eduardo/airflow_venv/lib/python3.10/site-packages/airflow/example_dags/example_latest_only.py
[2024-08-08T20:21:38.331+0400] {processor.py:829} INFO - Processing file /home/eduardo/airflow_venv/lib/python3.10/site-packages/airflow/example_dags/example_latest_only.py for tasks to queue
[2024-08-08T20:21:38.332+0400] {logging_mixin.py:151} INFO - [2024-08-08T20:21:38.332+0400] {dagbag.py:539} INFO - Filling up the DagBag from /home/eduardo/airflow_venv/lib/python3.10/site-packages/airflow/example_dags/example_latest_only.py
[2024-08-08T20:21:38.339+0400] {processor.py:839} INFO - DAG(s) dict_keys(['latest_only']) retrieved from /home/eduardo/airflow_venv/lib/python3.10/site-packages/airflow/example_dags/example_latest_only.py
[2024-08-08T20:21:38.352+0400] {logging_mixin.py:151} INFO - [2024-08-08T20:21:38.352+0400] {dag.py:2915} INFO - Sync 1 DAGs
[2024-08-08T20:21:38.370+0400] {logging_mixin.py:151} INFO - [2024-08-08T20:21:38.370+0400] {dag.py:3696} INFO - Setting next_dagrun for latest_only to 2024-08-08T12:21:38.370205+00:00, run_after=2024-08-08T16:21:38.370205+00:00
[2024-08-08T20:21:38.403+0400] {processor.py:179} INFO - Processing /home/eduardo/airflow_venv/lib/python3.10/site-packages/airflow/example_dags/example_latest_only.py took 0.075 seconds
[2024-08-08T20:22:23.379+0400] {processor.py:157} INFO - Started process (PID=7059) to work on /home/eduardo/airflow_venv/lib/python3.10/site-packages/airflow/example_dags/example_latest_only.py
[2024-08-08T20:22:23.380+0400] {processor.py:829} INFO - Processing file /home/eduardo/airflow_venv/lib/python3.10/site-packages/airflow/example_dags/example_latest_only.py for tasks to queue
[2024-08-08T20:22:23.380+0400] {logging_mixin.py:151} INFO - [2024-08-08T20:22:23.380+0400] {dagbag.py:539} INFO - Filling up the DagBag from /home/eduardo/airflow_venv/lib/python3.10/site-packages/airflow/example_dags/example_latest_only.py
[2024-08-08T20:22:23.384+0400] {processor.py:839} INFO - DAG(s) dict_keys(['latest_only']) retrieved from /home/eduardo/airflow_venv/lib/python3.10/site-packages/airflow/example_dags/example_latest_only.py
[2024-08-08T20:22:23.394+0400] {logging_mixin.py:151} INFO - [2024-08-08T20:22:23.394+0400] {dag.py:2915} INFO - Sync 1 DAGs
[2024-08-08T20:22:23.406+0400] {logging_mixin.py:151} INFO - [2024-08-08T20:22:23.406+0400] {dag.py:3696} INFO - Setting next_dagrun for latest_only to 2024-08-08T12:22:23.405901+00:00, run_after=2024-08-08T16:22:23.405901+00:00
[2024-08-08T20:22:23.435+0400] {processor.py:179} INFO - Processing /home/eduardo/airflow_venv/lib/python3.10/site-packages/airflow/example_dags/example_latest_only.py took 0.059 seconds
[2024-08-08T20:23:09.440+0400] {processor.py:157} INFO - Started process (PID=7125) to work on /home/eduardo/airflow_venv/lib/python3.10/site-packages/airflow/example_dags/example_latest_only.py
[2024-08-08T20:23:09.441+0400] {processor.py:829} INFO - Processing file /home/eduardo/airflow_venv/lib/python3.10/site-packages/airflow/example_dags/example_latest_only.py for tasks to queue
[2024-08-08T20:23:09.442+0400] {logging_mixin.py:151} INFO - [2024-08-08T20:23:09.442+0400] {dagbag.py:539} INFO - Filling up the DagBag from /home/eduardo/airflow_venv/lib/python3.10/site-packages/airflow/example_dags/example_latest_only.py
[2024-08-08T20:23:09.448+0400] {processor.py:839} INFO - DAG(s) dict_keys(['latest_only']) retrieved from /home/eduardo/airflow_venv/lib/python3.10/site-packages/airflow/example_dags/example_latest_only.py
[2024-08-08T20:23:09.462+0400] {logging_mixin.py:151} INFO - [2024-08-08T20:23:09.462+0400] {dag.py:2915} INFO - Sync 1 DAGs
[2024-08-08T20:23:09.477+0400] {logging_mixin.py:151} INFO - [2024-08-08T20:23:09.477+0400] {dag.py:3696} INFO - Setting next_dagrun for latest_only to 2024-08-08T12:23:09.477485+00:00, run_after=2024-08-08T16:23:09.477485+00:00
[2024-08-08T20:23:09.504+0400] {processor.py:179} INFO - Processing /home/eduardo/airflow_venv/lib/python3.10/site-packages/airflow/example_dags/example_latest_only.py took 0.067 seconds
[2024-08-08T20:23:52.052+0400] {processor.py:157} INFO - Started process (PID=7172) to work on /home/eduardo/airflow_venv/lib/python3.10/site-packages/airflow/example_dags/example_latest_only.py
[2024-08-08T20:23:52.053+0400] {processor.py:829} INFO - Processing file /home/eduardo/airflow_venv/lib/python3.10/site-packages/airflow/example_dags/example_latest_only.py for tasks to queue
[2024-08-08T20:23:52.054+0400] {logging_mixin.py:151} INFO - [2024-08-08T20:23:52.053+0400] {dagbag.py:539} INFO - Filling up the DagBag from /home/eduardo/airflow_venv/lib/python3.10/site-packages/airflow/example_dags/example_latest_only.py
[2024-08-08T20:23:52.059+0400] {processor.py:839} INFO - DAG(s) dict_keys(['latest_only']) retrieved from /home/eduardo/airflow_venv/lib/python3.10/site-packages/airflow/example_dags/example_latest_only.py
[2024-08-08T20:23:52.072+0400] {logging_mixin.py:151} INFO - [2024-08-08T20:23:52.072+0400] {dag.py:2915} INFO - Sync 1 DAGs
[2024-08-08T20:23:52.091+0400] {logging_mixin.py:151} INFO - [2024-08-08T20:23:52.090+0400] {dag.py:3696} INFO - Setting next_dagrun for latest_only to 2024-08-08T12:23:52.090392+00:00, run_after=2024-08-08T16:23:52.090392+00:00
[2024-08-08T20:23:52.135+0400] {processor.py:179} INFO - Processing /home/eduardo/airflow_venv/lib/python3.10/site-packages/airflow/example_dags/example_latest_only.py took 0.086 seconds
[2024-08-08T20:24:37.370+0400] {processor.py:157} INFO - Started process (PID=7219) to work on /home/eduardo/airflow_venv/lib/python3.10/site-packages/airflow/example_dags/example_latest_only.py
[2024-08-08T20:24:37.371+0400] {processor.py:829} INFO - Processing file /home/eduardo/airflow_venv/lib/python3.10/site-packages/airflow/example_dags/example_latest_only.py for tasks to queue
[2024-08-08T20:24:37.372+0400] {logging_mixin.py:151} INFO - [2024-08-08T20:24:37.372+0400] {dagbag.py:539} INFO - Filling up the DagBag from /home/eduardo/airflow_venv/lib/python3.10/site-packages/airflow/example_dags/example_latest_only.py
[2024-08-08T20:24:37.376+0400] {processor.py:839} INFO - DAG(s) dict_keys(['latest_only']) retrieved from /home/eduardo/airflow_venv/lib/python3.10/site-packages/airflow/example_dags/example_latest_only.py
[2024-08-08T20:24:37.387+0400] {logging_mixin.py:151} INFO - [2024-08-08T20:24:37.387+0400] {dag.py:2915} INFO - Sync 1 DAGs
[2024-08-08T20:24:37.401+0400] {logging_mixin.py:151} INFO - [2024-08-08T20:24:37.401+0400] {dag.py:3696} INFO - Setting next_dagrun for latest_only to 2024-08-08T12:24:37.401010+00:00, run_after=2024-08-08T16:24:37.401010+00:00
[2024-08-08T20:24:37.427+0400] {processor.py:179} INFO - Processing /home/eduardo/airflow_venv/lib/python3.10/site-packages/airflow/example_dags/example_latest_only.py took 0.060 seconds
[2024-08-08T20:25:26.956+0400] {processor.py:157} INFO - Started process (PID=7278) to work on /home/eduardo/airflow_venv/lib/python3.10/site-packages/airflow/example_dags/example_latest_only.py
[2024-08-08T20:25:26.957+0400] {processor.py:829} INFO - Processing file /home/eduardo/airflow_venv/lib/python3.10/site-packages/airflow/example_dags/example_latest_only.py for tasks to queue
[2024-08-08T20:25:26.958+0400] {logging_mixin.py:151} INFO - [2024-08-08T20:25:26.958+0400] {dagbag.py:539} INFO - Filling up the DagBag from /home/eduardo/airflow_venv/lib/python3.10/site-packages/airflow/example_dags/example_latest_only.py
[2024-08-08T20:25:26.963+0400] {processor.py:839} INFO - DAG(s) dict_keys(['latest_only']) retrieved from /home/eduardo/airflow_venv/lib/python3.10/site-packages/airflow/example_dags/example_latest_only.py
[2024-08-08T20:25:26.974+0400] {logging_mixin.py:151} INFO - [2024-08-08T20:25:26.974+0400] {dag.py:2915} INFO - Sync 1 DAGs
[2024-08-08T20:25:26.992+0400] {logging_mixin.py:151} INFO - [2024-08-08T20:25:26.992+0400] {dag.py:3696} INFO - Setting next_dagrun for latest_only to 2024-08-08T12:25:26.992611+00:00, run_after=2024-08-08T16:25:26.992611+00:00
[2024-08-08T20:25:27.017+0400] {processor.py:179} INFO - Processing /home/eduardo/airflow_venv/lib/python3.10/site-packages/airflow/example_dags/example_latest_only.py took 0.063 seconds
[2024-08-08T20:26:11.189+0400] {processor.py:157} INFO - Started process (PID=7324) to work on /home/eduardo/airflow_venv/lib/python3.10/site-packages/airflow/example_dags/example_latest_only.py
[2024-08-08T20:26:11.191+0400] {processor.py:829} INFO - Processing file /home/eduardo/airflow_venv/lib/python3.10/site-packages/airflow/example_dags/example_latest_only.py for tasks to queue
[2024-08-08T20:26:11.192+0400] {logging_mixin.py:151} INFO - [2024-08-08T20:26:11.191+0400] {dagbag.py:539} INFO - Filling up the DagBag from /home/eduardo/airflow_venv/lib/python3.10/site-packages/airflow/example_dags/example_latest_only.py
[2024-08-08T20:26:11.199+0400] {processor.py:839} INFO - DAG(s) dict_keys(['latest_only']) retrieved from /home/eduardo/airflow_venv/lib/python3.10/site-packages/airflow/example_dags/example_latest_only.py
[2024-08-08T20:26:11.224+0400] {logging_mixin.py:151} INFO - [2024-08-08T20:26:11.224+0400] {dag.py:2915} INFO - Sync 1 DAGs
[2024-08-08T20:26:11.249+0400] {logging_mixin.py:151} INFO - [2024-08-08T20:26:11.248+0400] {dag.py:3696} INFO - Setting next_dagrun for latest_only to 2024-08-08T12:26:11.248602+00:00, run_after=2024-08-08T16:26:11.248602+00:00
[2024-08-08T20:26:11.287+0400] {processor.py:179} INFO - Processing /home/eduardo/airflow_venv/lib/python3.10/site-packages/airflow/example_dags/example_latest_only.py took 0.101 seconds
[2024-08-08T22:09:53.119+0400] {processor.py:157} INFO - Started process (PID=9629) to work on /home/eduardo/airflow_venv/lib/python3.10/site-packages/airflow/example_dags/example_latest_only.py
[2024-08-08T22:09:53.122+0400] {processor.py:829} INFO - Processing file /home/eduardo/airflow_venv/lib/python3.10/site-packages/airflow/example_dags/example_latest_only.py for tasks to queue
[2024-08-08T22:09:53.123+0400] {logging_mixin.py:151} INFO - [2024-08-08T22:09:53.123+0400] {dagbag.py:539} INFO - Filling up the DagBag from /home/eduardo/airflow_venv/lib/python3.10/site-packages/airflow/example_dags/example_latest_only.py
[2024-08-08T22:09:53.134+0400] {processor.py:839} INFO - DAG(s) dict_keys(['latest_only']) retrieved from /home/eduardo/airflow_venv/lib/python3.10/site-packages/airflow/example_dags/example_latest_only.py
[2024-08-08T22:09:53.149+0400] {logging_mixin.py:151} INFO - [2024-08-08T22:09:53.149+0400] {dag.py:2915} INFO - Sync 1 DAGs
[2024-08-08T22:09:53.167+0400] {logging_mixin.py:151} INFO - [2024-08-08T22:09:53.167+0400] {dag.py:3696} INFO - Setting next_dagrun for latest_only to 2024-08-08T14:09:53.167041+00:00, run_after=2024-08-08T18:09:53.167041+00:00
[2024-08-08T22:09:53.206+0400] {processor.py:179} INFO - Processing /home/eduardo/airflow_venv/lib/python3.10/site-packages/airflow/example_dags/example_latest_only.py took 0.092 seconds
[2024-08-08T22:10:39.682+0400] {processor.py:157} INFO - Started process (PID=10147) to work on /home/eduardo/airflow_venv/lib/python3.10/site-packages/airflow/example_dags/example_latest_only.py
[2024-08-08T22:10:39.685+0400] {processor.py:829} INFO - Processing file /home/eduardo/airflow_venv/lib/python3.10/site-packages/airflow/example_dags/example_latest_only.py for tasks to queue
[2024-08-08T22:10:39.687+0400] {logging_mixin.py:151} INFO - [2024-08-08T22:10:39.686+0400] {dagbag.py:539} INFO - Filling up the DagBag from /home/eduardo/airflow_venv/lib/python3.10/site-packages/airflow/example_dags/example_latest_only.py
[2024-08-08T22:10:39.695+0400] {processor.py:839} INFO - DAG(s) dict_keys(['latest_only']) retrieved from /home/eduardo/airflow_venv/lib/python3.10/site-packages/airflow/example_dags/example_latest_only.py
[2024-08-08T22:10:39.716+0400] {logging_mixin.py:151} INFO - [2024-08-08T22:10:39.715+0400] {dag.py:2915} INFO - Sync 1 DAGs
[2024-08-08T22:10:39.743+0400] {logging_mixin.py:151} INFO - [2024-08-08T22:10:39.743+0400] {dag.py:3696} INFO - Setting next_dagrun for latest_only to 2024-08-08T14:10:39.743427+00:00, run_after=2024-08-08T18:10:39.743427+00:00
[2024-08-08T22:10:39.785+0400] {processor.py:179} INFO - Processing /home/eduardo/airflow_venv/lib/python3.10/site-packages/airflow/example_dags/example_latest_only.py took 0.106 seconds
[2024-08-08T22:11:28.272+0400] {processor.py:157} INFO - Started process (PID=10655) to work on /home/eduardo/airflow_venv/lib/python3.10/site-packages/airflow/example_dags/example_latest_only.py
[2024-08-08T22:11:28.276+0400] {processor.py:829} INFO - Processing file /home/eduardo/airflow_venv/lib/python3.10/site-packages/airflow/example_dags/example_latest_only.py for tasks to queue
[2024-08-08T22:11:28.277+0400] {logging_mixin.py:151} INFO - [2024-08-08T22:11:28.276+0400] {dagbag.py:539} INFO - Filling up the DagBag from /home/eduardo/airflow_venv/lib/python3.10/site-packages/airflow/example_dags/example_latest_only.py
[2024-08-08T22:11:28.286+0400] {processor.py:839} INFO - DAG(s) dict_keys(['latest_only']) retrieved from /home/eduardo/airflow_venv/lib/python3.10/site-packages/airflow/example_dags/example_latest_only.py
[2024-08-08T22:11:28.300+0400] {logging_mixin.py:151} INFO - [2024-08-08T22:11:28.300+0400] {dag.py:2915} INFO - Sync 1 DAGs
[2024-08-08T22:11:28.318+0400] {logging_mixin.py:151} INFO - [2024-08-08T22:11:28.317+0400] {dag.py:3696} INFO - Setting next_dagrun for latest_only to 2024-08-08T14:11:28.317737+00:00, run_after=2024-08-08T18:11:28.317737+00:00
[2024-08-08T22:11:28.365+0400] {processor.py:179} INFO - Processing /home/eduardo/airflow_venv/lib/python3.10/site-packages/airflow/example_dags/example_latest_only.py took 0.098 seconds
[2024-08-08T22:12:18.720+0400] {processor.py:157} INFO - Started process (PID=11079) to work on /home/eduardo/airflow_venv/lib/python3.10/site-packages/airflow/example_dags/example_latest_only.py
[2024-08-08T22:12:18.723+0400] {processor.py:829} INFO - Processing file /home/eduardo/airflow_venv/lib/python3.10/site-packages/airflow/example_dags/example_latest_only.py for tasks to queue
[2024-08-08T22:12:18.724+0400] {logging_mixin.py:151} INFO - [2024-08-08T22:12:18.724+0400] {dagbag.py:539} INFO - Filling up the DagBag from /home/eduardo/airflow_venv/lib/python3.10/site-packages/airflow/example_dags/example_latest_only.py
[2024-08-08T22:12:18.732+0400] {processor.py:839} INFO - DAG(s) dict_keys(['latest_only']) retrieved from /home/eduardo/airflow_venv/lib/python3.10/site-packages/airflow/example_dags/example_latest_only.py
[2024-08-08T22:12:18.751+0400] {logging_mixin.py:151} INFO - [2024-08-08T22:12:18.751+0400] {dag.py:2915} INFO - Sync 1 DAGs
[2024-08-08T22:12:18.777+0400] {logging_mixin.py:151} INFO - [2024-08-08T22:12:18.777+0400] {dag.py:3696} INFO - Setting next_dagrun for latest_only to 2024-08-08T14:12:18.776898+00:00, run_after=2024-08-08T18:12:18.776898+00:00
[2024-08-08T22:12:18.828+0400] {processor.py:179} INFO - Processing /home/eduardo/airflow_venv/lib/python3.10/site-packages/airflow/example_dags/example_latest_only.py took 0.114 seconds
[2024-08-08T22:13:07.081+0400] {processor.py:157} INFO - Started process (PID=11456) to work on /home/eduardo/airflow_venv/lib/python3.10/site-packages/airflow/example_dags/example_latest_only.py
[2024-08-08T22:13:07.085+0400] {processor.py:829} INFO - Processing file /home/eduardo/airflow_venv/lib/python3.10/site-packages/airflow/example_dags/example_latest_only.py for tasks to queue
[2024-08-08T22:13:07.086+0400] {logging_mixin.py:151} INFO - [2024-08-08T22:13:07.086+0400] {dagbag.py:539} INFO - Filling up the DagBag from /home/eduardo/airflow_venv/lib/python3.10/site-packages/airflow/example_dags/example_latest_only.py
[2024-08-08T22:13:07.095+0400] {processor.py:839} INFO - DAG(s) dict_keys(['latest_only']) retrieved from /home/eduardo/airflow_venv/lib/python3.10/site-packages/airflow/example_dags/example_latest_only.py
[2024-08-08T22:13:07.117+0400] {logging_mixin.py:151} INFO - [2024-08-08T22:13:07.117+0400] {dag.py:2915} INFO - Sync 1 DAGs
[2024-08-08T22:13:07.137+0400] {logging_mixin.py:151} INFO - [2024-08-08T22:13:07.137+0400] {dag.py:3696} INFO - Setting next_dagrun for latest_only to 2024-08-08T14:13:07.137167+00:00, run_after=2024-08-08T18:13:07.137167+00:00
[2024-08-08T22:13:07.177+0400] {processor.py:179} INFO - Processing /home/eduardo/airflow_venv/lib/python3.10/site-packages/airflow/example_dags/example_latest_only.py took 0.101 seconds
[2024-08-08T22:13:54.164+0400] {processor.py:157} INFO - Started process (PID=11960) to work on /home/eduardo/airflow_venv/lib/python3.10/site-packages/airflow/example_dags/example_latest_only.py
[2024-08-08T22:13:54.167+0400] {processor.py:829} INFO - Processing file /home/eduardo/airflow_venv/lib/python3.10/site-packages/airflow/example_dags/example_latest_only.py for tasks to queue
[2024-08-08T22:13:54.168+0400] {logging_mixin.py:151} INFO - [2024-08-08T22:13:54.168+0400] {dagbag.py:539} INFO - Filling up the DagBag from /home/eduardo/airflow_venv/lib/python3.10/site-packages/airflow/example_dags/example_latest_only.py
[2024-08-08T22:13:54.176+0400] {processor.py:839} INFO - DAG(s) dict_keys(['latest_only']) retrieved from /home/eduardo/airflow_venv/lib/python3.10/site-packages/airflow/example_dags/example_latest_only.py
[2024-08-08T22:13:54.191+0400] {logging_mixin.py:151} INFO - [2024-08-08T22:13:54.191+0400] {dag.py:2915} INFO - Sync 1 DAGs
[2024-08-08T22:13:54.206+0400] {logging_mixin.py:151} INFO - [2024-08-08T22:13:54.206+0400] {dag.py:3696} INFO - Setting next_dagrun for latest_only to 2024-08-08T14:13:54.206357+00:00, run_after=2024-08-08T18:13:54.206357+00:00
[2024-08-08T22:13:54.236+0400] {processor.py:179} INFO - Processing /home/eduardo/airflow_venv/lib/python3.10/site-packages/airflow/example_dags/example_latest_only.py took 0.076 seconds
[2024-08-08T22:14:41.468+0400] {processor.py:157} INFO - Started process (PID=12478) to work on /home/eduardo/airflow_venv/lib/python3.10/site-packages/airflow/example_dags/example_latest_only.py
[2024-08-08T22:14:41.471+0400] {processor.py:829} INFO - Processing file /home/eduardo/airflow_venv/lib/python3.10/site-packages/airflow/example_dags/example_latest_only.py for tasks to queue
[2024-08-08T22:14:41.473+0400] {logging_mixin.py:151} INFO - [2024-08-08T22:14:41.472+0400] {dagbag.py:539} INFO - Filling up the DagBag from /home/eduardo/airflow_venv/lib/python3.10/site-packages/airflow/example_dags/example_latest_only.py
[2024-08-08T22:14:41.479+0400] {processor.py:839} INFO - DAG(s) dict_keys(['latest_only']) retrieved from /home/eduardo/airflow_venv/lib/python3.10/site-packages/airflow/example_dags/example_latest_only.py
[2024-08-08T22:14:41.488+0400] {logging_mixin.py:151} INFO - [2024-08-08T22:14:41.487+0400] {dag.py:2915} INFO - Sync 1 DAGs
[2024-08-08T22:14:41.508+0400] {logging_mixin.py:151} INFO - [2024-08-08T22:14:41.508+0400] {dag.py:3696} INFO - Setting next_dagrun for latest_only to 2024-08-08T14:14:41.508261+00:00, run_after=2024-08-08T18:14:41.508261+00:00
[2024-08-08T22:14:41.544+0400] {processor.py:179} INFO - Processing /home/eduardo/airflow_venv/lib/python3.10/site-packages/airflow/example_dags/example_latest_only.py took 0.086 seconds
[2024-08-08T22:15:33.721+0400] {processor.py:157} INFO - Started process (PID=12929) to work on /home/eduardo/airflow_venv/lib/python3.10/site-packages/airflow/example_dags/example_latest_only.py
[2024-08-08T22:15:33.723+0400] {processor.py:829} INFO - Processing file /home/eduardo/airflow_venv/lib/python3.10/site-packages/airflow/example_dags/example_latest_only.py for tasks to queue
[2024-08-08T22:15:33.724+0400] {logging_mixin.py:151} INFO - [2024-08-08T22:15:33.724+0400] {dagbag.py:539} INFO - Filling up the DagBag from /home/eduardo/airflow_venv/lib/python3.10/site-packages/airflow/example_dags/example_latest_only.py
[2024-08-08T22:15:33.729+0400] {processor.py:839} INFO - DAG(s) dict_keys(['latest_only']) retrieved from /home/eduardo/airflow_venv/lib/python3.10/site-packages/airflow/example_dags/example_latest_only.py
[2024-08-08T22:15:33.742+0400] {logging_mixin.py:151} INFO - [2024-08-08T22:15:33.742+0400] {dag.py:2915} INFO - Sync 1 DAGs
[2024-08-08T22:15:33.756+0400] {logging_mixin.py:151} INFO - [2024-08-08T22:15:33.756+0400] {dag.py:3696} INFO - Setting next_dagrun for latest_only to 2024-08-08T14:15:33.756411+00:00, run_after=2024-08-08T18:15:33.756411+00:00
[2024-08-08T22:15:33.784+0400] {processor.py:179} INFO - Processing /home/eduardo/airflow_venv/lib/python3.10/site-packages/airflow/example_dags/example_latest_only.py took 0.066 seconds
[2024-08-08T22:16:24.685+0400] {processor.py:157} INFO - Started process (PID=13363) to work on /home/eduardo/airflow_venv/lib/python3.10/site-packages/airflow/example_dags/example_latest_only.py
[2024-08-08T22:16:24.688+0400] {processor.py:829} INFO - Processing file /home/eduardo/airflow_venv/lib/python3.10/site-packages/airflow/example_dags/example_latest_only.py for tasks to queue
[2024-08-08T22:16:24.689+0400] {logging_mixin.py:151} INFO - [2024-08-08T22:16:24.688+0400] {dagbag.py:539} INFO - Filling up the DagBag from /home/eduardo/airflow_venv/lib/python3.10/site-packages/airflow/example_dags/example_latest_only.py
[2024-08-08T22:16:24.694+0400] {processor.py:839} INFO - DAG(s) dict_keys(['latest_only']) retrieved from /home/eduardo/airflow_venv/lib/python3.10/site-packages/airflow/example_dags/example_latest_only.py
[2024-08-08T22:16:24.710+0400] {logging_mixin.py:151} INFO - [2024-08-08T22:16:24.710+0400] {dag.py:2915} INFO - Sync 1 DAGs
[2024-08-08T22:16:24.738+0400] {logging_mixin.py:151} INFO - [2024-08-08T22:16:24.738+0400] {dag.py:3696} INFO - Setting next_dagrun for latest_only to 2024-08-08T14:16:24.737858+00:00, run_after=2024-08-08T18:16:24.737858+00:00
[2024-08-08T22:16:24.779+0400] {processor.py:179} INFO - Processing /home/eduardo/airflow_venv/lib/python3.10/site-packages/airflow/example_dags/example_latest_only.py took 0.098 seconds
[2024-08-08T22:17:16.413+0400] {processor.py:157} INFO - Started process (PID=13971) to work on /home/eduardo/airflow_venv/lib/python3.10/site-packages/airflow/example_dags/example_latest_only.py
[2024-08-08T22:17:16.416+0400] {processor.py:829} INFO - Processing file /home/eduardo/airflow_venv/lib/python3.10/site-packages/airflow/example_dags/example_latest_only.py for tasks to queue
[2024-08-08T22:17:16.417+0400] {logging_mixin.py:151} INFO - [2024-08-08T22:17:16.416+0400] {dagbag.py:539} INFO - Filling up the DagBag from /home/eduardo/airflow_venv/lib/python3.10/site-packages/airflow/example_dags/example_latest_only.py
[2024-08-08T22:17:16.427+0400] {processor.py:839} INFO - DAG(s) dict_keys(['latest_only']) retrieved from /home/eduardo/airflow_venv/lib/python3.10/site-packages/airflow/example_dags/example_latest_only.py
[2024-08-08T22:17:16.444+0400] {logging_mixin.py:151} INFO - [2024-08-08T22:17:16.444+0400] {dag.py:2915} INFO - Sync 1 DAGs
[2024-08-08T22:17:16.463+0400] {logging_mixin.py:151} INFO - [2024-08-08T22:17:16.463+0400] {dag.py:3696} INFO - Setting next_dagrun for latest_only to 2024-08-08T14:17:16.463539+00:00, run_after=2024-08-08T18:17:16.463539+00:00
[2024-08-08T22:17:16.502+0400] {processor.py:179} INFO - Processing /home/eduardo/airflow_venv/lib/python3.10/site-packages/airflow/example_dags/example_latest_only.py took 0.094 seconds
[2024-08-08T22:18:08.574+0400] {processor.py:157} INFO - Started process (PID=14375) to work on /home/eduardo/airflow_venv/lib/python3.10/site-packages/airflow/example_dags/example_latest_only.py
[2024-08-08T22:18:08.576+0400] {processor.py:829} INFO - Processing file /home/eduardo/airflow_venv/lib/python3.10/site-packages/airflow/example_dags/example_latest_only.py for tasks to queue
[2024-08-08T22:18:08.577+0400] {logging_mixin.py:151} INFO - [2024-08-08T22:18:08.577+0400] {dagbag.py:539} INFO - Filling up the DagBag from /home/eduardo/airflow_venv/lib/python3.10/site-packages/airflow/example_dags/example_latest_only.py
[2024-08-08T22:18:08.589+0400] {processor.py:839} INFO - DAG(s) dict_keys(['latest_only']) retrieved from /home/eduardo/airflow_venv/lib/python3.10/site-packages/airflow/example_dags/example_latest_only.py
[2024-08-08T22:18:08.615+0400] {logging_mixin.py:151} INFO - [2024-08-08T22:18:08.615+0400] {dag.py:2915} INFO - Sync 1 DAGs
[2024-08-08T22:18:08.653+0400] {logging_mixin.py:151} INFO - [2024-08-08T22:18:08.653+0400] {dag.py:3696} INFO - Setting next_dagrun for latest_only to 2024-08-08T14:18:08.653503+00:00, run_after=2024-08-08T18:18:08.653503+00:00
[2024-08-08T22:18:08.696+0400] {processor.py:179} INFO - Processing /home/eduardo/airflow_venv/lib/python3.10/site-packages/airflow/example_dags/example_latest_only.py took 0.125 seconds
[2024-08-08T22:19:01.938+0400] {processor.py:157} INFO - Started process (PID=14791) to work on /home/eduardo/airflow_venv/lib/python3.10/site-packages/airflow/example_dags/example_latest_only.py
[2024-08-08T22:19:01.940+0400] {processor.py:829} INFO - Processing file /home/eduardo/airflow_venv/lib/python3.10/site-packages/airflow/example_dags/example_latest_only.py for tasks to queue
[2024-08-08T22:19:01.942+0400] {logging_mixin.py:151} INFO - [2024-08-08T22:19:01.941+0400] {dagbag.py:539} INFO - Filling up the DagBag from /home/eduardo/airflow_venv/lib/python3.10/site-packages/airflow/example_dags/example_latest_only.py
[2024-08-08T22:19:01.954+0400] {processor.py:839} INFO - DAG(s) dict_keys(['latest_only']) retrieved from /home/eduardo/airflow_venv/lib/python3.10/site-packages/airflow/example_dags/example_latest_only.py
[2024-08-08T22:19:01.974+0400] {logging_mixin.py:151} INFO - [2024-08-08T22:19:01.974+0400] {dag.py:2915} INFO - Sync 1 DAGs
[2024-08-08T22:19:02.004+0400] {logging_mixin.py:151} INFO - [2024-08-08T22:19:02.004+0400] {dag.py:3696} INFO - Setting next_dagrun for latest_only to 2024-08-08T14:19:02.003836+00:00, run_after=2024-08-08T18:19:02.003836+00:00
[2024-08-08T22:19:02.041+0400] {processor.py:179} INFO - Processing /home/eduardo/airflow_venv/lib/python3.10/site-packages/airflow/example_dags/example_latest_only.py took 0.109 seconds
[2024-08-08T22:19:49.337+0400] {processor.py:157} INFO - Started process (PID=15186) to work on /home/eduardo/airflow_venv/lib/python3.10/site-packages/airflow/example_dags/example_latest_only.py
[2024-08-08T22:19:49.340+0400] {processor.py:829} INFO - Processing file /home/eduardo/airflow_venv/lib/python3.10/site-packages/airflow/example_dags/example_latest_only.py for tasks to queue
[2024-08-08T22:19:49.341+0400] {logging_mixin.py:151} INFO - [2024-08-08T22:19:49.340+0400] {dagbag.py:539} INFO - Filling up the DagBag from /home/eduardo/airflow_venv/lib/python3.10/site-packages/airflow/example_dags/example_latest_only.py
[2024-08-08T22:19:49.348+0400] {processor.py:839} INFO - DAG(s) dict_keys(['latest_only']) retrieved from /home/eduardo/airflow_venv/lib/python3.10/site-packages/airflow/example_dags/example_latest_only.py
[2024-08-08T22:19:49.362+0400] {logging_mixin.py:151} INFO - [2024-08-08T22:19:49.362+0400] {dag.py:2915} INFO - Sync 1 DAGs
[2024-08-08T22:19:49.380+0400] {logging_mixin.py:151} INFO - [2024-08-08T22:19:49.379+0400] {dag.py:3696} INFO - Setting next_dagrun for latest_only to 2024-08-08T14:19:49.379730+00:00, run_after=2024-08-08T18:19:49.379730+00:00
[2024-08-08T22:19:49.408+0400] {processor.py:179} INFO - Processing /home/eduardo/airflow_venv/lib/python3.10/site-packages/airflow/example_dags/example_latest_only.py took 0.074 seconds
[2024-08-08T22:20:41.349+0400] {processor.py:157} INFO - Started process (PID=15590) to work on /home/eduardo/airflow_venv/lib/python3.10/site-packages/airflow/example_dags/example_latest_only.py
[2024-08-08T22:20:41.351+0400] {processor.py:829} INFO - Processing file /home/eduardo/airflow_venv/lib/python3.10/site-packages/airflow/example_dags/example_latest_only.py for tasks to queue
[2024-08-08T22:20:41.352+0400] {logging_mixin.py:151} INFO - [2024-08-08T22:20:41.352+0400] {dagbag.py:539} INFO - Filling up the DagBag from /home/eduardo/airflow_venv/lib/python3.10/site-packages/airflow/example_dags/example_latest_only.py
[2024-08-08T22:20:41.363+0400] {processor.py:839} INFO - DAG(s) dict_keys(['latest_only']) retrieved from /home/eduardo/airflow_venv/lib/python3.10/site-packages/airflow/example_dags/example_latest_only.py
[2024-08-08T22:20:41.382+0400] {logging_mixin.py:151} INFO - [2024-08-08T22:20:41.382+0400] {dag.py:2915} INFO - Sync 1 DAGs
[2024-08-08T22:20:41.401+0400] {logging_mixin.py:151} INFO - [2024-08-08T22:20:41.401+0400] {dag.py:3696} INFO - Setting next_dagrun for latest_only to 2024-08-08T14:20:41.401115+00:00, run_after=2024-08-08T18:20:41.401115+00:00
[2024-08-08T22:20:41.435+0400] {processor.py:179} INFO - Processing /home/eduardo/airflow_venv/lib/python3.10/site-packages/airflow/example_dags/example_latest_only.py took 0.090 seconds
[2024-08-08T22:21:34.548+0400] {processor.py:157} INFO - Started process (PID=16126) to work on /home/eduardo/airflow_venv/lib/python3.10/site-packages/airflow/example_dags/example_latest_only.py
[2024-08-08T22:21:34.550+0400] {processor.py:829} INFO - Processing file /home/eduardo/airflow_venv/lib/python3.10/site-packages/airflow/example_dags/example_latest_only.py for tasks to queue
[2024-08-08T22:21:34.551+0400] {logging_mixin.py:151} INFO - [2024-08-08T22:21:34.551+0400] {dagbag.py:539} INFO - Filling up the DagBag from /home/eduardo/airflow_venv/lib/python3.10/site-packages/airflow/example_dags/example_latest_only.py
[2024-08-08T22:21:34.556+0400] {processor.py:839} INFO - DAG(s) dict_keys(['latest_only']) retrieved from /home/eduardo/airflow_venv/lib/python3.10/site-packages/airflow/example_dags/example_latest_only.py
[2024-08-08T22:21:34.568+0400] {logging_mixin.py:151} INFO - [2024-08-08T22:21:34.568+0400] {dag.py:2915} INFO - Sync 1 DAGs
[2024-08-08T22:21:34.582+0400] {logging_mixin.py:151} INFO - [2024-08-08T22:21:34.582+0400] {dag.py:3696} INFO - Setting next_dagrun for latest_only to 2024-08-08T14:21:34.582120+00:00, run_after=2024-08-08T18:21:34.582120+00:00
[2024-08-08T22:21:34.612+0400] {processor.py:179} INFO - Processing /home/eduardo/airflow_venv/lib/python3.10/site-packages/airflow/example_dags/example_latest_only.py took 0.068 seconds
[2024-08-08T22:22:26.063+0400] {processor.py:157} INFO - Started process (PID=16522) to work on /home/eduardo/airflow_venv/lib/python3.10/site-packages/airflow/example_dags/example_latest_only.py
[2024-08-08T22:22:26.064+0400] {processor.py:829} INFO - Processing file /home/eduardo/airflow_venv/lib/python3.10/site-packages/airflow/example_dags/example_latest_only.py for tasks to queue
[2024-08-08T22:22:26.066+0400] {logging_mixin.py:151} INFO - [2024-08-08T22:22:26.065+0400] {dagbag.py:539} INFO - Filling up the DagBag from /home/eduardo/airflow_venv/lib/python3.10/site-packages/airflow/example_dags/example_latest_only.py
[2024-08-08T22:22:26.074+0400] {processor.py:839} INFO - DAG(s) dict_keys(['latest_only']) retrieved from /home/eduardo/airflow_venv/lib/python3.10/site-packages/airflow/example_dags/example_latest_only.py
[2024-08-08T22:22:26.105+0400] {logging_mixin.py:151} INFO - [2024-08-08T22:22:26.105+0400] {dag.py:2915} INFO - Sync 1 DAGs
[2024-08-08T22:22:26.141+0400] {logging_mixin.py:151} INFO - [2024-08-08T22:22:26.141+0400] {dag.py:3696} INFO - Setting next_dagrun for latest_only to 2024-08-08T14:22:26.141115+00:00, run_after=2024-08-08T18:22:26.141115+00:00
[2024-08-08T22:22:26.183+0400] {processor.py:179} INFO - Processing /home/eduardo/airflow_venv/lib/python3.10/site-packages/airflow/example_dags/example_latest_only.py took 0.124 seconds
[2024-08-08T22:23:16.046+0400] {processor.py:157} INFO - Started process (PID=16945) to work on /home/eduardo/airflow_venv/lib/python3.10/site-packages/airflow/example_dags/example_latest_only.py
[2024-08-08T22:23:16.049+0400] {processor.py:829} INFO - Processing file /home/eduardo/airflow_venv/lib/python3.10/site-packages/airflow/example_dags/example_latest_only.py for tasks to queue
[2024-08-08T22:23:16.050+0400] {logging_mixin.py:151} INFO - [2024-08-08T22:23:16.050+0400] {dagbag.py:539} INFO - Filling up the DagBag from /home/eduardo/airflow_venv/lib/python3.10/site-packages/airflow/example_dags/example_latest_only.py
[2024-08-08T22:23:16.060+0400] {processor.py:839} INFO - DAG(s) dict_keys(['latest_only']) retrieved from /home/eduardo/airflow_venv/lib/python3.10/site-packages/airflow/example_dags/example_latest_only.py
[2024-08-08T22:23:16.080+0400] {logging_mixin.py:151} INFO - [2024-08-08T22:23:16.080+0400] {dag.py:2915} INFO - Sync 1 DAGs
[2024-08-08T22:23:16.110+0400] {logging_mixin.py:151} INFO - [2024-08-08T22:23:16.109+0400] {dag.py:3696} INFO - Setting next_dagrun for latest_only to 2024-08-08T14:23:16.109653+00:00, run_after=2024-08-08T18:23:16.109653+00:00
[2024-08-08T22:23:16.145+0400] {processor.py:179} INFO - Processing /home/eduardo/airflow_venv/lib/python3.10/site-packages/airflow/example_dags/example_latest_only.py took 0.102 seconds
