[2024-08-08T20:18:29.251+0400] {processor.py:157} INFO - Started process (PID=6812) to work on /home/eduardo/airflow_venv/lib/python3.10/site-packages/airflow/example_dags/example_setup_teardown_taskflow.py
[2024-08-08T20:18:29.251+0400] {processor.py:829} INFO - Processing file /home/eduardo/airflow_venv/lib/python3.10/site-packages/airflow/example_dags/example_setup_teardown_taskflow.py for tasks to queue
[2024-08-08T20:18:29.252+0400] {logging_mixin.py:151} INFO - [2024-08-08T20:18:29.252+0400] {dagbag.py:539} INFO - Filling up the DagBag from /home/eduardo/airflow_venv/lib/python3.10/site-packages/airflow/example_dags/example_setup_teardown_taskflow.py
[2024-08-08T20:18:29.261+0400] {processor.py:839} INFO - DAG(s) dict_keys(['example_setup_teardown_taskflow']) retrieved from /home/eduardo/airflow_venv/lib/python3.10/site-packages/airflow/example_dags/example_setup_teardown_taskflow.py
[2024-08-08T20:18:29.352+0400] {logging_mixin.py:151} INFO - [2024-08-08T20:18:29.352+0400] {manager.py:499} INFO - Created Permission View: %s
[2024-08-08T20:18:29.374+0400] {logging_mixin.py:151} INFO - [2024-08-08T20:18:29.374+0400] {manager.py:499} INFO - Created Permission View: %s
[2024-08-08T20:18:29.394+0400] {logging_mixin.py:151} INFO - [2024-08-08T20:18:29.394+0400] {manager.py:499} INFO - Created Permission View: %s
[2024-08-08T20:18:29.394+0400] {logging_mixin.py:151} INFO - [2024-08-08T20:18:29.394+0400] {security.py:708} INFO - Not syncing DAG-level permissions for DAG 'DAG:example_setup_teardown_taskflow' as access control is unset.
[2024-08-08T20:18:29.394+0400] {logging_mixin.py:151} INFO - [2024-08-08T20:18:29.394+0400] {dag.py:2915} INFO - Sync 1 DAGs
[2024-08-08T20:18:29.402+0400] {logging_mixin.py:151} INFO - [2024-08-08T20:18:29.402+0400] {dag.py:2937} INFO - Creating ORM DAG for example_setup_teardown_taskflow
[2024-08-08T20:18:29.410+0400] {logging_mixin.py:151} INFO - [2024-08-08T20:18:29.409+0400] {dag.py:3696} INFO - Setting next_dagrun for example_setup_teardown_taskflow to 2024-08-07T16:18:29.409738+00:00, run_after=2024-08-08T16:18:29.409738+00:00
[2024-08-08T20:18:29.440+0400] {processor.py:179} INFO - Processing /home/eduardo/airflow_venv/lib/python3.10/site-packages/airflow/example_dags/example_setup_teardown_taskflow.py took 0.191 seconds
[2024-08-08T20:19:18.213+0400] {processor.py:157} INFO - Started process (PID=6863) to work on /home/eduardo/airflow_venv/lib/python3.10/site-packages/airflow/example_dags/example_setup_teardown_taskflow.py
[2024-08-08T20:19:18.215+0400] {processor.py:829} INFO - Processing file /home/eduardo/airflow_venv/lib/python3.10/site-packages/airflow/example_dags/example_setup_teardown_taskflow.py for tasks to queue
[2024-08-08T20:19:18.215+0400] {logging_mixin.py:151} INFO - [2024-08-08T20:19:18.215+0400] {dagbag.py:539} INFO - Filling up the DagBag from /home/eduardo/airflow_venv/lib/python3.10/site-packages/airflow/example_dags/example_setup_teardown_taskflow.py
[2024-08-08T20:19:18.221+0400] {processor.py:839} INFO - DAG(s) dict_keys(['example_setup_teardown_taskflow']) retrieved from /home/eduardo/airflow_venv/lib/python3.10/site-packages/airflow/example_dags/example_setup_teardown_taskflow.py
[2024-08-08T20:19:18.231+0400] {logging_mixin.py:151} INFO - [2024-08-08T20:19:18.231+0400] {dag.py:2915} INFO - Sync 1 DAGs
[2024-08-08T20:19:18.241+0400] {logging_mixin.py:151} INFO - [2024-08-08T20:19:18.241+0400] {dag.py:3696} INFO - Setting next_dagrun for example_setup_teardown_taskflow to 2024-08-07T16:19:18.241635+00:00, run_after=2024-08-08T16:19:18.241635+00:00
[2024-08-08T20:19:18.269+0400] {processor.py:179} INFO - Processing /home/eduardo/airflow_venv/lib/python3.10/site-packages/airflow/example_dags/example_setup_teardown_taskflow.py took 0.057 seconds
[2024-08-08T20:20:04.229+0400] {processor.py:157} INFO - Started process (PID=6911) to work on /home/eduardo/airflow_venv/lib/python3.10/site-packages/airflow/example_dags/example_setup_teardown_taskflow.py
[2024-08-08T20:20:04.230+0400] {processor.py:829} INFO - Processing file /home/eduardo/airflow_venv/lib/python3.10/site-packages/airflow/example_dags/example_setup_teardown_taskflow.py for tasks to queue
[2024-08-08T20:20:04.231+0400] {logging_mixin.py:151} INFO - [2024-08-08T20:20:04.231+0400] {dagbag.py:539} INFO - Filling up the DagBag from /home/eduardo/airflow_venv/lib/python3.10/site-packages/airflow/example_dags/example_setup_teardown_taskflow.py
[2024-08-08T20:20:04.239+0400] {processor.py:839} INFO - DAG(s) dict_keys(['example_setup_teardown_taskflow']) retrieved from /home/eduardo/airflow_venv/lib/python3.10/site-packages/airflow/example_dags/example_setup_teardown_taskflow.py
[2024-08-08T20:20:04.250+0400] {logging_mixin.py:151} INFO - [2024-08-08T20:20:04.249+0400] {dag.py:2915} INFO - Sync 1 DAGs
[2024-08-08T20:20:04.262+0400] {logging_mixin.py:151} INFO - [2024-08-08T20:20:04.262+0400] {dag.py:3696} INFO - Setting next_dagrun for example_setup_teardown_taskflow to 2024-08-07T16:20:04.261981+00:00, run_after=2024-08-08T16:20:04.261981+00:00
[2024-08-08T20:20:04.288+0400] {processor.py:179} INFO - Processing /home/eduardo/airflow_venv/lib/python3.10/site-packages/airflow/example_dags/example_setup_teardown_taskflow.py took 0.061 seconds
[2024-08-08T20:20:42.841+0400] {processor.py:157} INFO - Started process (PID=6953) to work on /home/eduardo/airflow_venv/lib/python3.10/site-packages/airflow/example_dags/example_setup_teardown_taskflow.py
[2024-08-08T20:20:42.845+0400] {processor.py:829} INFO - Processing file /home/eduardo/airflow_venv/lib/python3.10/site-packages/airflow/example_dags/example_setup_teardown_taskflow.py for tasks to queue
[2024-08-08T20:20:42.845+0400] {logging_mixin.py:151} INFO - [2024-08-08T20:20:42.845+0400] {dagbag.py:539} INFO - Filling up the DagBag from /home/eduardo/airflow_venv/lib/python3.10/site-packages/airflow/example_dags/example_setup_teardown_taskflow.py
[2024-08-08T20:20:42.852+0400] {processor.py:839} INFO - DAG(s) dict_keys(['example_setup_teardown_taskflow']) retrieved from /home/eduardo/airflow_venv/lib/python3.10/site-packages/airflow/example_dags/example_setup_teardown_taskflow.py
[2024-08-08T20:20:42.864+0400] {logging_mixin.py:151} INFO - [2024-08-08T20:20:42.863+0400] {dag.py:2915} INFO - Sync 1 DAGs
[2024-08-08T20:20:42.876+0400] {logging_mixin.py:151} INFO - [2024-08-08T20:20:42.876+0400] {dag.py:3696} INFO - Setting next_dagrun for example_setup_teardown_taskflow to 2024-08-07T16:20:42.875916+00:00, run_after=2024-08-08T16:20:42.875916+00:00
[2024-08-08T20:20:42.915+0400] {processor.py:179} INFO - Processing /home/eduardo/airflow_venv/lib/python3.10/site-packages/airflow/example_dags/example_setup_teardown_taskflow.py took 0.076 seconds
[2024-08-08T20:21:25.257+0400] {processor.py:157} INFO - Started process (PID=6998) to work on /home/eduardo/airflow_venv/lib/python3.10/site-packages/airflow/example_dags/example_setup_teardown_taskflow.py
[2024-08-08T20:21:25.258+0400] {processor.py:829} INFO - Processing file /home/eduardo/airflow_venv/lib/python3.10/site-packages/airflow/example_dags/example_setup_teardown_taskflow.py for tasks to queue
[2024-08-08T20:21:25.258+0400] {logging_mixin.py:151} INFO - [2024-08-08T20:21:25.258+0400] {dagbag.py:539} INFO - Filling up the DagBag from /home/eduardo/airflow_venv/lib/python3.10/site-packages/airflow/example_dags/example_setup_teardown_taskflow.py
[2024-08-08T20:21:25.265+0400] {processor.py:839} INFO - DAG(s) dict_keys(['example_setup_teardown_taskflow']) retrieved from /home/eduardo/airflow_venv/lib/python3.10/site-packages/airflow/example_dags/example_setup_teardown_taskflow.py
[2024-08-08T20:21:25.278+0400] {logging_mixin.py:151} INFO - [2024-08-08T20:21:25.278+0400] {dag.py:2915} INFO - Sync 1 DAGs
[2024-08-08T20:21:25.292+0400] {logging_mixin.py:151} INFO - [2024-08-08T20:21:25.291+0400] {dag.py:3696} INFO - Setting next_dagrun for example_setup_teardown_taskflow to 2024-08-07T16:21:25.291711+00:00, run_after=2024-08-08T16:21:25.291711+00:00
[2024-08-08T20:21:25.320+0400] {processor.py:179} INFO - Processing /home/eduardo/airflow_venv/lib/python3.10/site-packages/airflow/example_dags/example_setup_teardown_taskflow.py took 0.066 seconds
[2024-08-08T20:22:06.391+0400] {processor.py:157} INFO - Started process (PID=7041) to work on /home/eduardo/airflow_venv/lib/python3.10/site-packages/airflow/example_dags/example_setup_teardown_taskflow.py
[2024-08-08T20:22:06.393+0400] {processor.py:829} INFO - Processing file /home/eduardo/airflow_venv/lib/python3.10/site-packages/airflow/example_dags/example_setup_teardown_taskflow.py for tasks to queue
[2024-08-08T20:22:06.393+0400] {logging_mixin.py:151} INFO - [2024-08-08T20:22:06.393+0400] {dagbag.py:539} INFO - Filling up the DagBag from /home/eduardo/airflow_venv/lib/python3.10/site-packages/airflow/example_dags/example_setup_teardown_taskflow.py
[2024-08-08T20:22:06.401+0400] {processor.py:839} INFO - DAG(s) dict_keys(['example_setup_teardown_taskflow']) retrieved from /home/eduardo/airflow_venv/lib/python3.10/site-packages/airflow/example_dags/example_setup_teardown_taskflow.py
[2024-08-08T20:22:06.412+0400] {logging_mixin.py:151} INFO - [2024-08-08T20:22:06.412+0400] {dag.py:2915} INFO - Sync 1 DAGs
[2024-08-08T20:22:06.424+0400] {logging_mixin.py:151} INFO - [2024-08-08T20:22:06.424+0400] {dag.py:3696} INFO - Setting next_dagrun for example_setup_teardown_taskflow to 2024-08-07T16:22:06.424210+00:00, run_after=2024-08-08T16:22:06.424210+00:00
[2024-08-08T20:22:06.455+0400] {processor.py:179} INFO - Processing /home/eduardo/airflow_venv/lib/python3.10/site-packages/airflow/example_dags/example_setup_teardown_taskflow.py took 0.066 seconds
[2024-08-08T20:22:51.513+0400] {processor.py:157} INFO - Started process (PID=7088) to work on /home/eduardo/airflow_venv/lib/python3.10/site-packages/airflow/example_dags/example_setup_teardown_taskflow.py
[2024-08-08T20:22:51.514+0400] {processor.py:829} INFO - Processing file /home/eduardo/airflow_venv/lib/python3.10/site-packages/airflow/example_dags/example_setup_teardown_taskflow.py for tasks to queue
[2024-08-08T20:22:51.514+0400] {logging_mixin.py:151} INFO - [2024-08-08T20:22:51.514+0400] {dagbag.py:539} INFO - Filling up the DagBag from /home/eduardo/airflow_venv/lib/python3.10/site-packages/airflow/example_dags/example_setup_teardown_taskflow.py
[2024-08-08T20:22:51.521+0400] {processor.py:839} INFO - DAG(s) dict_keys(['example_setup_teardown_taskflow']) retrieved from /home/eduardo/airflow_venv/lib/python3.10/site-packages/airflow/example_dags/example_setup_teardown_taskflow.py
[2024-08-08T20:22:51.531+0400] {logging_mixin.py:151} INFO - [2024-08-08T20:22:51.531+0400] {dag.py:2915} INFO - Sync 1 DAGs
[2024-08-08T20:22:51.544+0400] {logging_mixin.py:151} INFO - [2024-08-08T20:22:51.544+0400] {dag.py:3696} INFO - Setting next_dagrun for example_setup_teardown_taskflow to 2024-08-07T16:22:51.544487+00:00, run_after=2024-08-08T16:22:51.544487+00:00
[2024-08-08T20:22:51.571+0400] {processor.py:179} INFO - Processing /home/eduardo/airflow_venv/lib/python3.10/site-packages/airflow/example_dags/example_setup_teardown_taskflow.py took 0.060 seconds
[2024-08-08T20:23:35.141+0400] {processor.py:157} INFO - Started process (PID=7155) to work on /home/eduardo/airflow_venv/lib/python3.10/site-packages/airflow/example_dags/example_setup_teardown_taskflow.py
[2024-08-08T20:23:35.142+0400] {processor.py:829} INFO - Processing file /home/eduardo/airflow_venv/lib/python3.10/site-packages/airflow/example_dags/example_setup_teardown_taskflow.py for tasks to queue
[2024-08-08T20:23:35.142+0400] {logging_mixin.py:151} INFO - [2024-08-08T20:23:35.142+0400] {dagbag.py:539} INFO - Filling up the DagBag from /home/eduardo/airflow_venv/lib/python3.10/site-packages/airflow/example_dags/example_setup_teardown_taskflow.py
[2024-08-08T20:23:35.149+0400] {processor.py:839} INFO - DAG(s) dict_keys(['example_setup_teardown_taskflow']) retrieved from /home/eduardo/airflow_venv/lib/python3.10/site-packages/airflow/example_dags/example_setup_teardown_taskflow.py
[2024-08-08T20:23:35.159+0400] {logging_mixin.py:151} INFO - [2024-08-08T20:23:35.159+0400] {dag.py:2915} INFO - Sync 1 DAGs
[2024-08-08T20:23:35.171+0400] {logging_mixin.py:151} INFO - [2024-08-08T20:23:35.171+0400] {dag.py:3696} INFO - Setting next_dagrun for example_setup_teardown_taskflow to 2024-08-07T16:23:35.171444+00:00, run_after=2024-08-08T16:23:35.171444+00:00
[2024-08-08T20:23:35.194+0400] {processor.py:179} INFO - Processing /home/eduardo/airflow_venv/lib/python3.10/site-packages/airflow/example_dags/example_setup_teardown_taskflow.py took 0.055 seconds
[2024-08-08T20:24:20.347+0400] {processor.py:157} INFO - Started process (PID=7202) to work on /home/eduardo/airflow_venv/lib/python3.10/site-packages/airflow/example_dags/example_setup_teardown_taskflow.py
[2024-08-08T20:24:20.348+0400] {processor.py:829} INFO - Processing file /home/eduardo/airflow_venv/lib/python3.10/site-packages/airflow/example_dags/example_setup_teardown_taskflow.py for tasks to queue
[2024-08-08T20:24:20.349+0400] {logging_mixin.py:151} INFO - [2024-08-08T20:24:20.348+0400] {dagbag.py:539} INFO - Filling up the DagBag from /home/eduardo/airflow_venv/lib/python3.10/site-packages/airflow/example_dags/example_setup_teardown_taskflow.py
[2024-08-08T20:24:20.355+0400] {processor.py:839} INFO - DAG(s) dict_keys(['example_setup_teardown_taskflow']) retrieved from /home/eduardo/airflow_venv/lib/python3.10/site-packages/airflow/example_dags/example_setup_teardown_taskflow.py
[2024-08-08T20:24:20.366+0400] {logging_mixin.py:151} INFO - [2024-08-08T20:24:20.366+0400] {dag.py:2915} INFO - Sync 1 DAGs
[2024-08-08T20:24:20.381+0400] {logging_mixin.py:151} INFO - [2024-08-08T20:24:20.381+0400] {dag.py:3696} INFO - Setting next_dagrun for example_setup_teardown_taskflow to 2024-08-07T16:24:20.381279+00:00, run_after=2024-08-08T16:24:20.381279+00:00
[2024-08-08T20:24:20.410+0400] {processor.py:179} INFO - Processing /home/eduardo/airflow_venv/lib/python3.10/site-packages/airflow/example_dags/example_setup_teardown_taskflow.py took 0.066 seconds
[2024-08-08T20:25:08.149+0400] {processor.py:157} INFO - Started process (PID=7258) to work on /home/eduardo/airflow_venv/lib/python3.10/site-packages/airflow/example_dags/example_setup_teardown_taskflow.py
[2024-08-08T20:25:08.150+0400] {processor.py:829} INFO - Processing file /home/eduardo/airflow_venv/lib/python3.10/site-packages/airflow/example_dags/example_setup_teardown_taskflow.py for tasks to queue
[2024-08-08T20:25:08.151+0400] {logging_mixin.py:151} INFO - [2024-08-08T20:25:08.150+0400] {dagbag.py:539} INFO - Filling up the DagBag from /home/eduardo/airflow_venv/lib/python3.10/site-packages/airflow/example_dags/example_setup_teardown_taskflow.py
[2024-08-08T20:25:08.159+0400] {processor.py:839} INFO - DAG(s) dict_keys(['example_setup_teardown_taskflow']) retrieved from /home/eduardo/airflow_venv/lib/python3.10/site-packages/airflow/example_dags/example_setup_teardown_taskflow.py
[2024-08-08T20:25:08.170+0400] {logging_mixin.py:151} INFO - [2024-08-08T20:25:08.170+0400] {dag.py:2915} INFO - Sync 1 DAGs
[2024-08-08T20:25:08.182+0400] {logging_mixin.py:151} INFO - [2024-08-08T20:25:08.182+0400] {dag.py:3696} INFO - Setting next_dagrun for example_setup_teardown_taskflow to 2024-08-07T16:25:08.182254+00:00, run_after=2024-08-08T16:25:08.182254+00:00
[2024-08-08T20:25:08.211+0400] {processor.py:179} INFO - Processing /home/eduardo/airflow_venv/lib/python3.10/site-packages/airflow/example_dags/example_setup_teardown_taskflow.py took 0.064 seconds
[2024-08-08T20:25:51.410+0400] {processor.py:157} INFO - Started process (PID=7304) to work on /home/eduardo/airflow_venv/lib/python3.10/site-packages/airflow/example_dags/example_setup_teardown_taskflow.py
[2024-08-08T20:25:51.411+0400] {processor.py:829} INFO - Processing file /home/eduardo/airflow_venv/lib/python3.10/site-packages/airflow/example_dags/example_setup_teardown_taskflow.py for tasks to queue
[2024-08-08T20:25:51.411+0400] {logging_mixin.py:151} INFO - [2024-08-08T20:25:51.411+0400] {dagbag.py:539} INFO - Filling up the DagBag from /home/eduardo/airflow_venv/lib/python3.10/site-packages/airflow/example_dags/example_setup_teardown_taskflow.py
[2024-08-08T20:25:51.421+0400] {processor.py:839} INFO - DAG(s) dict_keys(['example_setup_teardown_taskflow']) retrieved from /home/eduardo/airflow_venv/lib/python3.10/site-packages/airflow/example_dags/example_setup_teardown_taskflow.py
[2024-08-08T20:25:51.434+0400] {logging_mixin.py:151} INFO - [2024-08-08T20:25:51.434+0400] {dag.py:2915} INFO - Sync 1 DAGs
[2024-08-08T20:25:51.450+0400] {logging_mixin.py:151} INFO - [2024-08-08T20:25:51.450+0400] {dag.py:3696} INFO - Setting next_dagrun for example_setup_teardown_taskflow to 2024-08-07T16:25:51.450227+00:00, run_after=2024-08-08T16:25:51.450227+00:00
[2024-08-08T20:25:51.482+0400] {processor.py:179} INFO - Processing /home/eduardo/airflow_venv/lib/python3.10/site-packages/airflow/example_dags/example_setup_teardown_taskflow.py took 0.075 seconds
[2024-08-08T22:09:42.781+0400] {processor.py:157} INFO - Started process (PID=9518) to work on /home/eduardo/airflow_venv/lib/python3.10/site-packages/airflow/example_dags/example_setup_teardown_taskflow.py
[2024-08-08T22:09:42.787+0400] {processor.py:829} INFO - Processing file /home/eduardo/airflow_venv/lib/python3.10/site-packages/airflow/example_dags/example_setup_teardown_taskflow.py for tasks to queue
[2024-08-08T22:09:42.788+0400] {logging_mixin.py:151} INFO - [2024-08-08T22:09:42.788+0400] {dagbag.py:539} INFO - Filling up the DagBag from /home/eduardo/airflow_venv/lib/python3.10/site-packages/airflow/example_dags/example_setup_teardown_taskflow.py
[2024-08-08T22:09:42.814+0400] {processor.py:839} INFO - DAG(s) dict_keys(['example_setup_teardown_taskflow']) retrieved from /home/eduardo/airflow_venv/lib/python3.10/site-packages/airflow/example_dags/example_setup_teardown_taskflow.py
[2024-08-08T22:09:42.835+0400] {logging_mixin.py:151} INFO - [2024-08-08T22:09:42.835+0400] {dag.py:2915} INFO - Sync 1 DAGs
[2024-08-08T22:09:42.852+0400] {logging_mixin.py:151} INFO - [2024-08-08T22:09:42.851+0400] {dag.py:3696} INFO - Setting next_dagrun for example_setup_teardown_taskflow to 2024-08-07T18:09:42.851586+00:00, run_after=2024-08-08T18:09:42.851586+00:00
[2024-08-08T22:09:42.888+0400] {processor.py:179} INFO - Processing /home/eduardo/airflow_venv/lib/python3.10/site-packages/airflow/example_dags/example_setup_teardown_taskflow.py took 0.113 seconds
[2024-08-08T22:10:29.424+0400] {processor.py:157} INFO - Started process (PID=10067) to work on /home/eduardo/airflow_venv/lib/python3.10/site-packages/airflow/example_dags/example_setup_teardown_taskflow.py
[2024-08-08T22:10:29.427+0400] {processor.py:829} INFO - Processing file /home/eduardo/airflow_venv/lib/python3.10/site-packages/airflow/example_dags/example_setup_teardown_taskflow.py for tasks to queue
[2024-08-08T22:10:29.428+0400] {logging_mixin.py:151} INFO - [2024-08-08T22:10:29.428+0400] {dagbag.py:539} INFO - Filling up the DagBag from /home/eduardo/airflow_venv/lib/python3.10/site-packages/airflow/example_dags/example_setup_teardown_taskflow.py
[2024-08-08T22:10:29.444+0400] {processor.py:839} INFO - DAG(s) dict_keys(['example_setup_teardown_taskflow']) retrieved from /home/eduardo/airflow_venv/lib/python3.10/site-packages/airflow/example_dags/example_setup_teardown_taskflow.py
[2024-08-08T22:10:29.464+0400] {logging_mixin.py:151} INFO - [2024-08-08T22:10:29.463+0400] {dag.py:2915} INFO - Sync 1 DAGs
[2024-08-08T22:10:29.487+0400] {logging_mixin.py:151} INFO - [2024-08-08T22:10:29.487+0400] {dag.py:3696} INFO - Setting next_dagrun for example_setup_teardown_taskflow to 2024-08-07T18:10:29.486783+00:00, run_after=2024-08-08T18:10:29.486783+00:00
[2024-08-08T22:10:29.519+0400] {processor.py:179} INFO - Processing /home/eduardo/airflow_venv/lib/python3.10/site-packages/airflow/example_dags/example_setup_teardown_taskflow.py took 0.098 seconds
[2024-08-08T22:11:17.838+0400] {processor.py:157} INFO - Started process (PID=10575) to work on /home/eduardo/airflow_venv/lib/python3.10/site-packages/airflow/example_dags/example_setup_teardown_taskflow.py
[2024-08-08T22:11:17.842+0400] {processor.py:829} INFO - Processing file /home/eduardo/airflow_venv/lib/python3.10/site-packages/airflow/example_dags/example_setup_teardown_taskflow.py for tasks to queue
[2024-08-08T22:11:17.843+0400] {logging_mixin.py:151} INFO - [2024-08-08T22:11:17.842+0400] {dagbag.py:539} INFO - Filling up the DagBag from /home/eduardo/airflow_venv/lib/python3.10/site-packages/airflow/example_dags/example_setup_teardown_taskflow.py
[2024-08-08T22:11:17.855+0400] {processor.py:839} INFO - DAG(s) dict_keys(['example_setup_teardown_taskflow']) retrieved from /home/eduardo/airflow_venv/lib/python3.10/site-packages/airflow/example_dags/example_setup_teardown_taskflow.py
[2024-08-08T22:11:17.872+0400] {logging_mixin.py:151} INFO - [2024-08-08T22:11:17.872+0400] {dag.py:2915} INFO - Sync 1 DAGs
[2024-08-08T22:11:17.890+0400] {logging_mixin.py:151} INFO - [2024-08-08T22:11:17.890+0400] {dag.py:3696} INFO - Setting next_dagrun for example_setup_teardown_taskflow to 2024-08-07T18:11:17.890519+00:00, run_after=2024-08-08T18:11:17.890519+00:00
[2024-08-08T22:11:17.921+0400] {processor.py:179} INFO - Processing /home/eduardo/airflow_venv/lib/python3.10/site-packages/airflow/example_dags/example_setup_teardown_taskflow.py took 0.086 seconds
[2024-08-08T22:12:08.250+0400] {processor.py:157} INFO - Started process (PID=10998) to work on /home/eduardo/airflow_venv/lib/python3.10/site-packages/airflow/example_dags/example_setup_teardown_taskflow.py
[2024-08-08T22:12:08.254+0400] {processor.py:829} INFO - Processing file /home/eduardo/airflow_venv/lib/python3.10/site-packages/airflow/example_dags/example_setup_teardown_taskflow.py for tasks to queue
[2024-08-08T22:12:08.255+0400] {logging_mixin.py:151} INFO - [2024-08-08T22:12:08.255+0400] {dagbag.py:539} INFO - Filling up the DagBag from /home/eduardo/airflow_venv/lib/python3.10/site-packages/airflow/example_dags/example_setup_teardown_taskflow.py
[2024-08-08T22:12:08.266+0400] {processor.py:839} INFO - DAG(s) dict_keys(['example_setup_teardown_taskflow']) retrieved from /home/eduardo/airflow_venv/lib/python3.10/site-packages/airflow/example_dags/example_setup_teardown_taskflow.py
[2024-08-08T22:12:08.289+0400] {logging_mixin.py:151} INFO - [2024-08-08T22:12:08.289+0400] {dag.py:2915} INFO - Sync 1 DAGs
[2024-08-08T22:12:08.317+0400] {logging_mixin.py:151} INFO - [2024-08-08T22:12:08.317+0400] {dag.py:3696} INFO - Setting next_dagrun for example_setup_teardown_taskflow to 2024-08-07T18:12:08.317100+00:00, run_after=2024-08-08T18:12:08.317100+00:00
[2024-08-08T22:12:08.370+0400] {processor.py:179} INFO - Processing /home/eduardo/airflow_venv/lib/python3.10/site-packages/airflow/example_dags/example_setup_teardown_taskflow.py took 0.124 seconds
[2024-08-08T22:12:56.986+0400] {processor.py:157} INFO - Started process (PID=11380) to work on /home/eduardo/airflow_venv/lib/python3.10/site-packages/airflow/example_dags/example_setup_teardown_taskflow.py
[2024-08-08T22:12:56.990+0400] {processor.py:829} INFO - Processing file /home/eduardo/airflow_venv/lib/python3.10/site-packages/airflow/example_dags/example_setup_teardown_taskflow.py for tasks to queue
[2024-08-08T22:12:56.992+0400] {logging_mixin.py:151} INFO - [2024-08-08T22:12:56.991+0400] {dagbag.py:539} INFO - Filling up the DagBag from /home/eduardo/airflow_venv/lib/python3.10/site-packages/airflow/example_dags/example_setup_teardown_taskflow.py
[2024-08-08T22:12:57.007+0400] {processor.py:839} INFO - DAG(s) dict_keys(['example_setup_teardown_taskflow']) retrieved from /home/eduardo/airflow_venv/lib/python3.10/site-packages/airflow/example_dags/example_setup_teardown_taskflow.py
[2024-08-08T22:12:57.033+0400] {logging_mixin.py:151} INFO - [2024-08-08T22:12:57.033+0400] {dag.py:2915} INFO - Sync 1 DAGs
[2024-08-08T22:12:57.066+0400] {logging_mixin.py:151} INFO - [2024-08-08T22:12:57.066+0400] {dag.py:3696} INFO - Setting next_dagrun for example_setup_teardown_taskflow to 2024-08-07T18:12:57.066332+00:00, run_after=2024-08-08T18:12:57.066332+00:00
[2024-08-08T22:12:57.102+0400] {processor.py:179} INFO - Processing /home/eduardo/airflow_venv/lib/python3.10/site-packages/airflow/example_dags/example_setup_teardown_taskflow.py took 0.121 seconds
[2024-08-08T22:13:44.022+0400] {processor.py:157} INFO - Started process (PID=11825) to work on /home/eduardo/airflow_venv/lib/python3.10/site-packages/airflow/example_dags/example_setup_teardown_taskflow.py
[2024-08-08T22:13:44.025+0400] {processor.py:829} INFO - Processing file /home/eduardo/airflow_venv/lib/python3.10/site-packages/airflow/example_dags/example_setup_teardown_taskflow.py for tasks to queue
[2024-08-08T22:13:44.026+0400] {logging_mixin.py:151} INFO - [2024-08-08T22:13:44.025+0400] {dagbag.py:539} INFO - Filling up the DagBag from /home/eduardo/airflow_venv/lib/python3.10/site-packages/airflow/example_dags/example_setup_teardown_taskflow.py
[2024-08-08T22:13:44.036+0400] {processor.py:839} INFO - DAG(s) dict_keys(['example_setup_teardown_taskflow']) retrieved from /home/eduardo/airflow_venv/lib/python3.10/site-packages/airflow/example_dags/example_setup_teardown_taskflow.py
[2024-08-08T22:13:44.053+0400] {logging_mixin.py:151} INFO - [2024-08-08T22:13:44.052+0400] {dag.py:2915} INFO - Sync 1 DAGs
[2024-08-08T22:13:44.074+0400] {logging_mixin.py:151} INFO - [2024-08-08T22:13:44.073+0400] {dag.py:3696} INFO - Setting next_dagrun for example_setup_teardown_taskflow to 2024-08-07T18:13:44.073657+00:00, run_after=2024-08-08T18:13:44.073657+00:00
[2024-08-08T22:13:44.126+0400] {processor.py:179} INFO - Processing /home/eduardo/airflow_venv/lib/python3.10/site-packages/airflow/example_dags/example_setup_teardown_taskflow.py took 0.107 seconds
[2024-08-08T22:14:32.307+0400] {processor.py:157} INFO - Started process (PID=12402) to work on /home/eduardo/airflow_venv/lib/python3.10/site-packages/airflow/example_dags/example_setup_teardown_taskflow.py
[2024-08-08T22:14:32.309+0400] {processor.py:829} INFO - Processing file /home/eduardo/airflow_venv/lib/python3.10/site-packages/airflow/example_dags/example_setup_teardown_taskflow.py for tasks to queue
[2024-08-08T22:14:32.310+0400] {logging_mixin.py:151} INFO - [2024-08-08T22:14:32.310+0400] {dagbag.py:539} INFO - Filling up the DagBag from /home/eduardo/airflow_venv/lib/python3.10/site-packages/airflow/example_dags/example_setup_teardown_taskflow.py
[2024-08-08T22:14:32.320+0400] {processor.py:839} INFO - DAG(s) dict_keys(['example_setup_teardown_taskflow']) retrieved from /home/eduardo/airflow_venv/lib/python3.10/site-packages/airflow/example_dags/example_setup_teardown_taskflow.py
[2024-08-08T22:14:32.331+0400] {logging_mixin.py:151} INFO - [2024-08-08T22:14:32.331+0400] {dag.py:2915} INFO - Sync 1 DAGs
[2024-08-08T22:14:32.349+0400] {logging_mixin.py:151} INFO - [2024-08-08T22:14:32.349+0400] {dag.py:3696} INFO - Setting next_dagrun for example_setup_teardown_taskflow to 2024-08-07T18:14:32.349296+00:00, run_after=2024-08-08T18:14:32.349296+00:00
[2024-08-08T22:14:32.393+0400] {processor.py:179} INFO - Processing /home/eduardo/airflow_venv/lib/python3.10/site-packages/airflow/example_dags/example_setup_teardown_taskflow.py took 0.091 seconds
[2024-08-08T22:15:24.077+0400] {processor.py:157} INFO - Started process (PID=12813) to work on /home/eduardo/airflow_venv/lib/python3.10/site-packages/airflow/example_dags/example_setup_teardown_taskflow.py
[2024-08-08T22:15:24.080+0400] {processor.py:829} INFO - Processing file /home/eduardo/airflow_venv/lib/python3.10/site-packages/airflow/example_dags/example_setup_teardown_taskflow.py for tasks to queue
[2024-08-08T22:15:24.081+0400] {logging_mixin.py:151} INFO - [2024-08-08T22:15:24.081+0400] {dagbag.py:539} INFO - Filling up the DagBag from /home/eduardo/airflow_venv/lib/python3.10/site-packages/airflow/example_dags/example_setup_teardown_taskflow.py
[2024-08-08T22:15:24.096+0400] {processor.py:839} INFO - DAG(s) dict_keys(['example_setup_teardown_taskflow']) retrieved from /home/eduardo/airflow_venv/lib/python3.10/site-packages/airflow/example_dags/example_setup_teardown_taskflow.py
[2024-08-08T22:15:24.118+0400] {logging_mixin.py:151} INFO - [2024-08-08T22:15:24.118+0400] {dag.py:2915} INFO - Sync 1 DAGs
[2024-08-08T22:15:24.141+0400] {logging_mixin.py:151} INFO - [2024-08-08T22:15:24.141+0400] {dag.py:3696} INFO - Setting next_dagrun for example_setup_teardown_taskflow to 2024-08-07T18:15:24.140957+00:00, run_after=2024-08-08T18:15:24.140957+00:00
[2024-08-08T22:15:24.172+0400] {processor.py:179} INFO - Processing /home/eduardo/airflow_venv/lib/python3.10/site-packages/airflow/example_dags/example_setup_teardown_taskflow.py took 0.100 seconds
[2024-08-08T22:16:14.711+0400] {processor.py:157} INFO - Started process (PID=13284) to work on /home/eduardo/airflow_venv/lib/python3.10/site-packages/airflow/example_dags/example_setup_teardown_taskflow.py
[2024-08-08T22:16:14.714+0400] {processor.py:829} INFO - Processing file /home/eduardo/airflow_venv/lib/python3.10/site-packages/airflow/example_dags/example_setup_teardown_taskflow.py for tasks to queue
[2024-08-08T22:16:14.716+0400] {logging_mixin.py:151} INFO - [2024-08-08T22:16:14.715+0400] {dagbag.py:539} INFO - Filling up the DagBag from /home/eduardo/airflow_venv/lib/python3.10/site-packages/airflow/example_dags/example_setup_teardown_taskflow.py
[2024-08-08T22:16:14.728+0400] {processor.py:839} INFO - DAG(s) dict_keys(['example_setup_teardown_taskflow']) retrieved from /home/eduardo/airflow_venv/lib/python3.10/site-packages/airflow/example_dags/example_setup_teardown_taskflow.py
[2024-08-08T22:16:14.756+0400] {logging_mixin.py:151} INFO - [2024-08-08T22:16:14.756+0400] {dag.py:2915} INFO - Sync 1 DAGs
[2024-08-08T22:16:14.787+0400] {logging_mixin.py:151} INFO - [2024-08-08T22:16:14.786+0400] {dag.py:3696} INFO - Setting next_dagrun for example_setup_teardown_taskflow to 2024-08-07T18:16:14.786601+00:00, run_after=2024-08-08T18:16:14.786601+00:00
[2024-08-08T22:16:14.821+0400] {processor.py:179} INFO - Processing /home/eduardo/airflow_venv/lib/python3.10/site-packages/airflow/example_dags/example_setup_teardown_taskflow.py took 0.114 seconds
[2024-08-08T22:17:06.367+0400] {processor.py:157} INFO - Started process (PID=13890) to work on /home/eduardo/airflow_venv/lib/python3.10/site-packages/airflow/example_dags/example_setup_teardown_taskflow.py
[2024-08-08T22:17:06.371+0400] {processor.py:829} INFO - Processing file /home/eduardo/airflow_venv/lib/python3.10/site-packages/airflow/example_dags/example_setup_teardown_taskflow.py for tasks to queue
[2024-08-08T22:17:06.372+0400] {logging_mixin.py:151} INFO - [2024-08-08T22:17:06.371+0400] {dagbag.py:539} INFO - Filling up the DagBag from /home/eduardo/airflow_venv/lib/python3.10/site-packages/airflow/example_dags/example_setup_teardown_taskflow.py
[2024-08-08T22:17:06.381+0400] {processor.py:839} INFO - DAG(s) dict_keys(['example_setup_teardown_taskflow']) retrieved from /home/eduardo/airflow_venv/lib/python3.10/site-packages/airflow/example_dags/example_setup_teardown_taskflow.py
[2024-08-08T22:17:06.396+0400] {logging_mixin.py:151} INFO - [2024-08-08T22:17:06.396+0400] {dag.py:2915} INFO - Sync 1 DAGs
[2024-08-08T22:17:06.413+0400] {logging_mixin.py:151} INFO - [2024-08-08T22:17:06.413+0400] {dag.py:3696} INFO - Setting next_dagrun for example_setup_teardown_taskflow to 2024-08-07T18:17:06.412981+00:00, run_after=2024-08-08T18:17:06.412981+00:00
[2024-08-08T22:17:06.440+0400] {processor.py:179} INFO - Processing /home/eduardo/airflow_venv/lib/python3.10/site-packages/airflow/example_dags/example_setup_teardown_taskflow.py took 0.075 seconds
[2024-08-08T22:17:43.019+0400] {processor.py:157} INFO - Started process (PID=14179) to work on /home/eduardo/airflow_venv/lib/python3.10/site-packages/airflow/example_dags/example_setup_teardown_taskflow.py
[2024-08-08T22:17:43.021+0400] {processor.py:829} INFO - Processing file /home/eduardo/airflow_venv/lib/python3.10/site-packages/airflow/example_dags/example_setup_teardown_taskflow.py for tasks to queue
[2024-08-08T22:17:43.023+0400] {logging_mixin.py:151} INFO - [2024-08-08T22:17:43.022+0400] {dagbag.py:539} INFO - Filling up the DagBag from /home/eduardo/airflow_venv/lib/python3.10/site-packages/airflow/example_dags/example_setup_teardown_taskflow.py
[2024-08-08T22:17:43.033+0400] {processor.py:839} INFO - DAG(s) dict_keys(['example_setup_teardown_taskflow']) retrieved from /home/eduardo/airflow_venv/lib/python3.10/site-packages/airflow/example_dags/example_setup_teardown_taskflow.py
[2024-08-08T22:17:43.054+0400] {logging_mixin.py:151} INFO - [2024-08-08T22:17:43.053+0400] {dag.py:2915} INFO - Sync 1 DAGs
[2024-08-08T22:17:43.076+0400] {logging_mixin.py:151} INFO - [2024-08-08T22:17:43.076+0400] {dag.py:3696} INFO - Setting next_dagrun for example_setup_teardown_taskflow to 2024-08-07T18:17:43.076234+00:00, run_after=2024-08-08T18:17:43.076234+00:00
[2024-08-08T22:17:43.113+0400] {processor.py:179} INFO - Processing /home/eduardo/airflow_venv/lib/python3.10/site-packages/airflow/example_dags/example_setup_teardown_taskflow.py took 0.099 seconds
[2024-08-08T22:18:35.158+0400] {processor.py:157} INFO - Started process (PID=14584) to work on /home/eduardo/airflow_venv/lib/python3.10/site-packages/airflow/example_dags/example_setup_teardown_taskflow.py
[2024-08-08T22:18:35.160+0400] {processor.py:829} INFO - Processing file /home/eduardo/airflow_venv/lib/python3.10/site-packages/airflow/example_dags/example_setup_teardown_taskflow.py for tasks to queue
[2024-08-08T22:18:35.161+0400] {logging_mixin.py:151} INFO - [2024-08-08T22:18:35.160+0400] {dagbag.py:539} INFO - Filling up the DagBag from /home/eduardo/airflow_venv/lib/python3.10/site-packages/airflow/example_dags/example_setup_teardown_taskflow.py
[2024-08-08T22:18:35.169+0400] {processor.py:839} INFO - DAG(s) dict_keys(['example_setup_teardown_taskflow']) retrieved from /home/eduardo/airflow_venv/lib/python3.10/site-packages/airflow/example_dags/example_setup_teardown_taskflow.py
[2024-08-08T22:18:35.180+0400] {logging_mixin.py:151} INFO - [2024-08-08T22:18:35.180+0400] {dag.py:2915} INFO - Sync 1 DAGs
[2024-08-08T22:18:35.194+0400] {logging_mixin.py:151} INFO - [2024-08-08T22:18:35.194+0400] {dag.py:3696} INFO - Setting next_dagrun for example_setup_teardown_taskflow to 2024-08-07T18:18:35.194231+00:00, run_after=2024-08-08T18:18:35.194231+00:00
[2024-08-08T22:18:35.221+0400] {processor.py:179} INFO - Processing /home/eduardo/airflow_venv/lib/python3.10/site-packages/airflow/example_dags/example_setup_teardown_taskflow.py took 0.066 seconds
[2024-08-08T22:19:12.353+0400] {processor.py:157} INFO - Started process (PID=14875) to work on /home/eduardo/airflow_venv/lib/python3.10/site-packages/airflow/example_dags/example_setup_teardown_taskflow.py
[2024-08-08T22:19:12.355+0400] {processor.py:829} INFO - Processing file /home/eduardo/airflow_venv/lib/python3.10/site-packages/airflow/example_dags/example_setup_teardown_taskflow.py for tasks to queue
[2024-08-08T22:19:12.356+0400] {logging_mixin.py:151} INFO - [2024-08-08T22:19:12.356+0400] {dagbag.py:539} INFO - Filling up the DagBag from /home/eduardo/airflow_venv/lib/python3.10/site-packages/airflow/example_dags/example_setup_teardown_taskflow.py
[2024-08-08T22:19:12.367+0400] {processor.py:839} INFO - DAG(s) dict_keys(['example_setup_teardown_taskflow']) retrieved from /home/eduardo/airflow_venv/lib/python3.10/site-packages/airflow/example_dags/example_setup_teardown_taskflow.py
[2024-08-08T22:19:12.381+0400] {logging_mixin.py:151} INFO - [2024-08-08T22:19:12.381+0400] {dag.py:2915} INFO - Sync 1 DAGs
[2024-08-08T22:19:12.405+0400] {logging_mixin.py:151} INFO - [2024-08-08T22:19:12.404+0400] {dag.py:3696} INFO - Setting next_dagrun for example_setup_teardown_taskflow to 2024-08-07T18:19:12.404533+00:00, run_after=2024-08-08T18:19:12.404533+00:00
[2024-08-08T22:19:12.442+0400] {processor.py:179} INFO - Processing /home/eduardo/airflow_venv/lib/python3.10/site-packages/airflow/example_dags/example_setup_teardown_taskflow.py took 0.093 seconds
[2024-08-08T22:19:59.309+0400] {processor.py:157} INFO - Started process (PID=15263) to work on /home/eduardo/airflow_venv/lib/python3.10/site-packages/airflow/example_dags/example_setup_teardown_taskflow.py
[2024-08-08T22:19:59.313+0400] {processor.py:829} INFO - Processing file /home/eduardo/airflow_venv/lib/python3.10/site-packages/airflow/example_dags/example_setup_teardown_taskflow.py for tasks to queue
[2024-08-08T22:19:59.314+0400] {logging_mixin.py:151} INFO - [2024-08-08T22:19:59.314+0400] {dagbag.py:539} INFO - Filling up the DagBag from /home/eduardo/airflow_venv/lib/python3.10/site-packages/airflow/example_dags/example_setup_teardown_taskflow.py
[2024-08-08T22:19:59.327+0400] {processor.py:839} INFO - DAG(s) dict_keys(['example_setup_teardown_taskflow']) retrieved from /home/eduardo/airflow_venv/lib/python3.10/site-packages/airflow/example_dags/example_setup_teardown_taskflow.py
[2024-08-08T22:19:59.343+0400] {logging_mixin.py:151} INFO - [2024-08-08T22:19:59.343+0400] {dag.py:2915} INFO - Sync 1 DAGs
[2024-08-08T22:19:59.363+0400] {logging_mixin.py:151} INFO - [2024-08-08T22:19:59.362+0400] {dag.py:3696} INFO - Setting next_dagrun for example_setup_teardown_taskflow to 2024-08-07T18:19:59.362701+00:00, run_after=2024-08-08T18:19:59.362701+00:00
[2024-08-08T22:19:59.402+0400] {processor.py:179} INFO - Processing /home/eduardo/airflow_venv/lib/python3.10/site-packages/airflow/example_dags/example_setup_teardown_taskflow.py took 0.097 seconds
[2024-08-08T22:20:34.251+0400] {processor.py:157} INFO - Started process (PID=15537) to work on /home/eduardo/airflow_venv/lib/python3.10/site-packages/airflow/example_dags/example_setup_teardown_taskflow.py
[2024-08-08T22:20:34.254+0400] {processor.py:829} INFO - Processing file /home/eduardo/airflow_venv/lib/python3.10/site-packages/airflow/example_dags/example_setup_teardown_taskflow.py for tasks to queue
[2024-08-08T22:20:34.254+0400] {logging_mixin.py:151} INFO - [2024-08-08T22:20:34.254+0400] {dagbag.py:539} INFO - Filling up the DagBag from /home/eduardo/airflow_venv/lib/python3.10/site-packages/airflow/example_dags/example_setup_teardown_taskflow.py
[2024-08-08T22:20:34.265+0400] {processor.py:839} INFO - DAG(s) dict_keys(['example_setup_teardown_taskflow']) retrieved from /home/eduardo/airflow_venv/lib/python3.10/site-packages/airflow/example_dags/example_setup_teardown_taskflow.py
[2024-08-08T22:20:34.282+0400] {logging_mixin.py:151} INFO - [2024-08-08T22:20:34.282+0400] {dag.py:2915} INFO - Sync 1 DAGs
[2024-08-08T22:20:34.297+0400] {logging_mixin.py:151} INFO - [2024-08-08T22:20:34.297+0400] {dag.py:3696} INFO - Setting next_dagrun for example_setup_teardown_taskflow to 2024-08-07T18:20:34.297375+00:00, run_after=2024-08-08T18:20:34.297375+00:00
[2024-08-08T22:20:34.326+0400] {processor.py:179} INFO - Processing /home/eduardo/airflow_venv/lib/python3.10/site-packages/airflow/example_dags/example_setup_teardown_taskflow.py took 0.077 seconds
[2024-08-08T22:21:26.069+0400] {processor.py:157} INFO - Started process (PID=16049) to work on /home/eduardo/airflow_venv/lib/python3.10/site-packages/airflow/example_dags/example_setup_teardown_taskflow.py
[2024-08-08T22:21:26.072+0400] {processor.py:829} INFO - Processing file /home/eduardo/airflow_venv/lib/python3.10/site-packages/airflow/example_dags/example_setup_teardown_taskflow.py for tasks to queue
[2024-08-08T22:21:26.073+0400] {logging_mixin.py:151} INFO - [2024-08-08T22:21:26.073+0400] {dagbag.py:539} INFO - Filling up the DagBag from /home/eduardo/airflow_venv/lib/python3.10/site-packages/airflow/example_dags/example_setup_teardown_taskflow.py
[2024-08-08T22:21:26.085+0400] {processor.py:839} INFO - DAG(s) dict_keys(['example_setup_teardown_taskflow']) retrieved from /home/eduardo/airflow_venv/lib/python3.10/site-packages/airflow/example_dags/example_setup_teardown_taskflow.py
[2024-08-08T22:21:26.098+0400] {logging_mixin.py:151} INFO - [2024-08-08T22:21:26.098+0400] {dag.py:2915} INFO - Sync 1 DAGs
[2024-08-08T22:21:26.113+0400] {logging_mixin.py:151} INFO - [2024-08-08T22:21:26.112+0400] {dag.py:3696} INFO - Setting next_dagrun for example_setup_teardown_taskflow to 2024-08-07T18:21:26.112795+00:00, run_after=2024-08-08T18:21:26.112795+00:00
[2024-08-08T22:21:26.144+0400] {processor.py:179} INFO - Processing /home/eduardo/airflow_venv/lib/python3.10/site-packages/airflow/example_dags/example_setup_teardown_taskflow.py took 0.078 seconds
[2024-08-08T22:22:03.250+0400] {processor.py:157} INFO - Started process (PID=16351) to work on /home/eduardo/airflow_venv/lib/python3.10/site-packages/airflow/example_dags/example_setup_teardown_taskflow.py
[2024-08-08T22:22:03.254+0400] {processor.py:829} INFO - Processing file /home/eduardo/airflow_venv/lib/python3.10/site-packages/airflow/example_dags/example_setup_teardown_taskflow.py for tasks to queue
[2024-08-08T22:22:03.256+0400] {logging_mixin.py:151} INFO - [2024-08-08T22:22:03.255+0400] {dagbag.py:539} INFO - Filling up the DagBag from /home/eduardo/airflow_venv/lib/python3.10/site-packages/airflow/example_dags/example_setup_teardown_taskflow.py
[2024-08-08T22:22:03.267+0400] {processor.py:839} INFO - DAG(s) dict_keys(['example_setup_teardown_taskflow']) retrieved from /home/eduardo/airflow_venv/lib/python3.10/site-packages/airflow/example_dags/example_setup_teardown_taskflow.py
[2024-08-08T22:22:03.281+0400] {logging_mixin.py:151} INFO - [2024-08-08T22:22:03.281+0400] {dag.py:2915} INFO - Sync 1 DAGs
[2024-08-08T22:22:03.300+0400] {logging_mixin.py:151} INFO - [2024-08-08T22:22:03.300+0400] {dag.py:3696} INFO - Setting next_dagrun for example_setup_teardown_taskflow to 2024-08-07T18:22:03.300098+00:00, run_after=2024-08-08T18:22:03.300098+00:00
[2024-08-08T22:22:03.327+0400] {processor.py:179} INFO - Processing /home/eduardo/airflow_venv/lib/python3.10/site-packages/airflow/example_dags/example_setup_teardown_taskflow.py took 0.084 seconds
[2024-08-08T22:22:53.304+0400] {processor.py:157} INFO - Started process (PID=16738) to work on /home/eduardo/airflow_venv/lib/python3.10/site-packages/airflow/example_dags/example_setup_teardown_taskflow.py
[2024-08-08T22:22:53.306+0400] {processor.py:829} INFO - Processing file /home/eduardo/airflow_venv/lib/python3.10/site-packages/airflow/example_dags/example_setup_teardown_taskflow.py for tasks to queue
[2024-08-08T22:22:53.308+0400] {logging_mixin.py:151} INFO - [2024-08-08T22:22:53.307+0400] {dagbag.py:539} INFO - Filling up the DagBag from /home/eduardo/airflow_venv/lib/python3.10/site-packages/airflow/example_dags/example_setup_teardown_taskflow.py
[2024-08-08T22:22:53.319+0400] {processor.py:839} INFO - DAG(s) dict_keys(['example_setup_teardown_taskflow']) retrieved from /home/eduardo/airflow_venv/lib/python3.10/site-packages/airflow/example_dags/example_setup_teardown_taskflow.py
[2024-08-08T22:22:53.333+0400] {logging_mixin.py:151} INFO - [2024-08-08T22:22:53.333+0400] {dag.py:2915} INFO - Sync 1 DAGs
[2024-08-08T22:22:53.347+0400] {logging_mixin.py:151} INFO - [2024-08-08T22:22:53.347+0400] {dag.py:3696} INFO - Setting next_dagrun for example_setup_teardown_taskflow to 2024-08-07T18:22:53.347008+00:00, run_after=2024-08-08T18:22:53.347008+00:00
[2024-08-08T22:22:53.381+0400] {processor.py:179} INFO - Processing /home/eduardo/airflow_venv/lib/python3.10/site-packages/airflow/example_dags/example_setup_teardown_taskflow.py took 0.081 seconds
