[2024-08-08T20:18:44.949+0400] {processor.py:157} INFO - Started process (PID=6831) to work on /home/eduardo/airflow_venv/lib/python3.10/site-packages/airflow/example_dags/example_subdag_operator.py
[2024-08-08T20:18:44.950+0400] {processor.py:829} INFO - Processing file /home/eduardo/airflow_venv/lib/python3.10/site-packages/airflow/example_dags/example_subdag_operator.py for tasks to queue
[2024-08-08T20:18:44.950+0400] {logging_mixin.py:151} INFO - [2024-08-08T20:18:44.950+0400] {dagbag.py:539} INFO - Filling up the DagBag from /home/eduardo/airflow_venv/lib/python3.10/site-packages/airflow/example_dags/example_subdag_operator.py
[2024-08-08T20:18:44.963+0400] {processor.py:839} INFO - DAG(s) dict_keys(['example_subdag_operator.section-1', 'example_subdag_operator.section-2', 'example_subdag_operator']) retrieved from /home/eduardo/airflow_venv/lib/python3.10/site-packages/airflow/example_dags/example_subdag_operator.py
[2024-08-08T20:18:45.053+0400] {logging_mixin.py:151} INFO - [2024-08-08T20:18:45.053+0400] {manager.py:499} INFO - Created Permission View: %s
[2024-08-08T20:18:45.072+0400] {logging_mixin.py:151} INFO - [2024-08-08T20:18:45.071+0400] {manager.py:499} INFO - Created Permission View: %s
[2024-08-08T20:18:45.105+0400] {logging_mixin.py:151} INFO - [2024-08-08T20:18:45.104+0400] {manager.py:499} INFO - Created Permission View: %s
[2024-08-08T20:18:45.105+0400] {logging_mixin.py:151} INFO - [2024-08-08T20:18:45.105+0400] {security.py:708} INFO - Not syncing DAG-level permissions for DAG 'DAG:example_subdag_operator' as access control is unset.
[2024-08-08T20:18:45.106+0400] {logging_mixin.py:151} INFO - [2024-08-08T20:18:45.105+0400] {dag.py:2915} INFO - Sync 3 DAGs
[2024-08-08T20:18:45.114+0400] {logging_mixin.py:151} INFO - [2024-08-08T20:18:45.114+0400] {dag.py:2937} INFO - Creating ORM DAG for example_subdag_operator.section-2
[2024-08-08T20:18:45.114+0400] {logging_mixin.py:151} INFO - [2024-08-08T20:18:45.114+0400] {dag.py:2937} INFO - Creating ORM DAG for example_subdag_operator
[2024-08-08T20:18:45.114+0400] {logging_mixin.py:151} INFO - [2024-08-08T20:18:45.114+0400] {dag.py:2937} INFO - Creating ORM DAG for example_subdag_operator.section-1
[2024-08-08T20:18:45.124+0400] {logging_mixin.py:151} INFO - [2024-08-08T20:18:45.124+0400] {dag.py:3696} INFO - Setting next_dagrun for example_subdag_operator to 2022-01-01T00:00:00+00:00, run_after=2022-01-01T00:00:00+00:00
[2024-08-08T20:18:45.124+0400] {logging_mixin.py:151} INFO - [2024-08-08T20:18:45.124+0400] {dag.py:3696} INFO - Setting next_dagrun for example_subdag_operator.section-1 to None, run_after=None
[2024-08-08T20:18:45.124+0400] {logging_mixin.py:151} INFO - [2024-08-08T20:18:45.124+0400] {dag.py:3696} INFO - Setting next_dagrun for example_subdag_operator.section-2 to None, run_after=None
[2024-08-08T20:18:45.128+0400] {logging_mixin.py:151} INFO - [2024-08-08T20:18:45.128+0400] {dag.py:2915} INFO - Sync 2 DAGs
[2024-08-08T20:18:45.130+0400] {logging_mixin.py:151} INFO - [2024-08-08T20:18:45.130+0400] {dag.py:3696} INFO - Setting next_dagrun for example_subdag_operator.section-1 to None, run_after=None
[2024-08-08T20:18:45.133+0400] {logging_mixin.py:151} INFO - [2024-08-08T20:18:45.132+0400] {dag.py:3696} INFO - Setting next_dagrun for example_subdag_operator.section-2 to None, run_after=None
[2024-08-08T20:18:45.186+0400] {processor.py:179} INFO - Processing /home/eduardo/airflow_venv/lib/python3.10/site-packages/airflow/example_dags/example_subdag_operator.py took 0.239 seconds
[2024-08-08T20:19:32.842+0400] {processor.py:157} INFO - Started process (PID=6877) to work on /home/eduardo/airflow_venv/lib/python3.10/site-packages/airflow/example_dags/example_subdag_operator.py
[2024-08-08T20:19:32.843+0400] {processor.py:829} INFO - Processing file /home/eduardo/airflow_venv/lib/python3.10/site-packages/airflow/example_dags/example_subdag_operator.py for tasks to queue
[2024-08-08T20:19:32.843+0400] {logging_mixin.py:151} INFO - [2024-08-08T20:19:32.843+0400] {dagbag.py:539} INFO - Filling up the DagBag from /home/eduardo/airflow_venv/lib/python3.10/site-packages/airflow/example_dags/example_subdag_operator.py
[2024-08-08T20:19:32.860+0400] {processor.py:839} INFO - DAG(s) dict_keys(['example_subdag_operator.section-1', 'example_subdag_operator.section-2', 'example_subdag_operator']) retrieved from /home/eduardo/airflow_venv/lib/python3.10/site-packages/airflow/example_dags/example_subdag_operator.py
[2024-08-08T20:19:32.872+0400] {logging_mixin.py:151} INFO - [2024-08-08T20:19:32.872+0400] {dag.py:2915} INFO - Sync 3 DAGs
[2024-08-08T20:19:32.884+0400] {logging_mixin.py:151} INFO - [2024-08-08T20:19:32.883+0400] {dag.py:3696} INFO - Setting next_dagrun for example_subdag_operator to 2022-01-01T00:00:00+00:00, run_after=2022-01-01T00:00:00+00:00
[2024-08-08T20:19:32.886+0400] {logging_mixin.py:151} INFO - [2024-08-08T20:19:32.885+0400] {dag.py:3696} INFO - Setting next_dagrun for example_subdag_operator.section-1 to None, run_after=None
[2024-08-08T20:19:32.887+0400] {logging_mixin.py:151} INFO - [2024-08-08T20:19:32.886+0400] {dag.py:3696} INFO - Setting next_dagrun for example_subdag_operator.section-2 to None, run_after=None
[2024-08-08T20:19:32.891+0400] {logging_mixin.py:151} INFO - [2024-08-08T20:19:32.890+0400] {dag.py:2915} INFO - Sync 2 DAGs
[2024-08-08T20:19:32.894+0400] {logging_mixin.py:151} INFO - [2024-08-08T20:19:32.894+0400] {dag.py:3696} INFO - Setting next_dagrun for example_subdag_operator.section-1 to None, run_after=None
[2024-08-08T20:19:32.894+0400] {logging_mixin.py:151} INFO - [2024-08-08T20:19:32.894+0400] {dag.py:3696} INFO - Setting next_dagrun for example_subdag_operator.section-2 to None, run_after=None
[2024-08-08T20:19:32.922+0400] {processor.py:179} INFO - Processing /home/eduardo/airflow_venv/lib/python3.10/site-packages/airflow/example_dags/example_subdag_operator.py took 0.083 seconds
[2024-08-08T20:20:15.244+0400] {processor.py:157} INFO - Started process (PID=6925) to work on /home/eduardo/airflow_venv/lib/python3.10/site-packages/airflow/example_dags/example_subdag_operator.py
[2024-08-08T20:20:15.245+0400] {processor.py:829} INFO - Processing file /home/eduardo/airflow_venv/lib/python3.10/site-packages/airflow/example_dags/example_subdag_operator.py for tasks to queue
[2024-08-08T20:20:15.246+0400] {logging_mixin.py:151} INFO - [2024-08-08T20:20:15.246+0400] {dagbag.py:539} INFO - Filling up the DagBag from /home/eduardo/airflow_venv/lib/python3.10/site-packages/airflow/example_dags/example_subdag_operator.py
[2024-08-08T20:20:15.258+0400] {processor.py:839} INFO - DAG(s) dict_keys(['example_subdag_operator.section-1', 'example_subdag_operator.section-2', 'example_subdag_operator']) retrieved from /home/eduardo/airflow_venv/lib/python3.10/site-packages/airflow/example_dags/example_subdag_operator.py
[2024-08-08T20:20:15.268+0400] {logging_mixin.py:151} INFO - [2024-08-08T20:20:15.268+0400] {dag.py:2915} INFO - Sync 3 DAGs
[2024-08-08T20:20:15.279+0400] {logging_mixin.py:151} INFO - [2024-08-08T20:20:15.278+0400] {dag.py:3696} INFO - Setting next_dagrun for example_subdag_operator to 2022-01-01T00:00:00+00:00, run_after=2022-01-01T00:00:00+00:00
[2024-08-08T20:20:15.281+0400] {logging_mixin.py:151} INFO - [2024-08-08T20:20:15.280+0400] {dag.py:3696} INFO - Setting next_dagrun for example_subdag_operator.section-1 to None, run_after=None
[2024-08-08T20:20:15.281+0400] {logging_mixin.py:151} INFO - [2024-08-08T20:20:15.281+0400] {dag.py:3696} INFO - Setting next_dagrun for example_subdag_operator.section-2 to None, run_after=None
[2024-08-08T20:20:15.285+0400] {logging_mixin.py:151} INFO - [2024-08-08T20:20:15.285+0400] {dag.py:2915} INFO - Sync 2 DAGs
[2024-08-08T20:20:15.288+0400] {logging_mixin.py:151} INFO - [2024-08-08T20:20:15.288+0400] {dag.py:3696} INFO - Setting next_dagrun for example_subdag_operator.section-1 to None, run_after=None
[2024-08-08T20:20:15.288+0400] {logging_mixin.py:151} INFO - [2024-08-08T20:20:15.288+0400] {dag.py:3696} INFO - Setting next_dagrun for example_subdag_operator.section-2 to None, run_after=None
[2024-08-08T20:20:15.311+0400] {processor.py:179} INFO - Processing /home/eduardo/airflow_venv/lib/python3.10/site-packages/airflow/example_dags/example_subdag_operator.py took 0.068 seconds
[2024-08-08T20:21:00.066+0400] {processor.py:157} INFO - Started process (PID=6971) to work on /home/eduardo/airflow_venv/lib/python3.10/site-packages/airflow/example_dags/example_subdag_operator.py
[2024-08-08T20:21:00.067+0400] {processor.py:829} INFO - Processing file /home/eduardo/airflow_venv/lib/python3.10/site-packages/airflow/example_dags/example_subdag_operator.py for tasks to queue
[2024-08-08T20:21:00.068+0400] {logging_mixin.py:151} INFO - [2024-08-08T20:21:00.068+0400] {dagbag.py:539} INFO - Filling up the DagBag from /home/eduardo/airflow_venv/lib/python3.10/site-packages/airflow/example_dags/example_subdag_operator.py
[2024-08-08T20:21:00.084+0400] {processor.py:839} INFO - DAG(s) dict_keys(['example_subdag_operator.section-1', 'example_subdag_operator.section-2', 'example_subdag_operator']) retrieved from /home/eduardo/airflow_venv/lib/python3.10/site-packages/airflow/example_dags/example_subdag_operator.py
[2024-08-08T20:21:00.094+0400] {logging_mixin.py:151} INFO - [2024-08-08T20:21:00.094+0400] {dag.py:2915} INFO - Sync 3 DAGs
[2024-08-08T20:21:00.107+0400] {logging_mixin.py:151} INFO - [2024-08-08T20:21:00.107+0400] {dag.py:3696} INFO - Setting next_dagrun for example_subdag_operator to 2022-01-01T00:00:00+00:00, run_after=2022-01-01T00:00:00+00:00
[2024-08-08T20:21:00.109+0400] {logging_mixin.py:151} INFO - [2024-08-08T20:21:00.109+0400] {dag.py:3696} INFO - Setting next_dagrun for example_subdag_operator.section-1 to None, run_after=None
[2024-08-08T20:21:00.110+0400] {logging_mixin.py:151} INFO - [2024-08-08T20:21:00.109+0400] {dag.py:3696} INFO - Setting next_dagrun for example_subdag_operator.section-2 to None, run_after=None
[2024-08-08T20:21:00.114+0400] {logging_mixin.py:151} INFO - [2024-08-08T20:21:00.114+0400] {dag.py:2915} INFO - Sync 2 DAGs
[2024-08-08T20:21:00.117+0400] {logging_mixin.py:151} INFO - [2024-08-08T20:21:00.116+0400] {dag.py:3696} INFO - Setting next_dagrun for example_subdag_operator.section-1 to None, run_after=None
[2024-08-08T20:21:00.117+0400] {logging_mixin.py:151} INFO - [2024-08-08T20:21:00.117+0400] {dag.py:3696} INFO - Setting next_dagrun for example_subdag_operator.section-2 to None, run_after=None
[2024-08-08T20:21:00.143+0400] {processor.py:179} INFO - Processing /home/eduardo/airflow_venv/lib/python3.10/site-packages/airflow/example_dags/example_subdag_operator.py took 0.080 seconds
[2024-08-08T20:21:42.354+0400] {processor.py:157} INFO - Started process (PID=7017) to work on /home/eduardo/airflow_venv/lib/python3.10/site-packages/airflow/example_dags/example_subdag_operator.py
[2024-08-08T20:21:42.355+0400] {processor.py:829} INFO - Processing file /home/eduardo/airflow_venv/lib/python3.10/site-packages/airflow/example_dags/example_subdag_operator.py for tasks to queue
[2024-08-08T20:21:42.356+0400] {logging_mixin.py:151} INFO - [2024-08-08T20:21:42.356+0400] {dagbag.py:539} INFO - Filling up the DagBag from /home/eduardo/airflow_venv/lib/python3.10/site-packages/airflow/example_dags/example_subdag_operator.py
[2024-08-08T20:21:42.374+0400] {processor.py:839} INFO - DAG(s) dict_keys(['example_subdag_operator.section-1', 'example_subdag_operator.section-2', 'example_subdag_operator']) retrieved from /home/eduardo/airflow_venv/lib/python3.10/site-packages/airflow/example_dags/example_subdag_operator.py
[2024-08-08T20:21:42.386+0400] {logging_mixin.py:151} INFO - [2024-08-08T20:21:42.385+0400] {dag.py:2915} INFO - Sync 3 DAGs
[2024-08-08T20:21:42.401+0400] {logging_mixin.py:151} INFO - [2024-08-08T20:21:42.401+0400] {dag.py:3696} INFO - Setting next_dagrun for example_subdag_operator to 2022-01-01T00:00:00+00:00, run_after=2022-01-01T00:00:00+00:00
[2024-08-08T20:21:42.405+0400] {logging_mixin.py:151} INFO - [2024-08-08T20:21:42.405+0400] {dag.py:3696} INFO - Setting next_dagrun for example_subdag_operator.section-1 to None, run_after=None
[2024-08-08T20:21:42.406+0400] {logging_mixin.py:151} INFO - [2024-08-08T20:21:42.406+0400] {dag.py:3696} INFO - Setting next_dagrun for example_subdag_operator.section-2 to None, run_after=None
[2024-08-08T20:21:42.410+0400] {logging_mixin.py:151} INFO - [2024-08-08T20:21:42.410+0400] {dag.py:2915} INFO - Sync 2 DAGs
[2024-08-08T20:21:42.413+0400] {logging_mixin.py:151} INFO - [2024-08-08T20:21:42.412+0400] {dag.py:3696} INFO - Setting next_dagrun for example_subdag_operator.section-1 to None, run_after=None
[2024-08-08T20:21:42.413+0400] {logging_mixin.py:151} INFO - [2024-08-08T20:21:42.413+0400] {dag.py:3696} INFO - Setting next_dagrun for example_subdag_operator.section-2 to None, run_after=None
[2024-08-08T20:21:42.440+0400] {processor.py:179} INFO - Processing /home/eduardo/airflow_venv/lib/python3.10/site-packages/airflow/example_dags/example_subdag_operator.py took 0.089 seconds
[2024-08-08T20:22:27.921+0400] {processor.py:157} INFO - Started process (PID=7063) to work on /home/eduardo/airflow_venv/lib/python3.10/site-packages/airflow/example_dags/example_subdag_operator.py
[2024-08-08T20:22:27.923+0400] {processor.py:829} INFO - Processing file /home/eduardo/airflow_venv/lib/python3.10/site-packages/airflow/example_dags/example_subdag_operator.py for tasks to queue
[2024-08-08T20:22:27.923+0400] {logging_mixin.py:151} INFO - [2024-08-08T20:22:27.923+0400] {dagbag.py:539} INFO - Filling up the DagBag from /home/eduardo/airflow_venv/lib/python3.10/site-packages/airflow/example_dags/example_subdag_operator.py
[2024-08-08T20:22:27.938+0400] {processor.py:839} INFO - DAG(s) dict_keys(['example_subdag_operator.section-1', 'example_subdag_operator.section-2', 'example_subdag_operator']) retrieved from /home/eduardo/airflow_venv/lib/python3.10/site-packages/airflow/example_dags/example_subdag_operator.py
[2024-08-08T20:22:27.947+0400] {logging_mixin.py:151} INFO - [2024-08-08T20:22:27.947+0400] {dag.py:2915} INFO - Sync 3 DAGs
[2024-08-08T20:22:27.959+0400] {logging_mixin.py:151} INFO - [2024-08-08T20:22:27.959+0400] {dag.py:3696} INFO - Setting next_dagrun for example_subdag_operator to 2022-01-01T00:00:00+00:00, run_after=2022-01-01T00:00:00+00:00
[2024-08-08T20:22:27.961+0400] {logging_mixin.py:151} INFO - [2024-08-08T20:22:27.961+0400] {dag.py:3696} INFO - Setting next_dagrun for example_subdag_operator.section-1 to None, run_after=None
[2024-08-08T20:22:27.961+0400] {logging_mixin.py:151} INFO - [2024-08-08T20:22:27.961+0400] {dag.py:3696} INFO - Setting next_dagrun for example_subdag_operator.section-2 to None, run_after=None
[2024-08-08T20:22:27.965+0400] {logging_mixin.py:151} INFO - [2024-08-08T20:22:27.964+0400] {dag.py:2915} INFO - Sync 2 DAGs
[2024-08-08T20:22:27.967+0400] {logging_mixin.py:151} INFO - [2024-08-08T20:22:27.967+0400] {dag.py:3696} INFO - Setting next_dagrun for example_subdag_operator.section-1 to None, run_after=None
[2024-08-08T20:22:27.967+0400] {logging_mixin.py:151} INFO - [2024-08-08T20:22:27.967+0400] {dag.py:3696} INFO - Setting next_dagrun for example_subdag_operator.section-2 to None, run_after=None
[2024-08-08T20:22:27.992+0400] {processor.py:179} INFO - Processing /home/eduardo/airflow_venv/lib/python3.10/site-packages/airflow/example_dags/example_subdag_operator.py took 0.073 seconds
[2024-08-08T20:23:13.100+0400] {processor.py:157} INFO - Started process (PID=7129) to work on /home/eduardo/airflow_venv/lib/python3.10/site-packages/airflow/example_dags/example_subdag_operator.py
[2024-08-08T20:23:13.101+0400] {processor.py:829} INFO - Processing file /home/eduardo/airflow_venv/lib/python3.10/site-packages/airflow/example_dags/example_subdag_operator.py for tasks to queue
[2024-08-08T20:23:13.102+0400] {logging_mixin.py:151} INFO - [2024-08-08T20:23:13.102+0400] {dagbag.py:539} INFO - Filling up the DagBag from /home/eduardo/airflow_venv/lib/python3.10/site-packages/airflow/example_dags/example_subdag_operator.py
[2024-08-08T20:23:13.121+0400] {processor.py:839} INFO - DAG(s) dict_keys(['example_subdag_operator.section-1', 'example_subdag_operator.section-2', 'example_subdag_operator']) retrieved from /home/eduardo/airflow_venv/lib/python3.10/site-packages/airflow/example_dags/example_subdag_operator.py
[2024-08-08T20:23:13.134+0400] {logging_mixin.py:151} INFO - [2024-08-08T20:23:13.134+0400] {dag.py:2915} INFO - Sync 3 DAGs
[2024-08-08T20:23:13.149+0400] {logging_mixin.py:151} INFO - [2024-08-08T20:23:13.149+0400] {dag.py:3696} INFO - Setting next_dagrun for example_subdag_operator to 2022-01-01T00:00:00+00:00, run_after=2022-01-01T00:00:00+00:00
[2024-08-08T20:23:13.151+0400] {logging_mixin.py:151} INFO - [2024-08-08T20:23:13.151+0400] {dag.py:3696} INFO - Setting next_dagrun for example_subdag_operator.section-1 to None, run_after=None
[2024-08-08T20:23:13.152+0400] {logging_mixin.py:151} INFO - [2024-08-08T20:23:13.152+0400] {dag.py:3696} INFO - Setting next_dagrun for example_subdag_operator.section-2 to None, run_after=None
[2024-08-08T20:23:13.157+0400] {logging_mixin.py:151} INFO - [2024-08-08T20:23:13.157+0400] {dag.py:2915} INFO - Sync 2 DAGs
[2024-08-08T20:23:13.160+0400] {logging_mixin.py:151} INFO - [2024-08-08T20:23:13.160+0400] {dag.py:3696} INFO - Setting next_dagrun for example_subdag_operator.section-1 to None, run_after=None
[2024-08-08T20:23:13.161+0400] {logging_mixin.py:151} INFO - [2024-08-08T20:23:13.161+0400] {dag.py:3696} INFO - Setting next_dagrun for example_subdag_operator.section-2 to None, run_after=None
[2024-08-08T20:23:13.187+0400] {processor.py:179} INFO - Processing /home/eduardo/airflow_venv/lib/python3.10/site-packages/airflow/example_dags/example_subdag_operator.py took 0.091 seconds
[2024-08-08T20:23:56.051+0400] {processor.py:157} INFO - Started process (PID=7176) to work on /home/eduardo/airflow_venv/lib/python3.10/site-packages/airflow/example_dags/example_subdag_operator.py
[2024-08-08T20:23:56.052+0400] {processor.py:829} INFO - Processing file /home/eduardo/airflow_venv/lib/python3.10/site-packages/airflow/example_dags/example_subdag_operator.py for tasks to queue
[2024-08-08T20:23:56.052+0400] {logging_mixin.py:151} INFO - [2024-08-08T20:23:56.052+0400] {dagbag.py:539} INFO - Filling up the DagBag from /home/eduardo/airflow_venv/lib/python3.10/site-packages/airflow/example_dags/example_subdag_operator.py
[2024-08-08T20:23:56.069+0400] {processor.py:839} INFO - DAG(s) dict_keys(['example_subdag_operator.section-1', 'example_subdag_operator.section-2', 'example_subdag_operator']) retrieved from /home/eduardo/airflow_venv/lib/python3.10/site-packages/airflow/example_dags/example_subdag_operator.py
[2024-08-08T20:23:56.081+0400] {logging_mixin.py:151} INFO - [2024-08-08T20:23:56.081+0400] {dag.py:2915} INFO - Sync 3 DAGs
[2024-08-08T20:23:56.093+0400] {logging_mixin.py:151} INFO - [2024-08-08T20:23:56.093+0400] {dag.py:3696} INFO - Setting next_dagrun for example_subdag_operator to 2022-01-01T00:00:00+00:00, run_after=2022-01-01T00:00:00+00:00
[2024-08-08T20:23:56.095+0400] {logging_mixin.py:151} INFO - [2024-08-08T20:23:56.095+0400] {dag.py:3696} INFO - Setting next_dagrun for example_subdag_operator.section-1 to None, run_after=None
[2024-08-08T20:23:56.095+0400] {logging_mixin.py:151} INFO - [2024-08-08T20:23:56.095+0400] {dag.py:3696} INFO - Setting next_dagrun for example_subdag_operator.section-2 to None, run_after=None
[2024-08-08T20:23:56.098+0400] {logging_mixin.py:151} INFO - [2024-08-08T20:23:56.098+0400] {dag.py:2915} INFO - Sync 2 DAGs
[2024-08-08T20:23:56.100+0400] {logging_mixin.py:151} INFO - [2024-08-08T20:23:56.100+0400] {dag.py:3696} INFO - Setting next_dagrun for example_subdag_operator.section-1 to None, run_after=None
[2024-08-08T20:23:56.100+0400] {logging_mixin.py:151} INFO - [2024-08-08T20:23:56.100+0400] {dag.py:3696} INFO - Setting next_dagrun for example_subdag_operator.section-2 to None, run_after=None
[2024-08-08T20:23:56.120+0400] {processor.py:179} INFO - Processing /home/eduardo/airflow_venv/lib/python3.10/site-packages/airflow/example_dags/example_subdag_operator.py took 0.072 seconds
[2024-08-08T20:24:41.724+0400] {processor.py:157} INFO - Started process (PID=7231) to work on /home/eduardo/airflow_venv/lib/python3.10/site-packages/airflow/example_dags/example_subdag_operator.py
[2024-08-08T20:24:41.726+0400] {processor.py:829} INFO - Processing file /home/eduardo/airflow_venv/lib/python3.10/site-packages/airflow/example_dags/example_subdag_operator.py for tasks to queue
[2024-08-08T20:24:41.726+0400] {logging_mixin.py:151} INFO - [2024-08-08T20:24:41.726+0400] {dagbag.py:539} INFO - Filling up the DagBag from /home/eduardo/airflow_venv/lib/python3.10/site-packages/airflow/example_dags/example_subdag_operator.py
[2024-08-08T20:24:41.741+0400] {processor.py:839} INFO - DAG(s) dict_keys(['example_subdag_operator.section-1', 'example_subdag_operator.section-2', 'example_subdag_operator']) retrieved from /home/eduardo/airflow_venv/lib/python3.10/site-packages/airflow/example_dags/example_subdag_operator.py
[2024-08-08T20:24:41.752+0400] {logging_mixin.py:151} INFO - [2024-08-08T20:24:41.751+0400] {dag.py:2915} INFO - Sync 3 DAGs
[2024-08-08T20:24:41.763+0400] {logging_mixin.py:151} INFO - [2024-08-08T20:24:41.763+0400] {dag.py:3696} INFO - Setting next_dagrun for example_subdag_operator to 2022-01-01T00:00:00+00:00, run_after=2022-01-01T00:00:00+00:00
[2024-08-08T20:24:41.764+0400] {logging_mixin.py:151} INFO - [2024-08-08T20:24:41.764+0400] {dag.py:3696} INFO - Setting next_dagrun for example_subdag_operator.section-1 to None, run_after=None
[2024-08-08T20:24:41.765+0400] {logging_mixin.py:151} INFO - [2024-08-08T20:24:41.765+0400] {dag.py:3696} INFO - Setting next_dagrun for example_subdag_operator.section-2 to None, run_after=None
[2024-08-08T20:24:41.768+0400] {logging_mixin.py:151} INFO - [2024-08-08T20:24:41.768+0400] {dag.py:2915} INFO - Sync 2 DAGs
[2024-08-08T20:24:41.770+0400] {logging_mixin.py:151} INFO - [2024-08-08T20:24:41.770+0400] {dag.py:3696} INFO - Setting next_dagrun for example_subdag_operator.section-1 to None, run_after=None
[2024-08-08T20:24:41.770+0400] {logging_mixin.py:151} INFO - [2024-08-08T20:24:41.770+0400] {dag.py:3696} INFO - Setting next_dagrun for example_subdag_operator.section-2 to None, run_after=None
[2024-08-08T20:24:41.792+0400] {processor.py:179} INFO - Processing /home/eduardo/airflow_venv/lib/python3.10/site-packages/airflow/example_dags/example_subdag_operator.py took 0.070 seconds
[2024-08-08T20:25:30.978+0400] {processor.py:157} INFO - Started process (PID=7282) to work on /home/eduardo/airflow_venv/lib/python3.10/site-packages/airflow/example_dags/example_subdag_operator.py
[2024-08-08T20:25:30.979+0400] {processor.py:829} INFO - Processing file /home/eduardo/airflow_venv/lib/python3.10/site-packages/airflow/example_dags/example_subdag_operator.py for tasks to queue
[2024-08-08T20:25:30.979+0400] {logging_mixin.py:151} INFO - [2024-08-08T20:25:30.979+0400] {dagbag.py:539} INFO - Filling up the DagBag from /home/eduardo/airflow_venv/lib/python3.10/site-packages/airflow/example_dags/example_subdag_operator.py
[2024-08-08T20:25:30.994+0400] {processor.py:839} INFO - DAG(s) dict_keys(['example_subdag_operator.section-1', 'example_subdag_operator.section-2', 'example_subdag_operator']) retrieved from /home/eduardo/airflow_venv/lib/python3.10/site-packages/airflow/example_dags/example_subdag_operator.py
[2024-08-08T20:25:31.004+0400] {logging_mixin.py:151} INFO - [2024-08-08T20:25:31.004+0400] {dag.py:2915} INFO - Sync 3 DAGs
[2024-08-08T20:25:31.015+0400] {logging_mixin.py:151} INFO - [2024-08-08T20:25:31.015+0400] {dag.py:3696} INFO - Setting next_dagrun for example_subdag_operator to 2022-01-01T00:00:00+00:00, run_after=2022-01-01T00:00:00+00:00
[2024-08-08T20:25:31.017+0400] {logging_mixin.py:151} INFO - [2024-08-08T20:25:31.017+0400] {dag.py:3696} INFO - Setting next_dagrun for example_subdag_operator.section-1 to None, run_after=None
[2024-08-08T20:25:31.018+0400] {logging_mixin.py:151} INFO - [2024-08-08T20:25:31.018+0400] {dag.py:3696} INFO - Setting next_dagrun for example_subdag_operator.section-2 to None, run_after=None
[2024-08-08T20:25:31.023+0400] {logging_mixin.py:151} INFO - [2024-08-08T20:25:31.023+0400] {dag.py:2915} INFO - Sync 2 DAGs
[2024-08-08T20:25:31.025+0400] {logging_mixin.py:151} INFO - [2024-08-08T20:25:31.025+0400] {dag.py:3696} INFO - Setting next_dagrun for example_subdag_operator.section-1 to None, run_after=None
[2024-08-08T20:25:31.026+0400] {logging_mixin.py:151} INFO - [2024-08-08T20:25:31.026+0400] {dag.py:3696} INFO - Setting next_dagrun for example_subdag_operator.section-2 to None, run_after=None
[2024-08-08T20:25:31.053+0400] {processor.py:179} INFO - Processing /home/eduardo/airflow_venv/lib/python3.10/site-packages/airflow/example_dags/example_subdag_operator.py took 0.077 seconds
[2024-08-08T22:09:57.041+0400] {processor.py:157} INFO - Started process (PID=9679) to work on /home/eduardo/airflow_venv/lib/python3.10/site-packages/airflow/example_dags/example_subdag_operator.py
[2024-08-08T22:09:57.044+0400] {processor.py:829} INFO - Processing file /home/eduardo/airflow_venv/lib/python3.10/site-packages/airflow/example_dags/example_subdag_operator.py for tasks to queue
[2024-08-08T22:09:57.045+0400] {logging_mixin.py:151} INFO - [2024-08-08T22:09:57.044+0400] {dagbag.py:539} INFO - Filling up the DagBag from /home/eduardo/airflow_venv/lib/python3.10/site-packages/airflow/example_dags/example_subdag_operator.py
[2024-08-08T22:09:57.064+0400] {processor.py:839} INFO - DAG(s) dict_keys(['example_subdag_operator.section-1', 'example_subdag_operator.section-2', 'example_subdag_operator']) retrieved from /home/eduardo/airflow_venv/lib/python3.10/site-packages/airflow/example_dags/example_subdag_operator.py
[2024-08-08T22:09:57.078+0400] {logging_mixin.py:151} INFO - [2024-08-08T22:09:57.078+0400] {dag.py:2915} INFO - Sync 3 DAGs
[2024-08-08T22:09:57.097+0400] {logging_mixin.py:151} INFO - [2024-08-08T22:09:57.097+0400] {dag.py:3696} INFO - Setting next_dagrun for example_subdag_operator to 2022-01-01T00:00:00+00:00, run_after=2022-01-01T00:00:00+00:00
[2024-08-08T22:09:57.100+0400] {logging_mixin.py:151} INFO - [2024-08-08T22:09:57.100+0400] {dag.py:3696} INFO - Setting next_dagrun for example_subdag_operator.section-1 to None, run_after=None
[2024-08-08T22:09:57.101+0400] {logging_mixin.py:151} INFO - [2024-08-08T22:09:57.101+0400] {dag.py:3696} INFO - Setting next_dagrun for example_subdag_operator.section-2 to None, run_after=None
[2024-08-08T22:09:57.105+0400] {logging_mixin.py:151} INFO - [2024-08-08T22:09:57.105+0400] {dag.py:2915} INFO - Sync 2 DAGs
[2024-08-08T22:09:57.109+0400] {logging_mixin.py:151} INFO - [2024-08-08T22:09:57.108+0400] {dag.py:3696} INFO - Setting next_dagrun for example_subdag_operator.section-1 to None, run_after=None
[2024-08-08T22:09:57.109+0400] {logging_mixin.py:151} INFO - [2024-08-08T22:09:57.109+0400] {dag.py:3696} INFO - Setting next_dagrun for example_subdag_operator.section-2 to None, run_after=None
[2024-08-08T22:09:57.141+0400] {processor.py:179} INFO - Processing /home/eduardo/airflow_venv/lib/python3.10/site-packages/airflow/example_dags/example_subdag_operator.py took 0.103 seconds
[2024-08-08T22:10:43.857+0400] {processor.py:157} INFO - Started process (PID=10179) to work on /home/eduardo/airflow_venv/lib/python3.10/site-packages/airflow/example_dags/example_subdag_operator.py
[2024-08-08T22:10:43.859+0400] {processor.py:829} INFO - Processing file /home/eduardo/airflow_venv/lib/python3.10/site-packages/airflow/example_dags/example_subdag_operator.py for tasks to queue
[2024-08-08T22:10:43.860+0400] {logging_mixin.py:151} INFO - [2024-08-08T22:10:43.860+0400] {dagbag.py:539} INFO - Filling up the DagBag from /home/eduardo/airflow_venv/lib/python3.10/site-packages/airflow/example_dags/example_subdag_operator.py
[2024-08-08T22:10:43.884+0400] {processor.py:839} INFO - DAG(s) dict_keys(['example_subdag_operator.section-1', 'example_subdag_operator.section-2', 'example_subdag_operator']) retrieved from /home/eduardo/airflow_venv/lib/python3.10/site-packages/airflow/example_dags/example_subdag_operator.py
[2024-08-08T22:10:43.897+0400] {logging_mixin.py:151} INFO - [2024-08-08T22:10:43.897+0400] {dag.py:2915} INFO - Sync 3 DAGs
[2024-08-08T22:10:43.915+0400] {logging_mixin.py:151} INFO - [2024-08-08T22:10:43.914+0400] {dag.py:3696} INFO - Setting next_dagrun for example_subdag_operator to 2022-01-01T00:00:00+00:00, run_after=2022-01-01T00:00:00+00:00
[2024-08-08T22:10:43.918+0400] {logging_mixin.py:151} INFO - [2024-08-08T22:10:43.918+0400] {dag.py:3696} INFO - Setting next_dagrun for example_subdag_operator.section-1 to None, run_after=None
[2024-08-08T22:10:43.919+0400] {logging_mixin.py:151} INFO - [2024-08-08T22:10:43.919+0400] {dag.py:3696} INFO - Setting next_dagrun for example_subdag_operator.section-2 to None, run_after=None
[2024-08-08T22:10:43.925+0400] {logging_mixin.py:151} INFO - [2024-08-08T22:10:43.925+0400] {dag.py:2915} INFO - Sync 2 DAGs
[2024-08-08T22:10:43.931+0400] {logging_mixin.py:151} INFO - [2024-08-08T22:10:43.930+0400] {dag.py:3696} INFO - Setting next_dagrun for example_subdag_operator.section-1 to None, run_after=None
[2024-08-08T22:10:43.931+0400] {logging_mixin.py:151} INFO - [2024-08-08T22:10:43.931+0400] {dag.py:3696} INFO - Setting next_dagrun for example_subdag_operator.section-2 to None, run_after=None
[2024-08-08T22:10:43.956+0400] {processor.py:179} INFO - Processing /home/eduardo/airflow_venv/lib/python3.10/site-packages/airflow/example_dags/example_subdag_operator.py took 0.103 seconds
[2024-08-08T22:11:35.955+0400] {processor.py:157} INFO - Started process (PID=10749) to work on /home/eduardo/airflow_venv/lib/python3.10/site-packages/airflow/example_dags/example_subdag_operator.py
[2024-08-08T22:11:35.959+0400] {processor.py:829} INFO - Processing file /home/eduardo/airflow_venv/lib/python3.10/site-packages/airflow/example_dags/example_subdag_operator.py for tasks to queue
[2024-08-08T22:11:35.960+0400] {logging_mixin.py:151} INFO - [2024-08-08T22:11:35.960+0400] {dagbag.py:539} INFO - Filling up the DagBag from /home/eduardo/airflow_venv/lib/python3.10/site-packages/airflow/example_dags/example_subdag_operator.py
[2024-08-08T22:11:35.983+0400] {processor.py:839} INFO - DAG(s) dict_keys(['example_subdag_operator.section-1', 'example_subdag_operator.section-2', 'example_subdag_operator']) retrieved from /home/eduardo/airflow_venv/lib/python3.10/site-packages/airflow/example_dags/example_subdag_operator.py
[2024-08-08T22:11:36.006+0400] {logging_mixin.py:151} INFO - [2024-08-08T22:11:36.006+0400] {dag.py:2915} INFO - Sync 3 DAGs
[2024-08-08T22:11:36.034+0400] {logging_mixin.py:151} INFO - [2024-08-08T22:11:36.033+0400] {dag.py:3696} INFO - Setting next_dagrun for example_subdag_operator to 2022-01-01T00:00:00+00:00, run_after=2022-01-01T00:00:00+00:00
[2024-08-08T22:11:36.037+0400] {logging_mixin.py:151} INFO - [2024-08-08T22:11:36.037+0400] {dag.py:3696} INFO - Setting next_dagrun for example_subdag_operator.section-1 to None, run_after=None
[2024-08-08T22:11:36.038+0400] {logging_mixin.py:151} INFO - [2024-08-08T22:11:36.038+0400] {dag.py:3696} INFO - Setting next_dagrun for example_subdag_operator.section-2 to None, run_after=None
[2024-08-08T22:11:36.043+0400] {logging_mixin.py:151} INFO - [2024-08-08T22:11:36.043+0400] {dag.py:2915} INFO - Sync 2 DAGs
[2024-08-08T22:11:36.047+0400] {logging_mixin.py:151} INFO - [2024-08-08T22:11:36.046+0400] {dag.py:3696} INFO - Setting next_dagrun for example_subdag_operator.section-1 to None, run_after=None
[2024-08-08T22:11:36.047+0400] {logging_mixin.py:151} INFO - [2024-08-08T22:11:36.047+0400] {dag.py:3696} INFO - Setting next_dagrun for example_subdag_operator.section-2 to None, run_after=None
[2024-08-08T22:11:36.084+0400] {processor.py:179} INFO - Processing /home/eduardo/airflow_venv/lib/python3.10/site-packages/airflow/example_dags/example_subdag_operator.py took 0.134 seconds
[2024-08-08T22:12:25.674+0400] {processor.py:157} INFO - Started process (PID=11137) to work on /home/eduardo/airflow_venv/lib/python3.10/site-packages/airflow/example_dags/example_subdag_operator.py
[2024-08-08T22:12:25.677+0400] {processor.py:829} INFO - Processing file /home/eduardo/airflow_venv/lib/python3.10/site-packages/airflow/example_dags/example_subdag_operator.py for tasks to queue
[2024-08-08T22:12:25.678+0400] {logging_mixin.py:151} INFO - [2024-08-08T22:12:25.677+0400] {dagbag.py:539} INFO - Filling up the DagBag from /home/eduardo/airflow_venv/lib/python3.10/site-packages/airflow/example_dags/example_subdag_operator.py
[2024-08-08T22:12:25.699+0400] {processor.py:839} INFO - DAG(s) dict_keys(['example_subdag_operator.section-1', 'example_subdag_operator.section-2', 'example_subdag_operator']) retrieved from /home/eduardo/airflow_venv/lib/python3.10/site-packages/airflow/example_dags/example_subdag_operator.py
[2024-08-08T22:12:25.714+0400] {logging_mixin.py:151} INFO - [2024-08-08T22:12:25.714+0400] {dag.py:2915} INFO - Sync 3 DAGs
[2024-08-08T22:12:25.732+0400] {logging_mixin.py:151} INFO - [2024-08-08T22:12:25.732+0400] {dag.py:3696} INFO - Setting next_dagrun for example_subdag_operator to 2022-01-01T00:00:00+00:00, run_after=2022-01-01T00:00:00+00:00
[2024-08-08T22:12:25.736+0400] {logging_mixin.py:151} INFO - [2024-08-08T22:12:25.736+0400] {dag.py:3696} INFO - Setting next_dagrun for example_subdag_operator.section-1 to None, run_after=None
[2024-08-08T22:12:25.737+0400] {logging_mixin.py:151} INFO - [2024-08-08T22:12:25.737+0400] {dag.py:3696} INFO - Setting next_dagrun for example_subdag_operator.section-2 to None, run_after=None
[2024-08-08T22:12:25.744+0400] {logging_mixin.py:151} INFO - [2024-08-08T22:12:25.744+0400] {dag.py:2915} INFO - Sync 2 DAGs
[2024-08-08T22:12:25.749+0400] {logging_mixin.py:151} INFO - [2024-08-08T22:12:25.748+0400] {dag.py:3696} INFO - Setting next_dagrun for example_subdag_operator.section-1 to None, run_after=None
[2024-08-08T22:12:25.749+0400] {logging_mixin.py:151} INFO - [2024-08-08T22:12:25.749+0400] {dag.py:3696} INFO - Setting next_dagrun for example_subdag_operator.section-2 to None, run_after=None
[2024-08-08T22:12:25.774+0400] {processor.py:179} INFO - Processing /home/eduardo/airflow_venv/lib/python3.10/site-packages/airflow/example_dags/example_subdag_operator.py took 0.102 seconds
[2024-08-08T22:13:12.709+0400] {processor.py:157} INFO - Started process (PID=11499) to work on /home/eduardo/airflow_venv/lib/python3.10/site-packages/airflow/example_dags/example_subdag_operator.py
[2024-08-08T22:13:12.712+0400] {processor.py:829} INFO - Processing file /home/eduardo/airflow_venv/lib/python3.10/site-packages/airflow/example_dags/example_subdag_operator.py for tasks to queue
[2024-08-08T22:13:12.713+0400] {logging_mixin.py:151} INFO - [2024-08-08T22:13:12.712+0400] {dagbag.py:539} INFO - Filling up the DagBag from /home/eduardo/airflow_venv/lib/python3.10/site-packages/airflow/example_dags/example_subdag_operator.py
[2024-08-08T22:13:12.732+0400] {processor.py:839} INFO - DAG(s) dict_keys(['example_subdag_operator.section-1', 'example_subdag_operator.section-2', 'example_subdag_operator']) retrieved from /home/eduardo/airflow_venv/lib/python3.10/site-packages/airflow/example_dags/example_subdag_operator.py
[2024-08-08T22:13:12.743+0400] {logging_mixin.py:151} INFO - [2024-08-08T22:13:12.743+0400] {dag.py:2915} INFO - Sync 3 DAGs
[2024-08-08T22:13:12.759+0400] {logging_mixin.py:151} INFO - [2024-08-08T22:13:12.758+0400] {dag.py:3696} INFO - Setting next_dagrun for example_subdag_operator to 2022-01-01T00:00:00+00:00, run_after=2022-01-01T00:00:00+00:00
[2024-08-08T22:13:12.761+0400] {logging_mixin.py:151} INFO - [2024-08-08T22:13:12.761+0400] {dag.py:3696} INFO - Setting next_dagrun for example_subdag_operator.section-1 to None, run_after=None
[2024-08-08T22:13:12.761+0400] {logging_mixin.py:151} INFO - [2024-08-08T22:13:12.761+0400] {dag.py:3696} INFO - Setting next_dagrun for example_subdag_operator.section-2 to None, run_after=None
[2024-08-08T22:13:12.765+0400] {logging_mixin.py:151} INFO - [2024-08-08T22:13:12.765+0400] {dag.py:2915} INFO - Sync 2 DAGs
[2024-08-08T22:13:12.768+0400] {logging_mixin.py:151} INFO - [2024-08-08T22:13:12.768+0400] {dag.py:3696} INFO - Setting next_dagrun for example_subdag_operator.section-1 to None, run_after=None
[2024-08-08T22:13:12.768+0400] {logging_mixin.py:151} INFO - [2024-08-08T22:13:12.768+0400] {dag.py:3696} INFO - Setting next_dagrun for example_subdag_operator.section-2 to None, run_after=None
[2024-08-08T22:13:12.790+0400] {processor.py:179} INFO - Processing /home/eduardo/airflow_venv/lib/python3.10/site-packages/airflow/example_dags/example_subdag_operator.py took 0.083 seconds
[2024-08-08T22:13:59.172+0400] {processor.py:157} INFO - Started process (PID=12029) to work on /home/eduardo/airflow_venv/lib/python3.10/site-packages/airflow/example_dags/example_subdag_operator.py
[2024-08-08T22:13:59.175+0400] {processor.py:829} INFO - Processing file /home/eduardo/airflow_venv/lib/python3.10/site-packages/airflow/example_dags/example_subdag_operator.py for tasks to queue
[2024-08-08T22:13:59.176+0400] {logging_mixin.py:151} INFO - [2024-08-08T22:13:59.175+0400] {dagbag.py:539} INFO - Filling up the DagBag from /home/eduardo/airflow_venv/lib/python3.10/site-packages/airflow/example_dags/example_subdag_operator.py
[2024-08-08T22:13:59.193+0400] {processor.py:839} INFO - DAG(s) dict_keys(['example_subdag_operator.section-1', 'example_subdag_operator.section-2', 'example_subdag_operator']) retrieved from /home/eduardo/airflow_venv/lib/python3.10/site-packages/airflow/example_dags/example_subdag_operator.py
[2024-08-08T22:13:59.206+0400] {logging_mixin.py:151} INFO - [2024-08-08T22:13:59.206+0400] {dag.py:2915} INFO - Sync 3 DAGs
[2024-08-08T22:13:59.221+0400] {logging_mixin.py:151} INFO - [2024-08-08T22:13:59.221+0400] {dag.py:3696} INFO - Setting next_dagrun for example_subdag_operator to 2022-01-01T00:00:00+00:00, run_after=2022-01-01T00:00:00+00:00
[2024-08-08T22:13:59.224+0400] {logging_mixin.py:151} INFO - [2024-08-08T22:13:59.223+0400] {dag.py:3696} INFO - Setting next_dagrun for example_subdag_operator.section-1 to None, run_after=None
[2024-08-08T22:13:59.224+0400] {logging_mixin.py:151} INFO - [2024-08-08T22:13:59.224+0400] {dag.py:3696} INFO - Setting next_dagrun for example_subdag_operator.section-2 to None, run_after=None
[2024-08-08T22:13:59.229+0400] {logging_mixin.py:151} INFO - [2024-08-08T22:13:59.229+0400] {dag.py:2915} INFO - Sync 2 DAGs
[2024-08-08T22:13:59.233+0400] {logging_mixin.py:151} INFO - [2024-08-08T22:13:59.233+0400] {dag.py:3696} INFO - Setting next_dagrun for example_subdag_operator.section-1 to None, run_after=None
[2024-08-08T22:13:59.233+0400] {logging_mixin.py:151} INFO - [2024-08-08T22:13:59.233+0400] {dag.py:3696} INFO - Setting next_dagrun for example_subdag_operator.section-2 to None, run_after=None
[2024-08-08T22:13:59.265+0400] {processor.py:179} INFO - Processing /home/eduardo/airflow_venv/lib/python3.10/site-packages/airflow/example_dags/example_subdag_operator.py took 0.097 seconds
[2024-08-08T22:14:50.470+0400] {processor.py:157} INFO - Started process (PID=12546) to work on /home/eduardo/airflow_venv/lib/python3.10/site-packages/airflow/example_dags/example_subdag_operator.py
[2024-08-08T22:14:50.473+0400] {processor.py:829} INFO - Processing file /home/eduardo/airflow_venv/lib/python3.10/site-packages/airflow/example_dags/example_subdag_operator.py for tasks to queue
[2024-08-08T22:14:50.474+0400] {logging_mixin.py:151} INFO - [2024-08-08T22:14:50.473+0400] {dagbag.py:539} INFO - Filling up the DagBag from /home/eduardo/airflow_venv/lib/python3.10/site-packages/airflow/example_dags/example_subdag_operator.py
[2024-08-08T22:14:50.497+0400] {processor.py:839} INFO - DAG(s) dict_keys(['example_subdag_operator.section-1', 'example_subdag_operator.section-2', 'example_subdag_operator']) retrieved from /home/eduardo/airflow_venv/lib/python3.10/site-packages/airflow/example_dags/example_subdag_operator.py
[2024-08-08T22:14:50.511+0400] {logging_mixin.py:151} INFO - [2024-08-08T22:14:50.511+0400] {dag.py:2915} INFO - Sync 3 DAGs
[2024-08-08T22:14:50.531+0400] {logging_mixin.py:151} INFO - [2024-08-08T22:14:50.530+0400] {dag.py:3696} INFO - Setting next_dagrun for example_subdag_operator to 2022-01-01T00:00:00+00:00, run_after=2022-01-01T00:00:00+00:00
[2024-08-08T22:14:50.534+0400] {logging_mixin.py:151} INFO - [2024-08-08T22:14:50.534+0400] {dag.py:3696} INFO - Setting next_dagrun for example_subdag_operator.section-1 to None, run_after=None
[2024-08-08T22:14:50.535+0400] {logging_mixin.py:151} INFO - [2024-08-08T22:14:50.535+0400] {dag.py:3696} INFO - Setting next_dagrun for example_subdag_operator.section-2 to None, run_after=None
[2024-08-08T22:14:50.541+0400] {logging_mixin.py:151} INFO - [2024-08-08T22:14:50.541+0400] {dag.py:2915} INFO - Sync 2 DAGs
[2024-08-08T22:14:50.545+0400] {logging_mixin.py:151} INFO - [2024-08-08T22:14:50.545+0400] {dag.py:3696} INFO - Setting next_dagrun for example_subdag_operator.section-1 to None, run_after=None
[2024-08-08T22:14:50.546+0400] {logging_mixin.py:151} INFO - [2024-08-08T22:14:50.546+0400] {dag.py:3696} INFO - Setting next_dagrun for example_subdag_operator.section-2 to None, run_after=None
[2024-08-08T22:14:50.575+0400] {processor.py:179} INFO - Processing /home/eduardo/airflow_venv/lib/python3.10/site-packages/airflow/example_dags/example_subdag_operator.py took 0.111 seconds
[2024-08-08T22:15:43.046+0400] {processor.py:157} INFO - Started process (PID=13036) to work on /home/eduardo/airflow_venv/lib/python3.10/site-packages/airflow/example_dags/example_subdag_operator.py
[2024-08-08T22:15:43.049+0400] {processor.py:829} INFO - Processing file /home/eduardo/airflow_venv/lib/python3.10/site-packages/airflow/example_dags/example_subdag_operator.py for tasks to queue
[2024-08-08T22:15:43.050+0400] {logging_mixin.py:151} INFO - [2024-08-08T22:15:43.049+0400] {dagbag.py:539} INFO - Filling up the DagBag from /home/eduardo/airflow_venv/lib/python3.10/site-packages/airflow/example_dags/example_subdag_operator.py
[2024-08-08T22:15:43.067+0400] {processor.py:839} INFO - DAG(s) dict_keys(['example_subdag_operator.section-1', 'example_subdag_operator.section-2', 'example_subdag_operator']) retrieved from /home/eduardo/airflow_venv/lib/python3.10/site-packages/airflow/example_dags/example_subdag_operator.py
[2024-08-08T22:15:43.080+0400] {logging_mixin.py:151} INFO - [2024-08-08T22:15:43.080+0400] {dag.py:2915} INFO - Sync 3 DAGs
[2024-08-08T22:15:43.094+0400] {logging_mixin.py:151} INFO - [2024-08-08T22:15:43.094+0400] {dag.py:3696} INFO - Setting next_dagrun for example_subdag_operator to 2022-01-01T00:00:00+00:00, run_after=2022-01-01T00:00:00+00:00
[2024-08-08T22:15:43.096+0400] {logging_mixin.py:151} INFO - [2024-08-08T22:15:43.096+0400] {dag.py:3696} INFO - Setting next_dagrun for example_subdag_operator.section-1 to None, run_after=None
[2024-08-08T22:15:43.097+0400] {logging_mixin.py:151} INFO - [2024-08-08T22:15:43.097+0400] {dag.py:3696} INFO - Setting next_dagrun for example_subdag_operator.section-2 to None, run_after=None
[2024-08-08T22:15:43.101+0400] {logging_mixin.py:151} INFO - [2024-08-08T22:15:43.101+0400] {dag.py:2915} INFO - Sync 2 DAGs
[2024-08-08T22:15:43.103+0400] {logging_mixin.py:151} INFO - [2024-08-08T22:15:43.103+0400] {dag.py:3696} INFO - Setting next_dagrun for example_subdag_operator.section-1 to None, run_after=None
[2024-08-08T22:15:43.104+0400] {logging_mixin.py:151} INFO - [2024-08-08T22:15:43.104+0400] {dag.py:3696} INFO - Setting next_dagrun for example_subdag_operator.section-2 to None, run_after=None
[2024-08-08T22:15:43.128+0400] {processor.py:179} INFO - Processing /home/eduardo/airflow_venv/lib/python3.10/site-packages/airflow/example_dags/example_subdag_operator.py took 0.085 seconds
[2024-08-08T22:16:32.499+0400] {processor.py:157} INFO - Started process (PID=13425) to work on /home/eduardo/airflow_venv/lib/python3.10/site-packages/airflow/example_dags/example_subdag_operator.py
[2024-08-08T22:16:32.502+0400] {processor.py:829} INFO - Processing file /home/eduardo/airflow_venv/lib/python3.10/site-packages/airflow/example_dags/example_subdag_operator.py for tasks to queue
[2024-08-08T22:16:32.503+0400] {logging_mixin.py:151} INFO - [2024-08-08T22:16:32.503+0400] {dagbag.py:539} INFO - Filling up the DagBag from /home/eduardo/airflow_venv/lib/python3.10/site-packages/airflow/example_dags/example_subdag_operator.py
[2024-08-08T22:16:32.523+0400] {processor.py:839} INFO - DAG(s) dict_keys(['example_subdag_operator.section-1', 'example_subdag_operator.section-2', 'example_subdag_operator']) retrieved from /home/eduardo/airflow_venv/lib/python3.10/site-packages/airflow/example_dags/example_subdag_operator.py
[2024-08-08T22:16:32.534+0400] {logging_mixin.py:151} INFO - [2024-08-08T22:16:32.534+0400] {dag.py:2915} INFO - Sync 3 DAGs
[2024-08-08T22:16:32.548+0400] {logging_mixin.py:151} INFO - [2024-08-08T22:16:32.548+0400] {dag.py:3696} INFO - Setting next_dagrun for example_subdag_operator to 2022-01-01T00:00:00+00:00, run_after=2022-01-01T00:00:00+00:00
[2024-08-08T22:16:32.550+0400] {logging_mixin.py:151} INFO - [2024-08-08T22:16:32.550+0400] {dag.py:3696} INFO - Setting next_dagrun for example_subdag_operator.section-1 to None, run_after=None
[2024-08-08T22:16:32.550+0400] {logging_mixin.py:151} INFO - [2024-08-08T22:16:32.550+0400] {dag.py:3696} INFO - Setting next_dagrun for example_subdag_operator.section-2 to None, run_after=None
[2024-08-08T22:16:32.555+0400] {logging_mixin.py:151} INFO - [2024-08-08T22:16:32.555+0400] {dag.py:2915} INFO - Sync 2 DAGs
[2024-08-08T22:16:32.557+0400] {logging_mixin.py:151} INFO - [2024-08-08T22:16:32.557+0400] {dag.py:3696} INFO - Setting next_dagrun for example_subdag_operator.section-1 to None, run_after=None
[2024-08-08T22:16:32.557+0400] {logging_mixin.py:151} INFO - [2024-08-08T22:16:32.557+0400] {dag.py:3696} INFO - Setting next_dagrun for example_subdag_operator.section-2 to None, run_after=None
[2024-08-08T22:16:32.584+0400] {processor.py:179} INFO - Processing /home/eduardo/airflow_venv/lib/python3.10/site-packages/airflow/example_dags/example_subdag_operator.py took 0.089 seconds
[2024-08-08T22:17:26.557+0400] {processor.py:157} INFO - Started process (PID=14050) to work on /home/eduardo/airflow_venv/lib/python3.10/site-packages/airflow/example_dags/example_subdag_operator.py
[2024-08-08T22:17:26.560+0400] {processor.py:829} INFO - Processing file /home/eduardo/airflow_venv/lib/python3.10/site-packages/airflow/example_dags/example_subdag_operator.py for tasks to queue
[2024-08-08T22:17:26.561+0400] {logging_mixin.py:151} INFO - [2024-08-08T22:17:26.561+0400] {dagbag.py:539} INFO - Filling up the DagBag from /home/eduardo/airflow_venv/lib/python3.10/site-packages/airflow/example_dags/example_subdag_operator.py
[2024-08-08T22:17:26.588+0400] {processor.py:839} INFO - DAG(s) dict_keys(['example_subdag_operator.section-1', 'example_subdag_operator.section-2', 'example_subdag_operator']) retrieved from /home/eduardo/airflow_venv/lib/python3.10/site-packages/airflow/example_dags/example_subdag_operator.py
[2024-08-08T22:17:26.602+0400] {logging_mixin.py:151} INFO - [2024-08-08T22:17:26.602+0400] {dag.py:2915} INFO - Sync 3 DAGs
[2024-08-08T22:17:26.617+0400] {logging_mixin.py:151} INFO - [2024-08-08T22:17:26.617+0400] {dag.py:3696} INFO - Setting next_dagrun for example_subdag_operator to 2022-01-01T00:00:00+00:00, run_after=2022-01-01T00:00:00+00:00
[2024-08-08T22:17:26.619+0400] {logging_mixin.py:151} INFO - [2024-08-08T22:17:26.619+0400] {dag.py:3696} INFO - Setting next_dagrun for example_subdag_operator.section-1 to None, run_after=None
[2024-08-08T22:17:26.620+0400] {logging_mixin.py:151} INFO - [2024-08-08T22:17:26.619+0400] {dag.py:3696} INFO - Setting next_dagrun for example_subdag_operator.section-2 to None, run_after=None
[2024-08-08T22:17:26.624+0400] {logging_mixin.py:151} INFO - [2024-08-08T22:17:26.623+0400] {dag.py:2915} INFO - Sync 2 DAGs
[2024-08-08T22:17:26.626+0400] {logging_mixin.py:151} INFO - [2024-08-08T22:17:26.626+0400] {dag.py:3696} INFO - Setting next_dagrun for example_subdag_operator.section-1 to None, run_after=None
[2024-08-08T22:17:26.626+0400] {logging_mixin.py:151} INFO - [2024-08-08T22:17:26.626+0400] {dag.py:3696} INFO - Setting next_dagrun for example_subdag_operator.section-2 to None, run_after=None
[2024-08-08T22:17:26.655+0400] {processor.py:179} INFO - Processing /home/eduardo/airflow_venv/lib/python3.10/site-packages/airflow/example_dags/example_subdag_operator.py took 0.103 seconds
[2024-08-08T22:18:17.580+0400] {processor.py:157} INFO - Started process (PID=14445) to work on /home/eduardo/airflow_venv/lib/python3.10/site-packages/airflow/example_dags/example_subdag_operator.py
[2024-08-08T22:18:17.582+0400] {processor.py:829} INFO - Processing file /home/eduardo/airflow_venv/lib/python3.10/site-packages/airflow/example_dags/example_subdag_operator.py for tasks to queue
[2024-08-08T22:18:17.583+0400] {logging_mixin.py:151} INFO - [2024-08-08T22:18:17.582+0400] {dagbag.py:539} INFO - Filling up the DagBag from /home/eduardo/airflow_venv/lib/python3.10/site-packages/airflow/example_dags/example_subdag_operator.py
[2024-08-08T22:18:17.599+0400] {processor.py:839} INFO - DAG(s) dict_keys(['example_subdag_operator.section-1', 'example_subdag_operator.section-2', 'example_subdag_operator']) retrieved from /home/eduardo/airflow_venv/lib/python3.10/site-packages/airflow/example_dags/example_subdag_operator.py
[2024-08-08T22:18:17.610+0400] {logging_mixin.py:151} INFO - [2024-08-08T22:18:17.610+0400] {dag.py:2915} INFO - Sync 3 DAGs
[2024-08-08T22:18:17.625+0400] {logging_mixin.py:151} INFO - [2024-08-08T22:18:17.625+0400] {dag.py:3696} INFO - Setting next_dagrun for example_subdag_operator to 2022-01-01T00:00:00+00:00, run_after=2022-01-01T00:00:00+00:00
[2024-08-08T22:18:17.628+0400] {logging_mixin.py:151} INFO - [2024-08-08T22:18:17.627+0400] {dag.py:3696} INFO - Setting next_dagrun for example_subdag_operator.section-1 to None, run_after=None
[2024-08-08T22:18:17.628+0400] {logging_mixin.py:151} INFO - [2024-08-08T22:18:17.628+0400] {dag.py:3696} INFO - Setting next_dagrun for example_subdag_operator.section-2 to None, run_after=None
[2024-08-08T22:18:17.633+0400] {logging_mixin.py:151} INFO - [2024-08-08T22:18:17.633+0400] {dag.py:2915} INFO - Sync 2 DAGs
[2024-08-08T22:18:17.636+0400] {logging_mixin.py:151} INFO - [2024-08-08T22:18:17.635+0400] {dag.py:3696} INFO - Setting next_dagrun for example_subdag_operator.section-1 to None, run_after=None
[2024-08-08T22:18:17.636+0400] {logging_mixin.py:151} INFO - [2024-08-08T22:18:17.636+0400] {dag.py:3696} INFO - Setting next_dagrun for example_subdag_operator.section-2 to None, run_after=None
[2024-08-08T22:18:17.662+0400] {processor.py:179} INFO - Processing /home/eduardo/airflow_venv/lib/python3.10/site-packages/airflow/example_dags/example_subdag_operator.py took 0.085 seconds
[2024-08-08T22:19:05.930+0400] {processor.py:157} INFO - Started process (PID=14825) to work on /home/eduardo/airflow_venv/lib/python3.10/site-packages/airflow/example_dags/example_subdag_operator.py
[2024-08-08T22:19:05.931+0400] {processor.py:829} INFO - Processing file /home/eduardo/airflow_venv/lib/python3.10/site-packages/airflow/example_dags/example_subdag_operator.py for tasks to queue
[2024-08-08T22:19:05.932+0400] {logging_mixin.py:151} INFO - [2024-08-08T22:19:05.932+0400] {dagbag.py:539} INFO - Filling up the DagBag from /home/eduardo/airflow_venv/lib/python3.10/site-packages/airflow/example_dags/example_subdag_operator.py
[2024-08-08T22:19:05.959+0400] {processor.py:839} INFO - DAG(s) dict_keys(['example_subdag_operator.section-1', 'example_subdag_operator.section-2', 'example_subdag_operator']) retrieved from /home/eduardo/airflow_venv/lib/python3.10/site-packages/airflow/example_dags/example_subdag_operator.py
[2024-08-08T22:19:05.977+0400] {logging_mixin.py:151} INFO - [2024-08-08T22:19:05.977+0400] {dag.py:2915} INFO - Sync 3 DAGs
[2024-08-08T22:19:05.995+0400] {logging_mixin.py:151} INFO - [2024-08-08T22:19:05.995+0400] {dag.py:3696} INFO - Setting next_dagrun for example_subdag_operator to 2022-01-01T00:00:00+00:00, run_after=2022-01-01T00:00:00+00:00
[2024-08-08T22:19:05.998+0400] {logging_mixin.py:151} INFO - [2024-08-08T22:19:05.998+0400] {dag.py:3696} INFO - Setting next_dagrun for example_subdag_operator.section-1 to None, run_after=None
[2024-08-08T22:19:05.998+0400] {logging_mixin.py:151} INFO - [2024-08-08T22:19:05.998+0400] {dag.py:3696} INFO - Setting next_dagrun for example_subdag_operator.section-2 to None, run_after=None
[2024-08-08T22:19:06.004+0400] {logging_mixin.py:151} INFO - [2024-08-08T22:19:06.003+0400] {dag.py:2915} INFO - Sync 2 DAGs
[2024-08-08T22:19:06.009+0400] {logging_mixin.py:151} INFO - [2024-08-08T22:19:06.008+0400] {dag.py:3696} INFO - Setting next_dagrun for example_subdag_operator.section-1 to None, run_after=None
[2024-08-08T22:19:06.009+0400] {logging_mixin.py:151} INFO - [2024-08-08T22:19:06.009+0400] {dag.py:3696} INFO - Setting next_dagrun for example_subdag_operator.section-2 to None, run_after=None
[2024-08-08T22:19:06.036+0400] {processor.py:179} INFO - Processing /home/eduardo/airflow_venv/lib/python3.10/site-packages/airflow/example_dags/example_subdag_operator.py took 0.109 seconds
[2024-08-08T22:19:54.040+0400] {processor.py:157} INFO - Started process (PID=15226) to work on /home/eduardo/airflow_venv/lib/python3.10/site-packages/airflow/example_dags/example_subdag_operator.py
[2024-08-08T22:19:54.043+0400] {processor.py:829} INFO - Processing file /home/eduardo/airflow_venv/lib/python3.10/site-packages/airflow/example_dags/example_subdag_operator.py for tasks to queue
[2024-08-08T22:19:54.043+0400] {logging_mixin.py:151} INFO - [2024-08-08T22:19:54.043+0400] {dagbag.py:539} INFO - Filling up the DagBag from /home/eduardo/airflow_venv/lib/python3.10/site-packages/airflow/example_dags/example_subdag_operator.py
[2024-08-08T22:19:54.061+0400] {processor.py:839} INFO - DAG(s) dict_keys(['example_subdag_operator.section-1', 'example_subdag_operator.section-2', 'example_subdag_operator']) retrieved from /home/eduardo/airflow_venv/lib/python3.10/site-packages/airflow/example_dags/example_subdag_operator.py
[2024-08-08T22:19:54.073+0400] {logging_mixin.py:151} INFO - [2024-08-08T22:19:54.073+0400] {dag.py:2915} INFO - Sync 3 DAGs
[2024-08-08T22:19:54.089+0400] {logging_mixin.py:151} INFO - [2024-08-08T22:19:54.088+0400] {dag.py:3696} INFO - Setting next_dagrun for example_subdag_operator to 2022-01-01T00:00:00+00:00, run_after=2022-01-01T00:00:00+00:00
[2024-08-08T22:19:54.091+0400] {logging_mixin.py:151} INFO - [2024-08-08T22:19:54.091+0400] {dag.py:3696} INFO - Setting next_dagrun for example_subdag_operator.section-1 to None, run_after=None
[2024-08-08T22:19:54.092+0400] {logging_mixin.py:151} INFO - [2024-08-08T22:19:54.091+0400] {dag.py:3696} INFO - Setting next_dagrun for example_subdag_operator.section-2 to None, run_after=None
[2024-08-08T22:19:54.096+0400] {logging_mixin.py:151} INFO - [2024-08-08T22:19:54.095+0400] {dag.py:2915} INFO - Sync 2 DAGs
[2024-08-08T22:19:54.098+0400] {logging_mixin.py:151} INFO - [2024-08-08T22:19:54.098+0400] {dag.py:3696} INFO - Setting next_dagrun for example_subdag_operator.section-1 to None, run_after=None
[2024-08-08T22:19:54.098+0400] {logging_mixin.py:151} INFO - [2024-08-08T22:19:54.098+0400] {dag.py:3696} INFO - Setting next_dagrun for example_subdag_operator.section-2 to None, run_after=None
[2024-08-08T22:19:54.126+0400] {processor.py:179} INFO - Processing /home/eduardo/airflow_venv/lib/python3.10/site-packages/airflow/example_dags/example_subdag_operator.py took 0.089 seconds
[2024-08-08T22:20:45.902+0400] {processor.py:157} INFO - Started process (PID=15626) to work on /home/eduardo/airflow_venv/lib/python3.10/site-packages/airflow/example_dags/example_subdag_operator.py
[2024-08-08T22:20:45.905+0400] {processor.py:829} INFO - Processing file /home/eduardo/airflow_venv/lib/python3.10/site-packages/airflow/example_dags/example_subdag_operator.py for tasks to queue
[2024-08-08T22:20:45.905+0400] {logging_mixin.py:151} INFO - [2024-08-08T22:20:45.905+0400] {dagbag.py:539} INFO - Filling up the DagBag from /home/eduardo/airflow_venv/lib/python3.10/site-packages/airflow/example_dags/example_subdag_operator.py
[2024-08-08T22:20:45.931+0400] {processor.py:839} INFO - DAG(s) dict_keys(['example_subdag_operator.section-1', 'example_subdag_operator.section-2', 'example_subdag_operator']) retrieved from /home/eduardo/airflow_venv/lib/python3.10/site-packages/airflow/example_dags/example_subdag_operator.py
[2024-08-08T22:20:45.950+0400] {logging_mixin.py:151} INFO - [2024-08-08T22:20:45.949+0400] {dag.py:2915} INFO - Sync 3 DAGs
[2024-08-08T22:20:45.973+0400] {logging_mixin.py:151} INFO - [2024-08-08T22:20:45.973+0400] {dag.py:3696} INFO - Setting next_dagrun for example_subdag_operator to 2022-01-01T00:00:00+00:00, run_after=2022-01-01T00:00:00+00:00
[2024-08-08T22:20:45.976+0400] {logging_mixin.py:151} INFO - [2024-08-08T22:20:45.976+0400] {dag.py:3696} INFO - Setting next_dagrun for example_subdag_operator.section-1 to None, run_after=None
[2024-08-08T22:20:45.977+0400] {logging_mixin.py:151} INFO - [2024-08-08T22:20:45.977+0400] {dag.py:3696} INFO - Setting next_dagrun for example_subdag_operator.section-2 to None, run_after=None
[2024-08-08T22:20:45.982+0400] {logging_mixin.py:151} INFO - [2024-08-08T22:20:45.982+0400] {dag.py:2915} INFO - Sync 2 DAGs
[2024-08-08T22:20:45.987+0400] {logging_mixin.py:151} INFO - [2024-08-08T22:20:45.987+0400] {dag.py:3696} INFO - Setting next_dagrun for example_subdag_operator.section-1 to None, run_after=None
[2024-08-08T22:20:45.987+0400] {logging_mixin.py:151} INFO - [2024-08-08T22:20:45.987+0400] {dag.py:3696} INFO - Setting next_dagrun for example_subdag_operator.section-2 to None, run_after=None
[2024-08-08T22:20:46.021+0400] {processor.py:179} INFO - Processing /home/eduardo/airflow_venv/lib/python3.10/site-packages/airflow/example_dags/example_subdag_operator.py took 0.123 seconds
[2024-08-08T22:21:38.153+0400] {processor.py:157} INFO - Started process (PID=16153) to work on /home/eduardo/airflow_venv/lib/python3.10/site-packages/airflow/example_dags/example_subdag_operator.py
[2024-08-08T22:21:38.156+0400] {processor.py:829} INFO - Processing file /home/eduardo/airflow_venv/lib/python3.10/site-packages/airflow/example_dags/example_subdag_operator.py for tasks to queue
[2024-08-08T22:21:38.157+0400] {logging_mixin.py:151} INFO - [2024-08-08T22:21:38.157+0400] {dagbag.py:539} INFO - Filling up the DagBag from /home/eduardo/airflow_venv/lib/python3.10/site-packages/airflow/example_dags/example_subdag_operator.py
[2024-08-08T22:21:38.180+0400] {processor.py:839} INFO - DAG(s) dict_keys(['example_subdag_operator.section-1', 'example_subdag_operator.section-2', 'example_subdag_operator']) retrieved from /home/eduardo/airflow_venv/lib/python3.10/site-packages/airflow/example_dags/example_subdag_operator.py
[2024-08-08T22:21:38.196+0400] {logging_mixin.py:151} INFO - [2024-08-08T22:21:38.196+0400] {dag.py:2915} INFO - Sync 3 DAGs
[2024-08-08T22:21:38.218+0400] {logging_mixin.py:151} INFO - [2024-08-08T22:21:38.218+0400] {dag.py:3696} INFO - Setting next_dagrun for example_subdag_operator to 2022-01-01T00:00:00+00:00, run_after=2022-01-01T00:00:00+00:00
[2024-08-08T22:21:38.221+0400] {logging_mixin.py:151} INFO - [2024-08-08T22:21:38.221+0400] {dag.py:3696} INFO - Setting next_dagrun for example_subdag_operator.section-1 to None, run_after=None
[2024-08-08T22:21:38.223+0400] {logging_mixin.py:151} INFO - [2024-08-08T22:21:38.222+0400] {dag.py:3696} INFO - Setting next_dagrun for example_subdag_operator.section-2 to None, run_after=None
[2024-08-08T22:21:38.229+0400] {logging_mixin.py:151} INFO - [2024-08-08T22:21:38.228+0400] {dag.py:2915} INFO - Sync 2 DAGs
[2024-08-08T22:21:38.233+0400] {logging_mixin.py:151} INFO - [2024-08-08T22:21:38.233+0400] {dag.py:3696} INFO - Setting next_dagrun for example_subdag_operator.section-1 to None, run_after=None
[2024-08-08T22:21:38.233+0400] {logging_mixin.py:151} INFO - [2024-08-08T22:21:38.233+0400] {dag.py:3696} INFO - Setting next_dagrun for example_subdag_operator.section-2 to None, run_after=None
[2024-08-08T22:21:38.263+0400] {processor.py:179} INFO - Processing /home/eduardo/airflow_venv/lib/python3.10/site-packages/airflow/example_dags/example_subdag_operator.py took 0.114 seconds
[2024-08-08T22:22:30.459+0400] {processor.py:157} INFO - Started process (PID=16561) to work on /home/eduardo/airflow_venv/lib/python3.10/site-packages/airflow/example_dags/example_subdag_operator.py
[2024-08-08T22:22:30.462+0400] {processor.py:829} INFO - Processing file /home/eduardo/airflow_venv/lib/python3.10/site-packages/airflow/example_dags/example_subdag_operator.py for tasks to queue
[2024-08-08T22:22:30.462+0400] {logging_mixin.py:151} INFO - [2024-08-08T22:22:30.462+0400] {dagbag.py:539} INFO - Filling up the DagBag from /home/eduardo/airflow_venv/lib/python3.10/site-packages/airflow/example_dags/example_subdag_operator.py
[2024-08-08T22:22:30.479+0400] {processor.py:839} INFO - DAG(s) dict_keys(['example_subdag_operator.section-1', 'example_subdag_operator.section-2', 'example_subdag_operator']) retrieved from /home/eduardo/airflow_venv/lib/python3.10/site-packages/airflow/example_dags/example_subdag_operator.py
[2024-08-08T22:22:30.493+0400] {logging_mixin.py:151} INFO - [2024-08-08T22:22:30.492+0400] {dag.py:2915} INFO - Sync 3 DAGs
[2024-08-08T22:22:30.508+0400] {logging_mixin.py:151} INFO - [2024-08-08T22:22:30.507+0400] {dag.py:3696} INFO - Setting next_dagrun for example_subdag_operator to 2022-01-01T00:00:00+00:00, run_after=2022-01-01T00:00:00+00:00
[2024-08-08T22:22:30.510+0400] {logging_mixin.py:151} INFO - [2024-08-08T22:22:30.510+0400] {dag.py:3696} INFO - Setting next_dagrun for example_subdag_operator.section-1 to None, run_after=None
[2024-08-08T22:22:30.511+0400] {logging_mixin.py:151} INFO - [2024-08-08T22:22:30.511+0400] {dag.py:3696} INFO - Setting next_dagrun for example_subdag_operator.section-2 to None, run_after=None
[2024-08-08T22:22:30.515+0400] {logging_mixin.py:151} INFO - [2024-08-08T22:22:30.515+0400] {dag.py:2915} INFO - Sync 2 DAGs
[2024-08-08T22:22:30.518+0400] {logging_mixin.py:151} INFO - [2024-08-08T22:22:30.518+0400] {dag.py:3696} INFO - Setting next_dagrun for example_subdag_operator.section-1 to None, run_after=None
[2024-08-08T22:22:30.518+0400] {logging_mixin.py:151} INFO - [2024-08-08T22:22:30.518+0400] {dag.py:3696} INFO - Setting next_dagrun for example_subdag_operator.section-2 to None, run_after=None
[2024-08-08T22:22:30.544+0400] {processor.py:179} INFO - Processing /home/eduardo/airflow_venv/lib/python3.10/site-packages/airflow/example_dags/example_subdag_operator.py took 0.089 seconds
[2024-08-08T22:23:20.047+0400] {processor.py:157} INFO - Started process (PID=16992) to work on /home/eduardo/airflow_venv/lib/python3.10/site-packages/airflow/example_dags/example_subdag_operator.py
[2024-08-08T22:23:20.050+0400] {processor.py:829} INFO - Processing file /home/eduardo/airflow_venv/lib/python3.10/site-packages/airflow/example_dags/example_subdag_operator.py for tasks to queue
[2024-08-08T22:23:20.051+0400] {logging_mixin.py:151} INFO - [2024-08-08T22:23:20.050+0400] {dagbag.py:539} INFO - Filling up the DagBag from /home/eduardo/airflow_venv/lib/python3.10/site-packages/airflow/example_dags/example_subdag_operator.py
[2024-08-08T22:23:20.070+0400] {processor.py:839} INFO - DAG(s) dict_keys(['example_subdag_operator.section-1', 'example_subdag_operator.section-2', 'example_subdag_operator']) retrieved from /home/eduardo/airflow_venv/lib/python3.10/site-packages/airflow/example_dags/example_subdag_operator.py
[2024-08-08T22:23:20.084+0400] {logging_mixin.py:151} INFO - [2024-08-08T22:23:20.083+0400] {dag.py:2915} INFO - Sync 3 DAGs
[2024-08-08T22:23:20.097+0400] {logging_mixin.py:151} INFO - [2024-08-08T22:23:20.097+0400] {dag.py:3696} INFO - Setting next_dagrun for example_subdag_operator to 2022-01-01T00:00:00+00:00, run_after=2022-01-01T00:00:00+00:00
[2024-08-08T22:23:20.099+0400] {logging_mixin.py:151} INFO - [2024-08-08T22:23:20.099+0400] {dag.py:3696} INFO - Setting next_dagrun for example_subdag_operator.section-1 to None, run_after=None
[2024-08-08T22:23:20.100+0400] {logging_mixin.py:151} INFO - [2024-08-08T22:23:20.100+0400] {dag.py:3696} INFO - Setting next_dagrun for example_subdag_operator.section-2 to None, run_after=None
[2024-08-08T22:23:20.103+0400] {logging_mixin.py:151} INFO - [2024-08-08T22:23:20.103+0400] {dag.py:2915} INFO - Sync 2 DAGs
[2024-08-08T22:23:20.106+0400] {logging_mixin.py:151} INFO - [2024-08-08T22:23:20.106+0400] {dag.py:3696} INFO - Setting next_dagrun for example_subdag_operator.section-1 to None, run_after=None
[2024-08-08T22:23:20.106+0400] {logging_mixin.py:151} INFO - [2024-08-08T22:23:20.106+0400] {dag.py:3696} INFO - Setting next_dagrun for example_subdag_operator.section-2 to None, run_after=None
[2024-08-08T22:23:20.142+0400] {processor.py:179} INFO - Processing /home/eduardo/airflow_venv/lib/python3.10/site-packages/airflow/example_dags/example_subdag_operator.py took 0.098 seconds
