[2024-08-08T20:18:16.533+0400] {processor.py:157} INFO - Started process (PID=6797) to work on /home/eduardo/airflow_venv/lib/python3.10/site-packages/airflow/example_dags/example_time_delta_sensor_async.py
[2024-08-08T20:18:16.534+0400] {processor.py:829} INFO - Processing file /home/eduardo/airflow_venv/lib/python3.10/site-packages/airflow/example_dags/example_time_delta_sensor_async.py for tasks to queue
[2024-08-08T20:18:16.535+0400] {logging_mixin.py:151} INFO - [2024-08-08T20:18:16.534+0400] {dagbag.py:539} INFO - Filling up the DagBag from /home/eduardo/airflow_venv/lib/python3.10/site-packages/airflow/example_dags/example_time_delta_sensor_async.py
[2024-08-08T20:18:16.541+0400] {processor.py:839} INFO - DAG(s) dict_keys(['example_time_delta_sensor_async']) retrieved from /home/eduardo/airflow_venv/lib/python3.10/site-packages/airflow/example_dags/example_time_delta_sensor_async.py
[2024-08-08T20:18:16.653+0400] {logging_mixin.py:151} INFO - [2024-08-08T20:18:16.653+0400] {manager.py:499} INFO - Created Permission View: %s
[2024-08-08T20:18:16.675+0400] {logging_mixin.py:151} INFO - [2024-08-08T20:18:16.675+0400] {manager.py:499} INFO - Created Permission View: %s
[2024-08-08T20:18:16.707+0400] {logging_mixin.py:151} INFO - [2024-08-08T20:18:16.707+0400] {manager.py:499} INFO - Created Permission View: %s
[2024-08-08T20:18:16.707+0400] {logging_mixin.py:151} INFO - [2024-08-08T20:18:16.707+0400] {security.py:708} INFO - Not syncing DAG-level permissions for DAG 'DAG:example_time_delta_sensor_async' as access control is unset.
[2024-08-08T20:18:16.707+0400] {logging_mixin.py:151} INFO - [2024-08-08T20:18:16.707+0400] {dag.py:2915} INFO - Sync 1 DAGs
[2024-08-08T20:18:16.714+0400] {logging_mixin.py:151} INFO - [2024-08-08T20:18:16.714+0400] {dag.py:2937} INFO - Creating ORM DAG for example_time_delta_sensor_async
[2024-08-08T20:18:16.714+0400] {logging_mixin.py:151} INFO - [2024-08-08T20:18:16.714+0400] {dag.py:3696} INFO - Setting next_dagrun for example_time_delta_sensor_async to None, run_after=None
[2024-08-08T20:18:16.738+0400] {processor.py:179} INFO - Processing /home/eduardo/airflow_venv/lib/python3.10/site-packages/airflow/example_dags/example_time_delta_sensor_async.py took 0.207 seconds
[2024-08-08T20:19:07.926+0400] {processor.py:157} INFO - Started process (PID=6852) to work on /home/eduardo/airflow_venv/lib/python3.10/site-packages/airflow/example_dags/example_time_delta_sensor_async.py
[2024-08-08T20:19:07.927+0400] {processor.py:829} INFO - Processing file /home/eduardo/airflow_venv/lib/python3.10/site-packages/airflow/example_dags/example_time_delta_sensor_async.py for tasks to queue
[2024-08-08T20:19:07.927+0400] {logging_mixin.py:151} INFO - [2024-08-08T20:19:07.927+0400] {dagbag.py:539} INFO - Filling up the DagBag from /home/eduardo/airflow_venv/lib/python3.10/site-packages/airflow/example_dags/example_time_delta_sensor_async.py
[2024-08-08T20:19:07.930+0400] {processor.py:839} INFO - DAG(s) dict_keys(['example_time_delta_sensor_async']) retrieved from /home/eduardo/airflow_venv/lib/python3.10/site-packages/airflow/example_dags/example_time_delta_sensor_async.py
[2024-08-08T20:19:07.941+0400] {logging_mixin.py:151} INFO - [2024-08-08T20:19:07.941+0400] {dag.py:2915} INFO - Sync 1 DAGs
[2024-08-08T20:19:07.948+0400] {logging_mixin.py:151} INFO - [2024-08-08T20:19:07.948+0400] {dag.py:3696} INFO - Setting next_dagrun for example_time_delta_sensor_async to None, run_after=None
[2024-08-08T20:19:07.976+0400] {processor.py:179} INFO - Processing /home/eduardo/airflow_venv/lib/python3.10/site-packages/airflow/example_dags/example_time_delta_sensor_async.py took 0.052 seconds
[2024-08-08T20:19:45.710+0400] {processor.py:157} INFO - Started process (PID=6892) to work on /home/eduardo/airflow_venv/lib/python3.10/site-packages/airflow/example_dags/example_time_delta_sensor_async.py
[2024-08-08T20:19:45.712+0400] {processor.py:829} INFO - Processing file /home/eduardo/airflow_venv/lib/python3.10/site-packages/airflow/example_dags/example_time_delta_sensor_async.py for tasks to queue
[2024-08-08T20:19:45.712+0400] {logging_mixin.py:151} INFO - [2024-08-08T20:19:45.712+0400] {dagbag.py:539} INFO - Filling up the DagBag from /home/eduardo/airflow_venv/lib/python3.10/site-packages/airflow/example_dags/example_time_delta_sensor_async.py
[2024-08-08T20:19:45.717+0400] {processor.py:839} INFO - DAG(s) dict_keys(['example_time_delta_sensor_async']) retrieved from /home/eduardo/airflow_venv/lib/python3.10/site-packages/airflow/example_dags/example_time_delta_sensor_async.py
[2024-08-08T20:19:45.728+0400] {logging_mixin.py:151} INFO - [2024-08-08T20:19:45.728+0400] {dag.py:2915} INFO - Sync 1 DAGs
[2024-08-08T20:19:45.735+0400] {logging_mixin.py:151} INFO - [2024-08-08T20:19:45.734+0400] {dag.py:3696} INFO - Setting next_dagrun for example_time_delta_sensor_async to None, run_after=None
[2024-08-08T20:19:45.762+0400] {processor.py:179} INFO - Processing /home/eduardo/airflow_venv/lib/python3.10/site-packages/airflow/example_dags/example_time_delta_sensor_async.py took 0.054 seconds
[2024-08-08T20:20:27.402+0400] {processor.py:157} INFO - Started process (PID=6938) to work on /home/eduardo/airflow_venv/lib/python3.10/site-packages/airflow/example_dags/example_time_delta_sensor_async.py
[2024-08-08T20:20:27.403+0400] {processor.py:829} INFO - Processing file /home/eduardo/airflow_venv/lib/python3.10/site-packages/airflow/example_dags/example_time_delta_sensor_async.py for tasks to queue
[2024-08-08T20:20:27.404+0400] {logging_mixin.py:151} INFO - [2024-08-08T20:20:27.403+0400] {dagbag.py:539} INFO - Filling up the DagBag from /home/eduardo/airflow_venv/lib/python3.10/site-packages/airflow/example_dags/example_time_delta_sensor_async.py
[2024-08-08T20:20:27.407+0400] {processor.py:839} INFO - DAG(s) dict_keys(['example_time_delta_sensor_async']) retrieved from /home/eduardo/airflow_venv/lib/python3.10/site-packages/airflow/example_dags/example_time_delta_sensor_async.py
[2024-08-08T20:20:27.420+0400] {logging_mixin.py:151} INFO - [2024-08-08T20:20:27.420+0400] {dag.py:2915} INFO - Sync 1 DAGs
[2024-08-08T20:20:27.427+0400] {logging_mixin.py:151} INFO - [2024-08-08T20:20:27.427+0400] {dag.py:3696} INFO - Setting next_dagrun for example_time_delta_sensor_async to None, run_after=None
[2024-08-08T20:20:27.452+0400] {processor.py:179} INFO - Processing /home/eduardo/airflow_venv/lib/python3.10/site-packages/airflow/example_dags/example_time_delta_sensor_async.py took 0.052 seconds
[2024-08-08T20:21:07.929+0400] {processor.py:157} INFO - Started process (PID=6980) to work on /home/eduardo/airflow_venv/lib/python3.10/site-packages/airflow/example_dags/example_time_delta_sensor_async.py
[2024-08-08T20:21:07.930+0400] {processor.py:829} INFO - Processing file /home/eduardo/airflow_venv/lib/python3.10/site-packages/airflow/example_dags/example_time_delta_sensor_async.py for tasks to queue
[2024-08-08T20:21:07.931+0400] {logging_mixin.py:151} INFO - [2024-08-08T20:21:07.931+0400] {dagbag.py:539} INFO - Filling up the DagBag from /home/eduardo/airflow_venv/lib/python3.10/site-packages/airflow/example_dags/example_time_delta_sensor_async.py
[2024-08-08T20:21:07.934+0400] {processor.py:839} INFO - DAG(s) dict_keys(['example_time_delta_sensor_async']) retrieved from /home/eduardo/airflow_venv/lib/python3.10/site-packages/airflow/example_dags/example_time_delta_sensor_async.py
[2024-08-08T20:21:07.945+0400] {logging_mixin.py:151} INFO - [2024-08-08T20:21:07.944+0400] {dag.py:2915} INFO - Sync 1 DAGs
[2024-08-08T20:21:07.951+0400] {logging_mixin.py:151} INFO - [2024-08-08T20:21:07.951+0400] {dag.py:3696} INFO - Setting next_dagrun for example_time_delta_sensor_async to None, run_after=None
[2024-08-08T20:21:07.977+0400] {processor.py:179} INFO - Processing /home/eduardo/airflow_venv/lib/python3.10/site-packages/airflow/example_dags/example_time_delta_sensor_async.py took 0.050 seconds
[2024-08-08T20:21:48.461+0400] {processor.py:157} INFO - Started process (PID=7023) to work on /home/eduardo/airflow_venv/lib/python3.10/site-packages/airflow/example_dags/example_time_delta_sensor_async.py
[2024-08-08T20:21:48.463+0400] {processor.py:829} INFO - Processing file /home/eduardo/airflow_venv/lib/python3.10/site-packages/airflow/example_dags/example_time_delta_sensor_async.py for tasks to queue
[2024-08-08T20:21:48.463+0400] {logging_mixin.py:151} INFO - [2024-08-08T20:21:48.463+0400] {dagbag.py:539} INFO - Filling up the DagBag from /home/eduardo/airflow_venv/lib/python3.10/site-packages/airflow/example_dags/example_time_delta_sensor_async.py
[2024-08-08T20:21:48.467+0400] {processor.py:839} INFO - DAG(s) dict_keys(['example_time_delta_sensor_async']) retrieved from /home/eduardo/airflow_venv/lib/python3.10/site-packages/airflow/example_dags/example_time_delta_sensor_async.py
[2024-08-08T20:21:48.480+0400] {logging_mixin.py:151} INFO - [2024-08-08T20:21:48.479+0400] {dag.py:2915} INFO - Sync 1 DAGs
[2024-08-08T20:21:48.486+0400] {logging_mixin.py:151} INFO - [2024-08-08T20:21:48.486+0400] {dag.py:3696} INFO - Setting next_dagrun for example_time_delta_sensor_async to None, run_after=None
[2024-08-08T20:21:48.525+0400] {processor.py:179} INFO - Processing /home/eduardo/airflow_venv/lib/python3.10/site-packages/airflow/example_dags/example_time_delta_sensor_async.py took 0.066 seconds
[2024-08-08T20:22:33.674+0400] {processor.py:157} INFO - Started process (PID=7070) to work on /home/eduardo/airflow_venv/lib/python3.10/site-packages/airflow/example_dags/example_time_delta_sensor_async.py
[2024-08-08T20:22:33.675+0400] {processor.py:829} INFO - Processing file /home/eduardo/airflow_venv/lib/python3.10/site-packages/airflow/example_dags/example_time_delta_sensor_async.py for tasks to queue
[2024-08-08T20:22:33.676+0400] {logging_mixin.py:151} INFO - [2024-08-08T20:22:33.675+0400] {dagbag.py:539} INFO - Filling up the DagBag from /home/eduardo/airflow_venv/lib/python3.10/site-packages/airflow/example_dags/example_time_delta_sensor_async.py
[2024-08-08T20:22:33.680+0400] {processor.py:839} INFO - DAG(s) dict_keys(['example_time_delta_sensor_async']) retrieved from /home/eduardo/airflow_venv/lib/python3.10/site-packages/airflow/example_dags/example_time_delta_sensor_async.py
[2024-08-08T20:22:33.694+0400] {logging_mixin.py:151} INFO - [2024-08-08T20:22:33.694+0400] {dag.py:2915} INFO - Sync 1 DAGs
[2024-08-08T20:22:33.702+0400] {logging_mixin.py:151} INFO - [2024-08-08T20:22:33.701+0400] {dag.py:3696} INFO - Setting next_dagrun for example_time_delta_sensor_async to None, run_after=None
[2024-08-08T20:22:33.732+0400] {processor.py:179} INFO - Processing /home/eduardo/airflow_venv/lib/python3.10/site-packages/airflow/example_dags/example_time_delta_sensor_async.py took 0.060 seconds
[2024-08-08T20:23:04.443+0400] {processor.py:157} INFO - Started process (PID=7119) to work on /home/eduardo/airflow_venv/lib/python3.10/site-packages/airflow/example_dags/example_time_delta_sensor_async.py
[2024-08-08T20:23:04.444+0400] {processor.py:829} INFO - Processing file /home/eduardo/airflow_venv/lib/python3.10/site-packages/airflow/example_dags/example_time_delta_sensor_async.py for tasks to queue
[2024-08-08T20:23:04.444+0400] {logging_mixin.py:151} INFO - [2024-08-08T20:23:04.444+0400] {dagbag.py:539} INFO - Filling up the DagBag from /home/eduardo/airflow_venv/lib/python3.10/site-packages/airflow/example_dags/example_time_delta_sensor_async.py
[2024-08-08T20:23:04.447+0400] {processor.py:839} INFO - DAG(s) dict_keys(['example_time_delta_sensor_async']) retrieved from /home/eduardo/airflow_venv/lib/python3.10/site-packages/airflow/example_dags/example_time_delta_sensor_async.py
[2024-08-08T20:23:04.458+0400] {logging_mixin.py:151} INFO - [2024-08-08T20:23:04.458+0400] {dag.py:2915} INFO - Sync 1 DAGs
[2024-08-08T20:23:04.464+0400] {logging_mixin.py:151} INFO - [2024-08-08T20:23:04.464+0400] {dag.py:3696} INFO - Setting next_dagrun for example_time_delta_sensor_async to None, run_after=None
[2024-08-08T20:23:04.492+0400] {processor.py:179} INFO - Processing /home/eduardo/airflow_venv/lib/python3.10/site-packages/airflow/example_dags/example_time_delta_sensor_async.py took 0.051 seconds
[2024-08-08T20:23:46.900+0400] {processor.py:157} INFO - Started process (PID=7167) to work on /home/eduardo/airflow_venv/lib/python3.10/site-packages/airflow/example_dags/example_time_delta_sensor_async.py
[2024-08-08T20:23:46.901+0400] {processor.py:829} INFO - Processing file /home/eduardo/airflow_venv/lib/python3.10/site-packages/airflow/example_dags/example_time_delta_sensor_async.py for tasks to queue
[2024-08-08T20:23:46.901+0400] {logging_mixin.py:151} INFO - [2024-08-08T20:23:46.901+0400] {dagbag.py:539} INFO - Filling up the DagBag from /home/eduardo/airflow_venv/lib/python3.10/site-packages/airflow/example_dags/example_time_delta_sensor_async.py
[2024-08-08T20:23:46.904+0400] {processor.py:839} INFO - DAG(s) dict_keys(['example_time_delta_sensor_async']) retrieved from /home/eduardo/airflow_venv/lib/python3.10/site-packages/airflow/example_dags/example_time_delta_sensor_async.py
[2024-08-08T20:23:46.915+0400] {logging_mixin.py:151} INFO - [2024-08-08T20:23:46.915+0400] {dag.py:2915} INFO - Sync 1 DAGs
[2024-08-08T20:23:46.922+0400] {logging_mixin.py:151} INFO - [2024-08-08T20:23:46.922+0400] {dag.py:3696} INFO - Setting next_dagrun for example_time_delta_sensor_async to None, run_after=None
[2024-08-08T20:23:46.946+0400] {processor.py:179} INFO - Processing /home/eduardo/airflow_venv/lib/python3.10/site-packages/airflow/example_dags/example_time_delta_sensor_async.py took 0.048 seconds
[2024-08-08T20:24:18.274+0400] {processor.py:157} INFO - Started process (PID=7200) to work on /home/eduardo/airflow_venv/lib/python3.10/site-packages/airflow/example_dags/example_time_delta_sensor_async.py
[2024-08-08T20:24:18.275+0400] {processor.py:829} INFO - Processing file /home/eduardo/airflow_venv/lib/python3.10/site-packages/airflow/example_dags/example_time_delta_sensor_async.py for tasks to queue
[2024-08-08T20:24:18.275+0400] {logging_mixin.py:151} INFO - [2024-08-08T20:24:18.275+0400] {dagbag.py:539} INFO - Filling up the DagBag from /home/eduardo/airflow_venv/lib/python3.10/site-packages/airflow/example_dags/example_time_delta_sensor_async.py
[2024-08-08T20:24:18.279+0400] {processor.py:839} INFO - DAG(s) dict_keys(['example_time_delta_sensor_async']) retrieved from /home/eduardo/airflow_venv/lib/python3.10/site-packages/airflow/example_dags/example_time_delta_sensor_async.py
[2024-08-08T20:24:18.291+0400] {logging_mixin.py:151} INFO - [2024-08-08T20:24:18.291+0400] {dag.py:2915} INFO - Sync 1 DAGs
[2024-08-08T20:24:18.299+0400] {logging_mixin.py:151} INFO - [2024-08-08T20:24:18.298+0400] {dag.py:3696} INFO - Setting next_dagrun for example_time_delta_sensor_async to None, run_after=None
[2024-08-08T20:24:18.328+0400] {processor.py:179} INFO - Processing /home/eduardo/airflow_venv/lib/python3.10/site-packages/airflow/example_dags/example_time_delta_sensor_async.py took 0.056 seconds
[2024-08-08T20:24:48.502+0400] {processor.py:157} INFO - Started process (PID=7239) to work on /home/eduardo/airflow_venv/lib/python3.10/site-packages/airflow/example_dags/example_time_delta_sensor_async.py
[2024-08-08T20:24:48.504+0400] {processor.py:829} INFO - Processing file /home/eduardo/airflow_venv/lib/python3.10/site-packages/airflow/example_dags/example_time_delta_sensor_async.py for tasks to queue
[2024-08-08T20:24:48.504+0400] {logging_mixin.py:151} INFO - [2024-08-08T20:24:48.504+0400] {dagbag.py:539} INFO - Filling up the DagBag from /home/eduardo/airflow_venv/lib/python3.10/site-packages/airflow/example_dags/example_time_delta_sensor_async.py
[2024-08-08T20:24:48.508+0400] {processor.py:839} INFO - DAG(s) dict_keys(['example_time_delta_sensor_async']) retrieved from /home/eduardo/airflow_venv/lib/python3.10/site-packages/airflow/example_dags/example_time_delta_sensor_async.py
[2024-08-08T20:24:48.522+0400] {logging_mixin.py:151} INFO - [2024-08-08T20:24:48.522+0400] {dag.py:2915} INFO - Sync 1 DAGs
[2024-08-08T20:24:48.530+0400] {logging_mixin.py:151} INFO - [2024-08-08T20:24:48.530+0400] {dag.py:3696} INFO - Setting next_dagrun for example_time_delta_sensor_async to None, run_after=None
[2024-08-08T20:24:48.558+0400] {processor.py:179} INFO - Processing /home/eduardo/airflow_venv/lib/python3.10/site-packages/airflow/example_dags/example_time_delta_sensor_async.py took 0.059 seconds
[2024-08-08T20:25:22.157+0400] {processor.py:157} INFO - Started process (PID=7273) to work on /home/eduardo/airflow_venv/lib/python3.10/site-packages/airflow/example_dags/example_time_delta_sensor_async.py
[2024-08-08T20:25:22.158+0400] {processor.py:829} INFO - Processing file /home/eduardo/airflow_venv/lib/python3.10/site-packages/airflow/example_dags/example_time_delta_sensor_async.py for tasks to queue
[2024-08-08T20:25:22.159+0400] {logging_mixin.py:151} INFO - [2024-08-08T20:25:22.158+0400] {dagbag.py:539} INFO - Filling up the DagBag from /home/eduardo/airflow_venv/lib/python3.10/site-packages/airflow/example_dags/example_time_delta_sensor_async.py
[2024-08-08T20:25:22.163+0400] {processor.py:839} INFO - DAG(s) dict_keys(['example_time_delta_sensor_async']) retrieved from /home/eduardo/airflow_venv/lib/python3.10/site-packages/airflow/example_dags/example_time_delta_sensor_async.py
[2024-08-08T20:25:22.179+0400] {logging_mixin.py:151} INFO - [2024-08-08T20:25:22.178+0400] {dag.py:2915} INFO - Sync 1 DAGs
[2024-08-08T20:25:22.186+0400] {logging_mixin.py:151} INFO - [2024-08-08T20:25:22.186+0400] {dag.py:3696} INFO - Setting next_dagrun for example_time_delta_sensor_async to None, run_after=None
[2024-08-08T20:25:22.215+0400] {processor.py:179} INFO - Processing /home/eduardo/airflow_venv/lib/python3.10/site-packages/airflow/example_dags/example_time_delta_sensor_async.py took 0.061 seconds
[2024-08-08T20:26:06.041+0400] {processor.py:157} INFO - Started process (PID=7319) to work on /home/eduardo/airflow_venv/lib/python3.10/site-packages/airflow/example_dags/example_time_delta_sensor_async.py
[2024-08-08T20:26:06.042+0400] {processor.py:829} INFO - Processing file /home/eduardo/airflow_venv/lib/python3.10/site-packages/airflow/example_dags/example_time_delta_sensor_async.py for tasks to queue
[2024-08-08T20:26:06.042+0400] {logging_mixin.py:151} INFO - [2024-08-08T20:26:06.042+0400] {dagbag.py:539} INFO - Filling up the DagBag from /home/eduardo/airflow_venv/lib/python3.10/site-packages/airflow/example_dags/example_time_delta_sensor_async.py
[2024-08-08T20:26:06.045+0400] {processor.py:839} INFO - DAG(s) dict_keys(['example_time_delta_sensor_async']) retrieved from /home/eduardo/airflow_venv/lib/python3.10/site-packages/airflow/example_dags/example_time_delta_sensor_async.py
[2024-08-08T20:26:06.057+0400] {logging_mixin.py:151} INFO - [2024-08-08T20:26:06.056+0400] {dag.py:2915} INFO - Sync 1 DAGs
[2024-08-08T20:26:06.064+0400] {logging_mixin.py:151} INFO - [2024-08-08T20:26:06.064+0400] {dag.py:3696} INFO - Setting next_dagrun for example_time_delta_sensor_async to None, run_after=None
[2024-08-08T20:26:06.093+0400] {processor.py:179} INFO - Processing /home/eduardo/airflow_venv/lib/python3.10/site-packages/airflow/example_dags/example_time_delta_sensor_async.py took 0.055 seconds
[2024-08-08T22:09:30.162+0400] {processor.py:157} INFO - Started process (PID=9338) to work on /home/eduardo/airflow_venv/lib/python3.10/site-packages/airflow/example_dags/example_time_delta_sensor_async.py
[2024-08-08T22:09:30.165+0400] {processor.py:829} INFO - Processing file /home/eduardo/airflow_venv/lib/python3.10/site-packages/airflow/example_dags/example_time_delta_sensor_async.py for tasks to queue
[2024-08-08T22:09:30.166+0400] {logging_mixin.py:151} INFO - [2024-08-08T22:09:30.165+0400] {dagbag.py:539} INFO - Filling up the DagBag from /home/eduardo/airflow_venv/lib/python3.10/site-packages/airflow/example_dags/example_time_delta_sensor_async.py
[2024-08-08T22:09:30.177+0400] {processor.py:839} INFO - DAG(s) dict_keys(['example_time_delta_sensor_async']) retrieved from /home/eduardo/airflow_venv/lib/python3.10/site-packages/airflow/example_dags/example_time_delta_sensor_async.py
[2024-08-08T22:09:30.231+0400] {logging_mixin.py:151} INFO - [2024-08-08T22:09:30.231+0400] {dag.py:2915} INFO - Sync 1 DAGs
[2024-08-08T22:09:30.252+0400] {logging_mixin.py:151} INFO - [2024-08-08T22:09:30.251+0400] {dag.py:3696} INFO - Setting next_dagrun for example_time_delta_sensor_async to None, run_after=None
[2024-08-08T22:09:30.299+0400] {processor.py:179} INFO - Processing /home/eduardo/airflow_venv/lib/python3.10/site-packages/airflow/example_dags/example_time_delta_sensor_async.py took 0.143 seconds
[2024-08-08T22:10:18.866+0400] {processor.py:157} INFO - Started process (PID=9933) to work on /home/eduardo/airflow_venv/lib/python3.10/site-packages/airflow/example_dags/example_time_delta_sensor_async.py
[2024-08-08T22:10:18.870+0400] {processor.py:829} INFO - Processing file /home/eduardo/airflow_venv/lib/python3.10/site-packages/airflow/example_dags/example_time_delta_sensor_async.py for tasks to queue
[2024-08-08T22:10:18.871+0400] {logging_mixin.py:151} INFO - [2024-08-08T22:10:18.870+0400] {dagbag.py:539} INFO - Filling up the DagBag from /home/eduardo/airflow_venv/lib/python3.10/site-packages/airflow/example_dags/example_time_delta_sensor_async.py
[2024-08-08T22:10:18.876+0400] {processor.py:839} INFO - DAG(s) dict_keys(['example_time_delta_sensor_async']) retrieved from /home/eduardo/airflow_venv/lib/python3.10/site-packages/airflow/example_dags/example_time_delta_sensor_async.py
[2024-08-08T22:10:18.892+0400] {logging_mixin.py:151} INFO - [2024-08-08T22:10:18.892+0400] {dag.py:2915} INFO - Sync 1 DAGs
[2024-08-08T22:10:18.901+0400] {logging_mixin.py:151} INFO - [2024-08-08T22:10:18.901+0400] {dag.py:3696} INFO - Setting next_dagrun for example_time_delta_sensor_async to None, run_after=None
[2024-08-08T22:10:18.935+0400] {processor.py:179} INFO - Processing /home/eduardo/airflow_venv/lib/python3.10/site-packages/airflow/example_dags/example_time_delta_sensor_async.py took 0.071 seconds
[2024-08-08T22:10:51.988+0400] {processor.py:157} INFO - Started process (PID=10242) to work on /home/eduardo/airflow_venv/lib/python3.10/site-packages/airflow/example_dags/example_time_delta_sensor_async.py
[2024-08-08T22:10:51.991+0400] {processor.py:829} INFO - Processing file /home/eduardo/airflow_venv/lib/python3.10/site-packages/airflow/example_dags/example_time_delta_sensor_async.py for tasks to queue
[2024-08-08T22:10:51.992+0400] {logging_mixin.py:151} INFO - [2024-08-08T22:10:51.992+0400] {dagbag.py:539} INFO - Filling up the DagBag from /home/eduardo/airflow_venv/lib/python3.10/site-packages/airflow/example_dags/example_time_delta_sensor_async.py
[2024-08-08T22:10:51.997+0400] {processor.py:839} INFO - DAG(s) dict_keys(['example_time_delta_sensor_async']) retrieved from /home/eduardo/airflow_venv/lib/python3.10/site-packages/airflow/example_dags/example_time_delta_sensor_async.py
[2024-08-08T22:10:52.015+0400] {logging_mixin.py:151} INFO - [2024-08-08T22:10:52.015+0400] {dag.py:2915} INFO - Sync 1 DAGs
[2024-08-08T22:10:52.024+0400] {logging_mixin.py:151} INFO - [2024-08-08T22:10:52.024+0400] {dag.py:3696} INFO - Setting next_dagrun for example_time_delta_sensor_async to None, run_after=None
[2024-08-08T22:10:52.056+0400] {processor.py:179} INFO - Processing /home/eduardo/airflow_venv/lib/python3.10/site-packages/airflow/example_dags/example_time_delta_sensor_async.py took 0.071 seconds
[2024-08-08T22:11:29.123+0400] {processor.py:157} INFO - Started process (PID=10668) to work on /home/eduardo/airflow_venv/lib/python3.10/site-packages/airflow/example_dags/example_time_delta_sensor_async.py
[2024-08-08T22:11:29.128+0400] {processor.py:829} INFO - Processing file /home/eduardo/airflow_venv/lib/python3.10/site-packages/airflow/example_dags/example_time_delta_sensor_async.py for tasks to queue
[2024-08-08T22:11:29.131+0400] {logging_mixin.py:151} INFO - [2024-08-08T22:11:29.130+0400] {dagbag.py:539} INFO - Filling up the DagBag from /home/eduardo/airflow_venv/lib/python3.10/site-packages/airflow/example_dags/example_time_delta_sensor_async.py
[2024-08-08T22:11:29.139+0400] {processor.py:839} INFO - DAG(s) dict_keys(['example_time_delta_sensor_async']) retrieved from /home/eduardo/airflow_venv/lib/python3.10/site-packages/airflow/example_dags/example_time_delta_sensor_async.py
[2024-08-08T22:11:29.168+0400] {logging_mixin.py:151} INFO - [2024-08-08T22:11:29.168+0400] {dag.py:2915} INFO - Sync 1 DAGs
[2024-08-08T22:11:29.185+0400] {logging_mixin.py:151} INFO - [2024-08-08T22:11:29.185+0400] {dag.py:3696} INFO - Setting next_dagrun for example_time_delta_sensor_async to None, run_after=None
[2024-08-08T22:11:29.222+0400] {processor.py:179} INFO - Processing /home/eduardo/airflow_venv/lib/python3.10/site-packages/airflow/example_dags/example_time_delta_sensor_async.py took 0.107 seconds
[2024-08-08T22:12:03.446+0400] {processor.py:157} INFO - Started process (PID=10963) to work on /home/eduardo/airflow_venv/lib/python3.10/site-packages/airflow/example_dags/example_time_delta_sensor_async.py
[2024-08-08T22:12:03.449+0400] {processor.py:829} INFO - Processing file /home/eduardo/airflow_venv/lib/python3.10/site-packages/airflow/example_dags/example_time_delta_sensor_async.py for tasks to queue
[2024-08-08T22:12:03.450+0400] {logging_mixin.py:151} INFO - [2024-08-08T22:12:03.450+0400] {dagbag.py:539} INFO - Filling up the DagBag from /home/eduardo/airflow_venv/lib/python3.10/site-packages/airflow/example_dags/example_time_delta_sensor_async.py
[2024-08-08T22:12:03.456+0400] {processor.py:839} INFO - DAG(s) dict_keys(['example_time_delta_sensor_async']) retrieved from /home/eduardo/airflow_venv/lib/python3.10/site-packages/airflow/example_dags/example_time_delta_sensor_async.py
[2024-08-08T22:12:03.480+0400] {logging_mixin.py:151} INFO - [2024-08-08T22:12:03.480+0400] {dag.py:2915} INFO - Sync 1 DAGs
[2024-08-08T22:12:03.495+0400] {logging_mixin.py:151} INFO - [2024-08-08T22:12:03.495+0400] {dag.py:3696} INFO - Setting next_dagrun for example_time_delta_sensor_async to None, run_after=None
[2024-08-08T22:12:03.532+0400] {processor.py:179} INFO - Processing /home/eduardo/airflow_venv/lib/python3.10/site-packages/airflow/example_dags/example_time_delta_sensor_async.py took 0.090 seconds
[2024-08-08T22:12:37.390+0400] {processor.py:157} INFO - Started process (PID=11224) to work on /home/eduardo/airflow_venv/lib/python3.10/site-packages/airflow/example_dags/example_time_delta_sensor_async.py
[2024-08-08T22:12:37.394+0400] {processor.py:829} INFO - Processing file /home/eduardo/airflow_venv/lib/python3.10/site-packages/airflow/example_dags/example_time_delta_sensor_async.py for tasks to queue
[2024-08-08T22:12:37.395+0400] {logging_mixin.py:151} INFO - [2024-08-08T22:12:37.395+0400] {dagbag.py:539} INFO - Filling up the DagBag from /home/eduardo/airflow_venv/lib/python3.10/site-packages/airflow/example_dags/example_time_delta_sensor_async.py
[2024-08-08T22:12:37.405+0400] {processor.py:839} INFO - DAG(s) dict_keys(['example_time_delta_sensor_async']) retrieved from /home/eduardo/airflow_venv/lib/python3.10/site-packages/airflow/example_dags/example_time_delta_sensor_async.py
[2024-08-08T22:12:37.431+0400] {logging_mixin.py:151} INFO - [2024-08-08T22:12:37.430+0400] {dag.py:2915} INFO - Sync 1 DAGs
[2024-08-08T22:12:37.446+0400] {logging_mixin.py:151} INFO - [2024-08-08T22:12:37.446+0400] {dag.py:3696} INFO - Setting next_dagrun for example_time_delta_sensor_async to None, run_after=None
[2024-08-08T22:12:37.485+0400] {processor.py:179} INFO - Processing /home/eduardo/airflow_venv/lib/python3.10/site-packages/airflow/example_dags/example_time_delta_sensor_async.py took 0.102 seconds
[2024-08-08T22:13:09.848+0400] {processor.py:157} INFO - Started process (PID=11479) to work on /home/eduardo/airflow_venv/lib/python3.10/site-packages/airflow/example_dags/example_time_delta_sensor_async.py
[2024-08-08T22:13:09.850+0400] {processor.py:829} INFO - Processing file /home/eduardo/airflow_venv/lib/python3.10/site-packages/airflow/example_dags/example_time_delta_sensor_async.py for tasks to queue
[2024-08-08T22:13:09.852+0400] {logging_mixin.py:151} INFO - [2024-08-08T22:13:09.851+0400] {dagbag.py:539} INFO - Filling up the DagBag from /home/eduardo/airflow_venv/lib/python3.10/site-packages/airflow/example_dags/example_time_delta_sensor_async.py
[2024-08-08T22:13:09.857+0400] {processor.py:839} INFO - DAG(s) dict_keys(['example_time_delta_sensor_async']) retrieved from /home/eduardo/airflow_venv/lib/python3.10/site-packages/airflow/example_dags/example_time_delta_sensor_async.py
[2024-08-08T22:13:09.874+0400] {logging_mixin.py:151} INFO - [2024-08-08T22:13:09.874+0400] {dag.py:2915} INFO - Sync 1 DAGs
[2024-08-08T22:13:09.892+0400] {logging_mixin.py:151} INFO - [2024-08-08T22:13:09.891+0400] {dag.py:3696} INFO - Setting next_dagrun for example_time_delta_sensor_async to None, run_after=None
[2024-08-08T22:13:09.924+0400] {processor.py:179} INFO - Processing /home/eduardo/airflow_venv/lib/python3.10/site-packages/airflow/example_dags/example_time_delta_sensor_async.py took 0.080 seconds
[2024-08-08T22:13:41.267+0400] {processor.py:157} INFO - Started process (PID=11794) to work on /home/eduardo/airflow_venv/lib/python3.10/site-packages/airflow/example_dags/example_time_delta_sensor_async.py
[2024-08-08T22:13:41.270+0400] {processor.py:829} INFO - Processing file /home/eduardo/airflow_venv/lib/python3.10/site-packages/airflow/example_dags/example_time_delta_sensor_async.py for tasks to queue
[2024-08-08T22:13:41.270+0400] {logging_mixin.py:151} INFO - [2024-08-08T22:13:41.270+0400] {dagbag.py:539} INFO - Filling up the DagBag from /home/eduardo/airflow_venv/lib/python3.10/site-packages/airflow/example_dags/example_time_delta_sensor_async.py
[2024-08-08T22:13:41.274+0400] {processor.py:839} INFO - DAG(s) dict_keys(['example_time_delta_sensor_async']) retrieved from /home/eduardo/airflow_venv/lib/python3.10/site-packages/airflow/example_dags/example_time_delta_sensor_async.py
[2024-08-08T22:13:41.289+0400] {logging_mixin.py:151} INFO - [2024-08-08T22:13:41.289+0400] {dag.py:2915} INFO - Sync 1 DAGs
[2024-08-08T22:13:41.300+0400] {logging_mixin.py:151} INFO - [2024-08-08T22:13:41.299+0400] {dag.py:3696} INFO - Setting next_dagrun for example_time_delta_sensor_async to None, run_after=None
[2024-08-08T22:13:41.329+0400] {processor.py:179} INFO - Processing /home/eduardo/airflow_venv/lib/python3.10/site-packages/airflow/example_dags/example_time_delta_sensor_async.py took 0.065 seconds
[2024-08-08T22:14:28.373+0400] {processor.py:157} INFO - Started process (PID=12348) to work on /home/eduardo/airflow_venv/lib/python3.10/site-packages/airflow/example_dags/example_time_delta_sensor_async.py
[2024-08-08T22:14:28.375+0400] {processor.py:829} INFO - Processing file /home/eduardo/airflow_venv/lib/python3.10/site-packages/airflow/example_dags/example_time_delta_sensor_async.py for tasks to queue
[2024-08-08T22:14:28.376+0400] {logging_mixin.py:151} INFO - [2024-08-08T22:14:28.375+0400] {dagbag.py:539} INFO - Filling up the DagBag from /home/eduardo/airflow_venv/lib/python3.10/site-packages/airflow/example_dags/example_time_delta_sensor_async.py
[2024-08-08T22:14:28.380+0400] {processor.py:839} INFO - DAG(s) dict_keys(['example_time_delta_sensor_async']) retrieved from /home/eduardo/airflow_venv/lib/python3.10/site-packages/airflow/example_dags/example_time_delta_sensor_async.py
[2024-08-08T22:14:28.389+0400] {logging_mixin.py:151} INFO - [2024-08-08T22:14:28.389+0400] {dag.py:2915} INFO - Sync 1 DAGs
[2024-08-08T22:14:28.400+0400] {logging_mixin.py:151} INFO - [2024-08-08T22:14:28.400+0400] {dag.py:3696} INFO - Setting next_dagrun for example_time_delta_sensor_async to None, run_after=None
[2024-08-08T22:14:28.434+0400] {processor.py:179} INFO - Processing /home/eduardo/airflow_venv/lib/python3.10/site-packages/airflow/example_dags/example_time_delta_sensor_async.py took 0.064 seconds
[2024-08-08T22:15:03.322+0400] {processor.py:157} INFO - Started process (PID=12644) to work on /home/eduardo/airflow_venv/lib/python3.10/site-packages/airflow/example_dags/example_time_delta_sensor_async.py
[2024-08-08T22:15:03.326+0400] {processor.py:829} INFO - Processing file /home/eduardo/airflow_venv/lib/python3.10/site-packages/airflow/example_dags/example_time_delta_sensor_async.py for tasks to queue
[2024-08-08T22:15:03.327+0400] {logging_mixin.py:151} INFO - [2024-08-08T22:15:03.327+0400] {dagbag.py:539} INFO - Filling up the DagBag from /home/eduardo/airflow_venv/lib/python3.10/site-packages/airflow/example_dags/example_time_delta_sensor_async.py
[2024-08-08T22:15:03.335+0400] {processor.py:839} INFO - DAG(s) dict_keys(['example_time_delta_sensor_async']) retrieved from /home/eduardo/airflow_venv/lib/python3.10/site-packages/airflow/example_dags/example_time_delta_sensor_async.py
[2024-08-08T22:15:03.367+0400] {logging_mixin.py:151} INFO - [2024-08-08T22:15:03.366+0400] {dag.py:2915} INFO - Sync 1 DAGs
[2024-08-08T22:15:03.386+0400] {logging_mixin.py:151} INFO - [2024-08-08T22:15:03.385+0400] {dag.py:3696} INFO - Setting next_dagrun for example_time_delta_sensor_async to None, run_after=None
[2024-08-08T22:15:03.430+0400] {processor.py:179} INFO - Processing /home/eduardo/airflow_venv/lib/python3.10/site-packages/airflow/example_dags/example_time_delta_sensor_async.py took 0.113 seconds
[2024-08-08T22:15:38.141+0400] {processor.py:157} INFO - Started process (PID=12974) to work on /home/eduardo/airflow_venv/lib/python3.10/site-packages/airflow/example_dags/example_time_delta_sensor_async.py
[2024-08-08T22:15:38.143+0400] {processor.py:829} INFO - Processing file /home/eduardo/airflow_venv/lib/python3.10/site-packages/airflow/example_dags/example_time_delta_sensor_async.py for tasks to queue
[2024-08-08T22:15:38.144+0400] {logging_mixin.py:151} INFO - [2024-08-08T22:15:38.144+0400] {dagbag.py:539} INFO - Filling up the DagBag from /home/eduardo/airflow_venv/lib/python3.10/site-packages/airflow/example_dags/example_time_delta_sensor_async.py
[2024-08-08T22:15:38.148+0400] {processor.py:839} INFO - DAG(s) dict_keys(['example_time_delta_sensor_async']) retrieved from /home/eduardo/airflow_venv/lib/python3.10/site-packages/airflow/example_dags/example_time_delta_sensor_async.py
[2024-08-08T22:15:38.162+0400] {logging_mixin.py:151} INFO - [2024-08-08T22:15:38.162+0400] {dag.py:2915} INFO - Sync 1 DAGs
[2024-08-08T22:15:38.172+0400] {logging_mixin.py:151} INFO - [2024-08-08T22:15:38.171+0400] {dag.py:3696} INFO - Setting next_dagrun for example_time_delta_sensor_async to None, run_after=None
[2024-08-08T22:15:38.202+0400] {processor.py:179} INFO - Processing /home/eduardo/airflow_venv/lib/python3.10/site-packages/airflow/example_dags/example_time_delta_sensor_async.py took 0.064 seconds
[2024-08-08T22:16:11.842+0400] {processor.py:157} INFO - Started process (PID=13264) to work on /home/eduardo/airflow_venv/lib/python3.10/site-packages/airflow/example_dags/example_time_delta_sensor_async.py
[2024-08-08T22:16:11.844+0400] {processor.py:829} INFO - Processing file /home/eduardo/airflow_venv/lib/python3.10/site-packages/airflow/example_dags/example_time_delta_sensor_async.py for tasks to queue
[2024-08-08T22:16:11.845+0400] {logging_mixin.py:151} INFO - [2024-08-08T22:16:11.844+0400] {dagbag.py:539} INFO - Filling up the DagBag from /home/eduardo/airflow_venv/lib/python3.10/site-packages/airflow/example_dags/example_time_delta_sensor_async.py
[2024-08-08T22:16:11.849+0400] {processor.py:839} INFO - DAG(s) dict_keys(['example_time_delta_sensor_async']) retrieved from /home/eduardo/airflow_venv/lib/python3.10/site-packages/airflow/example_dags/example_time_delta_sensor_async.py
[2024-08-08T22:16:11.863+0400] {logging_mixin.py:151} INFO - [2024-08-08T22:16:11.863+0400] {dag.py:2915} INFO - Sync 1 DAGs
[2024-08-08T22:16:11.872+0400] {logging_mixin.py:151} INFO - [2024-08-08T22:16:11.871+0400] {dag.py:3696} INFO - Setting next_dagrun for example_time_delta_sensor_async to None, run_after=None
[2024-08-08T22:16:11.899+0400] {processor.py:179} INFO - Processing /home/eduardo/airflow_venv/lib/python3.10/site-packages/airflow/example_dags/example_time_delta_sensor_async.py took 0.059 seconds
[2024-08-08T22:16:44.365+0400] {processor.py:157} INFO - Started process (PID=13597) to work on /home/eduardo/airflow_venv/lib/python3.10/site-packages/airflow/example_dags/example_time_delta_sensor_async.py
[2024-08-08T22:16:44.366+0400] {processor.py:829} INFO - Processing file /home/eduardo/airflow_venv/lib/python3.10/site-packages/airflow/example_dags/example_time_delta_sensor_async.py for tasks to queue
[2024-08-08T22:16:44.366+0400] {logging_mixin.py:151} INFO - [2024-08-08T22:16:44.366+0400] {dagbag.py:539} INFO - Filling up the DagBag from /home/eduardo/airflow_venv/lib/python3.10/site-packages/airflow/example_dags/example_time_delta_sensor_async.py
[2024-08-08T22:16:44.370+0400] {processor.py:839} INFO - DAG(s) dict_keys(['example_time_delta_sensor_async']) retrieved from /home/eduardo/airflow_venv/lib/python3.10/site-packages/airflow/example_dags/example_time_delta_sensor_async.py
[2024-08-08T22:16:44.386+0400] {logging_mixin.py:151} INFO - [2024-08-08T22:16:44.386+0400] {dag.py:2915} INFO - Sync 1 DAGs
[2024-08-08T22:16:44.397+0400] {logging_mixin.py:151} INFO - [2024-08-08T22:16:44.396+0400] {dag.py:3696} INFO - Setting next_dagrun for example_time_delta_sensor_async to None, run_after=None
[2024-08-08T22:16:44.434+0400] {processor.py:179} INFO - Processing /home/eduardo/airflow_venv/lib/python3.10/site-packages/airflow/example_dags/example_time_delta_sensor_async.py took 0.073 seconds
[2024-08-08T22:17:19.958+0400] {processor.py:157} INFO - Started process (PID=14000) to work on /home/eduardo/airflow_venv/lib/python3.10/site-packages/airflow/example_dags/example_time_delta_sensor_async.py
[2024-08-08T22:17:19.961+0400] {processor.py:829} INFO - Processing file /home/eduardo/airflow_venv/lib/python3.10/site-packages/airflow/example_dags/example_time_delta_sensor_async.py for tasks to queue
[2024-08-08T22:17:19.962+0400] {logging_mixin.py:151} INFO - [2024-08-08T22:17:19.962+0400] {dagbag.py:539} INFO - Filling up the DagBag from /home/eduardo/airflow_venv/lib/python3.10/site-packages/airflow/example_dags/example_time_delta_sensor_async.py
[2024-08-08T22:17:19.967+0400] {processor.py:839} INFO - DAG(s) dict_keys(['example_time_delta_sensor_async']) retrieved from /home/eduardo/airflow_venv/lib/python3.10/site-packages/airflow/example_dags/example_time_delta_sensor_async.py
[2024-08-08T22:17:19.981+0400] {logging_mixin.py:151} INFO - [2024-08-08T22:17:19.981+0400] {dag.py:2915} INFO - Sync 1 DAGs
[2024-08-08T22:17:19.990+0400] {logging_mixin.py:151} INFO - [2024-08-08T22:17:19.990+0400] {dag.py:3696} INFO - Setting next_dagrun for example_time_delta_sensor_async to None, run_after=None
[2024-08-08T22:17:20.025+0400] {processor.py:179} INFO - Processing /home/eduardo/airflow_venv/lib/python3.10/site-packages/airflow/example_dags/example_time_delta_sensor_async.py took 0.072 seconds
[2024-08-08T22:17:56.052+0400] {processor.py:157} INFO - Started process (PID=14278) to work on /home/eduardo/airflow_venv/lib/python3.10/site-packages/airflow/example_dags/example_time_delta_sensor_async.py
[2024-08-08T22:17:56.056+0400] {processor.py:829} INFO - Processing file /home/eduardo/airflow_venv/lib/python3.10/site-packages/airflow/example_dags/example_time_delta_sensor_async.py for tasks to queue
[2024-08-08T22:17:56.057+0400] {logging_mixin.py:151} INFO - [2024-08-08T22:17:56.056+0400] {dagbag.py:539} INFO - Filling up the DagBag from /home/eduardo/airflow_venv/lib/python3.10/site-packages/airflow/example_dags/example_time_delta_sensor_async.py
[2024-08-08T22:17:56.061+0400] {processor.py:839} INFO - DAG(s) dict_keys(['example_time_delta_sensor_async']) retrieved from /home/eduardo/airflow_venv/lib/python3.10/site-packages/airflow/example_dags/example_time_delta_sensor_async.py
[2024-08-08T22:17:56.088+0400] {logging_mixin.py:151} INFO - [2024-08-08T22:17:56.088+0400] {dag.py:2915} INFO - Sync 1 DAGs
[2024-08-08T22:17:56.099+0400] {logging_mixin.py:151} INFO - [2024-08-08T22:17:56.098+0400] {dag.py:3696} INFO - Setting next_dagrun for example_time_delta_sensor_async to None, run_after=None
[2024-08-08T22:17:56.130+0400] {processor.py:179} INFO - Processing /home/eduardo/airflow_venv/lib/python3.10/site-packages/airflow/example_dags/example_time_delta_sensor_async.py took 0.083 seconds
[2024-08-08T22:18:29.999+0400] {processor.py:157} INFO - Started process (PID=14541) to work on /home/eduardo/airflow_venv/lib/python3.10/site-packages/airflow/example_dags/example_time_delta_sensor_async.py
[2024-08-08T22:18:30.002+0400] {processor.py:829} INFO - Processing file /home/eduardo/airflow_venv/lib/python3.10/site-packages/airflow/example_dags/example_time_delta_sensor_async.py for tasks to queue
[2024-08-08T22:18:30.003+0400] {logging_mixin.py:151} INFO - [2024-08-08T22:18:30.003+0400] {dagbag.py:539} INFO - Filling up the DagBag from /home/eduardo/airflow_venv/lib/python3.10/site-packages/airflow/example_dags/example_time_delta_sensor_async.py
[2024-08-08T22:18:30.008+0400] {processor.py:839} INFO - DAG(s) dict_keys(['example_time_delta_sensor_async']) retrieved from /home/eduardo/airflow_venv/lib/python3.10/site-packages/airflow/example_dags/example_time_delta_sensor_async.py
[2024-08-08T22:18:30.025+0400] {logging_mixin.py:151} INFO - [2024-08-08T22:18:30.025+0400] {dag.py:2915} INFO - Sync 1 DAGs
[2024-08-08T22:18:30.033+0400] {logging_mixin.py:151} INFO - [2024-08-08T22:18:30.033+0400] {dag.py:3696} INFO - Setting next_dagrun for example_time_delta_sensor_async to None, run_after=None
[2024-08-08T22:18:30.064+0400] {processor.py:179} INFO - Processing /home/eduardo/airflow_venv/lib/python3.10/site-packages/airflow/example_dags/example_time_delta_sensor_async.py took 0.068 seconds
[2024-08-08T22:19:07.404+0400] {processor.py:157} INFO - Started process (PID=14832) to work on /home/eduardo/airflow_venv/lib/python3.10/site-packages/airflow/example_dags/example_time_delta_sensor_async.py
[2024-08-08T22:19:07.406+0400] {processor.py:829} INFO - Processing file /home/eduardo/airflow_venv/lib/python3.10/site-packages/airflow/example_dags/example_time_delta_sensor_async.py for tasks to queue
[2024-08-08T22:19:07.408+0400] {logging_mixin.py:151} INFO - [2024-08-08T22:19:07.407+0400] {dagbag.py:539} INFO - Filling up the DagBag from /home/eduardo/airflow_venv/lib/python3.10/site-packages/airflow/example_dags/example_time_delta_sensor_async.py
[2024-08-08T22:19:07.413+0400] {processor.py:839} INFO - DAG(s) dict_keys(['example_time_delta_sensor_async']) retrieved from /home/eduardo/airflow_venv/lib/python3.10/site-packages/airflow/example_dags/example_time_delta_sensor_async.py
[2024-08-08T22:19:07.433+0400] {logging_mixin.py:151} INFO - [2024-08-08T22:19:07.433+0400] {dag.py:2915} INFO - Sync 1 DAGs
[2024-08-08T22:19:07.447+0400] {logging_mixin.py:151} INFO - [2024-08-08T22:19:07.447+0400] {dag.py:3696} INFO - Setting next_dagrun for example_time_delta_sensor_async to None, run_after=None
[2024-08-08T22:19:07.482+0400] {processor.py:179} INFO - Processing /home/eduardo/airflow_venv/lib/python3.10/site-packages/airflow/example_dags/example_time_delta_sensor_async.py took 0.082 seconds
[2024-08-08T22:19:40.345+0400] {processor.py:157} INFO - Started process (PID=15118) to work on /home/eduardo/airflow_venv/lib/python3.10/site-packages/airflow/example_dags/example_time_delta_sensor_async.py
[2024-08-08T22:19:40.347+0400] {processor.py:829} INFO - Processing file /home/eduardo/airflow_venv/lib/python3.10/site-packages/airflow/example_dags/example_time_delta_sensor_async.py for tasks to queue
[2024-08-08T22:19:40.348+0400] {logging_mixin.py:151} INFO - [2024-08-08T22:19:40.348+0400] {dagbag.py:539} INFO - Filling up the DagBag from /home/eduardo/airflow_venv/lib/python3.10/site-packages/airflow/example_dags/example_time_delta_sensor_async.py
[2024-08-08T22:19:40.352+0400] {processor.py:839} INFO - DAG(s) dict_keys(['example_time_delta_sensor_async']) retrieved from /home/eduardo/airflow_venv/lib/python3.10/site-packages/airflow/example_dags/example_time_delta_sensor_async.py
[2024-08-08T22:19:40.366+0400] {logging_mixin.py:151} INFO - [2024-08-08T22:19:40.366+0400] {dag.py:2915} INFO - Sync 1 DAGs
[2024-08-08T22:19:40.383+0400] {logging_mixin.py:151} INFO - [2024-08-08T22:19:40.383+0400] {dag.py:3696} INFO - Setting next_dagrun for example_time_delta_sensor_async to None, run_after=None
[2024-08-08T22:19:40.412+0400] {processor.py:179} INFO - Processing /home/eduardo/airflow_venv/lib/python3.10/site-packages/airflow/example_dags/example_time_delta_sensor_async.py took 0.071 seconds
[2024-08-08T22:20:13.279+0400] {processor.py:157} INFO - Started process (PID=15373) to work on /home/eduardo/airflow_venv/lib/python3.10/site-packages/airflow/example_dags/example_time_delta_sensor_async.py
[2024-08-08T22:20:13.282+0400] {processor.py:829} INFO - Processing file /home/eduardo/airflow_venv/lib/python3.10/site-packages/airflow/example_dags/example_time_delta_sensor_async.py for tasks to queue
[2024-08-08T22:20:13.284+0400] {logging_mixin.py:151} INFO - [2024-08-08T22:20:13.283+0400] {dagbag.py:539} INFO - Filling up the DagBag from /home/eduardo/airflow_venv/lib/python3.10/site-packages/airflow/example_dags/example_time_delta_sensor_async.py
[2024-08-08T22:20:13.290+0400] {processor.py:839} INFO - DAG(s) dict_keys(['example_time_delta_sensor_async']) retrieved from /home/eduardo/airflow_venv/lib/python3.10/site-packages/airflow/example_dags/example_time_delta_sensor_async.py
[2024-08-08T22:20:13.311+0400] {logging_mixin.py:151} INFO - [2024-08-08T22:20:13.310+0400] {dag.py:2915} INFO - Sync 1 DAGs
[2024-08-08T22:20:13.326+0400] {logging_mixin.py:151} INFO - [2024-08-08T22:20:13.326+0400] {dag.py:3696} INFO - Setting next_dagrun for example_time_delta_sensor_async to None, run_after=None
[2024-08-08T22:20:13.366+0400] {processor.py:179} INFO - Processing /home/eduardo/airflow_venv/lib/python3.10/site-packages/airflow/example_dags/example_time_delta_sensor_async.py took 0.091 seconds
[2024-08-08T22:20:48.300+0400] {processor.py:157} INFO - Started process (PID=15649) to work on /home/eduardo/airflow_venv/lib/python3.10/site-packages/airflow/example_dags/example_time_delta_sensor_async.py
[2024-08-08T22:20:48.302+0400] {processor.py:829} INFO - Processing file /home/eduardo/airflow_venv/lib/python3.10/site-packages/airflow/example_dags/example_time_delta_sensor_async.py for tasks to queue
[2024-08-08T22:20:48.303+0400] {logging_mixin.py:151} INFO - [2024-08-08T22:20:48.303+0400] {dagbag.py:539} INFO - Filling up the DagBag from /home/eduardo/airflow_venv/lib/python3.10/site-packages/airflow/example_dags/example_time_delta_sensor_async.py
[2024-08-08T22:20:48.310+0400] {processor.py:839} INFO - DAG(s) dict_keys(['example_time_delta_sensor_async']) retrieved from /home/eduardo/airflow_venv/lib/python3.10/site-packages/airflow/example_dags/example_time_delta_sensor_async.py
[2024-08-08T22:20:48.333+0400] {logging_mixin.py:151} INFO - [2024-08-08T22:20:48.332+0400] {dag.py:2915} INFO - Sync 1 DAGs
[2024-08-08T22:20:48.352+0400] {logging_mixin.py:151} INFO - [2024-08-08T22:20:48.352+0400] {dag.py:3696} INFO - Setting next_dagrun for example_time_delta_sensor_async to None, run_after=None
[2024-08-08T22:20:48.389+0400] {processor.py:179} INFO - Processing /home/eduardo/airflow_venv/lib/python3.10/site-packages/airflow/example_dags/example_time_delta_sensor_async.py took 0.093 seconds
[2024-08-08T22:21:20.882+0400] {processor.py:157} INFO - Started process (PID=15979) to work on /home/eduardo/airflow_venv/lib/python3.10/site-packages/airflow/example_dags/example_time_delta_sensor_async.py
[2024-08-08T22:21:20.884+0400] {processor.py:829} INFO - Processing file /home/eduardo/airflow_venv/lib/python3.10/site-packages/airflow/example_dags/example_time_delta_sensor_async.py for tasks to queue
[2024-08-08T22:21:20.885+0400] {logging_mixin.py:151} INFO - [2024-08-08T22:21:20.885+0400] {dagbag.py:539} INFO - Filling up the DagBag from /home/eduardo/airflow_venv/lib/python3.10/site-packages/airflow/example_dags/example_time_delta_sensor_async.py
[2024-08-08T22:21:20.889+0400] {processor.py:839} INFO - DAG(s) dict_keys(['example_time_delta_sensor_async']) retrieved from /home/eduardo/airflow_venv/lib/python3.10/site-packages/airflow/example_dags/example_time_delta_sensor_async.py
[2024-08-08T22:21:20.906+0400] {logging_mixin.py:151} INFO - [2024-08-08T22:21:20.906+0400] {dag.py:2915} INFO - Sync 1 DAGs
[2024-08-08T22:21:20.915+0400] {logging_mixin.py:151} INFO - [2024-08-08T22:21:20.915+0400] {dag.py:3696} INFO - Setting next_dagrun for example_time_delta_sensor_async to None, run_after=None
[2024-08-08T22:21:20.952+0400] {processor.py:179} INFO - Processing /home/eduardo/airflow_venv/lib/python3.10/site-packages/airflow/example_dags/example_time_delta_sensor_async.py took 0.072 seconds
[2024-08-08T22:21:58.092+0400] {processor.py:157} INFO - Started process (PID=16308) to work on /home/eduardo/airflow_venv/lib/python3.10/site-packages/airflow/example_dags/example_time_delta_sensor_async.py
[2024-08-08T22:21:58.095+0400] {processor.py:829} INFO - Processing file /home/eduardo/airflow_venv/lib/python3.10/site-packages/airflow/example_dags/example_time_delta_sensor_async.py for tasks to queue
[2024-08-08T22:21:58.096+0400] {logging_mixin.py:151} INFO - [2024-08-08T22:21:58.096+0400] {dagbag.py:539} INFO - Filling up the DagBag from /home/eduardo/airflow_venv/lib/python3.10/site-packages/airflow/example_dags/example_time_delta_sensor_async.py
[2024-08-08T22:21:58.100+0400] {processor.py:839} INFO - DAG(s) dict_keys(['example_time_delta_sensor_async']) retrieved from /home/eduardo/airflow_venv/lib/python3.10/site-packages/airflow/example_dags/example_time_delta_sensor_async.py
[2024-08-08T22:21:58.113+0400] {logging_mixin.py:151} INFO - [2024-08-08T22:21:58.113+0400] {dag.py:2915} INFO - Sync 1 DAGs
[2024-08-08T22:21:58.121+0400] {logging_mixin.py:151} INFO - [2024-08-08T22:21:58.121+0400] {dag.py:3696} INFO - Setting next_dagrun for example_time_delta_sensor_async to None, run_after=None
[2024-08-08T22:21:58.151+0400] {processor.py:179} INFO - Processing /home/eduardo/airflow_venv/lib/python3.10/site-packages/airflow/example_dags/example_time_delta_sensor_async.py took 0.061 seconds
[2024-08-08T22:22:31.875+0400] {processor.py:157} INFO - Started process (PID=16568) to work on /home/eduardo/airflow_venv/lib/python3.10/site-packages/airflow/example_dags/example_time_delta_sensor_async.py
[2024-08-08T22:22:31.878+0400] {processor.py:829} INFO - Processing file /home/eduardo/airflow_venv/lib/python3.10/site-packages/airflow/example_dags/example_time_delta_sensor_async.py for tasks to queue
[2024-08-08T22:22:31.878+0400] {logging_mixin.py:151} INFO - [2024-08-08T22:22:31.878+0400] {dagbag.py:539} INFO - Filling up the DagBag from /home/eduardo/airflow_venv/lib/python3.10/site-packages/airflow/example_dags/example_time_delta_sensor_async.py
[2024-08-08T22:22:31.882+0400] {processor.py:839} INFO - DAG(s) dict_keys(['example_time_delta_sensor_async']) retrieved from /home/eduardo/airflow_venv/lib/python3.10/site-packages/airflow/example_dags/example_time_delta_sensor_async.py
[2024-08-08T22:22:31.896+0400] {logging_mixin.py:151} INFO - [2024-08-08T22:22:31.896+0400] {dag.py:2915} INFO - Sync 1 DAGs
[2024-08-08T22:22:31.906+0400] {logging_mixin.py:151} INFO - [2024-08-08T22:22:31.905+0400] {dag.py:3696} INFO - Setting next_dagrun for example_time_delta_sensor_async to None, run_after=None
[2024-08-08T22:22:31.938+0400] {processor.py:179} INFO - Processing /home/eduardo/airflow_venv/lib/python3.10/site-packages/airflow/example_dags/example_time_delta_sensor_async.py took 0.066 seconds
[2024-08-08T22:23:04.380+0400] {processor.py:157} INFO - Started process (PID=16825) to work on /home/eduardo/airflow_venv/lib/python3.10/site-packages/airflow/example_dags/example_time_delta_sensor_async.py
[2024-08-08T22:23:04.383+0400] {processor.py:829} INFO - Processing file /home/eduardo/airflow_venv/lib/python3.10/site-packages/airflow/example_dags/example_time_delta_sensor_async.py for tasks to queue
[2024-08-08T22:23:04.384+0400] {logging_mixin.py:151} INFO - [2024-08-08T22:23:04.384+0400] {dagbag.py:539} INFO - Filling up the DagBag from /home/eduardo/airflow_venv/lib/python3.10/site-packages/airflow/example_dags/example_time_delta_sensor_async.py
[2024-08-08T22:23:04.391+0400] {processor.py:839} INFO - DAG(s) dict_keys(['example_time_delta_sensor_async']) retrieved from /home/eduardo/airflow_venv/lib/python3.10/site-packages/airflow/example_dags/example_time_delta_sensor_async.py
[2024-08-08T22:23:04.410+0400] {logging_mixin.py:151} INFO - [2024-08-08T22:23:04.410+0400] {dag.py:2915} INFO - Sync 1 DAGs
[2024-08-08T22:23:04.425+0400] {logging_mixin.py:151} INFO - [2024-08-08T22:23:04.425+0400] {dag.py:3696} INFO - Setting next_dagrun for example_time_delta_sensor_async to None, run_after=None
[2024-08-08T22:23:04.467+0400] {processor.py:179} INFO - Processing /home/eduardo/airflow_venv/lib/python3.10/site-packages/airflow/example_dags/example_time_delta_sensor_async.py took 0.091 seconds
