[2024-08-08T20:18:58.891+0400] {processor.py:157} INFO - Started process (PID=6844) to work on /home/eduardo/airflow_venv/lib/python3.10/site-packages/airflow/example_dags/example_bash_operator.py
[2024-08-08T20:18:58.892+0400] {processor.py:829} INFO - Processing file /home/eduardo/airflow_venv/lib/python3.10/site-packages/airflow/example_dags/example_bash_operator.py for tasks to queue
[2024-08-08T20:18:58.893+0400] {logging_mixin.py:151} INFO - [2024-08-08T20:18:58.892+0400] {dagbag.py:539} INFO - Filling up the DagBag from /home/eduardo/airflow_venv/lib/python3.10/site-packages/airflow/example_dags/example_bash_operator.py
[2024-08-08T20:18:58.904+0400] {processor.py:839} INFO - DAG(s) dict_keys(['example_bash_operator']) retrieved from /home/eduardo/airflow_venv/lib/python3.10/site-packages/airflow/example_dags/example_bash_operator.py
[2024-08-08T20:18:59.013+0400] {logging_mixin.py:151} INFO - [2024-08-08T20:18:59.013+0400] {manager.py:499} INFO - Created Permission View: %s
[2024-08-08T20:18:59.032+0400] {logging_mixin.py:151} INFO - [2024-08-08T20:18:59.032+0400] {manager.py:499} INFO - Created Permission View: %s
[2024-08-08T20:18:59.051+0400] {logging_mixin.py:151} INFO - [2024-08-08T20:18:59.051+0400] {manager.py:499} INFO - Created Permission View: %s
[2024-08-08T20:18:59.051+0400] {logging_mixin.py:151} INFO - [2024-08-08T20:18:59.051+0400] {security.py:708} INFO - Not syncing DAG-level permissions for DAG 'DAG:example_bash_operator' as access control is unset.
[2024-08-08T20:18:59.051+0400] {logging_mixin.py:151} INFO - [2024-08-08T20:18:59.051+0400] {dag.py:2915} INFO - Sync 1 DAGs
[2024-08-08T20:18:59.058+0400] {logging_mixin.py:151} INFO - [2024-08-08T20:18:59.058+0400] {dag.py:2937} INFO - Creating ORM DAG for example_bash_operator
[2024-08-08T20:18:59.065+0400] {logging_mixin.py:151} INFO - [2024-08-08T20:18:59.064+0400] {dag.py:3696} INFO - Setting next_dagrun for example_bash_operator to 2024-08-07T00:00:00+00:00, run_after=2024-08-08T00:00:00+00:00
[2024-08-08T20:18:59.092+0400] {processor.py:179} INFO - Processing /home/eduardo/airflow_venv/lib/python3.10/site-packages/airflow/example_dags/example_bash_operator.py took 0.205 seconds
[2024-08-08T20:19:53.650+0400] {processor.py:157} INFO - Started process (PID=6900) to work on /home/eduardo/airflow_venv/lib/python3.10/site-packages/airflow/example_dags/example_bash_operator.py
[2024-08-08T20:19:53.651+0400] {processor.py:829} INFO - Processing file /home/eduardo/airflow_venv/lib/python3.10/site-packages/airflow/example_dags/example_bash_operator.py for tasks to queue
[2024-08-08T20:19:53.652+0400] {logging_mixin.py:151} INFO - [2024-08-08T20:19:53.652+0400] {dagbag.py:539} INFO - Filling up the DagBag from /home/eduardo/airflow_venv/lib/python3.10/site-packages/airflow/example_dags/example_bash_operator.py
[2024-08-08T20:19:53.659+0400] {processor.py:839} INFO - DAG(s) dict_keys(['example_bash_operator']) retrieved from /home/eduardo/airflow_venv/lib/python3.10/site-packages/airflow/example_dags/example_bash_operator.py
[2024-08-08T20:19:53.673+0400] {logging_mixin.py:151} INFO - [2024-08-08T20:19:53.673+0400] {dag.py:2915} INFO - Sync 1 DAGs
[2024-08-08T20:19:53.686+0400] {logging_mixin.py:151} INFO - [2024-08-08T20:19:53.686+0400] {dag.py:3696} INFO - Setting next_dagrun for example_bash_operator to 2024-08-07T00:00:00+00:00, run_after=2024-08-08T00:00:00+00:00
[2024-08-08T20:19:53.715+0400] {processor.py:179} INFO - Processing /home/eduardo/airflow_venv/lib/python3.10/site-packages/airflow/example_dags/example_bash_operator.py took 0.067 seconds
[2024-08-08T20:20:35.419+0400] {processor.py:157} INFO - Started process (PID=6946) to work on /home/eduardo/airflow_venv/lib/python3.10/site-packages/airflow/example_dags/example_bash_operator.py
[2024-08-08T20:20:35.420+0400] {processor.py:829} INFO - Processing file /home/eduardo/airflow_venv/lib/python3.10/site-packages/airflow/example_dags/example_bash_operator.py for tasks to queue
[2024-08-08T20:20:35.420+0400] {logging_mixin.py:151} INFO - [2024-08-08T20:20:35.420+0400] {dagbag.py:539} INFO - Filling up the DagBag from /home/eduardo/airflow_venv/lib/python3.10/site-packages/airflow/example_dags/example_bash_operator.py
[2024-08-08T20:20:35.427+0400] {processor.py:839} INFO - DAG(s) dict_keys(['example_bash_operator']) retrieved from /home/eduardo/airflow_venv/lib/python3.10/site-packages/airflow/example_dags/example_bash_operator.py
[2024-08-08T20:20:35.443+0400] {logging_mixin.py:151} INFO - [2024-08-08T20:20:35.443+0400] {dag.py:2915} INFO - Sync 1 DAGs
[2024-08-08T20:20:35.456+0400] {logging_mixin.py:151} INFO - [2024-08-08T20:20:35.456+0400] {dag.py:3696} INFO - Setting next_dagrun for example_bash_operator to 2024-08-07T00:00:00+00:00, run_after=2024-08-08T00:00:00+00:00
[2024-08-08T20:20:35.492+0400] {processor.py:179} INFO - Processing /home/eduardo/airflow_venv/lib/python3.10/site-packages/airflow/example_dags/example_bash_operator.py took 0.077 seconds
[2024-08-08T20:21:19.198+0400] {processor.py:157} INFO - Started process (PID=6992) to work on /home/eduardo/airflow_venv/lib/python3.10/site-packages/airflow/example_dags/example_bash_operator.py
[2024-08-08T20:21:19.199+0400] {processor.py:829} INFO - Processing file /home/eduardo/airflow_venv/lib/python3.10/site-packages/airflow/example_dags/example_bash_operator.py for tasks to queue
[2024-08-08T20:21:19.200+0400] {logging_mixin.py:151} INFO - [2024-08-08T20:21:19.200+0400] {dagbag.py:539} INFO - Filling up the DagBag from /home/eduardo/airflow_venv/lib/python3.10/site-packages/airflow/example_dags/example_bash_operator.py
[2024-08-08T20:21:19.208+0400] {processor.py:839} INFO - DAG(s) dict_keys(['example_bash_operator']) retrieved from /home/eduardo/airflow_venv/lib/python3.10/site-packages/airflow/example_dags/example_bash_operator.py
[2024-08-08T20:21:19.224+0400] {logging_mixin.py:151} INFO - [2024-08-08T20:21:19.224+0400] {dag.py:2915} INFO - Sync 1 DAGs
[2024-08-08T20:21:19.240+0400] {logging_mixin.py:151} INFO - [2024-08-08T20:21:19.240+0400] {dag.py:3696} INFO - Setting next_dagrun for example_bash_operator to 2024-08-07T00:00:00+00:00, run_after=2024-08-08T00:00:00+00:00
[2024-08-08T20:21:19.269+0400] {processor.py:179} INFO - Processing /home/eduardo/airflow_venv/lib/python3.10/site-packages/airflow/example_dags/example_bash_operator.py took 0.073 seconds
[2024-08-08T20:22:14.391+0400] {processor.py:157} INFO - Started process (PID=7049) to work on /home/eduardo/airflow_venv/lib/python3.10/site-packages/airflow/example_dags/example_bash_operator.py
[2024-08-08T20:22:14.392+0400] {processor.py:829} INFO - Processing file /home/eduardo/airflow_venv/lib/python3.10/site-packages/airflow/example_dags/example_bash_operator.py for tasks to queue
[2024-08-08T20:22:14.393+0400] {logging_mixin.py:151} INFO - [2024-08-08T20:22:14.392+0400] {dagbag.py:539} INFO - Filling up the DagBag from /home/eduardo/airflow_venv/lib/python3.10/site-packages/airflow/example_dags/example_bash_operator.py
[2024-08-08T20:22:14.400+0400] {processor.py:839} INFO - DAG(s) dict_keys(['example_bash_operator']) retrieved from /home/eduardo/airflow_venv/lib/python3.10/site-packages/airflow/example_dags/example_bash_operator.py
[2024-08-08T20:22:14.414+0400] {logging_mixin.py:151} INFO - [2024-08-08T20:22:14.414+0400] {dag.py:2915} INFO - Sync 1 DAGs
[2024-08-08T20:22:14.431+0400] {logging_mixin.py:151} INFO - [2024-08-08T20:22:14.431+0400] {dag.py:3696} INFO - Setting next_dagrun for example_bash_operator to 2024-08-07T00:00:00+00:00, run_after=2024-08-08T00:00:00+00:00
[2024-08-08T20:22:14.459+0400] {processor.py:179} INFO - Processing /home/eduardo/airflow_venv/lib/python3.10/site-packages/airflow/example_dags/example_bash_operator.py took 0.071 seconds
[2024-08-08T20:22:59.284+0400] {processor.py:157} INFO - Started process (PID=7114) to work on /home/eduardo/airflow_venv/lib/python3.10/site-packages/airflow/example_dags/example_bash_operator.py
[2024-08-08T20:22:59.285+0400] {processor.py:829} INFO - Processing file /home/eduardo/airflow_venv/lib/python3.10/site-packages/airflow/example_dags/example_bash_operator.py for tasks to queue
[2024-08-08T20:22:59.286+0400] {logging_mixin.py:151} INFO - [2024-08-08T20:22:59.286+0400] {dagbag.py:539} INFO - Filling up the DagBag from /home/eduardo/airflow_venv/lib/python3.10/site-packages/airflow/example_dags/example_bash_operator.py
[2024-08-08T20:22:59.293+0400] {processor.py:839} INFO - DAG(s) dict_keys(['example_bash_operator']) retrieved from /home/eduardo/airflow_venv/lib/python3.10/site-packages/airflow/example_dags/example_bash_operator.py
[2024-08-08T20:22:59.310+0400] {logging_mixin.py:151} INFO - [2024-08-08T20:22:59.310+0400] {dag.py:2915} INFO - Sync 1 DAGs
[2024-08-08T20:22:59.326+0400] {logging_mixin.py:151} INFO - [2024-08-08T20:22:59.325+0400] {dag.py:3696} INFO - Setting next_dagrun for example_bash_operator to 2024-08-07T00:00:00+00:00, run_after=2024-08-08T00:00:00+00:00
[2024-08-08T20:22:59.357+0400] {processor.py:179} INFO - Processing /home/eduardo/airflow_venv/lib/python3.10/site-packages/airflow/example_dags/example_bash_operator.py took 0.075 seconds
[2024-08-08T20:23:42.883+0400] {processor.py:157} INFO - Started process (PID=7163) to work on /home/eduardo/airflow_venv/lib/python3.10/site-packages/airflow/example_dags/example_bash_operator.py
[2024-08-08T20:23:42.884+0400] {processor.py:829} INFO - Processing file /home/eduardo/airflow_venv/lib/python3.10/site-packages/airflow/example_dags/example_bash_operator.py for tasks to queue
[2024-08-08T20:23:42.885+0400] {logging_mixin.py:151} INFO - [2024-08-08T20:23:42.885+0400] {dagbag.py:539} INFO - Filling up the DagBag from /home/eduardo/airflow_venv/lib/python3.10/site-packages/airflow/example_dags/example_bash_operator.py
[2024-08-08T20:23:42.894+0400] {processor.py:839} INFO - DAG(s) dict_keys(['example_bash_operator']) retrieved from /home/eduardo/airflow_venv/lib/python3.10/site-packages/airflow/example_dags/example_bash_operator.py
[2024-08-08T20:23:42.914+0400] {logging_mixin.py:151} INFO - [2024-08-08T20:23:42.914+0400] {dag.py:2915} INFO - Sync 1 DAGs
[2024-08-08T20:23:42.931+0400] {logging_mixin.py:151} INFO - [2024-08-08T20:23:42.931+0400] {dag.py:3696} INFO - Setting next_dagrun for example_bash_operator to 2024-08-07T00:00:00+00:00, run_after=2024-08-08T00:00:00+00:00
[2024-08-08T20:23:42.960+0400] {processor.py:179} INFO - Processing /home/eduardo/airflow_venv/lib/python3.10/site-packages/airflow/example_dags/example_bash_operator.py took 0.080 seconds
[2024-08-08T20:24:29.333+0400] {processor.py:157} INFO - Started process (PID=7211) to work on /home/eduardo/airflow_venv/lib/python3.10/site-packages/airflow/example_dags/example_bash_operator.py
[2024-08-08T20:24:29.335+0400] {processor.py:829} INFO - Processing file /home/eduardo/airflow_venv/lib/python3.10/site-packages/airflow/example_dags/example_bash_operator.py for tasks to queue
[2024-08-08T20:24:29.336+0400] {logging_mixin.py:151} INFO - [2024-08-08T20:24:29.335+0400] {dagbag.py:539} INFO - Filling up the DagBag from /home/eduardo/airflow_venv/lib/python3.10/site-packages/airflow/example_dags/example_bash_operator.py
[2024-08-08T20:24:29.342+0400] {processor.py:839} INFO - DAG(s) dict_keys(['example_bash_operator']) retrieved from /home/eduardo/airflow_venv/lib/python3.10/site-packages/airflow/example_dags/example_bash_operator.py
[2024-08-08T20:24:29.357+0400] {logging_mixin.py:151} INFO - [2024-08-08T20:24:29.357+0400] {dag.py:2915} INFO - Sync 1 DAGs
[2024-08-08T20:24:29.371+0400] {logging_mixin.py:151} INFO - [2024-08-08T20:24:29.370+0400] {dag.py:3696} INFO - Setting next_dagrun for example_bash_operator to 2024-08-07T00:00:00+00:00, run_after=2024-08-08T00:00:00+00:00
[2024-08-08T20:24:29.398+0400] {processor.py:179} INFO - Processing /home/eduardo/airflow_venv/lib/python3.10/site-packages/airflow/example_dags/example_bash_operator.py took 0.067 seconds
[2024-08-08T20:25:18.401+0400] {processor.py:157} INFO - Started process (PID=7269) to work on /home/eduardo/airflow_venv/lib/python3.10/site-packages/airflow/example_dags/example_bash_operator.py
[2024-08-08T20:25:18.402+0400] {processor.py:829} INFO - Processing file /home/eduardo/airflow_venv/lib/python3.10/site-packages/airflow/example_dags/example_bash_operator.py for tasks to queue
[2024-08-08T20:25:18.403+0400] {logging_mixin.py:151} INFO - [2024-08-08T20:25:18.403+0400] {dagbag.py:539} INFO - Filling up the DagBag from /home/eduardo/airflow_venv/lib/python3.10/site-packages/airflow/example_dags/example_bash_operator.py
[2024-08-08T20:25:18.414+0400] {processor.py:839} INFO - DAG(s) dict_keys(['example_bash_operator']) retrieved from /home/eduardo/airflow_venv/lib/python3.10/site-packages/airflow/example_dags/example_bash_operator.py
[2024-08-08T20:25:18.434+0400] {logging_mixin.py:151} INFO - [2024-08-08T20:25:18.433+0400] {dag.py:2915} INFO - Sync 1 DAGs
[2024-08-08T20:25:18.448+0400] {logging_mixin.py:151} INFO - [2024-08-08T20:25:18.448+0400] {dag.py:3696} INFO - Setting next_dagrun for example_bash_operator to 2024-08-07T00:00:00+00:00, run_after=2024-08-08T00:00:00+00:00
[2024-08-08T20:25:18.478+0400] {processor.py:179} INFO - Processing /home/eduardo/airflow_venv/lib/python3.10/site-packages/airflow/example_dags/example_bash_operator.py took 0.079 seconds
[2024-08-08T20:26:02.676+0400] {processor.py:157} INFO - Started process (PID=7315) to work on /home/eduardo/airflow_venv/lib/python3.10/site-packages/airflow/example_dags/example_bash_operator.py
[2024-08-08T20:26:02.677+0400] {processor.py:829} INFO - Processing file /home/eduardo/airflow_venv/lib/python3.10/site-packages/airflow/example_dags/example_bash_operator.py for tasks to queue
[2024-08-08T20:26:02.678+0400] {logging_mixin.py:151} INFO - [2024-08-08T20:26:02.678+0400] {dagbag.py:539} INFO - Filling up the DagBag from /home/eduardo/airflow_venv/lib/python3.10/site-packages/airflow/example_dags/example_bash_operator.py
[2024-08-08T20:26:02.688+0400] {processor.py:839} INFO - DAG(s) dict_keys(['example_bash_operator']) retrieved from /home/eduardo/airflow_venv/lib/python3.10/site-packages/airflow/example_dags/example_bash_operator.py
[2024-08-08T20:26:02.706+0400] {logging_mixin.py:151} INFO - [2024-08-08T20:26:02.706+0400] {dag.py:2915} INFO - Sync 1 DAGs
[2024-08-08T20:26:02.727+0400] {logging_mixin.py:151} INFO - [2024-08-08T20:26:02.726+0400] {dag.py:3696} INFO - Setting next_dagrun for example_bash_operator to 2024-08-07T00:00:00+00:00, run_after=2024-08-08T00:00:00+00:00
[2024-08-08T20:26:02.755+0400] {processor.py:179} INFO - Processing /home/eduardo/airflow_venv/lib/python3.10/site-packages/airflow/example_dags/example_bash_operator.py took 0.081 seconds
[2024-08-08T22:10:10.317+0400] {processor.py:157} INFO - Started process (PID=9867) to work on /home/eduardo/airflow_venv/lib/python3.10/site-packages/airflow/example_dags/example_bash_operator.py
[2024-08-08T22:10:10.319+0400] {processor.py:829} INFO - Processing file /home/eduardo/airflow_venv/lib/python3.10/site-packages/airflow/example_dags/example_bash_operator.py for tasks to queue
[2024-08-08T22:10:10.320+0400] {logging_mixin.py:151} INFO - [2024-08-08T22:10:10.320+0400] {dagbag.py:539} INFO - Filling up the DagBag from /home/eduardo/airflow_venv/lib/python3.10/site-packages/airflow/example_dags/example_bash_operator.py
[2024-08-08T22:10:10.329+0400] {processor.py:839} INFO - DAG(s) dict_keys(['example_bash_operator']) retrieved from /home/eduardo/airflow_venv/lib/python3.10/site-packages/airflow/example_dags/example_bash_operator.py
[2024-08-08T22:10:10.350+0400] {logging_mixin.py:151} INFO - [2024-08-08T22:10:10.350+0400] {dag.py:2915} INFO - Sync 1 DAGs
[2024-08-08T22:10:10.370+0400] {logging_mixin.py:151} INFO - [2024-08-08T22:10:10.370+0400] {dag.py:3696} INFO - Setting next_dagrun for example_bash_operator to 2024-08-07T00:00:00+00:00, run_after=2024-08-08T00:00:00+00:00
[2024-08-08T22:10:10.399+0400] {processor.py:179} INFO - Processing /home/eduardo/airflow_venv/lib/python3.10/site-packages/airflow/example_dags/example_bash_operator.py took 0.086 seconds
[2024-08-08T22:11:01.183+0400] {processor.py:157} INFO - Started process (PID=10353) to work on /home/eduardo/airflow_venv/lib/python3.10/site-packages/airflow/example_dags/example_bash_operator.py
[2024-08-08T22:11:01.186+0400] {processor.py:829} INFO - Processing file /home/eduardo/airflow_venv/lib/python3.10/site-packages/airflow/example_dags/example_bash_operator.py for tasks to queue
[2024-08-08T22:11:01.187+0400] {logging_mixin.py:151} INFO - [2024-08-08T22:11:01.187+0400] {dagbag.py:539} INFO - Filling up the DagBag from /home/eduardo/airflow_venv/lib/python3.10/site-packages/airflow/example_dags/example_bash_operator.py
[2024-08-08T22:11:01.203+0400] {processor.py:839} INFO - DAG(s) dict_keys(['example_bash_operator']) retrieved from /home/eduardo/airflow_venv/lib/python3.10/site-packages/airflow/example_dags/example_bash_operator.py
[2024-08-08T22:11:01.233+0400] {logging_mixin.py:151} INFO - [2024-08-08T22:11:01.233+0400] {dag.py:2915} INFO - Sync 1 DAGs
[2024-08-08T22:11:01.258+0400] {logging_mixin.py:151} INFO - [2024-08-08T22:11:01.258+0400] {dag.py:3696} INFO - Setting next_dagrun for example_bash_operator to 2024-08-07T00:00:00+00:00, run_after=2024-08-08T00:00:00+00:00
[2024-08-08T22:11:01.305+0400] {processor.py:179} INFO - Processing /home/eduardo/airflow_venv/lib/python3.10/site-packages/airflow/example_dags/example_bash_operator.py took 0.130 seconds
[2024-08-08T22:11:56.721+0400] {processor.py:157} INFO - Started process (PID=10911) to work on /home/eduardo/airflow_venv/lib/python3.10/site-packages/airflow/example_dags/example_bash_operator.py
[2024-08-08T22:11:56.725+0400] {processor.py:829} INFO - Processing file /home/eduardo/airflow_venv/lib/python3.10/site-packages/airflow/example_dags/example_bash_operator.py for tasks to queue
[2024-08-08T22:11:56.726+0400] {logging_mixin.py:151} INFO - [2024-08-08T22:11:56.725+0400] {dagbag.py:539} INFO - Filling up the DagBag from /home/eduardo/airflow_venv/lib/python3.10/site-packages/airflow/example_dags/example_bash_operator.py
[2024-08-08T22:11:56.738+0400] {processor.py:839} INFO - DAG(s) dict_keys(['example_bash_operator']) retrieved from /home/eduardo/airflow_venv/lib/python3.10/site-packages/airflow/example_dags/example_bash_operator.py
[2024-08-08T22:11:56.758+0400] {logging_mixin.py:151} INFO - [2024-08-08T22:11:56.758+0400] {dag.py:2915} INFO - Sync 1 DAGs
[2024-08-08T22:11:56.776+0400] {logging_mixin.py:151} INFO - [2024-08-08T22:11:56.776+0400] {dag.py:3696} INFO - Setting next_dagrun for example_bash_operator to 2024-08-07T00:00:00+00:00, run_after=2024-08-08T00:00:00+00:00
[2024-08-08T22:11:56.811+0400] {processor.py:179} INFO - Processing /home/eduardo/airflow_venv/lib/python3.10/site-packages/airflow/example_dags/example_bash_operator.py took 0.092 seconds
[2024-08-08T22:12:46.299+0400] {processor.py:157} INFO - Started process (PID=11298) to work on /home/eduardo/airflow_venv/lib/python3.10/site-packages/airflow/example_dags/example_bash_operator.py
[2024-08-08T22:12:46.302+0400] {processor.py:829} INFO - Processing file /home/eduardo/airflow_venv/lib/python3.10/site-packages/airflow/example_dags/example_bash_operator.py for tasks to queue
[2024-08-08T22:12:46.303+0400] {logging_mixin.py:151} INFO - [2024-08-08T22:12:46.303+0400] {dagbag.py:539} INFO - Filling up the DagBag from /home/eduardo/airflow_venv/lib/python3.10/site-packages/airflow/example_dags/example_bash_operator.py
[2024-08-08T22:12:46.317+0400] {processor.py:839} INFO - DAG(s) dict_keys(['example_bash_operator']) retrieved from /home/eduardo/airflow_venv/lib/python3.10/site-packages/airflow/example_dags/example_bash_operator.py
[2024-08-08T22:12:46.340+0400] {logging_mixin.py:151} INFO - [2024-08-08T22:12:46.340+0400] {dag.py:2915} INFO - Sync 1 DAGs
[2024-08-08T22:12:46.361+0400] {logging_mixin.py:151} INFO - [2024-08-08T22:12:46.360+0400] {dag.py:3696} INFO - Setting next_dagrun for example_bash_operator to 2024-08-07T00:00:00+00:00, run_after=2024-08-08T00:00:00+00:00
[2024-08-08T22:12:46.395+0400] {processor.py:179} INFO - Processing /home/eduardo/airflow_venv/lib/python3.10/site-packages/airflow/example_dags/example_bash_operator.py took 0.102 seconds
[2024-08-08T22:13:32.525+0400] {processor.py:157} INFO - Started process (PID=11701) to work on /home/eduardo/airflow_venv/lib/python3.10/site-packages/airflow/example_dags/example_bash_operator.py
[2024-08-08T22:13:32.527+0400] {processor.py:829} INFO - Processing file /home/eduardo/airflow_venv/lib/python3.10/site-packages/airflow/example_dags/example_bash_operator.py for tasks to queue
[2024-08-08T22:13:32.529+0400] {logging_mixin.py:151} INFO - [2024-08-08T22:13:32.528+0400] {dagbag.py:539} INFO - Filling up the DagBag from /home/eduardo/airflow_venv/lib/python3.10/site-packages/airflow/example_dags/example_bash_operator.py
[2024-08-08T22:13:32.540+0400] {processor.py:839} INFO - DAG(s) dict_keys(['example_bash_operator']) retrieved from /home/eduardo/airflow_venv/lib/python3.10/site-packages/airflow/example_dags/example_bash_operator.py
[2024-08-08T22:13:32.568+0400] {logging_mixin.py:151} INFO - [2024-08-08T22:13:32.567+0400] {dag.py:2915} INFO - Sync 1 DAGs
[2024-08-08T22:13:32.595+0400] {logging_mixin.py:151} INFO - [2024-08-08T22:13:32.595+0400] {dag.py:3696} INFO - Setting next_dagrun for example_bash_operator to 2024-08-07T00:00:00+00:00, run_after=2024-08-08T00:00:00+00:00
[2024-08-08T22:13:32.631+0400] {processor.py:179} INFO - Processing /home/eduardo/airflow_venv/lib/python3.10/site-packages/airflow/example_dags/example_bash_operator.py took 0.109 seconds
[2024-08-08T22:14:20.049+0400] {processor.py:157} INFO - Started process (PID=12272) to work on /home/eduardo/airflow_venv/lib/python3.10/site-packages/airflow/example_dags/example_bash_operator.py
[2024-08-08T22:14:20.052+0400] {processor.py:829} INFO - Processing file /home/eduardo/airflow_venv/lib/python3.10/site-packages/airflow/example_dags/example_bash_operator.py for tasks to queue
[2024-08-08T22:14:20.052+0400] {logging_mixin.py:151} INFO - [2024-08-08T22:14:20.052+0400] {dagbag.py:539} INFO - Filling up the DagBag from /home/eduardo/airflow_venv/lib/python3.10/site-packages/airflow/example_dags/example_bash_operator.py
[2024-08-08T22:14:20.065+0400] {processor.py:839} INFO - DAG(s) dict_keys(['example_bash_operator']) retrieved from /home/eduardo/airflow_venv/lib/python3.10/site-packages/airflow/example_dags/example_bash_operator.py
[2024-08-08T22:14:20.075+0400] {logging_mixin.py:151} INFO - [2024-08-08T22:14:20.075+0400] {dag.py:2915} INFO - Sync 1 DAGs
[2024-08-08T22:14:20.098+0400] {logging_mixin.py:151} INFO - [2024-08-08T22:14:20.097+0400] {dag.py:3696} INFO - Setting next_dagrun for example_bash_operator to 2024-08-07T00:00:00+00:00, run_after=2024-08-08T00:00:00+00:00
[2024-08-08T22:14:20.133+0400] {processor.py:179} INFO - Processing /home/eduardo/airflow_venv/lib/python3.10/site-packages/airflow/example_dags/example_bash_operator.py took 0.086 seconds
[2024-08-08T22:15:12.358+0400] {processor.py:157} INFO - Started process (PID=12717) to work on /home/eduardo/airflow_venv/lib/python3.10/site-packages/airflow/example_dags/example_bash_operator.py
[2024-08-08T22:15:12.361+0400] {processor.py:829} INFO - Processing file /home/eduardo/airflow_venv/lib/python3.10/site-packages/airflow/example_dags/example_bash_operator.py for tasks to queue
[2024-08-08T22:15:12.362+0400] {logging_mixin.py:151} INFO - [2024-08-08T22:15:12.362+0400] {dagbag.py:539} INFO - Filling up the DagBag from /home/eduardo/airflow_venv/lib/python3.10/site-packages/airflow/example_dags/example_bash_operator.py
[2024-08-08T22:15:12.375+0400] {processor.py:839} INFO - DAG(s) dict_keys(['example_bash_operator']) retrieved from /home/eduardo/airflow_venv/lib/python3.10/site-packages/airflow/example_dags/example_bash_operator.py
[2024-08-08T22:15:12.394+0400] {logging_mixin.py:151} INFO - [2024-08-08T22:15:12.394+0400] {dag.py:2915} INFO - Sync 1 DAGs
[2024-08-08T22:15:12.411+0400] {logging_mixin.py:151} INFO - [2024-08-08T22:15:12.411+0400] {dag.py:3696} INFO - Setting next_dagrun for example_bash_operator to 2024-08-07T00:00:00+00:00, run_after=2024-08-08T00:00:00+00:00
[2024-08-08T22:15:12.440+0400] {processor.py:179} INFO - Processing /home/eduardo/airflow_venv/lib/python3.10/site-packages/airflow/example_dags/example_bash_operator.py took 0.084 seconds
[2024-08-08T22:16:03.920+0400] {processor.py:157} INFO - Started process (PID=13201) to work on /home/eduardo/airflow_venv/lib/python3.10/site-packages/airflow/example_dags/example_bash_operator.py
[2024-08-08T22:16:03.922+0400] {processor.py:829} INFO - Processing file /home/eduardo/airflow_venv/lib/python3.10/site-packages/airflow/example_dags/example_bash_operator.py for tasks to queue
[2024-08-08T22:16:03.923+0400] {logging_mixin.py:151} INFO - [2024-08-08T22:16:03.923+0400] {dagbag.py:539} INFO - Filling up the DagBag from /home/eduardo/airflow_venv/lib/python3.10/site-packages/airflow/example_dags/example_bash_operator.py
[2024-08-08T22:16:03.932+0400] {processor.py:839} INFO - DAG(s) dict_keys(['example_bash_operator']) retrieved from /home/eduardo/airflow_venv/lib/python3.10/site-packages/airflow/example_dags/example_bash_operator.py
[2024-08-08T22:16:03.953+0400] {logging_mixin.py:151} INFO - [2024-08-08T22:16:03.953+0400] {dag.py:2915} INFO - Sync 1 DAGs
[2024-08-08T22:16:03.969+0400] {logging_mixin.py:151} INFO - [2024-08-08T22:16:03.969+0400] {dag.py:3696} INFO - Setting next_dagrun for example_bash_operator to 2024-08-07T00:00:00+00:00, run_after=2024-08-08T00:00:00+00:00
[2024-08-08T22:16:04.005+0400] {processor.py:179} INFO - Processing /home/eduardo/airflow_venv/lib/python3.10/site-packages/airflow/example_dags/example_bash_operator.py took 0.088 seconds
[2024-08-08T22:16:52.195+0400] {processor.py:157} INFO - Started process (PID=13687) to work on /home/eduardo/airflow_venv/lib/python3.10/site-packages/airflow/example_dags/example_bash_operator.py
[2024-08-08T22:16:52.198+0400] {processor.py:829} INFO - Processing file /home/eduardo/airflow_venv/lib/python3.10/site-packages/airflow/example_dags/example_bash_operator.py for tasks to queue
[2024-08-08T22:16:52.200+0400] {logging_mixin.py:151} INFO - [2024-08-08T22:16:52.199+0400] {dagbag.py:539} INFO - Filling up the DagBag from /home/eduardo/airflow_venv/lib/python3.10/site-packages/airflow/example_dags/example_bash_operator.py
[2024-08-08T22:16:52.220+0400] {processor.py:839} INFO - DAG(s) dict_keys(['example_bash_operator']) retrieved from /home/eduardo/airflow_venv/lib/python3.10/site-packages/airflow/example_dags/example_bash_operator.py
[2024-08-08T22:16:52.252+0400] {logging_mixin.py:151} INFO - [2024-08-08T22:16:52.251+0400] {dag.py:2915} INFO - Sync 1 DAGs
[2024-08-08T22:16:52.289+0400] {logging_mixin.py:151} INFO - [2024-08-08T22:16:52.289+0400] {dag.py:3696} INFO - Setting next_dagrun for example_bash_operator to 2024-08-07T00:00:00+00:00, run_after=2024-08-08T00:00:00+00:00
[2024-08-08T22:16:52.339+0400] {processor.py:179} INFO - Processing /home/eduardo/airflow_venv/lib/python3.10/site-packages/airflow/example_dags/example_bash_operator.py took 0.151 seconds
[2024-08-08T22:17:47.055+0400] {processor.py:157} INFO - Started process (PID=14211) to work on /home/eduardo/airflow_venv/lib/python3.10/site-packages/airflow/example_dags/example_bash_operator.py
[2024-08-08T22:17:47.058+0400] {processor.py:829} INFO - Processing file /home/eduardo/airflow_venv/lib/python3.10/site-packages/airflow/example_dags/example_bash_operator.py for tasks to queue
[2024-08-08T22:17:47.059+0400] {logging_mixin.py:151} INFO - [2024-08-08T22:17:47.059+0400] {dagbag.py:539} INFO - Filling up the DagBag from /home/eduardo/airflow_venv/lib/python3.10/site-packages/airflow/example_dags/example_bash_operator.py
[2024-08-08T22:17:47.068+0400] {processor.py:839} INFO - DAG(s) dict_keys(['example_bash_operator']) retrieved from /home/eduardo/airflow_venv/lib/python3.10/site-packages/airflow/example_dags/example_bash_operator.py
[2024-08-08T22:17:47.090+0400] {logging_mixin.py:151} INFO - [2024-08-08T22:17:47.090+0400] {dag.py:2915} INFO - Sync 1 DAGs
[2024-08-08T22:17:47.113+0400] {logging_mixin.py:151} INFO - [2024-08-08T22:17:47.113+0400] {dag.py:3696} INFO - Setting next_dagrun for example_bash_operator to 2024-08-07T00:00:00+00:00, run_after=2024-08-08T00:00:00+00:00
[2024-08-08T22:17:47.151+0400] {processor.py:179} INFO - Processing /home/eduardo/airflow_venv/lib/python3.10/site-packages/airflow/example_dags/example_bash_operator.py took 0.100 seconds
[2024-08-08T22:18:39.225+0400] {processor.py:157} INFO - Started process (PID=14616) to work on /home/eduardo/airflow_venv/lib/python3.10/site-packages/airflow/example_dags/example_bash_operator.py
[2024-08-08T22:18:39.227+0400] {processor.py:829} INFO - Processing file /home/eduardo/airflow_venv/lib/python3.10/site-packages/airflow/example_dags/example_bash_operator.py for tasks to queue
[2024-08-08T22:18:39.228+0400] {logging_mixin.py:151} INFO - [2024-08-08T22:18:39.228+0400] {dagbag.py:539} INFO - Filling up the DagBag from /home/eduardo/airflow_venv/lib/python3.10/site-packages/airflow/example_dags/example_bash_operator.py
[2024-08-08T22:18:39.237+0400] {processor.py:839} INFO - DAG(s) dict_keys(['example_bash_operator']) retrieved from /home/eduardo/airflow_venv/lib/python3.10/site-packages/airflow/example_dags/example_bash_operator.py
[2024-08-08T22:18:39.258+0400] {logging_mixin.py:151} INFO - [2024-08-08T22:18:39.258+0400] {dag.py:2915} INFO - Sync 1 DAGs
[2024-08-08T22:18:39.274+0400] {logging_mixin.py:151} INFO - [2024-08-08T22:18:39.274+0400] {dag.py:3696} INFO - Setting next_dagrun for example_bash_operator to 2024-08-07T00:00:00+00:00, run_after=2024-08-08T00:00:00+00:00
[2024-08-08T22:18:39.306+0400] {processor.py:179} INFO - Processing /home/eduardo/airflow_venv/lib/python3.10/site-packages/airflow/example_dags/example_bash_operator.py took 0.084 seconds
[2024-08-08T22:19:32.140+0400] {processor.py:157} INFO - Started process (PID=15054) to work on /home/eduardo/airflow_venv/lib/python3.10/site-packages/airflow/example_dags/example_bash_operator.py
[2024-08-08T22:19:32.144+0400] {processor.py:829} INFO - Processing file /home/eduardo/airflow_venv/lib/python3.10/site-packages/airflow/example_dags/example_bash_operator.py for tasks to queue
[2024-08-08T22:19:32.144+0400] {logging_mixin.py:151} INFO - [2024-08-08T22:19:32.144+0400] {dagbag.py:539} INFO - Filling up the DagBag from /home/eduardo/airflow_venv/lib/python3.10/site-packages/airflow/example_dags/example_bash_operator.py
[2024-08-08T22:19:32.160+0400] {processor.py:839} INFO - DAG(s) dict_keys(['example_bash_operator']) retrieved from /home/eduardo/airflow_venv/lib/python3.10/site-packages/airflow/example_dags/example_bash_operator.py
[2024-08-08T22:19:32.184+0400] {logging_mixin.py:151} INFO - [2024-08-08T22:19:32.184+0400] {dag.py:2915} INFO - Sync 1 DAGs
[2024-08-08T22:19:32.208+0400] {logging_mixin.py:151} INFO - [2024-08-08T22:19:32.208+0400] {dag.py:3696} INFO - Setting next_dagrun for example_bash_operator to 2024-08-07T00:00:00+00:00, run_after=2024-08-08T00:00:00+00:00
[2024-08-08T22:19:32.246+0400] {processor.py:179} INFO - Processing /home/eduardo/airflow_venv/lib/python3.10/site-packages/airflow/example_dags/example_bash_operator.py took 0.110 seconds
[2024-08-08T22:20:23.263+0400] {processor.py:157} INFO - Started process (PID=15450) to work on /home/eduardo/airflow_venv/lib/python3.10/site-packages/airflow/example_dags/example_bash_operator.py
[2024-08-08T22:20:23.266+0400] {processor.py:829} INFO - Processing file /home/eduardo/airflow_venv/lib/python3.10/site-packages/airflow/example_dags/example_bash_operator.py for tasks to queue
[2024-08-08T22:20:23.268+0400] {logging_mixin.py:151} INFO - [2024-08-08T22:20:23.267+0400] {dagbag.py:539} INFO - Filling up the DagBag from /home/eduardo/airflow_venv/lib/python3.10/site-packages/airflow/example_dags/example_bash_operator.py
[2024-08-08T22:20:23.289+0400] {processor.py:839} INFO - DAG(s) dict_keys(['example_bash_operator']) retrieved from /home/eduardo/airflow_venv/lib/python3.10/site-packages/airflow/example_dags/example_bash_operator.py
[2024-08-08T22:20:23.320+0400] {logging_mixin.py:151} INFO - [2024-08-08T22:20:23.320+0400] {dag.py:2915} INFO - Sync 1 DAGs
[2024-08-08T22:20:23.340+0400] {logging_mixin.py:151} INFO - [2024-08-08T22:20:23.340+0400] {dag.py:3696} INFO - Setting next_dagrun for example_bash_operator to 2024-08-07T00:00:00+00:00, run_after=2024-08-08T00:00:00+00:00
[2024-08-08T22:20:23.377+0400] {processor.py:179} INFO - Processing /home/eduardo/airflow_venv/lib/python3.10/site-packages/airflow/example_dags/example_bash_operator.py took 0.119 seconds
[2024-08-08T22:21:11.891+0400] {processor.py:157} INFO - Started process (PID=15909) to work on /home/eduardo/airflow_venv/lib/python3.10/site-packages/airflow/example_dags/example_bash_operator.py
[2024-08-08T22:21:11.895+0400] {processor.py:829} INFO - Processing file /home/eduardo/airflow_venv/lib/python3.10/site-packages/airflow/example_dags/example_bash_operator.py for tasks to queue
[2024-08-08T22:21:11.896+0400] {logging_mixin.py:151} INFO - [2024-08-08T22:21:11.896+0400] {dagbag.py:539} INFO - Filling up the DagBag from /home/eduardo/airflow_venv/lib/python3.10/site-packages/airflow/example_dags/example_bash_operator.py
[2024-08-08T22:21:11.916+0400] {processor.py:839} INFO - DAG(s) dict_keys(['example_bash_operator']) retrieved from /home/eduardo/airflow_venv/lib/python3.10/site-packages/airflow/example_dags/example_bash_operator.py
[2024-08-08T22:21:11.953+0400] {logging_mixin.py:151} INFO - [2024-08-08T22:21:11.952+0400] {dag.py:2915} INFO - Sync 1 DAGs
[2024-08-08T22:21:11.988+0400] {logging_mixin.py:151} INFO - [2024-08-08T22:21:11.988+0400] {dag.py:3696} INFO - Setting next_dagrun for example_bash_operator to 2024-08-07T00:00:00+00:00, run_after=2024-08-08T00:00:00+00:00
[2024-08-08T22:21:12.031+0400] {processor.py:179} INFO - Processing /home/eduardo/airflow_venv/lib/python3.10/site-packages/airflow/example_dags/example_bash_operator.py took 0.146 seconds
[2024-08-08T22:22:06.753+0400] {processor.py:157} INFO - Started process (PID=16373) to work on /home/eduardo/airflow_venv/lib/python3.10/site-packages/airflow/example_dags/example_bash_operator.py
[2024-08-08T22:22:06.756+0400] {processor.py:829} INFO - Processing file /home/eduardo/airflow_venv/lib/python3.10/site-packages/airflow/example_dags/example_bash_operator.py for tasks to queue
[2024-08-08T22:22:06.757+0400] {logging_mixin.py:151} INFO - [2024-08-08T22:22:06.757+0400] {dagbag.py:539} INFO - Filling up the DagBag from /home/eduardo/airflow_venv/lib/python3.10/site-packages/airflow/example_dags/example_bash_operator.py
[2024-08-08T22:22:06.770+0400] {processor.py:839} INFO - DAG(s) dict_keys(['example_bash_operator']) retrieved from /home/eduardo/airflow_venv/lib/python3.10/site-packages/airflow/example_dags/example_bash_operator.py
[2024-08-08T22:22:06.800+0400] {logging_mixin.py:151} INFO - [2024-08-08T22:22:06.800+0400] {dag.py:2915} INFO - Sync 1 DAGs
[2024-08-08T22:22:06.820+0400] {logging_mixin.py:151} INFO - [2024-08-08T22:22:06.820+0400] {dag.py:3696} INFO - Setting next_dagrun for example_bash_operator to 2024-08-07T00:00:00+00:00, run_after=2024-08-08T00:00:00+00:00
[2024-08-08T22:22:06.859+0400] {processor.py:179} INFO - Processing /home/eduardo/airflow_venv/lib/python3.10/site-packages/airflow/example_dags/example_bash_operator.py took 0.111 seconds
[2024-08-08T22:22:56.466+0400] {processor.py:157} INFO - Started process (PID=16763) to work on /home/eduardo/airflow_venv/lib/python3.10/site-packages/airflow/example_dags/example_bash_operator.py
[2024-08-08T22:22:56.470+0400] {processor.py:829} INFO - Processing file /home/eduardo/airflow_venv/lib/python3.10/site-packages/airflow/example_dags/example_bash_operator.py for tasks to queue
[2024-08-08T22:22:56.471+0400] {logging_mixin.py:151} INFO - [2024-08-08T22:22:56.470+0400] {dagbag.py:539} INFO - Filling up the DagBag from /home/eduardo/airflow_venv/lib/python3.10/site-packages/airflow/example_dags/example_bash_operator.py
[2024-08-08T22:22:56.480+0400] {processor.py:839} INFO - DAG(s) dict_keys(['example_bash_operator']) retrieved from /home/eduardo/airflow_venv/lib/python3.10/site-packages/airflow/example_dags/example_bash_operator.py
[2024-08-08T22:22:56.501+0400] {logging_mixin.py:151} INFO - [2024-08-08T22:22:56.501+0400] {dag.py:2915} INFO - Sync 1 DAGs
[2024-08-08T22:22:56.520+0400] {logging_mixin.py:151} INFO - [2024-08-08T22:22:56.520+0400] {dag.py:3696} INFO - Setting next_dagrun for example_bash_operator to 2024-08-07T00:00:00+00:00, run_after=2024-08-08T00:00:00+00:00
[2024-08-08T22:22:56.552+0400] {processor.py:179} INFO - Processing /home/eduardo/airflow_venv/lib/python3.10/site-packages/airflow/example_dags/example_bash_operator.py took 0.089 seconds
