[2024-08-08T20:18:33.409+0400] {processor.py:157} INFO - Started process (PID=6816) to work on /home/eduardo/airflow_venv/lib/python3.10/site-packages/airflow/example_dags/tutorial_taskflow_api.py
[2024-08-08T20:18:33.410+0400] {processor.py:829} INFO - Processing file /home/eduardo/airflow_venv/lib/python3.10/site-packages/airflow/example_dags/tutorial_taskflow_api.py for tasks to queue
[2024-08-08T20:18:33.411+0400] {logging_mixin.py:151} INFO - [2024-08-08T20:18:33.410+0400] {dagbag.py:539} INFO - Filling up the DagBag from /home/eduardo/airflow_venv/lib/python3.10/site-packages/airflow/example_dags/tutorial_taskflow_api.py
[2024-08-08T20:18:33.416+0400] {processor.py:839} INFO - DAG(s) dict_keys(['tutorial_taskflow_api']) retrieved from /home/eduardo/airflow_venv/lib/python3.10/site-packages/airflow/example_dags/tutorial_taskflow_api.py
[2024-08-08T20:18:33.514+0400] {logging_mixin.py:151} INFO - [2024-08-08T20:18:33.514+0400] {manager.py:499} INFO - Created Permission View: %s
[2024-08-08T20:18:33.537+0400] {logging_mixin.py:151} INFO - [2024-08-08T20:18:33.536+0400] {manager.py:499} INFO - Created Permission View: %s
[2024-08-08T20:18:33.557+0400] {logging_mixin.py:151} INFO - [2024-08-08T20:18:33.557+0400] {manager.py:499} INFO - Created Permission View: %s
[2024-08-08T20:18:33.557+0400] {logging_mixin.py:151} INFO - [2024-08-08T20:18:33.557+0400] {security.py:708} INFO - Not syncing DAG-level permissions for DAG 'DAG:tutorial_taskflow_api' as access control is unset.
[2024-08-08T20:18:33.557+0400] {logging_mixin.py:151} INFO - [2024-08-08T20:18:33.557+0400] {dag.py:2915} INFO - Sync 1 DAGs
[2024-08-08T20:18:33.564+0400] {logging_mixin.py:151} INFO - [2024-08-08T20:18:33.563+0400] {dag.py:2937} INFO - Creating ORM DAG for tutorial_taskflow_api
[2024-08-08T20:18:33.564+0400] {logging_mixin.py:151} INFO - [2024-08-08T20:18:33.564+0400] {dag.py:3696} INFO - Setting next_dagrun for tutorial_taskflow_api to None, run_after=None
[2024-08-08T20:18:33.595+0400] {processor.py:179} INFO - Processing /home/eduardo/airflow_venv/lib/python3.10/site-packages/airflow/example_dags/tutorial_taskflow_api.py took 0.188 seconds
[2024-08-08T20:19:22.748+0400] {processor.py:157} INFO - Started process (PID=6867) to work on /home/eduardo/airflow_venv/lib/python3.10/site-packages/airflow/example_dags/tutorial_taskflow_api.py
[2024-08-08T20:19:22.750+0400] {processor.py:829} INFO - Processing file /home/eduardo/airflow_venv/lib/python3.10/site-packages/airflow/example_dags/tutorial_taskflow_api.py for tasks to queue
[2024-08-08T20:19:22.751+0400] {logging_mixin.py:151} INFO - [2024-08-08T20:19:22.750+0400] {dagbag.py:539} INFO - Filling up the DagBag from /home/eduardo/airflow_venv/lib/python3.10/site-packages/airflow/example_dags/tutorial_taskflow_api.py
[2024-08-08T20:19:22.756+0400] {processor.py:839} INFO - DAG(s) dict_keys(['tutorial_taskflow_api']) retrieved from /home/eduardo/airflow_venv/lib/python3.10/site-packages/airflow/example_dags/tutorial_taskflow_api.py
[2024-08-08T20:19:22.770+0400] {logging_mixin.py:151} INFO - [2024-08-08T20:19:22.769+0400] {dag.py:2915} INFO - Sync 1 DAGs
[2024-08-08T20:19:22.777+0400] {logging_mixin.py:151} INFO - [2024-08-08T20:19:22.777+0400] {dag.py:3696} INFO - Setting next_dagrun for tutorial_taskflow_api to None, run_after=None
[2024-08-08T20:19:22.804+0400] {processor.py:179} INFO - Processing /home/eduardo/airflow_venv/lib/python3.10/site-packages/airflow/example_dags/tutorial_taskflow_api.py took 0.059 seconds
[2024-08-08T20:20:07.242+0400] {processor.py:157} INFO - Started process (PID=6915) to work on /home/eduardo/airflow_venv/lib/python3.10/site-packages/airflow/example_dags/tutorial_taskflow_api.py
[2024-08-08T20:20:07.243+0400] {processor.py:829} INFO - Processing file /home/eduardo/airflow_venv/lib/python3.10/site-packages/airflow/example_dags/tutorial_taskflow_api.py for tasks to queue
[2024-08-08T20:20:07.243+0400] {logging_mixin.py:151} INFO - [2024-08-08T20:20:07.243+0400] {dagbag.py:539} INFO - Filling up the DagBag from /home/eduardo/airflow_venv/lib/python3.10/site-packages/airflow/example_dags/tutorial_taskflow_api.py
[2024-08-08T20:20:07.248+0400] {processor.py:839} INFO - DAG(s) dict_keys(['tutorial_taskflow_api']) retrieved from /home/eduardo/airflow_venv/lib/python3.10/site-packages/airflow/example_dags/tutorial_taskflow_api.py
[2024-08-08T20:20:07.259+0400] {logging_mixin.py:151} INFO - [2024-08-08T20:20:07.258+0400] {dag.py:2915} INFO - Sync 1 DAGs
[2024-08-08T20:20:07.266+0400] {logging_mixin.py:151} INFO - [2024-08-08T20:20:07.266+0400] {dag.py:3696} INFO - Setting next_dagrun for tutorial_taskflow_api to None, run_after=None
[2024-08-08T20:20:07.296+0400] {processor.py:179} INFO - Processing /home/eduardo/airflow_venv/lib/python3.10/site-packages/airflow/example_dags/tutorial_taskflow_api.py took 0.056 seconds
[2024-08-08T20:20:46.238+0400] {processor.py:157} INFO - Started process (PID=6957) to work on /home/eduardo/airflow_venv/lib/python3.10/site-packages/airflow/example_dags/tutorial_taskflow_api.py
[2024-08-08T20:20:46.240+0400] {processor.py:829} INFO - Processing file /home/eduardo/airflow_venv/lib/python3.10/site-packages/airflow/example_dags/tutorial_taskflow_api.py for tasks to queue
[2024-08-08T20:20:46.240+0400] {logging_mixin.py:151} INFO - [2024-08-08T20:20:46.240+0400] {dagbag.py:539} INFO - Filling up the DagBag from /home/eduardo/airflow_venv/lib/python3.10/site-packages/airflow/example_dags/tutorial_taskflow_api.py
[2024-08-08T20:20:46.247+0400] {processor.py:839} INFO - DAG(s) dict_keys(['tutorial_taskflow_api']) retrieved from /home/eduardo/airflow_venv/lib/python3.10/site-packages/airflow/example_dags/tutorial_taskflow_api.py
[2024-08-08T20:20:46.260+0400] {logging_mixin.py:151} INFO - [2024-08-08T20:20:46.260+0400] {dag.py:2915} INFO - Sync 1 DAGs
[2024-08-08T20:20:46.267+0400] {logging_mixin.py:151} INFO - [2024-08-08T20:20:46.267+0400] {dag.py:3696} INFO - Setting next_dagrun for tutorial_taskflow_api to None, run_after=None
[2024-08-08T20:20:46.293+0400] {processor.py:179} INFO - Processing /home/eduardo/airflow_venv/lib/python3.10/site-packages/airflow/example_dags/tutorial_taskflow_api.py took 0.057 seconds
[2024-08-08T20:21:28.198+0400] {processor.py:157} INFO - Started process (PID=7002) to work on /home/eduardo/airflow_venv/lib/python3.10/site-packages/airflow/example_dags/tutorial_taskflow_api.py
[2024-08-08T20:21:28.199+0400] {processor.py:829} INFO - Processing file /home/eduardo/airflow_venv/lib/python3.10/site-packages/airflow/example_dags/tutorial_taskflow_api.py for tasks to queue
[2024-08-08T20:21:28.200+0400] {logging_mixin.py:151} INFO - [2024-08-08T20:21:28.199+0400] {dagbag.py:539} INFO - Filling up the DagBag from /home/eduardo/airflow_venv/lib/python3.10/site-packages/airflow/example_dags/tutorial_taskflow_api.py
[2024-08-08T20:21:28.204+0400] {processor.py:839} INFO - DAG(s) dict_keys(['tutorial_taskflow_api']) retrieved from /home/eduardo/airflow_venv/lib/python3.10/site-packages/airflow/example_dags/tutorial_taskflow_api.py
[2024-08-08T20:21:28.216+0400] {logging_mixin.py:151} INFO - [2024-08-08T20:21:28.216+0400] {dag.py:2915} INFO - Sync 1 DAGs
[2024-08-08T20:21:28.227+0400] {logging_mixin.py:151} INFO - [2024-08-08T20:21:28.226+0400] {dag.py:3696} INFO - Setting next_dagrun for tutorial_taskflow_api to None, run_after=None
[2024-08-08T20:21:28.256+0400] {processor.py:179} INFO - Processing /home/eduardo/airflow_venv/lib/python3.10/site-packages/airflow/example_dags/tutorial_taskflow_api.py took 0.060 seconds
[2024-08-08T20:22:09.857+0400] {processor.py:157} INFO - Started process (PID=7045) to work on /home/eduardo/airflow_venv/lib/python3.10/site-packages/airflow/example_dags/tutorial_taskflow_api.py
[2024-08-08T20:22:09.858+0400] {processor.py:829} INFO - Processing file /home/eduardo/airflow_venv/lib/python3.10/site-packages/airflow/example_dags/tutorial_taskflow_api.py for tasks to queue
[2024-08-08T20:22:09.859+0400] {logging_mixin.py:151} INFO - [2024-08-08T20:22:09.859+0400] {dagbag.py:539} INFO - Filling up the DagBag from /home/eduardo/airflow_venv/lib/python3.10/site-packages/airflow/example_dags/tutorial_taskflow_api.py
[2024-08-08T20:22:09.864+0400] {processor.py:839} INFO - DAG(s) dict_keys(['tutorial_taskflow_api']) retrieved from /home/eduardo/airflow_venv/lib/python3.10/site-packages/airflow/example_dags/tutorial_taskflow_api.py
[2024-08-08T20:22:09.876+0400] {logging_mixin.py:151} INFO - [2024-08-08T20:22:09.876+0400] {dag.py:2915} INFO - Sync 1 DAGs
[2024-08-08T20:22:09.883+0400] {logging_mixin.py:151} INFO - [2024-08-08T20:22:09.883+0400] {dag.py:3696} INFO - Setting next_dagrun for tutorial_taskflow_api to None, run_after=None
[2024-08-08T20:22:09.915+0400] {processor.py:179} INFO - Processing /home/eduardo/airflow_venv/lib/python3.10/site-packages/airflow/example_dags/tutorial_taskflow_api.py took 0.061 seconds
[2024-08-08T20:22:55.429+0400] {processor.py:157} INFO - Started process (PID=7110) to work on /home/eduardo/airflow_venv/lib/python3.10/site-packages/airflow/example_dags/tutorial_taskflow_api.py
[2024-08-08T20:22:55.431+0400] {processor.py:829} INFO - Processing file /home/eduardo/airflow_venv/lib/python3.10/site-packages/airflow/example_dags/tutorial_taskflow_api.py for tasks to queue
[2024-08-08T20:22:55.431+0400] {logging_mixin.py:151} INFO - [2024-08-08T20:22:55.431+0400] {dagbag.py:539} INFO - Filling up the DagBag from /home/eduardo/airflow_venv/lib/python3.10/site-packages/airflow/example_dags/tutorial_taskflow_api.py
[2024-08-08T20:22:55.435+0400] {processor.py:839} INFO - DAG(s) dict_keys(['tutorial_taskflow_api']) retrieved from /home/eduardo/airflow_venv/lib/python3.10/site-packages/airflow/example_dags/tutorial_taskflow_api.py
[2024-08-08T20:22:55.448+0400] {logging_mixin.py:151} INFO - [2024-08-08T20:22:55.447+0400] {dag.py:2915} INFO - Sync 1 DAGs
[2024-08-08T20:22:55.455+0400] {logging_mixin.py:151} INFO - [2024-08-08T20:22:55.455+0400] {dag.py:3696} INFO - Setting next_dagrun for tutorial_taskflow_api to None, run_after=None
[2024-08-08T20:22:55.481+0400] {processor.py:179} INFO - Processing /home/eduardo/airflow_venv/lib/python3.10/site-packages/airflow/example_dags/tutorial_taskflow_api.py took 0.053 seconds
[2024-08-08T20:23:38.861+0400] {processor.py:157} INFO - Started process (PID=7159) to work on /home/eduardo/airflow_venv/lib/python3.10/site-packages/airflow/example_dags/tutorial_taskflow_api.py
[2024-08-08T20:23:38.862+0400] {processor.py:829} INFO - Processing file /home/eduardo/airflow_venv/lib/python3.10/site-packages/airflow/example_dags/tutorial_taskflow_api.py for tasks to queue
[2024-08-08T20:23:38.863+0400] {logging_mixin.py:151} INFO - [2024-08-08T20:23:38.863+0400] {dagbag.py:539} INFO - Filling up the DagBag from /home/eduardo/airflow_venv/lib/python3.10/site-packages/airflow/example_dags/tutorial_taskflow_api.py
[2024-08-08T20:23:38.867+0400] {processor.py:839} INFO - DAG(s) dict_keys(['tutorial_taskflow_api']) retrieved from /home/eduardo/airflow_venv/lib/python3.10/site-packages/airflow/example_dags/tutorial_taskflow_api.py
[2024-08-08T20:23:38.878+0400] {logging_mixin.py:151} INFO - [2024-08-08T20:23:38.878+0400] {dag.py:2915} INFO - Sync 1 DAGs
[2024-08-08T20:23:38.885+0400] {logging_mixin.py:151} INFO - [2024-08-08T20:23:38.885+0400] {dag.py:3696} INFO - Setting next_dagrun for tutorial_taskflow_api to None, run_after=None
[2024-08-08T20:23:38.914+0400] {processor.py:179} INFO - Processing /home/eduardo/airflow_venv/lib/python3.10/site-packages/airflow/example_dags/tutorial_taskflow_api.py took 0.056 seconds
[2024-08-08T20:24:24.175+0400] {processor.py:157} INFO - Started process (PID=7206) to work on /home/eduardo/airflow_venv/lib/python3.10/site-packages/airflow/example_dags/tutorial_taskflow_api.py
[2024-08-08T20:24:24.176+0400] {processor.py:829} INFO - Processing file /home/eduardo/airflow_venv/lib/python3.10/site-packages/airflow/example_dags/tutorial_taskflow_api.py for tasks to queue
[2024-08-08T20:24:24.177+0400] {logging_mixin.py:151} INFO - [2024-08-08T20:24:24.177+0400] {dagbag.py:539} INFO - Filling up the DagBag from /home/eduardo/airflow_venv/lib/python3.10/site-packages/airflow/example_dags/tutorial_taskflow_api.py
[2024-08-08T20:24:24.183+0400] {processor.py:839} INFO - DAG(s) dict_keys(['tutorial_taskflow_api']) retrieved from /home/eduardo/airflow_venv/lib/python3.10/site-packages/airflow/example_dags/tutorial_taskflow_api.py
[2024-08-08T20:24:24.196+0400] {logging_mixin.py:151} INFO - [2024-08-08T20:24:24.196+0400] {dag.py:2915} INFO - Sync 1 DAGs
[2024-08-08T20:24:24.209+0400] {logging_mixin.py:151} INFO - [2024-08-08T20:24:24.208+0400] {dag.py:3696} INFO - Setting next_dagrun for tutorial_taskflow_api to None, run_after=None
[2024-08-08T20:24:24.244+0400] {processor.py:179} INFO - Processing /home/eduardo/airflow_venv/lib/python3.10/site-packages/airflow/example_dags/tutorial_taskflow_api.py took 0.071 seconds
[2024-08-08T20:25:12.126+0400] {processor.py:157} INFO - Started process (PID=7262) to work on /home/eduardo/airflow_venv/lib/python3.10/site-packages/airflow/example_dags/tutorial_taskflow_api.py
[2024-08-08T20:25:12.127+0400] {processor.py:829} INFO - Processing file /home/eduardo/airflow_venv/lib/python3.10/site-packages/airflow/example_dags/tutorial_taskflow_api.py for tasks to queue
[2024-08-08T20:25:12.127+0400] {logging_mixin.py:151} INFO - [2024-08-08T20:25:12.127+0400] {dagbag.py:539} INFO - Filling up the DagBag from /home/eduardo/airflow_venv/lib/python3.10/site-packages/airflow/example_dags/tutorial_taskflow_api.py
[2024-08-08T20:25:12.132+0400] {processor.py:839} INFO - DAG(s) dict_keys(['tutorial_taskflow_api']) retrieved from /home/eduardo/airflow_venv/lib/python3.10/site-packages/airflow/example_dags/tutorial_taskflow_api.py
[2024-08-08T20:25:12.143+0400] {logging_mixin.py:151} INFO - [2024-08-08T20:25:12.143+0400] {dag.py:2915} INFO - Sync 1 DAGs
[2024-08-08T20:25:12.151+0400] {logging_mixin.py:151} INFO - [2024-08-08T20:25:12.151+0400] {dag.py:3696} INFO - Setting next_dagrun for tutorial_taskflow_api to None, run_after=None
[2024-08-08T20:25:12.180+0400] {processor.py:179} INFO - Processing /home/eduardo/airflow_venv/lib/python3.10/site-packages/airflow/example_dags/tutorial_taskflow_api.py took 0.057 seconds
[2024-08-08T20:25:55.732+0400] {processor.py:157} INFO - Started process (PID=7308) to work on /home/eduardo/airflow_venv/lib/python3.10/site-packages/airflow/example_dags/tutorial_taskflow_api.py
[2024-08-08T20:25:55.733+0400] {processor.py:829} INFO - Processing file /home/eduardo/airflow_venv/lib/python3.10/site-packages/airflow/example_dags/tutorial_taskflow_api.py for tasks to queue
[2024-08-08T20:25:55.734+0400] {logging_mixin.py:151} INFO - [2024-08-08T20:25:55.734+0400] {dagbag.py:539} INFO - Filling up the DagBag from /home/eduardo/airflow_venv/lib/python3.10/site-packages/airflow/example_dags/tutorial_taskflow_api.py
[2024-08-08T20:25:55.741+0400] {processor.py:839} INFO - DAG(s) dict_keys(['tutorial_taskflow_api']) retrieved from /home/eduardo/airflow_venv/lib/python3.10/site-packages/airflow/example_dags/tutorial_taskflow_api.py
[2024-08-08T20:25:55.756+0400] {logging_mixin.py:151} INFO - [2024-08-08T20:25:55.756+0400] {dag.py:2915} INFO - Sync 1 DAGs
[2024-08-08T20:25:55.764+0400] {logging_mixin.py:151} INFO - [2024-08-08T20:25:55.764+0400] {dag.py:3696} INFO - Setting next_dagrun for tutorial_taskflow_api to None, run_after=None
[2024-08-08T20:25:55.792+0400] {processor.py:179} INFO - Processing /home/eduardo/airflow_venv/lib/python3.10/site-packages/airflow/example_dags/tutorial_taskflow_api.py took 0.063 seconds
[2024-08-08T22:09:46.690+0400] {processor.py:157} INFO - Started process (PID=9559) to work on /home/eduardo/airflow_venv/lib/python3.10/site-packages/airflow/example_dags/tutorial_taskflow_api.py
[2024-08-08T22:09:46.692+0400] {processor.py:829} INFO - Processing file /home/eduardo/airflow_venv/lib/python3.10/site-packages/airflow/example_dags/tutorial_taskflow_api.py for tasks to queue
[2024-08-08T22:09:46.693+0400] {logging_mixin.py:151} INFO - [2024-08-08T22:09:46.693+0400] {dagbag.py:539} INFO - Filling up the DagBag from /home/eduardo/airflow_venv/lib/python3.10/site-packages/airflow/example_dags/tutorial_taskflow_api.py
[2024-08-08T22:09:46.702+0400] {processor.py:839} INFO - DAG(s) dict_keys(['tutorial_taskflow_api']) retrieved from /home/eduardo/airflow_venv/lib/python3.10/site-packages/airflow/example_dags/tutorial_taskflow_api.py
[2024-08-08T22:09:46.720+0400] {logging_mixin.py:151} INFO - [2024-08-08T22:09:46.720+0400] {dag.py:2915} INFO - Sync 1 DAGs
[2024-08-08T22:09:46.732+0400] {logging_mixin.py:151} INFO - [2024-08-08T22:09:46.732+0400] {dag.py:3696} INFO - Setting next_dagrun for tutorial_taskflow_api to None, run_after=None
[2024-08-08T22:09:46.762+0400] {processor.py:179} INFO - Processing /home/eduardo/airflow_venv/lib/python3.10/site-packages/airflow/example_dags/tutorial_taskflow_api.py took 0.076 seconds
[2024-08-08T22:10:33.433+0400] {processor.py:157} INFO - Started process (PID=10098) to work on /home/eduardo/airflow_venv/lib/python3.10/site-packages/airflow/example_dags/tutorial_taskflow_api.py
[2024-08-08T22:10:33.436+0400] {processor.py:829} INFO - Processing file /home/eduardo/airflow_venv/lib/python3.10/site-packages/airflow/example_dags/tutorial_taskflow_api.py for tasks to queue
[2024-08-08T22:10:33.437+0400] {logging_mixin.py:151} INFO - [2024-08-08T22:10:33.437+0400] {dagbag.py:539} INFO - Filling up the DagBag from /home/eduardo/airflow_venv/lib/python3.10/site-packages/airflow/example_dags/tutorial_taskflow_api.py
[2024-08-08T22:10:33.447+0400] {processor.py:839} INFO - DAG(s) dict_keys(['tutorial_taskflow_api']) retrieved from /home/eduardo/airflow_venv/lib/python3.10/site-packages/airflow/example_dags/tutorial_taskflow_api.py
[2024-08-08T22:10:33.469+0400] {logging_mixin.py:151} INFO - [2024-08-08T22:10:33.469+0400] {dag.py:2915} INFO - Sync 1 DAGs
[2024-08-08T22:10:33.480+0400] {logging_mixin.py:151} INFO - [2024-08-08T22:10:33.480+0400] {dag.py:3696} INFO - Setting next_dagrun for tutorial_taskflow_api to None, run_after=None
[2024-08-08T22:10:33.521+0400] {processor.py:179} INFO - Processing /home/eduardo/airflow_venv/lib/python3.10/site-packages/airflow/example_dags/tutorial_taskflow_api.py took 0.093 seconds
[2024-08-08T22:11:22.533+0400] {processor.py:157} INFO - Started process (PID=10615) to work on /home/eduardo/airflow_venv/lib/python3.10/site-packages/airflow/example_dags/tutorial_taskflow_api.py
[2024-08-08T22:11:22.535+0400] {processor.py:829} INFO - Processing file /home/eduardo/airflow_venv/lib/python3.10/site-packages/airflow/example_dags/tutorial_taskflow_api.py for tasks to queue
[2024-08-08T22:11:22.535+0400] {logging_mixin.py:151} INFO - [2024-08-08T22:11:22.535+0400] {dagbag.py:539} INFO - Filling up the DagBag from /home/eduardo/airflow_venv/lib/python3.10/site-packages/airflow/example_dags/tutorial_taskflow_api.py
[2024-08-08T22:11:22.543+0400] {processor.py:839} INFO - DAG(s) dict_keys(['tutorial_taskflow_api']) retrieved from /home/eduardo/airflow_venv/lib/python3.10/site-packages/airflow/example_dags/tutorial_taskflow_api.py
[2024-08-08T22:11:22.562+0400] {logging_mixin.py:151} INFO - [2024-08-08T22:11:22.562+0400] {dag.py:2915} INFO - Sync 1 DAGs
[2024-08-08T22:11:22.575+0400] {logging_mixin.py:151} INFO - [2024-08-08T22:11:22.575+0400] {dag.py:3696} INFO - Setting next_dagrun for tutorial_taskflow_api to None, run_after=None
[2024-08-08T22:11:22.615+0400] {processor.py:179} INFO - Processing /home/eduardo/airflow_venv/lib/python3.10/site-packages/airflow/example_dags/tutorial_taskflow_api.py took 0.087 seconds
[2024-08-08T22:12:12.293+0400] {processor.py:157} INFO - Started process (PID=11030) to work on /home/eduardo/airflow_venv/lib/python3.10/site-packages/airflow/example_dags/tutorial_taskflow_api.py
[2024-08-08T22:12:12.296+0400] {processor.py:829} INFO - Processing file /home/eduardo/airflow_venv/lib/python3.10/site-packages/airflow/example_dags/tutorial_taskflow_api.py for tasks to queue
[2024-08-08T22:12:12.297+0400] {logging_mixin.py:151} INFO - [2024-08-08T22:12:12.297+0400] {dagbag.py:539} INFO - Filling up the DagBag from /home/eduardo/airflow_venv/lib/python3.10/site-packages/airflow/example_dags/tutorial_taskflow_api.py
[2024-08-08T22:12:12.303+0400] {processor.py:839} INFO - DAG(s) dict_keys(['tutorial_taskflow_api']) retrieved from /home/eduardo/airflow_venv/lib/python3.10/site-packages/airflow/example_dags/tutorial_taskflow_api.py
[2024-08-08T22:12:12.324+0400] {logging_mixin.py:151} INFO - [2024-08-08T22:12:12.323+0400] {dag.py:2915} INFO - Sync 1 DAGs
[2024-08-08T22:12:12.335+0400] {logging_mixin.py:151} INFO - [2024-08-08T22:12:12.335+0400] {dag.py:3696} INFO - Setting next_dagrun for tutorial_taskflow_api to None, run_after=None
[2024-08-08T22:12:12.369+0400] {processor.py:179} INFO - Processing /home/eduardo/airflow_venv/lib/python3.10/site-packages/airflow/example_dags/tutorial_taskflow_api.py took 0.079 seconds
[2024-08-08T22:13:01.713+0400] {processor.py:157} INFO - Started process (PID=11414) to work on /home/eduardo/airflow_venv/lib/python3.10/site-packages/airflow/example_dags/tutorial_taskflow_api.py
[2024-08-08T22:13:01.716+0400] {processor.py:829} INFO - Processing file /home/eduardo/airflow_venv/lib/python3.10/site-packages/airflow/example_dags/tutorial_taskflow_api.py for tasks to queue
[2024-08-08T22:13:01.718+0400] {logging_mixin.py:151} INFO - [2024-08-08T22:13:01.717+0400] {dagbag.py:539} INFO - Filling up the DagBag from /home/eduardo/airflow_venv/lib/python3.10/site-packages/airflow/example_dags/tutorial_taskflow_api.py
[2024-08-08T22:13:01.726+0400] {processor.py:839} INFO - DAG(s) dict_keys(['tutorial_taskflow_api']) retrieved from /home/eduardo/airflow_venv/lib/python3.10/site-packages/airflow/example_dags/tutorial_taskflow_api.py
[2024-08-08T22:13:01.748+0400] {logging_mixin.py:151} INFO - [2024-08-08T22:13:01.748+0400] {dag.py:2915} INFO - Sync 1 DAGs
[2024-08-08T22:13:01.762+0400] {logging_mixin.py:151} INFO - [2024-08-08T22:13:01.762+0400] {dag.py:3696} INFO - Setting next_dagrun for tutorial_taskflow_api to None, run_after=None
[2024-08-08T22:13:01.797+0400] {processor.py:179} INFO - Processing /home/eduardo/airflow_venv/lib/python3.10/site-packages/airflow/example_dags/tutorial_taskflow_api.py took 0.087 seconds
[2024-08-08T22:13:48.519+0400] {processor.py:157} INFO - Started process (PID=11885) to work on /home/eduardo/airflow_venv/lib/python3.10/site-packages/airflow/example_dags/tutorial_taskflow_api.py
[2024-08-08T22:13:48.522+0400] {processor.py:829} INFO - Processing file /home/eduardo/airflow_venv/lib/python3.10/site-packages/airflow/example_dags/tutorial_taskflow_api.py for tasks to queue
[2024-08-08T22:13:48.523+0400] {logging_mixin.py:151} INFO - [2024-08-08T22:13:48.523+0400] {dagbag.py:539} INFO - Filling up the DagBag from /home/eduardo/airflow_venv/lib/python3.10/site-packages/airflow/example_dags/tutorial_taskflow_api.py
[2024-08-08T22:13:48.530+0400] {processor.py:839} INFO - DAG(s) dict_keys(['tutorial_taskflow_api']) retrieved from /home/eduardo/airflow_venv/lib/python3.10/site-packages/airflow/example_dags/tutorial_taskflow_api.py
[2024-08-08T22:13:48.547+0400] {logging_mixin.py:151} INFO - [2024-08-08T22:13:48.547+0400] {dag.py:2915} INFO - Sync 1 DAGs
[2024-08-08T22:13:48.556+0400] {logging_mixin.py:151} INFO - [2024-08-08T22:13:48.556+0400] {dag.py:3696} INFO - Setting next_dagrun for tutorial_taskflow_api to None, run_after=None
[2024-08-08T22:13:48.588+0400] {processor.py:179} INFO - Processing /home/eduardo/airflow_venv/lib/python3.10/site-packages/airflow/example_dags/tutorial_taskflow_api.py took 0.072 seconds
[2024-08-08T22:14:35.997+0400] {processor.py:157} INFO - Started process (PID=12433) to work on /home/eduardo/airflow_venv/lib/python3.10/site-packages/airflow/example_dags/tutorial_taskflow_api.py
[2024-08-08T22:14:36.001+0400] {processor.py:829} INFO - Processing file /home/eduardo/airflow_venv/lib/python3.10/site-packages/airflow/example_dags/tutorial_taskflow_api.py for tasks to queue
[2024-08-08T22:14:36.002+0400] {logging_mixin.py:151} INFO - [2024-08-08T22:14:36.001+0400] {dagbag.py:539} INFO - Filling up the DagBag from /home/eduardo/airflow_venv/lib/python3.10/site-packages/airflow/example_dags/tutorial_taskflow_api.py
[2024-08-08T22:14:36.009+0400] {processor.py:839} INFO - DAG(s) dict_keys(['tutorial_taskflow_api']) retrieved from /home/eduardo/airflow_venv/lib/python3.10/site-packages/airflow/example_dags/tutorial_taskflow_api.py
[2024-08-08T22:14:36.016+0400] {logging_mixin.py:151} INFO - [2024-08-08T22:14:36.016+0400] {dag.py:2915} INFO - Sync 1 DAGs
[2024-08-08T22:14:36.029+0400] {logging_mixin.py:151} INFO - [2024-08-08T22:14:36.029+0400] {dag.py:3696} INFO - Setting next_dagrun for tutorial_taskflow_api to None, run_after=None
[2024-08-08T22:14:36.061+0400] {processor.py:179} INFO - Processing /home/eduardo/airflow_venv/lib/python3.10/site-packages/airflow/example_dags/tutorial_taskflow_api.py took 0.068 seconds
[2024-08-08T22:15:28.006+0400] {processor.py:157} INFO - Started process (PID=12864) to work on /home/eduardo/airflow_venv/lib/python3.10/site-packages/airflow/example_dags/tutorial_taskflow_api.py
[2024-08-08T22:15:28.009+0400] {processor.py:829} INFO - Processing file /home/eduardo/airflow_venv/lib/python3.10/site-packages/airflow/example_dags/tutorial_taskflow_api.py for tasks to queue
[2024-08-08T22:15:28.010+0400] {logging_mixin.py:151} INFO - [2024-08-08T22:15:28.009+0400] {dagbag.py:539} INFO - Filling up the DagBag from /home/eduardo/airflow_venv/lib/python3.10/site-packages/airflow/example_dags/tutorial_taskflow_api.py
[2024-08-08T22:15:28.016+0400] {processor.py:839} INFO - DAG(s) dict_keys(['tutorial_taskflow_api']) retrieved from /home/eduardo/airflow_venv/lib/python3.10/site-packages/airflow/example_dags/tutorial_taskflow_api.py
[2024-08-08T22:15:28.030+0400] {logging_mixin.py:151} INFO - [2024-08-08T22:15:28.029+0400] {dag.py:2915} INFO - Sync 1 DAGs
[2024-08-08T22:15:28.038+0400] {logging_mixin.py:151} INFO - [2024-08-08T22:15:28.038+0400] {dag.py:3696} INFO - Setting next_dagrun for tutorial_taskflow_api to None, run_after=None
[2024-08-08T22:15:28.073+0400] {processor.py:179} INFO - Processing /home/eduardo/airflow_venv/lib/python3.10/site-packages/airflow/example_dags/tutorial_taskflow_api.py took 0.070 seconds
[2024-08-08T22:16:18.854+0400] {processor.py:157} INFO - Started process (PID=13316) to work on /home/eduardo/airflow_venv/lib/python3.10/site-packages/airflow/example_dags/tutorial_taskflow_api.py
[2024-08-08T22:16:18.857+0400] {processor.py:829} INFO - Processing file /home/eduardo/airflow_venv/lib/python3.10/site-packages/airflow/example_dags/tutorial_taskflow_api.py for tasks to queue
[2024-08-08T22:16:18.858+0400] {logging_mixin.py:151} INFO - [2024-08-08T22:16:18.857+0400] {dagbag.py:539} INFO - Filling up the DagBag from /home/eduardo/airflow_venv/lib/python3.10/site-packages/airflow/example_dags/tutorial_taskflow_api.py
[2024-08-08T22:16:18.865+0400] {processor.py:839} INFO - DAG(s) dict_keys(['tutorial_taskflow_api']) retrieved from /home/eduardo/airflow_venv/lib/python3.10/site-packages/airflow/example_dags/tutorial_taskflow_api.py
[2024-08-08T22:16:18.880+0400] {logging_mixin.py:151} INFO - [2024-08-08T22:16:18.879+0400] {dag.py:2915} INFO - Sync 1 DAGs
[2024-08-08T22:16:18.892+0400] {logging_mixin.py:151} INFO - [2024-08-08T22:16:18.891+0400] {dag.py:3696} INFO - Setting next_dagrun for tutorial_taskflow_api to None, run_after=None
[2024-08-08T22:16:18.927+0400] {processor.py:179} INFO - Processing /home/eduardo/airflow_venv/lib/python3.10/site-packages/airflow/example_dags/tutorial_taskflow_api.py took 0.075 seconds
[2024-08-08T22:17:09.985+0400] {processor.py:157} INFO - Started process (PID=13920) to work on /home/eduardo/airflow_venv/lib/python3.10/site-packages/airflow/example_dags/tutorial_taskflow_api.py
[2024-08-08T22:17:09.988+0400] {processor.py:829} INFO - Processing file /home/eduardo/airflow_venv/lib/python3.10/site-packages/airflow/example_dags/tutorial_taskflow_api.py for tasks to queue
[2024-08-08T22:17:09.989+0400] {logging_mixin.py:151} INFO - [2024-08-08T22:17:09.988+0400] {dagbag.py:539} INFO - Filling up the DagBag from /home/eduardo/airflow_venv/lib/python3.10/site-packages/airflow/example_dags/tutorial_taskflow_api.py
[2024-08-08T22:17:09.994+0400] {processor.py:839} INFO - DAG(s) dict_keys(['tutorial_taskflow_api']) retrieved from /home/eduardo/airflow_venv/lib/python3.10/site-packages/airflow/example_dags/tutorial_taskflow_api.py
[2024-08-08T22:17:10.008+0400] {logging_mixin.py:151} INFO - [2024-08-08T22:17:10.008+0400] {dag.py:2915} INFO - Sync 1 DAGs
[2024-08-08T22:17:10.017+0400] {logging_mixin.py:151} INFO - [2024-08-08T22:17:10.017+0400] {dag.py:3696} INFO - Setting next_dagrun for tutorial_taskflow_api to None, run_after=None
[2024-08-08T22:17:10.050+0400] {processor.py:179} INFO - Processing /home/eduardo/airflow_venv/lib/python3.10/site-packages/airflow/example_dags/tutorial_taskflow_api.py took 0.067 seconds
[2024-08-08T22:18:03.594+0400] {processor.py:157} INFO - Started process (PID=14338) to work on /home/eduardo/airflow_venv/lib/python3.10/site-packages/airflow/example_dags/tutorial_taskflow_api.py
[2024-08-08T22:18:03.597+0400] {processor.py:829} INFO - Processing file /home/eduardo/airflow_venv/lib/python3.10/site-packages/airflow/example_dags/tutorial_taskflow_api.py for tasks to queue
[2024-08-08T22:18:03.599+0400] {logging_mixin.py:151} INFO - [2024-08-08T22:18:03.599+0400] {dagbag.py:539} INFO - Filling up the DagBag from /home/eduardo/airflow_venv/lib/python3.10/site-packages/airflow/example_dags/tutorial_taskflow_api.py
[2024-08-08T22:18:03.607+0400] {processor.py:839} INFO - DAG(s) dict_keys(['tutorial_taskflow_api']) retrieved from /home/eduardo/airflow_venv/lib/python3.10/site-packages/airflow/example_dags/tutorial_taskflow_api.py
[2024-08-08T22:18:03.626+0400] {logging_mixin.py:151} INFO - [2024-08-08T22:18:03.626+0400] {dag.py:2915} INFO - Sync 1 DAGs
[2024-08-08T22:18:03.640+0400] {logging_mixin.py:151} INFO - [2024-08-08T22:18:03.640+0400] {dag.py:3696} INFO - Setting next_dagrun for tutorial_taskflow_api to None, run_after=None
[2024-08-08T22:18:03.677+0400] {processor.py:179} INFO - Processing /home/eduardo/airflow_venv/lib/python3.10/site-packages/airflow/example_dags/tutorial_taskflow_api.py took 0.087 seconds
[2024-08-08T22:18:55.765+0400] {processor.py:157} INFO - Started process (PID=14743) to work on /home/eduardo/airflow_venv/lib/python3.10/site-packages/airflow/example_dags/tutorial_taskflow_api.py
[2024-08-08T22:18:55.769+0400] {processor.py:829} INFO - Processing file /home/eduardo/airflow_venv/lib/python3.10/site-packages/airflow/example_dags/tutorial_taskflow_api.py for tasks to queue
[2024-08-08T22:18:55.769+0400] {logging_mixin.py:151} INFO - [2024-08-08T22:18:55.769+0400] {dagbag.py:539} INFO - Filling up the DagBag from /home/eduardo/airflow_venv/lib/python3.10/site-packages/airflow/example_dags/tutorial_taskflow_api.py
[2024-08-08T22:18:55.775+0400] {processor.py:839} INFO - DAG(s) dict_keys(['tutorial_taskflow_api']) retrieved from /home/eduardo/airflow_venv/lib/python3.10/site-packages/airflow/example_dags/tutorial_taskflow_api.py
[2024-08-08T22:18:55.787+0400] {logging_mixin.py:151} INFO - [2024-08-08T22:18:55.787+0400] {dag.py:2915} INFO - Sync 1 DAGs
[2024-08-08T22:18:55.796+0400] {logging_mixin.py:151} INFO - [2024-08-08T22:18:55.795+0400] {dag.py:3696} INFO - Setting next_dagrun for tutorial_taskflow_api to None, run_after=None
[2024-08-08T22:18:55.822+0400] {processor.py:179} INFO - Processing /home/eduardo/airflow_venv/lib/python3.10/site-packages/airflow/example_dags/tutorial_taskflow_api.py took 0.061 seconds
[2024-08-08T22:19:43.783+0400] {processor.py:157} INFO - Started process (PID=15146) to work on /home/eduardo/airflow_venv/lib/python3.10/site-packages/airflow/example_dags/tutorial_taskflow_api.py
[2024-08-08T22:19:43.784+0400] {processor.py:829} INFO - Processing file /home/eduardo/airflow_venv/lib/python3.10/site-packages/airflow/example_dags/tutorial_taskflow_api.py for tasks to queue
[2024-08-08T22:19:43.784+0400] {logging_mixin.py:151} INFO - [2024-08-08T22:19:43.784+0400] {dagbag.py:539} INFO - Filling up the DagBag from /home/eduardo/airflow_venv/lib/python3.10/site-packages/airflow/example_dags/tutorial_taskflow_api.py
[2024-08-08T22:19:43.789+0400] {processor.py:839} INFO - DAG(s) dict_keys(['tutorial_taskflow_api']) retrieved from /home/eduardo/airflow_venv/lib/python3.10/site-packages/airflow/example_dags/tutorial_taskflow_api.py
[2024-08-08T22:19:43.805+0400] {logging_mixin.py:151} INFO - [2024-08-08T22:19:43.805+0400] {dag.py:2915} INFO - Sync 1 DAGs
[2024-08-08T22:19:43.814+0400] {logging_mixin.py:151} INFO - [2024-08-08T22:19:43.814+0400] {dag.py:3696} INFO - Setting next_dagrun for tutorial_taskflow_api to None, run_after=None
[2024-08-08T22:19:43.851+0400] {processor.py:179} INFO - Processing /home/eduardo/airflow_venv/lib/python3.10/site-packages/airflow/example_dags/tutorial_taskflow_api.py took 0.071 seconds
[2024-08-08T22:20:35.694+0400] {processor.py:157} INFO - Started process (PID=15547) to work on /home/eduardo/airflow_venv/lib/python3.10/site-packages/airflow/example_dags/tutorial_taskflow_api.py
[2024-08-08T22:20:35.696+0400] {processor.py:829} INFO - Processing file /home/eduardo/airflow_venv/lib/python3.10/site-packages/airflow/example_dags/tutorial_taskflow_api.py for tasks to queue
[2024-08-08T22:20:35.698+0400] {logging_mixin.py:151} INFO - [2024-08-08T22:20:35.697+0400] {dagbag.py:539} INFO - Filling up the DagBag from /home/eduardo/airflow_venv/lib/python3.10/site-packages/airflow/example_dags/tutorial_taskflow_api.py
[2024-08-08T22:20:35.707+0400] {processor.py:839} INFO - DAG(s) dict_keys(['tutorial_taskflow_api']) retrieved from /home/eduardo/airflow_venv/lib/python3.10/site-packages/airflow/example_dags/tutorial_taskflow_api.py
[2024-08-08T22:20:35.735+0400] {logging_mixin.py:151} INFO - [2024-08-08T22:20:35.735+0400] {dag.py:2915} INFO - Sync 1 DAGs
[2024-08-08T22:20:35.752+0400] {logging_mixin.py:151} INFO - [2024-08-08T22:20:35.752+0400] {dag.py:3696} INFO - Setting next_dagrun for tutorial_taskflow_api to None, run_after=None
[2024-08-08T22:20:35.791+0400] {processor.py:179} INFO - Processing /home/eduardo/airflow_venv/lib/python3.10/site-packages/airflow/example_dags/tutorial_taskflow_api.py took 0.104 seconds
[2024-08-08T22:21:28.375+0400] {processor.py:157} INFO - Started process (PID=16078) to work on /home/eduardo/airflow_venv/lib/python3.10/site-packages/airflow/example_dags/tutorial_taskflow_api.py
[2024-08-08T22:21:28.378+0400] {processor.py:829} INFO - Processing file /home/eduardo/airflow_venv/lib/python3.10/site-packages/airflow/example_dags/tutorial_taskflow_api.py for tasks to queue
[2024-08-08T22:21:28.379+0400] {logging_mixin.py:151} INFO - [2024-08-08T22:21:28.379+0400] {dagbag.py:539} INFO - Filling up the DagBag from /home/eduardo/airflow_venv/lib/python3.10/site-packages/airflow/example_dags/tutorial_taskflow_api.py
[2024-08-08T22:21:28.386+0400] {processor.py:839} INFO - DAG(s) dict_keys(['tutorial_taskflow_api']) retrieved from /home/eduardo/airflow_venv/lib/python3.10/site-packages/airflow/example_dags/tutorial_taskflow_api.py
[2024-08-08T22:21:28.398+0400] {logging_mixin.py:151} INFO - [2024-08-08T22:21:28.398+0400] {dag.py:2915} INFO - Sync 1 DAGs
[2024-08-08T22:21:28.408+0400] {logging_mixin.py:151} INFO - [2024-08-08T22:21:28.408+0400] {dag.py:3696} INFO - Setting next_dagrun for tutorial_taskflow_api to None, run_after=None
[2024-08-08T22:21:28.434+0400] {processor.py:179} INFO - Processing /home/eduardo/airflow_venv/lib/python3.10/site-packages/airflow/example_dags/tutorial_taskflow_api.py took 0.065 seconds
[2024-08-08T22:22:20.091+0400] {processor.py:157} INFO - Started process (PID=16480) to work on /home/eduardo/airflow_venv/lib/python3.10/site-packages/airflow/example_dags/tutorial_taskflow_api.py
[2024-08-08T22:22:20.094+0400] {processor.py:829} INFO - Processing file /home/eduardo/airflow_venv/lib/python3.10/site-packages/airflow/example_dags/tutorial_taskflow_api.py for tasks to queue
[2024-08-08T22:22:20.096+0400] {logging_mixin.py:151} INFO - [2024-08-08T22:22:20.095+0400] {dagbag.py:539} INFO - Filling up the DagBag from /home/eduardo/airflow_venv/lib/python3.10/site-packages/airflow/example_dags/tutorial_taskflow_api.py
[2024-08-08T22:22:20.108+0400] {processor.py:839} INFO - DAG(s) dict_keys(['tutorial_taskflow_api']) retrieved from /home/eduardo/airflow_venv/lib/python3.10/site-packages/airflow/example_dags/tutorial_taskflow_api.py
[2024-08-08T22:22:20.132+0400] {logging_mixin.py:151} INFO - [2024-08-08T22:22:20.132+0400] {dag.py:2915} INFO - Sync 1 DAGs
[2024-08-08T22:22:20.143+0400] {logging_mixin.py:151} INFO - [2024-08-08T22:22:20.143+0400] {dag.py:3696} INFO - Setting next_dagrun for tutorial_taskflow_api to None, run_after=None
[2024-08-08T22:22:20.181+0400] {processor.py:179} INFO - Processing /home/eduardo/airflow_venv/lib/python3.10/site-packages/airflow/example_dags/tutorial_taskflow_api.py took 0.097 seconds
[2024-08-08T22:23:09.571+0400] {processor.py:157} INFO - Started process (PID=16862) to work on /home/eduardo/airflow_venv/lib/python3.10/site-packages/airflow/example_dags/tutorial_taskflow_api.py
[2024-08-08T22:23:09.574+0400] {processor.py:829} INFO - Processing file /home/eduardo/airflow_venv/lib/python3.10/site-packages/airflow/example_dags/tutorial_taskflow_api.py for tasks to queue
[2024-08-08T22:23:09.576+0400] {logging_mixin.py:151} INFO - [2024-08-08T22:23:09.575+0400] {dagbag.py:539} INFO - Filling up the DagBag from /home/eduardo/airflow_venv/lib/python3.10/site-packages/airflow/example_dags/tutorial_taskflow_api.py
[2024-08-08T22:23:09.587+0400] {processor.py:839} INFO - DAG(s) dict_keys(['tutorial_taskflow_api']) retrieved from /home/eduardo/airflow_venv/lib/python3.10/site-packages/airflow/example_dags/tutorial_taskflow_api.py
[2024-08-08T22:23:09.606+0400] {logging_mixin.py:151} INFO - [2024-08-08T22:23:09.606+0400] {dag.py:2915} INFO - Sync 1 DAGs
[2024-08-08T22:23:09.616+0400] {logging_mixin.py:151} INFO - [2024-08-08T22:23:09.615+0400] {dag.py:3696} INFO - Setting next_dagrun for tutorial_taskflow_api to None, run_after=None
[2024-08-08T22:23:09.649+0400] {processor.py:179} INFO - Processing /home/eduardo/airflow_venv/lib/python3.10/site-packages/airflow/example_dags/tutorial_taskflow_api.py took 0.083 seconds
