[2024-08-08T20:18:32.078+0400] {processor.py:157} INFO - Started process (PID=6815) to work on /home/eduardo/airflow_venv/lib/python3.10/site-packages/airflow/example_dags/tutorial_dag.py
[2024-08-08T20:18:32.079+0400] {processor.py:829} INFO - Processing file /home/eduardo/airflow_venv/lib/python3.10/site-packages/airflow/example_dags/tutorial_dag.py for tasks to queue
[2024-08-08T20:18:32.080+0400] {logging_mixin.py:151} INFO - [2024-08-08T20:18:32.080+0400] {dagbag.py:539} INFO - Filling up the DagBag from /home/eduardo/airflow_venv/lib/python3.10/site-packages/airflow/example_dags/tutorial_dag.py
[2024-08-08T20:18:32.087+0400] {processor.py:839} INFO - DAG(s) dict_keys(['tutorial_dag']) retrieved from /home/eduardo/airflow_venv/lib/python3.10/site-packages/airflow/example_dags/tutorial_dag.py
[2024-08-08T20:18:32.192+0400] {logging_mixin.py:151} INFO - [2024-08-08T20:18:32.192+0400] {manager.py:499} INFO - Created Permission View: %s
[2024-08-08T20:18:32.230+0400] {logging_mixin.py:151} INFO - [2024-08-08T20:18:32.230+0400] {manager.py:499} INFO - Created Permission View: %s
[2024-08-08T20:18:32.249+0400] {logging_mixin.py:151} INFO - [2024-08-08T20:18:32.249+0400] {manager.py:499} INFO - Created Permission View: %s
[2024-08-08T20:18:32.249+0400] {logging_mixin.py:151} INFO - [2024-08-08T20:18:32.249+0400] {security.py:708} INFO - Not syncing DAG-level permissions for DAG 'DAG:tutorial_dag' as access control is unset.
[2024-08-08T20:18:32.250+0400] {logging_mixin.py:151} INFO - [2024-08-08T20:18:32.249+0400] {dag.py:2915} INFO - Sync 1 DAGs
[2024-08-08T20:18:32.256+0400] {logging_mixin.py:151} INFO - [2024-08-08T20:18:32.256+0400] {dag.py:2937} INFO - Creating ORM DAG for tutorial_dag
[2024-08-08T20:18:32.256+0400] {logging_mixin.py:151} INFO - [2024-08-08T20:18:32.256+0400] {dag.py:3696} INFO - Setting next_dagrun for tutorial_dag to None, run_after=None
[2024-08-08T20:18:32.286+0400] {processor.py:179} INFO - Processing /home/eduardo/airflow_venv/lib/python3.10/site-packages/airflow/example_dags/tutorial_dag.py took 0.210 seconds
[2024-08-08T20:19:21.614+0400] {processor.py:157} INFO - Started process (PID=6866) to work on /home/eduardo/airflow_venv/lib/python3.10/site-packages/airflow/example_dags/tutorial_dag.py
[2024-08-08T20:19:21.616+0400] {processor.py:829} INFO - Processing file /home/eduardo/airflow_venv/lib/python3.10/site-packages/airflow/example_dags/tutorial_dag.py for tasks to queue
[2024-08-08T20:19:21.617+0400] {logging_mixin.py:151} INFO - [2024-08-08T20:19:21.616+0400] {dagbag.py:539} INFO - Filling up the DagBag from /home/eduardo/airflow_venv/lib/python3.10/site-packages/airflow/example_dags/tutorial_dag.py
[2024-08-08T20:19:21.620+0400] {processor.py:839} INFO - DAG(s) dict_keys(['tutorial_dag']) retrieved from /home/eduardo/airflow_venv/lib/python3.10/site-packages/airflow/example_dags/tutorial_dag.py
[2024-08-08T20:19:21.634+0400] {logging_mixin.py:151} INFO - [2024-08-08T20:19:21.634+0400] {dag.py:2915} INFO - Sync 1 DAGs
[2024-08-08T20:19:21.643+0400] {logging_mixin.py:151} INFO - [2024-08-08T20:19:21.643+0400] {dag.py:3696} INFO - Setting next_dagrun for tutorial_dag to None, run_after=None
[2024-08-08T20:19:21.671+0400] {processor.py:179} INFO - Processing /home/eduardo/airflow_venv/lib/python3.10/site-packages/airflow/example_dags/tutorial_dag.py took 0.059 seconds
[2024-08-08T20:20:06.801+0400] {processor.py:157} INFO - Started process (PID=6914) to work on /home/eduardo/airflow_venv/lib/python3.10/site-packages/airflow/example_dags/tutorial_dag.py
[2024-08-08T20:20:06.802+0400] {processor.py:829} INFO - Processing file /home/eduardo/airflow_venv/lib/python3.10/site-packages/airflow/example_dags/tutorial_dag.py for tasks to queue
[2024-08-08T20:20:06.803+0400] {logging_mixin.py:151} INFO - [2024-08-08T20:20:06.802+0400] {dagbag.py:539} INFO - Filling up the DagBag from /home/eduardo/airflow_venv/lib/python3.10/site-packages/airflow/example_dags/tutorial_dag.py
[2024-08-08T20:20:06.806+0400] {processor.py:839} INFO - DAG(s) dict_keys(['tutorial_dag']) retrieved from /home/eduardo/airflow_venv/lib/python3.10/site-packages/airflow/example_dags/tutorial_dag.py
[2024-08-08T20:20:06.818+0400] {logging_mixin.py:151} INFO - [2024-08-08T20:20:06.818+0400] {dag.py:2915} INFO - Sync 1 DAGs
[2024-08-08T20:20:06.825+0400] {logging_mixin.py:151} INFO - [2024-08-08T20:20:06.825+0400] {dag.py:3696} INFO - Setting next_dagrun for tutorial_dag to None, run_after=None
[2024-08-08T20:20:06.856+0400] {processor.py:179} INFO - Processing /home/eduardo/airflow_venv/lib/python3.10/site-packages/airflow/example_dags/tutorial_dag.py took 0.057 seconds
[2024-08-08T20:20:45.714+0400] {processor.py:157} INFO - Started process (PID=6956) to work on /home/eduardo/airflow_venv/lib/python3.10/site-packages/airflow/example_dags/tutorial_dag.py
[2024-08-08T20:20:45.715+0400] {processor.py:829} INFO - Processing file /home/eduardo/airflow_venv/lib/python3.10/site-packages/airflow/example_dags/tutorial_dag.py for tasks to queue
[2024-08-08T20:20:45.715+0400] {logging_mixin.py:151} INFO - [2024-08-08T20:20:45.715+0400] {dagbag.py:539} INFO - Filling up the DagBag from /home/eduardo/airflow_venv/lib/python3.10/site-packages/airflow/example_dags/tutorial_dag.py
[2024-08-08T20:20:45.720+0400] {processor.py:839} INFO - DAG(s) dict_keys(['tutorial_dag']) retrieved from /home/eduardo/airflow_venv/lib/python3.10/site-packages/airflow/example_dags/tutorial_dag.py
[2024-08-08T20:20:45.732+0400] {logging_mixin.py:151} INFO - [2024-08-08T20:20:45.732+0400] {dag.py:2915} INFO - Sync 1 DAGs
[2024-08-08T20:20:45.741+0400] {logging_mixin.py:151} INFO - [2024-08-08T20:20:45.741+0400] {dag.py:3696} INFO - Setting next_dagrun for tutorial_dag to None, run_after=None
[2024-08-08T20:20:45.770+0400] {processor.py:179} INFO - Processing /home/eduardo/airflow_venv/lib/python3.10/site-packages/airflow/example_dags/tutorial_dag.py took 0.059 seconds
[2024-08-08T20:21:28.050+0400] {processor.py:157} INFO - Started process (PID=7001) to work on /home/eduardo/airflow_venv/lib/python3.10/site-packages/airflow/example_dags/tutorial_dag.py
[2024-08-08T20:21:28.051+0400] {processor.py:829} INFO - Processing file /home/eduardo/airflow_venv/lib/python3.10/site-packages/airflow/example_dags/tutorial_dag.py for tasks to queue
[2024-08-08T20:21:28.052+0400] {logging_mixin.py:151} INFO - [2024-08-08T20:21:28.052+0400] {dagbag.py:539} INFO - Filling up the DagBag from /home/eduardo/airflow_venv/lib/python3.10/site-packages/airflow/example_dags/tutorial_dag.py
[2024-08-08T20:21:28.055+0400] {processor.py:839} INFO - DAG(s) dict_keys(['tutorial_dag']) retrieved from /home/eduardo/airflow_venv/lib/python3.10/site-packages/airflow/example_dags/tutorial_dag.py
[2024-08-08T20:21:28.068+0400] {logging_mixin.py:151} INFO - [2024-08-08T20:21:28.068+0400] {dag.py:2915} INFO - Sync 1 DAGs
[2024-08-08T20:21:28.077+0400] {logging_mixin.py:151} INFO - [2024-08-08T20:21:28.077+0400] {dag.py:3696} INFO - Setting next_dagrun for tutorial_dag to None, run_after=None
[2024-08-08T20:21:28.103+0400] {processor.py:179} INFO - Processing /home/eduardo/airflow_venv/lib/python3.10/site-packages/airflow/example_dags/tutorial_dag.py took 0.055 seconds
[2024-08-08T20:22:08.725+0400] {processor.py:157} INFO - Started process (PID=7044) to work on /home/eduardo/airflow_venv/lib/python3.10/site-packages/airflow/example_dags/tutorial_dag.py
[2024-08-08T20:22:08.727+0400] {processor.py:829} INFO - Processing file /home/eduardo/airflow_venv/lib/python3.10/site-packages/airflow/example_dags/tutorial_dag.py for tasks to queue
[2024-08-08T20:22:08.728+0400] {logging_mixin.py:151} INFO - [2024-08-08T20:22:08.727+0400] {dagbag.py:539} INFO - Filling up the DagBag from /home/eduardo/airflow_venv/lib/python3.10/site-packages/airflow/example_dags/tutorial_dag.py
[2024-08-08T20:22:08.732+0400] {processor.py:839} INFO - DAG(s) dict_keys(['tutorial_dag']) retrieved from /home/eduardo/airflow_venv/lib/python3.10/site-packages/airflow/example_dags/tutorial_dag.py
[2024-08-08T20:22:08.746+0400] {logging_mixin.py:151} INFO - [2024-08-08T20:22:08.745+0400] {dag.py:2915} INFO - Sync 1 DAGs
[2024-08-08T20:22:08.753+0400] {logging_mixin.py:151} INFO - [2024-08-08T20:22:08.752+0400] {dag.py:3696} INFO - Setting next_dagrun for tutorial_dag to None, run_after=None
[2024-08-08T20:22:08.782+0400] {processor.py:179} INFO - Processing /home/eduardo/airflow_venv/lib/python3.10/site-packages/airflow/example_dags/tutorial_dag.py took 0.059 seconds
[2024-08-08T20:22:54.283+0400] {processor.py:157} INFO - Started process (PID=7109) to work on /home/eduardo/airflow_venv/lib/python3.10/site-packages/airflow/example_dags/tutorial_dag.py
[2024-08-08T20:22:54.284+0400] {processor.py:829} INFO - Processing file /home/eduardo/airflow_venv/lib/python3.10/site-packages/airflow/example_dags/tutorial_dag.py for tasks to queue
[2024-08-08T20:22:54.285+0400] {logging_mixin.py:151} INFO - [2024-08-08T20:22:54.285+0400] {dagbag.py:539} INFO - Filling up the DagBag from /home/eduardo/airflow_venv/lib/python3.10/site-packages/airflow/example_dags/tutorial_dag.py
[2024-08-08T20:22:54.289+0400] {processor.py:839} INFO - DAG(s) dict_keys(['tutorial_dag']) retrieved from /home/eduardo/airflow_venv/lib/python3.10/site-packages/airflow/example_dags/tutorial_dag.py
[2024-08-08T20:22:54.304+0400] {logging_mixin.py:151} INFO - [2024-08-08T20:22:54.304+0400] {dag.py:2915} INFO - Sync 1 DAGs
[2024-08-08T20:22:54.312+0400] {logging_mixin.py:151} INFO - [2024-08-08T20:22:54.312+0400] {dag.py:3696} INFO - Setting next_dagrun for tutorial_dag to None, run_after=None
[2024-08-08T20:22:54.344+0400] {processor.py:179} INFO - Processing /home/eduardo/airflow_venv/lib/python3.10/site-packages/airflow/example_dags/tutorial_dag.py took 0.064 seconds
[2024-08-08T20:23:37.729+0400] {processor.py:157} INFO - Started process (PID=7158) to work on /home/eduardo/airflow_venv/lib/python3.10/site-packages/airflow/example_dags/tutorial_dag.py
[2024-08-08T20:23:37.730+0400] {processor.py:829} INFO - Processing file /home/eduardo/airflow_venv/lib/python3.10/site-packages/airflow/example_dags/tutorial_dag.py for tasks to queue
[2024-08-08T20:23:37.731+0400] {logging_mixin.py:151} INFO - [2024-08-08T20:23:37.731+0400] {dagbag.py:539} INFO - Filling up the DagBag from /home/eduardo/airflow_venv/lib/python3.10/site-packages/airflow/example_dags/tutorial_dag.py
[2024-08-08T20:23:37.734+0400] {processor.py:839} INFO - DAG(s) dict_keys(['tutorial_dag']) retrieved from /home/eduardo/airflow_venv/lib/python3.10/site-packages/airflow/example_dags/tutorial_dag.py
[2024-08-08T20:23:37.744+0400] {logging_mixin.py:151} INFO - [2024-08-08T20:23:37.744+0400] {dag.py:2915} INFO - Sync 1 DAGs
[2024-08-08T20:23:37.752+0400] {logging_mixin.py:151} INFO - [2024-08-08T20:23:37.752+0400] {dag.py:3696} INFO - Setting next_dagrun for tutorial_dag to None, run_after=None
[2024-08-08T20:23:37.779+0400] {processor.py:179} INFO - Processing /home/eduardo/airflow_venv/lib/python3.10/site-packages/airflow/example_dags/tutorial_dag.py took 0.052 seconds
[2024-08-08T20:24:23.048+0400] {processor.py:157} INFO - Started process (PID=7205) to work on /home/eduardo/airflow_venv/lib/python3.10/site-packages/airflow/example_dags/tutorial_dag.py
[2024-08-08T20:24:23.049+0400] {processor.py:829} INFO - Processing file /home/eduardo/airflow_venv/lib/python3.10/site-packages/airflow/example_dags/tutorial_dag.py for tasks to queue
[2024-08-08T20:24:23.049+0400] {logging_mixin.py:151} INFO - [2024-08-08T20:24:23.049+0400] {dagbag.py:539} INFO - Filling up the DagBag from /home/eduardo/airflow_venv/lib/python3.10/site-packages/airflow/example_dags/tutorial_dag.py
[2024-08-08T20:24:23.053+0400] {processor.py:839} INFO - DAG(s) dict_keys(['tutorial_dag']) retrieved from /home/eduardo/airflow_venv/lib/python3.10/site-packages/airflow/example_dags/tutorial_dag.py
[2024-08-08T20:24:23.068+0400] {logging_mixin.py:151} INFO - [2024-08-08T20:24:23.067+0400] {dag.py:2915} INFO - Sync 1 DAGs
[2024-08-08T20:24:23.076+0400] {logging_mixin.py:151} INFO - [2024-08-08T20:24:23.076+0400] {dag.py:3696} INFO - Setting next_dagrun for tutorial_dag to None, run_after=None
[2024-08-08T20:24:23.099+0400] {processor.py:179} INFO - Processing /home/eduardo/airflow_venv/lib/python3.10/site-packages/airflow/example_dags/tutorial_dag.py took 0.054 seconds
[2024-08-08T20:25:10.993+0400] {processor.py:157} INFO - Started process (PID=7261) to work on /home/eduardo/airflow_venv/lib/python3.10/site-packages/airflow/example_dags/tutorial_dag.py
[2024-08-08T20:25:10.994+0400] {processor.py:829} INFO - Processing file /home/eduardo/airflow_venv/lib/python3.10/site-packages/airflow/example_dags/tutorial_dag.py for tasks to queue
[2024-08-08T20:25:10.995+0400] {logging_mixin.py:151} INFO - [2024-08-08T20:25:10.995+0400] {dagbag.py:539} INFO - Filling up the DagBag from /home/eduardo/airflow_venv/lib/python3.10/site-packages/airflow/example_dags/tutorial_dag.py
[2024-08-08T20:25:10.998+0400] {processor.py:839} INFO - DAG(s) dict_keys(['tutorial_dag']) retrieved from /home/eduardo/airflow_venv/lib/python3.10/site-packages/airflow/example_dags/tutorial_dag.py
[2024-08-08T20:25:11.011+0400] {logging_mixin.py:151} INFO - [2024-08-08T20:25:11.011+0400] {dag.py:2915} INFO - Sync 1 DAGs
[2024-08-08T20:25:11.020+0400] {logging_mixin.py:151} INFO - [2024-08-08T20:25:11.019+0400] {dag.py:3696} INFO - Setting next_dagrun for tutorial_dag to None, run_after=None
[2024-08-08T20:25:11.052+0400] {processor.py:179} INFO - Processing /home/eduardo/airflow_venv/lib/python3.10/site-packages/airflow/example_dags/tutorial_dag.py took 0.061 seconds
[2024-08-08T20:25:54.588+0400] {processor.py:157} INFO - Started process (PID=7307) to work on /home/eduardo/airflow_venv/lib/python3.10/site-packages/airflow/example_dags/tutorial_dag.py
[2024-08-08T20:25:54.589+0400] {processor.py:829} INFO - Processing file /home/eduardo/airflow_venv/lib/python3.10/site-packages/airflow/example_dags/tutorial_dag.py for tasks to queue
[2024-08-08T20:25:54.589+0400] {logging_mixin.py:151} INFO - [2024-08-08T20:25:54.589+0400] {dagbag.py:539} INFO - Filling up the DagBag from /home/eduardo/airflow_venv/lib/python3.10/site-packages/airflow/example_dags/tutorial_dag.py
[2024-08-08T20:25:54.593+0400] {processor.py:839} INFO - DAG(s) dict_keys(['tutorial_dag']) retrieved from /home/eduardo/airflow_venv/lib/python3.10/site-packages/airflow/example_dags/tutorial_dag.py
[2024-08-08T20:25:54.604+0400] {logging_mixin.py:151} INFO - [2024-08-08T20:25:54.604+0400] {dag.py:2915} INFO - Sync 1 DAGs
[2024-08-08T20:25:54.613+0400] {logging_mixin.py:151} INFO - [2024-08-08T20:25:54.613+0400] {dag.py:3696} INFO - Setting next_dagrun for tutorial_dag to None, run_after=None
[2024-08-08T20:25:54.643+0400] {processor.py:179} INFO - Processing /home/eduardo/airflow_venv/lib/python3.10/site-packages/airflow/example_dags/tutorial_dag.py took 0.057 seconds
[2024-08-08T22:09:45.543+0400] {processor.py:157} INFO - Started process (PID=9546) to work on /home/eduardo/airflow_venv/lib/python3.10/site-packages/airflow/example_dags/tutorial_dag.py
[2024-08-08T22:09:45.546+0400] {processor.py:829} INFO - Processing file /home/eduardo/airflow_venv/lib/python3.10/site-packages/airflow/example_dags/tutorial_dag.py for tasks to queue
[2024-08-08T22:09:45.546+0400] {logging_mixin.py:151} INFO - [2024-08-08T22:09:45.546+0400] {dagbag.py:539} INFO - Filling up the DagBag from /home/eduardo/airflow_venv/lib/python3.10/site-packages/airflow/example_dags/tutorial_dag.py
[2024-08-08T22:09:45.554+0400] {processor.py:839} INFO - DAG(s) dict_keys(['tutorial_dag']) retrieved from /home/eduardo/airflow_venv/lib/python3.10/site-packages/airflow/example_dags/tutorial_dag.py
[2024-08-08T22:09:45.573+0400] {logging_mixin.py:151} INFO - [2024-08-08T22:09:45.573+0400] {dag.py:2915} INFO - Sync 1 DAGs
[2024-08-08T22:09:45.581+0400] {logging_mixin.py:151} INFO - [2024-08-08T22:09:45.581+0400] {dag.py:3696} INFO - Setting next_dagrun for tutorial_dag to None, run_after=None
[2024-08-08T22:09:45.609+0400] {processor.py:179} INFO - Processing /home/eduardo/airflow_venv/lib/python3.10/site-packages/airflow/example_dags/tutorial_dag.py took 0.069 seconds
[2024-08-08T22:10:32.181+0400] {processor.py:157} INFO - Started process (PID=10089) to work on /home/eduardo/airflow_venv/lib/python3.10/site-packages/airflow/example_dags/tutorial_dag.py
[2024-08-08T22:10:32.184+0400] {processor.py:829} INFO - Processing file /home/eduardo/airflow_venv/lib/python3.10/site-packages/airflow/example_dags/tutorial_dag.py for tasks to queue
[2024-08-08T22:10:32.186+0400] {logging_mixin.py:151} INFO - [2024-08-08T22:10:32.185+0400] {dagbag.py:539} INFO - Filling up the DagBag from /home/eduardo/airflow_venv/lib/python3.10/site-packages/airflow/example_dags/tutorial_dag.py
[2024-08-08T22:10:32.194+0400] {processor.py:839} INFO - DAG(s) dict_keys(['tutorial_dag']) retrieved from /home/eduardo/airflow_venv/lib/python3.10/site-packages/airflow/example_dags/tutorial_dag.py
[2024-08-08T22:10:32.222+0400] {logging_mixin.py:151} INFO - [2024-08-08T22:10:32.221+0400] {dag.py:2915} INFO - Sync 1 DAGs
[2024-08-08T22:10:32.236+0400] {logging_mixin.py:151} INFO - [2024-08-08T22:10:32.236+0400] {dag.py:3696} INFO - Setting next_dagrun for tutorial_dag to None, run_after=None
[2024-08-08T22:10:32.278+0400] {processor.py:179} INFO - Processing /home/eduardo/airflow_venv/lib/python3.10/site-packages/airflow/example_dags/tutorial_dag.py took 0.101 seconds
[2024-08-08T22:11:21.389+0400] {processor.py:157} INFO - Started process (PID=10603) to work on /home/eduardo/airflow_venv/lib/python3.10/site-packages/airflow/example_dags/tutorial_dag.py
[2024-08-08T22:11:21.391+0400] {processor.py:829} INFO - Processing file /home/eduardo/airflow_venv/lib/python3.10/site-packages/airflow/example_dags/tutorial_dag.py for tasks to queue
[2024-08-08T22:11:21.392+0400] {logging_mixin.py:151} INFO - [2024-08-08T22:11:21.391+0400] {dagbag.py:539} INFO - Filling up the DagBag from /home/eduardo/airflow_venv/lib/python3.10/site-packages/airflow/example_dags/tutorial_dag.py
[2024-08-08T22:11:21.399+0400] {processor.py:839} INFO - DAG(s) dict_keys(['tutorial_dag']) retrieved from /home/eduardo/airflow_venv/lib/python3.10/site-packages/airflow/example_dags/tutorial_dag.py
[2024-08-08T22:11:21.420+0400] {logging_mixin.py:151} INFO - [2024-08-08T22:11:21.419+0400] {dag.py:2915} INFO - Sync 1 DAGs
[2024-08-08T22:11:21.431+0400] {logging_mixin.py:151} INFO - [2024-08-08T22:11:21.430+0400] {dag.py:3696} INFO - Setting next_dagrun for tutorial_dag to None, run_after=None
[2024-08-08T22:11:21.468+0400] {processor.py:179} INFO - Processing /home/eduardo/airflow_venv/lib/python3.10/site-packages/airflow/example_dags/tutorial_dag.py took 0.082 seconds
[2024-08-08T22:12:11.033+0400] {processor.py:157} INFO - Started process (PID=11024) to work on /home/eduardo/airflow_venv/lib/python3.10/site-packages/airflow/example_dags/tutorial_dag.py
[2024-08-08T22:12:11.035+0400] {processor.py:829} INFO - Processing file /home/eduardo/airflow_venv/lib/python3.10/site-packages/airflow/example_dags/tutorial_dag.py for tasks to queue
[2024-08-08T22:12:11.036+0400] {logging_mixin.py:151} INFO - [2024-08-08T22:12:11.035+0400] {dagbag.py:539} INFO - Filling up the DagBag from /home/eduardo/airflow_venv/lib/python3.10/site-packages/airflow/example_dags/tutorial_dag.py
[2024-08-08T22:12:11.045+0400] {processor.py:839} INFO - DAG(s) dict_keys(['tutorial_dag']) retrieved from /home/eduardo/airflow_venv/lib/python3.10/site-packages/airflow/example_dags/tutorial_dag.py
[2024-08-08T22:12:11.068+0400] {logging_mixin.py:151} INFO - [2024-08-08T22:12:11.068+0400] {dag.py:2915} INFO - Sync 1 DAGs
[2024-08-08T22:12:11.085+0400] {logging_mixin.py:151} INFO - [2024-08-08T22:12:11.084+0400] {dag.py:3696} INFO - Setting next_dagrun for tutorial_dag to None, run_after=None
[2024-08-08T22:12:11.132+0400] {processor.py:179} INFO - Processing /home/eduardo/airflow_venv/lib/python3.10/site-packages/airflow/example_dags/tutorial_dag.py took 0.102 seconds
[2024-08-08T22:13:00.668+0400] {processor.py:157} INFO - Started process (PID=11403) to work on /home/eduardo/airflow_venv/lib/python3.10/site-packages/airflow/example_dags/tutorial_dag.py
[2024-08-08T22:13:00.671+0400] {processor.py:829} INFO - Processing file /home/eduardo/airflow_venv/lib/python3.10/site-packages/airflow/example_dags/tutorial_dag.py for tasks to queue
[2024-08-08T22:13:00.672+0400] {logging_mixin.py:151} INFO - [2024-08-08T22:13:00.671+0400] {dagbag.py:539} INFO - Filling up the DagBag from /home/eduardo/airflow_venv/lib/python3.10/site-packages/airflow/example_dags/tutorial_dag.py
[2024-08-08T22:13:00.678+0400] {processor.py:839} INFO - DAG(s) dict_keys(['tutorial_dag']) retrieved from /home/eduardo/airflow_venv/lib/python3.10/site-packages/airflow/example_dags/tutorial_dag.py
[2024-08-08T22:13:00.704+0400] {logging_mixin.py:151} INFO - [2024-08-08T22:13:00.703+0400] {dag.py:2915} INFO - Sync 1 DAGs
[2024-08-08T22:13:00.715+0400] {logging_mixin.py:151} INFO - [2024-08-08T22:13:00.715+0400] {dag.py:3696} INFO - Setting next_dagrun for tutorial_dag to None, run_after=None
[2024-08-08T22:13:00.756+0400] {processor.py:179} INFO - Processing /home/eduardo/airflow_venv/lib/python3.10/site-packages/airflow/example_dags/tutorial_dag.py took 0.092 seconds
[2024-08-08T22:13:47.364+0400] {processor.py:157} INFO - Started process (PID=11867) to work on /home/eduardo/airflow_venv/lib/python3.10/site-packages/airflow/example_dags/tutorial_dag.py
[2024-08-08T22:13:47.367+0400] {processor.py:829} INFO - Processing file /home/eduardo/airflow_venv/lib/python3.10/site-packages/airflow/example_dags/tutorial_dag.py for tasks to queue
[2024-08-08T22:13:47.368+0400] {logging_mixin.py:151} INFO - [2024-08-08T22:13:47.368+0400] {dagbag.py:539} INFO - Filling up the DagBag from /home/eduardo/airflow_venv/lib/python3.10/site-packages/airflow/example_dags/tutorial_dag.py
[2024-08-08T22:13:47.374+0400] {processor.py:839} INFO - DAG(s) dict_keys(['tutorial_dag']) retrieved from /home/eduardo/airflow_venv/lib/python3.10/site-packages/airflow/example_dags/tutorial_dag.py
[2024-08-08T22:13:47.389+0400] {logging_mixin.py:151} INFO - [2024-08-08T22:13:47.389+0400] {dag.py:2915} INFO - Sync 1 DAGs
[2024-08-08T22:13:47.398+0400] {logging_mixin.py:151} INFO - [2024-08-08T22:13:47.398+0400] {dag.py:3696} INFO - Setting next_dagrun for tutorial_dag to None, run_after=None
[2024-08-08T22:13:47.435+0400] {processor.py:179} INFO - Processing /home/eduardo/airflow_venv/lib/python3.10/site-packages/airflow/example_dags/tutorial_dag.py took 0.077 seconds
[2024-08-08T22:14:34.858+0400] {processor.py:157} INFO - Started process (PID=12427) to work on /home/eduardo/airflow_venv/lib/python3.10/site-packages/airflow/example_dags/tutorial_dag.py
[2024-08-08T22:14:34.861+0400] {processor.py:829} INFO - Processing file /home/eduardo/airflow_venv/lib/python3.10/site-packages/airflow/example_dags/tutorial_dag.py for tasks to queue
[2024-08-08T22:14:34.862+0400] {logging_mixin.py:151} INFO - [2024-08-08T22:14:34.862+0400] {dagbag.py:539} INFO - Filling up the DagBag from /home/eduardo/airflow_venv/lib/python3.10/site-packages/airflow/example_dags/tutorial_dag.py
[2024-08-08T22:14:34.870+0400] {processor.py:839} INFO - DAG(s) dict_keys(['tutorial_dag']) retrieved from /home/eduardo/airflow_venv/lib/python3.10/site-packages/airflow/example_dags/tutorial_dag.py
[2024-08-08T22:14:34.881+0400] {logging_mixin.py:151} INFO - [2024-08-08T22:14:34.881+0400] {dag.py:2915} INFO - Sync 1 DAGs
[2024-08-08T22:14:34.897+0400] {logging_mixin.py:151} INFO - [2024-08-08T22:14:34.897+0400] {dag.py:3696} INFO - Setting next_dagrun for tutorial_dag to None, run_after=None
[2024-08-08T22:14:34.939+0400] {processor.py:179} INFO - Processing /home/eduardo/airflow_venv/lib/python3.10/site-packages/airflow/example_dags/tutorial_dag.py took 0.087 seconds
[2024-08-08T22:15:26.864+0400] {processor.py:157} INFO - Started process (PID=12853) to work on /home/eduardo/airflow_venv/lib/python3.10/site-packages/airflow/example_dags/tutorial_dag.py
[2024-08-08T22:15:26.868+0400] {processor.py:829} INFO - Processing file /home/eduardo/airflow_venv/lib/python3.10/site-packages/airflow/example_dags/tutorial_dag.py for tasks to queue
[2024-08-08T22:15:26.869+0400] {logging_mixin.py:151} INFO - [2024-08-08T22:15:26.869+0400] {dagbag.py:539} INFO - Filling up the DagBag from /home/eduardo/airflow_venv/lib/python3.10/site-packages/airflow/example_dags/tutorial_dag.py
[2024-08-08T22:15:26.875+0400] {processor.py:839} INFO - DAG(s) dict_keys(['tutorial_dag']) retrieved from /home/eduardo/airflow_venv/lib/python3.10/site-packages/airflow/example_dags/tutorial_dag.py
[2024-08-08T22:15:26.891+0400] {logging_mixin.py:151} INFO - [2024-08-08T22:15:26.891+0400] {dag.py:2915} INFO - Sync 1 DAGs
[2024-08-08T22:15:26.901+0400] {logging_mixin.py:151} INFO - [2024-08-08T22:15:26.901+0400] {dag.py:3696} INFO - Setting next_dagrun for tutorial_dag to None, run_after=None
[2024-08-08T22:15:26.936+0400] {processor.py:179} INFO - Processing /home/eduardo/airflow_venv/lib/python3.10/site-packages/airflow/example_dags/tutorial_dag.py took 0.076 seconds
[2024-08-08T22:16:17.714+0400] {processor.py:157} INFO - Started process (PID=13311) to work on /home/eduardo/airflow_venv/lib/python3.10/site-packages/airflow/example_dags/tutorial_dag.py
[2024-08-08T22:16:17.717+0400] {processor.py:829} INFO - Processing file /home/eduardo/airflow_venv/lib/python3.10/site-packages/airflow/example_dags/tutorial_dag.py for tasks to queue
[2024-08-08T22:16:17.718+0400] {logging_mixin.py:151} INFO - [2024-08-08T22:16:17.718+0400] {dagbag.py:539} INFO - Filling up the DagBag from /home/eduardo/airflow_venv/lib/python3.10/site-packages/airflow/example_dags/tutorial_dag.py
[2024-08-08T22:16:17.726+0400] {processor.py:839} INFO - DAG(s) dict_keys(['tutorial_dag']) retrieved from /home/eduardo/airflow_venv/lib/python3.10/site-packages/airflow/example_dags/tutorial_dag.py
[2024-08-08T22:16:17.745+0400] {logging_mixin.py:151} INFO - [2024-08-08T22:16:17.745+0400] {dag.py:2915} INFO - Sync 1 DAGs
[2024-08-08T22:16:17.755+0400] {logging_mixin.py:151} INFO - [2024-08-08T22:16:17.754+0400] {dag.py:3696} INFO - Setting next_dagrun for tutorial_dag to None, run_after=None
[2024-08-08T22:16:17.798+0400] {processor.py:179} INFO - Processing /home/eduardo/airflow_venv/lib/python3.10/site-packages/airflow/example_dags/tutorial_dag.py took 0.089 seconds
[2024-08-08T22:17:08.846+0400] {processor.py:157} INFO - Started process (PID=13908) to work on /home/eduardo/airflow_venv/lib/python3.10/site-packages/airflow/example_dags/tutorial_dag.py
[2024-08-08T22:17:08.850+0400] {processor.py:829} INFO - Processing file /home/eduardo/airflow_venv/lib/python3.10/site-packages/airflow/example_dags/tutorial_dag.py for tasks to queue
[2024-08-08T22:17:08.851+0400] {logging_mixin.py:151} INFO - [2024-08-08T22:17:08.850+0400] {dagbag.py:539} INFO - Filling up the DagBag from /home/eduardo/airflow_venv/lib/python3.10/site-packages/airflow/example_dags/tutorial_dag.py
[2024-08-08T22:17:08.855+0400] {processor.py:839} INFO - DAG(s) dict_keys(['tutorial_dag']) retrieved from /home/eduardo/airflow_venv/lib/python3.10/site-packages/airflow/example_dags/tutorial_dag.py
[2024-08-08T22:17:08.867+0400] {logging_mixin.py:151} INFO - [2024-08-08T22:17:08.867+0400] {dag.py:2915} INFO - Sync 1 DAGs
[2024-08-08T22:17:08.876+0400] {logging_mixin.py:151} INFO - [2024-08-08T22:17:08.876+0400] {dag.py:3696} INFO - Setting next_dagrun for tutorial_dag to None, run_after=None
[2024-08-08T22:17:08.904+0400] {processor.py:179} INFO - Processing /home/eduardo/airflow_venv/lib/python3.10/site-packages/airflow/example_dags/tutorial_dag.py took 0.061 seconds
[2024-08-08T22:18:02.456+0400] {processor.py:157} INFO - Started process (PID=14326) to work on /home/eduardo/airflow_venv/lib/python3.10/site-packages/airflow/example_dags/tutorial_dag.py
[2024-08-08T22:18:02.459+0400] {processor.py:829} INFO - Processing file /home/eduardo/airflow_venv/lib/python3.10/site-packages/airflow/example_dags/tutorial_dag.py for tasks to queue
[2024-08-08T22:18:02.461+0400] {logging_mixin.py:151} INFO - [2024-08-08T22:18:02.460+0400] {dagbag.py:539} INFO - Filling up the DagBag from /home/eduardo/airflow_venv/lib/python3.10/site-packages/airflow/example_dags/tutorial_dag.py
[2024-08-08T22:18:02.470+0400] {processor.py:839} INFO - DAG(s) dict_keys(['tutorial_dag']) retrieved from /home/eduardo/airflow_venv/lib/python3.10/site-packages/airflow/example_dags/tutorial_dag.py
[2024-08-08T22:18:02.491+0400] {logging_mixin.py:151} INFO - [2024-08-08T22:18:02.490+0400] {dag.py:2915} INFO - Sync 1 DAGs
[2024-08-08T22:18:02.505+0400] {logging_mixin.py:151} INFO - [2024-08-08T22:18:02.504+0400] {dag.py:3696} INFO - Setting next_dagrun for tutorial_dag to None, run_after=None
[2024-08-08T22:18:02.542+0400] {processor.py:179} INFO - Processing /home/eduardo/airflow_venv/lib/python3.10/site-packages/airflow/example_dags/tutorial_dag.py took 0.090 seconds
[2024-08-08T22:18:54.657+0400] {processor.py:157} INFO - Started process (PID=14732) to work on /home/eduardo/airflow_venv/lib/python3.10/site-packages/airflow/example_dags/tutorial_dag.py
[2024-08-08T22:18:54.660+0400] {processor.py:829} INFO - Processing file /home/eduardo/airflow_venv/lib/python3.10/site-packages/airflow/example_dags/tutorial_dag.py for tasks to queue
[2024-08-08T22:18:54.661+0400] {logging_mixin.py:151} INFO - [2024-08-08T22:18:54.661+0400] {dagbag.py:539} INFO - Filling up the DagBag from /home/eduardo/airflow_venv/lib/python3.10/site-packages/airflow/example_dags/tutorial_dag.py
[2024-08-08T22:18:54.667+0400] {processor.py:839} INFO - DAG(s) dict_keys(['tutorial_dag']) retrieved from /home/eduardo/airflow_venv/lib/python3.10/site-packages/airflow/example_dags/tutorial_dag.py
[2024-08-08T22:18:54.699+0400] {logging_mixin.py:151} INFO - [2024-08-08T22:18:54.698+0400] {dag.py:2915} INFO - Sync 1 DAGs
[2024-08-08T22:18:54.719+0400] {logging_mixin.py:151} INFO - [2024-08-08T22:18:54.719+0400] {dag.py:3696} INFO - Setting next_dagrun for tutorial_dag to None, run_after=None
[2024-08-08T22:18:54.759+0400] {processor.py:179} INFO - Processing /home/eduardo/airflow_venv/lib/python3.10/site-packages/airflow/example_dags/tutorial_dag.py took 0.109 seconds
[2024-08-08T22:19:42.623+0400] {processor.py:157} INFO - Started process (PID=15135) to work on /home/eduardo/airflow_venv/lib/python3.10/site-packages/airflow/example_dags/tutorial_dag.py
[2024-08-08T22:19:42.627+0400] {processor.py:829} INFO - Processing file /home/eduardo/airflow_venv/lib/python3.10/site-packages/airflow/example_dags/tutorial_dag.py for tasks to queue
[2024-08-08T22:19:42.628+0400] {logging_mixin.py:151} INFO - [2024-08-08T22:19:42.628+0400] {dagbag.py:539} INFO - Filling up the DagBag from /home/eduardo/airflow_venv/lib/python3.10/site-packages/airflow/example_dags/tutorial_dag.py
[2024-08-08T22:19:42.634+0400] {processor.py:839} INFO - DAG(s) dict_keys(['tutorial_dag']) retrieved from /home/eduardo/airflow_venv/lib/python3.10/site-packages/airflow/example_dags/tutorial_dag.py
[2024-08-08T22:19:42.648+0400] {logging_mixin.py:151} INFO - [2024-08-08T22:19:42.648+0400] {dag.py:2915} INFO - Sync 1 DAGs
[2024-08-08T22:19:42.657+0400] {logging_mixin.py:151} INFO - [2024-08-08T22:19:42.656+0400] {dag.py:3696} INFO - Setting next_dagrun for tutorial_dag to None, run_after=None
[2024-08-08T22:19:42.692+0400] {processor.py:179} INFO - Processing /home/eduardo/airflow_venv/lib/python3.10/site-packages/airflow/example_dags/tutorial_dag.py took 0.074 seconds
[2024-08-08T22:20:34.527+0400] {processor.py:157} INFO - Started process (PID=15539) to work on /home/eduardo/airflow_venv/lib/python3.10/site-packages/airflow/example_dags/tutorial_dag.py
[2024-08-08T22:20:34.530+0400] {processor.py:829} INFO - Processing file /home/eduardo/airflow_venv/lib/python3.10/site-packages/airflow/example_dags/tutorial_dag.py for tasks to queue
[2024-08-08T22:20:34.531+0400] {logging_mixin.py:151} INFO - [2024-08-08T22:20:34.531+0400] {dagbag.py:539} INFO - Filling up the DagBag from /home/eduardo/airflow_venv/lib/python3.10/site-packages/airflow/example_dags/tutorial_dag.py
[2024-08-08T22:20:34.536+0400] {processor.py:839} INFO - DAG(s) dict_keys(['tutorial_dag']) retrieved from /home/eduardo/airflow_venv/lib/python3.10/site-packages/airflow/example_dags/tutorial_dag.py
[2024-08-08T22:20:34.551+0400] {logging_mixin.py:151} INFO - [2024-08-08T22:20:34.550+0400] {dag.py:2915} INFO - Sync 1 DAGs
[2024-08-08T22:20:34.561+0400] {logging_mixin.py:151} INFO - [2024-08-08T22:20:34.561+0400] {dag.py:3696} INFO - Setting next_dagrun for tutorial_dag to None, run_after=None
[2024-08-08T22:20:34.593+0400] {processor.py:179} INFO - Processing /home/eduardo/airflow_venv/lib/python3.10/site-packages/airflow/example_dags/tutorial_dag.py took 0.070 seconds
[2024-08-08T22:21:27.227+0400] {processor.py:157} INFO - Started process (PID=16063) to work on /home/eduardo/airflow_venv/lib/python3.10/site-packages/airflow/example_dags/tutorial_dag.py
[2024-08-08T22:21:27.230+0400] {processor.py:829} INFO - Processing file /home/eduardo/airflow_venv/lib/python3.10/site-packages/airflow/example_dags/tutorial_dag.py for tasks to queue
[2024-08-08T22:21:27.230+0400] {logging_mixin.py:151} INFO - [2024-08-08T22:21:27.230+0400] {dagbag.py:539} INFO - Filling up the DagBag from /home/eduardo/airflow_venv/lib/python3.10/site-packages/airflow/example_dags/tutorial_dag.py
[2024-08-08T22:21:27.235+0400] {processor.py:839} INFO - DAG(s) dict_keys(['tutorial_dag']) retrieved from /home/eduardo/airflow_venv/lib/python3.10/site-packages/airflow/example_dags/tutorial_dag.py
[2024-08-08T22:21:27.247+0400] {logging_mixin.py:151} INFO - [2024-08-08T22:21:27.247+0400] {dag.py:2915} INFO - Sync 1 DAGs
[2024-08-08T22:21:27.255+0400] {logging_mixin.py:151} INFO - [2024-08-08T22:21:27.255+0400] {dag.py:3696} INFO - Setting next_dagrun for tutorial_dag to None, run_after=None
[2024-08-08T22:21:27.282+0400] {processor.py:179} INFO - Processing /home/eduardo/airflow_venv/lib/python3.10/site-packages/airflow/example_dags/tutorial_dag.py took 0.058 seconds
[2024-08-08T22:22:18.949+0400] {processor.py:157} INFO - Started process (PID=16469) to work on /home/eduardo/airflow_venv/lib/python3.10/site-packages/airflow/example_dags/tutorial_dag.py
[2024-08-08T22:22:18.953+0400] {processor.py:829} INFO - Processing file /home/eduardo/airflow_venv/lib/python3.10/site-packages/airflow/example_dags/tutorial_dag.py for tasks to queue
[2024-08-08T22:22:18.954+0400] {logging_mixin.py:151} INFO - [2024-08-08T22:22:18.953+0400] {dagbag.py:539} INFO - Filling up the DagBag from /home/eduardo/airflow_venv/lib/python3.10/site-packages/airflow/example_dags/tutorial_dag.py
[2024-08-08T22:22:18.959+0400] {processor.py:839} INFO - DAG(s) dict_keys(['tutorial_dag']) retrieved from /home/eduardo/airflow_venv/lib/python3.10/site-packages/airflow/example_dags/tutorial_dag.py
[2024-08-08T22:22:18.975+0400] {logging_mixin.py:151} INFO - [2024-08-08T22:22:18.974+0400] {dag.py:2915} INFO - Sync 1 DAGs
[2024-08-08T22:22:18.986+0400] {logging_mixin.py:151} INFO - [2024-08-08T22:22:18.986+0400] {dag.py:3696} INFO - Setting next_dagrun for tutorial_dag to None, run_after=None
[2024-08-08T22:22:19.023+0400] {processor.py:179} INFO - Processing /home/eduardo/airflow_venv/lib/python3.10/site-packages/airflow/example_dags/tutorial_dag.py took 0.079 seconds
[2024-08-08T22:23:09.106+0400] {processor.py:157} INFO - Started process (PID=16860) to work on /home/eduardo/airflow_venv/lib/python3.10/site-packages/airflow/example_dags/tutorial_dag.py
[2024-08-08T22:23:09.109+0400] {processor.py:829} INFO - Processing file /home/eduardo/airflow_venv/lib/python3.10/site-packages/airflow/example_dags/tutorial_dag.py for tasks to queue
[2024-08-08T22:23:09.110+0400] {logging_mixin.py:151} INFO - [2024-08-08T22:23:09.110+0400] {dagbag.py:539} INFO - Filling up the DagBag from /home/eduardo/airflow_venv/lib/python3.10/site-packages/airflow/example_dags/tutorial_dag.py
[2024-08-08T22:23:09.116+0400] {processor.py:839} INFO - DAG(s) dict_keys(['tutorial_dag']) retrieved from /home/eduardo/airflow_venv/lib/python3.10/site-packages/airflow/example_dags/tutorial_dag.py
[2024-08-08T22:23:09.135+0400] {logging_mixin.py:151} INFO - [2024-08-08T22:23:09.135+0400] {dag.py:2915} INFO - Sync 1 DAGs
[2024-08-08T22:23:09.151+0400] {logging_mixin.py:151} INFO - [2024-08-08T22:23:09.150+0400] {dag.py:3696} INFO - Setting next_dagrun for tutorial_dag to None, run_after=None
[2024-08-08T22:23:09.190+0400] {processor.py:179} INFO - Processing /home/eduardo/airflow_venv/lib/python3.10/site-packages/airflow/example_dags/tutorial_dag.py took 0.088 seconds
