[2024-08-08T20:18:42.689+0400] {processor.py:157} INFO - Started process (PID=6829) to work on /home/eduardo/airflow_venv/lib/python3.10/site-packages/airflow/example_dags/tutorial_taskflow_api_virtualenv.py
[2024-08-08T20:18:42.690+0400] {processor.py:829} INFO - Processing file /home/eduardo/airflow_venv/lib/python3.10/site-packages/airflow/example_dags/tutorial_taskflow_api_virtualenv.py for tasks to queue
[2024-08-08T20:18:42.690+0400] {logging_mixin.py:151} INFO - [2024-08-08T20:18:42.690+0400] {dagbag.py:539} INFO - Filling up the DagBag from /home/eduardo/airflow_venv/lib/python3.10/site-packages/airflow/example_dags/tutorial_taskflow_api_virtualenv.py
[2024-08-08T20:18:42.735+0400] {logging_mixin.py:151} INFO - [2024-08-08T20:18:42.735+0400] {tutorial_taskflow_api_virtualenv.py:29} WARNING - The tutorial_taskflow_api_virtualenv example DAG requires virtualenv, please install it.
[2024-08-08T20:18:42.736+0400] {processor.py:841} WARNING - No viable dags retrieved from /home/eduardo/airflow_venv/lib/python3.10/site-packages/airflow/example_dags/tutorial_taskflow_api_virtualenv.py
[2024-08-08T20:18:42.745+0400] {processor.py:179} INFO - Processing /home/eduardo/airflow_venv/lib/python3.10/site-packages/airflow/example_dags/tutorial_taskflow_api_virtualenv.py took 0.059 seconds
[2024-08-08T20:19:30.578+0400] {processor.py:157} INFO - Started process (PID=6875) to work on /home/eduardo/airflow_venv/lib/python3.10/site-packages/airflow/example_dags/tutorial_taskflow_api_virtualenv.py
[2024-08-08T20:19:30.579+0400] {processor.py:829} INFO - Processing file /home/eduardo/airflow_venv/lib/python3.10/site-packages/airflow/example_dags/tutorial_taskflow_api_virtualenv.py for tasks to queue
[2024-08-08T20:19:30.580+0400] {logging_mixin.py:151} INFO - [2024-08-08T20:19:30.580+0400] {dagbag.py:539} INFO - Filling up the DagBag from /home/eduardo/airflow_venv/lib/python3.10/site-packages/airflow/example_dags/tutorial_taskflow_api_virtualenv.py
[2024-08-08T20:19:30.622+0400] {logging_mixin.py:151} INFO - [2024-08-08T20:19:30.622+0400] {tutorial_taskflow_api_virtualenv.py:29} WARNING - The tutorial_taskflow_api_virtualenv example DAG requires virtualenv, please install it.
[2024-08-08T20:19:30.622+0400] {processor.py:841} WARNING - No viable dags retrieved from /home/eduardo/airflow_venv/lib/python3.10/site-packages/airflow/example_dags/tutorial_taskflow_api_virtualenv.py
[2024-08-08T20:19:30.632+0400] {processor.py:179} INFO - Processing /home/eduardo/airflow_venv/lib/python3.10/site-packages/airflow/example_dags/tutorial_taskflow_api_virtualenv.py took 0.057 seconds
[2024-08-08T20:20:14.831+0400] {processor.py:157} INFO - Started process (PID=6923) to work on /home/eduardo/airflow_venv/lib/python3.10/site-packages/airflow/example_dags/tutorial_taskflow_api_virtualenv.py
[2024-08-08T20:20:14.832+0400] {processor.py:829} INFO - Processing file /home/eduardo/airflow_venv/lib/python3.10/site-packages/airflow/example_dags/tutorial_taskflow_api_virtualenv.py for tasks to queue
[2024-08-08T20:20:14.833+0400] {logging_mixin.py:151} INFO - [2024-08-08T20:20:14.832+0400] {dagbag.py:539} INFO - Filling up the DagBag from /home/eduardo/airflow_venv/lib/python3.10/site-packages/airflow/example_dags/tutorial_taskflow_api_virtualenv.py
[2024-08-08T20:20:14.878+0400] {logging_mixin.py:151} INFO - [2024-08-08T20:20:14.877+0400] {tutorial_taskflow_api_virtualenv.py:29} WARNING - The tutorial_taskflow_api_virtualenv example DAG requires virtualenv, please install it.
[2024-08-08T20:20:14.878+0400] {processor.py:841} WARNING - No viable dags retrieved from /home/eduardo/airflow_venv/lib/python3.10/site-packages/airflow/example_dags/tutorial_taskflow_api_virtualenv.py
[2024-08-08T20:20:14.884+0400] {processor.py:179} INFO - Processing /home/eduardo/airflow_venv/lib/python3.10/site-packages/airflow/example_dags/tutorial_taskflow_api_virtualenv.py took 0.056 seconds
[2024-08-08T20:20:57.797+0400] {processor.py:157} INFO - Started process (PID=6969) to work on /home/eduardo/airflow_venv/lib/python3.10/site-packages/airflow/example_dags/tutorial_taskflow_api_virtualenv.py
[2024-08-08T20:20:57.798+0400] {processor.py:829} INFO - Processing file /home/eduardo/airflow_venv/lib/python3.10/site-packages/airflow/example_dags/tutorial_taskflow_api_virtualenv.py for tasks to queue
[2024-08-08T20:20:57.799+0400] {logging_mixin.py:151} INFO - [2024-08-08T20:20:57.799+0400] {dagbag.py:539} INFO - Filling up the DagBag from /home/eduardo/airflow_venv/lib/python3.10/site-packages/airflow/example_dags/tutorial_taskflow_api_virtualenv.py
[2024-08-08T20:20:57.826+0400] {logging_mixin.py:151} INFO - [2024-08-08T20:20:57.826+0400] {tutorial_taskflow_api_virtualenv.py:29} WARNING - The tutorial_taskflow_api_virtualenv example DAG requires virtualenv, please install it.
[2024-08-08T20:20:57.827+0400] {processor.py:841} WARNING - No viable dags retrieved from /home/eduardo/airflow_venv/lib/python3.10/site-packages/airflow/example_dags/tutorial_taskflow_api_virtualenv.py
[2024-08-08T20:20:57.833+0400] {processor.py:179} INFO - Processing /home/eduardo/airflow_venv/lib/python3.10/site-packages/airflow/example_dags/tutorial_taskflow_api_virtualenv.py took 0.038 seconds
[2024-08-08T20:21:40.594+0400] {processor.py:157} INFO - Started process (PID=7015) to work on /home/eduardo/airflow_venv/lib/python3.10/site-packages/airflow/example_dags/tutorial_taskflow_api_virtualenv.py
[2024-08-08T20:21:40.595+0400] {processor.py:829} INFO - Processing file /home/eduardo/airflow_venv/lib/python3.10/site-packages/airflow/example_dags/tutorial_taskflow_api_virtualenv.py for tasks to queue
[2024-08-08T20:21:40.596+0400] {logging_mixin.py:151} INFO - [2024-08-08T20:21:40.595+0400] {dagbag.py:539} INFO - Filling up the DagBag from /home/eduardo/airflow_venv/lib/python3.10/site-packages/airflow/example_dags/tutorial_taskflow_api_virtualenv.py
[2024-08-08T20:21:40.629+0400] {logging_mixin.py:151} INFO - [2024-08-08T20:21:40.629+0400] {tutorial_taskflow_api_virtualenv.py:29} WARNING - The tutorial_taskflow_api_virtualenv example DAG requires virtualenv, please install it.
[2024-08-08T20:21:40.629+0400] {processor.py:841} WARNING - No viable dags retrieved from /home/eduardo/airflow_venv/lib/python3.10/site-packages/airflow/example_dags/tutorial_taskflow_api_virtualenv.py
[2024-08-08T20:21:40.639+0400] {processor.py:179} INFO - Processing /home/eduardo/airflow_venv/lib/python3.10/site-packages/airflow/example_dags/tutorial_taskflow_api_virtualenv.py took 0.047 seconds
[2024-08-08T20:22:25.661+0400] {processor.py:157} INFO - Started process (PID=7061) to work on /home/eduardo/airflow_venv/lib/python3.10/site-packages/airflow/example_dags/tutorial_taskflow_api_virtualenv.py
[2024-08-08T20:22:25.662+0400] {processor.py:829} INFO - Processing file /home/eduardo/airflow_venv/lib/python3.10/site-packages/airflow/example_dags/tutorial_taskflow_api_virtualenv.py for tasks to queue
[2024-08-08T20:22:25.663+0400] {logging_mixin.py:151} INFO - [2024-08-08T20:22:25.663+0400] {dagbag.py:539} INFO - Filling up the DagBag from /home/eduardo/airflow_venv/lib/python3.10/site-packages/airflow/example_dags/tutorial_taskflow_api_virtualenv.py
[2024-08-08T20:22:25.709+0400] {logging_mixin.py:151} INFO - [2024-08-08T20:22:25.708+0400] {tutorial_taskflow_api_virtualenv.py:29} WARNING - The tutorial_taskflow_api_virtualenv example DAG requires virtualenv, please install it.
[2024-08-08T20:22:25.709+0400] {processor.py:841} WARNING - No viable dags retrieved from /home/eduardo/airflow_venv/lib/python3.10/site-packages/airflow/example_dags/tutorial_taskflow_api_virtualenv.py
[2024-08-08T20:22:25.719+0400] {processor.py:179} INFO - Processing /home/eduardo/airflow_venv/lib/python3.10/site-packages/airflow/example_dags/tutorial_taskflow_api_virtualenv.py took 0.061 seconds
[2024-08-08T20:23:10.840+0400] {processor.py:157} INFO - Started process (PID=7127) to work on /home/eduardo/airflow_venv/lib/python3.10/site-packages/airflow/example_dags/tutorial_taskflow_api_virtualenv.py
[2024-08-08T20:23:10.841+0400] {processor.py:829} INFO - Processing file /home/eduardo/airflow_venv/lib/python3.10/site-packages/airflow/example_dags/tutorial_taskflow_api_virtualenv.py for tasks to queue
[2024-08-08T20:23:10.842+0400] {logging_mixin.py:151} INFO - [2024-08-08T20:23:10.841+0400] {dagbag.py:539} INFO - Filling up the DagBag from /home/eduardo/airflow_venv/lib/python3.10/site-packages/airflow/example_dags/tutorial_taskflow_api_virtualenv.py
[2024-08-08T20:23:10.876+0400] {logging_mixin.py:151} INFO - [2024-08-08T20:23:10.876+0400] {tutorial_taskflow_api_virtualenv.py:29} WARNING - The tutorial_taskflow_api_virtualenv example DAG requires virtualenv, please install it.
[2024-08-08T20:23:10.876+0400] {processor.py:841} WARNING - No viable dags retrieved from /home/eduardo/airflow_venv/lib/python3.10/site-packages/airflow/example_dags/tutorial_taskflow_api_virtualenv.py
[2024-08-08T20:23:10.885+0400] {processor.py:179} INFO - Processing /home/eduardo/airflow_venv/lib/python3.10/site-packages/airflow/example_dags/tutorial_taskflow_api_virtualenv.py took 0.048 seconds
[2024-08-08T20:23:54.314+0400] {processor.py:157} INFO - Started process (PID=7174) to work on /home/eduardo/airflow_venv/lib/python3.10/site-packages/airflow/example_dags/tutorial_taskflow_api_virtualenv.py
[2024-08-08T20:23:54.315+0400] {processor.py:829} INFO - Processing file /home/eduardo/airflow_venv/lib/python3.10/site-packages/airflow/example_dags/tutorial_taskflow_api_virtualenv.py for tasks to queue
[2024-08-08T20:23:54.316+0400] {logging_mixin.py:151} INFO - [2024-08-08T20:23:54.316+0400] {dagbag.py:539} INFO - Filling up the DagBag from /home/eduardo/airflow_venv/lib/python3.10/site-packages/airflow/example_dags/tutorial_taskflow_api_virtualenv.py
[2024-08-08T20:23:54.351+0400] {logging_mixin.py:151} INFO - [2024-08-08T20:23:54.351+0400] {tutorial_taskflow_api_virtualenv.py:29} WARNING - The tutorial_taskflow_api_virtualenv example DAG requires virtualenv, please install it.
[2024-08-08T20:23:54.352+0400] {processor.py:841} WARNING - No viable dags retrieved from /home/eduardo/airflow_venv/lib/python3.10/site-packages/airflow/example_dags/tutorial_taskflow_api_virtualenv.py
[2024-08-08T20:23:54.360+0400] {processor.py:179} INFO - Processing /home/eduardo/airflow_venv/lib/python3.10/site-packages/airflow/example_dags/tutorial_taskflow_api_virtualenv.py took 0.048 seconds
[2024-08-08T20:24:39.647+0400] {processor.py:157} INFO - Started process (PID=7221) to work on /home/eduardo/airflow_venv/lib/python3.10/site-packages/airflow/example_dags/tutorial_taskflow_api_virtualenv.py
[2024-08-08T20:24:39.648+0400] {processor.py:829} INFO - Processing file /home/eduardo/airflow_venv/lib/python3.10/site-packages/airflow/example_dags/tutorial_taskflow_api_virtualenv.py for tasks to queue
[2024-08-08T20:24:39.649+0400] {logging_mixin.py:151} INFO - [2024-08-08T20:24:39.649+0400] {dagbag.py:539} INFO - Filling up the DagBag from /home/eduardo/airflow_venv/lib/python3.10/site-packages/airflow/example_dags/tutorial_taskflow_api_virtualenv.py
[2024-08-08T20:24:39.688+0400] {logging_mixin.py:151} INFO - [2024-08-08T20:24:39.687+0400] {tutorial_taskflow_api_virtualenv.py:29} WARNING - The tutorial_taskflow_api_virtualenv example DAG requires virtualenv, please install it.
[2024-08-08T20:24:39.688+0400] {processor.py:841} WARNING - No viable dags retrieved from /home/eduardo/airflow_venv/lib/python3.10/site-packages/airflow/example_dags/tutorial_taskflow_api_virtualenv.py
[2024-08-08T20:24:39.696+0400] {processor.py:179} INFO - Processing /home/eduardo/airflow_venv/lib/python3.10/site-packages/airflow/example_dags/tutorial_taskflow_api_virtualenv.py took 0.052 seconds
[2024-08-08T20:25:28.699+0400] {processor.py:157} INFO - Started process (PID=7280) to work on /home/eduardo/airflow_venv/lib/python3.10/site-packages/airflow/example_dags/tutorial_taskflow_api_virtualenv.py
[2024-08-08T20:25:28.700+0400] {processor.py:829} INFO - Processing file /home/eduardo/airflow_venv/lib/python3.10/site-packages/airflow/example_dags/tutorial_taskflow_api_virtualenv.py for tasks to queue
[2024-08-08T20:25:28.700+0400] {logging_mixin.py:151} INFO - [2024-08-08T20:25:28.700+0400] {dagbag.py:539} INFO - Filling up the DagBag from /home/eduardo/airflow_venv/lib/python3.10/site-packages/airflow/example_dags/tutorial_taskflow_api_virtualenv.py
[2024-08-08T20:25:28.735+0400] {logging_mixin.py:151} INFO - [2024-08-08T20:25:28.735+0400] {tutorial_taskflow_api_virtualenv.py:29} WARNING - The tutorial_taskflow_api_virtualenv example DAG requires virtualenv, please install it.
[2024-08-08T20:25:28.735+0400] {processor.py:841} WARNING - No viable dags retrieved from /home/eduardo/airflow_venv/lib/python3.10/site-packages/airflow/example_dags/tutorial_taskflow_api_virtualenv.py
[2024-08-08T20:25:28.742+0400] {processor.py:179} INFO - Processing /home/eduardo/airflow_venv/lib/python3.10/site-packages/airflow/example_dags/tutorial_taskflow_api_virtualenv.py took 0.046 seconds
[2024-08-08T20:26:12.913+0400] {processor.py:157} INFO - Started process (PID=7326) to work on /home/eduardo/airflow_venv/lib/python3.10/site-packages/airflow/example_dags/tutorial_taskflow_api_virtualenv.py
[2024-08-08T20:26:12.915+0400] {processor.py:829} INFO - Processing file /home/eduardo/airflow_venv/lib/python3.10/site-packages/airflow/example_dags/tutorial_taskflow_api_virtualenv.py for tasks to queue
[2024-08-08T20:26:12.915+0400] {logging_mixin.py:151} INFO - [2024-08-08T20:26:12.915+0400] {dagbag.py:539} INFO - Filling up the DagBag from /home/eduardo/airflow_venv/lib/python3.10/site-packages/airflow/example_dags/tutorial_taskflow_api_virtualenv.py
[2024-08-08T20:26:12.955+0400] {logging_mixin.py:151} INFO - [2024-08-08T20:26:12.954+0400] {tutorial_taskflow_api_virtualenv.py:29} WARNING - The tutorial_taskflow_api_virtualenv example DAG requires virtualenv, please install it.
[2024-08-08T20:26:12.955+0400] {processor.py:841} WARNING - No viable dags retrieved from /home/eduardo/airflow_venv/lib/python3.10/site-packages/airflow/example_dags/tutorial_taskflow_api_virtualenv.py
[2024-08-08T20:26:12.964+0400] {processor.py:179} INFO - Processing /home/eduardo/airflow_venv/lib/python3.10/site-packages/airflow/example_dags/tutorial_taskflow_api_virtualenv.py took 0.053 seconds
[2024-08-08T22:09:54.726+0400] {processor.py:157} INFO - Started process (PID=9653) to work on /home/eduardo/airflow_venv/lib/python3.10/site-packages/airflow/example_dags/tutorial_taskflow_api_virtualenv.py
[2024-08-08T22:09:54.728+0400] {processor.py:829} INFO - Processing file /home/eduardo/airflow_venv/lib/python3.10/site-packages/airflow/example_dags/tutorial_taskflow_api_virtualenv.py for tasks to queue
[2024-08-08T22:09:54.729+0400] {logging_mixin.py:151} INFO - [2024-08-08T22:09:54.729+0400] {dagbag.py:539} INFO - Filling up the DagBag from /home/eduardo/airflow_venv/lib/python3.10/site-packages/airflow/example_dags/tutorial_taskflow_api_virtualenv.py
[2024-08-08T22:09:54.773+0400] {logging_mixin.py:151} INFO - [2024-08-08T22:09:54.772+0400] {tutorial_taskflow_api_virtualenv.py:29} WARNING - The tutorial_taskflow_api_virtualenv example DAG requires virtualenv, please install it.
[2024-08-08T22:09:54.773+0400] {processor.py:841} WARNING - No viable dags retrieved from /home/eduardo/airflow_venv/lib/python3.10/site-packages/airflow/example_dags/tutorial_taskflow_api_virtualenv.py
[2024-08-08T22:09:54.783+0400] {processor.py:179} INFO - Processing /home/eduardo/airflow_venv/lib/python3.10/site-packages/airflow/example_dags/tutorial_taskflow_api_virtualenv.py took 0.061 seconds
[2024-08-08T22:10:41.447+0400] {processor.py:157} INFO - Started process (PID=10161) to work on /home/eduardo/airflow_venv/lib/python3.10/site-packages/airflow/example_dags/tutorial_taskflow_api_virtualenv.py
[2024-08-08T22:10:41.451+0400] {processor.py:829} INFO - Processing file /home/eduardo/airflow_venv/lib/python3.10/site-packages/airflow/example_dags/tutorial_taskflow_api_virtualenv.py for tasks to queue
[2024-08-08T22:10:41.453+0400] {logging_mixin.py:151} INFO - [2024-08-08T22:10:41.452+0400] {dagbag.py:539} INFO - Filling up the DagBag from /home/eduardo/airflow_venv/lib/python3.10/site-packages/airflow/example_dags/tutorial_taskflow_api_virtualenv.py
[2024-08-08T22:10:41.514+0400] {logging_mixin.py:151} INFO - [2024-08-08T22:10:41.513+0400] {tutorial_taskflow_api_virtualenv.py:29} WARNING - The tutorial_taskflow_api_virtualenv example DAG requires virtualenv, please install it.
[2024-08-08T22:10:41.516+0400] {processor.py:841} WARNING - No viable dags retrieved from /home/eduardo/airflow_venv/lib/python3.10/site-packages/airflow/example_dags/tutorial_taskflow_api_virtualenv.py
[2024-08-08T22:10:41.538+0400] {processor.py:179} INFO - Processing /home/eduardo/airflow_venv/lib/python3.10/site-packages/airflow/example_dags/tutorial_taskflow_api_virtualenv.py took 0.097 seconds
[2024-08-08T22:11:33.538+0400] {processor.py:157} INFO - Started process (PID=10731) to work on /home/eduardo/airflow_venv/lib/python3.10/site-packages/airflow/example_dags/tutorial_taskflow_api_virtualenv.py
[2024-08-08T22:11:33.542+0400] {processor.py:829} INFO - Processing file /home/eduardo/airflow_venv/lib/python3.10/site-packages/airflow/example_dags/tutorial_taskflow_api_virtualenv.py for tasks to queue
[2024-08-08T22:11:33.542+0400] {logging_mixin.py:151} INFO - [2024-08-08T22:11:33.542+0400] {dagbag.py:539} INFO - Filling up the DagBag from /home/eduardo/airflow_venv/lib/python3.10/site-packages/airflow/example_dags/tutorial_taskflow_api_virtualenv.py
[2024-08-08T22:11:33.620+0400] {logging_mixin.py:151} INFO - [2024-08-08T22:11:33.619+0400] {tutorial_taskflow_api_virtualenv.py:29} WARNING - The tutorial_taskflow_api_virtualenv example DAG requires virtualenv, please install it.
[2024-08-08T22:11:33.620+0400] {processor.py:841} WARNING - No viable dags retrieved from /home/eduardo/airflow_venv/lib/python3.10/site-packages/airflow/example_dags/tutorial_taskflow_api_virtualenv.py
[2024-08-08T22:11:33.633+0400] {processor.py:179} INFO - Processing /home/eduardo/airflow_venv/lib/python3.10/site-packages/airflow/example_dags/tutorial_taskflow_api_virtualenv.py took 0.100 seconds
[2024-08-08T22:12:23.799+0400] {processor.py:157} INFO - Started process (PID=11121) to work on /home/eduardo/airflow_venv/lib/python3.10/site-packages/airflow/example_dags/tutorial_taskflow_api_virtualenv.py
[2024-08-08T22:12:23.802+0400] {processor.py:829} INFO - Processing file /home/eduardo/airflow_venv/lib/python3.10/site-packages/airflow/example_dags/tutorial_taskflow_api_virtualenv.py for tasks to queue
[2024-08-08T22:12:23.803+0400] {logging_mixin.py:151} INFO - [2024-08-08T22:12:23.802+0400] {dagbag.py:539} INFO - Filling up the DagBag from /home/eduardo/airflow_venv/lib/python3.10/site-packages/airflow/example_dags/tutorial_taskflow_api_virtualenv.py
[2024-08-08T22:12:23.901+0400] {logging_mixin.py:151} INFO - [2024-08-08T22:12:23.900+0400] {tutorial_taskflow_api_virtualenv.py:29} WARNING - The tutorial_taskflow_api_virtualenv example DAG requires virtualenv, please install it.
[2024-08-08T22:12:23.901+0400] {processor.py:841} WARNING - No viable dags retrieved from /home/eduardo/airflow_venv/lib/python3.10/site-packages/airflow/example_dags/tutorial_taskflow_api_virtualenv.py
[2024-08-08T22:12:23.915+0400] {processor.py:179} INFO - Processing /home/eduardo/airflow_venv/lib/python3.10/site-packages/airflow/example_dags/tutorial_taskflow_api_virtualenv.py took 0.121 seconds
[2024-08-08T22:13:10.982+0400] {processor.py:157} INFO - Started process (PID=11484) to work on /home/eduardo/airflow_venv/lib/python3.10/site-packages/airflow/example_dags/tutorial_taskflow_api_virtualenv.py
[2024-08-08T22:13:10.985+0400] {processor.py:829} INFO - Processing file /home/eduardo/airflow_venv/lib/python3.10/site-packages/airflow/example_dags/tutorial_taskflow_api_virtualenv.py for tasks to queue
[2024-08-08T22:13:10.986+0400] {logging_mixin.py:151} INFO - [2024-08-08T22:13:10.985+0400] {dagbag.py:539} INFO - Filling up the DagBag from /home/eduardo/airflow_venv/lib/python3.10/site-packages/airflow/example_dags/tutorial_taskflow_api_virtualenv.py
[2024-08-08T22:13:11.039+0400] {logging_mixin.py:151} INFO - [2024-08-08T22:13:11.039+0400] {tutorial_taskflow_api_virtualenv.py:29} WARNING - The tutorial_taskflow_api_virtualenv example DAG requires virtualenv, please install it.
[2024-08-08T22:13:11.040+0400] {processor.py:841} WARNING - No viable dags retrieved from /home/eduardo/airflow_venv/lib/python3.10/site-packages/airflow/example_dags/tutorial_taskflow_api_virtualenv.py
[2024-08-08T22:13:11.048+0400] {processor.py:179} INFO - Processing /home/eduardo/airflow_venv/lib/python3.10/site-packages/airflow/example_dags/tutorial_taskflow_api_virtualenv.py took 0.069 seconds
[2024-08-08T22:13:56.875+0400] {processor.py:157} INFO - Started process (PID=11994) to work on /home/eduardo/airflow_venv/lib/python3.10/site-packages/airflow/example_dags/tutorial_taskflow_api_virtualenv.py
[2024-08-08T22:13:56.878+0400] {processor.py:829} INFO - Processing file /home/eduardo/airflow_venv/lib/python3.10/site-packages/airflow/example_dags/tutorial_taskflow_api_virtualenv.py for tasks to queue
[2024-08-08T22:13:56.879+0400] {logging_mixin.py:151} INFO - [2024-08-08T22:13:56.878+0400] {dagbag.py:539} INFO - Filling up the DagBag from /home/eduardo/airflow_venv/lib/python3.10/site-packages/airflow/example_dags/tutorial_taskflow_api_virtualenv.py
[2024-08-08T22:13:56.937+0400] {logging_mixin.py:151} INFO - [2024-08-08T22:13:56.936+0400] {tutorial_taskflow_api_virtualenv.py:29} WARNING - The tutorial_taskflow_api_virtualenv example DAG requires virtualenv, please install it.
[2024-08-08T22:13:56.937+0400] {processor.py:841} WARNING - No viable dags retrieved from /home/eduardo/airflow_venv/lib/python3.10/site-packages/airflow/example_dags/tutorial_taskflow_api_virtualenv.py
[2024-08-08T22:13:56.948+0400] {processor.py:179} INFO - Processing /home/eduardo/airflow_venv/lib/python3.10/site-packages/airflow/example_dags/tutorial_taskflow_api_virtualenv.py took 0.075 seconds
[2024-08-08T22:14:43.770+0400] {processor.py:157} INFO - Started process (PID=12495) to work on /home/eduardo/airflow_venv/lib/python3.10/site-packages/airflow/example_dags/tutorial_taskflow_api_virtualenv.py
[2024-08-08T22:14:43.772+0400] {processor.py:829} INFO - Processing file /home/eduardo/airflow_venv/lib/python3.10/site-packages/airflow/example_dags/tutorial_taskflow_api_virtualenv.py for tasks to queue
[2024-08-08T22:14:43.773+0400] {logging_mixin.py:151} INFO - [2024-08-08T22:14:43.773+0400] {dagbag.py:539} INFO - Filling up the DagBag from /home/eduardo/airflow_venv/lib/python3.10/site-packages/airflow/example_dags/tutorial_taskflow_api_virtualenv.py
[2024-08-08T22:14:43.849+0400] {logging_mixin.py:151} INFO - [2024-08-08T22:14:43.849+0400] {tutorial_taskflow_api_virtualenv.py:29} WARNING - The tutorial_taskflow_api_virtualenv example DAG requires virtualenv, please install it.
[2024-08-08T22:14:43.849+0400] {processor.py:841} WARNING - No viable dags retrieved from /home/eduardo/airflow_venv/lib/python3.10/site-packages/airflow/example_dags/tutorial_taskflow_api_virtualenv.py
[2024-08-08T22:14:43.858+0400] {processor.py:179} INFO - Processing /home/eduardo/airflow_venv/lib/python3.10/site-packages/airflow/example_dags/tutorial_taskflow_api_virtualenv.py took 0.091 seconds
[2024-08-08T22:15:35.861+0400] {processor.py:157} INFO - Started process (PID=12958) to work on /home/eduardo/airflow_venv/lib/python3.10/site-packages/airflow/example_dags/tutorial_taskflow_api_virtualenv.py
[2024-08-08T22:15:35.864+0400] {processor.py:829} INFO - Processing file /home/eduardo/airflow_venv/lib/python3.10/site-packages/airflow/example_dags/tutorial_taskflow_api_virtualenv.py for tasks to queue
[2024-08-08T22:15:35.865+0400] {logging_mixin.py:151} INFO - [2024-08-08T22:15:35.864+0400] {dagbag.py:539} INFO - Filling up the DagBag from /home/eduardo/airflow_venv/lib/python3.10/site-packages/airflow/example_dags/tutorial_taskflow_api_virtualenv.py
[2024-08-08T22:15:35.942+0400] {logging_mixin.py:151} INFO - [2024-08-08T22:15:35.942+0400] {tutorial_taskflow_api_virtualenv.py:29} WARNING - The tutorial_taskflow_api_virtualenv example DAG requires virtualenv, please install it.
[2024-08-08T22:15:35.942+0400] {processor.py:841} WARNING - No viable dags retrieved from /home/eduardo/airflow_venv/lib/python3.10/site-packages/airflow/example_dags/tutorial_taskflow_api_virtualenv.py
[2024-08-08T22:15:35.952+0400] {processor.py:179} INFO - Processing /home/eduardo/airflow_venv/lib/python3.10/site-packages/airflow/example_dags/tutorial_taskflow_api_virtualenv.py took 0.094 seconds
[2024-08-08T22:16:25.483+0400] {processor.py:157} INFO - Started process (PID=13374) to work on /home/eduardo/airflow_venv/lib/python3.10/site-packages/airflow/example_dags/tutorial_taskflow_api_virtualenv.py
[2024-08-08T22:16:25.485+0400] {processor.py:829} INFO - Processing file /home/eduardo/airflow_venv/lib/python3.10/site-packages/airflow/example_dags/tutorial_taskflow_api_virtualenv.py for tasks to queue
[2024-08-08T22:16:25.486+0400] {logging_mixin.py:151} INFO - [2024-08-08T22:16:25.486+0400] {dagbag.py:539} INFO - Filling up the DagBag from /home/eduardo/airflow_venv/lib/python3.10/site-packages/airflow/example_dags/tutorial_taskflow_api_virtualenv.py
[2024-08-08T22:16:25.550+0400] {logging_mixin.py:151} INFO - [2024-08-08T22:16:25.550+0400] {tutorial_taskflow_api_virtualenv.py:29} WARNING - The tutorial_taskflow_api_virtualenv example DAG requires virtualenv, please install it.
[2024-08-08T22:16:25.551+0400] {processor.py:841} WARNING - No viable dags retrieved from /home/eduardo/airflow_venv/lib/python3.10/site-packages/airflow/example_dags/tutorial_taskflow_api_virtualenv.py
[2024-08-08T22:16:25.564+0400] {processor.py:179} INFO - Processing /home/eduardo/airflow_venv/lib/python3.10/site-packages/airflow/example_dags/tutorial_taskflow_api_virtualenv.py took 0.084 seconds
[2024-08-08T22:17:18.046+0400] {processor.py:157} INFO - Started process (PID=13985) to work on /home/eduardo/airflow_venv/lib/python3.10/site-packages/airflow/example_dags/tutorial_taskflow_api_virtualenv.py
[2024-08-08T22:17:18.049+0400] {processor.py:829} INFO - Processing file /home/eduardo/airflow_venv/lib/python3.10/site-packages/airflow/example_dags/tutorial_taskflow_api_virtualenv.py for tasks to queue
[2024-08-08T22:17:18.051+0400] {logging_mixin.py:151} INFO - [2024-08-08T22:17:18.050+0400] {dagbag.py:539} INFO - Filling up the DagBag from /home/eduardo/airflow_venv/lib/python3.10/site-packages/airflow/example_dags/tutorial_taskflow_api_virtualenv.py
[2024-08-08T22:17:18.108+0400] {logging_mixin.py:151} INFO - [2024-08-08T22:17:18.108+0400] {tutorial_taskflow_api_virtualenv.py:29} WARNING - The tutorial_taskflow_api_virtualenv example DAG requires virtualenv, please install it.
[2024-08-08T22:17:18.108+0400] {processor.py:841} WARNING - No viable dags retrieved from /home/eduardo/airflow_venv/lib/python3.10/site-packages/airflow/example_dags/tutorial_taskflow_api_virtualenv.py
[2024-08-08T22:17:18.122+0400] {processor.py:179} INFO - Processing /home/eduardo/airflow_venv/lib/python3.10/site-packages/airflow/example_dags/tutorial_taskflow_api_virtualenv.py took 0.082 seconds
[2024-08-08T22:18:10.399+0400] {processor.py:157} INFO - Started process (PID=14390) to work on /home/eduardo/airflow_venv/lib/python3.10/site-packages/airflow/example_dags/tutorial_taskflow_api_virtualenv.py
[2024-08-08T22:18:10.402+0400] {processor.py:829} INFO - Processing file /home/eduardo/airflow_venv/lib/python3.10/site-packages/airflow/example_dags/tutorial_taskflow_api_virtualenv.py for tasks to queue
[2024-08-08T22:18:10.404+0400] {logging_mixin.py:151} INFO - [2024-08-08T22:18:10.403+0400] {dagbag.py:539} INFO - Filling up the DagBag from /home/eduardo/airflow_venv/lib/python3.10/site-packages/airflow/example_dags/tutorial_taskflow_api_virtualenv.py
[2024-08-08T22:18:10.479+0400] {logging_mixin.py:151} INFO - [2024-08-08T22:18:10.479+0400] {tutorial_taskflow_api_virtualenv.py:29} WARNING - The tutorial_taskflow_api_virtualenv example DAG requires virtualenv, please install it.
[2024-08-08T22:18:10.479+0400] {processor.py:841} WARNING - No viable dags retrieved from /home/eduardo/airflow_venv/lib/python3.10/site-packages/airflow/example_dags/tutorial_taskflow_api_virtualenv.py
[2024-08-08T22:18:10.494+0400] {processor.py:179} INFO - Processing /home/eduardo/airflow_venv/lib/python3.10/site-packages/airflow/example_dags/tutorial_taskflow_api_virtualenv.py took 0.099 seconds
[2024-08-08T22:19:04.450+0400] {processor.py:157} INFO - Started process (PID=14811) to work on /home/eduardo/airflow_venv/lib/python3.10/site-packages/airflow/example_dags/tutorial_taskflow_api_virtualenv.py
[2024-08-08T22:19:04.453+0400] {processor.py:829} INFO - Processing file /home/eduardo/airflow_venv/lib/python3.10/site-packages/airflow/example_dags/tutorial_taskflow_api_virtualenv.py for tasks to queue
[2024-08-08T22:19:04.454+0400] {logging_mixin.py:151} INFO - [2024-08-08T22:19:04.454+0400] {dagbag.py:539} INFO - Filling up the DagBag from /home/eduardo/airflow_venv/lib/python3.10/site-packages/airflow/example_dags/tutorial_taskflow_api_virtualenv.py
[2024-08-08T22:19:04.492+0400] {logging_mixin.py:151} INFO - [2024-08-08T22:19:04.492+0400] {tutorial_taskflow_api_virtualenv.py:29} WARNING - The tutorial_taskflow_api_virtualenv example DAG requires virtualenv, please install it.
[2024-08-08T22:19:04.492+0400] {processor.py:841} WARNING - No viable dags retrieved from /home/eduardo/airflow_venv/lib/python3.10/site-packages/airflow/example_dags/tutorial_taskflow_api_virtualenv.py
[2024-08-08T22:19:04.504+0400] {processor.py:179} INFO - Processing /home/eduardo/airflow_venv/lib/python3.10/site-packages/airflow/example_dags/tutorial_taskflow_api_virtualenv.py took 0.057 seconds
[2024-08-08T22:19:51.635+0400] {processor.py:157} INFO - Started process (PID=15202) to work on /home/eduardo/airflow_venv/lib/python3.10/site-packages/airflow/example_dags/tutorial_taskflow_api_virtualenv.py
[2024-08-08T22:19:51.638+0400] {processor.py:829} INFO - Processing file /home/eduardo/airflow_venv/lib/python3.10/site-packages/airflow/example_dags/tutorial_taskflow_api_virtualenv.py for tasks to queue
[2024-08-08T22:19:51.639+0400] {logging_mixin.py:151} INFO - [2024-08-08T22:19:51.638+0400] {dagbag.py:539} INFO - Filling up the DagBag from /home/eduardo/airflow_venv/lib/python3.10/site-packages/airflow/example_dags/tutorial_taskflow_api_virtualenv.py
[2024-08-08T22:19:51.724+0400] {logging_mixin.py:151} INFO - [2024-08-08T22:19:51.723+0400] {tutorial_taskflow_api_virtualenv.py:29} WARNING - The tutorial_taskflow_api_virtualenv example DAG requires virtualenv, please install it.
[2024-08-08T22:19:51.724+0400] {processor.py:841} WARNING - No viable dags retrieved from /home/eduardo/airflow_venv/lib/python3.10/site-packages/airflow/example_dags/tutorial_taskflow_api_virtualenv.py
[2024-08-08T22:19:51.735+0400] {processor.py:179} INFO - Processing /home/eduardo/airflow_venv/lib/python3.10/site-packages/airflow/example_dags/tutorial_taskflow_api_virtualenv.py took 0.104 seconds
[2024-08-08T22:20:43.633+0400] {processor.py:157} INFO - Started process (PID=15609) to work on /home/eduardo/airflow_venv/lib/python3.10/site-packages/airflow/example_dags/tutorial_taskflow_api_virtualenv.py
[2024-08-08T22:20:43.636+0400] {processor.py:829} INFO - Processing file /home/eduardo/airflow_venv/lib/python3.10/site-packages/airflow/example_dags/tutorial_taskflow_api_virtualenv.py for tasks to queue
[2024-08-08T22:20:43.637+0400] {logging_mixin.py:151} INFO - [2024-08-08T22:20:43.637+0400] {dagbag.py:539} INFO - Filling up the DagBag from /home/eduardo/airflow_venv/lib/python3.10/site-packages/airflow/example_dags/tutorial_taskflow_api_virtualenv.py
[2024-08-08T22:20:43.670+0400] {logging_mixin.py:151} INFO - [2024-08-08T22:20:43.670+0400] {tutorial_taskflow_api_virtualenv.py:29} WARNING - The tutorial_taskflow_api_virtualenv example DAG requires virtualenv, please install it.
[2024-08-08T22:20:43.670+0400] {processor.py:841} WARNING - No viable dags retrieved from /home/eduardo/airflow_venv/lib/python3.10/site-packages/airflow/example_dags/tutorial_taskflow_api_virtualenv.py
[2024-08-08T22:20:43.679+0400] {processor.py:179} INFO - Processing /home/eduardo/airflow_venv/lib/python3.10/site-packages/airflow/example_dags/tutorial_taskflow_api_virtualenv.py took 0.050 seconds
[2024-08-08T22:21:36.268+0400] {processor.py:157} INFO - Started process (PID=16140) to work on /home/eduardo/airflow_venv/lib/python3.10/site-packages/airflow/example_dags/tutorial_taskflow_api_virtualenv.py
[2024-08-08T22:21:36.271+0400] {processor.py:829} INFO - Processing file /home/eduardo/airflow_venv/lib/python3.10/site-packages/airflow/example_dags/tutorial_taskflow_api_virtualenv.py for tasks to queue
[2024-08-08T22:21:36.272+0400] {logging_mixin.py:151} INFO - [2024-08-08T22:21:36.271+0400] {dagbag.py:539} INFO - Filling up the DagBag from /home/eduardo/airflow_venv/lib/python3.10/site-packages/airflow/example_dags/tutorial_taskflow_api_virtualenv.py
[2024-08-08T22:21:36.347+0400] {logging_mixin.py:151} INFO - [2024-08-08T22:21:36.346+0400] {tutorial_taskflow_api_virtualenv.py:29} WARNING - The tutorial_taskflow_api_virtualenv example DAG requires virtualenv, please install it.
[2024-08-08T22:21:36.347+0400] {processor.py:841} WARNING - No viable dags retrieved from /home/eduardo/airflow_venv/lib/python3.10/site-packages/airflow/example_dags/tutorial_taskflow_api_virtualenv.py
[2024-08-08T22:21:36.355+0400] {processor.py:179} INFO - Processing /home/eduardo/airflow_venv/lib/python3.10/site-packages/airflow/example_dags/tutorial_taskflow_api_virtualenv.py took 0.091 seconds
[2024-08-08T22:22:28.040+0400] {processor.py:157} INFO - Started process (PID=16537) to work on /home/eduardo/airflow_venv/lib/python3.10/site-packages/airflow/example_dags/tutorial_taskflow_api_virtualenv.py
[2024-08-08T22:22:28.043+0400] {processor.py:829} INFO - Processing file /home/eduardo/airflow_venv/lib/python3.10/site-packages/airflow/example_dags/tutorial_taskflow_api_virtualenv.py for tasks to queue
[2024-08-08T22:22:28.044+0400] {logging_mixin.py:151} INFO - [2024-08-08T22:22:28.043+0400] {dagbag.py:539} INFO - Filling up the DagBag from /home/eduardo/airflow_venv/lib/python3.10/site-packages/airflow/example_dags/tutorial_taskflow_api_virtualenv.py
[2024-08-08T22:22:28.128+0400] {logging_mixin.py:151} INFO - [2024-08-08T22:22:28.127+0400] {tutorial_taskflow_api_virtualenv.py:29} WARNING - The tutorial_taskflow_api_virtualenv example DAG requires virtualenv, please install it.
[2024-08-08T22:22:28.128+0400] {processor.py:841} WARNING - No viable dags retrieved from /home/eduardo/airflow_venv/lib/python3.10/site-packages/airflow/example_dags/tutorial_taskflow_api_virtualenv.py
[2024-08-08T22:22:28.141+0400] {processor.py:179} INFO - Processing /home/eduardo/airflow_venv/lib/python3.10/site-packages/airflow/example_dags/tutorial_taskflow_api_virtualenv.py took 0.105 seconds
[2024-08-08T22:23:18.534+0400] {processor.py:157} INFO - Started process (PID=16969) to work on /home/eduardo/airflow_venv/lib/python3.10/site-packages/airflow/example_dags/tutorial_taskflow_api_virtualenv.py
[2024-08-08T22:23:18.537+0400] {processor.py:829} INFO - Processing file /home/eduardo/airflow_venv/lib/python3.10/site-packages/airflow/example_dags/tutorial_taskflow_api_virtualenv.py for tasks to queue
[2024-08-08T22:23:18.538+0400] {logging_mixin.py:151} INFO - [2024-08-08T22:23:18.538+0400] {dagbag.py:539} INFO - Filling up the DagBag from /home/eduardo/airflow_venv/lib/python3.10/site-packages/airflow/example_dags/tutorial_taskflow_api_virtualenv.py
[2024-08-08T22:23:18.607+0400] {logging_mixin.py:151} INFO - [2024-08-08T22:23:18.606+0400] {tutorial_taskflow_api_virtualenv.py:29} WARNING - The tutorial_taskflow_api_virtualenv example DAG requires virtualenv, please install it.
[2024-08-08T22:23:18.608+0400] {processor.py:841} WARNING - No viable dags retrieved from /home/eduardo/airflow_venv/lib/python3.10/site-packages/airflow/example_dags/tutorial_taskflow_api_virtualenv.py
[2024-08-08T22:23:18.623+0400] {processor.py:179} INFO - Processing /home/eduardo/airflow_venv/lib/python3.10/site-packages/airflow/example_dags/tutorial_taskflow_api_virtualenv.py took 0.093 seconds
