[2024-08-08T20:18:22.776+0400] {processor.py:157} INFO - Started process (PID=6802) to work on /home/eduardo/airflow_venv/lib/python3.10/site-packages/airflow/example_dags/tutorial.py
[2024-08-08T20:18:22.777+0400] {processor.py:829} INFO - Processing file /home/eduardo/airflow_venv/lib/python3.10/site-packages/airflow/example_dags/tutorial.py for tasks to queue
[2024-08-08T20:18:22.777+0400] {logging_mixin.py:151} INFO - [2024-08-08T20:18:22.777+0400] {dagbag.py:539} INFO - Filling up the DagBag from /home/eduardo/airflow_venv/lib/python3.10/site-packages/airflow/example_dags/tutorial.py
[2024-08-08T20:18:22.785+0400] {processor.py:839} INFO - DAG(s) dict_keys(['tutorial']) retrieved from /home/eduardo/airflow_venv/lib/python3.10/site-packages/airflow/example_dags/tutorial.py
[2024-08-08T20:18:22.882+0400] {logging_mixin.py:151} INFO - [2024-08-08T20:18:22.882+0400] {manager.py:499} INFO - Created Permission View: %s
[2024-08-08T20:18:22.907+0400] {logging_mixin.py:151} INFO - [2024-08-08T20:18:22.907+0400] {manager.py:499} INFO - Created Permission View: %s
[2024-08-08T20:18:22.925+0400] {logging_mixin.py:151} INFO - [2024-08-08T20:18:22.924+0400] {manager.py:499} INFO - Created Permission View: %s
[2024-08-08T20:18:22.925+0400] {logging_mixin.py:151} INFO - [2024-08-08T20:18:22.925+0400] {security.py:708} INFO - Not syncing DAG-level permissions for DAG 'DAG:tutorial' as access control is unset.
[2024-08-08T20:18:22.925+0400] {logging_mixin.py:151} INFO - [2024-08-08T20:18:22.925+0400] {dag.py:2915} INFO - Sync 1 DAGs
[2024-08-08T20:18:22.932+0400] {logging_mixin.py:151} INFO - [2024-08-08T20:18:22.932+0400] {dag.py:2937} INFO - Creating ORM DAG for tutorial
[2024-08-08T20:18:22.938+0400] {logging_mixin.py:151} INFO - [2024-08-08T20:18:22.938+0400] {dag.py:3696} INFO - Setting next_dagrun for tutorial to 2024-08-07T16:18:22.938453+00:00, run_after=2024-08-08T16:18:22.938453+00:00
[2024-08-08T20:18:22.970+0400] {processor.py:179} INFO - Processing /home/eduardo/airflow_venv/lib/python3.10/site-packages/airflow/example_dags/tutorial.py took 0.196 seconds
[2024-08-08T20:19:13.071+0400] {processor.py:157} INFO - Started process (PID=6857) to work on /home/eduardo/airflow_venv/lib/python3.10/site-packages/airflow/example_dags/tutorial.py
[2024-08-08T20:19:13.072+0400] {processor.py:829} INFO - Processing file /home/eduardo/airflow_venv/lib/python3.10/site-packages/airflow/example_dags/tutorial.py for tasks to queue
[2024-08-08T20:19:13.072+0400] {logging_mixin.py:151} INFO - [2024-08-08T20:19:13.072+0400] {dagbag.py:539} INFO - Filling up the DagBag from /home/eduardo/airflow_venv/lib/python3.10/site-packages/airflow/example_dags/tutorial.py
[2024-08-08T20:19:13.078+0400] {processor.py:839} INFO - DAG(s) dict_keys(['tutorial']) retrieved from /home/eduardo/airflow_venv/lib/python3.10/site-packages/airflow/example_dags/tutorial.py
[2024-08-08T20:19:13.089+0400] {logging_mixin.py:151} INFO - [2024-08-08T20:19:13.089+0400] {dag.py:2915} INFO - Sync 1 DAGs
[2024-08-08T20:19:13.100+0400] {logging_mixin.py:151} INFO - [2024-08-08T20:19:13.099+0400] {dag.py:3696} INFO - Setting next_dagrun for tutorial to 2024-08-07T16:19:13.099855+00:00, run_after=2024-08-08T16:19:13.099855+00:00
[2024-08-08T20:19:13.124+0400] {processor.py:179} INFO - Processing /home/eduardo/airflow_venv/lib/python3.10/site-packages/airflow/example_dags/tutorial.py took 0.055 seconds
[2024-08-08T20:19:50.263+0400] {processor.py:157} INFO - Started process (PID=6897) to work on /home/eduardo/airflow_venv/lib/python3.10/site-packages/airflow/example_dags/tutorial.py
[2024-08-08T20:19:50.264+0400] {processor.py:829} INFO - Processing file /home/eduardo/airflow_venv/lib/python3.10/site-packages/airflow/example_dags/tutorial.py for tasks to queue
[2024-08-08T20:19:50.265+0400] {logging_mixin.py:151} INFO - [2024-08-08T20:19:50.264+0400] {dagbag.py:539} INFO - Filling up the DagBag from /home/eduardo/airflow_venv/lib/python3.10/site-packages/airflow/example_dags/tutorial.py
[2024-08-08T20:19:50.269+0400] {processor.py:839} INFO - DAG(s) dict_keys(['tutorial']) retrieved from /home/eduardo/airflow_venv/lib/python3.10/site-packages/airflow/example_dags/tutorial.py
[2024-08-08T20:19:50.279+0400] {logging_mixin.py:151} INFO - [2024-08-08T20:19:50.279+0400] {dag.py:2915} INFO - Sync 1 DAGs
[2024-08-08T20:19:50.292+0400] {logging_mixin.py:151} INFO - [2024-08-08T20:19:50.292+0400] {dag.py:3696} INFO - Setting next_dagrun for tutorial to 2024-08-07T16:19:50.292154+00:00, run_after=2024-08-08T16:19:50.292154+00:00
[2024-08-08T20:19:50.319+0400] {processor.py:179} INFO - Processing /home/eduardo/airflow_venv/lib/python3.10/site-packages/airflow/example_dags/tutorial.py took 0.058 seconds
[2024-08-08T20:20:32.238+0400] {processor.py:157} INFO - Started process (PID=6943) to work on /home/eduardo/airflow_venv/lib/python3.10/site-packages/airflow/example_dags/tutorial.py
[2024-08-08T20:20:32.239+0400] {processor.py:829} INFO - Processing file /home/eduardo/airflow_venv/lib/python3.10/site-packages/airflow/example_dags/tutorial.py for tasks to queue
[2024-08-08T20:20:32.240+0400] {logging_mixin.py:151} INFO - [2024-08-08T20:20:32.239+0400] {dagbag.py:539} INFO - Filling up the DagBag from /home/eduardo/airflow_venv/lib/python3.10/site-packages/airflow/example_dags/tutorial.py
[2024-08-08T20:20:32.247+0400] {processor.py:839} INFO - DAG(s) dict_keys(['tutorial']) retrieved from /home/eduardo/airflow_venv/lib/python3.10/site-packages/airflow/example_dags/tutorial.py
[2024-08-08T20:20:32.263+0400] {logging_mixin.py:151} INFO - [2024-08-08T20:20:32.262+0400] {dag.py:2915} INFO - Sync 1 DAGs
[2024-08-08T20:20:32.276+0400] {logging_mixin.py:151} INFO - [2024-08-08T20:20:32.276+0400] {dag.py:3696} INFO - Setting next_dagrun for tutorial to 2024-08-07T16:20:32.276284+00:00, run_after=2024-08-08T16:20:32.276284+00:00
[2024-08-08T20:20:32.305+0400] {processor.py:179} INFO - Processing /home/eduardo/airflow_venv/lib/python3.10/site-packages/airflow/example_dags/tutorial.py took 0.069 seconds
[2024-08-08T20:21:12.638+0400] {processor.py:157} INFO - Started process (PID=6985) to work on /home/eduardo/airflow_venv/lib/python3.10/site-packages/airflow/example_dags/tutorial.py
[2024-08-08T20:21:12.639+0400] {processor.py:829} INFO - Processing file /home/eduardo/airflow_venv/lib/python3.10/site-packages/airflow/example_dags/tutorial.py for tasks to queue
[2024-08-08T20:21:12.640+0400] {logging_mixin.py:151} INFO - [2024-08-08T20:21:12.639+0400] {dagbag.py:539} INFO - Filling up the DagBag from /home/eduardo/airflow_venv/lib/python3.10/site-packages/airflow/example_dags/tutorial.py
[2024-08-08T20:21:12.645+0400] {processor.py:839} INFO - DAG(s) dict_keys(['tutorial']) retrieved from /home/eduardo/airflow_venv/lib/python3.10/site-packages/airflow/example_dags/tutorial.py
[2024-08-08T20:21:12.656+0400] {logging_mixin.py:151} INFO - [2024-08-08T20:21:12.656+0400] {dag.py:2915} INFO - Sync 1 DAGs
[2024-08-08T20:21:12.670+0400] {logging_mixin.py:151} INFO - [2024-08-08T20:21:12.670+0400] {dag.py:3696} INFO - Setting next_dagrun for tutorial to 2024-08-07T16:21:12.669800+00:00, run_after=2024-08-08T16:21:12.669800+00:00
[2024-08-08T20:21:12.700+0400] {processor.py:179} INFO - Processing /home/eduardo/airflow_venv/lib/python3.10/site-packages/airflow/example_dags/tutorial.py took 0.065 seconds
[2024-08-08T20:21:53.835+0400] {processor.py:157} INFO - Started process (PID=7028) to work on /home/eduardo/airflow_venv/lib/python3.10/site-packages/airflow/example_dags/tutorial.py
[2024-08-08T20:21:53.837+0400] {processor.py:829} INFO - Processing file /home/eduardo/airflow_venv/lib/python3.10/site-packages/airflow/example_dags/tutorial.py for tasks to queue
[2024-08-08T20:21:53.837+0400] {logging_mixin.py:151} INFO - [2024-08-08T20:21:53.837+0400] {dagbag.py:539} INFO - Filling up the DagBag from /home/eduardo/airflow_venv/lib/python3.10/site-packages/airflow/example_dags/tutorial.py
[2024-08-08T20:21:53.842+0400] {processor.py:839} INFO - DAG(s) dict_keys(['tutorial']) retrieved from /home/eduardo/airflow_venv/lib/python3.10/site-packages/airflow/example_dags/tutorial.py
[2024-08-08T20:21:53.855+0400] {logging_mixin.py:151} INFO - [2024-08-08T20:21:53.855+0400] {dag.py:2915} INFO - Sync 1 DAGs
[2024-08-08T20:21:53.868+0400] {logging_mixin.py:151} INFO - [2024-08-08T20:21:53.868+0400] {dag.py:3696} INFO - Setting next_dagrun for tutorial to 2024-08-07T16:21:53.868025+00:00, run_after=2024-08-08T16:21:53.868025+00:00
[2024-08-08T20:21:53.898+0400] {processor.py:179} INFO - Processing /home/eduardo/airflow_venv/lib/python3.10/site-packages/airflow/example_dags/tutorial.py took 0.065 seconds
[2024-08-08T20:22:38.831+0400] {processor.py:157} INFO - Started process (PID=7075) to work on /home/eduardo/airflow_venv/lib/python3.10/site-packages/airflow/example_dags/tutorial.py
[2024-08-08T20:22:38.832+0400] {processor.py:829} INFO - Processing file /home/eduardo/airflow_venv/lib/python3.10/site-packages/airflow/example_dags/tutorial.py for tasks to queue
[2024-08-08T20:22:38.833+0400] {logging_mixin.py:151} INFO - [2024-08-08T20:22:38.833+0400] {dagbag.py:539} INFO - Filling up the DagBag from /home/eduardo/airflow_venv/lib/python3.10/site-packages/airflow/example_dags/tutorial.py
[2024-08-08T20:22:38.839+0400] {processor.py:839} INFO - DAG(s) dict_keys(['tutorial']) retrieved from /home/eduardo/airflow_venv/lib/python3.10/site-packages/airflow/example_dags/tutorial.py
[2024-08-08T20:22:38.855+0400] {logging_mixin.py:151} INFO - [2024-08-08T20:22:38.855+0400] {dag.py:2915} INFO - Sync 1 DAGs
[2024-08-08T20:22:38.874+0400] {logging_mixin.py:151} INFO - [2024-08-08T20:22:38.874+0400] {dag.py:3696} INFO - Setting next_dagrun for tutorial to 2024-08-07T16:22:38.873819+00:00, run_after=2024-08-08T16:22:38.873819+00:00
[2024-08-08T20:22:38.903+0400] {processor.py:179} INFO - Processing /home/eduardo/airflow_venv/lib/python3.10/site-packages/airflow/example_dags/tutorial.py took 0.074 seconds
[2024-08-08T20:23:23.388+0400] {processor.py:157} INFO - Started process (PID=7142) to work on /home/eduardo/airflow_venv/lib/python3.10/site-packages/airflow/example_dags/tutorial.py
[2024-08-08T20:23:23.389+0400] {processor.py:829} INFO - Processing file /home/eduardo/airflow_venv/lib/python3.10/site-packages/airflow/example_dags/tutorial.py for tasks to queue
[2024-08-08T20:23:23.389+0400] {logging_mixin.py:151} INFO - [2024-08-08T20:23:23.389+0400] {dagbag.py:539} INFO - Filling up the DagBag from /home/eduardo/airflow_venv/lib/python3.10/site-packages/airflow/example_dags/tutorial.py
[2024-08-08T20:23:23.394+0400] {processor.py:839} INFO - DAG(s) dict_keys(['tutorial']) retrieved from /home/eduardo/airflow_venv/lib/python3.10/site-packages/airflow/example_dags/tutorial.py
[2024-08-08T20:23:23.404+0400] {logging_mixin.py:151} INFO - [2024-08-08T20:23:23.404+0400] {dag.py:2915} INFO - Sync 1 DAGs
[2024-08-08T20:23:23.419+0400] {logging_mixin.py:151} INFO - [2024-08-08T20:23:23.418+0400] {dag.py:3696} INFO - Setting next_dagrun for tutorial to 2024-08-07T16:23:23.418671+00:00, run_after=2024-08-08T16:23:23.418671+00:00
[2024-08-08T20:23:23.453+0400] {processor.py:179} INFO - Processing /home/eduardo/airflow_venv/lib/python3.10/site-packages/airflow/example_dags/tutorial.py took 0.067 seconds
[2024-08-08T20:24:08.630+0400] {processor.py:157} INFO - Started process (PID=7188) to work on /home/eduardo/airflow_venv/lib/python3.10/site-packages/airflow/example_dags/tutorial.py
[2024-08-08T20:24:08.631+0400] {processor.py:829} INFO - Processing file /home/eduardo/airflow_venv/lib/python3.10/site-packages/airflow/example_dags/tutorial.py for tasks to queue
[2024-08-08T20:24:08.631+0400] {logging_mixin.py:151} INFO - [2024-08-08T20:24:08.631+0400] {dagbag.py:539} INFO - Filling up the DagBag from /home/eduardo/airflow_venv/lib/python3.10/site-packages/airflow/example_dags/tutorial.py
[2024-08-08T20:24:08.636+0400] {processor.py:839} INFO - DAG(s) dict_keys(['tutorial']) retrieved from /home/eduardo/airflow_venv/lib/python3.10/site-packages/airflow/example_dags/tutorial.py
[2024-08-08T20:24:08.647+0400] {logging_mixin.py:151} INFO - [2024-08-08T20:24:08.647+0400] {dag.py:2915} INFO - Sync 1 DAGs
[2024-08-08T20:24:08.659+0400] {logging_mixin.py:151} INFO - [2024-08-08T20:24:08.659+0400] {dag.py:3696} INFO - Setting next_dagrun for tutorial to 2024-08-07T16:24:08.658911+00:00, run_after=2024-08-08T16:24:08.658911+00:00
[2024-08-08T20:24:08.686+0400] {processor.py:179} INFO - Processing /home/eduardo/airflow_venv/lib/python3.10/site-packages/airflow/example_dags/tutorial.py took 0.059 seconds
[2024-08-08T20:24:53.962+0400] {processor.py:157} INFO - Started process (PID=7244) to work on /home/eduardo/airflow_venv/lib/python3.10/site-packages/airflow/example_dags/tutorial.py
[2024-08-08T20:24:53.963+0400] {processor.py:829} INFO - Processing file /home/eduardo/airflow_venv/lib/python3.10/site-packages/airflow/example_dags/tutorial.py for tasks to queue
[2024-08-08T20:24:53.964+0400] {logging_mixin.py:151} INFO - [2024-08-08T20:24:53.964+0400] {dagbag.py:539} INFO - Filling up the DagBag from /home/eduardo/airflow_venv/lib/python3.10/site-packages/airflow/example_dags/tutorial.py
[2024-08-08T20:24:53.969+0400] {processor.py:839} INFO - DAG(s) dict_keys(['tutorial']) retrieved from /home/eduardo/airflow_venv/lib/python3.10/site-packages/airflow/example_dags/tutorial.py
[2024-08-08T20:24:53.983+0400] {logging_mixin.py:151} INFO - [2024-08-08T20:24:53.982+0400] {dag.py:2915} INFO - Sync 1 DAGs
[2024-08-08T20:24:54.015+0400] {logging_mixin.py:151} INFO - [2024-08-08T20:24:54.014+0400] {dag.py:3696} INFO - Setting next_dagrun for tutorial to 2024-08-07T16:24:54.014646+00:00, run_after=2024-08-08T16:24:54.014646+00:00
[2024-08-08T20:24:54.053+0400] {processor.py:179} INFO - Processing /home/eduardo/airflow_venv/lib/python3.10/site-packages/airflow/example_dags/tutorial.py took 0.093 seconds
[2024-08-08T20:25:39.001+0400] {processor.py:157} INFO - Started process (PID=7291) to work on /home/eduardo/airflow_venv/lib/python3.10/site-packages/airflow/example_dags/tutorial.py
[2024-08-08T20:25:39.006+0400] {processor.py:829} INFO - Processing file /home/eduardo/airflow_venv/lib/python3.10/site-packages/airflow/example_dags/tutorial.py for tasks to queue
[2024-08-08T20:25:39.006+0400] {logging_mixin.py:151} INFO - [2024-08-08T20:25:39.006+0400] {dagbag.py:539} INFO - Filling up the DagBag from /home/eduardo/airflow_venv/lib/python3.10/site-packages/airflow/example_dags/tutorial.py
[2024-08-08T20:25:39.011+0400] {processor.py:839} INFO - DAG(s) dict_keys(['tutorial']) retrieved from /home/eduardo/airflow_venv/lib/python3.10/site-packages/airflow/example_dags/tutorial.py
[2024-08-08T20:25:39.020+0400] {logging_mixin.py:151} INFO - [2024-08-08T20:25:39.020+0400] {dag.py:2915} INFO - Sync 1 DAGs
[2024-08-08T20:25:39.031+0400] {logging_mixin.py:151} INFO - [2024-08-08T20:25:39.031+0400] {dag.py:3696} INFO - Setting next_dagrun for tutorial to 2024-08-07T16:25:39.031392+00:00, run_after=2024-08-08T16:25:39.031392+00:00
[2024-08-08T20:25:39.077+0400] {processor.py:179} INFO - Processing /home/eduardo/airflow_venv/lib/python3.10/site-packages/airflow/example_dags/tutorial.py took 0.077 seconds
[2024-08-08T22:09:36.251+0400] {processor.py:157} INFO - Started process (PID=9451) to work on /home/eduardo/airflow_venv/lib/python3.10/site-packages/airflow/example_dags/tutorial.py
[2024-08-08T22:09:36.254+0400] {processor.py:829} INFO - Processing file /home/eduardo/airflow_venv/lib/python3.10/site-packages/airflow/example_dags/tutorial.py for tasks to queue
[2024-08-08T22:09:36.255+0400] {logging_mixin.py:151} INFO - [2024-08-08T22:09:36.254+0400] {dagbag.py:539} INFO - Filling up the DagBag from /home/eduardo/airflow_venv/lib/python3.10/site-packages/airflow/example_dags/tutorial.py
[2024-08-08T22:09:36.263+0400] {processor.py:839} INFO - DAG(s) dict_keys(['tutorial']) retrieved from /home/eduardo/airflow_venv/lib/python3.10/site-packages/airflow/example_dags/tutorial.py
[2024-08-08T22:09:36.280+0400] {logging_mixin.py:151} INFO - [2024-08-08T22:09:36.279+0400] {dag.py:2915} INFO - Sync 1 DAGs
[2024-08-08T22:09:36.295+0400] {logging_mixin.py:151} INFO - [2024-08-08T22:09:36.294+0400] {dag.py:3696} INFO - Setting next_dagrun for tutorial to 2024-08-07T18:09:36.294678+00:00, run_after=2024-08-08T18:09:36.294678+00:00
[2024-08-08T22:09:36.329+0400] {processor.py:179} INFO - Processing /home/eduardo/airflow_venv/lib/python3.10/site-packages/airflow/example_dags/tutorial.py took 0.081 seconds
[2024-08-08T22:10:23.914+0400] {processor.py:157} INFO - Started process (PID=9991) to work on /home/eduardo/airflow_venv/lib/python3.10/site-packages/airflow/example_dags/tutorial.py
[2024-08-08T22:10:23.917+0400] {processor.py:829} INFO - Processing file /home/eduardo/airflow_venv/lib/python3.10/site-packages/airflow/example_dags/tutorial.py for tasks to queue
[2024-08-08T22:10:23.918+0400] {logging_mixin.py:151} INFO - [2024-08-08T22:10:23.917+0400] {dagbag.py:539} INFO - Filling up the DagBag from /home/eduardo/airflow_venv/lib/python3.10/site-packages/airflow/example_dags/tutorial.py
[2024-08-08T22:10:23.925+0400] {processor.py:839} INFO - DAG(s) dict_keys(['tutorial']) retrieved from /home/eduardo/airflow_venv/lib/python3.10/site-packages/airflow/example_dags/tutorial.py
[2024-08-08T22:10:23.937+0400] {logging_mixin.py:151} INFO - [2024-08-08T22:10:23.937+0400] {dag.py:2915} INFO - Sync 1 DAGs
[2024-08-08T22:10:23.953+0400] {logging_mixin.py:151} INFO - [2024-08-08T22:10:23.953+0400] {dag.py:3696} INFO - Setting next_dagrun for tutorial to 2024-08-07T18:10:23.953464+00:00, run_after=2024-08-08T18:10:23.953464+00:00
[2024-08-08T22:10:23.982+0400] {processor.py:179} INFO - Processing /home/eduardo/airflow_venv/lib/python3.10/site-packages/airflow/example_dags/tutorial.py took 0.071 seconds
[2024-08-08T22:11:11.321+0400] {processor.py:157} INFO - Started process (PID=10495) to work on /home/eduardo/airflow_venv/lib/python3.10/site-packages/airflow/example_dags/tutorial.py
[2024-08-08T22:11:11.325+0400] {processor.py:829} INFO - Processing file /home/eduardo/airflow_venv/lib/python3.10/site-packages/airflow/example_dags/tutorial.py for tasks to queue
[2024-08-08T22:11:11.326+0400] {logging_mixin.py:151} INFO - [2024-08-08T22:11:11.325+0400] {dagbag.py:539} INFO - Filling up the DagBag from /home/eduardo/airflow_venv/lib/python3.10/site-packages/airflow/example_dags/tutorial.py
[2024-08-08T22:11:11.339+0400] {processor.py:839} INFO - DAG(s) dict_keys(['tutorial']) retrieved from /home/eduardo/airflow_venv/lib/python3.10/site-packages/airflow/example_dags/tutorial.py
[2024-08-08T22:11:11.364+0400] {logging_mixin.py:151} INFO - [2024-08-08T22:11:11.364+0400] {dag.py:2915} INFO - Sync 1 DAGs
[2024-08-08T22:11:11.399+0400] {logging_mixin.py:151} INFO - [2024-08-08T22:11:11.399+0400] {dag.py:3696} INFO - Setting next_dagrun for tutorial to 2024-08-07T18:11:11.398707+00:00, run_after=2024-08-08T18:11:11.398707+00:00
[2024-08-08T22:11:11.440+0400] {processor.py:179} INFO - Processing /home/eduardo/airflow_venv/lib/python3.10/site-packages/airflow/example_dags/tutorial.py took 0.126 seconds
[2024-08-08T22:11:49.172+0400] {processor.py:157} INFO - Started process (PID=10851) to work on /home/eduardo/airflow_venv/lib/python3.10/site-packages/airflow/example_dags/tutorial.py
[2024-08-08T22:11:49.175+0400] {processor.py:829} INFO - Processing file /home/eduardo/airflow_venv/lib/python3.10/site-packages/airflow/example_dags/tutorial.py for tasks to queue
[2024-08-08T22:11:49.176+0400] {logging_mixin.py:151} INFO - [2024-08-08T22:11:49.176+0400] {dagbag.py:539} INFO - Filling up the DagBag from /home/eduardo/airflow_venv/lib/python3.10/site-packages/airflow/example_dags/tutorial.py
[2024-08-08T22:11:49.182+0400] {processor.py:839} INFO - DAG(s) dict_keys(['tutorial']) retrieved from /home/eduardo/airflow_venv/lib/python3.10/site-packages/airflow/example_dags/tutorial.py
[2024-08-08T22:11:49.195+0400] {logging_mixin.py:151} INFO - [2024-08-08T22:11:49.195+0400] {dag.py:2915} INFO - Sync 1 DAGs
[2024-08-08T22:11:49.209+0400] {logging_mixin.py:151} INFO - [2024-08-08T22:11:49.209+0400] {dag.py:3696} INFO - Setting next_dagrun for tutorial to 2024-08-07T18:11:49.209165+00:00, run_after=2024-08-08T18:11:49.209165+00:00
[2024-08-08T22:11:49.244+0400] {processor.py:179} INFO - Processing /home/eduardo/airflow_venv/lib/python3.10/site-packages/airflow/example_dags/tutorial.py took 0.077 seconds
[2024-08-08T22:12:21.293+0400] {processor.py:157} INFO - Started process (PID=11104) to work on /home/eduardo/airflow_venv/lib/python3.10/site-packages/airflow/example_dags/tutorial.py
[2024-08-08T22:12:21.296+0400] {processor.py:829} INFO - Processing file /home/eduardo/airflow_venv/lib/python3.10/site-packages/airflow/example_dags/tutorial.py for tasks to queue
[2024-08-08T22:12:21.297+0400] {logging_mixin.py:151} INFO - [2024-08-08T22:12:21.297+0400] {dagbag.py:539} INFO - Filling up the DagBag from /home/eduardo/airflow_venv/lib/python3.10/site-packages/airflow/example_dags/tutorial.py
[2024-08-08T22:12:21.308+0400] {processor.py:839} INFO - DAG(s) dict_keys(['tutorial']) retrieved from /home/eduardo/airflow_venv/lib/python3.10/site-packages/airflow/example_dags/tutorial.py
[2024-08-08T22:12:21.329+0400] {logging_mixin.py:151} INFO - [2024-08-08T22:12:21.328+0400] {dag.py:2915} INFO - Sync 1 DAGs
[2024-08-08T22:12:21.356+0400] {logging_mixin.py:151} INFO - [2024-08-08T22:12:21.355+0400] {dag.py:3696} INFO - Setting next_dagrun for tutorial to 2024-08-07T18:12:21.355492+00:00, run_after=2024-08-08T18:12:21.355492+00:00
[2024-08-08T22:12:21.400+0400] {processor.py:179} INFO - Processing /home/eduardo/airflow_venv/lib/python3.10/site-packages/airflow/example_dags/tutorial.py took 0.110 seconds
[2024-08-08T22:12:55.379+0400] {processor.py:157} INFO - Started process (PID=11366) to work on /home/eduardo/airflow_venv/lib/python3.10/site-packages/airflow/example_dags/tutorial.py
[2024-08-08T22:12:55.383+0400] {processor.py:829} INFO - Processing file /home/eduardo/airflow_venv/lib/python3.10/site-packages/airflow/example_dags/tutorial.py for tasks to queue
[2024-08-08T22:12:55.385+0400] {logging_mixin.py:151} INFO - [2024-08-08T22:12:55.384+0400] {dagbag.py:539} INFO - Filling up the DagBag from /home/eduardo/airflow_venv/lib/python3.10/site-packages/airflow/example_dags/tutorial.py
[2024-08-08T22:12:55.395+0400] {processor.py:839} INFO - DAG(s) dict_keys(['tutorial']) retrieved from /home/eduardo/airflow_venv/lib/python3.10/site-packages/airflow/example_dags/tutorial.py
[2024-08-08T22:12:55.414+0400] {logging_mixin.py:151} INFO - [2024-08-08T22:12:55.414+0400] {dag.py:2915} INFO - Sync 1 DAGs
[2024-08-08T22:12:55.432+0400] {logging_mixin.py:151} INFO - [2024-08-08T22:12:55.431+0400] {dag.py:3696} INFO - Setting next_dagrun for tutorial to 2024-08-07T18:12:55.431516+00:00, run_after=2024-08-08T18:12:55.431516+00:00
[2024-08-08T22:12:55.474+0400] {processor.py:179} INFO - Processing /home/eduardo/airflow_venv/lib/python3.10/site-packages/airflow/example_dags/tutorial.py took 0.100 seconds
[2024-08-08T22:13:42.417+0400] {processor.py:157} INFO - Started process (PID=11811) to work on /home/eduardo/airflow_venv/lib/python3.10/site-packages/airflow/example_dags/tutorial.py
[2024-08-08T22:13:42.420+0400] {processor.py:829} INFO - Processing file /home/eduardo/airflow_venv/lib/python3.10/site-packages/airflow/example_dags/tutorial.py for tasks to queue
[2024-08-08T22:13:42.422+0400] {logging_mixin.py:151} INFO - [2024-08-08T22:13:42.421+0400] {dagbag.py:539} INFO - Filling up the DagBag from /home/eduardo/airflow_venv/lib/python3.10/site-packages/airflow/example_dags/tutorial.py
[2024-08-08T22:13:42.432+0400] {processor.py:839} INFO - DAG(s) dict_keys(['tutorial']) retrieved from /home/eduardo/airflow_venv/lib/python3.10/site-packages/airflow/example_dags/tutorial.py
[2024-08-08T22:13:42.453+0400] {logging_mixin.py:151} INFO - [2024-08-08T22:13:42.453+0400] {dag.py:2915} INFO - Sync 1 DAGs
[2024-08-08T22:13:42.469+0400] {logging_mixin.py:151} INFO - [2024-08-08T22:13:42.469+0400] {dag.py:3696} INFO - Setting next_dagrun for tutorial to 2024-08-07T18:13:42.468892+00:00, run_after=2024-08-08T18:13:42.468892+00:00
[2024-08-08T22:13:42.500+0400] {processor.py:179} INFO - Processing /home/eduardo/airflow_venv/lib/python3.10/site-packages/airflow/example_dags/tutorial.py took 0.088 seconds
[2024-08-08T22:14:29.774+0400] {processor.py:157} INFO - Started process (PID=12355) to work on /home/eduardo/airflow_venv/lib/python3.10/site-packages/airflow/example_dags/tutorial.py
[2024-08-08T22:14:29.778+0400] {processor.py:829} INFO - Processing file /home/eduardo/airflow_venv/lib/python3.10/site-packages/airflow/example_dags/tutorial.py for tasks to queue
[2024-08-08T22:14:29.780+0400] {logging_mixin.py:151} INFO - [2024-08-08T22:14:29.779+0400] {dagbag.py:539} INFO - Filling up the DagBag from /home/eduardo/airflow_venv/lib/python3.10/site-packages/airflow/example_dags/tutorial.py
[2024-08-08T22:14:29.793+0400] {processor.py:839} INFO - DAG(s) dict_keys(['tutorial']) retrieved from /home/eduardo/airflow_venv/lib/python3.10/site-packages/airflow/example_dags/tutorial.py
[2024-08-08T22:14:29.806+0400] {logging_mixin.py:151} INFO - [2024-08-08T22:14:29.806+0400] {dag.py:2915} INFO - Sync 1 DAGs
[2024-08-08T22:14:29.835+0400] {logging_mixin.py:151} INFO - [2024-08-08T22:14:29.835+0400] {dag.py:3696} INFO - Setting next_dagrun for tutorial to 2024-08-07T18:14:29.835404+00:00, run_after=2024-08-08T18:14:29.835404+00:00
[2024-08-08T22:14:29.877+0400] {processor.py:179} INFO - Processing /home/eduardo/airflow_venv/lib/python3.10/site-packages/airflow/example_dags/tutorial.py took 0.107 seconds
[2024-08-08T22:15:05.429+0400] {processor.py:157} INFO - Started process (PID=12660) to work on /home/eduardo/airflow_venv/lib/python3.10/site-packages/airflow/example_dags/tutorial.py
[2024-08-08T22:15:05.432+0400] {processor.py:829} INFO - Processing file /home/eduardo/airflow_venv/lib/python3.10/site-packages/airflow/example_dags/tutorial.py for tasks to queue
[2024-08-08T22:15:05.433+0400] {logging_mixin.py:151} INFO - [2024-08-08T22:15:05.432+0400] {dagbag.py:539} INFO - Filling up the DagBag from /home/eduardo/airflow_venv/lib/python3.10/site-packages/airflow/example_dags/tutorial.py
[2024-08-08T22:15:05.442+0400] {processor.py:839} INFO - DAG(s) dict_keys(['tutorial']) retrieved from /home/eduardo/airflow_venv/lib/python3.10/site-packages/airflow/example_dags/tutorial.py
[2024-08-08T22:15:05.457+0400] {logging_mixin.py:151} INFO - [2024-08-08T22:15:05.457+0400] {dag.py:2915} INFO - Sync 1 DAGs
[2024-08-08T22:15:05.475+0400] {logging_mixin.py:151} INFO - [2024-08-08T22:15:05.475+0400] {dag.py:3696} INFO - Setting next_dagrun for tutorial to 2024-08-07T18:15:05.475645+00:00, run_after=2024-08-08T18:15:05.475645+00:00
[2024-08-08T22:15:05.507+0400] {processor.py:179} INFO - Processing /home/eduardo/airflow_venv/lib/python3.10/site-packages/airflow/example_dags/tutorial.py took 0.081 seconds
[2024-08-08T22:15:39.619+0400] {processor.py:157} INFO - Started process (PID=12988) to work on /home/eduardo/airflow_venv/lib/python3.10/site-packages/airflow/example_dags/tutorial.py
[2024-08-08T22:15:39.622+0400] {processor.py:829} INFO - Processing file /home/eduardo/airflow_venv/lib/python3.10/site-packages/airflow/example_dags/tutorial.py for tasks to queue
[2024-08-08T22:15:39.622+0400] {logging_mixin.py:151} INFO - [2024-08-08T22:15:39.622+0400] {dagbag.py:539} INFO - Filling up the DagBag from /home/eduardo/airflow_venv/lib/python3.10/site-packages/airflow/example_dags/tutorial.py
[2024-08-08T22:15:39.629+0400] {processor.py:839} INFO - DAG(s) dict_keys(['tutorial']) retrieved from /home/eduardo/airflow_venv/lib/python3.10/site-packages/airflow/example_dags/tutorial.py
[2024-08-08T22:15:39.641+0400] {logging_mixin.py:151} INFO - [2024-08-08T22:15:39.640+0400] {dag.py:2915} INFO - Sync 1 DAGs
[2024-08-08T22:15:39.655+0400] {logging_mixin.py:151} INFO - [2024-08-08T22:15:39.655+0400] {dag.py:3696} INFO - Setting next_dagrun for tutorial to 2024-08-07T18:15:39.655294+00:00, run_after=2024-08-08T18:15:39.655294+00:00
[2024-08-08T22:15:39.686+0400] {processor.py:179} INFO - Processing /home/eduardo/airflow_venv/lib/python3.10/site-packages/airflow/example_dags/tutorial.py took 0.070 seconds
[2024-08-08T22:16:14.231+0400] {processor.py:157} INFO - Started process (PID=13281) to work on /home/eduardo/airflow_venv/lib/python3.10/site-packages/airflow/example_dags/tutorial.py
[2024-08-08T22:16:14.234+0400] {processor.py:829} INFO - Processing file /home/eduardo/airflow_venv/lib/python3.10/site-packages/airflow/example_dags/tutorial.py for tasks to queue
[2024-08-08T22:16:14.235+0400] {logging_mixin.py:151} INFO - [2024-08-08T22:16:14.235+0400] {dagbag.py:539} INFO - Filling up the DagBag from /home/eduardo/airflow_venv/lib/python3.10/site-packages/airflow/example_dags/tutorial.py
[2024-08-08T22:16:14.245+0400] {processor.py:839} INFO - DAG(s) dict_keys(['tutorial']) retrieved from /home/eduardo/airflow_venv/lib/python3.10/site-packages/airflow/example_dags/tutorial.py
[2024-08-08T22:16:14.262+0400] {logging_mixin.py:151} INFO - [2024-08-08T22:16:14.262+0400] {dag.py:2915} INFO - Sync 1 DAGs
[2024-08-08T22:16:14.285+0400] {logging_mixin.py:151} INFO - [2024-08-08T22:16:14.285+0400] {dag.py:3696} INFO - Setting next_dagrun for tutorial to 2024-08-07T18:16:14.284820+00:00, run_after=2024-08-08T18:16:14.284820+00:00
[2024-08-08T22:16:14.318+0400] {processor.py:179} INFO - Processing /home/eduardo/airflow_venv/lib/python3.10/site-packages/airflow/example_dags/tutorial.py took 0.090 seconds
[2024-08-08T22:17:04.815+0400] {processor.py:157} INFO - Started process (PID=13861) to work on /home/eduardo/airflow_venv/lib/python3.10/site-packages/airflow/example_dags/tutorial.py
[2024-08-08T22:17:04.819+0400] {processor.py:829} INFO - Processing file /home/eduardo/airflow_venv/lib/python3.10/site-packages/airflow/example_dags/tutorial.py for tasks to queue
[2024-08-08T22:17:04.820+0400] {logging_mixin.py:151} INFO - [2024-08-08T22:17:04.819+0400] {dagbag.py:539} INFO - Filling up the DagBag from /home/eduardo/airflow_venv/lib/python3.10/site-packages/airflow/example_dags/tutorial.py
[2024-08-08T22:17:04.828+0400] {processor.py:839} INFO - DAG(s) dict_keys(['tutorial']) retrieved from /home/eduardo/airflow_venv/lib/python3.10/site-packages/airflow/example_dags/tutorial.py
[2024-08-08T22:17:04.845+0400] {logging_mixin.py:151} INFO - [2024-08-08T22:17:04.845+0400] {dag.py:2915} INFO - Sync 1 DAGs
[2024-08-08T22:17:04.863+0400] {logging_mixin.py:151} INFO - [2024-08-08T22:17:04.862+0400] {dag.py:3696} INFO - Setting next_dagrun for tutorial to 2024-08-07T18:17:04.862635+00:00, run_after=2024-08-08T18:17:04.862635+00:00
[2024-08-08T22:17:04.894+0400] {processor.py:179} INFO - Processing /home/eduardo/airflow_venv/lib/python3.10/site-packages/airflow/example_dags/tutorial.py took 0.083 seconds
[2024-08-08T22:17:41.425+0400] {processor.py:157} INFO - Started process (PID=14165) to work on /home/eduardo/airflow_venv/lib/python3.10/site-packages/airflow/example_dags/tutorial.py
[2024-08-08T22:17:41.428+0400] {processor.py:829} INFO - Processing file /home/eduardo/airflow_venv/lib/python3.10/site-packages/airflow/example_dags/tutorial.py for tasks to queue
[2024-08-08T22:17:41.429+0400] {logging_mixin.py:151} INFO - [2024-08-08T22:17:41.428+0400] {dagbag.py:539} INFO - Filling up the DagBag from /home/eduardo/airflow_venv/lib/python3.10/site-packages/airflow/example_dags/tutorial.py
[2024-08-08T22:17:41.439+0400] {processor.py:839} INFO - DAG(s) dict_keys(['tutorial']) retrieved from /home/eduardo/airflow_venv/lib/python3.10/site-packages/airflow/example_dags/tutorial.py
[2024-08-08T22:17:41.462+0400] {logging_mixin.py:151} INFO - [2024-08-08T22:17:41.462+0400] {dag.py:2915} INFO - Sync 1 DAGs
[2024-08-08T22:17:41.491+0400] {logging_mixin.py:151} INFO - [2024-08-08T22:17:41.490+0400] {dag.py:3696} INFO - Setting next_dagrun for tutorial to 2024-08-07T18:17:41.490139+00:00, run_after=2024-08-08T18:17:41.490139+00:00
[2024-08-08T22:17:41.533+0400] {processor.py:179} INFO - Processing /home/eduardo/airflow_venv/lib/python3.10/site-packages/airflow/example_dags/tutorial.py took 0.115 seconds
[2024-08-08T22:18:15.556+0400] {processor.py:157} INFO - Started process (PID=14429) to work on /home/eduardo/airflow_venv/lib/python3.10/site-packages/airflow/example_dags/tutorial.py
[2024-08-08T22:18:15.559+0400] {processor.py:829} INFO - Processing file /home/eduardo/airflow_venv/lib/python3.10/site-packages/airflow/example_dags/tutorial.py for tasks to queue
[2024-08-08T22:18:15.560+0400] {logging_mixin.py:151} INFO - [2024-08-08T22:18:15.559+0400] {dagbag.py:539} INFO - Filling up the DagBag from /home/eduardo/airflow_venv/lib/python3.10/site-packages/airflow/example_dags/tutorial.py
[2024-08-08T22:18:15.571+0400] {processor.py:839} INFO - DAG(s) dict_keys(['tutorial']) retrieved from /home/eduardo/airflow_venv/lib/python3.10/site-packages/airflow/example_dags/tutorial.py
[2024-08-08T22:18:15.590+0400] {logging_mixin.py:151} INFO - [2024-08-08T22:18:15.590+0400] {dag.py:2915} INFO - Sync 1 DAGs
[2024-08-08T22:18:15.611+0400] {logging_mixin.py:151} INFO - [2024-08-08T22:18:15.611+0400] {dag.py:3696} INFO - Setting next_dagrun for tutorial to 2024-08-07T18:18:15.610995+00:00, run_after=2024-08-08T18:18:15.610995+00:00
[2024-08-08T22:18:15.645+0400] {processor.py:179} INFO - Processing /home/eduardo/airflow_venv/lib/python3.10/site-packages/airflow/example_dags/tutorial.py took 0.092 seconds
[2024-08-08T22:18:51.121+0400] {processor.py:157} INFO - Started process (PID=14703) to work on /home/eduardo/airflow_venv/lib/python3.10/site-packages/airflow/example_dags/tutorial.py
[2024-08-08T22:18:51.125+0400] {processor.py:829} INFO - Processing file /home/eduardo/airflow_venv/lib/python3.10/site-packages/airflow/example_dags/tutorial.py for tasks to queue
[2024-08-08T22:18:51.127+0400] {logging_mixin.py:151} INFO - [2024-08-08T22:18:51.126+0400] {dagbag.py:539} INFO - Filling up the DagBag from /home/eduardo/airflow_venv/lib/python3.10/site-packages/airflow/example_dags/tutorial.py
[2024-08-08T22:18:51.136+0400] {processor.py:839} INFO - DAG(s) dict_keys(['tutorial']) retrieved from /home/eduardo/airflow_venv/lib/python3.10/site-packages/airflow/example_dags/tutorial.py
[2024-08-08T22:18:51.154+0400] {logging_mixin.py:151} INFO - [2024-08-08T22:18:51.154+0400] {dag.py:2915} INFO - Sync 1 DAGs
[2024-08-08T22:18:51.180+0400] {logging_mixin.py:151} INFO - [2024-08-08T22:18:51.180+0400] {dag.py:3696} INFO - Setting next_dagrun for tutorial to 2024-08-07T18:18:51.180307+00:00, run_after=2024-08-08T18:18:51.180307+00:00
[2024-08-08T22:18:51.213+0400] {processor.py:179} INFO - Processing /home/eduardo/airflow_venv/lib/python3.10/site-packages/airflow/example_dags/tutorial.py took 0.095 seconds
[2024-08-08T22:19:28.143+0400] {processor.py:157} INFO - Started process (PID=14994) to work on /home/eduardo/airflow_venv/lib/python3.10/site-packages/airflow/example_dags/tutorial.py
[2024-08-08T22:19:28.146+0400] {processor.py:829} INFO - Processing file /home/eduardo/airflow_venv/lib/python3.10/site-packages/airflow/example_dags/tutorial.py for tasks to queue
[2024-08-08T22:19:28.148+0400] {logging_mixin.py:151} INFO - [2024-08-08T22:19:28.147+0400] {dagbag.py:539} INFO - Filling up the DagBag from /home/eduardo/airflow_venv/lib/python3.10/site-packages/airflow/example_dags/tutorial.py
[2024-08-08T22:19:28.160+0400] {processor.py:839} INFO - DAG(s) dict_keys(['tutorial']) retrieved from /home/eduardo/airflow_venv/lib/python3.10/site-packages/airflow/example_dags/tutorial.py
[2024-08-08T22:19:28.189+0400] {logging_mixin.py:151} INFO - [2024-08-08T22:19:28.188+0400] {dag.py:2915} INFO - Sync 1 DAGs
[2024-08-08T22:19:28.222+0400] {logging_mixin.py:151} INFO - [2024-08-08T22:19:28.221+0400] {dag.py:3696} INFO - Setting next_dagrun for tutorial to 2024-08-07T18:19:28.221458+00:00, run_after=2024-08-08T18:19:28.221458+00:00
[2024-08-08T22:19:28.271+0400] {processor.py:179} INFO - Processing /home/eduardo/airflow_venv/lib/python3.10/site-packages/airflow/example_dags/tutorial.py took 0.132 seconds
[2024-08-08T22:20:17.186+0400] {processor.py:157} INFO - Started process (PID=15404) to work on /home/eduardo/airflow_venv/lib/python3.10/site-packages/airflow/example_dags/tutorial.py
[2024-08-08T22:20:17.189+0400] {processor.py:829} INFO - Processing file /home/eduardo/airflow_venv/lib/python3.10/site-packages/airflow/example_dags/tutorial.py for tasks to queue
[2024-08-08T22:20:17.190+0400] {logging_mixin.py:151} INFO - [2024-08-08T22:20:17.189+0400] {dagbag.py:539} INFO - Filling up the DagBag from /home/eduardo/airflow_venv/lib/python3.10/site-packages/airflow/example_dags/tutorial.py
[2024-08-08T22:20:17.197+0400] {processor.py:839} INFO - DAG(s) dict_keys(['tutorial']) retrieved from /home/eduardo/airflow_venv/lib/python3.10/site-packages/airflow/example_dags/tutorial.py
[2024-08-08T22:20:17.209+0400] {logging_mixin.py:151} INFO - [2024-08-08T22:20:17.209+0400] {dag.py:2915} INFO - Sync 1 DAGs
[2024-08-08T22:20:17.224+0400] {logging_mixin.py:151} INFO - [2024-08-08T22:20:17.224+0400] {dag.py:3696} INFO - Setting next_dagrun for tutorial to 2024-08-07T18:20:17.224365+00:00, run_after=2024-08-08T18:20:17.224365+00:00
[2024-08-08T22:20:17.254+0400] {processor.py:179} INFO - Processing /home/eduardo/airflow_venv/lib/python3.10/site-packages/airflow/example_dags/tutorial.py took 0.072 seconds
[2024-08-08T22:21:04.012+0400] {processor.py:157} INFO - Started process (PID=15822) to work on /home/eduardo/airflow_venv/lib/python3.10/site-packages/airflow/example_dags/tutorial.py
[2024-08-08T22:21:04.015+0400] {processor.py:829} INFO - Processing file /home/eduardo/airflow_venv/lib/python3.10/site-packages/airflow/example_dags/tutorial.py for tasks to queue
[2024-08-08T22:21:04.016+0400] {logging_mixin.py:151} INFO - [2024-08-08T22:21:04.016+0400] {dagbag.py:539} INFO - Filling up the DagBag from /home/eduardo/airflow_venv/lib/python3.10/site-packages/airflow/example_dags/tutorial.py
[2024-08-08T22:21:04.023+0400] {processor.py:839} INFO - DAG(s) dict_keys(['tutorial']) retrieved from /home/eduardo/airflow_venv/lib/python3.10/site-packages/airflow/example_dags/tutorial.py
[2024-08-08T22:21:04.037+0400] {logging_mixin.py:151} INFO - [2024-08-08T22:21:04.036+0400] {dag.py:2915} INFO - Sync 1 DAGs
[2024-08-08T22:21:04.053+0400] {logging_mixin.py:151} INFO - [2024-08-08T22:21:04.053+0400] {dag.py:3696} INFO - Setting next_dagrun for tutorial to 2024-08-07T18:21:04.052849+00:00, run_after=2024-08-08T18:21:04.052849+00:00
[2024-08-08T22:21:04.080+0400] {processor.py:179} INFO - Processing /home/eduardo/airflow_venv/lib/python3.10/site-packages/airflow/example_dags/tutorial.py took 0.070 seconds
[2024-08-08T22:21:40.538+0400] {processor.py:157} INFO - Started process (PID=16173) to work on /home/eduardo/airflow_venv/lib/python3.10/site-packages/airflow/example_dags/tutorial.py
[2024-08-08T22:21:40.541+0400] {processor.py:829} INFO - Processing file /home/eduardo/airflow_venv/lib/python3.10/site-packages/airflow/example_dags/tutorial.py for tasks to queue
[2024-08-08T22:21:40.542+0400] {logging_mixin.py:151} INFO - [2024-08-08T22:21:40.542+0400] {dagbag.py:539} INFO - Filling up the DagBag from /home/eduardo/airflow_venv/lib/python3.10/site-packages/airflow/example_dags/tutorial.py
[2024-08-08T22:21:40.549+0400] {processor.py:839} INFO - DAG(s) dict_keys(['tutorial']) retrieved from /home/eduardo/airflow_venv/lib/python3.10/site-packages/airflow/example_dags/tutorial.py
[2024-08-08T22:21:40.563+0400] {logging_mixin.py:151} INFO - [2024-08-08T22:21:40.563+0400] {dag.py:2915} INFO - Sync 1 DAGs
[2024-08-08T22:21:40.578+0400] {logging_mixin.py:151} INFO - [2024-08-08T22:21:40.578+0400] {dag.py:3696} INFO - Setting next_dagrun for tutorial to 2024-08-07T18:21:40.578322+00:00, run_after=2024-08-08T18:21:40.578322+00:00
[2024-08-08T22:21:40.611+0400] {processor.py:179} INFO - Processing /home/eduardo/airflow_venv/lib/python3.10/site-packages/airflow/example_dags/tutorial.py took 0.078 seconds
[2024-08-08T22:22:14.810+0400] {processor.py:157} INFO - Started process (PID=16437) to work on /home/eduardo/airflow_venv/lib/python3.10/site-packages/airflow/example_dags/tutorial.py
[2024-08-08T22:22:14.813+0400] {processor.py:829} INFO - Processing file /home/eduardo/airflow_venv/lib/python3.10/site-packages/airflow/example_dags/tutorial.py for tasks to queue
[2024-08-08T22:22:14.813+0400] {logging_mixin.py:151} INFO - [2024-08-08T22:22:14.813+0400] {dagbag.py:539} INFO - Filling up the DagBag from /home/eduardo/airflow_venv/lib/python3.10/site-packages/airflow/example_dags/tutorial.py
[2024-08-08T22:22:14.820+0400] {processor.py:839} INFO - DAG(s) dict_keys(['tutorial']) retrieved from /home/eduardo/airflow_venv/lib/python3.10/site-packages/airflow/example_dags/tutorial.py
[2024-08-08T22:22:14.841+0400] {logging_mixin.py:151} INFO - [2024-08-08T22:22:14.841+0400] {dag.py:2915} INFO - Sync 1 DAGs
[2024-08-08T22:22:14.861+0400] {logging_mixin.py:151} INFO - [2024-08-08T22:22:14.861+0400] {dag.py:3696} INFO - Setting next_dagrun for tutorial to 2024-08-07T18:22:14.861220+00:00, run_after=2024-08-08T18:22:14.861220+00:00
[2024-08-08T22:22:14.896+0400] {processor.py:179} INFO - Processing /home/eduardo/airflow_venv/lib/python3.10/site-packages/airflow/example_dags/tutorial.py took 0.089 seconds
[2024-08-08T22:22:48.906+0400] {processor.py:157} INFO - Started process (PID=16702) to work on /home/eduardo/airflow_venv/lib/python3.10/site-packages/airflow/example_dags/tutorial.py
[2024-08-08T22:22:48.909+0400] {processor.py:829} INFO - Processing file /home/eduardo/airflow_venv/lib/python3.10/site-packages/airflow/example_dags/tutorial.py for tasks to queue
[2024-08-08T22:22:48.910+0400] {logging_mixin.py:151} INFO - [2024-08-08T22:22:48.909+0400] {dagbag.py:539} INFO - Filling up the DagBag from /home/eduardo/airflow_venv/lib/python3.10/site-packages/airflow/example_dags/tutorial.py
[2024-08-08T22:22:48.916+0400] {processor.py:839} INFO - DAG(s) dict_keys(['tutorial']) retrieved from /home/eduardo/airflow_venv/lib/python3.10/site-packages/airflow/example_dags/tutorial.py
[2024-08-08T22:22:48.931+0400] {logging_mixin.py:151} INFO - [2024-08-08T22:22:48.931+0400] {dag.py:2915} INFO - Sync 1 DAGs
[2024-08-08T22:22:48.954+0400] {logging_mixin.py:151} INFO - [2024-08-08T22:22:48.954+0400] {dag.py:3696} INFO - Setting next_dagrun for tutorial to 2024-08-07T18:22:48.954368+00:00, run_after=2024-08-08T18:22:48.954368+00:00
[2024-08-08T22:22:48.983+0400] {processor.py:179} INFO - Processing /home/eduardo/airflow_venv/lib/python3.10/site-packages/airflow/example_dags/tutorial.py took 0.080 seconds
[2024-08-08T22:23:23.602+0400] {processor.py:157} INFO - Started process (PID=17036) to work on /home/eduardo/airflow_venv/lib/python3.10/site-packages/airflow/example_dags/tutorial.py
[2024-08-08T22:23:23.605+0400] {processor.py:829} INFO - Processing file /home/eduardo/airflow_venv/lib/python3.10/site-packages/airflow/example_dags/tutorial.py for tasks to queue
[2024-08-08T22:23:23.606+0400] {logging_mixin.py:151} INFO - [2024-08-08T22:23:23.606+0400] {dagbag.py:539} INFO - Filling up the DagBag from /home/eduardo/airflow_venv/lib/python3.10/site-packages/airflow/example_dags/tutorial.py
[2024-08-08T22:23:23.617+0400] {processor.py:839} INFO - DAG(s) dict_keys(['tutorial']) retrieved from /home/eduardo/airflow_venv/lib/python3.10/site-packages/airflow/example_dags/tutorial.py
[2024-08-08T22:23:23.637+0400] {logging_mixin.py:151} INFO - [2024-08-08T22:23:23.637+0400] {dag.py:2915} INFO - Sync 1 DAGs
[2024-08-08T22:23:23.656+0400] {logging_mixin.py:151} INFO - [2024-08-08T22:23:23.656+0400] {dag.py:3696} INFO - Setting next_dagrun for tutorial to 2024-08-07T18:23:23.656185+00:00, run_after=2024-08-08T18:23:23.656185+00:00
[2024-08-08T22:23:23.690+0400] {processor.py:179} INFO - Processing /home/eduardo/airflow_venv/lib/python3.10/site-packages/airflow/example_dags/tutorial.py took 0.092 seconds
